1	0.6500000000
2	0.7346938776
3	0.7400000000
4	0.7777777778
5	0.7142857143
6	0.6900000000
7	0.7070707071
8	0.7142857143
9	0.6900000000
10	0.6800000000
11	0.7000000000
12	0.7600000000
13	1.0000000000
14	1.0000000000
15	1.0000000000
16	1.0000000000
17	1.0000000000
18	1.0000000000
19	1.0000000000
20	1.0000000000
21	1.0000000000
22	1.0000000000
23	1.0000000000
24	1.0000000000
25	1.0000000000
26	1.0000000000
27	1.0000000000
28	1.0000000000
29	1.0000000000
30	1.0000000000
31	1.0000000000
32	1.0000000000
33	1.0000000000
34	1.0000000000
35	1.0000000000
36	1.0000000000
37	1.0000000000
38	1.0000000000
39	1.0000000000
40	1.0000000000
41	1.0000000000
42	1.0000000000
43	1.0000000000
44	1.0000000000
45	1.0000000000
46	1.0000000000
47	1.0000000000
48	1.0000000000
49	1.0000000000
50	1.0000000000
51	1.0000000000
52	1.0000000000
53	1.0000000000
54	1.0000000000
55	1.0000000000
56	1.0000000000
57	1.0000000000
58	1.0000000000
59	1.0000000000
60	1.0000000000
61	1.0000000000
62	1.0000000000
63	1.0000000000
64	1.0000000000
65	1.0000000000
66	1.0000000000
67	1.0000000000
68	1.0000000000
69	1.0000000000
70	1.0000000000
71	1.0000000000
72	1.0000000000
73	1.0000000000
74	1.0000000000
75	1.0000000000
76	1.0000000000
77	1.0000000000
78	1.0000000000
79	1.0000000000
80	1.0000000000
81	1.0000000000
82	1.0000000000
83	1.0000000000
84	1.0000000000
85	0.9895833333
86	0.9896907216
87	0.9690721649
88	0.9690721649
89	0.9693877551
90	0.9797979798
91	0.9693877551
92	0.9479166667
93	0.9578947368
94	0.9687500000
95	0.9680851064
96	0.9484536082
97	0.9400000000
98	0.9191919192
99	0.9090909091
100	0.8787878788
