1	3.0220509824
2	3.0532786279
3	3.2427679770
4	3.4167003699
5	3.5596776072
6	3.8486605156
7	3.9444425415
8	4.0637965395
9	4.1303843684
10	4.2492569211
11	4.3401304728
12	4.4218506145
13	4.6398451691
14	4.7151461924
15	4.8502409619
16	4.9298146530
17	5.0181044380
18	5.0781978551
19	5.1184398429
20	5.1958995522
21	5.2760107505
22	5.3282306918
23	5.3710703985
24	5.4223212599
25	5.5253497760
26	5.5397105974
27	5.5834672893
28	5.6194470653
29	5.6656626106
30	5.7087015390
31	5.7406419383
32	5.7545788716
33	5.7810724449
34	5.8192499067
35	5.8486390021
36	5.8840090676
37	5.8914881099
38	5.9091086029
39	5.9364307146
40	5.9425563457
41	5.9604163862
42	5.9717733931
43	6.0106281590
44	6.0241172386
45	6.0340665849
46	6.0406408594
47	6.0475625292
48	6.0536829583
49	6.0760008839
50	6.0960158857
51	6.1191847831
52	6.1259593459
53	6.1335943235
54	6.1389393250
55	6.1512598545
56	6.1704590292
57	6.1757312954
58	6.1782860797
59	6.1831624592
60	6.1879842859
61	6.2003410807
62	6.2048294163
63	6.2158870237
64	6.2175879149
65	6.2211621332
66	6.2273311507
67	6.2313703126
68	6.2367369225
69	6.2483105456
70	6.2496970736
71	6.2566675606
72	6.2583595220
73	6.2633317689
74	6.2659730418
75	6.2684015241
76	6.2701642654
77	6.2726933391
78	6.2779421070
79	6.2797950897
80	6.2850663738
81	6.2885776239
82	6.2892306927
83	6.2943623184
84	6.2968575130
85	6.2983885873
86	6.3038657787
87	6.3073002833
88	6.3098019902
89	6.3137989894
90	6.3162246150
91	6.3181296337
92	6.3211490559
93	6.3222365150
94	6.3236009865
95	6.3264331642
96	6.3279302554
97	6.3282498404
98	6.3285323405
99	6.3334728193
100	6.3366325734
