1	2.9048569261
2	3.2553418567
3	3.4865819180
4	3.5558224967
5	3.6905629051
6	3.9450716277
7	4.0451416246
8	4.1747737674
9	4.2833117908
10	4.4355506292
11	4.5535045046
12	4.7008347907
13	4.9140303472
14	5.0473477123
15	5.1253589060
16	5.2220928431
17	5.2885343434
18	5.3241009828
19	5.4045954930
20	5.4592797154
21	5.5112612027
22	5.5512784205
23	5.5896315917
24	5.6236313521
25	5.7231094491
26	5.7797585887
27	5.8226334036
28	5.8528785183
29	5.8899417297
30	5.8888467420
31	5.9400124181
32	6.0127961780
33	6.0457190081
34	6.0699195431
35	6.1028021669
36	6.1202635038
37	6.1628139436
38	6.1847391478
39	6.1945174306
40	6.1995196104
41	6.2089078063
42	6.2198053559
43	6.2236956761
44	6.2280784529
45	6.2379186495
46	6.2429327057
47	6.2456480366
48	6.2548954257
49	6.2581275400
50	6.2813825846
51	6.2872935509
52	6.2980796918
53	6.2988123278
54	6.3047316962
55	6.3069670133
56	6.3111333333
57	6.3198028831
58	6.3218625718
59	6.3289615386
60	6.3330907470
61	6.3345998582
62	6.3357279790
63	6.3378026928
64	6.3389479186
65	6.3402917496
66	6.3416418308
67	6.3425869364
68	6.3431472509
69	6.3449633638
70	6.3458525183
71	6.3465103051
72	6.3468783249
73	6.3474067212
74	6.3482255938
75	6.3497122573
76	6.3505298959
77	6.3513809642
78	6.3519676173
79	6.3533899909
80	6.3549264701
81	6.3546555902
82	6.3561752427
83	6.3564791929
84	6.3566379635
85	6.3568392230
86	6.3570492890
87	6.3584620282
88	6.3592469875
89	6.3604595784
90	6.3617195893
91	6.3623650896
92	6.3626035793
93	6.3632755169
94	6.3634439202
95	6.3636310714
96	6.3637205537
97	6.3640961226
98	6.3644239978
99	6.3644936088
100	6.3647273101
