1	3.1632185729
2	3.2478140769
3	3.4440081467
4	3.5032682219
5	3.7729424590
6	3.8464989064
7	4.0312214887
8	4.1575097846
9	4.2328506589
10	4.3529641683
11	4.5066739407
12	4.6155832555
13	4.6981674205
14	4.7560581896
15	4.9105673647
16	4.9897746524
17	5.0917047843
18	5.1635061274
19	5.2658327315
20	5.3344662731
21	5.3930321245
22	5.4815327117
23	5.5046240037
24	5.5267413272
25	5.5578858889
26	5.6012162243
27	5.6791766130
28	5.6898281306
29	5.7109099833
30	5.7481827703
31	5.7674554417
32	5.7783570282
33	5.7920849040
34	5.8091419611
35	5.8266373387
36	5.8576136761
37	5.8865685102
38	5.9026103691
39	5.9105103839
40	5.9242459290
41	5.9534779031
42	5.9744115818
43	5.9810155599
44	5.9951689980
45	6.0184323177
46	6.0440676483
47	6.0554930111
48	6.0645289401
49	6.0715018389
50	6.0779420616
51	6.0887491636
52	6.0986948703
53	6.1075669736
54	6.1150152114
55	6.1237552141
56	6.1323954662
57	6.1390114825
58	6.1563424797
59	6.1723377028
60	6.1795510068
61	6.1811368728
62	6.1860602863
63	6.1889888392
64	6.1975847084
65	6.2034987324
66	6.2117978114
67	6.2177816253
68	6.2249650538
69	6.2284993892
70	6.2311306930
71	6.2325493370
72	6.2356332679
73	6.2408333622
74	6.2451605619
75	6.2502480957
76	6.2529717704
77	6.2597786900
78	6.2696213561
79	6.2738199412
80	6.2782311378
81	6.2805195371
82	6.2814271242
83	6.2839858369
84	6.2863317533
85	6.2881034516
86	6.2892966420
87	6.2943889379
88	6.2960379596
89	6.3021065897
90	6.3034623314
91	6.3040004908
92	6.3044709728
93	6.3050392011
94	6.3060402772
95	6.3069259474
96	6.3090649847
97	6.3122571951
98	6.3146296455
99	6.3181161083
100	6.3185923249
