1	3.1614053876
2	3.2967288079
3	3.4738327715
4	3.5782794640
5	3.7575608906
6	3.8892175955
7	3.9666557180
8	4.0571557626
9	4.1489627364
10	4.3225238537
11	4.4205124926
12	4.5595265189
13	4.6233054195
14	4.8014731220
15	4.8389834108
16	4.9243984073
17	5.0034299581
18	5.0506847373
19	5.0771738357
20	5.1372490184
21	5.1727568807
22	5.2485241898
23	5.2951604270
24	5.3281747361
25	5.3766769657
26	5.4065896465
27	5.4649542975
28	5.5523076232
29	5.5873867534
30	5.6103498326
31	5.6411021413
32	5.6822557352
33	5.6984243514
34	5.7389582028
35	5.7526305989
36	5.7638481779
37	5.7779847695
38	5.8011601293
39	5.8108723186
40	5.8523559525
41	5.8849308656
42	5.8920046272
43	5.9072993878
44	5.9152815936
45	5.9200482509
46	5.9305138444
47	5.9401580098
48	5.9550475285
49	5.9633034113
50	5.9797173206
51	5.9873278270
52	6.0030392862
53	6.0192511295
54	6.0220510208
55	6.0347839718
56	6.0484984919
57	6.0562869636
58	6.0633919353
59	6.0666517339
60	6.0852489768
61	6.0904639039
62	6.1217391727
63	6.1264909769
64	6.1341599747
65	6.1417461556
66	6.1444661849
67	6.1542628233
68	6.1614341960
69	6.1649738241
70	6.1818482366
71	6.1839689506
72	6.1882486427
73	6.1944957444
74	6.2019212790
75	6.2048083489
76	6.2109135976
77	6.2171159136
78	6.2225392717
79	6.2312044020
80	6.2339388219
81	6.2443360097
82	6.2470354796
83	6.2537633631
84	6.2572786843
85	6.2623680474
86	6.2727916225
87	6.2801982441
88	6.2854921172
89	6.2914541782
90	6.2975017046
91	6.3018767352
92	6.3025616754
93	6.3068436036
94	6.3152462543
95	6.3163010122
96	6.3187292625
97	6.3208274370
98	6.3214869893
99	6.3236548712
100	6.3242902031
