1	2.9460776417
2	3.2013018873
3	3.4584970377
4	3.7377585236
5	3.9499727825
6	4.1178084806
7	4.3358319719
8	4.4559872714
9	4.6076600156
10	4.7339576060
11	4.8025187857
12	4.8943969990
13	4.9647358805
14	5.0891256001
15	5.1877795348
16	5.2529147620
17	5.2981938417
18	5.3310360405
19	5.4144208308
20	5.5467273417
21	5.6602528081
22	5.7154344773
23	5.7585083932
24	5.8934066024
25	5.9352695304
26	5.9837855893
27	6.0318954393
28	6.0548041409
29	6.0791011034
30	6.1172536245
31	6.1321441454
32	6.1532005225
33	6.1715411819
34	6.1824627135
35	6.2023896886
36	6.2123530193
37	6.2309255734
38	6.2501310263
39	6.2646470965
40	6.2657413964
41	6.2689265722
42	6.2730796683
43	6.2815251671
44	6.2859288327
45	6.2941550468
46	6.2993991846
47	6.3064119022
48	6.3102632052
49	6.3168701916
50	6.3187896066
51	6.3189572807
52	6.3211311151
53	6.3250586191
54	6.3300243011
55	6.3352172500
56	6.3387857121
57	6.3420829067
58	6.3424786886
59	6.3429348674
60	6.3433790060
61	6.3491155534
62	6.3497235509
63	6.3517726519
64	6.3523165436
65	6.3532688752
66	6.3537613573
67	6.3547838343
68	6.3559238331
69	6.3563131138
70	6.3565886524
71	6.3573197509
72	6.3600199639
73	6.3603389119
74	6.3610942643
75	6.3611614812
76	6.3617805835
77	6.3651534894
78	6.3657502226
79	6.3659704434
80	6.3660907757
81	6.3667243960
82	6.3669472309
83	6.3671944940
84	6.3674152762
85	6.3683920257
86	6.3685837479
87	6.3689338056
88	6.3691777300
89	6.3697058881
90	6.3701563079
91	6.3701712148
92	6.3703108612
93	6.3705312729
94	6.3705836884
95	6.3706528832
96	6.3709554925
97	6.3710042007
98	6.3713071958
99	6.3715416128
100	6.3715875121
