1	0.1007051253
2	0.0709037349
3	0.0559132352
4	0.0541564115
5	0.0425852080
6	0.0353242979
7	0.0729640761
8	0.0383512869
9	0.0702340490
10	0.0577171246
11	0.0536512476
12	0.0655354851
13	0.0680617542
14	0.1001415683
15	0.0422281361
16	0.0561211953
17	0.0572011454
18	0.0443606584
19	0.0344499383
20	0.0377235347
21	0.0268136227
22	0.0206468430
23	0.0317771254
24	0.0493663935
25	0.0369753684
26	0.0400879627
27	0.0270710987
28	0.0195611045
29	0.0312674533
30	0.0233710984
31	0.0340715360
32	0.0203187925
33	0.0214920149
34	0.0236065384
35	0.0217721263
36	0.0195613305
37	0.0217636485
38	0.0220490702
39	0.0190284035
40	0.0244002246
41	0.0145748099
42	0.0227177191
43	0.0243844957
44	0.0280071259
45	0.0279130853
46	0.0273024679
47	0.0274495663
48	0.0271152627
49	0.0212569377
50	0.0159104594
51	0.0172805821
52	0.0159310784
53	0.0149172014
54	0.0128454561
55	0.0136134632
56	0.0135943450
57	0.0151913989
58	0.0158914352
59	0.0169917623
60	0.0163504475
61	0.0166674489
62	0.0151288529
63	0.0153567857
64	0.0148401732
65	0.0150659905
66	0.0140744371
67	0.0143524637
68	0.0137828053
69	0.0162812481
70	0.0160916454
71	0.0158261801
72	0.0160224117
73	0.0170114620
74	0.0171035146
75	0.0177667913
76	0.0161913714
77	0.0159652400
78	0.0156679593
79	0.0151792217
80	0.0151149270
81	0.0160878622
82	0.0155356622
83	0.0163289774
84	0.0158043266
85	0.0151565556
86	0.0151377211
87	0.0148056489
88	0.0144242824
89	0.0145356915
90	0.0144736656
91	0.0143060458
92	0.0145494063
93	0.0147760595
94	0.0144139862
95	0.0144897915
96	0.0149790563
97	0.0150652118
98	0.0152637297
99	0.0153282711
100	0.0151243541
