1	0.0536361957
2	0.0520571539
3	0.0974389157
4	0.0698165769
5	0.0716259621
6	0.0680964198
7	0.0742907084
8	0.0410931022
9	0.0396141842
10	0.0608298966
11	0.0668155641
12	0.0620140016
13	0.0485060033
14	0.0672847737
15	0.0734933299
16	0.0612767143
17	0.0267288528
18	0.0499118633
19	0.0553554688
20	0.0422627442
21	0.0357687221
22	0.0290443646
23	0.0306501670
24	0.0460629366
25	0.0218692833
26	0.0295621294
27	0.0234337600
28	0.0262110067
29	0.0192017645
30	0.0425539560
31	0.0360498775
32	0.0337708789
33	0.0347862852
34	0.0314458950
35	0.0332501239
36	0.0374630814
37	0.0289093740
38	0.0228747274
39	0.0230930745
40	0.0185046929
41	0.0198345564
42	0.0195725749
43	0.0197959909
44	0.0190953762
45	0.0204349432
46	0.0195919341
47	0.0204618924
48	0.0189954899
49	0.0219139054
50	0.0183167425
51	0.0174940438
52	0.0125225308
53	0.0136759981
54	0.0134223944
55	0.0153881178
56	0.0156952778
57	0.0163636475
58	0.0161480357
59	0.0166160595
60	0.0158324988
61	0.0164467312
62	0.0156994018
63	0.0168669172
64	0.0159388610
65	0.0160869719
66	0.0153310310
67	0.0154574018
68	0.0158800271
69	0.0153883150
70	0.0148472446
71	0.0158957898
72	0.0154973855
73	0.0166127597
74	0.0166512653
75	0.0161811416
76	0.0161664827
77	0.0157851884
78	0.0160230953
79	0.0160274632
80	0.0154008546
81	0.0149634069
82	0.0153582062
83	0.0152313024
84	0.0153924180
85	0.0156946420
86	0.0148253429
87	0.0152018037
88	0.0152435839
89	0.0152160251
90	0.0153118943
91	0.0152179050
92	0.0154594805
93	0.0152448668
94	0.0151663436
95	0.0140114923
96	0.0140836157
97	0.0142445124
98	0.0143360459
99	0.0140492705
100	0.0152819235
