1	0.5000000000
2	0.1724137931
3	0.2142857143
4	0.0000000000
5	0.0000000000
6	0.0000000000
7	0.0666666667
8	0.1428571429
9	0.0000000000
10	0.0000000000
11	0.0000000000
12	0.0000000000
13	0.0000000000
14	0.0400000000
15	0.0000000000
16	0.1333333333
17	0.2000000000
18	0.1666666667
19	0.1923076923
20	0.0606060606
21	0.2000000000
22	0.1200000000
23	0.0000000000
24	0.0000000000
25	0.0000000000
26	0.0000000000
27	0.0000000000
28	0.0000000000
29	0.0000000000
30	0.0000000000
31	0.0000000000
32	0.0000000000
33	0.0000000000
34	0.0000000000
35	0.0000000000
36	0.0000000000
37	0.0000000000
38	0.0000000000
39	0.0000000000
40	0.0000000000
