1	0.1156121340
2	0.1045648845
3	0.0753292215
4	0.0985037185
5	0.0738615725
6	0.0537640563
7	0.0499269603
8	0.0387664285
9	0.0410857016
10	0.0667327596
11	0.0370960620
12	0.0559635246
13	0.0570626867
14	0.0273295382
15	0.0336435194
16	0.0267718839
17	0.0297337644
18	0.0335058403
19	0.0351522903
20	0.0335066433
21	0.0495499200
22	0.0452627849
23	0.0467642644
24	0.0427330537
25	0.0472696917
26	0.0500477120
27	0.0341992561
28	0.0412671078
29	0.0422760449
30	0.0434076993
31	0.0414483647
32	0.0397495939
33	0.0327608415
34	0.0296392303
35	0.0186101254
36	0.0211705897
37	0.0187814824
38	0.0170446287
39	0.0176585098
40	0.0227266951
