1	0.0454545455
2	0.0000000000
3	0.0000000000
4	0.2500000000
5	0.2500000000
6	0.3548387097
7	0.3000000000
8	0.3000000000
9	0.2051282051
10	0.2195121951
11	0.2954545455
12	0.3125000000
13	0.2826086957
14	0.2777777778
15	0.2452830189
16	0.1568627451
17	0.1400000000
18	0.1851851852
19	0.2033898305
20	0.2631578947
21	0.2142857143
22	0.1636363636
23	0.1818181818
24	0.1639344262
25	0.1803278689
26	0.1785714286
27	0.1228070175
28	0.0862068966
29	0.0983606557
30	0.0923076923
31	0.0967741935
32	0.0666666667
33	0.0468750000
34	0.0468750000
35	0.0735294118
36	0.0869565217
37	0.0857142857
38	0.0441176471
39	0.0746268657
40	0.0588235294
41	0.0714285714
42	0.1126760563
43	0.1267605634
44	0.1267605634
45	0.1111111111
46	0.0845070423
47	0.0769230769
48	0.1052631579
49	0.1066666667
50	0.1081081081
51	0.1388888889
52	0.1232876712
53	0.1184210526
54	0.1506849315
55	0.1486486486
56	0.1466666667
57	0.1282051282
58	0.1392405063
59	0.1184210526
60	0.1095890411
61	0.1200000000
62	0.1315789474
63	0.1184210526
64	0.1428571429
65	0.1052631579
66	0.1184210526
67	0.1282051282
68	0.1315789474
69	0.1333333333
70	0.1447368421
71	0.1428571429
72	0.1315789474
73	0.1298701299
74	0.1315789474
75	0.1052631579
76	0.1052631579
77	0.1153846154
78	0.1153846154
79	0.1184210526
80	0.1298701299
81	0.1315789474
82	0.1298701299
83	0.1282051282
84	0.1139240506
85	0.1250000000
86	0.1282051282
87	0.1282051282
88	0.1012658228
89	0.1012658228
90	0.1250000000
91	0.1375000000
92	0.1139240506
93	0.1111111111
94	0.1219512195
95	0.1012658228
96	0.0875000000
97	0.0617283951
98	0.0609756098
99	0.0625000000
100	0.0500000000
