1	0.2105263158
2	0.1071428571
3	0.2941176471
4	0.1666666667
5	0.0344827586
6	0.0857142857
7	0.1250000000
8	0.0512820513
9	0.0000000000
10	0.0476190476
11	0.0789473684
12	0.0487804878
13	0.0816326531
14	0.0980392157
15	0.0892857143
16	0.0517241379
17	0.0172413793
18	0.0476190476
19	0.0769230769
20	0.0757575758
21	0.1029411765
22	0.1343283582
23	0.1470588235
24	0.1176470588
25	0.1304347826
26	0.1343283582
27	0.1363636364
28	0.1194029851
29	0.1060606061
30	0.0757575758
31	0.1449275362
32	0.1250000000
33	0.0972222222
34	0.0985915493
35	0.1142857143
36	0.1142857143
37	0.1594202899
38	0.1641791045
39	0.1884057971
40	0.1971830986
41	0.2285714286
42	0.2297297297
43	0.2432432432
44	0.2702702703
45	0.2432432432
46	0.2222222222
47	0.1971830986
48	0.1971830986
49	0.1971830986
50	0.1971830986
51	0.1830985915
52	0.1944444444
53	0.1780821918
54	0.1666666667
55	0.1643835616
56	0.1756756757
57	0.1549295775
58	0.1666666667
59	0.1506849315
60	0.1917808219
61	0.1756756757
62	0.1866666667
63	0.1600000000
64	0.1733333333
65	0.1818181818
66	0.1578947368
67	0.1466666667
68	0.1447368421
69	0.1558441558
70	0.1688311688
71	0.1600000000
72	0.1333333333
73	0.1315789474
74	0.1168831169
75	0.0933333333
76	0.1081081081
77	0.0933333333
78	0.1066666667
79	0.1052631579
80	0.1038961039
81	0.0810810811
82	0.0821917808
83	0.0800000000
84	0.0921052632
85	0.1153846154
86	0.0897435897
87	0.1139240506
88	0.1012658228
89	0.1025641026
90	0.1139240506
91	0.1463414634
92	0.1481481481
93	0.1358024691
94	0.1463414634
95	0.1125000000
96	0.1375000000
97	0.1219512195
98	0.1084337349
99	0.1084337349
100	0.1084337349
