1	0.0000000000
2	0.3333333333
3	0.1764705882
4	0.0869565217
5	0.1538461538
6	0.2333333333
7	0.1785714286
8	0.1562500000
9	0.1666666667
10	0.1052631579
11	0.1555555556
12	0.2000000000
13	0.1428571429
14	0.2000000000
15	0.1694915254
16	0.1774193548
17	0.1746031746
18	0.0862068966
19	0.0819672131
20	0.0491803279
21	0.0317460317
22	0.0909090909
23	0.0704225352
24	0.0958904110
25	0.1111111111
26	0.1315789474
27	0.1358024691
28	0.1898734177
29	0.1923076923
30	0.1851851852
31	0.2073170732
32	0.2289156627
33	0.1927710843
34	0.1829268293
35	0.1829268293
36	0.1728395062
37	0.1518987342
38	0.1265822785
39	0.1025641026
40	0.1168831169
41	0.1139240506
42	0.1250000000
43	0.1250000000
44	0.1265822785
45	0.1250000000
46	0.1139240506
47	0.1025641026
48	0.0909090909
49	0.0909090909
50	0.1000000000
51	0.1012658228
52	0.0875000000
53	0.0886075949
54	0.0875000000
55	0.0875000000
56	0.0609756098
57	0.0759493671
58	0.0740740741
59	0.0975609756
60	0.0975609756
61	0.0941176471
62	0.0595238095
63	0.0602409639
64	0.0722891566
65	0.0843373494
66	0.0963855422
67	0.0941176471
68	0.0813953488
69	0.0697674419
70	0.0689655172
71	0.0919540230
72	0.1034482759
73	0.0930232558
74	0.1058823529
75	0.1058823529
76	0.0843373494
77	0.0833333333
78	0.0952380952
79	0.0813953488
80	0.0813953488
81	0.0930232558
82	0.0930232558
83	0.1058823529
84	0.1058823529
85	0.1190476190
86	0.1176470588
87	0.0823529412
88	0.0941176471
89	0.0952380952
90	0.1084337349
91	0.1084337349
92	0.1084337349
93	0.1084337349
94	0.1084337349
95	0.0963855422
96	0.0963855422
97	0.0963855422
98	0.0952380952
99	0.1084337349
100	0.0853658537
