1	0.4705882353
2	0.3684210526
3	0.3125000000
4	0.0454545455
5	0.2222222222
6	0.1333333333
7	0.2258064516
8	0.2352941176
9	0.1621621622
10	0.1818181818
11	0.1914893617
12	0.1458333333
13	0.0833333333
14	0.1346153846
15	0.1481481481
16	0.1666666667
17	0.2500000000
18	0.1612903226
19	0.1846153846
20	0.1774193548
21	0.1833333333
22	0.2096774194
23	0.2121212121
24	0.1714285714
25	0.2000000000
26	0.1641791045
27	0.1194029851
28	0.1194029851
29	0.1176470588
30	0.0985915493
31	0.1285714286
32	0.1428571429
33	0.1250000000
34	0.1428571429
35	0.1486486486
36	0.1351351351
37	0.1095890411
38	0.1250000000
39	0.1333333333
40	0.1298701299
41	0.0810810811
42	0.0675675676
43	0.0547945205
44	0.0547945205
45	0.0555555556
46	0.0810810811
47	0.0666666667
48	0.0810810811
49	0.0909090909
50	0.0921052632
51	0.1052631579
52	0.1168831169
53	0.1038961039
54	0.0886075949
55	0.0886075949
56	0.1000000000
57	0.0975609756
58	0.1325301205
59	0.1428571429
60	0.0987654321
61	0.0886075949
62	0.1111111111
63	0.1219512195
64	0.1309523810
65	0.1204819277
66	0.1097560976
67	0.0864197531
68	0.0864197531
69	0.0864197531
70	0.0975609756
71	0.1428571429
72	0.1325301205
73	0.1219512195
74	0.1219512195
75	0.1204819277
76	0.1325301205
77	0.1204819277
78	0.1547619048
79	0.1511627907
80	0.1162790698
81	0.0952380952
82	0.0952380952
83	0.0833333333
84	0.0722891566
85	0.0941176471
86	0.0930232558
87	0.0705882353
88	0.0813953488
89	0.0813953488
90	0.0941176471
91	0.0941176471
92	0.1162790698
93	0.1046511628
94	0.1176470588
95	0.1279069767
96	0.1294117647
97	0.1395348837
98	0.1395348837
99	0.1395348837
100	0.1395348837
