1	0.5789473684
2	0.1875000000
3	0.2307692308
4	0.2692307692
5	0.1428571429
6	0.1666666667
7	0.2105263158
8	0.1724137931
9	0.2142857143
10	0.2000000000
11	0.1538461538
12	0.2000000000
13	0.2352941176
14	0.1224489796
15	0.1153846154
16	0.1481481481
17	0.1481481481
18	0.1186440678
19	0.1692307692
20	0.2142857143
21	0.1857142857
22	0.1470588235
23	0.1194029851
24	0.1323529412
25	0.1285714286
26	0.1044776119
27	0.0724637681
28	0.1126760563
29	0.1232876712
30	0.1506849315
31	0.1369863014
32	0.1447368421
33	0.1351351351
34	0.1351351351
35	0.1333333333
36	0.1466666667
37	0.0933333333
38	0.0675675676
39	0.0800000000
40	0.0789473684
41	0.0800000000
42	0.0909090909
43	0.0909090909
44	0.0933333333
45	0.1025641026
46	0.0800000000
47	0.0533333333
48	0.0526315789
49	0.0526315789
50	0.0632911392
51	0.0641025641
52	0.0625000000
53	0.0641025641
54	0.0750000000
55	0.1000000000
56	0.1410256410
57	0.1250000000
58	0.1341463415
59	0.1481481481
60	0.1481481481
61	0.1375000000
62	0.1153846154
63	0.1139240506
64	0.0875000000
65	0.1250000000
66	0.1250000000
67	0.1250000000
68	0.1410256410
69	0.1358024691
70	0.1500000000
71	0.1410256410
72	0.1265822785
73	0.1234567901
74	0.1392405063
75	0.1392405063
76	0.1428571429
77	0.1518987342
78	0.1518987342
79	0.1298701299
80	0.1038961039
81	0.1168831169
82	0.1139240506
83	0.0864197531
84	0.0864197531
85	0.0843373494
86	0.1084337349
87	0.1111111111
88	0.1234567901
89	0.1219512195
90	0.1204819277
91	0.1219512195
92	0.1000000000
93	0.1111111111
94	0.1125000000
95	0.0875000000
96	0.0875000000
97	0.0617283951
98	0.0632911392
99	0.0625000000
100	0.0864197531
