1	0.0434782609
2	0.0000000000
3	0.0000000000
4	0.2173913043
5	0.1562500000
6	0.0937500000
7	0.1388888889
8	0.1951219512
9	0.2127659574
10	0.1800000000
11	0.1627906977
12	0.1777777778
13	0.1395348837
14	0.1590909091
15	0.1632653061
16	0.2264150943
17	0.2909090909
18	0.2545454545
19	0.2592592593
20	0.1818181818
21	0.2105263158
22	0.2413793103
23	0.2203389831
24	0.2343750000
25	0.2096774194
26	0.1967213115
27	0.2000000000
28	0.2343750000
29	0.2295081967
30	0.2222222222
31	0.1746031746
32	0.1562500000
33	0.1846153846
34	0.1846153846
35	0.2187500000
36	0.2089552239
37	0.1666666667
38	0.1641791045
39	0.1323529412
40	0.0869565217
41	0.0845070423
42	0.0800000000
43	0.0657894737
44	0.0547945205
45	0.0675675676
46	0.0512820513
47	0.0519480519
48	0.0759493671
49	0.0714285714
50	0.0602409639
51	0.0617283951
52	0.0864197531
53	0.0722891566
54	0.0705882353
55	0.0833333333
56	0.0952380952
57	0.1084337349
58	0.1071428571
59	0.1071428571
60	0.0987654321
61	0.0975609756
62	0.1084337349
63	0.1084337349
64	0.0975609756
65	0.0864197531
66	0.0864197531
67	0.0617283951
68	0.0602409639
69	0.0602409639
70	0.0731707317
71	0.0609756098
72	0.0481927711
73	0.0365853659
74	0.0365853659
75	0.0365853659
76	0.0609756098
77	0.0602409639
78	0.0740740741
79	0.0853658537
80	0.0843373494
81	0.0941176471
82	0.1071428571
83	0.1058823529
84	0.1176470588
85	0.1309523810
86	0.1190476190
87	0.1046511628
88	0.0804597701
89	0.0804597701
90	0.0689655172
91	0.0823529412
92	0.1046511628
93	0.0833333333
94	0.0952380952
95	0.0952380952
96	0.0952380952
97	0.0952380952
98	0.0941176471
99	0.0823529412
100	0.0705882353
