1	0.3125000000
2	0.0500000000
3	0.1034482759
4	0.0384615385
5	0.0384615385
6	0.0882352941
7	0.1304347826
8	0.0500000000
9	0.0487804878
10	0.0851063830
11	0.1372549020
12	0.1851851852
13	0.1250000000
14	0.0377358491
15	0.0862068966
16	0.1833333333
17	0.1864406780
18	0.1355932203
19	0.0983606557
20	0.0701754386
21	0.0833333333
22	0.0793650794
23	0.0476190476
24	0.0468750000
25	0.0909090909
26	0.1029411765
27	0.1159420290
28	0.1014492754
29	0.0845070423
30	0.0845070423
31	0.0869565217
32	0.0985915493
33	0.0958904110
34	0.1250000000
35	0.1095890411
36	0.1066666667
37	0.1052631579
38	0.1052631579
39	0.0909090909
40	0.0750000000
41	0.0731707317
42	0.1000000000
43	0.1111111111
44	0.1097560976
45	0.1125000000
46	0.1111111111
47	0.1139240506
48	0.1012658228
49	0.1012658228
50	0.0875000000
51	0.0740740741
52	0.0740740741
53	0.0864197531
54	0.0864197531
55	0.0975609756
56	0.0987654321
57	0.1111111111
58	0.1125000000
59	0.1111111111
60	0.1358024691
61	0.1219512195
62	0.1219512195
63	0.1219512195
64	0.1358024691
65	0.1341463415
66	0.1358024691
67	0.1234567901
68	0.1358024691
69	0.1341463415
70	0.1445783133
71	0.1325301205
72	0.1341463415
73	0.1294117647
74	0.1190476190
75	0.1046511628
76	0.1204819277
77	0.1204819277
78	0.1071428571
79	0.1176470588
80	0.1046511628
81	0.1176470588
82	0.1149425287
83	0.1149425287
84	0.1294117647
85	0.1176470588
86	0.1046511628
87	0.1046511628
88	0.0919540230
89	0.0930232558
90	0.0930232558
91	0.0813953488
92	0.0813953488
93	0.0909090909
94	0.0898876404
95	0.0786516854
96	0.0568181818
97	0.0568181818
98	0.0574712644
99	0.0568181818
100	0.0444444444
