1	0.9900000000
2	0.9780219780
3	0.9753086420
4	0.9583333333
5	0.9285714286
6	0.8750000000
7	0.8591549296
8	0.7536231884
9	0.7638888889
10	0.7313432836
11	0.6714285714
12	0.6229508197
13	0.6615384615
14	0.6338028169
15	0.6666666667
16	0.5849056604
17	0.4745762712
18	0.3921568627
19	0.4285714286
20	0.3709677419
21	0.3768115942
22	0.3857142857
23	0.3768115942
24	0.3880597015
25	0.4342105263
26	0.3544303797
27	0.3291139241
28	0.3414634146
29	0.3647058824
30	0.3809523810
31	0.3372093023
32	0.2906976744
33	0.2790697674
34	0.2823529412
35	0.2588235294
36	0.2705882353
37	0.2941176471
38	0.2555555556
39	0.2727272727
40	0.2790697674
41	0.3023255814
42	0.3058823529
43	0.2954545455
44	0.2674418605
45	0.2674418605
46	0.2500000000
47	0.2352941176
48	0.2159090909
49	0.1839080460
50	0.2045454545
51	0.1785714286
52	0.2073170732
53	0.1851851852
54	0.1951219512
55	0.2000000000
56	0.2093023256
57	0.1931818182
58	0.1590909091
59	0.1477272727
60	0.1477272727
61	0.1685393258
62	0.1566265060
63	0.1851851852
64	0.1975308642
65	0.2235294118
66	0.2093023256
67	0.2235294118
68	0.2209302326
69	0.2380952381
70	0.2555555556
71	0.2333333333
72	0.2365591398
73	0.2333333333
74	0.2134831461
75	0.2298850575
76	0.2068965517
77	0.2159090909
78	0.2134831461
79	0.2441860465
80	0.2528735632
81	0.2530120482
82	0.2500000000
83	0.2289156627
84	0.2222222222
85	0.2222222222
86	0.2261904762
87	0.1954022989
88	0.2068965517
89	0.2298850575
90	0.2500000000
91	0.2386363636
92	0.2235294118
93	0.1954022989
94	0.1818181818
95	0.1882352941
96	0.2117647059
97	0.2272727273
98	0.2134831461
99	0.2365591398
100	0.2222222222
