1	0.9900000000
2	0.9545454545
3	0.9367088608
4	0.8588235294
5	0.6962025316
6	0.5205479452
7	0.5733333333
8	0.4852941176
9	0.5633802817
10	0.5555555556
11	0.4931506849
12	0.3561643836
13	0.5070422535
14	0.4571428571
15	0.4637681159
16	0.4912280702
17	0.5344827586
18	0.5079365079
19	0.4931506849
20	0.4675324675
21	0.4545454545
22	0.4358974359
23	0.3974358974
24	0.4197530864
25	0.3875000000
26	0.3670886076
27	0.3734939759
28	0.3764705882
29	0.3604651163
30	0.3411764706
31	0.3734939759
32	0.3500000000
33	0.3493975904
34	0.3544303797
35	0.3488372093
36	0.3488372093
37	0.3292682927
38	0.3571428571
39	0.3647058824
40	0.3536585366
41	0.3456790123
42	0.3846153846
43	0.3625000000
44	0.3975903614
45	0.4117647059
46	0.3411764706
47	0.2560975610
48	0.2588235294
49	0.2758620690
50	0.2528735632
51	0.2619047619
52	0.2352941176
53	0.2289156627
54	0.2558139535
55	0.2771084337
56	0.2771084337
57	0.3086419753
58	0.3214285714
59	0.3333333333
60	0.3258426966
61	0.2967032967
62	0.3068181818
63	0.2873563218
64	0.2954545455
65	0.3139534884
66	0.2840909091
67	0.2790697674
68	0.2738095238
69	0.2857142857
70	0.2674418605
71	0.2674418605
72	0.2613636364
73	0.2637362637
74	0.2555555556
75	0.2500000000
76	0.2696629213
77	0.2808988764
78	0.2790697674
79	0.2771084337
80	0.2530120482
81	0.2613636364
82	0.2873563218
83	0.2738095238
84	0.2613636364
85	0.2409638554
86	0.2439024390
87	0.2307692308
88	0.2435897436
89	0.2098765432
90	0.2073170732
91	0.1927710843
92	0.1785714286
93	0.1951219512
94	0.2142857143
95	0.2235294118
96	0.2111111111
97	0.2333333333
98	0.2111111111
99	0.2183908046
100	0.2134831461
