1	0.9800000000
2	0.9886363636
3	0.9402985075
4	0.9714285714
5	0.9482758621
6	0.9104477612
7	0.9531250000
8	0.8823529412
9	0.7794117647
10	0.7272727273
11	0.6142857143
12	0.6153846154
13	0.5774647887
14	0.5068493151
15	0.5833333333
16	0.5762711864
17	0.4680851064
18	0.4545454545
19	0.4107142857
20	0.3939393939
21	0.4714285714
22	0.3972602740
23	0.3924050633
24	0.3456790123
25	0.3452380952
26	0.3000000000
27	0.3253012048
28	0.3372093023
29	0.2840909091
30	0.2471910112
31	0.2555555556
32	0.2758620690
33	0.2209302326
34	0.1904761905
35	0.1888888889
36	0.2183908046
37	0.2528735632
38	0.2500000000
39	0.2045454545
40	0.2045454545
41	0.1827956989
42	0.1956521739
43	0.2150537634
44	0.2298850575
45	0.2471910112
46	0.2247191011
47	0.2093023256
48	0.2173913043
49	0.2150537634
50	0.2391304348
51	0.2417582418
52	0.2717391304
53	0.2613636364
54	0.2954545455
55	0.2954545455
56	0.2758620690
57	0.2790697674
58	0.3058823529
59	0.2906976744
60	0.2906976744
61	0.2738095238
62	0.2298850575
63	0.2588235294
64	0.2500000000
65	0.2289156627
66	0.2771084337
67	0.2588235294
68	0.2380952381
69	0.2380952381
70	0.2857142857
71	0.2921348315
72	0.3068181818
73	0.3222222222
74	0.3218390805
75	0.2857142857
76	0.3146067416
77	0.3258426966
78	0.3370786517
79	0.3295454545
80	0.3255813953
81	0.3294117647
82	0.3372093023
83	0.3452380952
84	0.3294117647
85	0.3181818182
86	0.3296703297
87	0.3333333333
88	0.3295454545
89	0.3132530120
90	0.2891566265
91	0.2873563218
92	0.2727272727
93	0.2417582418
94	0.2222222222
95	0.2386363636
96	0.2272727273
97	0.2045454545
98	0.1744186047
99	0.2045454545
100	0.2048192771
