1	1.0000000000
2	0.9487179487
3	0.9736842105
4	0.9480519481
5	0.8985507246
6	0.9076923077
7	0.8550724638
8	0.7812500000
9	0.7500000000
10	0.7246376812
11	0.6716417910
12	0.6341463415
13	0.6086956522
14	0.5507246377
15	0.4912280702
16	0.5192307692
17	0.6229508197
18	0.6440677966
19	0.5849056604
20	0.5471698113
21	0.4166666667
22	0.3823529412
23	0.2857142857
24	0.2638888889
25	0.2222222222
26	0.2727272727
27	0.2625000000
28	0.3037974684
29	0.3058823529
30	0.2875000000
31	0.2962962963
32	0.2839506173
33	0.3333333333
34	0.3214285714
35	0.3258426966
36	0.2921348315
37	0.3295454545
38	0.3488372093
39	0.3678160920
40	0.3333333333
41	0.3103448276
42	0.3176470588
43	0.3448275862
44	0.2873563218
45	0.3076923077
46	0.2954545455
47	0.3103448276
48	0.2988505747
49	0.3176470588
50	0.2941176471
51	0.3058823529
52	0.3176470588
53	0.2790697674
54	0.2643678161
55	0.2530120482
56	0.2619047619
57	0.2666666667
58	0.2790697674
59	0.2528735632
60	0.2409638554
61	0.2261904762
62	0.2168674699
63	0.1764705882
64	0.1807228916
65	0.1807228916
66	0.1904761905
67	0.1728395062
68	0.1829268293
69	0.1829268293
70	0.1927710843
71	0.1686746988
72	0.1882352941
73	0.1764705882
74	0.1379310345
75	0.1460674157
76	0.1609195402
77	0.1785714286
78	0.1829268293
79	0.1785714286
80	0.1518987342
81	0.1666666667
82	0.1538461538
83	0.1585365854
84	0.1904761905
85	0.2023809524
86	0.2022471910
87	0.2197802198
88	0.2325581395
89	0.2558139535
90	0.1975308642
91	0.2325581395
92	0.2380952381
93	0.2359550562
94	0.2093023256
95	0.2272727273
96	0.2325581395
97	0.2117647059
98	0.2235294118
99	0.2235294118
100	0.2325581395
