1	0.9800000000
2	0.9883720930
3	0.9610389610
4	0.9242424242
5	0.9452054795
6	0.8260869565
7	0.6716417910
8	0.6029411765
9	0.5757575758
10	0.5441176471
11	0.6551724138
12	0.6562500000
13	0.6029411765
14	0.6060606061
15	0.6065573770
16	0.6315789474
17	0.5744680851
18	0.5806451613
19	0.5645161290
20	0.5555555556
21	0.4827586207
22	0.4687500000
23	0.5441176471
24	0.4918032787
25	0.4848484848
26	0.4776119403
27	0.4923076923
28	0.4264705882
29	0.4027777778
30	0.3888888889
31	0.3472222222
32	0.3205128205
33	0.3164556962
34	0.2771084337
35	0.2380952381
36	0.2352941176
37	0.2183908046
38	0.1764705882
39	0.1750000000
40	0.1851851852
41	0.1904761905
42	0.1764705882
43	0.1685393258
44	0.1777777778
45	0.1847826087
46	0.1460674157
47	0.1573033708
48	0.1494252874
49	0.1627906977
50	0.1481481481
51	0.1686746988
52	0.1951219512
53	0.1951219512
54	0.1707317073
55	0.1728395062
56	0.1707317073
57	0.1666666667
58	0.1704545455
59	0.2159090909
60	0.2117647059
61	0.1882352941
62	0.1686746988
63	0.1851851852
64	0.1954022989
65	0.2117647059
66	0.2380952381
67	0.2272727273
68	0.1976744186
69	0.2000000000
70	0.2023809524
71	0.1851851852
72	0.1445783133
73	0.1724137931
74	0.1976744186
75	0.2142857143
76	0.2500000000
77	0.2317073171
78	0.2183908046
79	0.2183908046
80	0.2209302326
81	0.1927710843
82	0.2023809524
83	0.2045454545
84	0.2022471910
85	0.2000000000
86	0.1818181818
87	0.2134831461
88	0.1910112360
89	0.1818181818
90	0.1860465116
91	0.2045454545
92	0.1882352941
93	0.1954022989
94	0.1954022989
95	0.1724137931
96	0.2111111111
97	0.2209302326
98	0.2183908046
99	0.2209302326
100	0.1951219512
