1	0.9900000000
2	0.9756097561
3	1.0000000000
4	0.9864864865
5	0.9466666667
6	0.8307692308
7	0.8260869565
8	0.8695652174
9	0.8550724638
10	0.7916666667
11	0.6712328767
12	0.6710526316
13	0.6133333333
14	0.5555555556
15	0.4705882353
16	0.3857142857
17	0.3676470588
18	0.3714285714
19	0.3783783784
20	0.3703703704
21	0.4050632911
22	0.3764705882
23	0.3614457831
24	0.4047619048
25	0.3750000000
26	0.3764705882
27	0.3580246914
28	0.3292682927
29	0.3255813953
30	0.3720930233
31	0.3647058824
32	0.3488372093
33	0.3764705882
34	0.3571428571
35	0.3614457831
36	0.3411764706
37	0.3255813953
38	0.3409090909
39	0.3372093023
40	0.3218390805
41	0.3058823529
42	0.2976190476
43	0.2666666667
44	0.2386363636
45	0.2298850575
46	0.2261904762
47	0.2298850575
48	0.2134831461
49	0.2500000000
50	0.2674418605
51	0.2873563218
52	0.2967032967
53	0.2688172043
54	0.2747252747
55	0.2666666667
56	0.2696629213
57	0.2500000000
58	0.2643678161
59	0.2441860465
60	0.2471910112
61	0.2613636364
62	0.2674418605
63	0.2643678161
64	0.2873563218
65	0.2857142857
66	0.2839506173
67	0.2926829268
68	0.2976190476
69	0.2926829268
70	0.2790697674
71	0.2613636364
72	0.2790697674
73	0.2921348315
74	0.2921348315
75	0.2921348315
76	0.2967032967
77	0.2696629213
78	0.2613636364
79	0.2528735632
80	0.2808988764
81	0.2222222222
82	0.2333333333
83	0.2441860465
84	0.2209302326
85	0.2068965517
86	0.2068965517
87	0.1910112360
88	0.2087912088
89	0.2197802198
90	0.2173913043
91	0.2386363636
92	0.2111111111
93	0.2183908046
94	0.2142857143
95	0.2142857143
96	0.2142857143
97	0.2068965517
98	0.1839080460
99	0.1744186047
100	0.2117647059
