1	1.0000000000
2	1.0000000000
3	1.0000000000
4	0.9718309859
5	0.9459459459
6	0.9367088608
7	0.8961038961
8	0.8000000000
9	0.7246376812
10	0.5285714286
11	0.3378378378
12	0.3142857143
13	0.3125000000
14	0.3492063492
15	0.2916666667
16	0.3454545455
17	0.4464285714
18	0.4126984127
19	0.4029850746
20	0.3768115942
21	0.3661971831
22	0.4000000000
23	0.3827160494
24	0.3658536585
25	0.3375000000
26	0.3500000000
27	0.3690476190
28	0.4166666667
29	0.4418604651
30	0.4457831325
31	0.4024390244
32	0.3953488372
33	0.3837209302
34	0.3882352941
35	0.3647058824
36	0.3373493976
37	0.3218390805
38	0.3218390805
39	0.3448275862
40	0.3636363636
41	0.3614457831
42	0.3333333333
43	0.3580246914
44	0.3214285714
45	0.3176470588
46	0.3176470588
47	0.3255813953
48	0.2823529412
49	0.2727272727
50	0.2417582418
51	0.2758620690
52	0.2906976744
53	0.3139534884
54	0.3023255814
55	0.3176470588
56	0.3218390805
57	0.3258426966
58	0.3152173913
59	0.3333333333
60	0.3181818182
61	0.3103448276
62	0.2674418605
63	0.2906976744
64	0.3068181818
65	0.3000000000
66	0.3033707865
67	0.3023255814
68	0.2758620690
69	0.2976190476
70	0.2840909091
71	0.2758620690
72	0.2674418605
73	0.2413793103
74	0.2558139535
75	0.2674418605
76	0.2906976744
77	0.2560975610
78	0.2592592593
79	0.2771084337
80	0.2750000000
81	0.2345679012
82	0.2222222222
83	0.2117647059
84	0.2183908046
85	0.2068965517
86	0.2298850575
87	0.2441860465
88	0.2444444444
89	0.2717391304
90	0.2967032967
91	0.3296703297
92	0.3529411765
93	0.3333333333
94	0.3258426966
95	0.3218390805
96	0.3132530120
97	0.3139534884
98	0.2826086957
99	0.2777777778
100	0.2906976744
