1	0.9900000000
2	0.9870129870
3	0.9714285714
4	0.9041095890
5	0.7681159420
6	0.6986301370
7	0.6250000000
8	0.5932203390
9	0.5416666667
10	0.4861111111
11	0.5074626866
12	0.5942028986
13	0.4852941176
14	0.4705882353
15	0.4729729730
16	0.4225352113
17	0.3125000000
18	0.2758620690
19	0.2857142857
20	0.2968750000
21	0.2741935484
22	0.2727272727
23	0.3428571429
24	0.3513513514
25	0.4025974026
26	0.3780487805
27	0.2941176471
28	0.2808988764
29	0.2359550562
30	0.2417582418
31	0.2093023256
32	0.1954022989
33	0.2045454545
34	0.2045454545
35	0.2000000000
36	0.2073170732
37	0.2068965517
38	0.2386363636
39	0.2558139535
40	0.2183908046
41	0.2413793103
42	0.2471910112
43	0.2183908046
44	0.2000000000
45	0.2068965517
46	0.2298850575
47	0.2441860465
48	0.2247191011
49	0.2471910112
50	0.2528735632
51	0.2470588235
52	0.2558139535
53	0.2619047619
54	0.2592592593
55	0.2560975610
56	0.2790697674
57	0.2528735632
58	0.2674418605
59	0.2921348315
60	0.2888888889
61	0.2727272727
62	0.2666666667
63	0.2808988764
64	0.3000000000
65	0.3068181818
66	0.3068181818
67	0.3000000000
68	0.2954545455
69	0.3176470588
70	0.2941176471
71	0.2906976744
72	0.2921348315
73	0.3181818182
74	0.2988505747
75	0.2738095238
76	0.2619047619
77	0.2738095238
78	0.2380952381
79	0.2022471910
80	0.2307692308
81	0.2298850575
82	0.2643678161
83	0.2873563218
84	0.2558139535
85	0.2727272727
86	0.2613636364
87	0.2380952381
88	0.2696629213
89	0.2441860465
90	0.2584269663
91	0.2608695652
92	0.2608695652
93	0.2826086957
94	0.2555555556
95	0.2637362637
96	0.2840909091
97	0.2584269663
98	0.2444444444
99	0.2637362637
100	0.2391304348
