1	57.4571505945
2	57.8870239919
3	58.7857404261
4	59.1616464749
5	59.1862215116
6	59.2686564693
7	59.2900917604
8	59.3861846918
9	59.4061034727
10	59.4174474021
11	59.4564301434
12	59.4609735968
13	59.4622593573
14	59.4640078777
15	59.4647739307
16	59.4663779154
17	59.4701191294
18	59.4727179177
19	59.4810396776
20	59.4855767790
21	59.4874392325
22	59.5146305294
23	59.5189916804
24	59.5196298228
25	59.5199673488
26	59.5200717209
27	59.5206501228
28	59.5211215542
29	59.5237442536
30	59.5251561464
31	59.5260955662
32	59.5263049733
33	59.5264515730
34	59.5265854378
35	59.5525756559
36	59.5530806727
37	59.5536086195
38	59.5552797851
39	59.5552973029
40	59.5566428202
41	59.5574412572
42	59.5574626871
43	59.5575129582
44	59.5584170656
45	59.5596232663
46	59.5600799848
47	59.5602132542
48	59.5605588891
49	59.5606434869
50	59.5606694762
51	59.5608557939
52	59.5610490936
53	59.5620249490
54	59.5620640059
55	59.5622019346
56	59.5623583474
57	59.5624139022
58	59.5628855898
59	59.5629046651
60	59.5636334711
61	59.5636992383
62	59.5637778303
63	59.5638143398
64	59.5640128311
65	59.5643501852
66	59.5643704862
67	59.5644945031
68	59.5645126806
69	59.5645339408
70	59.5646100067
71	59.5648982023
72	59.5649534890
73	59.5649648716
74	59.5650099284
75	59.5650198829
76	59.5650343255
77	59.5921889845
78	59.5922053038
79	59.5977283486
80	59.5978027239
81	59.5978011326
82	59.5978970460
83	59.5978974069
84	59.5984898102
85	59.5985193550
86	59.5993470673
87	59.5994052228
88	59.5999193626
89	59.5999623881
90	59.6001010591
91	59.6003020485
92	59.6003229145
93	59.6003396230
94	59.6003850083
95	59.6005620807
96	59.6005698753
97	59.6005670938
98	59.6005737692
99	59.6033164614
100	59.6033825468
