1	54.4571877376
2	55.6262816681
3	56.5694110146
4	58.4524486857
5	58.6871868528
6	58.7452240897
7	59.0122395091
8	59.1628661554
9	59.2708423652
10	59.4011294681
11	59.4126270401
12	59.4385192023
13	59.5004476884
14	59.5118988540
15	59.6230777113
16	59.6290996215
17	59.6401616212
18	59.6423657160
19	59.6428133300
20	59.6718568675
21	59.6735537310
22	59.6756336018
23	59.6761827209
24	59.6778798735
25	59.6845539426
26	59.6867226963
27	59.6910773711
28	59.6986347573
29	59.7975284190
30	59.8018086814
31	59.8035572304
32	59.8046594907
33	59.8049803494
34	59.8049870930
35	59.8061148735
36	59.8084236904
37	59.8085887443
38	59.8203839117
39	59.8204678236
40	59.8205290106
41	59.8205109352
42	59.8212367479
43	59.8262970816
44	59.8264403271
45	59.8265666055
46	59.8272881251
47	59.8286352090
48	59.8294948604
49	59.8297505025
50	59.8303987641
51	59.8305101744
52	59.8304805987
53	59.8305198602
54	59.8661772133
55	59.8664344728
56	59.8664653300
57	59.8664938864
58	59.8808536037
59	59.8817887428
60	59.8822101321
61	59.8821942029
62	59.8820761308
63	59.8831452163
64	59.8848683642
65	59.8850530348
66	59.8850557273
67	59.8853713946
68	59.8858650405
69	59.8859235940
70	59.8860616476
71	59.8874571070
72	59.8875840436
73	59.8880091772
74	59.8881159948
75	59.8903649476
76	59.8904997551
77	59.8907462105
78	59.8911853935
79	59.8921496512
80	59.8923655515
81	59.8922864420
82	59.8923825745
83	59.8923586802
84	59.8925280737
85	59.8926265223
86	59.8927462765
87	59.9008546559
88	59.9043097715
89	59.9043983734
90	59.9045664926
91	59.9045618684
92	59.9047705611
93	59.9049317654
94	59.9055084318
95	59.9055530391
96	59.9054920262
97	59.9055290230
98	59.9056678635
99	59.9055985512
100	59.9054089648
