1	57.5316917196
2	57.6742801299
3	58.3616933983
4	58.5050681793
5	58.9052861193
6	59.3230077342
7	59.3899456534
8	59.5045033437
9	59.5188949042
10	59.5338838592
11	59.7903635278
12	59.8259264875
13	59.8463393972
14	59.8550556257
15	59.8631858987
16	59.8744013269
17	59.8826577845
18	59.8858213025
19	59.8890842680
20	59.8907247802
21	59.8932898450
22	59.8945842599
23	59.9180161538
24	59.9184981954
25	59.9220727969
26	59.9244615971
27	59.9359891045
28	59.9384718025
29	59.9404358680
30	59.9408672145
31	59.9436553016
32	59.9459195764
33	59.9459805532
34	59.9484294081
35	59.9487481090
36	59.9508247302
37	59.9524594809
38	59.9528588311
39	59.9528333857
40	59.9533847772
41	59.9536622525
42	59.9552785128
43	59.9555235886
44	59.9562646312
45	59.9564275948
46	59.9575095871
47	59.9591961588
48	59.9592781707
49	59.9592594642
50	59.9604195451
51	59.9605910212
52	59.9607547249
53	59.9609447603
54	59.9610495897
55	59.9609539890
56	59.9613993960
57	59.9615068404
58	59.9616992874
59	59.9621092685
60	59.9621275752
61	59.9626289241
62	59.9630447238
63	59.9628821655
64	59.9644091364
65	59.9647052933
66	59.9648604676
67	59.9649337348
68	59.9649600666
69	59.9650478080
70	59.9650516168
71	59.9650077630
72	59.9651580976
73	59.9874739427
74	59.9874283843
75	59.9873703963
76	59.9874812708
77	59.9880845017
78	59.9882907734
79	59.9883988602
80	59.9883464859
81	59.9886425714
82	59.9887241283
83	59.9887709701
84	59.9886108061
85	59.9885766679
86	59.9885125068
87	59.9884181969
88	59.9884275974
89	59.9885892771
90	59.9885007051
91	59.9888135822
92	59.9887118574
93	59.9895665799
94	59.9896066986
95	59.9896595714
96	59.9896589928
97	59.9895419927
98	59.9895655683
99	59.9896999210
100	59.9897853121
