1	57.0564243753
2	57.7143758891
3	57.4715032432
4	57.7813611414
5	58.0565176028
6	58.4574024860
7	58.6252462166
8	58.7276838484
9	58.9650989177
10	58.9824774891
11	59.0206520099
12	59.0272660826
13	59.0349251651
14	59.0457797142
15	59.0828374823
16	59.1727323663
17	59.2174385927
18	59.2209352491
19	59.2258088533
20	59.2509088896
21	59.2526990739
22	59.2553769367
23	59.2573039756
24	59.2621218805
25	59.2671699244
26	59.2765796592
27	59.2833031748
28	59.2855115877
29	59.2879250223
30	59.2882753905
31	59.2895404323
32	59.2901795535
33	59.2931552835
34	59.2935728805
35	59.2939770032
36	59.2943633194
37	59.2950239313
38	59.2950799393
39	59.2952910190
40	59.2958329810
41	59.2958526795
42	59.2958173182
43	59.2961089973
44	59.2966467889
45	59.2970014195
46	59.2971586074
47	59.2978795912
48	59.2980694059
49	59.2981671334
50	59.2982976887
51	59.2983319912
52	59.2983833310
53	59.2984009064
54	59.2984734684
55	59.2985204287
56	59.2985592685
57	59.2986736803
58	59.2987155952
59	59.2988474697
60	59.2988765364
61	59.2989647380
62	59.2989514043
63	59.2989609547
64	59.2989609547
65	59.3189726103
66	59.3190193183
67	59.3190603506
68	59.3190910746
69	59.3191065419
70	59.3192684992
71	59.3212737499
72	59.3212664954
73	59.3212406859
74	59.3212697530
75	59.3347469410
76	59.3494352074
77	59.3538500256
78	59.3540527556
79	59.3579024017
80	59.3579527717
81	59.3579803141
82	59.3579635066
83	59.3584295318
84	59.3587411683
85	59.3587810380
86	59.3589480634
87	59.3590155772
88	59.3592768397
89	59.3592978790
90	59.3593208686
91	59.3594141848
92	59.3594141848
93	59.3594506008
94	59.3594753248
95	59.3607798519
96	59.3607616603
97	59.3608609579
98	59.3608699378
99	59.3609114814
100	59.3609224288
