1	54.4987352669
2	55.5358439956
3	56.0053801594
4	57.3536868979
5	57.9042564753
6	58.2129359534
7	58.4644111561
8	58.8112435186
9	58.8643626737
10	58.9328001595
11	59.0507680189
12	59.1250810984
13	59.1371749086
14	59.3619010132
15	59.3750876554
16	59.4568573690
17	59.4624818324
18	59.4846109243
19	59.4871375865
20	59.5649762873
21	59.5656041837
22	59.5787320151
23	59.5819104631
24	59.5863340531
25	59.5917464911
26	59.5930862781
27	59.5942863427
28	59.6078889086
29	59.6092129198
30	59.6094994222
31	59.6526982710
32	59.6532730642
33	59.6548824065
34	59.6560372066
35	59.6564517368
36	59.6563679890
37	59.6710075921
38	59.6725510508
39	59.6727829162
40	59.6825277175
41	59.6828286321
42	59.6831679186
43	59.6836977767
44	59.6838929400
45	59.6844289486
46	59.6846493055
47	59.7174507224
48	59.7185361549
49	59.7185765150
50	59.7189312673
51	59.7191373867
52	59.7190624706
53	59.7191474825
54	59.7192226975
55	59.7194309859
56	59.7194256674
57	59.7197803449
58	59.7198696721
59	59.7201114584
60	59.7253733048
61	59.7253036363
62	59.7255175971
63	59.7255285994
64	59.7255605813
65	59.7255842974
66	59.7256593689
67	59.7267773262
68	59.7266491464
69	59.7296421136
70	59.7297675537
71	59.7296034379
72	59.7296199835
73	59.7298223111
74	59.7316764536
75	59.7315989784
76	59.7316643991
77	59.7313827816
78	59.7314196118
79	59.7315288555
80	59.7317880622
81	59.7319983794
82	59.7320334406
83	59.7320989326
84	59.7322060285
85	59.7322193013
86	59.7321750973
87	59.7322282062
88	59.7326299513
89	59.7326501774
90	59.7327304353
91	59.7328800083
92	59.7329458407
93	59.7329352862
94	59.7329318389
95	59.7327605428
96	59.7326688668
97	59.7324865236
98	59.7325150228
99	59.7326194918
100	59.7325501553
