1	58.3529699120
2	59.2130271740
3	59.4102876469
4	59.8566889251
5	60.0022180887
6	60.0331206045
7	60.1134181434
8	60.1271450201
9	60.1423958689
10	60.1495617419
11	60.2830962154
12	60.3406443588
13	60.3782350758
14	60.3890957715
15	60.3941385816
16	60.3973743727
17	60.3988686823
18	60.4003090247
19	60.4014367441
20	60.4029289332
21	60.4043546319
22	60.4051986940
23	60.4057111922
24	60.4079877033
25	60.4094712438
26	60.4122521481
27	60.4132891157
28	60.4140685361
29	60.4146576661
30	60.4151827775
31	60.4153345989
32	60.4167523991
33	60.4173601603
34	60.4205406652
35	60.4205945142
36	60.4214717582
37	60.4216401090
38	60.4219242944
39	60.4221403554
40	60.4228896897
41	60.4230278572
42	60.4230802210
43	60.4254272574
44	60.4261276061
45	60.4263817098
46	60.4265489795
47	60.4266214361
48	60.4266332467
49	60.4270309420
50	60.4271112846
51	60.4273105328
52	60.4279401671
53	60.4280319968
54	60.4281490147
55	60.4282455769
56	60.4282721595
57	60.4283969855
58	60.4284518453
59	60.4285343689
60	60.4285706791
61	60.4294025948
62	60.4296435202
63	60.4311728276
64	60.4312465812
65	60.4312572326
66	60.4313748218
67	60.4314333910
68	60.4314158503
69	60.4325611573
70	60.4325472421
71	60.4325904764
72	60.4326135673
73	60.4328237119
74	60.4328312511
75	60.4328468789
76	60.4330079600
77	60.4329892224
78	60.4330138109
79	60.4330138109
80	60.4330261964
81	60.4330097082
82	60.4330132759
83	60.4329973184
84	60.4329478074
85	60.4329393822
86	60.4329528525
87	60.4329987048
88	60.4330018875
89	60.4335886505
90	60.4336491325
91	60.4336684801
92	60.4336951612
93	60.4336908072
94	60.4337478168
95	60.4345374435
96	60.4345539108
97	60.4345760592
98	60.4346094806
99	60.4346202908
100	60.4346094333
