1	57.4568002338
2	57.8779409353
3	58.1858828461
4	58.6017757895
5	58.7098705840
6	58.8149942058
7	59.2913597122
8	59.3300920861
9	59.4067164529
10	59.4355182071
11	59.4463589908
12	59.4509810102
13	59.4561127327
14	59.4928568245
15	59.5163935840
16	59.5356580347
17	59.5519629548
18	59.5537014065
19	59.5549637781
20	59.5640258917
21	59.5652781753
22	59.5664160265
23	59.5675987369
24	59.5745521362
25	59.5761689886
26	59.5768467545
27	59.5777921535
28	59.5779255894
29	59.5782666516
30	59.5787040179
31	59.5793650375
32	59.5797664397
33	59.5802658215
34	59.5806658203
35	59.5808467554
36	59.5827519687
37	59.5838769282
38	59.5840273300
39	59.5841572923
40	59.5842225770
41	59.5843820957
42	59.5849022787
43	59.5849533962
44	59.5850408082
45	59.5864443624
46	59.5863127398
47	59.5866266427
48	59.5869534583
49	59.5869121786
50	59.5869738970
51	59.5870365637
52	59.5872737629
53	59.5875439327
54	59.5878684367
55	59.5878592600
56	59.5879306149
57	59.5891878821
58	59.5890009180
59	59.5898095078
60	59.5920887497
61	59.5922016203
62	59.5930467141
63	59.5931125360
64	59.5932619616
65	59.5946940266
66	59.5947796696
67	59.5948976411
68	59.5954315073
69	59.5954985975
70	59.5955746805
71	59.5955749164
72	59.5964022322
73	59.5964406169
74	59.5965416121
75	59.5965430043
76	59.5964626488
77	59.5963581854
78	59.5965138234
79	59.5965757391
80	59.5964672457
81	59.5964696806
82	59.5964041842
83	59.5964943537
84	59.5966167236
85	59.5966226885
86	59.5967542001
87	59.5967313679
88	59.5966855394
89	59.5967210266
90	59.5967916494
91	59.5968663861
92	59.5967996745
93	59.5968569116
94	59.5968307874
95	59.5968487926
96	59.5968424528
97	59.5968866526
98	59.5968457116
99	59.5968742692
100	59.5969223491
