1	51.6830485111
2	53.4873555266
3	54.1440171127
4	56.8791262073
5	57.0048922857
6	58.0725152151
7	58.4505988737
8	58.6259205823
9	58.6540620029
10	58.7027412278
11	58.7189119542
12	58.7447895058
13	58.7477427229
14	58.7852341610
15	58.7892185282
16	58.7963861139
17	58.8002938652
18	58.8032539344
19	58.8044791616
20	58.8062467972
21	58.8070235256
22	58.8076169112
23	58.8086300653
24	58.8097378617
25	58.8127226675
26	58.8133320965
27	58.8135353440
28	58.8142556566
29	58.8146968636
30	58.8157073413
31	58.8161069052
32	58.8167968546
33	58.8178039216
34	58.8179967199
35	58.8901027822
36	58.8904567973
37	58.8911864498
38	58.8919920378
39	58.8922857205
40	58.8972858990
41	58.8974784504
42	58.8978691859
43	58.9072415047
44	58.9074132249
45	58.9079814419
46	58.9080190953
47	58.9081742416
48	58.9081846579
49	58.9082973734
50	58.9086953152
51	58.9088545444
52	58.9088116071
53	58.9088490085
54	58.9089362556
55	58.9089029998
56	58.9089591618
57	58.9090601773
58	58.9091408456
59	58.9149095863
60	58.9397573185
61	58.9397663933
62	58.9398446348
63	58.9398458939
64	58.9398893066
65	58.9398940457
66	58.9400401907
67	58.9401129436
68	58.9477221661
69	58.9476480686
70	58.9953594780
71	58.9954025892
72	58.9954737031
73	58.9954020086
74	58.9953935693
75	58.9994182727
76	58.9995210031
77	59.0028074517
78	59.0043787777
79	59.0042407132
80	59.0041740953
81	59.0044172106
82	59.0044141282
83	59.0043949453
84	59.0044769345
85	59.0051470809
86	59.0051430547
87	59.0051869971
88	59.0052815697
89	59.0053810699
90	59.0053015059
91	59.0063661198
92	59.0060453299
93	59.0061185611
94	59.0061777097
95	59.0062146808
96	59.0061389758
97	59.0063770372
98	59.0064962432
99	59.0065033542
100	59.0062421850
