1	57.2311354085
2	58.3612806634
3	58.0892349859
4	58.3874829359
5	59.0016870578
6	59.3458607244
7	59.4782748826
8	59.8791788443
9	60.1139257840
10	60.1463433371
11	60.1572387622
12	60.2399241536
13	60.2640949247
14	60.2983419848
15	60.3140188140
16	60.3353185092
17	60.3395183064
18	60.3430541283
19	60.3564263840
20	60.3606114316
21	60.3703563155
22	60.3754861525
23	60.3781405048
24	60.3794971528
25	60.3849296307
26	60.3855108031
27	60.3918694654
28	60.3928678935
29	60.3980095469
30	60.4028021090
31	60.4063821089
32	60.4107032082
33	60.4125596655
34	60.4138921091
35	60.4157206323
36	60.4168054724
37	60.4196753654
38	60.4215774595
39	60.4224817654
40	60.4242031486
41	60.4245362627
42	60.4261415067
43	60.4265476864
44	60.4267054600
45	60.4270615503
46	60.4272168819
47	60.4272810089
48	60.4273476304
49	60.4275048343
50	60.4277996995
51	60.4279537249
52	60.4279964787
53	60.4282215043
54	60.4282366787
55	60.4283276723
56	60.4283799758
57	60.4284643050
58	60.4284914235
59	60.4285656735
60	60.4285922854
61	60.4297385008
62	60.4297403243
63	60.4297811833
64	60.4298814579
65	60.4300354590
66	60.4311431954
67	60.4317232243
68	60.4317047096
69	60.4316972486
70	60.4317251852
71	60.4317493684
72	60.4319624374
73	60.4320048089
74	60.4320195923
75	60.4320691523
76	60.4320603292
77	60.4320436504
78	60.4320104971
79	60.4319952540
80	60.4319796600
81	60.4319280121
82	60.4319537298
83	60.4319637584
84	60.4319773566
85	60.4322532022
86	60.4322532458
87	60.4322665548
88	60.4323439874
89	60.4323837837
90	60.4323924051
91	60.4324546383
92	60.4325491875
93	60.4328030325
94	60.4329993261
95	60.4330003044
96	60.4332003821
97	60.4331994107
98	60.4332501537
99	60.4333025824
100	60.4332682482
