1	55.8551600930
2	56.8082944887
3	57.0943864076
4	57.3031267990
5	57.5998814090
6	57.7165073062
7	57.8873231593
8	57.9332712863
9	58.1342095841
10	58.2674463494
11	58.2877408523
12	58.3069558949
13	58.3095958637
14	58.3126953964
15	58.3401544179
16	58.3492052887
17	58.3577165258
18	58.3598250779
19	58.3625462446
20	58.3635110548
21	58.4779700144
22	58.4788074466
23	58.4799168295
24	58.4810538348
25	58.4814908129
26	58.5165096866
27	58.5169744601
28	58.5183179734
29	58.5261586872
30	58.5266415557
31	58.5267618347
32	58.5272470363
33	58.5276024708
34	58.5282492174
35	58.5284107695
36	58.5622962816
37	58.5623101149
38	58.5624473915
39	58.5625537598
40	58.5625947607
41	58.5628897041
42	58.5659126001
43	58.5660702937
44	58.5660197898
45	58.5660225664
46	58.5660944940
47	58.5661671422
48	58.5677235999
49	58.5677049301
50	58.7929987252
51	58.7943752010
52	58.8123275527
53	58.8190482242
54	58.8190819781
55	58.8205552909
56	58.8225474572
57	58.8318367774
58	58.8327221511
59	58.8327982404
60	58.8898506653
61	58.8898525563
62	58.8905662564
63	58.9052931422
64	58.9054509358
65	58.9053667869
66	58.9055911221
67	58.9058303739
68	58.9057969804
69	58.9056798211
70	58.9228406022
71	58.9254625384
72	58.9256295886
73	58.9256168160
74	58.9315676511
75	58.9318152490
76	58.9319455667
77	58.9319634094
78	58.9319914441
79	58.9319638878
80	58.9317541473
81	58.9316813735
82	58.9318131722
83	58.9318340040
84	58.9318549798
85	58.9319137651
86	58.9321173559
87	58.9321252535
88	58.9321928533
89	58.9321848056
90	58.9322158892
91	58.9323123047
92	58.9325675330
93	58.9326032846
94	58.9326200103
95	58.9325547881
96	58.9327163839
97	58.9359016864
98	58.9361396811
99	58.9361840932
100	58.9361849733
