1	55.1942596493
2	55.5136461952
3	56.0981804590
4	56.2953968220
5	56.5584014595
6	57.0981725253
7	58.3714699302
8	58.5012758697
9	58.8325951128
10	58.8451919856
11	58.8541294830
12	58.8665056550
13	58.8785318019
14	58.8853314174
15	58.9453229191
16	58.9523125676
17	58.9778219388
18	58.9824467879
19	58.9833648078
20	58.9840157936
21	58.9851869210
22	58.9864441780
23	58.9883969327
24	58.9888562235
25	58.9895655848
26	58.9927061249
27	58.9928949041
28	58.9934490150
29	58.9961038432
30	58.9962838454
31	58.9965908682
32	58.9971801686
33	58.9971702769
34	58.9984543040
35	58.9984583054
36	58.9990587135
37	59.0124672686
38	59.0134197529
39	59.0135365681
40	59.0139363357
41	59.0141501673
42	59.0146895158
43	59.0149780034
44	59.0153249762
45	59.0156066985
46	59.0157569851
47	59.0158404303
48	59.0195243188
49	59.0195239152
50	59.0196807026
51	59.0198493298
52	59.0201280182
53	59.0202897508
54	59.0203737813
55	59.0203940528
56	59.0203874012
57	59.0209253285
58	59.0209289062
59	59.0213252966
60	59.0214996814
61	59.0214391635
62	59.0215233492
63	59.0215643925
64	59.0216207756
65	59.0220418906
66	59.0219238320
67	59.0221964091
68	59.0223171516
69	59.0222067320
70	59.0225697352
71	59.0226763712
72	59.0225484427
73	59.0226008170
74	59.0227088330
75	59.0230058124
76	59.0231670486
77	59.0233230605
78	59.0234298967
79	59.0235260266
80	59.0236167505
81	59.0236635122
82	59.0238356646
83	59.0237575084
84	59.0238200354
85	59.0240010802
86	59.0240999331
87	59.0241405486
88	59.0242675796
89	59.0242602293
90	59.0243229422
91	59.0240896385
92	59.0242632608
93	59.0242104410
94	59.0241175246
95	59.0239527292
96	59.0240054255
97	59.0242218811
98	59.0243316159
99	59.0244123509
100	59.0243886046
