1	0.1238390963
2	0.0912843049
3	0.0376650415
4	0.0367106151
5	0.0227173060
6	0.0238076964
7	0.0461942743
8	0.0409486121
9	0.0253668397
10	0.0226887811
11	0.0337795417
12	0.1011382317
13	0.0307551860
14	0.0241461648
15	0.0230814266
16	0.0115892935
17	0.0092822799
18	0.0088433162
19	0.0097340355
20	0.0165158963
21	0.0071540376
22	0.0088783243
23	0.0073149761
24	0.0083556021
25	0.0087255258
26	0.0095954181
27	0.0097374348
28	0.0096121319
29	0.0195116699
30	0.0066036677
31	0.0062000363
32	0.0069808923
33	0.0086454382
34	0.0074825850
35	0.0079894497
36	0.0068529213
37	0.0070981507
38	0.0068266458
39	0.0071999123
40	0.0086277896
41	0.0084615309
42	0.0084815296
43	0.0073486957
44	0.0070418430
45	0.0072943741
46	0.0067536633
47	0.0066717563
48	0.0066713169
49	0.0061513548
50	0.0073379073
51	0.0061494042
52	0.0062774821
53	0.0065223627
54	0.0239279128
55	0.0181589215
56	0.0213474843
57	0.0225335328
58	0.0223343456
59	0.0221302375
60	0.0261535189
61	0.0231928029
62	0.0231019513
63	0.0049273165
64	0.0049371099
65	0.0053806715
66	0.0050561517
67	0.0051198673
68	0.0051718810
69	0.0062576996
70	0.0065835228
71	0.0065717907
72	0.0065563056
73	0.0069583405
74	0.0064362083
75	0.0064316463
76	0.0058859289
77	0.0058904174
78	0.0057713695
79	0.0099550467
80	0.0062391165
81	0.0059388381
82	0.0056822503
83	0.0056389242
84	0.0063315523
85	0.0063406314
86	0.0054405749
87	0.0057533356
88	0.0057865180
89	0.0059546958
90	0.0064756406
91	0.0059539813
92	0.0056784385
93	0.0056332213
94	0.0138918610
95	0.0127972383
96	0.0128249729
97	0.0053528813
98	0.0054204975
99	0.0047514037
100	0.0045397409
