1	0.1046127286
2	0.0753567201
3	0.0536067704
4	0.0767813456
5	0.0335720787
6	0.0265811662
7	0.0214970798
8	0.0284533740
9	0.0297056615
10	0.0335823990
11	0.0175126301
12	0.0166513065
13	0.0109113227
14	0.0121099016
15	0.0154916582
16	0.0180272459
17	0.0126318369
18	0.0173700208
19	0.0128541945
20	0.0130173804
21	0.0134484717
22	0.0166241518
23	0.0143780424
24	0.0150982059
25	0.0150583919
26	0.0150827687
27	0.0151547550
28	0.0158178633
29	0.0154249507
30	0.0154102400
31	0.0176546480
32	0.0179308620
33	0.0177382892
34	0.0177773855
35	0.0184448047
36	0.0147902684
37	0.0138660665
38	0.0141710670
39	0.0179651950
40	0.0177210214
41	0.0135949002
42	0.0138919790
43	0.0138585535
44	0.0139009202
45	0.0410360471
46	0.0286105710
47	0.0255970901
48	0.0224081338
49	0.0195534202
50	0.0194973872
51	0.0192142511
52	0.0094972960
53	0.0097946658
54	0.0099361741
55	0.0098038864
56	0.0086358490
57	0.0109867783
58	0.0285576274
59	0.0089865460
60	0.0204778990
61	0.0203593966
62	0.0119453250
63	0.0117774590
64	0.0092073211
65	0.0090302678
66	0.0156483446
67	0.0285744335
68	0.0285484301
69	0.0509236695
70	0.0509340096
71	0.0114527349
72	0.0113070480
73	0.0113627972
74	0.0115930857
75	0.0195119958
76	0.0267338401
77	0.0303317001
78	0.0303385401
79	0.0243465964
80	0.0242915552
81	0.0242822177
82	0.0243773975
83	0.0243838415
84	0.0280832476
85	0.0228811375
86	0.0247373599
87	0.0284992297
88	0.0170329079
89	0.0168797191
90	0.0170775171
91	0.0301223114
92	0.0313488425
93	0.0170884870
94	0.0395028331
95	0.0394739618
96	0.0289895699
97	0.0289923454
98	0.0260142219
99	0.0322168146
100	0.0679364397
