1	0.1343979961
2	0.1221807601
3	0.0661065023
4	0.0764858418
5	0.0466737136
6	0.0448550040
7	0.0352680287
8	0.0242738303
9	0.0258515271
10	0.0300000160
11	0.0230812040
12	0.0189416553
13	0.0295469202
14	0.0181501043
15	0.0261114038
16	0.0271523047
17	0.0170108902
18	0.0195038793
19	0.0150821714
20	0.0158826383
21	0.0131922689
22	0.0137722089
23	0.0136100166
24	0.0130066712
25	0.0127583000
26	0.0118062785
27	0.0099178429
28	0.0104529292
29	0.0104346354
30	0.0099928105
31	0.0096089651
32	0.0098977000
33	0.0109574649
34	0.0087450555
35	0.0094386012
36	0.0098173726
37	0.0084870050
38	0.0124442874
39	0.0084985950
40	0.0182256054
41	0.0196390369
42	0.0104566638
43	0.0101829089
44	0.0123354549
45	0.0088476200
46	0.0077193439
47	0.0185355216
48	0.0185178888
49	0.0072779550
50	0.0072785919
51	0.0074189667
52	0.0249239814
53	0.0318347178
54	0.0105630129
55	0.0146723989
56	0.0171053103
57	0.0189177443
58	0.0139893620
59	0.0261311064
60	0.0187154215
61	0.0185958953
62	0.0288284306
63	0.0428525282
64	0.0422130090
65	0.0422152822
66	0.0438158655
67	0.0252307301
68	0.0230848388
69	0.0303692688
70	0.0317331603
71	0.0303267683
72	0.0308506314
73	0.0567224005
74	0.0111068170
75	0.0218660907
76	0.0099393588
77	0.0148015101
78	0.0399946806
79	0.0527211342
80	0.0568679064
81	0.0067175571
82	0.0469821548
83	0.0250705666
84	0.0230657556
85	0.0324933391
86	0.0254473434
87	0.0183561431
88	0.0071864449
89	0.0071547162
90	0.0205116211
91	0.0634726573
92	0.0085383690
93	0.0089369839
94	0.0088681462
95	0.0093110240
96	0.0090945420
97	0.0107508945
98	0.0099814040
99	0.0087198963
100	0.0088535025
