1	0.1061352667
2	0.0382447521
3	0.0276238703
4	0.0287497775
5	0.0278249721
6	0.0146624791
7	0.0197720226
8	0.0615363183
9	0.0262098398
10	0.0215921969
11	0.0216274919
12	0.0236146682
13	0.0537827614
14	0.0240441379
15	0.0989090332
16	0.0637661924
17	0.1056623149
18	0.0865091860
19	0.0808063227
20	0.0219501437
21	0.0276424370
22	0.0674003465
23	0.0656128312
24	0.0645290851
25	0.0668682120
26	0.0669438626
27	0.0652464297
28	0.0711167952
29	0.0689746794
30	0.0692814662
31	0.0092890792
32	0.0133960376
33	0.0137353725
34	0.0138360869
35	0.0179233023
36	0.0168857193
37	0.0167828608
38	0.0172178708
39	0.0160812910
40	0.0189340695
41	0.0126731771
42	0.0129548288
43	0.0129327959
44	0.0119425240
45	0.0152811834
46	0.0073489504
47	0.0063493489
48	0.0147423660
49	0.0148771896
50	0.0165522463
51	0.0168620134
52	0.0168091304
53	0.0107000290
54	0.0071094644
55	0.0073582516
56	0.0136640310
57	0.0137832337
58	0.0137570540
59	0.0136855964
60	0.0090246920
61	0.0089624010
62	0.0088102326
63	0.0083450093
64	0.0082818826
65	0.0085778672
66	0.0078253754
67	0.0076679041
68	0.0082210049
69	0.0079415945
70	0.0077295866
71	0.0073168871
72	0.0069299645
73	0.0067609758
74	0.0063905153
75	0.0063581027
76	0.0061065223
77	0.0070083590
78	0.0072471044
79	0.0066016189
80	0.0069985977
81	0.0067485164
82	0.0106102964
83	0.0101099801
84	0.0107246958
85	0.0106500151
86	0.0112935006
87	0.0115210893
88	0.0116758233
89	0.0114871125
90	0.0116515924
91	0.0120326740
92	0.0140483887
93	0.0142030971
94	0.0119187279
95	0.0109276982
96	0.0126327920
97	0.0087673392
98	0.0084056476
99	0.0087943235
100	0.0074352976
