1	0.0825797908
2	0.0542130267
3	0.0465838996
4	0.0624800777
5	0.0337091111
6	0.0777497663
7	0.0777258520
8	0.0258883226
9	0.0369163723
10	0.0412458598
11	0.0177309818
12	0.0186782262
13	0.0599161758
14	0.0162904169
15	0.0143721877
16	0.0149409207
17	0.0456766779
18	0.0514608852
19	0.0483937720
20	0.0419403301
21	0.0412886475
22	0.0400516500
23	0.0087070137
24	0.0099889220
25	0.0098378941
26	0.0078772102
27	0.0078430679
28	0.0080378863
29	0.0083306987
30	0.0139835744
31	0.0104092360
32	0.0104384895
33	0.0067387734
34	0.0067954243
35	0.0071510678
36	0.0124104288
37	0.0152621412
38	0.0113166593
39	0.0084202973
40	0.0139301271
41	0.0098309053
42	0.0099644757
43	0.0114956014
44	0.0229271744
45	0.0068999768
46	0.0180175406
47	0.0225702115
48	0.0215843523
49	0.0212820027
50	0.0116781648
51	0.0195674461
52	0.0152121627
53	0.0078518455
54	0.0077867764
55	0.0094270284
56	0.0124860214
57	0.0234531157
58	0.0140263277
59	0.0135115273
60	0.0178036376
61	0.0125816959
62	0.0314910670
63	0.0399531055
64	0.0442194286
65	0.0139411642
66	0.0139669101
67	0.0181021611
68	0.0181255951
69	0.0180919724
70	0.0215739485
71	0.0202545555
72	0.0202754210
73	0.0198382746
74	0.0171311459
75	0.0106535710
76	0.0265962945
77	0.0175919449
78	0.0170152879
79	0.0182969385
80	0.0180311103
81	0.0180283221
82	0.0181857178
83	0.0114613012
84	0.0114639008
85	0.0122000426
86	0.0238153694
87	0.0238090616
88	0.0294103858
89	0.0066019103
90	0.0373964249
91	0.0373853682
92	0.0374292806
93	0.0374292806
94	0.0373981673
95	0.0374850282
96	0.0374982366
97	0.0374957849
98	0.0131969148
99	0.0409335740
100	0.0411392855
