1	0.0722954692
2	0.0629991408
3	0.0490791493
4	0.0575575434
5	0.0474452916
6	0.0446586411
7	0.0319818357
8	0.0465705915
9	0.0299782371
10	0.0182837384
11	0.0510850637
12	0.0708640889
13	0.0192785123
14	0.0170096165
15	0.0183934829
16	0.0171540286
17	0.0156814305
18	0.0149939260
19	0.0139534644
20	0.0124671362
21	0.0154088243
22	0.0152823007
23	0.0109668615
24	0.0113828259
25	0.0110665886
26	0.0088578121
27	0.0085516747
28	0.0089556624
29	0.0085611574
30	0.0115551621
31	0.0117894709
32	0.0091407781
33	0.0098690246
34	0.0089907453
35	0.0105443302
36	0.0086589822
37	0.0101149770
38	0.0106861639
39	0.0099005782
40	0.0102385826
41	0.0102261658
42	0.0105481424
43	0.0105613956
44	0.0098813607
45	0.0094551355
46	0.0092956111
47	0.0095552931
48	0.0098333479
49	0.0103276723
50	0.0096523633
51	0.0102094466
52	0.0101214676
53	0.0096903665
54	0.0094684650
55	0.0089916226
56	0.0089974543
57	0.0085680501
58	0.0086705018
59	0.0079314649
60	0.0189405672
61	0.0190069722
62	0.0192540386
63	0.0191953988
64	0.0191713822
65	0.0189082737
66	0.0198504146
67	0.0198757201
68	0.0103635425
69	0.0102311400
70	0.0108015957
71	0.0112728307
72	0.0113292533
73	0.0107359442
74	0.0108986477
75	0.0383098965
76	0.0381098677
77	0.0125947898
78	0.0087606850
79	0.0080594068
80	0.0088577274
81	0.0091563688
82	0.0089748903
83	0.0082674965
84	0.0081791815
85	0.0085466546
86	0.0077841410
87	0.0075609454
88	0.0077432457
89	0.0076374183
90	0.0072787905
91	0.0075858062
92	0.0085445251
93	0.0075563437
94	0.0068664158
95	0.0070817292
96	0.0082850034
97	0.0071173129
98	0.0070880681
99	0.0072120831
100	0.0076514793
