1	0.0992682548
2	0.0972982645
3	0.0563941191
4	0.0380064032
5	0.0637234246
6	0.1412077822
7	0.1404927542
8	0.0524666308
9	0.0290106361
10	0.0214232431
11	0.0255244138
12	0.0216687153
13	0.0216256794
14	0.0165829319
15	0.0169378069
16	0.0313258983
17	0.0239750940
18	0.0159269662
19	0.0169216523
20	0.0164673990
21	0.0144735632
22	0.0192318196
23	0.0446766060
24	0.0232105842
25	0.0211855054
26	0.0636475819
27	0.0624337722
28	0.0162109964
29	0.0146076412
30	0.0135961141
31	0.0140486552
32	0.0115784002
33	0.0117444674
34	0.0121779352
35	0.0119521806
36	0.0111266722
37	0.0114556084
38	0.0102049435
39	0.0091110642
40	0.0117826763
41	0.0110741099
42	0.0097168968
43	0.0114986559
44	0.0102776095
45	0.0088560571
46	0.0150011972
47	0.0147687799
48	0.0221405218
49	0.0079450573
50	0.0076361392
51	0.0074938525
52	0.0071456649
53	0.0081401060
54	0.0075141540
55	0.0074820373
56	0.0075326358
57	0.0085610846
58	0.0115689841
59	0.0077894318
60	0.0077472633
61	0.0090692232
62	0.0064873894
63	0.0070027881
64	0.0105249079
65	0.0147576966
66	0.0219110370
67	0.0218022321
68	0.0223895585
69	0.0069849132
70	0.0082344231
71	0.0073647163
72	0.0072953869
73	0.0088627881
74	0.0085445894
75	0.0077128029
76	0.0075255286
77	0.0084707259
78	0.0085277851
79	0.0091675120
80	0.0089265440
81	0.0170603773
82	0.0086703840
83	0.0120179166
84	0.0085107845
85	0.0148522912
86	0.0114562759
87	0.0122582363
88	0.0136070664
89	0.0136222566
90	0.0099098143
91	0.0097664071
92	0.0100971736
93	0.0092475723
94	0.0089486450
95	0.0088446697
96	0.0090581847
97	0.0093214703
98	0.0094773836
99	0.0104096594
100	0.0102757176
