1	0.0996370668
2	0.0501498752
3	0.0545312315
4	0.0299448034
5	0.0255168277
6	0.0246548648
7	0.0192667283
8	0.0228725153
9	0.0231374911
10	0.0356704197
11	0.0296182125
12	0.0212086269
13	0.0337374341
14	0.0357913974
15	0.0570822348
16	0.0168703869
17	0.0173139631
18	0.0143623649
19	0.0237449660
20	0.0332059598
21	0.0312242800
22	0.0215134692
23	0.0164914275
24	0.0161366524
25	0.0223282480
26	0.0220450722
27	0.0208212915
28	0.0099416661
29	0.0075263490
30	0.0060191433
31	0.0225252711
32	0.0224267978
33	0.0235467418
34	0.0229150511
35	0.0234052132
36	0.0238076215
37	0.0170142308
38	0.0157228845
39	0.0151827853
40	0.0119408805
41	0.0130633443
42	0.0128268835
43	0.0130863522
44	0.0108467473
45	0.0110537298
46	0.0107498213
47	0.0092108434
48	0.0090332985
49	0.0071971435
50	0.0092133610
51	0.0092520933
52	0.0098823185
53	0.0099987338
54	0.0105005468
55	0.0098631380
56	0.0101843646
57	0.0096973688
58	0.0097018290
59	0.0097433682
60	0.0066101218
61	0.0065395095
62	0.0068446143
63	0.0072690134
64	0.0076078930
65	0.0070876226
66	0.0070119120
67	0.0078714514
68	0.0075466677
69	0.0077896254
70	0.0077063742
71	0.0080453881
72	0.0079568850
73	0.0082922123
74	0.0074810518
75	0.0075439961
76	0.0080194761
77	0.0082559550
78	0.0083248188
79	0.0078734716
80	0.0069962789
81	0.0070826840
82	0.0072910851
83	0.0074711956
84	0.0076369150
85	0.0078128191
86	0.0082587030
87	0.0081418900
88	0.0075047647
89	0.0078862009
90	0.0078006264
91	0.0078428805
92	0.0074301348
93	0.0068273467
94	0.0066092311
95	0.0075272146
96	0.0078204107
97	0.0076144786
98	0.0084099507
99	0.0083160880
100	0.0084181807
