1	0.0802336223
2	0.1461390744
3	0.0268795559
4	0.0493642756
5	0.0342079389
6	0.0467210603
7	0.0350974585
8	0.0612379598
9	0.0328543522
10	0.0259188934
11	0.0191603841
12	0.0164944820
13	0.0208555782
14	0.0175745748
15	0.0134020532
16	0.0176480586
17	0.0124826878
18	0.0120807129
19	0.0138943684
20	0.0110099210
21	0.0126285277
22	0.0171348364
23	0.0123009097
24	0.0113293793
25	0.0084700764
26	0.0109455507
27	0.0118330664
28	0.0113210071
29	0.0116255152
30	0.0091241186
31	0.0092658106
32	0.0093592511
33	0.0101034775
34	0.0101740143
35	0.0098621823
36	0.0098243816
37	0.0092510276
38	0.0088377541
39	0.0087070777
40	0.0093319057
41	0.0091157847
42	0.0085672697
43	0.0089565929
44	0.0094212604
45	0.0086560946
46	0.0088804852
47	0.0096882921
48	0.0095792557
49	0.0098949505
50	0.0102504210
51	0.0100840941
52	0.0105171064
53	0.0099318638
54	0.0103461375
55	0.0092782204
56	0.0088201093
57	0.0088457720
58	0.0077987595
59	0.0087969349
60	0.0087216971
61	0.0083451188
62	0.0078723565
63	0.0081967663
64	0.0090713678
65	0.0096508050
66	0.0098421390
67	0.0098858145
68	0.0094563546
69	0.0100042135
70	0.0099826153
71	0.0091504835
72	0.0093579691
73	0.0096159380
74	0.0095723841
75	0.0094596415
76	0.0093877177
77	0.0093354929
78	0.0096337983
79	0.0091427778
80	0.0088778442
81	0.0082564708
82	0.0086398458
83	0.0093732795
84	0.0075488805
85	0.0080252823
86	0.0074474782
87	0.0077373558
88	0.0070289695
89	0.0074331756
90	0.0072042360
91	0.0089827423
92	0.0105757840
93	0.0160558414
94	0.0233507866
95	0.0073068756
96	0.0066169363
97	0.0070852420
98	0.0060761919
99	0.0067621122
100	0.0072472288
