0.9361175396514676	0.1982258899038153	0.00014509308454072056	0.1976837197523404
0.9361175396514676	0.1982258899038153	0.00014509308454072056	0.1976837197523404
0.9361175396514676	0.1982258899038153	0.00014509308454072056	0.1976837197523404
0.9361175396514676	0.1982258899038153	0.00014509308454072056	0.1976837197523404
0.9361175396514676	0.1982258899038153	0.00014509308454072056	0.1976837197523404
0.9361175396514676	0.1982258899038153	0.00014509308454072056	0.1976837197523404
0.9361175396514676	0.1982258899038153	0.00014509308454072056	0.1976837197523404
0.9361175396514676	0.1982258899038153	0.00014509308454072056	0.1976837197523404
0.6884648250892613	0.19843553472724848	0.00011220250490942552	0.22100851418929074
0.6884648250892613	0.19843553472724848	0.00011220250490942552	0.22100851418929074
0.6884648250892613	0.19843553472724848	0.00011220250490942552	0.22100851418929074
0.6297218711028788	0.20376179359927843	0.002487144054403534	0.23785887079060944
0.6297218711028788	0.20376179359927843	0.002487144054403534	0.23785887079060944
0.6193172056089158	0.2059832929568291	0.0040047866921817665	0.22597522955051982
0.6193172056089158	0.2059832929568291	0.0040047866921817665	0.22597522955051982
0.6142073827239876	0.21283427531479865	0.01617809586218319	0.20212405267121605
0.6059412283980916	0.21585021119717723	0.00610154082790737	0.18598300642734458
0.6059412283980916	0.21585021119717723	0.00610154082790737	0.18598300642734458
0.6059412283980916	0.21585021119717723	0.00610154082790737	0.18598300642734458
0.6059412283980916	0.21585021119717723	0.00610154082790737	0.18598300642734458
0.6051133768104074	0.23058804879829475	0.04686590751178221	0.25065971277533816
0.6051133768104074	0.23058804879829475	0.04686590751178221	0.25065971277533816
0.6051133768104074	0.23058804879829475	0.04686590751178221	0.25065971277533816
0.6044445892993726	0.22833488286320217	0.009634694625385243	0.11208732165062335
0.6031336500464947	0.24481632932923364	0.009634694625385243	0.2293568185431402
0.6031336500464947	0.24481632932923364	0.009634694625385243	0.2293568185431402
0.6031336500464947	0.24481632932923364	0.009634694625385243	0.2293568185431402
0.6031000397899074	0.2553803894972008	0.00610154082790737	0.10723324126215511
0.6027768703377149	0.25954545320671346	0.009634694625385243	0.17837486954339282
0.6027768703377149	0.25954545320671346	0.009634694625385243	0.17837486954339282
0.6022672713512409	0.2564402926292801	0.009634694625385243	0.2293568185431402
0.6022672713512409	0.2564402926292801	0.009634694625385243	0.2293568185431402
0.6022672713512409	0.2564402926292801	0.009634694625385243	0.2293568185431402
0.6022672713512409	0.2817358983698453	0.009634694625385243	0.2293568185431402
0.6022672713512409	0.2817358983698453	0.009634694625385243	0.2293568185431402
0.6022672713512409	0.2817358983698453	0.009634694625385243	0.2293568185431402
0.6022672713512409	0.2817358983698453	0.009634694625385243	0.2293568185431402
0.6022672713512409	0.2817358983698453	0.009634694625385243	0.2293568185431402
0.6022672713512409	0.2817358983698453	0.009634694625385243	0.2293568185431402
0.6022672713512409	0.2817358983698453	0.009634694625385243	0.2293568185431402
0.6022672713512409	0.2817358983698453	0.009634694625385243	0.2293568185431402
0.6022672713512409	0.2817358983698453	0.009634694625385243	0.2293568185431402
0.6022672713512409	0.2817358983698453	0.009634694625385243	0.2293568185431402
0.6022672713512409	0.2817358983698453	0.009634694625385243	0.2293568185431402
0.6022672713512409	0.2817358983698453	0.009634694625385243	0.2293568185431402
0.6022672713512409	0.2817358983698453	0.009634694625385243	0.2293568185431402
0.6022672713512409	0.2564402926292801	0.009634694625385243	0.2293568185431402
0.6018571920475351	0.31083111710733313	0.06403870686379359	0.2504295726986275
0.6018571920475351	0.31083111710733313	0.06403870686379359	0.2504295726986275
0.6018571920475351	0.31083111710733313	0.06403870686379359	0.2504295726986275
0.6018571920475351	0.31083111710733313	0.06403870686379359	0.2504295726986275
0.6018571920475351	0.31083111710733313	0.06403870686379359	0.2504295726986275
0.6018571920475351	0.31083111710733313	0.06403870686379359	0.2504295726986275
0.6018571920475351	0.31083111710733313	0.06403870686379359	0.2504295726986275
0.6018571920475351	0.31083111710733313	0.06403870686379359	0.2504295726986275
0.6018571920475351	0.31083111710733313	0.06403870686379359	0.2504295726986275
0.6018571920475351	0.31083111710733313	0.06403870686379359	0.2504295726986275
0.6018571920475351	0.31083111710733313	0.06403870686379359	0.2504295726986275
0.6018571920475351	0.31083111710733313	0.06403870686379359	0.2504295726986275
0.6018571920475351	0.31083111710733313	0.06403870686379359	0.2504295726986275
0.6018571920475351	0.31083111710733313	0.06403870686379359	0.2504295726986275
0.6018571920475351	0.31083111710733313	0.06403870686379359	0.2504295726986275
0.6018571920475351	0.31083111710733313	0.06403870686379359	0.2504295726986275
0.6018571920475351	0.31083111710733313	0.06403870686379359	0.2504295726986275
0.6018571920475351	0.31083111710733313	0.06403870686379359	0.2504295726986275
0.6018571920475351	0.31083111710733313	0.06403870686379359	0.2504295726986275
0.6018571920475351	0.31083111710733313	0.06403870686379359	0.2504295726986275
0.6018571920475351	0.31083111710733313	0.06403870686379359	0.2504295726986275
0.6018571920475351	0.31083111710733313	0.06403870686379359	0.2504295726986275
0.6018571920475351	0.31083111710733313	0.06403870686379359	0.2504295726986275
0.6018571920475351	0.31083111710733313	0.06403870686379359	0.2504295726986275
0.6018571920475351	0.31083111710733313	0.06403870686379359	0.2504295726986275
0.6018813966291476	0.27145827416057555	0.009634694625385243	0.25483910825360767
0.6018813966291476	0.27145827416057555	0.009634694625385243	0.25483910825360767
0.6018813966291476	0.27145827416057555	0.009634694625385243	0.25483910825360767
0.46617315418132865	0.5207023575871617	0.2987235880663507	0.3591955936306459
0.46617315418132865	0.5207023575871617	0.2987235880663507	0.3591955936306459
0.46617315418132865	0.5207023575871617	0.2987235880663507	0.3591955936306459
0.46617315418132865	0.5207023575871617	0.2987235880663507	0.3591955936306459
0.46617315418132865	0.5207023575871617	0.2987235880663507	0.3591955936306459
0.46617315418132865	0.5207023575871617	0.2987235880663507	0.3591955936306459
0.46617315418132865	0.5207023575871617	0.2987235880663507	0.3591955936306459
0.46617315418132865	0.5207023575871617	0.2987235880663507	0.3591955936306459
0.46617315418132865	0.5207023575871617	0.2987235880663507	0.3591955936306459
0.46617315418132865	0.5207023575871617	0.2987235880663507	0.3591955936306459
0.46617315418132865	0.5207023575871617	0.2987235880663507	0.3591955936306459
0.4420679429421489	0.5202426748919972	0.30238305841046825	0.33062092071368054
0.4420679429421489	0.5202426748919972	0.30238305841046825	0.33062092071368054
0.4420679429421489	0.5202426748919972	0.30238305841046825	0.33062092071368054
0.4420679429421489	0.5202426748919972	0.30238305841046825	0.33062092071368054
0.4420679429421489	0.5202426748919972	0.30238305841046825	0.33062092071368054
0.4326269589954971	0.5268898825204094	0.32819151016863335	0.3916797794309692
0.36762764443615437	0.53106939482619	0.386697494851166	0.39197389930071236
0.36762764443615437	0.53106939482619	0.386697494851166	0.39197389930071236
0.36762764443615437	0.53106939482619	0.386697494851166	0.39197389930071236
0.36762764443615437	0.53106939482619	0.386697494851166	0.39197389930071236
0.36762764443615437	0.53106939482619	0.386697494851166	0.39197389930071236
0.36762764443615437	0.53106939482619	0.386697494851166	0.39197389930071236
0.36762764443615437	0.53106939482619	0.386697494851166	0.39197389930071236
0.36762764443615437	0.53106939482619	0.386697494851166	0.39197389930071236
0.35868775912496925	0.5234431809873107	0.3667237198504467	0.36071596310817367
0.35868775912496925	0.5234431809873107	0.3667237198504467	0.36071596310817367
0.3508573080780352	0.5326747630554043	0.386697494851166	0.404192785817585
0.32149829337993163	0.5329855616384706	0.38361792364182956	0.3600693752390226
0.32149829337993163	0.5329855616384706	0.38361792364182956	0.3600693752390226
0.32149829337993163	0.5329855616384706	0.38361792364182956	0.3600693752390226
0.32149829337993163	0.5329855616384706	0.38361792364182956	0.3600693752390226
0.32149829337993163	0.5329855616384706	0.38361792364182956	0.3600693752390226
0.30871248238985	0.5366818109744033	0.37452249738671484	0.3600693752390226
0.30871248238985	0.5366818109744033	0.37452249738671484	0.3600693752390226
0.30871248238985	0.5366818109744033	0.37452249738671484	0.3600693752390226
0.30418294828030396	0.5429218116015481	0.45970995849194446	0.3974143737149226
0.292888468847201	0.5443622188080898	0.4148873045103945	0.3958460595733831
0.292888468847201	0.5443622188080898	0.4148873045103945	0.3958460595733831
0.28631658093131346	0.5490501087577554	0.3633849665608987	0.37338012952386207
0.2836202594250415	0.5497667320567131	0.364959856600546	0.38443073091889035
0.2786596488794978	0.5505922722739124	0.3961796129068953	0.38443073091889035
0.2786596488794978	0.5505922722739124	0.3961796129068953	0.38443073091889035
0.2786596488794978	0.5505922722739124	0.3961796129068953	0.38443073091889035
0.27342909474974697	0.5710569911409421	0.48995305373174514	0.43494278443576134
0.27342909474974697	0.5710569911409421	0.48995305373174514	0.43494278443576134
0.2603323543018364	0.5754811059123662	0.48995305373174514	0.42195914163972914
0.2603323543018364	0.5754811059123662	0.48995305373174514	0.42195914163972914
0.2603323543018364	0.5754811059123662	0.48995305373174514	0.42195914163972914
0.2602743168757033	0.5840002441054439	0.3641408889271777	0.43511840110307193
0.2578258055621646	0.5981720467604529	0.3114303200670534	0.4335586405454184
0.25449185975092686	0.6016926482803596	0.3114303200670534	0.44281642546785926
0.25449185975092686	0.6016926482803596	0.3114303200670534	0.44281642546785926
0.25449185975092686	0.6016926482803596	0.3114303200670534	0.44281642546785926
0.25257604307894826	0.6270700798233643	0.39872696426668974	0.46689870022845376
0.24686767174661212	0.6295852114405514	0.46521017615467786	0.44669187061216703
0.24686767174661212	0.6295852114405514	0.46521017615467786	0.44669187061216703
0.21937404508098945	0.634154748849639	0.49681917780568413	0.46966442122281005
0.21937404508098945	0.634154748849639	0.49681917780568413	0.46966442122281005
0.21937404508098945	0.634154748849639	0.49681917780568413	0.46966442122281005
0.21937404508098945	0.634154748849639	0.49681917780568413	0.46966442122281005
0.21937404508098945	0.634154748849639	0.49681917780568413	0.46966442122281005
0.21937404508098945	0.634154748849639	0.49681917780568413	0.46966442122281005
0.21512154710689152	0.6477291189904365	0.4374926450823461	0.4686502113384244
0.21512154710689152	0.6477291189904365	0.4374926450823461	0.4686502113384244
0.21512154710689152	0.6477291189904365	0.4374926450823461	0.4686502113384244
0.21512154710689152	0.6477291189904365	0.4374926450823461	0.4686502113384244
0.21404775758020894	0.6829535328057328	0.32371536999643996	0.4686502113384244
0.21183031249985357	0.6933641854588666	0.5516854818752391	0.38199642325260996
0.20374671321567156	0.6997136735266004	0.5850731898554138	0.4502031650235184
0.20374671321567156	0.6997136735266004	0.5850731898554138	0.4502031650235184
0.1984877338965953	0.713433139620177	0.508772197712433	0.3625680755812198
0.19511117994698754	0.7136323128788338	0.4078226616703646	0.4502031650235184
0.18976632994018247	0.7150809272880867	0.6075015540149514	0.36929155650774825
0.1872830519522514	0.716744208341048	0.62031645384901	0.43891454803589547
0.18157166729663607	0.7213191184895887	0.5772225449837167	0.3528087704462374
0.18157166729663607	0.7213191184895887	0.5772225449837167	0.3528087704462374
0.18143925543415698	0.7339709571594435	0.5049048389099199	0.3100658949338015
0.17630420510115483	0.7398937646939645	0.6136528789780716	0.3996785782101371
0.1741540686128132	0.7419569793490542	0.5798120891279672	0.4279694471060806
0.1664774141574987	0.7490959641259475	0.618807480329551	0.42778385047454076
0.1641996234190859	0.7501385104118149	0.610634720203723	0.4278259340740365
0.16036340950120262	0.7551638973945598	0.610634720203723	0.461428029903377
0.1585588736068833	0.7577364987189437	0.5681859383576642	0.4261464740470182
0.14922682902843806	0.7632870364516556	0.610634720203723	0.4278259340740365
0.14922682902843806	0.7632870364516556	0.610634720203723	0.4278259340740365
0.1432498800124691	0.7709541938481826	0.5843673867120717	0.4589979542534668
0.1432498800124691	0.7709541938481826	0.5843673867120717	0.4589979542534668
0.13440525958501892	0.7832385690884127	0.5665378890779671	0.5116309892919502
0.13440525958501892	0.7832385690884127	0.5665378890779671	0.5116309892919502
0.1294815857068553	0.7835190756230626	0.5467799757476789	0.3945247509450431
0.12780268528698313	0.7905022504636776	0.5783291619747771	0.43414767770568363
0.12168496270539123	0.7945686265726072	0.5698356454851323	0.4467692820188839
0.12026927480225097	0.8004024103948653	0.5698356454851323	0.49770109509931026
0.11448078988975045	0.8031948667065764	0.5704582303033999	0.41342468086230016
0.11448078988975045	0.8031948667065764	0.5704582303033999	0.41342468086230016
0.10786170545854619	0.8242280501391664	0.5908731842842866	0.44148770138782095
0.10441907087475641	0.8253517159834455	0.5894805754744165	0.5045810555077013
0.10275958834932368	0.8269986747851518	0.580553987391745	0.4849886586941098
0.0990727141460495	0.8323823282617023	0.5788278710530504	0.4831460668465836
0.0971691070332544	0.8396292913177508	0.580553987391745	0.4849886586941098
0.0870506921624141	0.8487276355164082	0.5951235637418129	0.4196477061151842
0.0870506921624141	0.8487276355164082	0.5951235637418129	0.4196477061151842
0.08525926340051886	0.8542356600847871	0.5759256702546153	0.4838302135012424
0.07832533754026653	0.8644943037669754	0.6101411346928227	0.46960229570312906
0.07832533754026653	0.8644943037669754	0.6101411346928227	0.46960229570312906
0.07476983874317665	0.8853785773936117	0.614185344535829	0.4233683836804027
0.07104593235820557	0.8825282302072254	0.694686415088457	0.5437277475502997
0.06717280735318458	0.896128964072083	0.6279987408346636	0.5527067305295534
0.0643879879500143	0.9113409767263321	0.7432802010994275	0.5169490108636191
0.05552220633434335	0.9153539923323856	0.7432802010994275	0.46637795081259487
0.05552220633434335	0.9153539923323856	0.7432802010994275	0.46637795081259487
0.05190777905472824	0.9257906498770044	0.6199410272624214	0.5162936107214513
0.04367736882582532	0.9371200259463426	0.6611640759103689	0.580297644183066
0.04367736882582532	0.9371200259463426	0.6611640759103689	0.580297644183066
0.04080198130260142	0.9673468797270482	0.7207320014373078	0.5070512897262603
0.026613935741172177	0.9779869742373556	0.6902910206564378	0.5370323496962983
0.031389654940923536	0.974421053325587	0.7207320014373078	0.5070512897262603
0.026613935741172177	0.9779869742373556	0.6902910206564378	0.5370323496962983
0.02035710055358421	0.9800963478332426	0.6902910206564378	0.5370323496962983
0.02035710055358421	0.9800963478332426	0.6902910206564378	0.5370323496962983
0.015670345621894212	1.01029211131903	0.7184857253499642	0.4927780024624392
0.011901766954592777	1.011376749956185	0.7431601080566417	0.45305524968956395
0.0069099520146996656	1.0191032496983174	0.6634886461162244	0.4810337293129337
0.003322938975546418	1.037935322589441	0.7565753697796673	0.6043484162145617
