0.8200110072050955	0.19053006121226368	0.0002293904860854734	0.16422046811813273
0.8200110072050955	0.19053006121226368	0.0002293904860854734	0.16422046811813273
0.8200110072050955	0.19053006121226368	0.0002293904860854734	0.16422046811813273
0.8200110072050955	0.19053006121226368	0.0002293904860854734	0.16422046811813273
0.8200110072050955	0.19053006121226368	0.0002293904860854734	0.16422046811813273
0.8200110072050955	0.19053006121226368	0.0002293904860854734	0.16422046811813273
0.8200110072050955	0.19053006121226368	0.0002293904860854734	0.16422046811813273
0.8200110072050955	0.19053006121226368	0.0002293904860854734	0.16422046811813273
0.8200110072050955	0.19053006121226368	0.0002293904860854734	0.16422046811813273
0.8200110072050955	0.19053006121226368	0.0002293904860854734	0.16422046811813273
0.7900820497453444	0.19142205036779208	0.004226334523831143	0.19118503907813772
0.7079639490272781	0.19183840792954746	0.004226334523831143	0.17969655715635943
0.7079639490272781	0.19183840792954746	0.004226334523831143	0.17969655715635943
0.6982359860001974	0.19340755364430826	0.0002293904860854734	0.16422046811813273
0.6982359860001974	0.19340755364430826	0.0002293904860854734	0.16422046811813273
0.6392681589695027	0.1973914341734629	0.004226334523831143	0.1687130608055228
0.6392681589695027	0.1973914341734629	0.004226334523831143	0.1687130608055228
0.6392681589695027	0.1973914341734629	0.004226334523831143	0.1687130608055228
0.6392681589695027	0.1973914341734629	0.004226334523831143	0.1687130608055228
0.6312573007397517	0.20103190046926603	0.004226334523831143	0.1687130608055228
0.6227085132806962	0.20125188930052823	0.007613951469630537	0.1344487005206853
0.6209225547573128	0.20450944836857884	0.015705421497258676	0.13481364994796413
0.6209225547573128	0.20450944836857884	0.015705421497258676	0.13481364994796413
0.6209225547573128	0.20450944836857884	0.015705421497258676	0.13481364994796413
0.620761704351375	0.2110450454702755	0.015705421497258676	0.09327632060343678
0.619153003034502	0.21235219866938015	0.03188836155251493	0.13554354880252178
0.6189646855003265	0.21539561079504277	0.006251715535046998	0.22622866626984078
0.6158747172592645	0.21749694809696113	0.00399016926507717	0.20155387407788208
0.6114810774035093	0.22023229818732812	0.006251715535046998	0.1951717766699663
0.6114810774035093	0.22023229818732812	0.006251715535046998	0.1951717766699663
0.6114810774035093	0.22023229818732812	0.006251715535046998	0.1951717766699663
0.6114810774035093	0.22023229818732812	0.006251715535046998	0.1951717766699663
0.6114810774035093	0.22023229818732812	0.006251715535046998	0.1951717766699663
0.6114810774035093	0.22023229818732812	0.006251715535046998	0.1951717766699663
0.6114810774035093	0.22023229818732812	0.006251715535046998	0.1951717766699663
0.6114810774035093	0.22023229818732812	0.006251715535046998	0.1951717766699663
0.6114810774035093	0.22023229818732812	0.006251715535046998	0.1951717766699663
0.6114810774035093	0.22023229818732812	0.006251715535046998	0.1951717766699663
0.6103824826603153	0.24307688747014564	0.006251715535046998	0.14138394475255053
0.6103824826603153	0.24307688747014564	0.006251715535046998	0.14138394475255053
0.6103824826603153	0.24307688747014564	0.006251715535046998	0.14138394475255053
0.6103824826603153	0.24307688747014564	0.006251715535046998	0.14138394475255053
0.6103824826603153	0.24307688747014564	0.006251715535046998	0.14138394475255053
0.6100869475814333	0.257978564012694	0.006251715535046998	0.2666203860183856
0.6100869475814333	0.257978564012694	0.006251715535046998	0.2666203860183856
0.6100869475814333	0.257978564012694	0.006251715535046998	0.2666203860183856
0.6099610523681012	0.2246148381015292	0.005371498811213599	0.08840019142144981
0.6099610523681012	0.2246148381015292	0.005371498811213599	0.08840019142144981
0.6099610523681012	0.2246148381015292	0.005371498811213599	0.08840019142144981
0.6099610523681012	0.2246148381015292	0.005371498811213599	0.08840019142144981
0.6099610523681012	0.2246148381015292	0.005371498811213599	0.08840019142144981
0.6099610523681012	0.2246148381015292	0.005371498811213599	0.08840019142144981
0.609950226351625	0.24025970310170047	0.005371498811213599	0.06799327506960959
0.609950226351625	0.24025970310170047	0.005371498811213599	0.06799327506960959
0.609950226351625	0.24025970310170047	0.005371498811213599	0.06799327506960959
0.609950226351625	0.24025970310170047	0.005371498811213599	0.06799327506960959
0.609950226351625	0.24025970310170047	0.005371498811213599	0.06799327506960959
0.609950226351625	0.24025970310170047	0.005371498811213599	0.06799327506960959
0.609950226351625	0.24025970310170047	0.005371498811213599	0.06799327506960959
0.609950226351625	0.24025970310170047	0.005371498811213599	0.06799327506960959
0.609950226351625	0.24025970310170047	0.005371498811213599	0.06799327506960959
0.609950226351625	0.24025970310170047	0.005371498811213599	0.06799327506960959
0.609950226351625	0.24025970310170047	0.005371498811213599	0.06799327506960959
0.609950226351625	0.24025970310170047	0.005371498811213599	0.06799327506960959
0.609950226351625	0.24025970310170047	0.005371498811213599	0.06799327506960959
0.609950226351625	0.24025970310170047	0.005371498811213599	0.06799327506960959
0.609950226351625	0.24025970310170047	0.005371498811213599	0.06799327506960959
0.609950226351625	0.24025970310170047	0.005371498811213599	0.06799327506960959
0.609950226351625	0.24025970310170047	0.005371498811213599	0.06799327506960959
0.609950226351625	0.24025970310170047	0.005371498811213599	0.06799327506960959
0.609950226351625	0.24025970310170047	0.005371498811213599	0.06799327506960959
0.609950226351625	0.24025970310170047	0.005371498811213599	0.06799327506960959
0.609950226351625	0.24025970310170047	0.005371498811213599	0.06799327506960959
0.609950226351625	0.24025970310170047	0.005371498811213599	0.06799327506960959
0.609950226351625	0.24025970310170047	0.005371498811213599	0.06799327506960959
0.609950226351625	0.24025970310170047	0.005371498811213599	0.06799327506960959
0.609950226351625	0.24025970310170047	0.005371498811213599	0.06799327506960959
0.6100021497458371	0.21973064421692867	0.02222774649520498	0.08840019142144981
0.6100021497458371	0.21973064421692867	0.02222774649520498	0.08840019142144981
0.6100517672915277	0.2773784966894202	0.05525530914555496	0.05457183188465728
0.6100517672915277	0.2773784966894202	0.05525530914555496	0.05457183188465728
0.6100517672915277	0.2773784966894202	0.05525530914555496	0.05457183188465728
0.6100517672915277	0.2773784966894202	0.05525530914555496	0.05457183188465728
0.6100517672915277	0.2773784966894202	0.05525530914555496	0.05457183188465728
0.6100517672915277	0.2773784966894202	0.05525530914555496	0.05457183188465728
0.6100517672915277	0.2773784966894202	0.05525530914555496	0.05457183188465728
0.6100517672915277	0.2773784966894202	0.05525530914555496	0.05457183188465728
0.5995175766895823	0.4295668080859444	0.24479532760662162	0.30908331181876014
0.5995175766895823	0.4295668080859444	0.24479532760662162	0.30908331181876014
0.5844059712563966	0.4319442440877997	0.29420027333328536	0.26766177872780483
0.5844059712563966	0.4319442440877997	0.29420027333328536	0.26766177872780483
0.5844059712563966	0.4319442440877997	0.29420027333328536	0.26766177872780483
0.564235533705134	0.43502529474306	0.29420027333328536	0.26766177872780483
0.564235533705134	0.43502529474306	0.29420027333328536	0.26766177872780483
0.564235533705134	0.43502529474306	0.29420027333328536	0.26766177872780483
0.5372898391598069	0.43723387406425096	0.3191045530271209	0.3039254271266849
0.5372898391598069	0.43723387406425096	0.3191045530271209	0.3039254271266849
0.5372898391598069	0.43723387406425096	0.3191045530271209	0.3039254271266849
0.5372898391598069	0.43723387406425096	0.3191045530271209	0.3039254271266849
0.5372898391598069	0.43723387406425096	0.3191045530271209	0.3039254271266849
0.5372898391598069	0.43723387406425096	0.3191045530271209	0.3039254271266849
0.4804771171763312	0.4359230127984013	0.2759066901129091	0.328618614826201
0.4804771171763312	0.4359230127984013	0.2759066901129091	0.328618614826201
0.4804771171763312	0.4359230127984013	0.2759066901129091	0.328618614826201
0.4804771171763312	0.4359230127984013	0.2759066901129091	0.328618614826201
0.4804771171763312	0.4359230127984013	0.2759066901129091	0.328618614826201
0.4804771171763312	0.4359230127984013	0.2759066901129091	0.328618614826201
0.4804771171763312	0.4359230127984013	0.2759066901129091	0.328618614826201
0.4804771171763312	0.4359230127984013	0.2759066901129091	0.328618614826201
0.4804771171763312	0.4359230127984013	0.2759066901129091	0.328618614826201
0.4804771171763312	0.4359230127984013	0.2759066901129091	0.328618614826201
0.4804771171763312	0.4359230127984013	0.2759066901129091	0.328618614826201
0.433760874325563	0.4406739347845339	0.3230436926658384	0.36078948930478005
0.433760874325563	0.4406739347845339	0.3230436926658384	0.36078948930478005
0.433760874325563	0.4406739347845339	0.3230436926658384	0.36078948930478005
0.433760874325563	0.4406739347845339	0.3230436926658384	0.36078948930478005
0.433760874325563	0.4406739347845339	0.3230436926658384	0.36078948930478005
0.433760874325563	0.4406739347845339	0.3230436926658384	0.36078948930478005
0.433760874325563	0.4406739347845339	0.3230436926658384	0.36078948930478005
0.433760874325563	0.4406739347845339	0.3230436926658384	0.36078948930478005
0.433760874325563	0.4406739347845339	0.3230436926658384	0.36078948930478005
0.433760874325563	0.4406739347845339	0.3230436926658384	0.36078948930478005
0.433760874325563	0.4406739347845339	0.3230436926658384	0.36078948930478005
0.38195941475762973	0.4397210627787451	0.28303792513408677	0.32668217534091437
0.38195941475762973	0.4397210627787451	0.28303792513408677	0.32668217534091437
0.38195941475762973	0.4397210627787451	0.28303792513408677	0.32668217534091437
0.38195941475762973	0.4397210627787451	0.28303792513408677	0.32668217534091437
0.38195941475762973	0.4397210627787451	0.28303792513408677	0.32668217534091437
0.38195941475762973	0.4397210627787451	0.28303792513408677	0.32668217534091437
0.38195941475762973	0.4397210627787451	0.28303792513408677	0.32668217534091437
0.38195941475762973	0.4397210627787451	0.28303792513408677	0.32668217534091437
0.38195941475762973	0.4397210627787451	0.28303792513408677	0.32668217534091437
0.38195941475762973	0.4397210627787451	0.28303792513408677	0.32668217534091437
0.38195941475762973	0.4397210627787451	0.28303792513408677	0.32668217534091437
0.38195941475762973	0.4397210627787451	0.28303792513408677	0.32668217534091437
0.38195941475762973	0.4397210627787451	0.28303792513408677	0.32668217534091437
0.38195941475762973	0.4397210627787451	0.28303792513408677	0.32668217534091437
0.38195941475762973	0.4397210627787451	0.28303792513408677	0.32668217534091437
0.38195941475762973	0.4397210627787451	0.28303792513408677	0.32668217534091437
0.38195941475762973	0.4397210627787451	0.28303792513408677	0.32668217534091437
0.3744384832600638	0.44687443593890785	0.3160584879291375	0.38709697040169955
0.3744384832600638	0.44687443593890785	0.3160584879291375	0.38709697040169955
0.3744384832600638	0.44687443593890785	0.3160584879291375	0.38709697040169955
0.36275739353812403	0.44704258773909894	0.32538411414675356	0.320982097785418
0.36275739353812403	0.44704258773909894	0.32538411414675356	0.320982097785418
0.36275739353812403	0.44704258773909894	0.32538411414675356	0.320982097785418
0.36275739353812403	0.44704258773909894	0.32538411414675356	0.320982097785418
0.36275739353812403	0.44704258773909894	0.32538411414675356	0.320982097785418
0.3522441183569893	0.4472461317693715	0.31934420334256053	0.320982097785418
0.3522441183569893	0.4472461317693715	0.31934420334256053	0.320982097785418
0.3522441183569893	0.4472461317693715	0.31934420334256053	0.320982097785418
0.3522441183569893	0.4472461317693715	0.31934420334256053	0.320982097785418
0.35186582096482777	0.45364868363293903	0.3837994771530852	0.320982097785418
0.3460164046343706	0.4556781601824171	0.3294205752351284	0.37694172894629197
0.3447734937119916	0.4577919894338491	0.3216950277553096	0.31720088252694056
0.3447734937119916	0.4577919894338491	0.3216950277553096	0.31720088252694056
0.3447734937119916	0.4577919894338491	0.3216950277553096	0.31720088252694056
0.3342453036640521	0.46261842810501086	0.3361635785633794	0.3596257834745966
0.3342453036640521	0.46261842810501086	0.3361635785633794	0.3596257834745966
0.3342453036640521	0.46261842810501086	0.3361635785633794	0.3596257834745966
0.3342453036640521	0.46261842810501086	0.3361635785633794	0.3596257834745966
0.33397818306482285	0.4664314593308059	0.3601129850529203	0.3462839387578932
0.33206442630040517	0.46871297477030194	0.3890590465983932	0.392060291777377
0.329799940619964	0.4716529485923841	0.3361635785633794	0.43302227969800916
0.32589928742339386	0.4727029629195663	0.394293156031651	0.41425358736294005
0.32589928742339386	0.4727029629195663	0.394293156031651	0.41425358736294005
0.3252639881086892	0.47329322829028	0.41345050339635814	0.41425358736294005
0.3234540693241229	0.48433466307235196	0.363243160642314	0.406254352281596
0.3187838436695122	0.48762961621678264	0.358956097372394	0.40169565979224364
0.3187838436695122	0.48762961621678264	0.358956097372394	0.40169565979224364
0.3187838436695122	0.48762961621678264	0.358956097372394	0.40169565979224364
0.31730116087049975	0.504866761466838	0.40773901096832393	0.45325271197196826
0.31730116087049975	0.504866761466838	0.40773901096832393	0.45325271197196826
0.3066260828804038	0.530001104931321	0.3659877486874683	0.41098881522310726
0.3066260828804038	0.530001104931321	0.3659877486874683	0.41098881522310726
0.3066260828804038	0.530001104931321	0.3659877486874683	0.41098881522310726
0.3066260828804038	0.530001104931321	0.3659877486874683	0.41098881522310726
0.3066260828804038	0.530001104931321	0.3659877486874683	0.41098881522310726
0.2971248661304394	0.534455901891154	0.40014895050982574	0.3767337655753823
0.2971248661304394	0.534455901891154	0.40014895050982574	0.3767337655753823
0.2971248661304394	0.534455901891154	0.40014895050982574	0.3767337655753823
0.2971248661304394	0.534455901891154	0.40014895050982574	0.3767337655753823
0.2938046640070405	0.535508980544188	0.3659496808458812	0.35325176581416023
0.2938046640070405	0.535508980544188	0.3659496808458812	0.35325176581416023
0.2871927728296793	0.5416829450881003	0.4414755413993545	0.3877156358960676
0.2871927728296793	0.5416829450881003	0.4414755413993545	0.3877156358960676
0.2871927728296793	0.5416829450881003	0.4414755413993545	0.3877156358960676
0.2859140030638786	0.5458587762604548	0.41333160117796264	0.35612009354877106
0.2829341500744931	0.549161965362967	0.5098740807272436	0.3877156358960676
0.28152908678297633	0.5562598926756401	0.5098740807272436	0.4346796354185117
0.28152908678297633	0.5562598926756401	0.5098740807272436	0.4346796354185117
0.268306862947654	0.5942087385079818	0.5455416116909104	0.4594429588684471
0.268306862947654	0.5942087385079818	0.5455416116909104	0.4594429588684471
0.268306862947654	0.5942087385079818	0.5455416116909104	0.4594429588684471
0.268306862947654	0.5942087385079818	0.5455416116909104	0.4594429588684471
0.268306862947654	0.5942087385079818	0.5455416116909104	0.4594429588684471
0.268306862947654	0.5942087385079818	0.5455416116909104	0.4594429588684471
0.2619906240137319	0.5992283063016927	0.5489875018346166	0.37084090691011384
0.2619906240137319	0.5992283063016927	0.5489875018346166	0.37084090691011384
0.2619906240137319	0.5992283063016927	0.5489875018346166	0.37084090691011384
