0.8012415983264225	0.1883547482647376	0.0040289596097207725	0.2012941283773057
0.8012415983264225	0.1883547482647376	0.0040289596097207725	0.2012941283773057
0.8012415983264225	0.1883547482647376	0.0040289596097207725	0.2012941283773057
0.8012415983264225	0.1883547482647376	0.0040289596097207725	0.2012941283773057
0.8012415983264225	0.1883547482647376	0.0040289596097207725	0.2012941283773057
0.8012415983264225	0.1883547482647376	0.0040289596097207725	0.2012941283773057
0.8012415983264225	0.1883547482647376	0.0040289596097207725	0.2012941283773057
0.8012415983264225	0.1883547482647376	0.0040289596097207725	0.2012941283773057
0.8012415983264225	0.1883547482647376	0.0040289596097207725	0.2012941283773057
0.8012415983264225	0.1883547482647376	0.0040289596097207725	0.2012941283773057
0.8012415983264225	0.1883547482647376	0.0040289596097207725	0.2012941283773057
0.8012415983264225	0.1883547482647376	0.0040289596097207725	0.2012941283773057
0.8012415983264225	0.1883547482647376	0.0040289596097207725	0.2012941283773057
0.7954217197085337	0.19096509140878445	0.0040289596097207725	0.2012941283773057
0.7954217197085337	0.19096509140878445	0.0040289596097207725	0.2012941283773057
0.7910995094851431	0.19423408108830953	0.0040289596097207725	0.22900003820203352
0.8108307940365707	0.19103525041149752	0.0040289596097207725	0.13511960884050547
0.7969427363177175	0.1987406706681544	0.0040289596097207725	0.18652762228610353
0.6890572090962868	0.2001511447126369	0.0040289596097207725	0.18652762228610353
0.6890572090962868	0.2001511447126369	0.0040289596097207725	0.18652762228610353
0.6890572090962868	0.2001511447126369	0.0040289596097207725	0.18652762228610353
0.6890572090962868	0.2001511447126369	0.0040289596097207725	0.18652762228610353
0.675110198121199	0.20419253213821278	0.012617380542276263	0.19594624630626428
0.6590829133179507	0.20558471356594718	0.007760208953169895	0.2384385280799997
0.6590829133179507	0.20558471356594718	0.007760208953169895	0.2384385280799997
0.6526199024432998	0.20964712388930734	0.0206746532942364	0.194135547784317
0.637414244752304	0.2105373210298913	0.003416715078198934	0.2075365716974725
0.637414244752304	0.2105373210298913	0.003416715078198934	0.2075365716974725
0.637414244752304	0.2105373210298913	0.003416715078198934	0.2075365716974725
0.6409022699416932	0.21131420569464313	0.026380292738941158	0.21624042175832636
0.6409022699416932	0.21131420569464313	0.026380292738941158	0.21624042175832636
0.6247188126469243	0.21874132464169976	0.0040837691140885035	0.17629481589862434
0.6247188126469243	0.21874132464169976	0.0040837691140885035	0.17629481589862434
0.6198523712228347	0.2212362818780118	0.006070986714925869	0.2343827007581851
0.6198523712228347	0.2212362818780118	0.006070986714925869	0.2343827007581851
0.6198523712228347	0.2212362818780118	0.006070986714925869	0.2343827007581851
0.6198523712228347	0.2212362818780118	0.006070986714925869	0.2343827007581851
0.6198523712228347	0.2212362818780118	0.006070986714925869	0.2343827007581851
0.6198523712228347	0.2212362818780118	0.006070986714925869	0.2343827007581851
0.6198523712228347	0.2212362818780118	0.006070986714925869	0.2343827007581851
0.6183551888624378	0.23651826980359297	0.010045421916600572	0.24755251854640503
0.6183551888624378	0.23651826980359297	0.010045421916600572	0.24755251854640503
0.6183551888624378	0.23651826980359297	0.010045421916600572	0.24755251854640503
0.6183551888624378	0.23651826980359297	0.010045421916600572	0.24755251854640503
0.6183551888624378	0.23651826980359297	0.010045421916600572	0.24755251854640503
0.6183551888624378	0.23651826980359297	0.010045421916600572	0.24755251854640503
0.6183551888624378	0.23651826980359297	0.010045421916600572	0.24755251854640503
0.6183551888624378	0.23651826980359297	0.010045421916600572	0.24755251854640503
0.6176254818191039	0.2591409993714769	0.010045421916600572	0.3850136686419411
0.6183551888624378	0.23651826980359297	0.010045421916600572	0.24755251854640503
0.6165888356178177	0.2673058586596163	0.010045421916600572	0.3899642482906931
0.6165888356178177	0.2673058586596163	0.010045421916600572	0.3899642482906931
0.6165888356178177	0.2673058586596163	0.010045421916600572	0.3899642482906931
0.6183551888624378	0.23651826980359297	0.010045421916600572	0.24755251854640503
0.6162941671059927	0.2783709440383644	0.010045421916600572	0.3899642482906931
0.6162941671059927	0.2783709440383644	0.010045421916600572	0.3899642482906931
0.6172990801544639	0.28606387368308245	0.027643179970405163	0.3354415030543737
0.6172990801544639	0.28606387368308245	0.027643179970405163	0.3354415030543737
0.6160099163395995	0.29319476154727053	0.010045421916600572	0.3899642482906931
0.6160099163395995	0.29319476154727053	0.010045421916600572	0.3899642482906931
0.6172990801544639	0.28606387368308245	0.027643179970405163	0.3354415030543737
0.6160099163395995	0.3050079899848046	0.007932643219986851	0.4585030613193952
0.6160099163395995	0.3050079899848046	0.007932643219986851	0.4585030613193952
0.6160099163395995	0.3050079899848046	0.007932643219986851	0.4585030613193952
0.6160099163395995	0.3050079899848046	0.007932643219986851	0.4585030613193952
0.6172990801544639	0.28606387368308245	0.027643179970405163	0.3354415030543737
0.6160094318696778	0.3240015882279609	0.06855462750588645	0.38573512667167353
0.6160094318696778	0.3240015882279609	0.06855462750588645	0.38573512667167353
0.6160094318696778	0.3240015882279609	0.06855462750588645	0.38573512667167353
0.6160094318696778	0.3240015882279609	0.06855462750588645	0.38573512667167353
0.6160094318696778	0.3240015882279609	0.06855462750588645	0.38573512667167353
0.6160094318696778	0.3240015882279609	0.06855462750588645	0.38573512667167353
0.6160094318696778	0.3240015882279609	0.06855462750588645	0.38573512667167353
0.6160094318696778	0.3240015882279609	0.06855462750588645	0.38573512667167353
0.6160094318696778	0.3240015882279609	0.06855462750588645	0.38573512667167353
0.6160094318696778	0.3240015882279609	0.06855462750588645	0.38573512667167353
0.6160094318696778	0.3240015882279609	0.06855462750588645	0.38573512667167353
0.6160094318696778	0.3240015882279609	0.06855462750588645	0.38573512667167353
0.6160099163395995	0.3299714642576747	0.010045421916600572	0.4585030613193952
0.6160099163395995	0.3299714642576747	0.010045421916600572	0.4585030613193952
0.6160099163395995	0.3299714642576747	0.010045421916600572	0.4585030613193952
0.6160099163395995	0.3299714642576747	0.010045421916600572	0.4585030613193952
0.6160099163395995	0.3299714642576747	0.010045421916600572	0.4585030613193952
0.6160099163395995	0.3299714642576747	0.010045421916600572	0.4585030613193952
0.6160099163395995	0.3299714642576747	0.010045421916600572	0.4585030613193952
0.6160099163395995	0.3299714642576747	0.010045421916600572	0.4585030613193952
0.6160099163395995	0.3299714642576747	0.010045421916600572	0.4585030613193952
0.5833102362690588	0.42347191320199923	0.28899326001374603	0.3013186719008943
0.5833102362690588	0.42347191320199923	0.28899326001374603	0.3013186719008943
0.5833102362690588	0.42347191320199923	0.28899326001374603	0.3013186719008943
0.5833102362690588	0.42347191320199923	0.28899326001374603	0.3013186719008943
0.5833102362690588	0.42347191320199923	0.28899326001374603	0.3013186719008943
0.4487276618474143	0.4240764467213309	0.2910822345044902	0.30254264700817163
0.44897872906136227	0.41985807740372116	0.3086347215949169	0.32700393109406756
0.44897872906136227	0.41985807740372116	0.3086347215949169	0.32700393109406756
0.44897872906136227	0.41985807740372116	0.3086347215949169	0.32700393109406756
0.44897872906136227	0.41985807740372116	0.3086347215949169	0.32700393109406756
0.44897872906136227	0.41985807740372116	0.3086347215949169	0.32700393109406756
0.44897872906136227	0.41985807740372116	0.3086347215949169	0.32700393109406756
0.44897872906136227	0.41985807740372116	0.3086347215949169	0.32700393109406756
0.44897872906136227	0.41985807740372116	0.3086347215949169	0.32700393109406756
0.44897872906136227	0.41985807740372116	0.3086347215949169	0.32700393109406756
0.44897872906136227	0.41985807740372116	0.3086347215949169	0.32700393109406756
0.44897872906136227	0.41985807740372116	0.3086347215949169	0.32700393109406756
0.44897872906136227	0.41985807740372116	0.3086347215949169	0.32700393109406756
0.44897872906136227	0.41985807740372116	0.3086347215949169	0.32700393109406756
0.44897872906136227	0.41985807740372116	0.3086347215949169	0.32700393109406756
0.44897872906136227	0.41985807740372116	0.3086347215949169	0.32700393109406756
0.44897872906136227	0.41985807740372116	0.3086347215949169	0.32700393109406756
0.44897872906136227	0.41985807740372116	0.3086347215949169	0.32700393109406756
0.44897872906136227	0.41985807740372116	0.3086347215949169	0.32700393109406756
0.44897872906136227	0.41985807740372116	0.3086347215949169	0.32700393109406756
0.44897872906136227	0.41985807740372116	0.3086347215949169	0.32700393109406756
0.44897872906136227	0.41985807740372116	0.3086347215949169	0.32700393109406756
0.44897872906136227	0.41985807740372116	0.3086347215949169	0.32700393109406756
0.44897872906136227	0.41985807740372116	0.3086347215949169	0.32700393109406756
0.44897872906136227	0.41985807740372116	0.3086347215949169	0.32700393109406756
0.44897872906136227	0.41985807740372116	0.3086347215949169	0.32700393109406756
0.42142746542447007	0.4214596077163776	0.2937626585470339	0.35261507678294757
0.42142746542447007	0.4214596077163776	0.2937626585470339	0.35261507678294757
0.42142746542447007	0.4214596077163776	0.2937626585470339	0.35261507678294757
0.42142746542447007	0.4214596077163776	0.2937626585470339	0.35261507678294757
0.42142746542447007	0.4214596077163776	0.2937626585470339	0.35261507678294757
0.42982031821200206	0.4211036577176569	0.2761583038639698	0.3891708127661995
0.42142746542447007	0.4214596077163776	0.2937626585470339	0.35261507678294757
0.42142746542447007	0.4214596077163776	0.2937626585470339	0.35261507678294757
0.42142746542447007	0.4214596077163776	0.2937626585470339	0.35261507678294757
0.3834449943125661	0.4221536391475939	0.30066879685403636	0.35261507678294757
0.3834449943125661	0.4221536391475939	0.30066879685403636	0.35261507678294757
0.3834449943125661	0.4221536391475939	0.30066879685403636	0.35261507678294757
0.3834449943125661	0.4221536391475939	0.30066879685403636	0.35261507678294757
0.3834449943125661	0.4221536391475939	0.30066879685403636	0.35261507678294757
0.3834449943125661	0.4221536391475939	0.30066879685403636	0.35261507678294757
0.3834449943125661	0.4221536391475939	0.30066879685403636	0.35261507678294757
0.3834449943125661	0.4221536391475939	0.30066879685403636	0.35261507678294757
0.3834449943125661	0.4221536391475939	0.30066879685403636	0.35261507678294757
0.3834449943125661	0.4221536391475939	0.30066879685403636	0.35261507678294757
0.3834449943125661	0.4221536391475939	0.30066879685403636	0.35261507678294757
0.3886768617866897	0.42865098051644096	0.28743349163616205	0.35261507678294757
0.3776588610109587	0.4309102420872845	0.3203936484753376	0.37313206326598697
0.3776588610109587	0.4309102420872845	0.3203936484753376	0.37313206326598697
0.3776588610109587	0.4309102420872845	0.3203936484753376	0.37313206326598697
0.3759811571467458	0.4326197507929377	0.3153146134656646	0.37313206326598697
0.37435785327308596	0.43373641682849484	0.3203936484753376	0.37313206326598697
0.3648456451304905	0.4373795407608868	0.268563028798592	0.2804209119599827
0.3648456451304905	0.4373795407608868	0.268563028798592	0.2804209119599827
0.3648456451304905	0.4373795407608868	0.268563028798592	0.2804209119599827
0.3648456451304905	0.4373795407608868	0.268563028798592	0.2804209119599827
0.35781356674785103	0.4415940811120435	0.31898621854615794	0.31665797845126475
0.35781356674785103	0.4415940811120435	0.31898621854615794	0.31665797845126475
0.35781356674785103	0.4415940811120435	0.31898621854615794	0.31665797845126475
0.3523707157875683	0.44360596403376107	0.34721764132478494	0.3477605287430949
0.3523707157875683	0.44360596403376107	0.34721764132478494	0.3477605287430949
0.3513261680052036	0.44360596403376107	0.34721764132478494	0.3477605287430949
0.3486691815664506	0.44422134418727716	0.34721764132478494	0.366473129834574
0.34744711237420467	0.44660243934949556	0.34721764132478494	0.3477605287430949
0.3452458269891143	0.44770476252628083	0.34721764132478494	0.3147061319306249
0.3448972717035978	0.4479987537970514	0.34721764132478494	0.4138693223680348
0.3443806586795893	0.45305016962862227	0.40100415005606804	0.3477605287430949
0.3376920161978333	0.4645828519689974	0.3204463519575831	0.407142223386079
0.3376920161978333	0.4645828519689974	0.3204463519575831	0.407142223386079
0.3376920161978333	0.4645828519689974	0.3204463519575831	0.407142223386079
0.33307723262272787	0.46660068346639655	0.33104873918919453	0.3926506204557572
0.33307723262272787	0.46660068346639655	0.33104873918919453	0.3926506204557572
0.33236321004027564	0.4706059155841176	0.36827871195707984	0.3805383731585005
0.3215078933489814	0.4725822121068689	0.35653000043408484	0.41378459608392065
0.3215078933489814	0.4725822121068689	0.35653000043408484	0.41378459608392065
0.3215078933489814	0.4725822121068689	0.35653000043408484	0.41378459608392065
0.3215078933489814	0.4725822121068689	0.35653000043408484	0.41378459608392065
0.3215078933489814	0.4725822121068689	0.35653000043408484	0.41378459608392065
0.3215078933489814	0.4725822121068689	0.35653000043408484	0.41378459608392065
0.3164031037857531	0.4832124806106236	0.3844023752268801	0.32701927759867283
0.3164031037857531	0.4832124806106236	0.3844023752268801	0.32701927759867283
0.3158022244561227	0.48916370143614246	0.3530210735776852	0.37072660707907645
0.3085754971210011	0.5007426161297128	0.35914061974222966	0.4129095096370119
0.3085754971210011	0.5007426161297128	0.35914061974222966	0.4129095096370119
0.3085754971210011	0.5007426161297128	0.35914061974222966	0.4129095096370119
0.3085754971210011	0.5007426161297128	0.35914061974222966	0.4129095096370119
0.30217073015929813	0.5071387543583622	0.35914061974222966	0.3557995771944581
0.30217073015929813	0.5071387543583622	0.35914061974222966	0.3557995771944581
0.30217073015929813	0.5071387543583622	0.35914061974222966	0.3557995771944581
0.2962759275834726	0.5098171632991688	0.36727025094902344	0.42210647521043965
0.2962759275834726	0.5098171632991688	0.36727025094902344	0.42210647521043965
0.2962759275834726	0.5098171632991688	0.36727025094902344	0.42210647521043965
0.2954764690478963	0.5202280722417345	0.42992387938080046	0.37355832109886555
0.2918348065037604	0.5343639054748303	0.3525175569400582	0.4142645284982618
0.2918348065037604	0.5343639054748303	0.3525175569400582	0.4142645284982618
0.29157024486445243	0.5663023731802486	0.3525175569400582	0.4142645284982618
0.2896376908752231	0.5415556633444446	0.3525175569400582	0.4619011965595904
0.28519511581955975	0.5859465525492932	0.39567457523062927	0.4217556092612246
0.28431632893355446	0.5571929907287377	0.39567457523062927	0.3895828650680603
0.28431632893355446	0.5571929907287377	0.39567457523062927	0.3895828650680603
0.2821937807789583	0.6144948210604946	0.4449312598018437	0.43892854227855493
0.2695640994657033	0.6309263090107109	0.4554047485065591	0.3761298684124913
0.2695640994657033	0.6309263090107109	0.4554047485065591	0.3761298684124913
0.2695640994657033	0.6309263090107109	0.4554047485065591	0.3761298684124913
0.2695640994657033	0.6309263090107109	0.4554047485065591	0.3761298684124913
0.2695640994657033	0.6309263090107109	0.4554047485065591	0.3761298684124913
0.26509383886710874	0.7644089159813586	0.4718031750208952	0.5215045645397641
0.26509383886710874	0.7644089159813586	0.4718031750208952	0.5215045645397641
