0.6631920883565785	0.1852634249199332	0.002358086711007984	0.17851274457335864
0.6631920883565785	0.1852634249199332	0.002358086711007984	0.17851274457335864
0.6641452019588248	0.1852634249199332	0.002358086711007984	0.17851274457335864
0.6641452019588248	0.1852634249199332	0.002358086711007984	0.17851274457335864
0.6641452019588248	0.1852634249199332	0.002358086711007984	0.17851274457335864
0.6641452019588248	0.1852634249199332	0.002358086711007984	0.17851274457335864
0.6641452019588248	0.1852634249199332	0.002358086711007984	0.17851274457335864
0.6641452019588248	0.1852634249199332	0.002358086711007984	0.17851274457335864
0.6641452019588248	0.1852634249199332	0.002358086711007984	0.17851274457335864
0.6641452019588248	0.1852634249199332	0.002358086711007984	0.17851274457335864
0.6641452019588248	0.1852634249199332	0.002358086711007984	0.17851274457335864
0.6641452019588248	0.1852634249199332	0.002358086711007984	0.17851274457335864
0.6641452019588248	0.1852634249199332	0.002358086711007984	0.17851274457335864
0.6641452019588248	0.1852634249199332	0.002358086711007984	0.17851274457335864
0.6641452019588248	0.1852634249199332	0.002358086711007984	0.17851274457335864
0.6641452019588248	0.1852634249199332	0.002358086711007984	0.17851274457335864
0.6641452019588248	0.1852634249199332	0.002358086711007984	0.17851274457335864
0.6463920967141983	0.1856152779554103	0.002358086711007984	0.19119742374095006
0.640180590845911	0.18770776740980205	0.002358086711007984	0.19119742374095006
0.6366777136171967	0.1886189299098847	0.002358086711007984	0.17851274457335864
0.6366777136171967	0.1886189299098847	0.002358086711007984	0.17851274457335864
0.6366777136171967	0.1886189299098847	0.002358086711007984	0.17851274457335864
0.6366777136171967	0.1886189299098847	0.002358086711007984	0.17851274457335864
0.6366777136171967	0.1886189299098847	0.002358086711007984	0.17851274457335864
0.6357560968613095	0.2003836724705918	0.002358086711007984	0.23961434229313722
0.6195266074260841	0.2012483739035011	0.012618731565308433	0.1925678866267116
0.61927837511946	0.2018148219738417	0.012618731565308433	0.1925678866267116
0.61927837511946	0.2018148219738417	0.012618731565308433	0.1925678866267116
0.6171367495508623	0.20756502576771754	0.012618731565308433	0.1925678866267116
0.6171367495508623	0.20756502576771754	0.012618731565308433	0.1925678866267116
0.6169253600310234	0.2118561374296961	0.012618731565308433	0.18713801078955813
0.6168649633222135	0.2134938483380085	0.012618731565308433	0.1925678866267116
0.6168649633222135	0.2134938483380085	0.012618731565308433	0.1925678866267116
0.6157380432296937	0.21986932402049478	0.012618731565308433	0.24999965802770568
0.6157380432296937	0.21986932402049478	0.012618731565308433	0.24999965802770568
0.6157380432296937	0.21986932402049478	0.012618731565308433	0.24999965802770568
0.6153194056405639	0.22551283449582893	0.012618731565308433	0.16477851286842052
0.6150016633682643	0.22978488291383242	0.058491852623786506	0.16477851286842052
0.6150016633682643	0.22978488291383242	0.058491852623786506	0.16477851286842052
0.6150016633682643	0.22978488291383242	0.058491852623786506	0.16477851286842052
0.6150016633682643	0.22978488291383242	0.058491852623786506	0.16477851286842052
0.6150016633682643	0.22978488291383242	0.058491852623786506	0.16477851286842052
0.6150016633682643	0.22978488291383242	0.058491852623786506	0.16477851286842052
0.6150016633682643	0.22978488291383242	0.058491852623786506	0.16477851286842052
0.6150016633682643	0.22978488291383242	0.058491852623786506	0.16477851286842052
0.6150016633682643	0.22978488291383242	0.058491852623786506	0.16477851286842052
0.6150016633682643	0.22978488291383242	0.058491852623786506	0.16477851286842052
0.6147742819424277	0.24514040052005695	0.06826483104286521	0.2901135485933501
0.6147549835513163	0.2599714845933781	0.058491852623786506	0.14869247586099504
0.6147549835513163	0.2599714845933781	0.058491852623786506	0.14869247586099504
0.6147549835513163	0.2599714845933781	0.058491852623786506	0.14869247586099504
0.6147549835513163	0.2599714845933781	0.058491852623786506	0.14869247586099504
0.6147549835513163	0.2599714845933781	0.058491852623786506	0.14869247586099504
0.6147549835513163	0.2599714845933781	0.058491852623786506	0.14869247586099504
0.6147549835513163	0.2599714845933781	0.058491852623786506	0.14869247586099504
0.6147549835513163	0.2599714845933781	0.058491852623786506	0.14869247586099504
0.6146577396535484	0.2841277130086053	0.05669024270242448	0.10366615171721866
0.6137996930397283	0.28726152485674206	0.03174194635125979	0.10045862900790262
0.6137996930397283	0.28726152485674206	0.03174194635125979	0.10045862900790262
0.6137996930397283	0.28726152485674206	0.03174194635125979	0.10045862900790262
0.6137996930397283	0.28726152485674206	0.03174194635125979	0.10045862900790262
0.6137996930397283	0.28726152485674206	0.03174194635125979	0.10045862900790262
0.6137996930397283	0.28726152485674206	0.03174194635125979	0.10045862900790262
0.6137996930397283	0.28726152485674206	0.03174194635125979	0.10045862900790262
0.6137996930397283	0.28726152485674206	0.03174194635125979	0.10045862900790262
0.6137996930397283	0.28726152485674206	0.03174194635125979	0.10045862900790262
0.6137996930397283	0.28726152485674206	0.03174194635125979	0.10045862900790262
0.6137996930397283	0.28726152485674206	0.03174194635125979	0.10045862900790262
0.6137996930397283	0.28726152485674206	0.03174194635125979	0.10045862900790262
0.6137996930397283	0.28726152485674206	0.03174194635125979	0.10045862900790262
0.6137996930397283	0.28726152485674206	0.03174194635125979	0.10045862900790262
0.6137996930397283	0.28726152485674206	0.03174194635125979	0.10045862900790262
0.6137996930397283	0.28726152485674206	0.03174194635125979	0.10045862900790262
0.6137996930397283	0.28726152485674206	0.03174194635125979	0.10045862900790262
0.6137996930397283	0.28726152485674206	0.03174194635125979	0.10045862900790262
0.6137996930397283	0.28726152485674206	0.03174194635125979	0.10045862900790262
0.6137996930397283	0.28726152485674206	0.03174194635125979	0.10045862900790262
0.6137996930397283	0.28726152485674206	0.03174194635125979	0.10045862900790262
0.6137996930397283	0.28726152485674206	0.03174194635125979	0.10045862900790262
0.6137996930397283	0.28726152485674206	0.03174194635125979	0.10045862900790262
0.6137996930397283	0.28726152485674206	0.03174194635125979	0.10045862900790262
0.6137996930397283	0.28726152485674206	0.03174194635125979	0.10045862900790262
0.613934516692787	0.31563586255457654	0.010017725136632377	0.07423167080714035
0.6139569586644216	0.33547339346832794	0.010017725136632377	0.09448761011307774
0.6139569586644216	0.33547339346832794	0.010017725136632377	0.09448761011307774
0.6139569586644216	0.33547339346832794	0.010017725136632377	0.09448761011307774
0.6139569586644216	0.33547339346832794	0.010017725136632377	0.09448761011307774
0.6139569586644216	0.33547339346832794	0.010017725136632377	0.09448761011307774
0.6139569586644216	0.33547339346832794	0.010017725136632377	0.09448761011307774
0.589692199645106	0.42906765060192886	0.2661477426453199	0.35684597867351275
0.589692199645106	0.42906765060192886	0.2661477426453199	0.35684597867351275
0.5484492561801624	0.4269867215312144	0.2661477426453199	0.32628995887594625
0.5484492561801624	0.4269867215312144	0.2661477426453199	0.32628995887594625
0.5484492561801624	0.4269867215312144	0.2661477426453199	0.32628995887594625
0.5484492561801624	0.4269867215312144	0.2661477426453199	0.32628995887594625
0.5484492561801624	0.4269867215312144	0.2661477426453199	0.32628995887594625
0.5484492561801624	0.4269867215312144	0.2661477426453199	0.32628995887594625
0.5484492561801624	0.4269867215312144	0.2661477426453199	0.32628995887594625
0.5484492561801624	0.4269867215312144	0.2661477426453199	0.32628995887594625
0.500071144983615	0.42871891251623895	0.26212746324686453	0.32502227088401625
0.48429129668848736	0.42743432136165904	0.2626482772643721	0.36276349894264115
0.4715841902134815	0.4274210588791735	0.26212746324686453	0.32502227088401625
0.4715841902134815	0.4274210588791735	0.26212746324686453	0.32502227088401625
0.4715841902134815	0.4274210588791735	0.26212746324686453	0.32502227088401625
0.4715841902134815	0.4274210588791735	0.26212746324686453	0.32502227088401625
0.4715841902134815	0.4274210588791735	0.26212746324686453	0.32502227088401625
0.4715841902134815	0.4274210588791735	0.26212746324686453	0.32502227088401625
0.4715841902134815	0.4274210588791735	0.26212746324686453	0.32502227088401625
0.4715841902134815	0.4274210588791735	0.26212746324686453	0.32502227088401625
0.4715841902134815	0.4274210588791735	0.26212746324686453	0.32502227088401625
0.4715841902134815	0.4274210588791735	0.26212746324686453	0.32502227088401625
0.4715841902134815	0.4274210588791735	0.26212746324686453	0.32502227088401625
0.4715841902134815	0.4274210588791735	0.26212746324686453	0.32502227088401625
0.4715841902134815	0.4274210588791735	0.26212746324686453	0.32502227088401625
0.4715841902134815	0.4274210588791735	0.26212746324686453	0.32502227088401625
0.4405933142318418	0.42810704826464335	0.3263114990720297	0.3432615202210749
0.4405933142318418	0.42810704826464335	0.3263114990720297	0.3432615202210749
0.4405933142318418	0.42810704826464335	0.3263114990720297	0.3432615202210749
0.4405933142318418	0.42810704826464335	0.3263114990720297	0.3432615202210749
0.4405933142318418	0.42810704826464335	0.3263114990720297	0.3432615202210749
0.4405933142318418	0.42810704826464335	0.3263114990720297	0.3432615202210749
0.4405933142318418	0.42810704826464335	0.3263114990720297	0.3432615202210749
0.4405933142318418	0.42810704826464335	0.3263114990720297	0.3432615202210749
0.4405933142318418	0.42810704826464335	0.3263114990720297	0.3432615202210749
0.43543414911944495	0.4336841883951223	0.3263114990720297	0.3432615202210749
0.43543414911944495	0.4336841883951223	0.3263114990720297	0.3432615202210749
0.4337345429886524	0.44050133700722993	0.3521791927736764	0.4304966231269165
0.43180018762582456	0.4480267012158446	0.3191398088557973	0.31227895685622836
0.43180018762582456	0.4480267012158446	0.3191398088557973	0.31227895685622836
0.4093203446138938	0.45020713589232236	0.325190808488848	0.3229333597749827
0.4093203446138938	0.45020713589232236	0.325190808488848	0.3229333597749827
0.4093203446138938	0.45020713589232236	0.325190808488848	0.3229333597749827
0.41570357605878877	0.448408079893	0.3092137391277965	0.311696258316383
0.4093203446138938	0.45020713589232236	0.325190808488848	0.3229333597749827
0.4093203446138938	0.45020713589232236	0.325190808488848	0.3229333597749827
0.3919927942153517	0.45028460644980833	0.34504294794484974	0.3235160583148281
0.3919927942153517	0.45028460644980833	0.34504294794484974	0.3235160583148281
0.3919927942153517	0.45028460644980833	0.34504294794484974	0.3235160583148281
0.3919927942153517	0.45028460644980833	0.34504294794484974	0.3235160583148281
0.3919927942153517	0.45028460644980833	0.34504294794484974	0.3235160583148281
0.39169270548439644	0.4478404273502993	0.36884389249407096	0.36320398988721525
0.3731941464390446	0.45095458965337565	0.35742672937331	0.3464647219553837
0.3731941464390446	0.45095458965337565	0.35742672937331	0.3464647219553837
0.3731941464390446	0.45095458965337565	0.35742672937331	0.3464647219553837
0.3731941464390446	0.45095458965337565	0.35742672937331	0.3464647219553837
0.37771714563526093	0.4513420887700915	0.35742672937331	0.37059390943987897
0.3740673001507823	0.45371837818969	0.35742672937331	0.37059390943987897
0.37068616670597165	0.45416142238377516	0.33223281110478914	0.32161255715998244
0.37068616670597165	0.45416142238377516	0.33223281110478914	0.32161255715998244
0.3549009984739705	0.456449668061727	0.35742672937331	0.3452993248756929
0.3549009984739705	0.456449668061727	0.35742672937331	0.3452993248756929
0.3549009984739705	0.456449668061727	0.35742672937331	0.3452993248756929
0.3549009984739705	0.456449668061727	0.35742672937331	0.3452993248756929
0.3549009984739705	0.456449668061727	0.35742672937331	0.3452993248756929
0.3549009984739705	0.456449668061727	0.35742672937331	0.3452993248756929
0.35088671767513036	0.45836547986593823	0.3284567925194982	0.34829307155626643
0.35088671767513036	0.45868011836160216	0.3284567925194982	0.34829307155626643
0.34310608660463704	0.4597642650690034	0.29992141130638966	0.36021074081996896
0.34310608660463704	0.4597642650690034	0.29992141130638966	0.36021074081996896
0.34310608660463704	0.4597642650690034	0.29992141130638966	0.36021074081996896
0.33668831243663583	0.4624777325778715	0.40482924737056764	0.36021074081996896
0.33668831243663583	0.4624777325778715	0.40482924737056764	0.36021074081996896
0.33668831243663583	0.4624777325778715	0.40482924737056764	0.36021074081996896
0.33668831243663583	0.4624777325778715	0.40482924737056764	0.36021074081996896
0.3335882104452349	0.473657931669624	0.31836451171268276	0.38697196861908334
0.3301159651676347	0.4739225091543355	0.3580357095817422	0.36424379660798917
0.3301159651676347	0.4739225091543355	0.3580357095817422	0.36424379660798917
0.3261349955570827	0.4747644127810453	0.35771608656044046	0.36424379660798917
0.3247269613040439	0.4754423725669272	0.3580357095817422	0.39846993064640923
0.3234713716331737	0.4761968989335636	0.3580357095817422	0.34713072958877916
0.32123553205221517	0.4834740649359391	0.3580357095817422	0.4202445942443448
0.31503925443649256	0.4869616860248625	0.3412477388565975	0.34498178855405764
0.31503925443649256	0.4869616860248625	0.3412477388565975	0.34498178855405764
0.31503925443649256	0.4869616860248625	0.3412477388565975	0.34498178855405764
0.31503925443649256	0.4869616860248625	0.3412477388565975	0.34498178855405764
0.311484593561829	0.5045817608611181	0.4009854830887095	0.4221279830417407
0.311484593561829	0.5045817608611181	0.4009854830887095	0.4221279830417407
0.30747575934167143	0.5107905533374104	0.43078148945992656	0.4022248208316762
0.30747575934167143	0.5107905533374104	0.43078148945992656	0.4022248208316762
0.302103618160609	0.5157632926996071	0.39760247560933604	0.4022248208316762
0.302103618160609	0.5157632926996071	0.39760247560933604	0.4022248208316762
0.302103618160609	0.5157632926996071	0.39760247560933604	0.4022248208316762
0.28951850577267374	0.5232885950186652	0.3753871213047669	0.35518822616099255
0.28951850577267374	0.5232885950186652	0.3753871213047669	0.35518822616099255
0.28951850577267374	0.5232885950186652	0.3753871213047669	0.35518822616099255
0.28951850577267374	0.5232885950186652	0.3753871213047669	0.35518822616099255
0.28951850577267374	0.5232885950186652	0.3753871213047669	0.35518822616099255
0.28951850577267374	0.5232885950186652	0.3753871213047669	0.35518822616099255
0.2866531034557616	0.5249601591244054	0.41792141942927297	0.35518822616099255
0.2866531034557616	0.5249601591244054	0.41792141942927297	0.35518822616099255
0.2836846491016923	0.5599841792468184	0.4268638011040463	0.38471676651718434
0.2836846491016923	0.5599841792468184	0.4268638011040463	0.38471676651718434
0.28036276856179654	0.6011337075406584	0.49700167228746833	0.38052639798117943
0.28036276856179654	0.6011337075406584	0.49700167228746833	0.38052639798117943
0.27635062696282015	0.6234096938211784	0.570061457099199	0.40546877414613886
0.27635062696282015	0.6234096938211784	0.570061457099199	0.40546877414613886
0.27635062696282015	0.6234096938211784	0.570061457099199	0.40546877414613886
0.27430629380100136	1.1147921443815854	0.6215954457446274	0.5040517384999027
0.27430629380100136	1.1147921443815854	0.6215954457446274	0.5040517384999027
0.2657694500229847	2.485112687813518	0.3178514811480998	0.3308195523874379
