1.3774327284897354	0.18270217894311003	0.0018397131954444035	0.14849865114527086
1.3774327284897354	0.18270217894311003	0.0018397131954444035	0.14849865114527086
1.3774327284897354	0.18270217894311003	0.0018397131954444035	0.14849865114527086
1.3774327284897354	0.18270217894311003	0.0018397131954444035	0.14849865114527086
1.3774327284897354	0.18270217894311003	0.0018397131954444035	0.14849865114527086
1.3774327284897354	0.18270217894311003	0.0018397131954444035	0.14849865114527086
1.3774327284897354	0.18270217894311003	0.0018397131954444035	0.14849865114527086
1.3774327284897354	0.18270217894311003	0.0018397131954444035	0.14849865114527086
1.08176388821255	0.18309683157643922	0.0014941477511166423	0.16740770905063862
1.08176388821255	0.18309683157643922	0.0014941477511166423	0.16740770905063862
1.08176388821255	0.18309683157643922	0.0014941477511166423	0.16740770905063862
0.963978390334938	0.18372150557589817	0.0005198529531009743	0.16740770905063862
0.963978390334938	0.18372150557589817	0.0005198529531009743	0.16740770905063862
0.963978390334938	0.18372150557589817	0.0005198529531009743	0.16740770905063862
0.9089913552448083	0.18852980366906336	0.0014941477511166423	0.160394228652156
0.8540653675019578	0.1890791313857008	0.0014941477511166423	0.18404292952207135
0.8298440182300001	0.18961003549740274	0.0014941477511166423	0.15909009881492225
0.817676222820405	0.19031334707183792	0.0014941477511166423	0.18404292952207135
0.817676222820405	0.19031334707183792	0.0014941477511166423	0.18404292952207135
0.8112468945594599	0.19405205480447904	0.017391743119502118	0.20580666810419818
0.6218272379278125	0.19953179652198114	0.0046761948913790485	0.18637439516201135
0.6218272379278125	0.19953179652198114	0.0046761948913790485	0.18637439516201135
0.6218272379278125	0.19953179652198114	0.0046761948913790485	0.18637439516201135
0.6218272379278125	0.19953179652198114	0.0046761948913790485	0.18637439516201135
0.6218272379278125	0.19953179652198114	0.0046761948913790485	0.18637439516201135
0.6218272379278125	0.19953179652198114	0.0046761948913790485	0.18637439516201135
0.6218272379278125	0.19953179652198114	0.0046761948913790485	0.18637439516201135
0.6218272379278125	0.19953179652198114	0.0046761948913790485	0.18637439516201135
0.6218272379278125	0.19953179652198114	0.0046761948913790485	0.18637439516201135
0.6218272379278125	0.19953179652198114	0.0046761948913790485	0.18637439516201135
0.6218272379278125	0.19953179652198114	0.0046761948913790485	0.18637439516201135
0.6218272379278125	0.19953179652198114	0.0046761948913790485	0.18637439516201135
0.6218272379278125	0.19953179652198114	0.0046761948913790485	0.18637439516201135
0.616489244454412	0.20798993242655778	0.0004931122097399099	0.12274520631690028
0.6127727216808332	0.20989956077768562	0.008042917990411957	0.12663415625390992
0.61014058156029	0.21282517295299752	0.007226558407805755	0.20408864561064766
0.61014058156029	0.21282517295299752	0.007226558407805755	0.20408864561064766
0.6096432419956965	0.217791199493055	0.005589024738132581	0.3027080479847167
0.6096432419956965	0.217791199493055	0.005589024738132581	0.3027080479847167
0.6096432419956965	0.217791199493055	0.005589024738132581	0.3027080479847167
0.6090176616919516	0.22405136089409433	0.010482335159430395	0.17660198095398366
0.6090176616919516	0.22405136089409433	0.010482335159430395	0.17660198095398366
0.6090176616919516	0.22405136089409433	0.010482335159430395	0.17660198095398366
0.6090176616919516	0.22405136089409433	0.010482335159430395	0.17660198095398366
0.6090176616919516	0.22405136089409433	0.010482335159430395	0.17660198095398366
0.6090176616919516	0.22405136089409433	0.010482335159430395	0.17660198095398366
0.6090176616919516	0.22405136089409433	0.010482335159430395	0.17660198095398366
0.6090176616919516	0.22405136089409433	0.010482335159430395	0.17660198095398366
0.6090176616919516	0.22405136089409433	0.010482335159430395	0.17660198095398366
0.6090176616919516	0.22405136089409433	0.010482335159430395	0.17660198095398366
0.6090176616919516	0.22405136089409433	0.010482335159430395	0.17660198095398366
0.6090176616919516	0.22405136089409433	0.010482335159430395	0.17660198095398366
0.6090176616919516	0.22405136089409433	0.010482335159430395	0.17660198095398366
0.6090176616919516	0.22405136089409433	0.010482335159430395	0.17660198095398366
0.6088850590521726	0.23161534689097574	0.023551349936157623	0.17660198095398366
0.6088850590521726	0.23161534689097574	0.023551349936157623	0.17660198095398366
0.6088850590521726	0.23161534689097574	0.023551349936157623	0.17660198095398366
0.6088593373229394	0.2758388092787398	0.04832325102907428	0.21880929986221356
0.6088593373229394	0.2758388092787398	0.04832325102907428	0.21880929986221356
0.6088593373229394	0.2758388092787398	0.04832325102907428	0.21880929986221356
0.6088593373229394	0.2758388092787398	0.04832325102907428	0.21880929986221356
0.6088593373229394	0.2758388092787398	0.04832325102907428	0.21880929986221356
0.6088179857329807	0.29341301849186796	0.013739480836965995	0.21880929986221356
0.6088179857329807	0.29341301849186796	0.013739480836965995	0.21880929986221356
0.6088179857329807	0.30061776474630575	0.013739480836965995	0.2832886766588058
0.6088179857329807	0.30061776474630575	0.013739480836965995	0.2832886766588058
0.6088179857329807	0.30061776474630575	0.013739480836965995	0.2832886766588058
0.6088179857329807	0.30061776474630575	0.013739480836965995	0.2832886766588058
0.6088179857329807	0.30061776474630575	0.013739480836965995	0.2832886766588058
0.6088179857329807	0.30061776474630575	0.013739480836965995	0.2832886766588058
0.6088179857329807	0.30061776474630575	0.013739480836965995	0.2832886766588058
0.6088179857329807	0.30061776474630575	0.013739480836965995	0.2832886766588058
0.6088179857329807	0.30061776474630575	0.013739480836965995	0.2832886766588058
0.6088179857329807	0.30061776474630575	0.013739480836965995	0.2832886766588058
0.6088179857329807	0.30061776474630575	0.013739480836965995	0.2832886766588058
0.6088179857329807	0.30061776474630575	0.013739480836965995	0.2832886766588058
0.6088179857329807	0.30061776474630575	0.013739480836965995	0.2832886766588058
0.6088179857329807	0.30061776474630575	0.013739480836965995	0.2832886766588058
0.6088179857329807	0.30061776474630575	0.013739480836965995	0.2832886766588058
0.6088179857329807	0.30061776474630575	0.013739480836965995	0.2832886766588058
0.6088179857329807	0.30061776474630575	0.013739480836965995	0.2832886766588058
0.6088179857329807	0.30061776474630575	0.013739480836965995	0.2832886766588058
0.6088179857329807	0.30061776474630575	0.013739480836965995	0.2832886766588058
0.6088179857329807	0.30061776474630575	0.013739480836965995	0.2832886766588058
0.6088179857329807	0.30061776474630575	0.013739480836965995	0.2832886766588058
0.6088179857329807	0.30061776474630575	0.013739480836965995	0.2832886766588058
0.6088179857329807	0.30061776474630575	0.013739480836965995	0.2832886766588058
0.6088179857329807	0.30061776474630575	0.013739480836965995	0.2832886766588058
0.41179176883164453	0.4102369752351211	0.26541511891725333	0.3383840488916941
0.41179176883164453	0.4102369752351211	0.26541511891725333	0.3383840488916941
0.41179176883164453	0.4102369752351211	0.26541511891725333	0.3383840488916941
0.41179176883164453	0.4102369752351211	0.26541511891725333	0.3383840488916941
0.41179176883164453	0.4102369752351211	0.26541511891725333	0.3383840488916941
0.41179176883164453	0.4102369752351211	0.26541511891725333	0.3383840488916941
0.41179176883164453	0.4102369752351211	0.26541511891725333	0.3383840488916941
0.41179176883164453	0.4102369752351211	0.26541511891725333	0.3383840488916941
0.4103151189562734	0.4080109004325021	0.2604754379222372	0.3383840488916941
0.4103151189562734	0.4080109004325021	0.2604754379222372	0.3383840488916941
0.4005532018870919	0.4070992194409885	0.26376855858558124	0.3383840488916941
0.4005532018870919	0.4070992194409885	0.26376855858558124	0.3383840488916941
0.43207361670041317	0.40510564302309693	0.2604754379222372	0.3362252872149311
0.43207361670041317	0.40510564302309693	0.2604754379222372	0.3362252872149311
0.43207361670041317	0.40510564302309693	0.2604754379222372	0.3362252872149311
0.39734533459864513	0.40369055927187264	0.2604754379222372	0.3383840488916941
0.39734533459864513	0.40369055927187264	0.2604754379222372	0.3383840488916941
0.39734533459864513	0.40369055927187264	0.2604754379222372	0.3383840488916941
0.39734533459864513	0.40369055927187264	0.2604754379222372	0.3383840488916941
0.39734533459864513	0.40369055927187264	0.2604754379222372	0.3383840488916941
0.39734533459864513	0.40369055927187264	0.2604754379222372	0.3383840488916941
0.39734533459864513	0.40369055927187264	0.2604754379222372	0.3383840488916941
0.39734533459864513	0.40369055927187264	0.2604754379222372	0.3383840488916941
0.39734533459864513	0.40369055927187264	0.2604754379222372	0.3383840488916941
0.39734533459864513	0.40369055927187264	0.2604754379222372	0.3383840488916941
0.39734533459864513	0.40369055927187264	0.2604754379222372	0.3383840488916941
0.39734533459864513	0.40369055927187264	0.2604754379222372	0.3383840488916941
0.39734533459864513	0.40369055927187264	0.2604754379222372	0.3383840488916941
0.39734533459864513	0.40369055927187264	0.2604754379222372	0.3383840488916941
0.39734533459864513	0.40369055927187264	0.2604754379222372	0.3383840488916941
0.39734533459864513	0.40369055927187264	0.2604754379222372	0.3383840488916941
0.39734533459864513	0.40369055927187264	0.2604754379222372	0.3383840488916941
0.39734533459864513	0.40369055927187264	0.2604754379222372	0.3383840488916941
0.39734533459864513	0.40369055927187264	0.2604754379222372	0.3383840488916941
0.39734533459864513	0.40369055927187264	0.2604754379222372	0.3383840488916941
0.39734533459864513	0.40369055927187264	0.2604754379222372	0.3383840488916941
0.39734533459864513	0.40369055927187264	0.2604754379222372	0.3383840488916941
0.39734533459864513	0.40369055927187264	0.2604754379222372	0.3383840488916941
0.39734533459864513	0.40369055927187264	0.2604754379222372	0.3383840488916941
0.39734533459864513	0.40369055927187264	0.2604754379222372	0.3383840488916941
0.39452479567695076	0.40662016661193584	0.26376855858558124	0.3383840488916941
0.39452479567695076	0.40662016661193584	0.26376855858558124	0.3383840488916941
0.39452479567695076	0.40662016661193584	0.26376855858558124	0.3383840488916941
0.3934053202364267	0.40953800888567005	0.29060456222406916	0.3383840488916941
0.3934053202364267	0.40953800888567005	0.29060456222406916	0.3383840488916941
0.3934053202364267	0.40953800888567005	0.29060456222406916	0.3383840488916941
0.3934053202364267	0.40953800888567005	0.29060456222406916	0.3383840488916941
0.3867289465919088	0.41383122827903	0.30394682646301396	0.3320560460123071
0.3867289465919088	0.41383122827903	0.30394682646301396	0.3320560460123071
0.37627859140673103	0.41573507057459336	0.3438076913791426	0.3320560460123071
0.37627859140673103	0.41573507057459336	0.3438076913791426	0.3320560460123071
0.37627859140673103	0.41573507057459336	0.3438076913791426	0.3320560460123071
0.37627859140673103	0.41573507057459336	0.3438076913791426	0.3320560460123071
0.37470767184419707	0.4175081578616251	0.3227155284706955	0.3444048484563744
0.37029670272563675	0.41838976234407227	0.3549309698623785	0.33804917294002135
0.37029670272563675	0.41838976234407227	0.3549309698623785	0.33804917294002135
0.36413117577598175	0.42066585940126217	0.27639969695940103	0.3444048484563744
0.36413117577598175	0.42066585940126217	0.27639969695940103	0.3444048484563744
0.3618809699470539	0.4211008649691024	0.36628215193798086	0.3444048484563744
0.3615057348313734	0.4253441969358726	0.36628215193798086	0.3444048484563744
0.3615057348313734	0.4253441969358726	0.36628215193798086	0.3444048484563744
0.3583534585090206	0.4378414391397598	0.332486947368185	0.3396148654610655
0.3583534585090206	0.4378414391397598	0.332486947368185	0.3396148654610655
0.3577694360696054	0.44153763969855475	0.31464104866009834	0.3633811423806387
0.3577694360696054	0.44153763969855475	0.31464104866009834	0.3633811423806387
0.3455262129351233	0.4599642929023287	0.32256320758275636	0.34146386728945144
0.3455262129351233	0.4599642929023287	0.32256320758275636	0.34146386728945144
0.3455262129351233	0.4599642929023287	0.32256320758275636	0.34146386728945144
0.3455262129351233	0.4599642929023287	0.32256320758275636	0.34146386728945144
0.3455262129351233	0.4599642929023287	0.32256320758275636	0.34146386728945144
0.34515126977564814	0.46454701746726274	0.32256320758275636	0.3748182193629911
0.3415265702181818	0.4680557020646038	0.32256320758275636	0.3748182193629911
0.33780318618203947	0.47000207402847305	0.3379521616665982	0.3368350920987283
0.33780318618203947	0.47000207402847305	0.3379521616665982	0.3368350920987283
0.3324354712883096	0.47112599882020856	0.3608583421408605	0.3221505896960538
0.3324354712883096	0.47112599882020856	0.3608583421408605	0.3221505896960538
0.3324354712883096	0.47112599882020856	0.3608583421408605	0.3221505896960538
0.3232103174919545	0.4792097110218458	0.38177399008983076	0.3254875278516819
0.3232103174919545	0.4792097110218458	0.38177399008983076	0.3254875278516819
0.3232103174919545	0.4792097110218458	0.38177399008983076	0.3254875278516819
0.3225132567653443	0.4800456164911816	0.3366017516283329	0.43003243547227904
0.319747468573319	0.48411640369324765	0.35065795882392675	0.39885268028063725
0.319747468573319	0.48411640369324765	0.35065795882392675	0.39885268028063725
0.3127387043239914	0.4991348784416427	0.3648169789875045	0.3710892556121336
0.3127387043239914	0.4991348784416427	0.3648169789875045	0.3710892556121336
0.3127387043239914	0.4991348784416427	0.3648169789875045	0.3710892556121336
0.30971927962551615	0.5015214492309419	0.36857091959778326	0.3710892556121336
0.30971927962551615	0.5015214492309419	0.36857091959778326	0.3710892556121336
0.30505512084503833	0.5029707666614037	0.380549818117025	0.41146329396132253
0.30505512084503833	0.5029707666614037	0.380549818117025	0.41146329396132253
0.29796112966985877	0.5039550443260421	0.3770479521619813	0.38768630515615127
0.29796112966985877	0.5039550443260421	0.3770479521619813	0.38768630515615127
0.29796112966985877	0.5039550443260421	0.3770479521619813	0.38768630515615127
0.29120189851201705	0.5114316702345298	0.36937305776150325	0.4067319439124372
0.29120189851201705	0.5114316702345298	0.36937305776150325	0.4067319439124372
0.29120189851201705	0.5114316702345298	0.36937305776150325	0.4067319439124372
0.2910712897284238	0.5137751954416839	0.36937305776150325	0.4226159148930587
0.2876993982211419	0.5214822221850953	0.340729993303114	0.39623330116695393
0.2857849614797126	0.5232466911316824	0.45100065405686135	0.33060563356216216
0.28294306413016074	0.5311546632506977	0.3990186507846781	0.3969803339772877
0.28294306413016074	0.5311546632506977	0.3990186507846781	0.3969803339772877
0.2790505053173124	0.5495585208291159	0.3567272522075909	0.47037456627223695
0.2790505053173124	0.5495585208291159	0.3567272522075909	0.47037456627223695
0.27538129827411006	0.570217754425388	0.37595768541662533	0.5544762126123777
0.27538129827411006	0.570217754425388	0.37595768541662533	0.5544762126123777
0.26754828158489785	0.5761892046282966	0.4288823379544617	0.5363598545758609
0.26754828158489785	0.5761892046282966	0.4288823379544617	0.5363598545758609
0.26754828158489785	0.5761892046282966	0.4288823379544617	0.5363598545758609
0.2667103135628777	0.6178768350937596	0.4288823379544617	0.5870244295870709
0.259811509883023	0.6539299814411696	0.470217980032236	0.6023686601899485
0.259811509883023	0.6539299814411696	0.470217980032236	0.6023686601899485
0.259811509883023	0.6539299814411696	0.470217980032236	0.6023686601899485
