1.557045635994174	0.19450254554035296	0.014624332041588695	0.20055122654540652
1.557045635994174	0.19450254554035296	0.014624332041588695	0.20055122654540652
1.557045635994174	0.19450254554035296	0.014624332041588695	0.20055122654540652
1.557045635994174	0.19450254554035296	0.014624332041588695	0.20055122654540652
1.557045635994174	0.19450254554035296	0.014624332041588695	0.20055122654540652
1.557045635994174	0.19450254554035296	0.014624332041588695	0.20055122654540652
1.2603837882949416	0.20005225120410886	0.027604410955642505	0.16051170472738457
1.2190499279122446	0.20389403604489986	0.027604410955642505	0.16051170472738457
0.6359501505577345	0.20621654084619273	0.0016278400359750478	0.2598544328779167
0.6359501505577345	0.20621654084619273	0.0016278400359750478	0.2598544328779167
0.6359501505577345	0.20621654084619273	0.0016278400359750478	0.2598544328779167
0.6359501505577345	0.20621654084619273	0.0016278400359750478	0.2598544328779167
0.6359501505577345	0.20621654084619273	0.0016278400359750478	0.2598544328779167
0.6359501505577345	0.20621654084619273	0.0016278400359750478	0.2598544328779167
0.6337508370629059	0.20645798689353714	0.0017364668302070618	0.25126432768011814
0.6208799741995015	0.20973667035816804	0.0036624631065062807	0.19630162473223997
0.6208799741995015	0.20973667035816804	0.0036624631065062807	0.19630162473223997
0.615011491793034	0.2162857041556206	0.004691953767640145	0.24658628466433452
0.6061229219593801	0.21739418084803708	0.004560946364723623	0.22078524853098172
0.6034697512517034	0.21996318671307263	0.02627238197260956	0.21233951666276937
0.5996203160537267	0.22072180142995912	0.02627238197260956	0.21233951666276937
0.5996203160537267	0.22072180142995912	0.02627238197260956	0.21233951666276937
0.5996203160537267	0.22072180142995912	0.02627238197260956	0.21233951666276937
0.5996203160537267	0.22072180142995912	0.02627238197260956	0.21233951666276937
0.5996203160537267	0.22072180142995912	0.02627238197260956	0.21233951666276937
0.5996203160537267	0.22072180142995912	0.02627238197260956	0.21233951666276937
0.5996203160537267	0.22072180142995912	0.02627238197260956	0.21233951666276937
0.5996203160537267	0.22072180142995912	0.02627238197260956	0.21233951666276937
0.5996203160537267	0.22072180142995912	0.02627238197260956	0.21233951666276937
0.5991585909770323	0.2569154784620624	0.02627238197260956	0.10279921639951636
0.5974731190558784	0.2347026552481472	0.009643805673047262	0.22624228476853347
0.5974731190558784	0.2347026552481472	0.009643805673047262	0.22624228476853347
0.5974731190558784	0.2347026552481472	0.009643805673047262	0.22624228476853347
0.5974731190558784	0.2347026552481472	0.009643805673047262	0.22624228476853347
0.5974731190558784	0.2347026552481472	0.009643805673047262	0.22624228476853347
0.5974731190558784	0.2347026552481472	0.009643805673047262	0.22624228476853347
0.5974731190558784	0.2347026552481472	0.009643805673047262	0.22624228476853347
0.5974731190558784	0.2347026552481472	0.009643805673047262	0.22624228476853347
0.5973315269819982	0.298376466096264	0.1125817372989297	0.22624228476853347
0.5973315269819982	0.298376466096264	0.1125817372989297	0.22624228476853347
0.5973315269819982	0.298376466096264	0.1125817372989297	0.22624228476853347
0.5973315269819982	0.298376466096264	0.1125817372989297	0.22624228476853347
0.5973315269819982	0.298376466096264	0.1125817372989297	0.22624228476853347
0.5973315269819982	0.298376466096264	0.1125817372989297	0.22624228476853347
0.5973315269819982	0.298376466096264	0.1125817372989297	0.22624228476853347
0.5973315269819982	0.298376466096264	0.1125817372989297	0.22624228476853347
0.5973315269819982	0.298376466096264	0.1125817372989297	0.22624228476853347
0.5973315269819982	0.2984868200849904	0.10054464460733578	0.22624228476853347
0.5973315269819982	0.2984868200849904	0.10054464460733578	0.22624228476853347
0.5973315269819982	0.2984868200849904	0.10054464460733578	0.22624228476853347
0.5973315269819982	0.2984868200849904	0.10054464460733578	0.22624228476853347
0.5973315269819982	0.2984868200849904	0.10054464460733578	0.22624228476853347
0.5973315269819982	0.2984868200849904	0.10054464460733578	0.22624228476853347
0.5973315269819982	0.2984868200849904	0.10054464460733578	0.22624228476853347
0.5973315269819982	0.2984868200849904	0.10054464460733578	0.22624228476853347
0.5973315269819982	0.298452484732566	0.10054464460733578	0.2160815224613608
0.5973315269819982	0.298452484732566	0.10054464460733578	0.2160815224613608
0.5973315269819982	0.298452484732566	0.10054464460733578	0.2160815224613608
0.5973315269819982	0.298452484732566	0.10054464460733578	0.2160815224613608
0.5973315269819982	0.298452484732566	0.10054464460733578	0.2160815224613608
0.5973315269819982	0.298452484732566	0.10054464460733578	0.2160815224613608
0.5973315269819982	0.298452484732566	0.10054464460733578	0.2160815224613608
0.5973315269819982	0.298452484732566	0.10054464460733578	0.2160815224613608
0.5973315269819982	0.298452484732566	0.10054464460733578	0.2160815224613608
0.5973315269819982	0.298452484732566	0.10054464460733578	0.2160815224613608
0.5973315269819982	0.298452484732566	0.10054464460733578	0.2160815224613608
0.5973315269819982	0.298452484732566	0.10054464460733578	0.2160815224613608
0.5973315269819982	0.298452484732566	0.10054464460733578	0.2160815224613608
0.5973315269819982	0.298452484732566	0.10054464460733578	0.2160815224613608
0.37862979445114386	0.4700422626689852	0.333430805827005	0.35307712959011955
0.37862979445114386	0.4700422626689852	0.333430805827005	0.35307712959011955
0.37862979445114386	0.4700422626689852	0.333430805827005	0.35307712959011955
0.37862979445114386	0.4700422626689852	0.333430805827005	0.35307712959011955
0.3734085151937305	0.4673836827960498	0.30428050454705297	0.3686127321372613
0.3734085151937305	0.4673836827960498	0.30428050454705297	0.3686127321372613
0.3734085151937305	0.4673836827960498	0.30428050454705297	0.3686127321372613
0.3734085151937305	0.4673836827960498	0.30428050454705297	0.3686127321372613
0.3734085151937305	0.4673836827960498	0.30428050454705297	0.3686127321372613
0.3734085151937305	0.4673836827960498	0.30428050454705297	0.3686127321372613
0.3734085151937305	0.4673836827960498	0.30428050454705297	0.3686127321372613
0.3734085151937305	0.4673836827960498	0.30428050454705297	0.3686127321372613
0.3734085151937305	0.4673836827960498	0.30428050454705297	0.3686127321372613
0.3925629681324542	0.4628463940336655	0.27164643298420643	0.3806317141617369
0.3925629681324542	0.4628463940336655	0.27164643298420643	0.3806317141617369
0.3925629681324542	0.4628463940336655	0.27164643298420643	0.3806317141617369
0.3925629681324542	0.4628463940336655	0.27164643298420643	0.3806317141617369
0.3827126260267512	0.4601610952326642	0.31532285982246633	0.36941198229720773
0.3827126260267512	0.4601610952326642	0.31532285982246633	0.36941198229720773
0.3827126260267512	0.4601610952326642	0.31532285982246633	0.36941198229720773
0.3827126260267512	0.4601610952326642	0.31532285982246633	0.36941198229720773
0.3734085151937305	0.4673836827960498	0.30428050454705297	0.3686127321372613
0.3734085151937305	0.4673836827960498	0.30428050454705297	0.3686127321372613
0.3610198365715782	0.4726717546455631	0.40420940060385846	0.35948106448016953
0.3610198365715782	0.4726717546455631	0.40420940060385846	0.35948106448016953
0.3568263288671302	0.47597550208838124	0.32411832653004047	0.3974104293037991
0.3558725671128551	0.47361308290031884	0.333430805827005	0.40514072437165616
0.3403559039641746	0.4769995363344118	0.3493877847739785	0.37928547026956405
0.3403559039641746	0.4769995363344118	0.3493877847739785	0.37928547026956405
0.33188238804734727	0.47952966887152765	0.3569099333299766	0.37928547026956405
0.33188238804734727	0.47952966887152765	0.3569099333299766	0.37928547026956405
0.33188238804734727	0.47952966887152765	0.3569099333299766	0.37928547026956405
0.33188238804734727	0.47952966887152765	0.3569099333299766	0.37928547026956405
0.33050039519344543	0.496521117379366	0.4614940120791302	0.3578180743219781
0.3212013445585595	0.4966707996092369	0.38663100486490715	0.35206655852046953
0.3079284194840875	0.5065106493734787	0.3652649389442716	0.3524388574751088
0.3041212185368145	0.5013944070874359	0.38115606601039964	0.3788260735833423
0.3041212185368145	0.5013944070874359	0.38115606601039964	0.3788260735833423
0.3041212185368145	0.5013944070874359	0.38115606601039964	0.3788260735833423
0.2979753043689095	0.5053436558846842	0.4024432497806876	0.37919475800517044
0.2979753043689095	0.5053436558846842	0.4024432497806876	0.37919475800517044
0.2972203033358563	0.5233856287951002	0.4024432497806876	0.37919475800517044
0.2922426487896748	0.5208983902714194	0.339842637154927	0.4461425546149952
0.2922426487896748	0.5208983902714194	0.339842637154927	0.4461425546149952
0.2864952614269777	0.5285397670409406	0.33222371017649177	0.33250996391168985
0.2864952614269777	0.5285397670409406	0.33222371017649177	0.33250996391168985
0.28399191079249625	0.5341349081761854	0.4054045827418228	0.3595186506336984
0.2812547046219622	0.5399076425231353	0.3522739897947428	0.3760123876828645
0.2812547046219622	0.5399076425231353	0.3522739897947428	0.3760123876828645
0.2812547046219622	0.5399076425231353	0.3522739897947428	0.3760123876828645
0.2794125474717179	0.5669965057671569	0.4860282515214561	0.5219668518411551
0.27441317766871376	0.5569172544986543	0.37811800365281045	0.4058483836023442
0.26790760282096177	0.5639941254682839	0.3910658570173037	0.39840913544758794
0.2620192392221667	0.564087072217232	0.41267251884885103	0.43870328878518416
0.2620192392221667	0.564087072217232	0.41267251884885103	0.43870328878518416
0.2615258007529228	0.5702877575196559	0.4472647450227024	0.39840913544758794
0.25735877934232865	0.5878216860073235	0.5274088971123604	0.43870328878518416
0.2489053587048168	0.595748112219133	0.45213351403701824	0.4066266199160675
0.2489053587048168	0.595748112219133	0.45213351403701824	0.4066266199160675
0.2489053587048168	0.595748112219133	0.45213351403701824	0.4066266199160675
0.2458871771332087	0.5987068557150422	0.47100353565050657	0.4066266199160675
0.24092770232112598	0.6002235271185226	0.38963947948138516	0.41049407156191164
0.24092770232112598	0.6002235271185226	0.38963947948138516	0.41049407156191164
0.2407038352004807	0.6110141532153608	0.3828886457887313	0.4085603457389896
0.2395511784510496	0.6205417903566123	0.45213351403701824	0.4066266199160675
0.2395511784510496	0.6205417903566123	0.45213351403701824	0.4066266199160675
0.2395511784510496	0.6205417903566123	0.45213351403701824	0.4066266199160675
0.2395511784510496	0.6205417903566123	0.45213351403701824	0.4066266199160675
0.2395511784510496	0.6205417903566123	0.45213351403701824	0.4066266199160675
0.2395511784510496	0.6205417903566123	0.45213351403701824	0.4066266199160675
0.19665960902869162	0.695746534131571	0.513170449940548	0.49152465457644595
0.19665960902869162	0.695746534131571	0.513170449940548	0.49152465457644595
0.19665960902869162	0.695746534131571	0.513170449940548	0.49152465457644595
0.19665960902869162	0.695746534131571	0.513170449940548	0.49152465457644595
0.19665960902869162	0.695746534131571	0.513170449940548	0.49152465457644595
0.19665960902869162	0.695746534131571	0.513170449940548	0.49152465457644595
0.19665960902869162	0.695746534131571	0.513170449940548	0.49152465457644595
0.19665960902869162	0.695746534131571	0.513170449940548	0.49152465457644595
0.19665960902869162	0.695746534131571	0.513170449940548	0.49152465457644595
0.17906962801728837	0.7130826900521559	0.5571464828873889	0.5006223531270105
0.17906962801728837	0.7130826900521559	0.5571464828873889	0.5006223531270105
0.17906962801728837	0.7130826900521559	0.5571464828873889	0.5006223531270105
0.17906962801728837	0.7130826900521559	0.5571464828873889	0.5006223531270105
0.17906962801728837	0.7130826900521559	0.5571464828873889	0.5006223531270105
0.16417625320488127	0.7338963304831582	0.5346897467924976	0.4404017169740372
0.16923705163467026	0.7289225773266866	0.5699782116897595	0.4893476572702032
0.16417625320488127	0.7338963304831582	0.5346897467924976	0.4404017169740372
0.16288342887481122	0.7381537261890763	0.46111823123440465	0.46987000525564926
0.15699652226774885	0.7357543394533517	0.5588976714365456	0.4722611822026894
0.15365999540065564	0.7452353119620395	0.5542050651324675	0.4760385228965256
0.15365999540065564	0.7452353119620395	0.5542050651324675	0.4760385228965256
0.14552040215116574	0.7672645539528137	0.5634864352290202	0.44477495240434073
0.14552040215116574	0.7672645539528137	0.5634864352290202	0.44477495240434073
0.13529859117564283	0.7701286756875865	0.49156614775310015	0.41764342141126415
0.13626993891682065	0.7648767879227126	0.5425566779006493	0.4382872438787404
0.13355182892040746	0.7761535161182216	0.4890072191042874	0.430732562491068
0.128672757614959	0.7701010310969342	0.5826081876246929	0.47641932079420113
0.12592729871197675	0.7859747905818332	0.5378375160652887	0.43161840617981617
0.12592729871197675	0.7859747905818332	0.5378375160652887	0.43161840617981617
0.10787653530859058	0.8094992022028787	0.5576509123386307	0.44096803113485444
0.10787653530859058	0.8094992022028787	0.5576509123386307	0.44096803113485444
0.10787653530859058	0.8094992022028787	0.5576509123386307	0.44096803113485444
0.10787653530859058	0.8094992022028787	0.5576509123386307	0.44096803113485444
0.10787653530859058	0.8094992022028787	0.5576509123386307	0.44096803113485444
0.10541411827804867	0.8384943155429594	0.5841782192464041	0.43493874598093596
0.08324728941387548	0.8634204050071561	0.6392501780112126	0.4518840257660197
0.0971670362947451	0.8412356411010536	0.5798571555757313	0.44951426032052355
0.08324728941387548	0.8634204050071561	0.6392501780112126	0.4518840257660197
0.08423137728258381	0.8575868929738206	0.6551621221265626	0.48485210804991014
0.08423137728258381	0.8575868929738206	0.6551621221265626	0.48485210804991014
0.08324728941387548	0.8634204050071561	0.6392501780112126	0.4518840257660197
0.07941858857459996	0.8836482096704911	0.6836621603127584	0.4928921489226058
0.07885829177609129	0.8753413739116477	0.6121717425648228	0.49017096080112305
0.07161157764413968	0.9287697881965942	0.6075230132209051	0.4325197303043792
0.06605491543134073	0.9288570102206686	0.6075230132209051	0.45425124104235093
0.06512097060796972	0.9054566083570909	0.6468130913038157	0.5024164987726127
0.05693217210373723	0.9598929300219559	0.7169420543548638	0.5086880860538361
0.05693217210373723	0.9598929300219559	0.7169420543548638	0.5086880860538361
0.03186419063790933	0.971582597678482	0.7312485653976346	0.4769100600076159
0.03186419063790933	0.971582597678482	0.7312485653976346	0.4769100600076159
0.03186419063790933	0.971582597678482	0.7312485653976346	0.4769100600076159
0.032551377509973375	0.9522961460851052	0.6559592972482576	0.5329545158851828
0.032551377509973375	0.9522961460851052	0.6559592972482576	0.5329545158851828
0.032551377509973375	0.9522961460851052	0.6559592972482576	0.5329545158851828
0.02108518828249641	0.9939106485665841	0.6231386200545278	0.4914079795778375
0.02108518828249641	0.9939106485665841	0.6231386200545278	0.4914079795778375
0.016186572420696203	1.0177608227598514	0.7963624944341681	0.5369864809485876
0.016186572420696203	1.0177608227598514	0.7963624944341681	0.5369864809485876
0.01030553686601306	1.0113511626903338	0.6488949714668435	0.5369864809485876
0.006568203389244603	1.028389961989101	0.8010107382554476	0.5888976408717848
0.00299319734116057	1.031158570991572	0.6488949714668435	0.5653177294404298
