0.7275906962523748	0.19336313626015256	0.0009057097946545967	0.17693379372880885
0.7275906962523748	0.19336313626015256	0.0009057097946545967	0.17693379372880885
0.7275906962523748	0.19336313626015256	0.0009057097946545967	0.17693379372880885
0.7275906962523748	0.19336313626015256	0.0009057097946545967	0.17693379372880885
0.7275906962523748	0.19336313626015256	0.0009057097946545967	0.17693379372880885
0.7275906962523748	0.19336313626015256	0.0009057097946545967	0.17693379372880885
0.7275906962523748	0.19336313626015256	0.0009057097946545967	0.17693379372880885
0.7275906962523748	0.19336313626015256	0.0009057097946545967	0.17693379372880885
0.7275906962523748	0.19336313626015256	0.0009057097946545967	0.17693379372880885
0.7183206011147067	0.1937113213358667	0.0009057097946545967	0.17693379372880885
0.6656911094782887	0.19446182488224958	0.0009057097946545967	0.17280762551215556
0.6656911094782887	0.19446182488224958	0.0009057097946545967	0.17280762551215556
0.6656911094782887	0.19446182488224958	0.0009057097946545967	0.17280762551215556
0.6656911094782887	0.19446182488224958	0.0009057097946545967	0.17280762551215556
0.6656911094782887	0.19446182488224958	0.0009057097946545967	0.17280762551215556
0.5971635811338485	0.21265071133350588	0.010533023600999752	0.22096180638156848
0.5971635811338485	0.21265071133350588	0.010533023600999752	0.22096180638156848
0.5971635811338485	0.21265071133350588	0.010533023600999752	0.22096180638156848
0.5971635811338485	0.21265071133350588	0.010533023600999752	0.22096180638156848
0.5971635811338485	0.21265071133350588	0.010533023600999752	0.22096180638156848
0.5961167838635981	0.22522624011859993	0.003209828939789272	0.235852905972547
0.5961167838635981	0.22522624011859993	0.003209828939789272	0.235852905972547
0.5961167838635981	0.22522624011859993	0.003209828939789272	0.235852905972547
0.5961167838635981	0.22522624011859993	0.003209828939789272	0.235852905972547
0.5951102656186448	0.23908656337388468	0.010533023600999752	0.2482314106225068
0.5951102656186448	0.23908656337388468	0.010533023600999752	0.2482314106225068
0.5951102656186448	0.2470531914917323	0.010533023600999752	0.2800855900491351
0.5951102656186448	0.2499650762982458	0.010533023600999752	0.2482314106225068
0.5951102656186448	0.2499650762982458	0.010533023600999752	0.2482314106225068
0.5951102656186448	0.2591490580729812	0.010533023600999752	0.31975089839756876
0.5951102656186448	0.2591490580729812	0.010533023600999752	0.31975089839756876
0.5951102656186448	0.2540147325122272	0.010533023600999752	0.31048231938343807
0.5951102656186448	0.2540147325122272	0.010533023600999752	0.31048231938343807
0.5951102656186448	0.2540147325122272	0.010533023600999752	0.31048231938343807
0.5950623314660585	0.27874054488739997	0.010533023600999752	0.3782410140211959
0.5950623314660585	0.27874054488739997	0.010533023600999752	0.3782410140211959
0.5950623314660585	0.27874054488739997	0.010533023600999752	0.3782410140211959
0.5950053869859108	0.29103088490874385	0.0035840811739744904	0.37088385990102024
0.5950053869859108	0.29103088490874385	0.0035840811739744904	0.37088385990102024
0.5950053869859108	0.29103088490874385	0.0035840811739744904	0.37088385990102024
0.5950053869859108	0.29103088490874385	0.0035840811739744904	0.37088385990102024
0.5950053869859108	0.3116430906775099	0.00010960996046185945	0.4195543532317465
0.595002455788471	0.3082516808913214	0.0035840811739744904	0.3782410140211959
0.595002455788471	0.3082516808913214	0.0035840811739744904	0.3782410140211959
0.595002455788471	0.3082516808913214	0.0035840811739744904	0.3782410140211959
0.595002455788471	0.3082516808913214	0.0035840811739744904	0.3782410140211959
0.595002455788471	0.3082516808913214	0.0035840811739744904	0.3782410140211959
0.595002455788471	0.3082516808913214	0.0035840811739744904	0.3782410140211959
0.595002455788471	0.3082516808913214	0.0035840811739744904	0.3782410140211959
0.595002455788471	0.3082516808913214	0.0035840811739744904	0.3782410140211959
0.595002455788471	0.3082516808913214	0.0035840811739744904	0.3782410140211959
0.595002455788471	0.3082516808913214	0.0035840811739744904	0.3782410140211959
0.595002455788471	0.3082516808913214	0.0035840811739744904	0.3782410140211959
0.595002455788471	0.3082516808913214	0.0035840811739744904	0.3782410140211959
0.595002455788471	0.3082516808913214	0.0035840811739744904	0.3782410140211959
0.595002455788471	0.3082516808913214	0.0035840811739744904	0.3782410140211959
0.595002455788471	0.3082516808913214	0.0035840811739744904	0.3782410140211959
0.595002455788471	0.3082516808913214	0.0035840811739744904	0.3782410140211959
0.595002455788471	0.3082516808913214	0.0035840811739744904	0.3782410140211959
0.595002455788471	0.3082516808913214	0.0035840811739744904	0.3782410140211959
0.595002455788471	0.3082516808913214	0.0035840811739744904	0.3782410140211959
0.595002455788471	0.3082516808913214	0.0035840811739744904	0.3782410140211959
0.595002455788471	0.3082516808913214	0.0035840811739744904	0.3782410140211959
0.595002455788471	0.3082516808913214	0.0035840811739744904	0.3782410140211959
0.471332948769034	0.4399078095716437	0.3057745856759786	0.31571825398541753
0.471332948769034	0.4399078095716437	0.3057745856759786	0.31571825398541753
0.471332948769034	0.4399078095716437	0.3057745856759786	0.31571825398541753
0.471332948769034	0.4399078095716437	0.3057745856759786	0.31571825398541753
0.471332948769034	0.4399078095716437	0.3057745856759786	0.31571825398541753
0.471332948769034	0.4399078095716437	0.3057745856759786	0.31571825398541753
0.471332948769034	0.4399078095716437	0.3057745856759786	0.31571825398541753
0.471332948769034	0.4399078095716437	0.3057745856759786	0.31571825398541753
0.471332948769034	0.4399078095716437	0.3057745856759786	0.31571825398541753
0.471332948769034	0.4399078095716437	0.3057745856759786	0.31571825398541753
0.471332948769034	0.4399078095716437	0.3057745856759786	0.31571825398541753
0.471332948769034	0.4399078095716437	0.3057745856759786	0.31571825398541753
0.4654341976460396	0.4447450221622172	0.3073280268249666	0.33669144290533204
0.43981244218270255	0.4470314764687329	0.3071957935815534	0.3767621068671634
0.43981244218270255	0.4470314764687329	0.3071957935815534	0.3767621068671634
0.43981244218270255	0.4470314764687329	0.3071957935815534	0.3767621068671634
0.4295680809739164	0.45189888721280974	0.3412294915906439	0.3000415222657652
0.4295680809739164	0.45189888721280974	0.3412294915906439	0.3000415222657652
0.3844313239264424	0.4511626796785813	0.39044407725458713	0.36648797909964637
0.3844313239264424	0.4511626796785813	0.39044407725458713	0.36648797909964637
0.3844313239264424	0.4511626796785813	0.39044407725458713	0.36648797909964637
0.3844313239264424	0.4511626796785813	0.39044407725458713	0.36648797909964637
0.3844313239264424	0.4511626796785813	0.39044407725458713	0.36648797909964637
0.3787597392928066	0.45435488931545254	0.3741309287210484	0.3717471312475117
0.3787597392928066	0.45435488931545254	0.3741309287210484	0.3717471312475117
0.37577995073105497	0.46135332338273327	0.30572354248725503	0.3525250636283148
0.369030485807993	0.46183254050728456	0.34337672870695357	0.383240152184374
0.349946684716818	0.46452755757808745	0.3413438497780713	0.383240152184374
0.349946684716818	0.46452755757808745	0.3413438497780713	0.383240152184374
0.349946684716818	0.46452755757808745	0.3413438497780713	0.383240152184374
0.3497881950329711	0.46461076203848517	0.3413438497780713	0.38154476948184174
0.34094260424905865	0.4752555883835446	0.3413438497780713	0.383240152184374
0.34094260424905865	0.4752555883835446	0.3413438497780713	0.383240152184374
0.33074697452337465	0.480139972680406	0.3694591386326998	0.3880143983101906
0.33074697452337465	0.480139972680406	0.3694591386326998	0.3880143983101906
0.33074697452337465	0.480139972680406	0.3694591386326998	0.3880143983101906
0.32743570175809117	0.4881450870691154	0.437369924842961	0.39672711449038217
0.32743570175809117	0.4881450870691154	0.437369924842961	0.39672711449038217
0.32287495880893796	0.4987004279746717	0.3196898516854674	0.3683750244805268
0.31109472921828935	0.5001091010363137	0.37239254594541493	0.34401231513106506
0.31109472921828935	0.5001091010363137	0.37239254594541493	0.34401231513106506
0.31109472921828935	0.5001091010363137	0.37239254594541493	0.34401231513106506
0.305436289949783	0.5056713230241998	0.409081227143427	0.3629846495415331
0.30331657020717795	0.5084126497507072	0.43970273486136346	0.37386394866519396
0.30331657020717795	0.5084126497507072	0.43970273486136346	0.37386394866519396
0.30331657020717795	0.5084126497507072	0.43970273486136346	0.37386394866519396
0.30331657020717795	0.5084126497507072	0.43970273486136346	0.37386394866519396
0.2900574408189635	0.5340035115208213	0.35761058176717103	0.3785793545473287
0.2900574408189635	0.5340035115208213	0.35761058176717103	0.3785793545473287
0.2900574408189635	0.5340035115208213	0.35761058176717103	0.3785793545473287
0.2805704722778098	0.5431274827210808	0.3770614817264416	0.33672445449625266
0.2805704722778098	0.5431274827210808	0.3770614817264416	0.33672445449625266
0.2805704722778098	0.5431274827210808	0.3770614817264416	0.33672445449625266
0.2771401717181574	0.5520554824346854	0.41694097642099337	0.36651854143783386
0.26772856297055536	0.5541440017231547	0.441599915865516	0.42822921062985586
0.26772856297055536	0.5541440017231547	0.441599915865516	0.42822921062985586
0.26755453729448275	0.5571400965234666	0.4588435699743728	0.42822921062985586
0.2542170384243142	0.5661412558940856	0.47937600628618676	0.43309315222436734
0.2542170384243142	0.5661412558940856	0.47937600628618676	0.43309315222436734
0.2542170384243142	0.5661412558940856	0.47937600628618676	0.43309315222436734
0.2542170384243142	0.5661412558940856	0.47937600628618676	0.43309315222436734
0.2542170384243142	0.5661412558940856	0.47937600628618676	0.43309315222436734
0.24874920448488497	0.5925726292417417	0.4967826033748405	0.4582586376022185
0.24874920448488497	0.5925726292417417	0.4967826033748405	0.4582586376022185
0.24874920448488497	0.5925726292417417	0.4967826033748405	0.4582586376022185
0.24874920448488497	0.5925726292417417	0.4967826033748405	0.4582586376022185
0.24874920448488497	0.5925726292417417	0.4967826033748405	0.4582586376022185
0.2449301346976317	0.6317946119223393	0.5046172345991112	0.377153352418046
0.2444545732850323	0.6355152491125262	0.4931335491629425	0.3994756158922358
0.24151993329207158	0.6388936088618655	0.550185900201287	0.377153352418046
0.21239156379781682	0.6457357875504349	0.5801568247329031	0.40113675922732184
0.21239156379781682	0.6457357875504349	0.5801568247329031	0.40113675922732184
0.21239156379781682	0.6457357875504349	0.5801568247329031	0.40113675922732184
0.21239156379781682	0.6457357875504349	0.5801568247329031	0.40113675922732184
0.21457497259363026	0.6328960634180696	0.4862951551328477	0.40113675922732184
0.21239156379781682	0.6457357875504349	0.5801568247329031	0.40113675922732184
0.21239156379781682	0.6457357875504349	0.5801568247329031	0.40113675922732184
0.20245791041687253	0.6636992991165177	0.5221815026449182	0.5462322217508224
0.20245791041687253	0.6636992991165177	0.5221815026449182	0.5462322217508224
0.20245791041687253	0.6636992991165177	0.5221815026449182	0.5462322217508224
0.1944244350942525	0.672910345497463	0.5164765167916192	0.3824698622232098
0.1944244350942525	0.672910345497463	0.5164765167916192	0.3824698622232098
0.1907073235781102	0.6865919848482901	0.49473761623698764	0.4653941181015155
0.18940735488061478	0.6898420175585747	0.4876393611745672	0.5148110683155529
0.18940735488061478	0.6898420175585747	0.4876393611745672	0.5148110683155529
0.1856382258151196	0.7071461768132936	0.4773108547599373	0.4215384340894356
0.1856382258151196	0.7071461768132936	0.4773108547599373	0.4215384340894356
0.1856382258151196	0.7071461768132936	0.4773108547599373	0.4215384340894356
0.18113521157260928	0.7359479885644885	0.5750056531174793	0.47851837715266876
0.18039659653049717	0.7464645036510931	0.594825943716641	0.32430810912386837
0.1792689257572641	0.7608365097641332	0.6214109432229571	0.46457365321518707
0.17299713333100428	0.7679347846270784	0.6053078630716034	0.4442541032210119
0.1668591636161381	0.7687985326670977	0.5927842430290722	0.4442541032210119
0.16189276812839493	0.7654495683095094	0.5704223994547416	0.3937586925133096
0.15104829631035133	0.7721314183214746	0.5613746376978733	0.5025513094748106
0.15104829631035133	0.7721314183214746	0.5613746376978733	0.5025513094748106
0.15104829631035133	0.7721314183214746	0.5613746376978733	0.5025513094748106
0.1451548044612681	0.7819577210837465	0.6414668694311884	0.41819501103899165
0.1451548044612681	0.7819577210837465	0.6414668694311884	0.41819501103899165
0.1304418503547414	0.7852800923346491	0.5628196292201044	0.46820833707399845
0.1304418503547414	0.7852800923346491	0.5628196292201044	0.46820833707399845
0.1304418503547414	0.7852800923346491	0.5628196292201044	0.46820833707399845
0.1278584487822967	0.7940464786253139	0.5935281541804248	0.46820833707399845
0.12209704979846656	0.799906368680081	0.5866739674305814	0.4862308691078721
0.11852744021406252	0.8056729583315404	0.6169604984084652	0.5108590700213288
0.11480989741270142	0.8062287123919564	0.6457717938221501	0.45388122532288555
0.11280535069185205	0.8072854605105071	0.5829166625507145	0.45388122532288555
0.11009098509684721	0.8086431395776811	0.6457717938221501	0.48130812928230693
0.1056951017477686	0.8214928697579535	0.5916883964967007	0.5046039085140854
0.0947248712288345	0.8327066761989892	0.606887797808572	0.4463096754752319
0.0947248712288345	0.8327066761989892	0.606887797808572	0.4463096754752319
0.0947248712288345	0.8327066761989892	0.606887797808572	0.4463096754752319
0.09302156771603456	0.847880993264949	0.6485552223378412	0.41731535007543397
0.08716786055796677	0.8590915610667054	0.6412781628700328	0.5027816501140505
0.08565220763985704	0.8640128061341091	0.6423305116964764	0.39106390989243944
0.07906004586571073	0.8667652699116954	0.6176258885131255	0.4676330822989678
0.07722403214935174	0.8706999578478681	0.6279810360918768	0.5343568397995397
0.07008305478211399	0.8898067551719885	0.5503302606657903	0.4603382064599037
0.07008305478211399	0.8898067551719885	0.5503302606657903	0.4603382064599037
0.06167569026579	0.9051320018755161	0.7028129711450188	0.4257587753246726
0.06167569026579	0.9051320018755161	0.7028129711450188	0.4257587753246726
0.05830540949490574	0.9181039084514506	0.5488582800823079	0.4991816564896924
0.04969402282343172	0.9390067656524261	0.7281891526704122	0.48496934617473897
0.04969402282343172	0.9390067656524261	0.7281891526704122	0.48496934617473897
0.047417567197447184	0.9420771687575265	0.6741360852885697	0.42450232250853503
0.04546281640138958	0.9504912311958452	0.7206107316208629	0.42450232250853503
0.033311915621409866	0.9754151965708805	0.680769535604425	0.5497687002006374
0.033311915621409866	0.9754151965708805	0.680769535604425	0.5497687002006374
0.028187515014670605	0.9796653931234568	0.6133419094724244	0.43519898808692775
0.028187515014670605	0.9796653931234568	0.6133419094724244	0.43519898808692775
0.024262837413460827	0.9859926349962346	0.7313343218028764	0.4132279953275188
0.007501250858305366	1.0096202896873896	0.7872642900502999	0.5332983265248242
0.007501250858305366	1.0096202896873896	0.7872642900502999	0.5332983265248242
0.007501250858305366	1.0096202896873896	0.7872642900502999	0.5332983265248242
0.003908164686218458	1.0225080824631365	0.7464274323932701	0.6117550729015471
0.0026479796109533504	1.0362718084958336	0.7464274323932701	0.677309173941776
