0.7367409408061367	0.39224551542926456	0.2736014458130978	0.3420522289989872
0.7367409408061367	0.39224551542926456	0.2736014458130978	0.3420522289989872
0.7367409408061367	0.39224551542926456	0.2736014458130978	0.3420522289989872
0.7367409408061367	0.39224551542926456	0.2736014458130978	0.3420522289989872
0.7367409408061367	0.39224551542926456	0.2736014458130978	0.3420522289989872
0.7285896874748685	0.3933617392596621	0.23570780024473073	0.3420522289989872
0.42104804986237593	0.39481031857125903	0.2884177553616785	0.341876944075628
0.42104804986237593	0.39481031857125903	0.2884177553616785	0.341876944075628
0.42104804986237593	0.39481031857125903	0.2884177553616785	0.341876944075628
0.42104804986237593	0.39481031857125903	0.2884177553616785	0.341876944075628
0.42104804986237593	0.39481031857125903	0.2884177553616785	0.341876944075628
0.42104804986237593	0.39481031857125903	0.2884177553616785	0.341876944075628
0.42104804986237593	0.39481031857125903	0.2884177553616785	0.341876944075628
0.42104804986237593	0.39481031857125903	0.2884177553616785	0.341876944075628
0.42104804986237593	0.39481031857125903	0.2884177553616785	0.341876944075628
0.42104804986237593	0.39481031857125903	0.2884177553616785	0.341876944075628
0.42104804986237593	0.39481031857125903	0.2884177553616785	0.341876944075628
0.42104804986237593	0.39481031857125903	0.2884177553616785	0.341876944075628
0.4169294269891152	0.39847680121910256	0.2884177553616785	0.3347566522841607
0.41249399774547457	0.39980570240496827	0.2539603262805835	0.3720701536851095
0.41249399774547457	0.39980570240496827	0.2539603262805835	0.3720701536851095
0.3965261130523462	0.39933162232522423	0.2539603262805835	0.3347566522841607
0.3965261130523462	0.39933162232522423	0.2539603262805835	0.3347566522841607
0.3965261130523462	0.39933162232522423	0.2539603262805835	0.3347566522841607
0.3965261130523462	0.39933162232522423	0.2539603262805835	0.3347566522841607
0.39642159763560675	0.40297536180125676	0.2539603262805835	0.3347566522841607
0.3880260942277279	0.40131695167921355	0.2539603262805835	0.3804760869363345
0.3880260942277279	0.40131695167921355	0.2539603262805835	0.3804760869363345
0.3880260942277279	0.40131695167921355	0.2539603262805835	0.3804760869363345
0.3880260942277279	0.40131695167921355	0.2539603262805835	0.3804760869363345
0.3880260942277279	0.40131695167921355	0.2539603262805835	0.3804760869363345
0.3880260942277279	0.40131695167921355	0.2539603262805835	0.3804760869363345
0.3880260942277279	0.40131695167921355	0.2539603262805835	0.3804760869363345
0.38193432723549753	0.40985319418591165	0.2539603262805835	0.3347566522841607
0.38193432723549753	0.40985319418591165	0.2539603262805835	0.3347566522841607
0.38193432723549753	0.40985319418591165	0.2539603262805835	0.3347566522841607
0.38193432723549753	0.40985319418591165	0.2539603262805835	0.3347566522841607
0.3804004860296899	0.41261146151584277	0.26235024386783995	0.3491729293131451
0.3804004860296899	0.41261146151584277	0.26235024386783995	0.3491729293131451
0.3804004860296899	0.41261146151584277	0.26235024386783995	0.3491729293131451
0.3804004860296899	0.41261146151584277	0.26235024386783995	0.3491729293131451
0.3729351398626024	0.41671083448813245	0.34077205688259227	0.32787893426498094
0.3729351398626024	0.41671083448813245	0.34077205688259227	0.32787893426498094
0.3729351398626024	0.41671083448813245	0.34077205688259227	0.32787893426498094
0.3729351398626024	0.41671083448813245	0.34077205688259227	0.32787893426498094
0.3729351398626024	0.41671083448813245	0.34077205688259227	0.32787893426498094
0.3729351398626024	0.41671083448813245	0.34077205688259227	0.32787893426498094
0.3729351398626024	0.41671083448813245	0.34077205688259227	0.32787893426498094
0.3729351398626024	0.41671083448813245	0.34077205688259227	0.32787893426498094
0.3729351398626024	0.41671083448813245	0.34077205688259227	0.32787893426498094
0.3729351398626024	0.41671083448813245	0.34077205688259227	0.32787893426498094
0.3729351398626024	0.41671083448813245	0.34077205688259227	0.32787893426498094
0.3618688896847765	0.42647640700138284	0.3057527914924021	0.3624338860891829
0.3618688896847765	0.42647640700138284	0.3057527914924021	0.3624338860891829
0.3618688896847765	0.42647640700138284	0.3057527914924021	0.3624338860891829
0.3618688896847765	0.42647640700138284	0.3057527914924021	0.3624338860891829
0.3618688896847765	0.42647640700138284	0.3057527914924021	0.3624338860891829
0.3618688896847765	0.42647640700138284	0.3057527914924021	0.3624338860891829
0.35871005693431923	0.43018814469542355	0.3216176578584792	0.37087533608400125
0.35871005693431923	0.43018814469542355	0.3216176578584792	0.37087533608400125
0.35871005693431923	0.43018814469542355	0.3216176578584792	0.37087533608400125
0.35871005693431923	0.43018814469542355	0.3216176578584792	0.37087533608400125
0.35871005693431923	0.43018814469542355	0.3216176578584792	0.37087533608400125
0.35719338503799136	0.4345823282491833	0.3216176578584792	0.37087533608400125
0.35719338503799136	0.4345823282491833	0.3216176578584792	0.37087533608400125
0.3555213511535164	0.43594924482421415	0.3216176578584792	0.37087533608400125
0.3555213511535164	0.43594924482421415	0.3216176578584792	0.37087533608400125
0.3555213511535164	0.43594924482421415	0.3216176578584792	0.37087533608400125
0.3555213511535164	0.43594924482421415	0.3216176578584792	0.37087533608400125
0.35532592681724695	0.43910703970546805	0.3216176578584792	0.3708146324154984
0.3513407759900349	0.4406863887273985	0.30371685585243147	0.34961630164471513
0.3513407759900349	0.4406863887273985	0.30371685585243147	0.34961630164471513
0.3496076092251567	0.44135225401053296	0.3186141310113533	0.3124519659322099
0.34494624456372064	0.44179832290759635	0.3066338619071027	0.328464178240519
0.34494624456372064	0.44179832290759635	0.3066338619071027	0.328464178240519
0.34494624456372064	0.44179832290759635	0.3066338619071027	0.328464178240519
0.3439564168299075	0.44254624338130955	0.3066338619071027	0.331758059300191
0.3381711620310761	0.4459966570983424	0.3398884067389438	0.37094880717787565
0.3381711620310761	0.4459966570983424	0.3398884067389438	0.37094880717787565
0.3381711620310761	0.4459966570983424	0.3398884067389438	0.37094880717787565
0.3381711620310761	0.4459966570983424	0.3398884067389438	0.37094880717787565
0.3371852134176206	0.44776721495738026	0.35186867584319437	0.37094880717787565
0.3371852134176206	0.44776721495738026	0.35186867584319437	0.37094880717787565
0.3371852134176206	0.44776721495738026	0.35186867584319437	0.37094880717787565
0.3371852134176206	0.44776721495738026	0.35186867584319437	0.37094880717787565
0.33451546973143237	0.44960751272077326	0.3817966351519057	0.38550176165425243
0.33451546973143237	0.44960751272077326	0.3817966351519057	0.38550176165425243
0.33451546973143237	0.44960751272077326	0.3817966351519057	0.38550176165425243
0.33451546973143237	0.44960751272077326	0.3817966351519057	0.38550176165425243
0.33451546973143237	0.44960751272077326	0.3817966351519057	0.38550176165425243
0.33451546973143237	0.44960751272077326	0.3817966351519057	0.38550176165425243
0.33388551890793083	0.4564487214457579	0.40575717336040684	0.38550176165425243
0.33388551890793083	0.4564487214457579	0.40575717336040684	0.38550176165425243
0.33388551890793083	0.4564487214457579	0.40575717336040684	0.38550176165425243
0.3329990913886225	0.4628779232093725	0.4050094221283117	0.2791345065633647
0.3329990913886225	0.4628779232093725	0.4050094221283117	0.2791345065633647
0.332876336838674	0.462886936828148	0.43653707164545674	0.35492794301749175
0.33267698403557266	0.4653483575293525	0.4289699603368129	0.40304420452076006
0.33267698403557266	0.4653483575293525	0.4289699603368129	0.40304420452076006
0.3312350009469315	0.4675542796038187	0.4166613320849888	0.35492794301749175
0.3302869809267469	0.47201191365882156	0.4166613320849888	0.35492794301749175
0.3302869809267469	0.47201191365882156	0.4166613320849888	0.35492794301749175
0.3302869809267469	0.47201191365882156	0.4166613320849888	0.35492794301749175
0.3302869809267469	0.47201191365882156	0.4166613320849888	0.35492794301749175
0.3302869809267469	0.47201191365882156	0.4166613320849888	0.35492794301749175
0.3302869809267469	0.47201191365882156	0.4166613320849888	0.35492794301749175
0.3302869809267469	0.47201191365882156	0.4166613320849888	0.35492794301749175
0.3302869809267469	0.47201191365882156	0.4166613320849888	0.35492794301749175
0.3302869809267469	0.47201191365882156	0.4166613320849888	0.35492794301749175
0.3302869809267469	0.47201191365882156	0.4166613320849888	0.35492794301749175
0.3302869809267469	0.47201191365882156	0.4166613320849888	0.35492794301749175
0.3302869809267469	0.47201191365882156	0.4166613320849888	0.35492794301749175
0.3302869809267469	0.47201191365882156	0.4166613320849888	0.35492794301749175
0.33010156191982215	0.4980455281846635	0.4231440053584743	0.4296520542707175
0.32111144467414615	0.49838836287058585	0.3949351297256456	0.37579238346149024
0.31719234486409603	0.4973166475643595	0.3828223221856006	0.3511140611733195
0.31719234486409603	0.4973166475643595	0.3828223221856006	0.3511140611733195
0.3231253522713832	0.4971578607399047	0.39069743440481486	0.38663589347194666
0.32111144467414615	0.49838836287058585	0.3949351297256456	0.37579238346149024
0.31719234486409603	0.4973166475643595	0.3828223221856006	0.3511140611733195
0.31719234486409603	0.4973166475643595	0.3828223221856006	0.3511140611733195
0.31719234486409603	0.4973166475643595	0.3828223221856006	0.3511140611733195
0.31286190534285535	0.5011142038503867	0.33873910697978893	0.38914303592682437
0.31286190534285535	0.5011142038503867	0.33873910697978893	0.38914303592682437
0.3121454886404342	0.4986263344483155	0.3949351297256456	0.35429796683462156
0.3121454886404342	0.4986263344483155	0.3949351297256456	0.35429796683462156
0.3121454886404342	0.4986263344483155	0.3949351297256456	0.35429796683462156
0.31063177022548766	0.4998599191584532	0.391566629137891	0.3994036704039965
0.30913911925130444	0.500175604834741	0.391566629137891	0.3994036704039965
0.30913911925130444	0.500175604834741	0.391566629137891	0.3994036704039965
0.3082949546939101	0.5018462757427187	0.391566629137891	0.3994036704039965
0.30557887257610333	0.5032146295043214	0.41227917351835	0.3751377156604227
0.30557887257610333	0.5032146295043214	0.41227917351835	0.3751377156604227
0.30557887257610333	0.5032146295043214	0.41227917351835	0.3751377156604227
0.30386478654244303	0.5056607560893606	0.4384874298777634	0.36463611994489276
0.30230768116688145	0.5058295338710704	0.3991431198892979	0.3773024557683922
0.3016628672906679	0.5060753280270573	0.4384874298777634	0.36463611994489276
0.3001303336341733	0.5066926100492993	0.38414498541436737	0.3822148166277615
0.2980791588737437	0.5127539595266422	0.3808723059972927	0.3595660134698738
0.2980791588737437	0.5127539595266422	0.3808723059972927	0.3595660134698738
0.2916654338276886	0.5134468432381857	0.3744363248096458	0.39290966965932356
0.2916654338276886	0.5134468432381857	0.3744363248096458	0.39290966965932356
0.2916654338276886	0.5134468432381857	0.3744363248096458	0.39290966965932356
0.2910600411682441	0.5133495234222455	0.37162695957134656	0.38042752171795
0.2910600411682441	0.5133495234222455	0.37162695957134656	0.38042752171795
0.2910600411682441	0.5133495234222455	0.37162695957134656	0.38042752171795
0.2910600411682441	0.5133495234222455	0.37162695957134656	0.38042752171795
0.290952705159853	0.5204375559863514	0.37162695957134656	0.4164181380650983
0.28863590381491266	0.5219238282443674	0.30929228034481504	0.40025232144566303
0.28863590381491266	0.5219238282443674	0.30929228034481504	0.40025232144566303
0.28782835189184036	0.5184807998021755	0.37162695957134656	0.40025232144566303
0.28740234560788536	0.5238061298317002	0.38278127461723266	0.347621064299688
0.2869817692873771	0.5204113066946355	0.38278127461723266	0.35099348852367296
0.2869817692873771	0.5204113066946355	0.38278127461723266	0.35099348852367296
0.28431226675896404	0.5256869938273143	0.4041565045658557	0.370146341932417
0.28431226675896404	0.5256869938273143	0.4041565045658557	0.370146341932417
0.28151300245539973	0.5333493346647618	0.4190224797799872	0.3771904953215287
0.28151300245539973	0.5333493346647618	0.4190224797799872	0.3771904953215287
0.28151300245539973	0.5333493346647618	0.4190224797799872	0.3771904953215287
0.27893398645302636	0.537542341914657	0.4310439559125347	0.4404830498666503
0.27893398645302636	0.537542341914657	0.4310439559125347	0.4404830498666503
0.27700496787148976	0.5331358423269554	0.4190224797799872	0.38627847332614684
0.27700496787148976	0.5331358423269554	0.4190224797799872	0.38627847332614684
0.27700496787148976	0.5331358423269554	0.4190224797799872	0.38627847332614684
0.2758721653018885	0.5472522332469504	0.46706585180505594	0.3347089701565983
0.2758721653018885	0.5472522332469504	0.46706585180505594	0.3347089701565983
0.27427794532051963	0.539783365296594	0.41162457625484417	0.3668035459246211
0.27427794532051963	0.539783365296594	0.41162457625484417	0.3668035459246211
0.2728641709029428	0.541540771480548	0.4291976838569328	0.3668035459246211
0.2648461370511254	0.5565744805025726	0.4650489284135917	0.41460106756704496
0.2710938250792455	0.5458745635693406	0.43739417597835595	0.4155402863749885
0.2648461370511254	0.5565744805025726	0.4650489284135917	0.41460106756704496
0.2648461370511254	0.5565744805025726	0.4650489284135917	0.41460106756704496
0.2648461370511254	0.5565744805025726	0.4650489284135917	0.41460106756704496
0.2648461370511254	0.5565744805025726	0.4650489284135917	0.41460106756704496
0.2648461370511254	0.5565744805025726	0.4650489284135917	0.41460106756704496
0.2618022335373301	0.5566816413250761	0.4650489284135917	0.41460106756704496
0.2618022335373301	0.5566816413250761	0.4650489284135917	0.41460106756704496
0.2618022335373301	0.5566816413250761	0.4650489284135917	0.41460106756704496
0.2594284691758412	0.5567277161555265	0.4650489284135917	0.41460106756704496
0.2594284691758412	0.5567277161555265	0.4650489284135917	0.41460106756704496
0.2582112112851337	0.5581528679461097	0.4774942738689027	0.37738389964959124
0.2582112112851337	0.5581528679461097	0.4774942738689027	0.37738389964959124
0.2582112112851337	0.5581528679461097	0.4774942738689027	0.37738389964959124
0.2509381243408159	0.58015178695871	0.3870143719222844	0.42086822039744975
0.2509381243408159	0.58015178695871	0.3870143719222844	0.42086822039744975
0.2509381243408159	0.58015178695871	0.3870143719222844	0.42086822039744975
0.2509381243408159	0.58015178695871	0.3870143719222844	0.42086822039744975
0.2509381243408159	0.58015178695871	0.3870143719222844	0.42086822039744975
0.2509381243408159	0.58015178695871	0.3870143719222844	0.42086822039744975
0.2509381243408159	0.58015178695871	0.3870143719222844	0.42086822039744975
0.2500099660131607	0.5882377188601582	0.39173278074311557	0.44929388633421435
0.24402784667660896	0.5984631568326557	0.4696494484316554	0.4553307689800412
0.24402784667660896	0.5984631568326557	0.4696494484316554	0.4553307689800412
0.24402784667660896	0.5984631568326557	0.4696494484316554	0.4553307689800412
0.24402784667660896	0.5984631568326557	0.4696494484316554	0.4553307689800412
0.24402784667660896	0.5984631568326557	0.4696494484316554	0.4553307689800412
0.24313891671011106	0.6205017859180924	0.4696494484316554	0.4599748708212822
0.24175365142738647	0.6306715287524256	0.4696494484316554	0.4599748708212822
0.24175365142738647	0.6306715287524256	0.4696494484316554	0.4599748708212822
