2.730516185084581	0.1116169003444007	0.0837999742305614	0.0022538859169178305
2.730516185084581	0.1116169003444007	0.0837999742305614	0.0022538859169178305
2.730516185084581	0.1116169003444007	0.0837999742305614	0.0022538859169178305
2.4224700666189567	0.1745354795852174	0.06267337015448865	0.0022538859169178305
2.4224700666189567	0.1745354795852174	0.06267337015448865	0.0022538859169178305
2.4224700666189567	0.1745354795852174	0.06267337015448865	0.0022538859169178305
2.4224700666189567	0.1745354795852174	0.06267337015448865	0.0022538859169178305
2.4296320706736863	0.2117634294972458	0.1672792044688043	0.0022538859169178305
2.36512221252549	0.2751720093965401	0.15852724622984068	0.06779926971633235
2.2383174834588475	0.28822875606275644	0.05951410318062686	0.06779926971633235
2.233493292960053	0.3151206705378143	0.05951410318062686	0.09449406615554234
2.233493292960053	0.3151206705378143	0.05951410318062686	0.09449406615554234
1.6584163870271547	0.29173886063216203	0.12633657915593943	0.01875521765568014
1.6584163870271547	0.29173886063216203	0.12633657915593943	0.01875521765568014
1.6584163870271547	0.29173886063216203	0.12633657915593943	0.01875521765568014
1.6584163870271547	0.29173886063216203	0.12633657915593943	0.01875521765568014
1.6584163870271547	0.29173886063216203	0.12633657915593943	0.01875521765568014
1.4514167999933574	0.40994310459353717	0.26512668505569204	0.3100575203542749
1.4514167999933574	0.40994310459353717	0.26512668505569204	0.3100575203542749
1.2734984555631577	0.41131840786880436	0.27920106562819946	0.33184452534089115
1.2734984555631577	0.41131840786880436	0.27920106562819946	0.33184452534089115
1.2332001890144328	0.41515346051443314	0.2359493950830568	0.33184452534089115
0.992084704159888	0.41291874344745155	0.24745279565386605	0.29138375823508134
0.992084704159888	0.41291874344745155	0.24745279565386605	0.29138375823508134
0.992084704159888	0.41291874344745155	0.24745279565386605	0.29138375823508134
0.992084704159888	0.41291874344745155	0.24745279565386605	0.29138375823508134
0.8012347167702283	0.42390496254728816	0.2643285611117283	0.3775689726516263
0.8012347167702283	0.42390496254728816	0.2643285611117283	0.3775689726516263
0.8012347167702283	0.42390496254728816	0.2643285611117283	0.3775689726516263
0.8012347167702283	0.42390496254728816	0.2643285611117283	0.3775689726516263
0.8012347167702283	0.42390496254728816	0.2643285611117283	0.3775689726516263
0.7949261966935843	0.426713218143517	0.2643285611117283	0.30812993553826207
0.7046278842683098	0.44465816264442143	0.23541543996798547	0.2715215186157601
0.7046278842683098	0.44465816264442143	0.23541543996798547	0.2715215186157601
0.7046278842683098	0.44465816264442143	0.23541543996798547	0.2715215186157601
0.6325068344361314	0.44702863301193996	0.28000404450736294	0.2715215186157601
0.6325068344361314	0.44702863301193996	0.28000404450736294	0.2715215186157601
0.5989281987092078	0.44740963217265795	0.28000404450736294	0.2784621167683742
0.5989281987092078	0.44740963217265795	0.28000404450736294	0.2784621167683742
0.46117903817715983	0.45638422310069293	0.3044284276418236	0.3255030944773301
0.46117903817715983	0.45638422310069293	0.3044284276418236	0.3255030944773301
0.46117903817715983	0.45638422310069293	0.3044284276418236	0.3255030944773301
0.46117903817715983	0.45638422310069293	0.3044284276418236	0.3255030944773301
0.46117903817715983	0.45638422310069293	0.3044284276418236	0.3255030944773301
0.46117903817715983	0.45638422310069293	0.3044284276418236	0.3255030944773301
0.46117903817715983	0.45638422310069293	0.3044284276418236	0.3255030944773301
0.4431919967795707	0.45767747581881235	0.3044284276418236	0.3255030944773301
0.38748224839546075	0.463104690584689	0.335517552000512	0.33024719278178705
0.38748224839546075	0.463104690584689	0.335517552000512	0.33024719278178705
0.38748224839546075	0.463104690584689	0.335517552000512	0.33024719278178705
0.38748224839546075	0.463104690584689	0.335517552000512	0.33024719278178705
0.38748224839546075	0.463104690584689	0.335517552000512	0.33024719278178705
0.34378390961541627	0.48819615702153496	0.3352926879763944	0.36352198938889957
0.3562758950603044	0.490971376301703	0.3639487962132845	0.4385508346712579
0.32914799875165524	0.4932264900991804	0.286772135781336	0.399609135292585
0.3353284374321264	0.49420005082525686	0.3594563484580361	0.30005781322515157
0.32217649820749916	0.4959571632191249	0.34163756230389075	0.4061982260240902
0.32217649820749916	0.4959571632191249	0.34163756230389075	0.4061982260240902
0.3171765561110261	0.5114511499520059	0.4102432030986428	0.41770056754104234
0.31335277788968935	0.5221556843643025	0.25790074348875125	0.3957742477982226
0.30060207096822406	0.5268694703520398	0.4612985967815275	0.37731621696665896
0.30060207096822406	0.5268694703520398	0.4612985967815275	0.37731621696665896
0.30060207096822406	0.5268694703520398	0.4612985967815275	0.37731621696665896
0.28810112501066876	0.5659465555608152	0.3241534626767387	0.4155147633985131
0.28810112501066876	0.5659465555608152	0.3241534626767387	0.4155147633985131
0.28810112501066876	0.5659465555608152	0.3241534626767387	0.4155147633985131
0.28810112501066876	0.5659465555608152	0.3241534626767387	0.4155147633985131
0.2842331968989018	0.6388459263658317	0.44536854455752456	0.4593859620204252
0.28810112501066876	0.5659465555608152	0.3241534626767387	0.4155147633985131
0.2806533987594712	0.7084736194864172	0.5777223347755364	0.5641097333947842
0.2806533987594712	0.7084736194864172	0.5777223347755364	0.5641097333947842
0.23254993484416853	0.7766594926314513	0.6061178639105698	0.4810805001643724
0.23254993484416853	0.7766594926314513	0.6061178639105698	0.4810805001643724
0.23254993484416853	0.7766594926314513	0.6061178639105698	0.4810805001643724
0.23254993484416853	0.7766594926314513	0.6061178639105698	0.4810805001643724
0.23254993484416853	0.7766594926314513	0.6061178639105698	0.4810805001643724
0.22584951733658176	0.7875929543306972	0.5976690027482078	0.4833653210881106
0.21215097076402317	0.7932335536494416	0.6364800830935129	0.5082153809384459
0.19107880455904822	0.8050592106055775	0.6262037565947973	0.5019516060415673
0.18836892418391826	0.8061906218629122	0.6384035512622069	0.5475139577320188
0.16020262942117383	0.8143343158443295	0.6384035512622069	0.5560104496815846
0.16020262942117383	0.8143343158443295	0.6384035512622069	0.5560104496815846
0.16020262942117383	0.8143343158443295	0.6384035512622069	0.5560104496815846
0.14319591908643442	0.8308817465362562	0.6301641895527768	0.4345585565332581
0.12025145526926122	0.8381720786693958	0.5062657799498385	0.5198522718017945
0.12025145526926122	0.8381720786693958	0.5062657799498385	0.5198522718017945
0.12025145526926122	0.8381720786693958	0.5062657799498385	0.5198522718017945
0.10218732497621336	0.8526701686873019	0.5807120208042963	0.49791554493418244
0.10218732497621336	0.8526701686873019	0.5807120208042963	0.49791554493418244
0.07903587825342767	0.8862817086329211	0.5836284292288362	0.47902557848302607
0.07903587825342767	0.8862817086329211	0.5836284292288362	0.47902557848302607
0.07903587825342767	0.8862817086329211	0.5836284292288362	0.47902557848302607
0.06815600785196885	0.903141948729826	0.6136400244104542	0.49664744347207046
0.06275722155208317	0.9151085529973088	0.6299131243787598	0.473139321307288
0.03886205429719437	0.974645470159311	0.7049166010203969	0.5758161172288493
0.03886205429719437	0.974645470159311	0.7049166010203969	0.5758161172288493
0.026548025071310506	0.9863488080682888	0.7627665570959349	0.5231755358858264
0.026548025071310506	0.9863488080682888	0.7627665570959349	0.5231755358858264
0.011393893227175544	1.0238755913204314	0.8218416837510817	0.537932731623225
0.009501519897891615	1.1819490512532516	0.9220834452829771	0.537932731623225
