0.7476345616578206	0.19413248299647712	0.0013610042846640136	0.20029496010744627
0.7235957881045739	0.19386721034408844	0.0013610042846640136	0.19427597243590305
0.7235957881045739	0.19386721034408844	0.0013610042846640136	0.19427597243590305
0.7235957881045739	0.19386721034408844	0.0013610042846640136	0.19427597243590305
0.7235957881045739	0.19386721034408844	0.0013610042846640136	0.19427597243590305
0.7370929508901579	0.19385754332187188	0.0013610042846640136	0.19427597243590305
0.7370929508901579	0.19385754332187188	0.0013610042846640136	0.19427597243590305
0.7370929508901579	0.19385754332187188	0.0013610042846640136	0.19427597243590305
0.7370929508901579	0.19385754332187188	0.0013610042846640136	0.19427597243590305
0.7370929508901579	0.19385754332187188	0.0013610042846640136	0.19427597243590305
0.7370929508901579	0.19385754332187188	0.0013610042846640136	0.19427597243590305
0.7370929508901579	0.19385754332187188	0.0013610042846640136	0.19427597243590305
0.7370929508901579	0.19385754332187188	0.0013610042846640136	0.19427597243590305
0.7370929508901579	0.19385754332187188	0.0013610042846640136	0.19427597243590305
0.7370929508901579	0.19385754332187188	0.0013610042846640136	0.19427597243590305
0.7338375397115218	0.19363880775669867	0.0013610042846640136	0.18986014428966258
0.7338375397115218	0.19363880775669867	0.0013610042846640136	0.18986014428966258
0.7338375397115218	0.19363880775669867	0.0013610042846640136	0.18986014428966258
0.7338375397115218	0.19363880775669867	0.0013610042846640136	0.18986014428966258
0.7338375397115218	0.19363880775669867	0.0013610042846640136	0.18986014428966258
0.7338375397115218	0.19363880775669867	0.0013610042846640136	0.18986014428966258
0.7338375397115218	0.19363880775669867	0.0013610042846640136	0.18986014428966258
0.7338375397115218	0.19363880775669867	0.0013610042846640136	0.18986014428966258
0.7265124234701175	0.19419713059442345	0.0013610042846640136	0.1926057118561456
0.7202553177514971	0.19526839053434825	0.0013610042846640136	0.2008953919671631
0.7167163842096308	0.19536164350703922	0.0013610042846640136	0.2008953919671631
0.7032307398026407	0.19536164350703922	0.0013610042846640136	0.2008953919671631
0.7032307398026407	0.19536164350703922	0.0013610042846640136	0.2008953919671631
0.7032307398026407	0.19536164350703922	0.0013610042846640136	0.2008953919671631
0.6979347122401809	0.19675994450864748	0.0013610042846640136	0.19206373567468218
0.6935516630594665	0.19702865131178166	0.0013610042846640136	0.209727048259644
0.6877151682975682	0.19777669734246434	0.0013610042846640136	0.209727048259644
0.6877151682975682	0.19777669734246434	0.0013610042846640136	0.209727048259644
0.6826654541136982	0.19830177595781212	0.0013610042846640136	0.19206373567468218
0.6826363033526477	0.198731109982272	0.0019369725182681041	0.11792659060610781
0.6487438722783864	0.19904685090484725	0.0019369725182681041	0.11792659060610781
0.6487438722783864	0.19904685090484725	0.0019369725182681041	0.11792659060610781
0.6487438722783864	0.19904685090484725	0.0019369725182681041	0.11792659060610781
0.6487438722783864	0.19904685090484725	0.0019369725182681041	0.11792659060610781
0.6487438722783864	0.19904685090484725	0.0019369725182681041	0.11792659060610781
0.6487438722783864	0.19904685090484725	0.0019369725182681041	0.11792659060610781
0.6487438722783864	0.19904685090484725	0.0019369725182681041	0.11792659060610781
0.6574107850237773	0.19955401555128255	0.0016563261595227696	0.1894159715138897
0.6521794798695577	0.19996655685090856	0.002077697246610666	0.1894159715138897
0.6521794798695577	0.19996655685090856	0.002077697246610666	0.1894159715138897
0.6521794798695577	0.19996655685090856	0.002077697246610666	0.1894159715138897
0.6469274873820523	0.20124922936437056	0.008111611045223566	0.1894159715138897
0.6469274873820523	0.20124922936437056	0.008111611045223566	0.1894159715138897
0.6469274873820523	0.20124922936437056	0.008111611045223566	0.1894159715138897
0.6453605614975491	0.20124922936437056	0.008111611045223566	0.1894159715138897
0.6376230054694667	0.20124922936437056	0.008111611045223566	0.1894159715138897
0.6376230054694667	0.20124922936437056	0.008111611045223566	0.1894159715138897
0.6376230054694667	0.20124922936437056	0.008111611045223566	0.1894159715138897
0.6376230054694667	0.20124922936437056	0.008111611045223566	0.1894159715138897
0.6336610748697648	0.20124922936437056	0.008111611045223566	0.1894159715138897
0.6336610748697648	0.20124922936437056	0.008111611045223566	0.1894159715138897
0.6336610748697648	0.20124922936437056	0.008111611045223566	0.1894159715138897
0.6301744948298087	0.2015140763759061	0.002077697246610666	0.17233884852305822
0.6301744948298087	0.2015140763759061	0.002077697246610666	0.17233884852305822
0.6301744948298087	0.2015140763759061	0.002077697246610666	0.17233884852305822
0.6297580674090438	0.2044171249255723	0.0131185536716025	0.20019506766622666
0.6159556088109107	0.2044171249255723	0.0131185536716025	0.20019506766622666
0.6159556088109107	0.2044171249255723	0.0131185536716025	0.20019506766622666
0.6159556088109107	0.2044171249255723	0.0131185536716025	0.20019506766622666
0.6159556088109107	0.2044171249255723	0.0131185536716025	0.20019506766622666
0.6159556088109107	0.2044171249255723	0.0131185536716025	0.20019506766622666
0.6159556088109107	0.2044171249255723	0.0131185536716025	0.20019506766622666
0.6159556088109107	0.2044171249255723	0.0131185536716025	0.20019506766622666
0.6159556088109107	0.2044171249255723	0.0131185536716025	0.20019506766622666
0.6159556088109107	0.2044171249255723	0.0131185536716025	0.20019506766622666
0.6159556088109107	0.2044171249255723	0.0131185536716025	0.20019506766622666
0.6159556088109107	0.2044171249255723	0.0131185536716025	0.20019506766622666
0.6124411806868028	0.20453756734948947	0.0131185536716025	0.20019506766622666
0.6124411806868028	0.20453756734948947	0.0131185536716025	0.20019506766622666
0.6124411806868028	0.20453756734948947	0.0131185536716025	0.20019506766622666
0.6124411806868028	0.20453756734948947	0.0131185536716025	0.20019506766622666
0.6090399587267963	0.20508933105482718	0.008835998213000434	0.20019506766622666
0.6090399587267963	0.20508933105482718	0.008835998213000434	0.20019506766622666
0.6090399587267963	0.20508933105482718	0.008835998213000434	0.20019506766622666
0.6090399587267963	0.20508933105482718	0.008835998213000434	0.20019506766622666
0.6090399587267963	0.20508933105482718	0.008835998213000434	0.20019506766622666
0.6090399587267963	0.20508933105482718	0.008835998213000434	0.20019506766622666
0.60895366933133	0.20829528027962255	0.008835998213000434	0.2403858343867024
0.60895366933133	0.20829528027962255	0.008835998213000434	0.2403858343867024
0.60895366933133	0.20829528027962255	0.008835998213000434	0.2403858343867024
0.6086622738959104	0.22049023901385767	0.026362353735671723	0.16969185040466744
0.6086622738959104	0.22049023901385767	0.026362353735671723	0.16969185040466744
0.6058632978179753	0.23233530525306095	0.04247394004775143	0.20612018532313486
0.6058632978179753	0.23233530525306095	0.04247394004775143	0.20612018532313486
0.6058632978179753	0.23233530525306095	0.04247394004775143	0.20612018532313486
0.6058632978179753	0.23233530525306095	0.04247394004775143	0.20612018532313486
0.6046958995358038	0.24338507937023696	0.04331587189778477	0.3113323270154451
0.6043807575463773	0.2457936226950717	0.04331587189778477	0.3113323270154451
0.6043807575463773	0.2457936226950717	0.04331587189778477	0.3113323270154451
0.6006425238053335	0.26269951654211204	0.06741723405980879	0.32435790623619565
0.6006425238053335	0.26269951654211204	0.06741723405980879	0.32435790623619565
0.6006425238053335	0.26269951654211204	0.06741723405980879	0.32435790623619565
0.5975938120583251	0.2834533964375647	0.06037414461304677	0.32435790623619565
0.5975938120583251	0.2834533964375647	0.06037414461304677	0.32435790623619565
0.5975938120583251	0.2834533964375647	0.06037414461304677	0.32435790623619565
