0.8492741922157057	0.1892814538426844	0.008892253877910261	0.21906065486437556
0.8492741922157057	0.1892814538426844	0.008892253877910261	0.21906065486437556
0.8492741922157057	0.1892814538426844	0.008892253877910261	0.21906065486437556
0.8492741922157057	0.1892814538426844	0.008892253877910261	0.21906065486437556
0.8492741922157057	0.1892814538426844	0.008892253877910261	0.21906065486437556
0.8492741922157057	0.1892814538426844	0.008892253877910261	0.21906065486437556
0.8492741922157057	0.1892814538426844	0.008892253877910261	0.21906065486437556
0.8199621404575801	0.18957045890035798	0.008892253877910261	0.21906065486437556
0.8156711806183436	0.19014144833435995	0.008892253877910261	0.21906065486437556
0.8109695758827151	0.2006602835719871	0.008892253877910261	0.25220347301681567
0.7517601884688531	0.20498108946672494	0.012318751364384123	0.18936873115109915
0.6946106214138179	0.20649257791532497	0.01226716987696519	0.156505446774077
0.6946106214138179	0.20649257791532497	0.01226716987696519	0.156505446774077
0.6946106214138179	0.20649257791532497	0.01226716987696519	0.156505446774077
0.6546125485271342	0.2146559193257482	0.005311678417002613	0.21592848561039713
0.6546125485271342	0.2146559193257482	0.005311678417002613	0.21592848561039713
0.6441290270755828	0.21903312060980748	0.017464969927593027	0.222588526579374
0.6441290270755828	0.21903312060980748	0.017464969927593027	0.222588526579374
0.643135380237475	0.2084756869609869	0.005311678417002613	0.21592848561039713
0.643135380237475	0.2084756869609869	0.005311678417002613	0.21592848561039713
0.6427997148835262	0.21842919776704767	0.005311678417002613	0.21592848561039713
0.6427997148835262	0.21842919776704767	0.005311678417002613	0.21592848561039713
0.6427997148835262	0.21842919776704767	0.005311678417002613	0.21592848561039713
0.6427997148835262	0.21842919776704767	0.005311678417002613	0.21592848561039713
0.6370402968388088	0.2701057292433056	0.03723080126371886	0.1996457844618495
0.6370402968388088	0.2701057292433056	0.03723080126371886	0.1996457844618495
0.6370402968388088	0.2701057292433056	0.03723080126371886	0.1996457844618495
0.6370402968388088	0.2701057292433056	0.03723080126371886	0.1996457844618495
0.6370402968388088	0.2701057292433056	0.03723080126371886	0.1996457844618495
0.6370402968388088	0.2701057292433056	0.03723080126371886	0.1996457844618495
0.6370402968388088	0.2701057292433056	0.03723080126371886	0.1996457844618495
0.6370402968388088	0.2701057292433056	0.03723080126371886	0.1996457844618495
0.6370402968388088	0.2701057292433056	0.03723080126371886	0.1996457844618495
0.6370402968388088	0.2701057292433056	0.03723080126371886	0.1996457844618495
0.6370402968388088	0.2701057292433056	0.03723080126371886	0.1996457844618495
0.6370402968388088	0.2701057292433056	0.03723080126371886	0.1996457844618495
0.6370402968388088	0.2701057292433056	0.03723080126371886	0.1996457844618495
0.638198288624904	0.30007166167330296	0.02307735397940558	0.1996457844618495
0.638198288624904	0.30007166167330296	0.02307735397940558	0.1996457844618495
0.638198288624904	0.30007166167330296	0.02307735397940558	0.1996457844618495
0.638198288624904	0.30007166167330296	0.02307735397940558	0.1996457844618495
0.638198288624904	0.30007166167330296	0.02307735397940558	0.1996457844618495
0.638198288624904	0.30007166167330296	0.02307735397940558	0.1996457844618495
0.638198288624904	0.30007166167330296	0.02307735397940558	0.1996457844618495
0.4169271321579463	0.4594382824635285	0.35207870983798917	0.32948738234503
0.4169271321579463	0.4594382824635285	0.35207870983798917	0.32948738234503
0.4169271321579463	0.4594382824635285	0.35207870983798917	0.32948738234503
0.4177734639620364	0.4540315245077587	0.35207870983798917	0.32948738234503
0.4177734639620364	0.4540315245077587	0.35207870983798917	0.32948738234503
0.4177734639620364	0.4540315245077587	0.35207870983798917	0.32948738234503
0.4177734639620364	0.4540315245077587	0.35207870983798917	0.32948738234503
0.4177734639620364	0.4540315245077587	0.35207870983798917	0.32948738234503
0.358051994108346	0.4513687054963308	0.33600412187074524	0.3778730807951128
0.358051994108346	0.4513687054963308	0.33600412187074524	0.3778730807951128
0.358051994108346	0.4513687054963308	0.33600412187074524	0.3778730807951128
0.41716175979605197	0.4509277033254887	0.3255774414906574	0.34210820886183263
0.41716175979605197	0.4509277033254887	0.3255774414906574	0.34210820886183263
0.41716175979605197	0.4509277033254887	0.3255774414906574	0.34210820886183263
0.41716175979605197	0.4509277033254887	0.3255774414906574	0.34210820886183263
0.41716175979605197	0.4509277033254887	0.3255774414906574	0.34210820886183263
0.41716175979605197	0.4509277033254887	0.3255774414906574	0.34210820886183263
0.41716175979605197	0.4509277033254887	0.3255774414906574	0.34210820886183263
0.41716175979605197	0.4509277033254887	0.3255774414906574	0.34210820886183263
0.41716175979605197	0.4509277033254887	0.3255774414906574	0.34210820886183263
0.3566009918962349	0.4510007445585643	0.33600412187074524	0.350049045892968
0.3566009918962349	0.4510007445585643	0.33600412187074524	0.350049045892968
0.3566009918962349	0.4510007445585643	0.33600412187074524	0.350049045892968
0.3566009918962349	0.4510007445585643	0.33600412187074524	0.350049045892968
0.3566009918962349	0.4510007445585643	0.33600412187074524	0.350049045892968
0.3566009918962349	0.4510007445585643	0.33600412187074524	0.350049045892968
0.3566009918962349	0.4510007445585643	0.33600412187074524	0.350049045892968
0.3566009918962349	0.4510007445585643	0.33600412187074524	0.350049045892968
0.3485176061960124	0.45401770123008983	0.36409584019039243	0.350049045892968
0.3485176061960124	0.45401770123008983	0.36409584019039243	0.350049045892968
0.3485176061960124	0.45401770123008983	0.36409584019039243	0.350049045892968
0.3347644338994402	0.4665001821511542	0.3226915990958943	0.3543472659206057
0.3347644338994402	0.4665001821511542	0.3226915990958943	0.3543472659206057
0.33444535123768115	0.46655080430899326	0.3226915990958943	0.4102360499306843
0.33444535123768115	0.46655080430899326	0.3226915990958943	0.4102360499306843
0.305948488769945	0.505476997778205	0.3002851656379609	0.432479248114348
0.305948488769945	0.505476997778205	0.3002851656379609	0.432479248114348
0.305948488769945	0.505476997778205	0.3002851656379609	0.432479248114348
0.305948488769945	0.505476997778205	0.3002851656379609	0.432479248114348
0.305948488769945	0.505476997778205	0.3002851656379609	0.432479248114348
0.305948488769945	0.505476997778205	0.3002851656379609	0.432479248114348
0.305948488769945	0.505476997778205	0.3002851656379609	0.432479248114348
0.30442516589296637	0.5536971376479528	0.3002851656379609	0.3894133177810067
0.30442516589296637	0.5536971376479528	0.3002851656379609	0.3894133177810067
0.30442516589296637	0.5536971376479528	0.3002851656379609	0.3894133177810067
0.30442516589296637	0.5536971376479528	0.3002851656379609	0.3894133177810067
0.30442516589296637	0.5536971376479528	0.3002851656379609	0.3894133177810067
0.30375781358293313	0.6544868398208592	0.4609391224972013	0.7023126887004929
0.30375781358293313	0.6544868398208592	0.4609391224972013	0.7023126887004929
0.30375781358293313	0.6544868398208592	0.4609391224972013	0.7023126887004929
0.26487390889897217	1.1979657265286394	0.7062708838608693	0.5544197680234286
0.26487390889897217	1.1979657265286394	0.7062708838608693	0.5544197680234286
0.26487390889897217	1.1979657265286394	0.7062708838608693	0.5544197680234286
0.2648285782380903	1.214033380673778	0.7062708838608693	0.5544197680234286
0.2589235394884169	1.961368595647858	0.7062708838608693	0.5544197680234286
0.2417341994391585	2.050624754977103	0.6616987917363497	0.5544197680234286
