1.3416189447788298	0.18533374439224148	0.0066316762624663295	0.14754733697463404
1.3416189447788298	0.18533374439224148	0.0066316762624663295	0.14754733697463404
1.3416189447788298	0.18533374439224148	0.0066316762624663295	0.14754733697463404
0.7401740614952651	0.18586608778747135	0.001128814222301544	0.14601522520544424
0.7483456950343721	0.18434458058164488	0.0012233315605668649	0.15929318179421825
0.7483456950343721	0.18434458058164488	0.0012233315605668649	0.15929318179421825
0.7137869314795232	0.18550194282960059	0.0010342968840362232	0.13273726861667023
0.7049966682855322	0.19067312674144987	0.0012233315605668649	0.15929318179421825
0.7042600612974178	0.20245699961831695	0.014373593438490206	0.15929318179421825
0.7042600612974178	0.20245699961831695	0.014373593438490206	0.15929318179421825
0.7042600612974178	0.20245699961831695	0.014373593438490206	0.15929318179421825
0.7042600612974178	0.20245699961831695	0.014373593438490206	0.15929318179421825
0.7040579271837599	0.19239070075573256	0.0012233315605668649	0.0901612556049417
0.7040579271837599	0.19239070075573256	0.0012233315605668649	0.0901612556049417
0.7040579271837599	0.19239070075573256	0.0012233315605668649	0.0901612556049417
0.7040579271837599	0.19239070075573256	0.0012233315605668649	0.0901612556049417
0.7040579271837599	0.19239070075573256	0.0012233315605668649	0.0901612556049417
0.7040579271837599	0.19239070075573256	0.0012233315605668649	0.0901612556049417
0.7038105505087477	0.1888628137744386	0.0012233315605668649	0.06920272423516732
0.7038105505087477	0.1888628137744386	0.0012233315605668649	0.06920272423516732
0.7038105505087477	0.1888628137744386	0.0012233315605668649	0.06920272423516732
0.7038105505087477	0.1888628137744386	0.0012233315605668649	0.06920272423516732
0.7038105505087477	0.1888628137744386	0.0012233315605668649	0.06920272423516732
0.7038105505087477	0.1888628137744386	0.0012233315605668649	0.06920272423516732
0.7038105505087477	0.1888628137744386	0.0012233315605668649	0.06920272423516732
0.7038105505087477	0.1888628137744386	0.0012233315605668649	0.06920272423516732
0.7038105505087477	0.1888628137744386	0.0012233315605668649	0.06920272423516732
0.7038105505087477	0.1888628137744386	0.0012233315605668649	0.06920272423516732
0.7038105505087477	0.1888628137744386	0.0012233315605668649	0.06920272423516732
0.7038105505087477	0.1888628137744386	0.0012233315605668649	0.06920272423516732
0.7038105505087477	0.1888628137744386	0.0012233315605668649	0.06920272423516732
0.4878037352210419	0.44894340515794473	0.326157108757265	0.3595827732189725
0.5364260804437784	0.4461820610195472	0.326157108757265	0.3595827732189725
0.5364260804437784	0.4461820610195472	0.326157108757265	0.3595827732189725
0.49203538385111567	0.4454974033447326	0.326157108757265	0.3595827732189725
0.49203538385111567	0.4454974033447326	0.326157108757265	0.3595827732189725
0.49203538385111567	0.4454974033447326	0.326157108757265	0.3595827732189725
0.49203538385111567	0.4454974033447326	0.326157108757265	0.3595827732189725
0.49203538385111567	0.4454974033447326	0.326157108757265	0.3595827732189725
0.40022900576900805	0.44746769524398766	0.2798501239867432	0.3702204083964489
0.40022900576900805	0.44746769524398766	0.2798501239867432	0.3702204083964489
0.40022900576900805	0.44746769524398766	0.2798501239867432	0.3702204083964489
0.40022900576900805	0.44746769524398766	0.2798501239867432	0.3702204083964489
0.40022900576900805	0.44746769524398766	0.2798501239867432	0.3702204083964489
0.40022900576900805	0.44746769524398766	0.2798501239867432	0.3702204083964489
0.3603865619953634	0.4637009220286955	0.28487434311890014	0.4295586213402965
0.3603865619953634	0.4637009220286955	0.28487434311890014	0.4295586213402965
0.3603865619953634	0.4637009220286955	0.28487434311890014	0.4295586213402965
0.3603865619953634	0.4637009220286955	0.28487434311890014	0.4295586213402965
0.3603865619953634	0.4637009220286955	0.28487434311890014	0.4295586213402965
0.3518155750742813	0.4874663015102455	0.36764267261425304	0.3653828055707855
0.33891828605585117	0.4943085813970935	0.45008221159788153	0.38801825301670706
0.3271248129828575	0.48911416233173277	0.36947733682596895	0.37520171876350694
0.32675454428907486	0.49730066610394286	0.3675363272794336	0.4326353016557686
0.3259459510821282	0.4953079296077847	0.348540900140995	0.416395973437026
0.3154289048590111	0.5197135687786771	0.45008221159788153	0.45509622062720895
0.3154289048590111	0.5197135687786771	0.45008221159788153	0.45509622062720895
0.3154289048590111	0.5197135687786771	0.45008221159788153	0.45509622062720895
0.3154289048590111	0.5197135687786771	0.45008221159788153	0.45509622062720895
0.31360730820129407	0.5203047411167664	0.45008221159788153	0.45509622062720895
0.304722321706001	0.5975198785015015	0.562725107015005	0.5601669708939454
0.304722321706001	0.5975198785015015	0.562725107015005	0.5601669708939454
0.304722321706001	0.5975198785015015	0.562725107015005	0.5601669708939454
0.304722321706001	0.5975198785015015	0.562725107015005	0.5601669708939454
0.30110009538455434	0.6695620590090364	0.6672898794877744	0.5745039355084861
0.30110009538455434	0.6695620590090364	0.6672898794877744	0.5745039355084861
0.29608435247503767	0.7062816903396002	0.6063275063529358	0.6519610218983227
0.2960098390294701	0.677807174694069	0.6460453248521609	0.6181586132632293
0.2960098390294701	0.677807174694069	0.6460453248521609	0.6181586132632293
0.2960098390294701	0.677807174694069	0.6460453248521609	0.6181586132632293
0.2960098390294701	0.677807174694069	0.6460453248521609	0.6181586132632293
0.29189033241908435	0.8703133241973116	0.5658957477918484	0.5359768829048959
0.20838960906751236	0.8284450453298352	0.5341666169968441	0.5088466212450002
0.20838960906751236	0.8284450453298352	0.5341666169968441	0.5088466212450002
0.20838960906751236	0.8284450453298352	0.5341666169968441	0.5088466212450002
0.20838960906751236	0.8284450453298352	0.5341666169968441	0.5088466212450002
0.20838960906751236	0.8284450453298352	0.5341666169968441	0.5088466212450002
0.20838960906751236	0.8284450453298352	0.5341666169968441	0.5088466212450002
0.13097162050635658	0.8699546236452759	0.6310474649800776	0.46633001202600155
0.13097162050635658	0.8699546236452759	0.6310474649800776	0.46633001202600155
0.13097162050635658	0.8699546236452759	0.6310474649800776	0.46633001202600155
0.13097162050635658	0.8699546236452759	0.6310474649800776	0.46633001202600155
0.13097162050635658	0.8699546236452759	0.6310474649800776	0.46633001202600155
0.13097162050635658	0.8699546236452759	0.6310474649800776	0.46633001202600155
0.13097162050635658	0.8699546236452759	0.6310474649800776	0.46633001202600155
0.12409096798458305	0.8716368634588296	0.577654812431836	0.4868750171931123
0.09962547398025519	0.8731152559234796	0.577654812431836	0.49003871430566337
0.09962547398025519	0.8731152559234796	0.577654812431836	0.49003871430566337
0.09962547398025519	0.8731152559234796	0.577654812431836	0.49003871430566337
0.09171237824810996	0.9150323029013665	0.577654812431836	0.49003871430566337
0.06385950602484448	0.9466038299694838	0.6481859738568125	0.43362772575893127
0.06385950602484448	0.9466038299694838	0.6481859738568125	0.43362772575893127
0.06385950602484448	0.9466038299694838	0.6481859738568125	0.43362772575893127
0.05886345022408103	0.9877204577374769	0.7086266320118116	0.5753617419258499
0.012678064261570584	1.0178499639778906	0.7079709718277978	0.5650958596309987
0.030937236338029816	1.0487334721624375	0.649023797872235	0.6165419323763256
0.030937236338029816	1.0487334721624375	0.649023797872235	0.6165419323763256
0.0085631717933239	1.0489139624254702	0.7238194916891543	0.48305794941089103
0.0085631717933239	1.0489139624254702	0.7238194916891543	0.48305794941089103
0.0085631717933239	1.0489139624254702	0.7238194916891543	0.48305794941089103
