2.1837439225221904	0.1843162078041567	0.008397026809951774	0.09947131040385906
2.1837439225221904	0.1843162078041567	0.008397026809951774	0.09947131040385906
1.1884569923750838	0.18801662738503977	0.008397026809951774	0.09947131040385906
1.1884569923750838	0.18801662738503977	0.008397026809951774	0.09947131040385906
1.13946961956795	0.18918067734875035	0.012304526843581465	0.101076238554721
0.998690779305391	0.19298092385379528	0.008397026809951774	0.09947131040385906
0.9405494831046268	0.1964459695841148	0.008397026809951774	0.11866173629745733
0.9405494831046268	0.1964459695841148	0.008397026809951774	0.11866173629745733
0.9405494831046268	0.1964459695841148	0.008397026809951774	0.11866173629745733
0.9405494831046268	0.1964459695841148	0.008397026809951774	0.11866173629745733
0.9383942137609922	0.2295266100547686	0.0006588921413719917	0.1361692649276452
0.9383942137609922	0.2295266100547686	0.0006588921413719917	0.1361692649276452
0.8063064847011399	0.2446858626981434	0.007241503994777215	0.05789559976946444
0.8063064847011399	0.2446858626981434	0.007241503994777215	0.05789559976946444
0.8063064847011399	0.2446858626981434	0.007241503994777215	0.05789559976946444
0.8063064847011399	0.2446858626981434	0.007241503994777215	0.05789559976946444
0.80593179782191	0.2568530874919596	0.007241503994777215	0.05789559976946444
0.80593179782191	0.2568530874919596	0.007241503994777215	0.05789559976946444
0.7717294237349386	0.2651926990824536	0.03923837169191746	0.05789559976946444
0.7717294237349386	0.2651926990824536	0.03923837169191746	0.05789559976946444
0.7617306987976452	0.2790603815629652	0.04855750084475796	0.05789559976946444
0.7617306987976452	0.2790603815629652	0.04855750084475796	0.05789559976946444
0.7617306987976452	0.2790603815629652	0.04855750084475796	0.05789559976946444
0.7617306987976452	0.2790603815629652	0.04855750084475796	0.05789559976946444
0.7449195989675013	0.303260605932637	0.10114712068007559	0.03323203970337438
0.7364572636107763	0.30717908931739224	0.10114712068007559	0.07733578160542201
0.7364572636107763	0.30717908931739224	0.10114712068007559	0.07733578160542201
0.7364572636107763	0.30717908931739224	0.10114712068007559	0.07733578160542201
0.7364572636107763	0.30717908931739224	0.10114712068007559	0.07733578160542201
0.7364572636107763	0.30717908931739224	0.10114712068007559	0.07733578160542201
0.7364572636107763	0.30717908931739224	0.10114712068007559	0.07733578160542201
0.7354016232038182	0.3540349209122445	0.15528399137832227	0.07022737980250948
0.7354016232038182	0.3540349209122445	0.15528399137832227	0.07022737980250948
0.7354016232038182	0.3540349209122445	0.15528399137832227	0.07022737980250948
0.7354016232038182	0.3540349209122445	0.15528399137832227	0.07022737980250948
0.7449195989675013	0.303260605932637	0.10114712068007559	0.03323203970337438
0.751490642670806	0.30271685883357585	0.10114712068007559	0.03323203970337438
0.7250822285255355	0.4334975774957874	0.28551774561095666	0.3441324713442079
0.7250822285255355	0.4334975774957874	0.28551774561095666	0.3441324713442079
0.7034179868897339	0.4334975774957874	0.28551774561095666	0.3441324713442079
0.6952260657745004	0.43434332473357856	0.28551774561095666	0.3441324713442079
0.6795550221701022	0.4413519984571076	0.260061283140498	0.32775284737595783
0.5545546989959752	0.4437695603192501	0.34201854744410765	0.3680488182011356
0.5545546989959752	0.4437695603192501	0.34201854744410765	0.3680488182011356
0.5457126186754526	0.4435503934536006	0.34201854744410765	0.3680488182011356
0.5457126186754526	0.4435503934536006	0.34201854744410765	0.3680488182011356
0.5457126186754526	0.4435503934536006	0.34201854744410765	0.3680488182011356
0.5457126186754526	0.4435503934536006	0.34201854744410765	0.3680488182011356
0.5457126186754526	0.4435503934536006	0.34201854744410765	0.3680488182011356
0.5457126186754526	0.4435503934536006	0.34201854744410765	0.3680488182011356
0.5457126186754526	0.4435503934536006	0.34201854744410765	0.3680488182011356
0.5457126186754526	0.4435503934536006	0.34201854744410765	0.3680488182011356
0.5183932548865224	0.4436812520686489	0.34201854744410765	0.3680488182011356
0.5183932548865224	0.4436812520686489	0.34201854744410765	0.3680488182011356
0.5183932548865224	0.4436812520686489	0.34201854744410765	0.3680488182011356
0.49029026329720937	0.4440023254223195	0.34201854744410765	0.3680488182011356
0.49029026329720937	0.4440023254223195	0.34201854744410765	0.3680488182011356
0.49029026329720937	0.4440023254223195	0.34201854744410765	0.3680488182011356
0.49029026329720937	0.4440023254223195	0.34201854744410765	0.3680488182011356
0.4827208233092589	0.44887865750759676	0.29293620837880696	0.3479104567038238
0.4297608220077147	0.4510441727796529	0.3149484715941926	0.40902803532418053
0.4297608220077147	0.4510441727796529	0.3149484715941926	0.40902803532418053
0.4297608220077147	0.4510441727796529	0.3149484715941926	0.40902803532418053
0.4297608220077147	0.4510441727796529	0.3149484715941926	0.40902803532418053
0.4297608220077147	0.4510441727796529	0.3149484715941926	0.40902803532418053
0.4297608220077147	0.4510441727796529	0.3149484715941926	0.40902803532418053
0.4297608220077147	0.4510441727796529	0.3149484715941926	0.40902803532418053
0.4297608220077147	0.4510441727796529	0.3149484715941926	0.40902803532418053
0.4096822037802415	0.46499820683224435	0.3220873758527772	0.38796057297023895
0.4096822037802415	0.46499820683224435	0.3220873758527772	0.38796057297023895
0.4096822037802415	0.46499820683224435	0.3220873758527772	0.38796057297023895
0.4096822037802415	0.46499820683224435	0.3220873758527772	0.38796057297023895
0.40054535732776775	0.47603874063853013	0.3482943550469685	0.3358544915873486
0.40054535732776775	0.47603874063853013	0.3482943550469685	0.3358544915873486
0.3739201079558484	0.48504286993444945	0.3470836433269715	0.374330835186827
0.3739201079558484	0.48504286993444945	0.3470836433269715	0.374330835186827
0.3739201079558484	0.48504286993444945	0.3470836433269715	0.374330835186827
0.3739201079558484	0.48504286993444945	0.3470836433269715	0.374330835186827
0.37310331902056765	0.4865529039040093	0.3470836433269715	0.374330835186827
0.36248319824440617	0.48740062910509563	0.3470836433269715	0.374330835186827
0.36248319824440617	0.48740062910509563	0.3470836433269715	0.374330835186827
0.35200559436719575	0.4888801863353943	0.3367697501812974	0.374330835186827
0.35200559436719575	0.4888801863353943	0.3367697501812974	0.374330835186827
0.34533425006974977	0.4972426875763283	0.3086916632172829	0.3637380012550435
0.34533425006974977	0.4972426875763283	0.3086916632172829	0.3637380012550435
0.331231975085266	0.5073702782306615	0.3751125616344313	0.35675424619270474
0.331231975085266	0.5073702782306615	0.3751125616344313	0.35675424619270474
0.331231975085266	0.5073702782306615	0.3751125616344313	0.35675424619270474
0.31959064453222363	0.5077803930913083	0.3706998358151118	0.35675424619270474
0.31959064453222363	0.5077803930913083	0.3706998358151118	0.35675424619270474
0.31959064453222363	0.5077803930913083	0.3706998358151118	0.35675424619270474
0.30730299053254767	0.5081378624410154	0.3618743841764727	0.35675424619270474
0.30730299053254767	0.5081378624410154	0.3618743841764727	0.35675424619270474
0.30730299053254767	0.5081378624410154	0.3618743841764727	0.35675424619270474
0.2967259797644937	0.5183202064371292	0.36442742825957086	0.3403821443528193
0.2967259797644937	0.5183202064371292	0.36442742825957086	0.3403821443528193
0.2967259797644937	0.5183202064371292	0.36442742825957086	0.3403821443528193
0.28504620740119213	0.60862411223194	0.5741764785911802	0.5031258186534344
0.28504620740119213	0.60862411223194	0.5741764785911802	0.5031258186534344
0.2849970366970281	0.6536613540320703	0.5478282942484946	0.481012850003668
