0.8135470650163671	0.18932971200971005	0.0011896682922877821	0.16076541765439392
0.8135470650163671	0.18932971200971005	0.0011896682922877821	0.16076541765439392
0.8135470650163671	0.18932971200971005	0.0011896682922877821	0.16076541765439392
0.8135470650163671	0.18932971200971005	0.0011896682922877821	0.16076541765439392
0.8135470650163671	0.18932971200971005	0.0011896682922877821	0.16076541765439392
0.8135470650163671	0.18932971200971005	0.0011896682922877821	0.16076541765439392
0.6868653471177961	0.19131439636431308	0.0011896682922877821	0.1369418795588236
0.6868653471177961	0.19131439636431308	0.0011896682922877821	0.1369418795588236
0.6763439132373097	0.19135250247961655	0.007968697316707768	0.18970818589526883
0.6490183298504236	0.1980775178370538	0.012726550677031517	0.13106133558403804
0.6490183298504236	0.1980775178370538	0.012726550677031517	0.13106133558403804
0.6490183298504236	0.1980775178370538	0.012726550677031517	0.13106133558403804
0.6490183298504236	0.1980775178370538	0.012726550677031517	0.13106133558403804
0.6490183298504236	0.1980775178370538	0.012726550677031517	0.13106133558403804
0.6490183298504236	0.1980775178370538	0.012726550677031517	0.13106133558403804
0.6316247173014116	0.21923683107385894	0.018419488285016883	0.2102737933001832
0.6315421626656786	0.22922259141277918	0.0006652252423034466	0.1898556454423166
0.6315421626656786	0.22922259141277918	0.0006652252423034466	0.1898556454423166
0.627409958618007	0.23853891721502152	0.04428334982479176	0.20932798537233605
0.6187960089982895	0.2362458546189268	0.04428334982479176	0.1648266204754697
0.6175361893940767	0.2448502267542902	0.04428334982479176	0.16504138759802472
0.6175361893940767	0.2448502267542902	0.04428334982479176	0.16504138759802472
0.6175357293241384	0.23864718781793298	0.04428334982479176	0.21226177122445933
0.6175357293241384	0.23864718781793298	0.04428334982479176	0.21226177122445933
0.6175357293241384	0.2419137125104323	0.04428334982479176	0.16504138759802472
0.6175357293241384	0.2419137125104323	0.04428334982479176	0.16504138759802472
0.6175357293241384	0.2419137125104323	0.04428334982479176	0.16504138759802472
0.6175357293241384	0.2419137125104323	0.04428334982479176	0.16504138759802472
0.6175357293241384	0.2419137125104323	0.04428334982479176	0.16504138759802472
0.6175357293241384	0.2419137125104323	0.04428334982479176	0.16504138759802472
0.6175357293241384	0.2419137125104323	0.04428334982479176	0.16504138759802472
0.6170173891036896	0.3166269899489086	0.04428334982479176	0.16504138759802472
0.6170173891036896	0.3166269899489086	0.04428334982479176	0.16504138759802472
0.6170173891036896	0.3166269899489086	0.04428334982479176	0.16504138759802472
0.6170173891036896	0.3166269899489086	0.04428334982479176	0.16504138759802472
0.6170173891036896	0.3166269899489086	0.04428334982479176	0.16504138759802472
0.6170173891036896	0.3166269899489086	0.04428334982479176	0.16504138759802472
0.6170173891036896	0.3166269899489086	0.04428334982479176	0.16504138759802472
0.6170173891036896	0.3166269899489086	0.04428334982479176	0.16504138759802472
0.6170173891036896	0.3166269899489086	0.04428334982479176	0.16504138759802472
0.6170173891036896	0.3166269899489086	0.04428334982479176	0.16504138759802472
0.6170173891036896	0.3166269899489086	0.04428334982479176	0.16504138759802472
0.6170173891036896	0.3166269899489086	0.04428334982479176	0.16504138759802472
0.6170173891036896	0.3166269899489086	0.04428334982479176	0.16504138759802472
0.6170173891036896	0.3166269899489086	0.04428334982479176	0.16504138759802472
0.6172105230886195	0.29696128085086854	0.04428334982479176	0.16504138759802472
0.581096656930175	0.47121575754470824	0.32922206161708145	0.34623594943015046
0.581096656930175	0.47121575754470824	0.32922206161708145	0.34623594943015046
0.5009280630472439	0.47121575754470824	0.32922206161708145	0.34623594943015046
0.5009280630472439	0.47121575754470824	0.32922206161708145	0.34623594943015046
0.5009280630472439	0.47121575754470824	0.32922206161708145	0.34623594943015046
0.5009280630472439	0.47121575754470824	0.32922206161708145	0.34623594943015046
0.5009280630472439	0.47121575754470824	0.32922206161708145	0.34623594943015046
0.5009280630472439	0.47121575754470824	0.32922206161708145	0.34623594943015046
0.5009280630472439	0.47121575754470824	0.32922206161708145	0.34623594943015046
0.5009280630472439	0.47121575754470824	0.32922206161708145	0.34623594943015046
0.4209672756586879	0.47146234617420435	0.32922206161708145	0.33870288871470533
0.4209672756586879	0.47146234617420435	0.32922206161708145	0.33870288871470533
0.4209672756586879	0.47146234617420435	0.32922206161708145	0.33870288871470533
0.4209672756586879	0.47146234617420435	0.32922206161708145	0.33870288871470533
0.38002369869871466	0.47037719480940626	0.2516376540468429	0.3425319827737868
0.38002369869871466	0.47037719480940626	0.2516376540468429	0.3425319827737868
0.38002369869871466	0.47037719480940626	0.2516376540468429	0.3425319827737868
0.38002369869871466	0.47037719480940626	0.2516376540468429	0.3425319827737868
0.38002369869871466	0.47037719480940626	0.2516376540468429	0.3425319827737868
0.38002369869871466	0.47037719480940626	0.2516376540468429	0.3425319827737868
0.38002369869871466	0.47037719480940626	0.2516376540468429	0.3425319827737868
0.38002369869871466	0.47037719480940626	0.2516376540468429	0.3425319827737868
0.38002369869871466	0.47037719480940626	0.2516376540468429	0.3425319827737868
0.38002369869871466	0.47037719480940626	0.2516376540468429	0.3425319827737868
0.38002369869871466	0.47037719480940626	0.2516376540468429	0.3425319827737868
0.3673527541792845	0.47681448688754174	0.33170863043996596	0.3761495790551775
0.3673527541792845	0.47681448688754174	0.33170863043996596	0.3761495790551775
0.3663613002988095	0.4781961251588326	0.33170863043996596	0.3761495790551775
0.3622941107103696	0.4918387712815586	0.35060689311950766	0.45605821630358334
0.3622941107103696	0.4918387712815586	0.35060689311950766	0.45605821630358334
0.34893891475027633	0.5084103610594448	0.3654699695031234	0.4398857876855959
0.34893891475027633	0.5084103610594448	0.3654699695031234	0.4398857876855959
0.3462202597390003	0.5132384227486834	0.31611492109424966	0.3534541754911807
0.334169781153389	0.5204171788513782	0.44443865976647484	0.3534541754911807
0.334169781153389	0.5204171788513782	0.44443865976647484	0.3534541754911807
0.3341455794221675	0.5204171788513782	0.44443865976647484	0.3534541754911807
0.3111921144019615	0.5407551322417499	0.34999603671272855	0.3670133816749636
0.3111921144019615	0.5407551322417499	0.34999603671272855	0.3670133816749636
0.3111921144019615	0.5407551322417499	0.34999603671272855	0.3670133816749636
0.3111921144019615	0.5407551322417499	0.34999603671272855	0.3670133816749636
0.30725929352748493	0.5453759372521317	0.418746442765383	0.4319689990667186
0.2966736169426602	0.5478378448650484	0.4146419140408819	0.4491481983217527
0.2966736169426602	0.5478378448650484	0.4146419140408819	0.4491481983217527
0.2926182476084132	0.5482510734947356	0.4338562551544568	0.4491481983217527
0.28448025634039914	0.5484938585385821	0.40609349089508134	0.42212027954816356
0.28448025634039914	0.5484938585385821	0.40609349089508134	0.42212027954816356
0.26770682904657145	0.562718982553647	0.43745622012696284	0.40829378034808017
0.26770682904657145	0.562718982553647	0.43745622012696284	0.40829378034808017
0.26770682904657145	0.562718982553647	0.43745622012696284	0.40829378034808017
0.26770682904657145	0.562718982553647	0.43745622012696284	0.40829378034808017
0.26415450897970083	0.6017383729158505	0.4646781867836063	0.4487928783929053
0.2518962484876587	0.6027929204442829	0.4646781867836063	0.4672993518212397
0.2518962484876587	0.6027929204442829	0.4646781867836063	0.4672993518212397
0.25048587870436806	0.603213892395243	0.4646781867836063	0.35384334119229155
