0.71891957316738	0.19544222547765217	0.009069921517628282	0.1872266656033772
0.71891957316738	0.19544222547765217	0.009069921517628282	0.1872266656033772
0.71891957316738	0.19544222547765217	0.009069921517628282	0.1872266656033772
0.71891957316738	0.19544222547765217	0.009069921517628282	0.1872266656033772
0.71891957316738	0.19544222547765217	0.009069921517628282	0.1872266656033772
0.7304071948816604	0.19712311811182145	0.0064937644248263815	0.1872266656033772
0.7048209418470239	0.19725589220135725	0.009069921517628282	0.22580985048848
0.7282731281270445	0.19903253287229622	0.009069921517628282	0.13896415523196481
0.7132702031300149	0.205072919778497	0.005705888465189157	0.1872266656033772
0.6498615086546284	0.21013035032401994	0.009880560980062042	0.19517245884099443
0.6438894072454084	0.21564680037198639	0.01145631289933649	0.2251231222146124
0.6436803445377648	0.21915782926962812	0.009880560980062042	0.2251231222146124
0.6436803445377648	0.21915782926962812	0.009880560980062042	0.2251231222146124
0.6443529532864398	0.22522142077594057	0.030027561255873497	0.2325328475549865
0.6425645886278959	0.22774521097762807	0.009880560980062042	0.2916974795838192
0.6425645886278959	0.22774521097762807	0.009880560980062042	0.2916974795838192
0.6425645886278959	0.22774521097762807	0.009880560980062042	0.2916974795838192
0.6425645886278959	0.22774521097762807	0.009880560980062042	0.2916974795838192
0.6425645886278959	0.22774521097762807	0.009880560980062042	0.2916974795838192
0.6411255916863327	0.25346850943702415	0.005901400205831991	0.2251231222146124
0.6408944109602227	0.25878535414877457	0.08513587710599571	0.2251231222146124
0.6408944109602227	0.25878535414877457	0.08513587710599571	0.2251231222146124
0.6355159111298975	0.2713477529271583	0.0394683470363838	0.12247145043104544
0.6329304341320474	0.28075332174820417	0.049650173908862894	0.12247145043104544
0.6329304341320474	0.28075332174820417	0.049650173908862894	0.12247145043104544
0.6329304341320474	0.28075332174820417	0.049650173908862894	0.12247145043104544
0.6329304341320474	0.28075332174820417	0.049650173908862894	0.12247145043104544
0.6329304341320474	0.28075332174820417	0.049650173908862894	0.12247145043104544
0.6327836155771017	0.3107916347199421	0.049650173908862894	0.12247145043104544
0.6327836155771017	0.3107916347199421	0.049650173908862894	0.12247145043104544
0.6327836155771017	0.3107916347199421	0.049650173908862894	0.12247145043104544
0.6327836155771017	0.3107916347199421	0.049650173908862894	0.12247145043104544
0.6302622696830563	0.28414332908779405	0.03274075865193238	0.20209087608369278
0.6302622696830563	0.28414332908779405	0.03274075865193238	0.20209087608369278
0.6302622696830563	0.28414332908779405	0.03274075865193238	0.20209087608369278
0.6302622696830563	0.28414332908779405	0.03274075865193238	0.20209087608369278
0.6302622696830563	0.28414332908779405	0.03274075865193238	0.20209087608369278
0.6302622696830563	0.28414332908779405	0.03274075865193238	0.20209087608369278
0.6302622696830563	0.28414332908779405	0.03274075865193238	0.20209087608369278
0.6302622696830563	0.28414332908779405	0.03274075865193238	0.20209087608369278
0.6302622696830563	0.28414332908779405	0.03274075865193238	0.20209087608369278
0.6302622696830563	0.28414332908779405	0.03274075865193238	0.20209087608369278
0.6302622696830563	0.28414332908779405	0.03274075865193238	0.20209087608369278
0.6302622696830563	0.28414332908779405	0.03274075865193238	0.20209087608369278
0.6302622696830563	0.28414332908779405	0.03274075865193238	0.20209087608369278
0.6302622696830563	0.28414332908779405	0.03274075865193238	0.20209087608369278
0.6302622696830563	0.28414332908779405	0.03274075865193238	0.20209087608369278
0.6318603813875254	0.43019997859234643	0.14995358816505278	0.23298086761326203
0.6318603813875254	0.43019997859234643	0.14995358816505278	0.23298086761326203
0.4727359893352062	0.5294541022456933	0.44772355428026867	0.3580859574239622
0.5015172982327953	0.5276344038865104	0.37805950273789746	0.33322278588951043
0.4855540696152847	0.5266936160583923	0.3460102353522594	0.3336061589582211
0.4855540696152847	0.5266936160583923	0.3460102353522594	0.3336061589582211
0.4855540696152847	0.5266936160583923	0.3460102353522594	0.3336061589582211
0.4855540696152847	0.5266936160583923	0.3460102353522594	0.3336061589582211
0.5247583021600069	0.5257736561860649	0.3872163774967875	0.33322278588951043
0.5247583021600069	0.5257736561860649	0.3872163774967875	0.33322278588951043
0.42921005617256813	0.5227646116449295	0.364151185454722	0.3336061589582211
0.42921005617256813	0.5227646116449295	0.364151185454722	0.3336061589582211
0.42921005617256813	0.5227646116449295	0.364151185454722	0.3336061589582211
0.42921005617256813	0.5227646116449295	0.364151185454722	0.3336061589582211
0.42921005617256813	0.5227646116449295	0.364151185454722	0.3336061589582211
0.41173392309978935	0.5206799619655752	0.4110343959834945	0.33811135164582684
0.41173392309978935	0.5206799619655752	0.4110343959834945	0.33811135164582684
0.41173392309978935	0.5206799619655752	0.4110343959834945	0.33811135164582684
0.41173392309978935	0.5206799619655752	0.4110343959834945	0.33811135164582684
0.41173392309978935	0.5206799619655752	0.4110343959834945	0.33811135164582684
0.41173392309978935	0.5206799619655752	0.4110343959834945	0.33811135164582684
0.41173392309978935	0.5206799619655752	0.4110343959834945	0.33811135164582684
0.41173392309978935	0.5206799619655752	0.4110343959834945	0.33811135164582684
0.3977127354949565	0.5208809344346452	0.4023335783421221	0.33990660443268866
0.3977127354949565	0.5208809344346452	0.4023335783421221	0.33990660443268866
0.38857550425625575	0.5222972214069105	0.41485971454169096	0.34210778195672076
0.36212926739759843	0.5226645128704368	0.40981473515360645	0.34778895277520333
0.33492030508193876	0.5205926189248373	0.40536575352899845	0.35211176600218513
0.33492030508193876	0.5205926189248373	0.40536575352899845	0.35211176600218513
0.33492030508193876	0.5205926189248373	0.40536575352899845	0.35211176600218513
0.33492030508193876	0.5205926189248373	0.40536575352899845	0.35211176600218513
0.33492030508193876	0.5205926189248373	0.40536575352899845	0.35211176600218513
0.33492030508193876	0.5205926189248373	0.40536575352899845	0.35211176600218513
0.33492030508193876	0.5205926189248373	0.40536575352899845	0.35211176600218513
0.33492030508193876	0.5205926189248373	0.40536575352899845	0.35211176600218513
0.32396481129594995	0.5236903961844069	0.37189312152372533	0.309496020655353
0.32396481129594995	0.5236903961844069	0.37189312152372533	0.309496020655353
0.32396481129594995	0.5236903961844069	0.37189312152372533	0.309496020655353
0.3180689627004612	0.5320408433234198	0.42611616092133686	0.3440306194275542
0.3049109827294769	0.5388769536356227	0.4084889913103476	0.37378410378852844
0.3049109827294769	0.5388769536356227	0.4084889913103476	0.37378410378852844
0.3049109827294769	0.5388769536356227	0.4084889913103476	0.37378410378852844
0.29161738739878423	0.5500462072315948	0.3891930204985108	0.42459759683218046
0.29161738739878423	0.5500462072315948	0.3891930204985108	0.42459759683218046
0.29161738739878423	0.5500462072315948	0.3891930204985108	0.42459759683218046
0.2896104584211882	0.5522579109246978	0.4017589980014197	0.4459481290807026
0.28337972377097087	0.5546910613049447	0.35339335229448043	0.4531442665839995
0.28139953236594356	0.561448662861465	0.4058972869550817	0.45938594901248986
0.25946116232117755	0.5921115687190508	0.43460639755172026	0.4632433275446921
0.2672990002812473	0.5759559772895765	0.5030624684096083	0.39788827807601035
0.25946116232117755	0.5921115687190508	0.43460639755172026	0.4632433275446921
0.25946116232117755	0.5921115687190508	0.43460639755172026	0.4632433275446921
0.25946116232117755	0.5921115687190508	0.43460639755172026	0.4632433275446921
