1.5454727989808927	0.0665308137076157	0.0300465534131778	0.021893763374304126
1.5454727989808927	0.0665308137076157	0.0300465534131778	0.021893763374304126
1.5454727989808927	0.0665308137076157	0.0300465534131778	0.021893763374304126
1.4667126855895187	0.07252973127971009	0.0428835670042888	0.021893763374304126
1.099564609624185	0.08325170128854964	0.004558118638097491	0.04224940577825753
1.0345153126462763	0.08591420134168203	0.004558118638097491	0.04224940577825753
1.021887448601286	0.08609639761406715	0.004558118638097491	0.04224940577825753
1.0156407169670318	0.09428362300792231	0.018578890931826575	0.04224940577825753
1.0104223266226102	0.1048966264299068	0.004558118638097491	0.04224940577825753
1.0015010630537422	0.1077499043645456	0.004558118638097491	0.04224940577825753
1.0015010630537422	0.1077499043645456	0.004558118638097491	0.04224940577825753
1.0015010630537422	0.1077499043645456	0.004558118638097491	0.04224940577825753
1.0015010630537422	0.1077499043645456	0.004558118638097491	0.04224940577825753
1.0015010630537422	0.1077499043645456	0.004558118638097491	0.04224940577825753
1.0015010630537422	0.1077499043645456	0.004558118638097491	0.04224940577825753
0.9923652710142086	0.16120517216712293	0.07119891105122902	0.008520320680437538
0.9923652710142086	0.16120517216712293	0.07119891105122902	0.008520320680437538
0.9923652710142086	0.16120517216712293	0.07119891105122902	0.008520320680437538
0.9753810157581547	0.19208703956588657	0.0881880050926872	0.008520320680437538
0.9753810157581547	0.19208703956588657	0.0881880050926872	0.008520320680437538
0.9707697405201585	0.1892824097717728	0.0881880050926872	0.008520320680437538
0.9707697405201585	0.1892824097717728	0.0881880050926872	0.008520320680437538
0.9707697405201585	0.1892824097717728	0.0881880050926872	0.008520320680437538
0.9681554748842196	0.2357181256058069	0.0881880050926872	0.05102043301012055
0.9674567851751704	0.24806549292303015	0.054865402366572	0.05102043301012055
0.9674567851751704	0.24806549292303015	0.054865402366572	0.05102043301012055
0.9674567851751704	0.26866689248435777	0.054865402366572	0.05102043301012055
0.9674567851751704	0.26866689248435777	0.054865402366572	0.05102043301012055
0.9674567851751704	0.26866689248435777	0.054865402366572	0.05102043301012055
0.9674567851751704	0.26866689248435777	0.054865402366572	0.05102043301012055
0.9674567851751704	0.26866689248435777	0.054865402366572	0.05102043301012055
0.9674567851751704	0.26866689248435777	0.054865402366572	0.05102043301012055
0.9674567851751704	0.26866689248435777	0.054865402366572	0.05102043301012055
0.9674567851751704	0.26866689248435777	0.054865402366572	0.05102043301012055
0.9674567851751704	0.26866689248435777	0.054865402366572	0.05102043301012055
0.9674567851751704	0.26866689248435777	0.054865402366572	0.05102043301012055
0.9674567851751704	0.26866689248435777	0.054865402366572	0.05102043301012055
0.7146510825602276	0.4241556447723537	0.2687605265221483	0.3531383482774029
0.8042770920163047	0.4236684124214343	0.3472500530138896	0.29409737543507897
0.7322917456716921	0.4233331664066587	0.29404181175763433	0.32406780873248325
0.7322917456716921	0.4233331664066587	0.29404181175763433	0.32406780873248325
0.7322917456716921	0.4233331664066587	0.29404181175763433	0.32406780873248325
0.7322917456716921	0.4233331664066587	0.29404181175763433	0.32406780873248325
0.7395047712394445	0.41990672394133344	0.27957898276078735	0.3741971664246165
0.7395047712394445	0.41990672394133344	0.27957898276078735	0.3741971664246165
0.7395047712394445	0.41990672394133344	0.27957898276078735	0.3741971664246165
0.7395047712394445	0.41990672394133344	0.27957898276078735	0.3741971664246165
0.7395047712394445	0.41990672394133344	0.27957898276078735	0.3741971664246165
0.6750380056258207	0.4224846033991741	0.30306265577518693	0.3354488377180366
0.6750380056258207	0.4224846033991741	0.30306265577518693	0.3354488377180366
0.6750380056258207	0.4224846033991741	0.30306265577518693	0.3354488377180366
0.6750380056258207	0.4224846033991741	0.30306265577518693	0.3354488377180366
0.6445230195189022	0.42412537585786425	0.2876269583952745	0.41090536701370334
0.6445230195189022	0.42412537585786425	0.2876269583952745	0.41090536701370334
0.6445230195189022	0.42412537585786425	0.2876269583952745	0.41090536701370334
0.6294127356170234	0.42452092281809106	0.2967300473873067	0.3214303351162557
0.524413223721797	0.42649704593520904	0.3289614809404021	0.30787483070681565
0.524413223721797	0.42649704593520904	0.3289614809404021	0.30787483070681565
0.524413223721797	0.42649704593520904	0.3289614809404021	0.30787483070681565
0.524413223721797	0.42649704593520904	0.3289614809404021	0.30787483070681565
0.524413223721797	0.42649704593520904	0.3289614809404021	0.30787483070681565
0.524413223721797	0.42649704593520904	0.3289614809404021	0.30787483070681565
0.524413223721797	0.42649704593520904	0.3289614809404021	0.30787483070681565
0.524413223721797	0.42649704593520904	0.3289614809404021	0.30787483070681565
0.524413223721797	0.42649704593520904	0.3289614809404021	0.30787483070681565
0.524413223721797	0.42649704593520904	0.3289614809404021	0.30787483070681565
0.524413223721797	0.42649704593520904	0.3289614809404021	0.30787483070681565
0.42627016246446814	0.43374734834037043	0.3616688428517012	0.34322625906468374
0.4669694997041467	0.42594272829145635	0.3364269649771765	0.34800631318698866
0.4669694997041467	0.42594272829145635	0.3364269649771765	0.34800631318698866
0.4669694997041467	0.42594272829145635	0.3364269649771765	0.34800631318698866
0.4669694997041467	0.42594272829145635	0.3364269649771765	0.34800631318698866
0.4669694997041467	0.42594272829145635	0.3364269649771765	0.34800631318698866
0.4669694997041467	0.42594272829145635	0.3364269649771765	0.34800631318698866
0.425566315151246	0.42994551134824754	0.3078290129318385	0.344753170501789
0.425566315151246	0.42994551134824754	0.3078290129318385	0.344753170501789
0.425566315151246	0.42994551134824754	0.3078290129318385	0.344753170501789
0.425566315151246	0.42994551134824754	0.3078290129318385	0.344753170501789
0.425566315151246	0.42994551134824754	0.3078290129318385	0.344753170501789
0.425566315151246	0.42994551134824754	0.3078290129318385	0.344753170501789
0.4138988378329499	0.4373334297864939	0.30012347468858236	0.3185942904193738
0.4138988378329499	0.4373334297864939	0.30012347468858236	0.3185942904193738
0.38607106056874363	0.43575658228210273	0.272369668595672	0.3632729745997254
0.38607106056874363	0.43575658228210273	0.272369668595672	0.3632729745997254
0.38607106056874363	0.43575658228210273	0.272369668595672	0.3632729745997254
0.38607106056874363	0.43575658228210273	0.272369668595672	0.3632729745997254
0.38607106056874363	0.43575658228210273	0.272369668595672	0.3632729745997254
0.38607106056874363	0.43575658228210273	0.272369668595672	0.3632729745997254
0.37678807606499043	0.44879315599569575	0.3481625904781135	0.3137141304104468
0.37678807606499043	0.44879315599569575	0.3481625904781135	0.3137141304104468
0.3587665035956761	0.45197429461139077	0.33590985859296196	0.36216908507202455
0.3587665035956761	0.45197429461139077	0.33590985859296196	0.36216908507202455
0.3587665035956761	0.45197429461139077	0.33590985859296196	0.36216908507202455
0.34624336809071166	0.4571857831924674	0.3114043948226589	0.36216908507202455
0.34624336809071166	0.4571857831924674	0.3114043948226589	0.36216908507202455
0.34624336809071166	0.4571857831924674	0.3114043948226589	0.36216908507202455
0.34216721630589325	0.4669809874133951	0.3636249321134225	0.3870868624745559
0.3356570701301055	0.4837807694096573	0.41940798197220897	0.40942993693009866
0.3356570701301055	0.4837807694096573	0.41940798197220897	0.40942993693009866
0.33313972081694243	0.5295298016479832	0.4757221745639584	0.5333683198159649
