0.8931779974352958	0.4942743983626991	0.2618397583971195	0.34366975030320757
0.8931779974352958	0.4942743983626991	0.2618397583971195	0.34366975030320757
0.49295953885743327	0.5044077003870885	0.3718578104401611	0.32982994522474735
0.49295953885743327	0.5044077003870885	0.3718578104401611	0.32982994522474735
0.49295953885743327	0.5044077003870885	0.3718578104401611	0.32982994522474735
0.49295953885743327	0.5044077003870885	0.3718578104401611	0.32982994522474735
0.49295953885743327	0.5044077003870885	0.3718578104401611	0.32982994522474735
0.4246978750292242	0.5106704543021869	0.34042542174093315	0.3420567877728748
0.4246978750292242	0.5106704543021869	0.34042542174093315	0.3420567877728748
0.40664981257058097	0.5111115011500744	0.309387446102875	0.32935604224533965
0.4047249392497275	0.5118070928860471	0.3224376788544261	0.3420567877728748
0.3970726651420068	0.5118070928860471	0.3224376788544261	0.3420567877728748
0.3857002898618611	0.5143471828723718	0.3224376788544261	0.3434866612394144
0.3857002898618611	0.5143471828723718	0.3224376788544261	0.3434866612394144
0.3857002898618611	0.5143471828723718	0.3224376788544261	0.3434866612394144
0.3857002898618611	0.5143471828723718	0.3224376788544261	0.3434866612394144
0.3857002898618611	0.5143471828723718	0.3224376788544261	0.3434866612394144
0.3517964450106304	0.5209065776769111	0.35755885525432873	0.37139284704031894
0.312582974889645	0.5207869914796212	0.40944766590339077	0.4052750278781482
0.312582974889645	0.5207869914796212	0.40944766590339077	0.4052750278781482
0.312582974889645	0.5207869914796212	0.40944766590339077	0.4052750278781482
0.312582974889645	0.5207869914796212	0.40944766590339077	0.4052750278781482
0.29623639234778004	0.5198930493830062	0.40944766590339077	0.3772005104662292
0.29623639234778004	0.5198930493830062	0.40944766590339077	0.3772005104662292
0.29623639234778004	0.5198930493830062	0.40944766590339077	0.3772005104662292
0.29623639234778004	0.5198930493830062	0.40944766590339077	0.3772005104662292
0.29623639234778004	0.5198930493830062	0.40944766590339077	0.3772005104662292
0.29623639234778004	0.5198930493830062	0.40944766590339077	0.3772005104662292
0.29623639234778004	0.5198930493830062	0.40944766590339077	0.3772005104662292
0.29623639234778004	0.5198930493830062	0.40944766590339077	0.3772005104662292
0.29623639234778004	0.5198930493830062	0.40944766590339077	0.3772005104662292
0.29623639234778004	0.5198930493830062	0.40944766590339077	0.3772005104662292
0.29623639234778004	0.5198930493830062	0.40944766590339077	0.3772005104662292
0.29623639234778004	0.5198930493830062	0.40944766590339077	0.3772005104662292
0.29623639234778004	0.5198930493830062	0.40944766590339077	0.3772005104662292
0.29623639234778004	0.5198930493830062	0.40944766590339077	0.3772005104662292
0.29623639234778004	0.5198930493830062	0.40944766590339077	0.3772005104662292
0.2817364256829046	0.523100825260821	0.3721026688410778	0.4052750278781482
0.2817364256829046	0.523100825260821	0.3721026688410778	0.4052750278781482
0.2817364256829046	0.523100825260821	0.3721026688410778	0.4052750278781482
0.2817364256829046	0.523100825260821	0.3721026688410778	0.4052750278781482
0.2817364256829046	0.523100825260821	0.3721026688410778	0.4052750278781482
0.2902552135502353	0.5248858666657912	0.3721026688410778	0.3671367580071757
0.2902552135502353	0.5248858666657912	0.3721026688410778	0.3671367580071757
0.2902552135502353	0.5248858666657912	0.3721026688410778	0.3671367580071757
0.2902552135502353	0.5248858666657912	0.3721026688410778	0.3671367580071757
0.2902552135502353	0.5248858666657912	0.3721026688410778	0.3671367580071757
0.28257888747242726	0.5306857526566864	0.3429596351185108	0.323239872854696
0.28257888747242726	0.5306857526566864	0.3429596351185108	0.323239872854696
0.28257888747242726	0.5306857526566864	0.3429596351185108	0.323239872854696
0.28257888747242726	0.5329380084960914	0.3258880227429559	0.323239872854696
0.28257888747242726	0.5329380084960914	0.3258880227429559	0.323239872854696
0.28257888747242726	0.5329380084960914	0.3258880227429559	0.323239872854696
0.28257888747242726	0.5329380084960914	0.3258880227429559	0.323239872854696
0.27971010559322684	0.5338663636227088	0.36738248681245733	0.3495816916709991
0.28257888747242726	0.5329380084960914	0.3258880227429559	0.323239872854696
0.2777922578209206	0.5375809035368345	0.36682152576953586	0.36162927789835275
0.2777922578209206	0.5375809035368345	0.36682152576953586	0.36162927789835275
0.2777922578209206	0.5375809035368345	0.36682152576953586	0.36162927789835275
0.2777922578209206	0.5375809035368345	0.36682152576953586	0.36162927789835275
0.2777922578209206	0.5375809035368345	0.36682152576953586	0.36162927789835275
0.2777922578209206	0.5375809035368345	0.36682152576953586	0.36162927789835275
0.2777922578209206	0.5375809035368345	0.36682152576953586	0.36162927789835275
0.28446966351350156	0.5454052802245597	0.3560014118954208	0.2713479790864756
0.2785382629585564	0.5579670231251974	0.40515003537527805	0.4217462549924177
0.2785382629585564	0.5579670231251974	0.40515003537527805	0.4217462549924177
0.26918429335361305	0.5584595962338579	0.40515003537527805	0.4217462549924177
0.26918429335361305	0.5584595962338579	0.40515003537527805	0.4217462549924177
0.26918429335361305	0.5584595962338579	0.40515003537527805	0.4217462549924177
0.2685925313537865	0.5510560509029515	0.43761986198215164	0.42106314898348884
0.2685925313537865	0.5510560509029515	0.43761986198215164	0.42106314898348884
0.2685925313537865	0.5510560509029515	0.43761986198215164	0.42106314898348884
0.2685925313537865	0.5510560509029515	0.43761986198215164	0.42106314898348884
0.2685925313537865	0.5510560509029515	0.43761986198215164	0.42106314898348884
0.2685925313537865	0.5510560509029515	0.43761986198215164	0.42106314898348884
0.2685925313537865	0.5510560509029515	0.43761986198215164	0.42106314898348884
0.2689048710813577	0.5598641695776194	0.46414707993393134	0.4003484304762154
0.2646681657217676	0.5607934194552671	0.422023561078535	0.3590361846077203
0.2646681657217676	0.5607934194552671	0.422023561078535	0.3590361846077203
0.2646681657217676	0.5607934194552671	0.422023561078535	0.3590361846077203
0.2646681657217676	0.5607934194552671	0.422023561078535	0.3590361846077203
0.2591028843774015	0.5614354159193357	0.422023561078535	0.3590361846077203
0.2591028843774015	0.5614354159193357	0.422023561078535	0.3590361846077203
0.2591028843774015	0.5614354159193357	0.422023561078535	0.3590361846077203
0.2591028843774015	0.5614354159193357	0.422023561078535	0.3590361846077203
0.2591028843774015	0.5614354159193357	0.422023561078535	0.3590361846077203
0.2585068205052154	0.5624806808882025	0.46414707993393134	0.42633193420333704
0.2572878540899307	0.5641282723898379	0.46414707993393134	0.42633193420333704
0.2572878540899307	0.5641282723898379	0.46414707993393134	0.42633193420333704
0.2572878540899307	0.5641282723898379	0.46414707993393134	0.42633193420333704
0.256160523173736	0.5749856891466963	0.35059432480500385	0.3705818311699627
0.255441111490745	0.5762449175246898	0.4348413625157965	0.44627658338104265
0.2545764206468998	0.5817415459888492	0.5108683651872995	0.4635441942637347
0.2545764206468998	0.5817415459888492	0.5108683651872995	0.4635441942637347
0.2545764206468998	0.5817415459888492	0.5108683651872995	0.4635441942637347
0.25254250021894903	0.6265744904081011	0.4220700643805658	0.46623678588217005
0.2545764206468998	0.5817415459888492	0.5108683651872995	0.4635441942637347
0.2545764206468998	0.5817415459888492	0.5108683651872995	0.4635441942637347
0.2545764206468998	0.5817415459888492	0.5108683651872995	0.4635441942637347
0.2545764206468998	0.5817415459888492	0.5108683651872995	0.4635441942637347
