1	0.0000000000
2	0.0000000000
3	0.0000000000
4	0.0000000000
5	0.0000000000
6	0.0000000000
7	0.0000000000
8	0.0000000000
9	0.0000000000
10	0.0000000000
11	0.0000000000
12	0.0000000000
13	0.0000000000
14	0.0000000000
15	0.0000000000
16	0.0000000000
17	0.0000000000
18	0.0000000000
19	0.0000000000
20	0.0000000000
21	0.0000000000
22	0.0000000000
23	0.0000000000
24	0.0000000000
25	0.0000000000
26	0.0000000000
27	0.0000000000
28	0.0000000000
29	0.0000000000
30	0.0000000000
31	0.0000000000
32	0.0000000000
33	0.0000000000
34	0.0000000000
35	0.0000000000
36	0.0000000000
37	0.0000000000
38	0.0000000000
39	0.0000000000
40	0.0000000000
41	0.0000000000
42	0.0000000000
43	0.0000000000
44	0.0000000000
45	0.0000000000
46	0.0000000000
47	0.0000000000
48	0.0000000000
49	0.0000000000
50	0.0000000000
51	0.0000000000
52	0.0000000000
53	0.0000000000
54	0.0000000000
55	0.0000000000
56	0.1111111111
57	0.0000000000
58	0.0000000000
59	0.0000000000
60	0.0000000000
61	0.0000000000
62	0.0000000000
63	0.0000000000
64	0.0000000000
65	0.0000000000
66	0.0000000000
67	0.0000000000
68	0.0000000000
69	0.1111111111
70	0.1052631579
71	0.0476190476
72	0.0000000000
73	0.0000000000
74	0.0000000000
75	0.0000000000
76	0.0000000000
77	0.0000000000
78	0.0000000000
79	0.0000000000
80	0.0000000000
81	0.0000000000
82	0.0000000000
83	0.0000000000
84	0.0454545455
85	0.0434782609
86	0.0869565217
87	0.0800000000
88	0.0769230769
89	0.0740740741
90	0.0740740741
91	0.0714285714
92	0.0689655172
93	0.0666666667
94	0.0666666667
95	0.0666666667
96	0.0666666667
97	0.0714285714
98	0.0689655172
99	0.0333333333
100	0.0357142857
101	0.0000000000
102	0.0000000000
103	0.0000000000
104	0.0000000000
105	0.0357142857
106	0.0344827586
107	0.0333333333
108	0.0333333333
109	0.0333333333
110	0.0322580645
111	0.0312500000
112	0.0666666667
113	0.0666666667
114	0.0344827586
115	0.0322580645
116	0.0322580645
117	0.0322580645
118	0.1034482759
119	0.1034482759
120	0.0689655172
121	0.0689655172
122	0.0666666667
123	0.0714285714
124	0.0714285714
125	0.0714285714
126	0.0344827586
127	0.0344827586
128	0.0666666667
129	0.1333333333
130	0.1290322581
131	0.1333333333
132	0.1333333333
133	0.1333333333
134	0.1333333333
135	0.1034482759
136	0.1333333333
137	0.1333333333
138	0.1290322581
139	0.1000000000
140	0.1000000000
141	0.1333333333
142	0.1333333333
143	0.1333333333
144	0.1333333333
145	0.1333333333
146	0.1379310345
147	0.1379310345
148	0.1666666667
149	0.1290322581
150	0.1250000000
151	0.1250000000
152	0.1250000000
153	0.1212121212
154	0.1333333333
155	0.1333333333
156	0.1333333333
157	0.1333333333
158	0.1333333333
159	0.1333333333
160	0.1379310345
161	0.1379310345
162	0.1379310345
163	0.1666666667
164	0.1562500000
165	0.1562500000
166	0.1515151515
167	0.1515151515
168	0.1515151515
169	0.1379310345
170	0.1666666667
171	0.1333333333
172	0.1333333333
173	0.0689655172
174	0.0689655172
175	0.0666666667
176	0.0666666667
177	0.1000000000
178	0.1000000000
179	0.1333333333
180	0.1379310345
181	0.1000000000
182	0.1000000000
183	0.1000000000
184	0.1000000000
185	0.1000000000
186	0.1333333333
187	0.1290322581
188	0.1379310345
189	0.1290322581
190	0.1290322581
191	0.1612903226
192	0.1666666667
193	0.1724137931
194	0.1935483871
195	0.1935483871
196	0.1612903226
197	0.1612903226
198	0.1935483871
199	0.1935483871
200	0.1935483871
201	0.1935483871
202	0.1875000000
203	0.1875000000
204	0.1818181818
205	0.1818181818
206	0.1818181818
207	0.1818181818
208	0.1818181818
209	0.2121212121
210	0.2121212121
211	0.2121212121
212	0.2258064516
213	0.2000000000
214	0.2000000000
215	0.1935483871
216	0.1935483871
217	0.1875000000
218	0.1875000000
219	0.1818181818
220	0.2121212121
221	0.2121212121
222	0.2121212121
223	0.2121212121
224	0.2187500000
225	0.2187500000
226	0.2500000000
227	0.2500000000
228	0.2500000000
229	0.2812500000
230	0.2812500000
231	0.3333333333
232	0.3103448276
233	0.2758620690
234	0.2666666667
235	0.2333333333
236	0.2333333333
237	0.2333333333
238	0.2333333333
239	0.2333333333
240	0.2666666667
241	0.2666666667
242	0.2758620690
243	0.2333333333
244	0.2333333333
245	0.2333333333
246	0.2333333333
247	0.2258064516
248	0.2187500000
249	0.2187500000
250	0.2187500000
