1	0.0000000000
2	0.0000000000
3	0.0000000000
4	0.0000000000
5	0.0000000000
6	0.0000000000
7	0.0000000000
8	0.0000000000
9	0.0000000000
10	0.0000000000
11	0.0000000000
12	0.0000000000
13	0.0000000000
14	0.0000000000
15	0.0000000000
16	0.0000000000
17	0.0000000000
18	0.0000000000
19	0.0000000000
20	0.0000000000
21	0.0000000000
22	0.0000000000
23	0.0000000000
24	0.0000000000
25	0.0000000000
26	0.0000000000
27	0.0000000000
28	0.0000000000
29	0.0000000000
30	0.0000000000
31	0.0000000000
32	0.0000000000
33	0.0000000000
34	0.0000000000
35	0.0000000000
36	0.0000000000
37	0.0000000000
38	0.0000000000
39	0.0000000000
40	0.0000000000
41	0.0500000000
42	0.0500000000
43	0.0588235294
44	0.0526315789
45	0.0526315789
46	0.0555555556
47	0.0625000000
48	0.0555555556
49	0.0526315789
50	0.0000000000
51	0.0000000000
52	0.0000000000
53	0.0000000000
54	0.0000000000
55	0.0000000000
56	0.0000000000
57	0.0000000000
58	0.0000000000
59	0.0000000000
60	0.0000000000
61	0.0000000000
62	0.0000000000
63	0.0434782609
64	0.0416666667
65	0.0833333333
66	0.0869565217
67	0.0833333333
68	0.0800000000
69	0.0769230769
70	0.0833333333
71	0.0800000000
72	0.0740740741
73	0.0689655172
74	0.0800000000
75	0.0800000000
76	0.0769230769
77	0.0689655172
78	0.0666666667
79	0.0333333333
80	0.0645161290
81	0.0714285714
82	0.1000000000
83	0.1034482759
84	0.1000000000
85	0.0967741935
86	0.1000000000
87	0.0689655172
88	0.0689655172
89	0.0666666667
90	0.0666666667
91	0.0714285714
92	0.0689655172
93	0.0666666667
94	0.0645161290
95	0.0689655172
96	0.0689655172
97	0.0714285714
98	0.0714285714
99	0.0714285714
100	0.0689655172
101	0.0740740741
102	0.0769230769
103	0.0714285714
104	0.0689655172
105	0.0689655172
106	0.0689655172
107	0.0740740741
108	0.0769230769
109	0.0714285714
110	0.0370370370
111	0.0370370370
112	0.0344827586
113	0.0344827586
114	0.0344827586
115	0.0370370370
116	0.0357142857
117	0.0344827586
118	0.0333333333
119	0.0322580645
120	0.0312500000
121	0.0303030303
122	0.0294117647
123	0.0294117647
124	0.0588235294
125	0.0571428571
126	0.0588235294
127	0.0588235294
128	0.0606060606
129	0.0294117647
130	0.0294117647
131	0.0000000000
132	0.0000000000
133	0.0000000000
134	0.0000000000
135	0.0000000000
136	0.0000000000
137	0.0312500000
138	0.0312500000
139	0.0400000000
140	0.0666666667
141	0.1071428571
142	0.1290322581
143	0.1111111111
144	0.1071428571
145	0.1153846154
146	0.1071428571
147	0.1428571429
148	0.1379310345
149	0.1333333333
150	0.1379310345
151	0.1000000000
152	0.1071428571
153	0.0769230769
154	0.0740740741
155	0.0740740741
156	0.0740740741
157	0.0370370370
158	0.0370370370
159	0.0357142857
160	0.0357142857
161	0.0357142857
162	0.0357142857
163	0.0344827586
164	0.0370370370
165	0.0357142857
166	0.0333333333
167	0.0333333333
168	0.0333333333
169	0.0333333333
170	0.0714285714
171	0.0689655172
172	0.0689655172
173	0.0666666667
174	0.0645161290
175	0.0645161290
176	0.0645161290
177	0.0322580645
178	0.0344827586
179	0.0000000000
180	0.0000000000
181	0.0000000000
182	0.0000000000
183	0.0000000000
184	0.0000000000
185	0.0000000000
186	0.0000000000
187	0.0000000000
188	0.0000000000
189	0.0000000000
190	0.0000000000
191	0.0000000000
192	0.0000000000
193	0.0357142857
194	0.0370370370
195	0.0357142857
196	0.0344827586
197	0.0344827586
198	0.0000000000
199	0.0000000000
200	0.0333333333
201	0.0344827586
202	0.0344827586
203	0.0333333333
204	0.0333333333
205	0.0333333333
206	0.0333333333
207	0.0333333333
208	0.0344827586
209	0.0344827586
210	0.0344827586
211	0.0416666667
212	0.0833333333
213	0.0833333333
214	0.0800000000
215	0.0800000000
216	0.0714285714
217	0.0714285714
218	0.0689655172
219	0.0689655172
220	0.1034482759
221	0.0714285714
222	0.0714285714
223	0.0000000000
224	0.0000000000
225	0.0000000000
226	0.0333333333
227	0.0322580645
228	0.0322580645
229	0.0322580645
230	0.0344827586
231	0.0357142857
232	0.0344827586
233	0.0000000000
234	0.0000000000
235	0.0000000000
236	0.0000000000
237	0.0000000000
238	0.0000000000
239	0.0000000000
240	0.0000000000
241	0.0312500000
242	0.0312500000
243	0.0303030303
244	0.0666666667
245	0.0645161290
246	0.0645161290
247	0.0645161290
248	0.0645161290
249	0.0606060606
250	0.0606060606
