1	0.0000000000
2	0.0000000000
3	0.0000000000
4	0.0000000000
5	0.0000000000
6	0.0000000000
7	0.0000000000
8	0.0000000000
9	0.0000000000
10	0.0000000000
11	0.0000000000
12	0.0000000000
13	0.0000000000
14	0.0000000000
15	0.0000000000
16	0.0000000000
17	0.0000000000
18	0.0000000000
19	0.0000000000
20	0.0000000000
21	0.0625000000
22	0.0000000000
23	0.0000000000
24	0.0000000000
25	0.0000000000
26	0.0000000000
27	0.0000000000
28	0.0000000000
29	0.0000000000
30	0.0625000000
31	0.1052631579
32	0.1052631579
33	0.0952380952
34	0.1000000000
35	0.1052631579
36	0.0952380952
37	0.0555555556
38	0.0625000000
39	0.0588235294
40	0.1111111111
41	0.1000000000
42	0.1176470588
43	0.1176470588
44	0.1176470588
45	0.1052631579
46	0.1111111111
47	0.0625000000
48	0.3125000000
49	0.4117647059
50	0.4000000000
51	0.4090909091
52	0.3500000000
53	0.5000000000
54	0.4705882353
55	0.4705882353
56	0.4736842105
57	0.5500000000
58	0.5500000000
59	0.5263157895
60	0.5625000000
61	0.5294117647
62	0.5000000000
63	0.5000000000
64	0.4375000000
65	0.4705882353
66	0.5294117647
67	0.5555555556
68	0.5789473684
69	0.5789473684
70	0.6111111111
71	0.6000000000
72	0.6111111111
73	0.6000000000
74	0.5789473684
75	0.5625000000
76	0.4285714286
77	0.5000000000
78	0.4666666667
79	0.4285714286
80	0.4285714286
81	0.4117647059
82	0.4615384615
83	0.4666666667
84	0.3846153846
85	0.4666666667
86	0.4285714286
87	0.3571428571
88	0.2727272727
89	0.3333333333
90	0.4210526316
91	0.2777777778
92	0.1666666667
93	0.1578947368
94	0.1875000000
95	0.0714285714
96	0.0555555556
97	0.0555555556
98	0.3000000000
99	0.0625000000
100	0.0625000000
101	0.0588235294
102	0.1578947368
103	0.1052631579
104	0.1052631579
105	0.1428571429
106	0.0909090909
107	0.0952380952
108	0.0952380952
109	0.1052631579
110	0.0588235294
111	0.0588235294
112	0.0588235294
113	0.0555555556
114	0.0500000000
115	0.0500000000
116	0.0500000000
117	0.0500000000
118	0.0625000000
119	0.0666666667
120	0.0588235294
121	0.0588235294
122	0.0588235294
123	0.0625000000
124	0.0555555556
125	0.0625000000
126	0.0625000000
127	0.0588235294
128	0.0526315789
129	0.0588235294
130	0.0526315789
131	0.0555555556
132	0.0555555556
133	0.1176470588
134	0.1176470588
135	0.1333333333
136	0.1333333333
137	0.1333333333
138	0.1250000000
139	0.1111111111
140	0.0588235294
141	0.0625000000
142	0.0588235294
143	0.0666666667
144	0.0588235294
145	0.0588235294
146	0.0625000000
147	0.0625000000
148	0.0625000000
149	0.0588235294
150	0.0555555556
151	0.0588235294
152	0.0555555556
153	0.0526315789
154	0.0500000000
155	0.0500000000
156	0.0500000000
157	0.0500000000
158	0.0526315789
159	0.0555555556
160	0.0500000000
161	0.0476190476
162	0.1000000000
163	0.0952380952
164	0.0909090909
165	0.0909090909
166	0.0869565217
167	0.0909090909
168	0.0909090909
169	0.0909090909
170	0.0869565217
171	0.1052631579
172	0.0526315789
173	0.0526315789
174	0.0500000000
175	0.0476190476
176	0.0526315789
177	0.0526315789
178	0.0526315789
179	0.0526315789
180	0.0526315789
181	0.0526315789
182	0.0526315789
183	0.0526315789
184	0.0500000000
185	0.0500000000
186	0.0500000000
187	0.0500000000
188	0.0500000000
189	0.0500000000
190	0.0476190476
191	0.0476190476
192	0.0454545455
193	0.0434782609
194	0.0476190476
195	0.0454545455
196	0.0454545455
197	0.0454545455
198	0.0454545455
199	0.0454545455
200	0.0434782609
201	0.0434782609
202	0.0454545455
203	0.0454545455
204	0.0800000000
205	0.0800000000
206	0.0800000000
207	0.0740740741
208	0.0740740741
209	0.0740740741
210	0.0740740741
211	0.0714285714
212	0.0740740741
213	0.0740740741
214	0.0740740741
215	0.0800000000
216	0.0800000000
217	0.0869565217
218	0.0833333333
219	0.0800000000
220	0.0800000000
221	0.0833333333
222	0.0833333333
223	0.0833333333
224	0.0833333333
225	0.0833333333
226	0.0800000000
227	0.0800000000
228	0.0800000000
229	0.0769230769
230	0.0800000000
231	0.0800000000
232	0.0800000000
233	0.0800000000
234	0.0800000000
235	0.0800000000
236	0.0769230769
237	0.0800000000
238	0.0833333333
239	0.0800000000
240	0.0833333333
241	0.0869565217
242	0.0869565217
243	0.0800000000
244	0.0800000000
245	0.0909090909
246	0.0952380952
247	0.0952380952
248	0.0952380952
249	0.0952380952
250	0.0909090909
