1	0.0000000000
2	0.0000000000
3	0.0000000000
4	0.0000000000
5	0.0000000000
6	0.0000000000
7	0.0000000000
8	0.0000000000
9	0.0000000000
10	0.0000000000
11	0.0000000000
12	0.0000000000
13	0.0000000000
14	0.0000000000
15	0.0000000000
16	0.0000000000
17	0.0000000000
18	0.0000000000
19	0.0000000000
20	0.0000000000
21	0.0000000000
22	0.0000000000
23	0.0000000000
24	0.0000000000
25	0.0000000000
26	0.0000000000
27	0.0000000000
28	0.0000000000
29	0.0000000000
30	0.0000000000
31	0.0000000000
32	0.0000000000
33	0.0000000000
34	0.0000000000
35	0.0000000000
36	0.0000000000
37	0.0000000000
38	0.0000000000
39	0.0000000000
40	0.0000000000
41	0.0000000000
42	0.0000000000
43	0.0000000000
44	0.0000000000
45	0.0000000000
46	0.0000000000
47	0.0000000000
48	0.0000000000
49	0.0000000000
50	0.0000000000
51	0.0000000000
52	0.0000000000
53	0.0000000000
54	0.0000000000
55	0.0000000000
56	0.0000000000
57	0.0000000000
58	0.0000000000
59	0.0000000000
60	0.0000000000
61	0.0000000000
62	0.0000000000
63	0.0000000000
64	0.0000000000
65	0.0000000000
66	0.0000000000
67	0.0000000000
68	0.0000000000
69	0.0000000000
70	0.0000000000
71	0.0000000000
72	0.0000000000
73	0.0000000000
74	0.0000000000
75	0.0000000000
76	0.0000000000
77	0.0000000000
78	0.0000000000
79	0.0000000000
80	0.0000000000
81	0.0000000000
82	0.0000000000
83	0.0000000000
84	0.0000000000
85	0.0000000000
86	0.0000000000
87	0.0000000000
88	0.0000000000
89	0.0000000000
90	0.0000000000
91	0.0000000000
92	0.0000000000
93	0.0000000000
94	0.0000000000
95	0.0000000000
96	0.0000000000
97	0.0000000000
98	0.0000000000
99	0.0000000000
100	0.0000000000
101	0.0000000000
102	0.0000000000
103	0.0000000000
104	0.0000000000
105	0.0000000000
106	0.0000000000
107	0.0476190476
108	0.0454545455
109	0.0476190476
110	0.0500000000
111	0.0476190476
112	0.0476190476
113	0.0434782609
114	0.0400000000
115	0.0384615385
116	0.0370370370
117	0.0370370370
118	0.0370370370
119	0.0357142857
120	0.0357142857
121	0.0357142857
122	0.0357142857
123	0.0357142857
124	0.0344827586
125	0.0344827586
126	0.0357142857
127	0.0357142857
128	0.0357142857
129	0.0357142857
130	0.0357142857
131	0.0357142857
132	0.0357142857
133	0.0370370370
134	0.0384615385
135	0.0370370370
136	0.0384615385
137	0.0370370370
138	0.0370370370
139	0.0357142857
140	0.0370370370
141	0.0370370370
142	0.0370370370
143	0.0370370370
144	0.0370370370
145	0.0370370370
146	0.0370370370
147	0.0357142857
148	0.0357142857
149	0.0357142857
150	0.0666666667
151	0.0689655172
152	0.0714285714
153	0.1111111111
154	0.1111111111
155	0.1538461538
156	0.1538461538
157	0.1481481481
158	0.1428571429
159	0.1379310345
160	0.1785714286
161	0.1785714286
162	0.1785714286
163	0.1724137931
164	0.1724137931
165	0.1785714286
166	0.1785714286
167	0.1785714286
168	0.1785714286
169	0.1724137931
170	0.1666666667
171	0.1666666667
172	0.1724137931
173	0.1666666667
174	0.1785714286
175	0.1785714286
176	0.1785714286
177	0.1785714286
178	0.1785714286
179	0.1785714286
180	0.1785714286
181	0.1724137931
182	0.1666666667
183	0.1724137931
184	0.2068965517
185	0.2068965517
186	0.1724137931
187	0.1851851852
188	0.1851851852
189	0.1851851852
190	0.1851851852
191	0.1724137931
192	0.1666666667
193	0.1666666667
194	0.1612903226
195	0.1612903226
196	0.1612903226
197	0.1612903226
198	0.1562500000
199	0.1562500000
200	0.1562500000
201	0.1666666667
202	0.1666666667
203	0.1612903226
204	0.1612903226
205	0.1612903226
206	0.1666666667
207	0.1666666667
208	0.1666666667
209	0.1666666667
210	0.1666666667
211	0.2258064516
212	0.2333333333
213	0.2333333333
214	0.2333333333
215	0.2413793103
216	0.2413793103
217	0.2413793103
218	0.2413793103
219	0.2413793103
220	0.2413793103
221	0.2500000000
222	0.2500000000
223	0.2500000000
224	0.2500000000
225	0.2500000000
226	0.2413793103
227	0.2333333333
228	0.2258064516
229	0.2187500000
230	0.2187500000
231	0.2187500000
232	0.2187500000
233	0.2187500000
234	0.2187500000
235	0.2187500000
236	0.2187500000
237	0.2187500000
238	0.2187500000
239	0.2258064516
240	0.2258064516
241	0.2413793103
242	0.2333333333
243	0.2333333333
244	0.2333333333
245	0.2333333333
246	0.2333333333
247	0.2333333333
248	0.2333333333
249	0.2333333333
250	0.2333333333
