1	1.0000000000
2	1.0000000000
3	1.0000000000
4	1.0000000000
5	1.0000000000
6	1.0000000000
7	1.0000000000
8	1.0000000000
9	0.9743589744
10	0.9743589744
11	0.9000000000
12	0.8684210526
13	0.7948717949
14	0.8000000000
15	0.7894736842
16	0.7894736842
17	0.7297297297
18	0.6578947368
19	0.5750000000
20	0.4871794872
21	0.5277777778
22	0.5405405405
23	0.5000000000
24	0.5882352941
25	0.5625000000
26	0.6111111111
27	0.6315789474
28	0.4571428571
29	0.4054054054
30	0.3714285714
31	0.4000000000
32	0.3947368421
33	0.4117647059
34	0.3939393939
35	0.5142857143
36	0.4736842105
37	0.4871794872
38	0.5428571429
39	0.5714285714
40	0.4324324324
41	0.3243243243
42	0.1351351351
43	0.0909090909
44	0.0606060606
45	0.0555555556
46	0.0937500000
47	0.1290322581
48	0.0588235294
49	0.0937500000
50	0.0000000000
51	0.0000000000
52	0.0000000000
53	0.0000000000
54	0.0000000000
55	0.0000000000
56	0.0285714286
57	0.0285714286
58	0.0588235294
59	0.0606060606
60	0.0303030303
61	0.0303030303
62	0.0333333333
63	0.0000000000
64	0.0000000000
65	0.0000000000
66	0.0285714286
67	0.0000000000
68	0.0000000000
69	0.0000000000
70	0.0000000000
71	0.0000000000
72	0.0000000000
73	0.0000000000
74	0.0000000000
75	0.0000000000
76	0.0000000000
77	0.0000000000
78	0.0000000000
79	0.0000000000
80	0.0000000000
81	0.0000000000
82	0.0277777778
83	0.0000000000
84	0.0000000000
85	0.0000000000
86	0.0000000000
87	0.0000000000
88	0.0000000000
89	0.0000000000
90	0.0000000000
91	0.0000000000
92	0.0322580645
93	0.0000000000
94	0.0000000000
95	0.0000000000
96	0.0000000000
97	0.0000000000
98	0.0000000000
99	0.0000000000
100	0.0000000000
101	0.0000000000
102	0.0000000000
103	0.0000000000
104	0.0000000000
105	0.0000000000
106	0.0000000000
107	0.0000000000
108	0.0000000000
109	0.0000000000
110	0.0000000000
111	0.0000000000
112	0.0000000000
113	0.0000000000
114	0.0000000000
115	0.0000000000
116	0.0000000000
117	0.0000000000
118	0.0000000000
119	0.0000000000
120	0.0000000000
121	0.0000000000
122	0.0000000000
123	0.0000000000
124	0.0000000000
125	0.0000000000
126	0.0000000000
127	0.0000000000
128	0.0000000000
129	0.0000000000
130	0.0000000000
131	0.0000000000
132	0.0000000000
133	0.0000000000
134	0.0000000000
135	0.0000000000
136	0.0000000000
137	0.0000000000
138	0.0000000000
139	0.0000000000
140	0.0000000000
141	0.0000000000
142	0.0000000000
143	0.0000000000
144	0.0000000000
145	0.0000000000
146	0.0000000000
147	0.0000000000
148	0.0000000000
149	0.0000000000
150	0.0000000000
151	0.0000000000
152	0.0000000000
153	0.0000000000
154	0.0000000000
155	0.0000000000
156	0.0000000000
157	0.0000000000
158	0.0000000000
159	0.0000000000
160	0.0000000000
161	0.0000000000
162	0.0000000000
163	0.0000000000
164	0.0000000000
165	0.0000000000
166	0.0322580645
167	0.0322580645
168	0.0333333333
169	0.0333333333
170	0.0333333333
171	0.0000000000
172	0.0000000000
173	0.0322580645
174	0.0312500000
175	0.0312500000
176	0.0294117647
177	0.0303030303
178	0.0000000000
179	0.0000000000
180	0.0000000000
181	0.0000000000
182	0.0000000000
183	0.0000000000
184	0.0000000000
185	0.0303030303
186	0.0000000000
187	0.0000000000
188	0.0000000000
189	0.0000000000
190	0.0000000000
191	0.0000000000
192	0.0000000000
193	0.0000000000
194	0.0303030303
195	0.0526315789
196	0.0555555556
197	0.0555555556
198	0.0882352941
199	0.0909090909
200	0.0645161290
201	0.0967741935
202	0.0937500000
203	0.0937500000
204	0.0882352941
205	0.0909090909
206	0.0909090909
207	0.0882352941
208	0.0277777778
209	0.0277777778
210	0.0294117647
211	0.0000000000
212	0.0000000000
213	0.0000000000
214	0.0000000000
215	0.0000000000
216	0.0294117647
217	0.0000000000
218	0.0000000000
219	0.0000000000
220	0.0000000000
221	0.0000000000
222	0.0000000000
223	0.0000000000
224	0.0000000000
225	0.0000000000
226	0.0000000000
227	0.0000000000
228	0.0000000000
229	0.0000000000
230	0.0000000000
231	0.0000000000
232	0.0000000000
233	0.0000000000
234	0.0000000000
235	0.0000000000
236	0.0000000000
237	0.0000000000
238	0.0000000000
239	0.0000000000
240	0.0000000000
241	0.0000000000
242	0.0000000000
243	0.0000000000
244	0.0000000000
245	0.0000000000
246	0.0000000000
247	0.0000000000
248	0.0000000000
249	0.0000000000
250	0.0000000000
