1	1.0000000000
2	1.0000000000
3	1.0000000000
4	1.0000000000
5	1.0000000000
6	1.0000000000
7	0.9750000000
8	0.9736842105
9	0.9210526316
10	0.8205128205
11	0.8717948718
12	0.7368421053
13	0.9750000000
14	0.9487179487
15	0.8947368421
16	0.7837837838
17	0.6857142857
18	0.5405405405
19	0.4444444444
20	0.4285714286
21	0.3142857143
22	0.3611111111
23	0.3589743590
24	0.3421052632
25	0.2894736842
26	0.3783783784
27	0.4736842105
28	0.5263157895
29	0.5641025641
30	0.5526315789
31	0.3500000000
32	0.1000000000
33	0.0250000000
34	0.0250000000
35	0.0500000000
36	0.0555555556
37	0.0000000000
38	0.0000000000
39	0.0000000000
40	0.0000000000
41	0.0000000000
42	0.0000000000
43	0.0000000000
44	0.0000000000
45	0.0000000000
46	0.0000000000
47	0.0000000000
48	0.0000000000
49	0.0000000000
50	0.0000000000
51	0.0000000000
52	0.0000000000
53	0.0000000000
54	0.0000000000
55	0.0000000000
56	0.0000000000
57	0.0000000000
58	0.0357142857
59	0.0000000000
60	0.0000000000
61	0.0000000000
62	0.0000000000
63	0.0000000000
64	0.0000000000
65	0.0000000000
66	0.0000000000
67	0.0000000000
68	0.0000000000
69	0.0000000000
70	0.0000000000
71	0.0000000000
72	0.0000000000
73	0.0000000000
74	0.0000000000
75	0.0000000000
76	0.0000000000
77	0.0000000000
78	0.0000000000
79	0.0000000000
80	0.0000000000
81	0.0000000000
82	0.0000000000
83	0.0000000000
84	0.0000000000
85	0.0000000000
86	0.0000000000
87	0.0000000000
88	0.0000000000
89	0.0000000000
90	0.0000000000
91	0.0000000000
92	0.0000000000
93	0.0000000000
94	0.0000000000
95	0.0000000000
96	0.0000000000
97	0.0000000000
98	0.0000000000
99	0.0000000000
100	0.0000000000
101	0.0000000000
102	0.0000000000
103	0.0000000000
104	0.0000000000
105	0.0000000000
106	0.0000000000
107	0.0000000000
108	0.0000000000
109	0.0000000000
110	0.0000000000
111	0.0000000000
112	0.0000000000
113	0.0000000000
114	0.0000000000
115	0.0000000000
116	0.0000000000
117	0.0000000000
118	0.0000000000
119	0.0000000000
120	0.0000000000
121	0.0000000000
122	0.0000000000
123	0.0000000000
124	0.0000000000
125	0.0000000000
126	0.0000000000
127	0.0000000000
128	0.0000000000
129	0.0000000000
130	0.0000000000
131	0.0000000000
132	0.0000000000
133	0.0000000000
134	0.0000000000
135	0.0000000000
136	0.0000000000
137	0.0000000000
138	0.0000000000
139	0.0263157895
140	0.0256410256
141	0.0500000000
142	0.0526315789
143	0.0526315789
144	0.0526315789
145	0.0555555556
146	0.0540540541
147	0.0555555556
148	0.0555555556
149	0.0555555556
150	0.0555555556
151	0.0588235294
152	0.0555555556
153	0.0571428571
154	0.0285714286
155	0.0312500000
156	0.0285714286
157	0.0285714286
158	0.0270270270
159	0.0270270270
160	0.0277777778
161	0.0270270270
162	0.0277777778
163	0.0277777778
164	0.0277777778
165	0.0285714286
166	0.0000000000
167	0.0000000000
168	0.0000000000
169	0.0000000000
170	0.0000000000
171	0.0000000000
172	0.0000000000
173	0.0000000000
174	0.0000000000
175	0.0000000000
176	0.0000000000
177	0.0000000000
178	0.0000000000
179	0.0000000000
180	0.0000000000
181	0.0000000000
182	0.0000000000
183	0.0000000000
184	0.0000000000
185	0.0000000000
186	0.0000000000
187	0.0000000000
188	0.0000000000
189	0.0000000000
190	0.0000000000
191	0.0000000000
192	0.0000000000
193	0.0000000000
194	0.0000000000
195	0.0000000000
196	0.0000000000
197	0.0000000000
198	0.0000000000
199	0.0000000000
200	0.0000000000
201	0.0000000000
202	0.0000000000
203	0.0000000000
204	0.0000000000
205	0.0000000000
206	0.0000000000
207	0.0000000000
208	0.0000000000
209	0.0000000000
210	0.0000000000
211	0.0000000000
212	0.0000000000
213	0.0000000000
214	0.0000000000
215	0.0000000000
216	0.0000000000
217	0.0000000000
218	0.0000000000
219	0.0000000000
220	0.0000000000
221	0.0000000000
222	0.0000000000
223	0.0000000000
224	0.0000000000
225	0.0256410256
226	0.0000000000
227	0.0000000000
228	0.0000000000
229	0.0000000000
230	0.0000000000
231	0.0000000000
232	0.0000000000
233	0.0000000000
234	0.0000000000
235	0.0000000000
236	0.0000000000
237	0.0000000000
238	0.0000000000
239	0.0000000000
240	0.0000000000
241	0.0000000000
242	0.0000000000
243	0.0000000000
244	0.0000000000
245	0.0000000000
246	0.0000000000
247	0.0000000000
248	0.0000000000
249	0.0000000000
250	0.0000000000
