1	1.0000000000
2	1.0000000000
3	1.0000000000
4	1.0000000000
5	1.0000000000
6	1.0000000000
7	1.0000000000
8	1.0000000000
9	1.0000000000
10	1.0000000000
11	1.0000000000
12	1.0000000000
13	1.0000000000
14	1.0000000000
15	1.0000000000
16	1.0000000000
17	1.0000000000
18	1.0000000000
19	1.0000000000
20	0.9729729730
21	0.8888888889
22	0.7941176471
23	0.7428571429
24	0.8181818182
25	0.7812500000
26	0.7777777778
27	0.6315789474
28	0.6486486486
29	0.5405405405
30	0.6388888889
31	0.6764705882
32	0.6764705882
33	0.5882352941
34	0.4571428571
35	0.4687500000
36	0.2857142857
37	0.2592592593
38	0.3703703704
39	0.4000000000
40	0.3703703704
41	0.3225806452
42	0.2285714286
43	0.2647058824
44	0.2432432432
45	0.2972972973
46	0.2777777778
47	0.2352941176
48	0.2424242424
49	0.2777777778
50	0.3142857143
51	0.2058823529
52	0.2121212121
53	0.2285714286
54	0.2571428571
55	0.2258064516
56	0.1935483871
57	0.1935483871
58	0.2000000000
59	0.1785714286
60	0.1851851852
61	0.2142857143
62	0.2000000000
63	0.2000000000
64	0.2000000000
65	0.2424242424
66	0.2333333333
67	0.2333333333
68	0.2424242424
69	0.2500000000
70	0.2758620690
71	0.3125000000
72	0.3437500000
73	0.3793103448
74	0.3548387097
75	0.3437500000
76	0.3125000000
77	0.3125000000
78	0.3030303030
79	0.2857142857
80	0.2777777778
81	0.2941176471
82	0.2941176471
83	0.2424242424
84	0.2424242424
85	0.2727272727
86	0.2647058824
87	0.3030303030
88	0.3125000000
89	0.3225806452
90	0.3125000000
91	0.3225806452
92	0.3125000000
93	0.3225806452
94	0.3125000000
95	0.3437500000
96	0.3235294118
97	0.2424242424
98	0.1612903226
99	0.1379310345
100	0.1666666667
101	0.1562500000
102	0.1470588235
103	0.1764705882
104	0.1764705882
105	0.1176470588
106	0.1250000000
107	0.0937500000
108	0.0882352941
109	0.0857142857
110	0.0857142857
111	0.1212121212
112	0.1428571429
113	0.1428571429
114	0.0882352941
115	0.0857142857
116	0.0833333333
117	0.0857142857
118	0.1212121212
119	0.1714285714
120	0.1714285714
121	0.1714285714
122	0.1428571429
123	0.1470588235
124	0.1666666667
125	0.2000000000
126	0.2058823529
127	0.2121212121
128	0.2187500000
129	0.1333333333
130	0.1333333333
131	0.1290322581
132	0.1212121212
133	0.1470588235
134	0.1428571429
135	0.1388888889
136	0.1388888889
137	0.1666666667
138	0.1714285714
139	0.1764705882
140	0.1764705882
141	0.1290322581
142	0.1212121212
143	0.1176470588
144	0.1176470588
145	0.1212121212
146	0.1212121212
147	0.1470588235
148	0.1515151515
149	0.0937500000
150	0.0882352941
151	0.0882352941
152	0.1212121212
153	0.0882352941
154	0.1388888889
155	0.1388888889
156	0.0857142857
157	0.1351351351
158	0.0857142857
159	0.0882352941
160	0.1081081081
161	0.1081081081
162	0.1025641026
163	0.1025641026
164	0.1081081081
165	0.1351351351
166	0.1351351351
167	0.1351351351
168	0.1666666667
169	0.1666666667
170	0.1666666667
171	0.1666666667
172	0.1621621622
173	0.1388888889
174	0.1111111111
175	0.1081081081
176	0.1081081081
177	0.1315789474
178	0.1351351351
179	0.1315789474
180	0.1315789474
181	0.1315789474
182	0.1315789474
183	0.1538461538
184	0.1794871795
185	0.1794871795
186	0.1794871795
187	0.1578947368
188	0.1794871795
189	0.1794871795
190	0.0810810811
191	0.0789473684
192	0.0789473684
193	0.0810810811
194	0.0810810811
195	0.0810810811
196	0.0810810811
197	0.0810810811
198	0.0810810811
199	0.0810810811
200	0.0810810811
201	0.0833333333
202	0.0833333333
203	0.1052631579
204	0.1052631579
205	0.1111111111
206	0.1351351351
207	0.1351351351
208	0.1351351351
209	0.1470588235
210	0.1212121212
211	0.1212121212
212	0.1470588235
213	0.1515151515
214	0.1250000000
215	0.1212121212
216	0.1212121212
217	0.1212121212
218	0.1212121212
219	0.1250000000
220	0.1250000000
221	0.1250000000
222	0.1428571429
223	0.1176470588
224	0.0882352941
225	0.0882352941
226	0.0882352941
227	0.0857142857
228	0.0857142857
229	0.0810810811
230	0.0769230769
231	0.0512820513
232	0.0512820513
233	0.0526315789
234	0.0526315789
235	0.0526315789
236	0.0526315789
237	0.0526315789
238	0.0526315789
239	0.0526315789
240	0.0526315789
241	0.0540540541
242	0.0526315789
243	0.0540540541
244	0.0270270270
245	0.0263157895
246	0.0270270270
247	0.0263157895
248	0.0277777778
249	0.0277777778
250	0.0277777778
