1	1.0000000000
2	1.0000000000
3	1.0000000000
4	1.0000000000
5	1.0000000000
6	1.0000000000
7	1.0000000000
8	1.0000000000
9	1.0000000000
10	1.0000000000
11	1.0000000000
12	1.0000000000
13	1.0000000000
14	1.0000000000
15	1.0000000000
16	1.0000000000
17	1.0000000000
18	1.0000000000
19	1.0000000000
20	1.0000000000
21	1.0000000000
22	1.0000000000
23	1.0000000000
24	1.0000000000
25	1.0000000000
26	1.0000000000
27	1.0000000000
28	1.0000000000
29	0.9722222222
30	0.9090909091
31	0.8666666667
32	0.7575757576
33	0.7272727273
34	0.6857142857
35	0.7428571429
36	0.5675675676
37	0.6111111111
38	0.4242424242
39	0.5000000000
40	0.4210526316
41	0.4358974359
42	0.3611111111
43	0.2857142857
44	0.3142857143
45	0.2368421053
46	0.2972972973
47	0.3055555556
48	0.3611111111
49	0.2285714286
50	0.2000000000
51	0.2647058824
52	0.1818181818
53	0.2187500000
54	0.2352941176
55	0.1714285714
56	0.1714285714
57	0.2727272727
58	0.2222222222
59	0.2500000000
60	0.2068965517
61	0.2068965517
62	0.2333333333
63	0.2333333333
64	0.3333333333
65	0.3333333333
66	0.3030303030
67	0.2424242424
68	0.2285714286
69	0.1666666667
70	0.1944444444
71	0.1764705882
72	0.2000000000
73	0.2285714286
74	0.1891891892
75	0.1666666667
76	0.1944444444
77	0.1891891892
78	0.2058823529
79	0.2222222222
80	0.2857142857
81	0.3529411765
82	0.2424242424
83	0.2000000000
84	0.1666666667
85	0.1562500000
86	0.1764705882
87	0.1818181818
88	0.1515151515
89	0.1714285714
90	0.1666666667
91	0.1764705882
92	0.1714285714
93	0.1944444444
94	0.1944444444
95	0.2162162162
96	0.1944444444
97	0.2432432432
98	0.2500000000
99	0.2571428571
100	0.2777777778
101	0.2972972973
102	0.2500000000
103	0.2000000000
104	0.2222222222
105	0.2777777778
106	0.2500000000
107	0.2571428571
108	0.2352941176
109	0.1818181818
110	0.1764705882
111	0.1764705882
112	0.1944444444
113	0.1944444444
114	0.1315789474
115	0.1315789474
116	0.1111111111
117	0.1388888889
118	0.1666666667
119	0.1666666667
120	0.1351351351
121	0.1081081081
122	0.1111111111
123	0.1081081081
124	0.1142857143
125	0.1621621622
126	0.1842105263
127	0.1842105263
128	0.1842105263
129	0.1842105263
130	0.1666666667
131	0.1666666667
132	0.1666666667
133	0.1176470588
134	0.1176470588
135	0.1142857143
136	0.0882352941
137	0.0833333333
138	0.0810810811
139	0.0789473684
140	0.0789473684
141	0.0810810811
142	0.0588235294
143	0.0857142857
144	0.1142857143
145	0.1351351351
146	0.1351351351
147	0.1315789474
148	0.1538461538
149	0.1750000000
150	0.1794871795
151	0.1794871795
152	0.1538461538
153	0.1000000000
154	0.1025641026
155	0.1025641026
156	0.1025641026
157	0.1250000000
158	0.0769230769
159	0.0789473684
160	0.0789473684
161	0.0833333333
162	0.0810810811
163	0.0857142857
164	0.0857142857
165	0.0810810811
166	0.0833333333
167	0.0810810811
168	0.0789473684
169	0.0810810811
170	0.0833333333
171	0.0833333333
172	0.0810810811
173	0.0833333333
174	0.1081081081
175	0.1111111111
176	0.1052631579
177	0.0833333333
178	0.0857142857
179	0.0833333333
180	0.0833333333
181	0.0833333333
182	0.0833333333
183	0.0810810811
184	0.0810810811
185	0.0810810811
186	0.1052631579
187	0.1052631579
188	0.1052631579
189	0.1052631579
190	0.1081081081
191	0.1315789474
192	0.1052631579
193	0.0810810811
194	0.0833333333
195	0.0833333333
196	0.0810810811
197	0.0555555556
198	0.0540540541
199	0.0833333333
200	0.0857142857
201	0.0833333333
202	0.0810810811
203	0.0833333333
204	0.1081081081
205	0.1052631579
206	0.1315789474
207	0.1081081081
208	0.1025641026
209	0.1250000000
210	0.1250000000
211	0.1250000000
212	0.1315789474
213	0.1025641026
214	0.1000000000
215	0.1000000000
216	0.0789473684
217	0.0769230769
218	0.0769230769
219	0.1052631579
220	0.1052631579
221	0.1052631579
222	0.1052631579
223	0.1052631579
224	0.1052631579
225	0.1052631579
226	0.1052631579
227	0.1081081081
228	0.1081081081
229	0.1081081081
230	0.1351351351
231	0.1578947368
232	0.1578947368
233	0.1315789474
234	0.1351351351
235	0.1578947368
236	0.1578947368
237	0.1315789474
238	0.1388888889
239	0.1388888889
240	0.1315789474
241	0.1315789474
242	0.1315789474
243	0.1081081081
244	0.0789473684
245	0.0789473684
246	0.0789473684
247	0.1025641026
248	0.1025641026
249	0.1052631579
250	0.1025641026
