1	1.0000000000
2	1.0000000000
3	1.0000000000
4	1.0000000000
5	1.0000000000
6	1.0000000000
7	1.0000000000
8	1.0000000000
9	1.0000000000
10	1.0000000000
11	1.0000000000
12	1.0000000000
13	1.0000000000
14	1.0000000000
15	0.9736842105
16	1.0000000000
17	1.0000000000
18	0.9729729730
19	0.9210526316
20	0.8684210526
21	0.8461538462
22	0.7368421053
23	0.6944444444
24	0.7105263158
25	0.7297297297
26	0.6486486486
27	0.6578947368
28	0.6153846154
29	0.5428571429
30	0.4571428571
31	0.3333333333
32	0.4000000000
33	0.3333333333
34	0.3823529412
35	0.3611111111
36	0.3888888889
37	0.2941176471
38	0.3823529412
39	0.3125000000
40	0.3333333333
41	0.3428571429
42	0.4000000000
43	0.4571428571
44	0.4411764706
45	0.4516129032
46	0.4193548387
47	0.4285714286
48	0.3235294118
49	0.3125000000
50	0.3428571429
51	0.3333333333
52	0.3103448276
53	0.3448275862
54	0.3103448276
55	0.3529411765
56	0.3636363636
57	0.4571428571
58	0.3888888889
59	0.3142857143
60	0.4062500000
61	0.4242424242
62	0.5588235294
63	0.5312500000
64	0.5937500000
65	0.5625000000
66	0.4722222222
67	0.4444444444
68	0.4166666667
69	0.4705882353
70	0.5294117647
71	0.5294117647
72	0.5142857143
73	0.4117647059
74	0.3529411765
75	0.3333333333
76	0.2972972973
77	0.2500000000
78	0.2222222222
79	0.2285714286
80	0.2571428571
81	0.2857142857
82	0.2857142857
83	0.2903225806
84	0.2903225806
85	0.2857142857
86	0.3214285714
87	0.2800000000
88	0.2800000000
89	0.2692307692
90	0.3333333333
91	0.3333333333
92	0.2727272727
93	0.2000000000
94	0.1904761905
95	0.1818181818
96	0.1818181818
97	0.2083333333
98	0.1923076923
99	0.1923076923
100	0.2500000000
101	0.2800000000
102	0.2000000000
103	0.1904761905
104	0.1666666667
105	0.1851851852
106	0.1923076923
107	0.1851851852
108	0.2173913043
109	0.1578947368
110	0.0869565217
111	0.1111111111
112	0.0714285714
113	0.0740740741
114	0.0689655172
115	0.0666666667
116	0.0625000000
117	0.0882352941
118	0.0666666667
119	0.0606060606
120	0.0000000000
121	0.0000000000
122	0.0000000000
123	0.0000000000
124	0.0000000000
125	0.0000000000
126	0.0000000000
127	0.0000000000
128	0.0000000000
129	0.0000000000
130	0.0000000000
131	0.0344827586
132	0.0357142857
133	0.0370370370
134	0.0384615385
135	0.0800000000
136	0.0740740741
137	0.0800000000
138	0.0769230769
139	0.0800000000
140	0.0769230769
141	0.1153846154
142	0.1200000000
143	0.0869565217
144	0.0869565217
145	0.1200000000
146	0.1111111111
147	0.1111111111
148	0.1428571429
149	0.1481481481
150	0.1481481481
151	0.1538461538
152	0.1538461538
153	0.1153846154
154	0.1200000000
155	0.1153846154
156	0.1304347826
157	0.1200000000
158	0.1200000000
159	0.1200000000
160	0.1200000000
161	0.1111111111
162	0.1111111111
163	0.1111111111
164	0.1071428571
165	0.1034482759
166	0.1000000000
167	0.1000000000
168	0.1000000000
169	0.0967741935
170	0.0937500000
171	0.0909090909
172	0.0606060606
173	0.0606060606
174	0.0625000000
175	0.0606060606
176	0.0571428571
177	0.0833333333
178	0.0571428571
179	0.0571428571
180	0.0571428571
181	0.0588235294
182	0.0588235294
183	0.0606060606
184	0.0606060606
185	0.0857142857
186	0.1111111111
187	0.1176470588
188	0.0967741935
189	0.1000000000
190	0.0967741935
191	0.0937500000
192	0.0882352941
193	0.0909090909
194	0.0882352941
195	0.1111111111
196	0.1428571429
197	0.1176470588
198	0.1250000000
199	0.1290322581
200	0.1034482759
201	0.0344827586
202	0.0322580645
203	0.0303030303
204	0.0294117647
205	0.0285714286
206	0.0285714286
207	0.0000000000
208	0.0000000000
209	0.0000000000
210	0.0000000000
211	0.0000000000
212	0.0000000000
213	0.0000000000
214	0.0000000000
215	0.0000000000
216	0.0000000000
217	0.0000000000
218	0.0000000000
219	0.0000000000
220	0.0000000000
221	0.0000000000
222	0.0000000000
223	0.0000000000
224	0.0000000000
225	0.0000000000
226	0.0000000000
227	0.0000000000
228	0.0000000000
229	0.0000000000
230	0.0000000000
231	0.0000000000
232	0.0000000000
233	0.0000000000
234	0.0000000000
235	0.0000000000
236	0.0000000000
237	0.0000000000
238	0.0000000000
239	0.0000000000
240	0.0000000000
241	0.0000000000
242	0.0000000000
243	0.0000000000
244	0.0000000000
245	0.0000000000
246	0.0000000000
247	0.0000000000
248	0.0000000000
249	0.0000000000
250	0.0000000000
