1	1.0000000000
2	1.0000000000
3	1.0000000000
4	1.0000000000
5	1.0000000000
6	1.0000000000
7	1.0000000000
8	1.0000000000
9	1.0000000000
10	1.0000000000
11	1.0000000000
12	1.0000000000
13	1.0000000000
14	1.0000000000
15	1.0000000000
16	1.0000000000
17	1.0000000000
18	1.0000000000
19	1.0000000000
20	1.0000000000
21	1.0000000000
22	0.9705882353
23	0.8918918919
24	0.8108108108
25	0.6842105263
26	0.6923076923
27	0.5384615385
28	0.5384615385
29	0.5135135135
30	0.5000000000
31	0.4210526316
32	0.3947368421
33	0.5000000000
34	0.4166666667
35	0.5333333333
36	0.4516129032
37	0.4117647059
38	0.4117647059
39	0.4242424242
40	0.4062500000
41	0.3142857143
42	0.2894736842
43	0.2500000000
44	0.2857142857
45	0.2820512821
46	0.1794871795
47	0.2564102564
48	0.2972972973
49	0.2222222222
50	0.2972972973
51	0.2972972973
52	0.2222222222
53	0.2702702703
54	0.4117647059
55	0.3030303030
56	0.1562500000
57	0.1666666667
58	0.0689655172
59	0.0645161290
60	0.0571428571
61	0.0833333333
62	0.0540540541
63	0.0967741935
64	0.1666666667
65	0.1724137931
66	0.1071428571
67	0.0384615385
68	0.0800000000
69	0.1538461538
70	0.0740740741
71	0.1111111111
72	0.0666666667
73	0.0645161290
74	0.0357142857
75	0.0000000000
76	0.0000000000
77	0.0000000000
78	0.0000000000
79	0.0000000000
80	0.0000000000
81	0.0000000000
82	0.0000000000
83	0.0000000000
84	0.0000000000
85	0.0000000000
86	0.0000000000
87	0.0000000000
88	0.0000000000
89	0.0270270270
90	0.0277777778
91	0.0000000000
92	0.0000000000
93	0.0000000000
94	0.0000000000
95	0.0000000000
96	0.0000000000
97	0.0000000000
98	0.0000000000
99	0.0000000000
100	0.0000000000
101	0.0000000000
102	0.0000000000
103	0.0000000000
104	0.0000000000
105	0.0000000000
106	0.0000000000
107	0.0000000000
108	0.0000000000
109	0.0000000000
110	0.0000000000
111	0.0000000000
112	0.0370370370
113	0.0370370370
114	0.0833333333
115	0.0000000000
116	0.0344827586
117	0.0370370370
118	0.0625000000
119	0.0645161290
120	0.0322580645
121	0.0000000000
122	0.0000000000
123	0.0000000000
124	0.0000000000
125	0.0000000000
126	0.0000000000
127	0.0000000000
128	0.0333333333
129	0.0333333333
130	0.0333333333
131	0.0303030303
132	0.0312500000
133	0.0303030303
134	0.0333333333
135	0.0344827586
136	0.0000000000
137	0.0000000000
138	0.0000000000
139	0.0000000000
140	0.0000000000
141	0.0000000000
142	0.0000000000
143	0.0000000000
144	0.0000000000
145	0.0000000000
146	0.0000000000
147	0.0000000000
148	0.0000000000
149	0.0000000000
150	0.0000000000
151	0.0000000000
152	0.0000000000
153	0.0000000000
154	0.0000000000
155	0.0000000000
156	0.0000000000
157	0.0000000000
158	0.0000000000
159	0.0000000000
160	0.0000000000
161	0.0000000000
162	0.0000000000
163	0.0000000000
164	0.0000000000
165	0.0000000000
166	0.0000000000
167	0.0000000000
168	0.0000000000
169	0.0000000000
170	0.0000000000
171	0.0000000000
172	0.0000000000
173	0.0000000000
174	0.0000000000
175	0.0000000000
176	0.0000000000
177	0.0000000000
178	0.0000000000
179	0.0000000000
180	0.0000000000
181	0.0000000000
182	0.0000000000
183	0.0000000000
184	0.0000000000
185	0.0000000000
186	0.0000000000
187	0.0000000000
188	0.0000000000
189	0.0000000000
190	0.0000000000
191	0.0000000000
192	0.0000000000
193	0.0000000000
194	0.0000000000
195	0.0000000000
196	0.0000000000
197	0.0000000000
198	0.0000000000
199	0.0689655172
200	0.0370370370
201	0.0000000000
202	0.0000000000
203	0.0000000000
204	0.0000000000
205	0.0000000000
206	0.0000000000
207	0.0000000000
208	0.0000000000
209	0.0000000000
210	0.0000000000
211	0.0000000000
212	0.0000000000
213	0.0000000000
214	0.0000000000
215	0.0000000000
216	0.0000000000
217	0.0000000000
218	0.0000000000
219	0.0000000000
220	0.0000000000
221	0.0000000000
222	0.0000000000
223	0.0000000000
224	0.0000000000
225	0.0000000000
226	0.0000000000
227	0.0000000000
228	0.0000000000
229	0.0000000000
230	0.0000000000
231	0.0000000000
232	0.0000000000
233	0.0000000000
234	0.0000000000
235	0.0000000000
236	0.0000000000
237	0.0000000000
238	0.0000000000
239	0.0000000000
240	0.0000000000
241	0.0000000000
242	0.0000000000
243	0.0000000000
244	0.0000000000
245	0.0312500000
246	0.0000000000
247	0.0000000000
248	0.0000000000
249	0.0000000000
250	0.0000000000
