1	372.3133516790
2	412.9613627482
3	435.3185396047
4	449.3857816132
5	466.4849082181
6	481.2969236248
7	487.1345793078
8	491.5116101113
9	493.2449462259
10	501.4512643784
11	518.7689981921
12	520.4555340940
13	527.7304311853
14	530.6903715387
15	535.1034841112
16	538.7210490622
17	539.4076610318
18	541.4726669727
19	543.6153722280
20	545.6633817564
21	549.2383693215
22	549.3367309846
23	550.6499882719
24	550.6751448659
25	552.0821016597
26	552.3122287321
27	554.5326839985
28	554.7464604226
29	554.7572144065
30	554.7922106986
31	554.8426582909
32	555.0573187892
33	555.6297529107
34	556.7698663691
35	556.8939453777
36	556.8968225764
37	556.8979618953
38	556.8989624597
39	557.6998805091
40	557.7184138759
41	557.7382203237
42	557.7442485505
43	558.1497625071
44	558.1746556665
45	558.1790249489
46	558.1807090795
47	558.7314182568
48	559.2120153831
49	559.2132365212
50	559.3990045090
51	559.4094186324
52	559.4242553146
53	559.4251463094
54	559.4260805031
55	559.4271543639
56	559.4280291703
57	559.4282323558
58	559.4715725130
59	559.4720993390
60	559.4724724991
61	559.4732675527
62	559.4785725286
63	559.4793008571
64	559.4812061346
65	559.4820770710
66	559.4827551685
67	559.4832907516
68	559.4833019890
69	559.4860105406
70	559.4868588737
71	559.6656655924
72	559.9193151610
73	559.9201391275
74	559.9205554063
75	559.9205564910
76	559.9211252972
77	559.9211255373
78	559.9219217373
79	559.9251832431
80	559.9254677355
81	559.9256066143
82	559.9255953122
83	559.9256618152
84	559.9260832015
85	559.9273088118
86	559.9349123443
87	559.9352242324
88	559.9358394952
89	559.9531464961
90	559.9533807713
91	559.9535753938
92	559.9539789364
93	559.9540419140
94	559.9540623894
95	559.9543215878
96	559.9544390841
97	559.9561028457
98	559.9570028676
99	559.9570196918
100	559.9640389421
101	559.9642021091
102	559.9643130249
103	559.9643145860
104	559.9643527369
105	559.9658596936
106	559.9665719414
107	559.9673417162
108	559.9817490066
109	559.9818649539
110	560.0519064502
111	560.0727915371
112	560.3911291358
113	560.4019904888
114	560.4848236882
115	560.4849039719
116	560.4853814335
117	560.4854741211
118	560.4859807899
119	560.5153197055
120	560.5158370892
121	560.5158537051
122	560.6774765976
123	560.6776268209
124	560.6778299167
125	560.6906298201
126	560.6910790081
127	560.6910597378
128	560.6911593342
129	560.6924473632
130	560.6924477020
131	560.6925237053
132	560.6925358721
133	560.6925631050
134	560.6926003879
135	560.6926405624
136	560.6926705215
137	560.7004498859
138	560.7004510443
139	560.7004914334
140	560.7005026000
141	560.7007922399
142	560.7011137994
143	560.7013145731
144	560.7014001209
145	560.7017484013
146	560.7017704249
147	560.7017627180
148	560.7017669828
149	560.7977197337
150	560.7979377963
151	560.7993817175
152	560.8380754491
153	560.8387108515
154	560.8388008619
155	560.8387757471
156	560.8657002500
157	561.0148887357
158	561.0152818327
159	561.0152422983
160	561.0154550904
161	561.0154567211
162	561.0155388734
163	561.0155753409
164	561.0155622333
165	561.0154911492
166	561.0154196068
167	561.0154416816
168	561.0506794299
169	561.0507912404
170	561.0510510055
171	561.0510510055
172	561.0511709996
173	561.0516882365
174	561.0517023818
175	561.0517314295
176	561.0517320769
177	561.0517645036
178	561.0517699463
179	561.0518780545
180	561.0517979225
181	561.0518372557
182	561.0517964555
183	561.0633098039
184	561.0631284584
185	561.0630323993
186	561.0630620419
187	561.0630281401
188	561.0635269869
189	561.0635269869
190	561.0641627573
191	561.0655728098
192	561.0655589498
193	561.0656313016
194	561.0657055506
195	561.0657055506
196	561.0657719674
197	561.0657859450
198	561.0657901012
199	561.0655124125
200	561.0655124125
201	561.0654172338
202	561.0655703707
203	561.0765742551
204	561.0766945799
205	561.0831637949
206	561.0832700941
207	561.0832700941
208	561.0832716884
209	561.0833061681
210	561.0872927852
211	561.0873926340
212	561.1908860224
213	561.1908635776
214	561.1910793637
215	561.1918109407
216	561.1919118754
217	561.1919118754
218	561.2059919598
219	561.2058096165
220	561.2095293213
221	561.2098388355
222	561.2099466940
223	561.2101711846
224	561.2110372331
225	561.2110943697
226	561.2110911022
227	561.2111798065
228	561.2112053438
229	561.2112493628
230	561.2113574285
231	561.2136312584
232	561.2138153449
233	561.2138400469
234	561.2138695209
235	561.2139302991
236	561.2139715172
237	561.2140741711
238	561.2140067370
239	561.2140348093
240	561.2140359857
241	561.2140487276
242	561.2140492100
243	561.2141606108
244	561.2413945203
245	561.2414111874
246	561.2413657621
247	561.2415916331
248	561.2415513072
249	561.2416473710
250	561.2417896076
