1	513.5824671742
2	517.9170046949
3	526.4529596518
4	530.3405228475
5	534.0243217458
6	534.4268984039
7	535.6520518162
8	537.7591330070
9	540.5128746663
10	541.0247701705
11	541.4243908313
12	542.3674546129
13	542.9745990217
14	543.3142159690
15	543.3207479634
16	543.4096816375
17	543.8453529902
18	545.5999763467
19	546.5257692563
20	546.5467421651
21	547.0288613936
22	547.7916297520
23	547.7952172771
24	549.0870603668
25	549.0879334852
26	548.9604382630
27	548.9769733271
28	548.9792306902
29	549.5239966281
30	549.5292833728
31	549.5324607369
32	549.5339295977
33	549.7518218436
34	549.7766677560
35	549.8130450559
36	549.8166642351
37	549.8170125470
38	549.8200649777
39	549.8555826393
40	549.8555837538
41	549.8556888696
42	549.8558097638
43	549.9047999877
44	549.9053974298
45	549.9055575679
46	549.9058415075
47	549.9150025177
48	549.9150025177
49	549.9150532809
50	549.9150724476
51	549.9834712488
52	549.9834737408
53	549.9835693918
54	549.9913791686
55	549.9914904774
56	549.9914904774
57	550.0005888581
58	550.0006836624
59	550.0007210805
60	550.0008886636
61	550.0008886636
62	550.0008992399
63	550.0009027713
64	550.0092932213
65	550.0485411200
66	550.0488049751
67	550.0488049751
68	550.0488049751
69	550.0488049751
70	550.0852069985
71	550.0852107361
72	550.0852198269
73	550.0852314007
74	550.0852314007
75	550.0855295135
76	550.0855318982
77	550.0855318982
78	550.0855405897
79	550.0856730108
80	550.0905628312
81	550.0909052323
82	550.0951103346
83	550.0951103346
84	550.0951097323
85	550.0951106827
86	550.0951128037
87	550.0951776737
88	550.0951762125
89	550.1094009650
90	550.1094072604
91	550.1115439168
92	550.1115554260
93	550.1115584791
94	550.1115555887
95	550.1115578302
96	550.1115583833
97	550.1112523195
98	550.1112523116
99	550.1148574128
100	550.1148608903
101	550.1148608903
102	550.1148608903
103	550.1235528659
104	550.1235573249
105	550.1235606837
106	550.1235606320
107	550.1235606320
108	550.1235827777
109	550.1235827777
110	550.1235827777
111	550.1235827777
112	550.1644583911
113	550.1644583911
114	550.1644583911
115	550.1644685230
116	550.1644623480
117	550.1644623480
118	550.1644670980
119	550.1644726048
120	550.1644726048
121	550.1645330750
122	550.1645330750
123	550.1645377750
124	550.1645377750
125	550.1645377750
126	550.1645377750
127	550.1645615432
128	550.1646637559
129	550.1646713134
130	550.1646713134
131	550.1646288579
132	550.1646288643
133	550.1646288643
134	550.1646288643
135	550.1646288643
136	550.1646354057
137	550.1646354430
138	550.1646354430
139	550.1646354430
140	550.1646354430
141	550.1646354430
142	550.1646363572
143	550.1933471821
144	550.1933471821
145	550.1933471821
146	550.1933471821
147	550.1933511924
148	550.1933511924
149	550.1933556389
150	550.1933555244
151	550.1933557095
152	550.1933557095
153	550.1933600048
154	550.1933626441
155	550.1933626441
156	550.1933626441
157	550.1933626441
158	550.1933651156
159	550.1933651156
160	550.1933651156
161	550.1933651480
162	550.1933651480
163	550.1933664777
164	550.1933664777
165	550.1933664777
166	550.1933666850
167	550.1933669311
168	550.1933669311
169	550.1933669311
170	550.1933669425
171	550.1934127315
172	550.1934149191
173	550.1934154278
174	550.1934155899
175	550.1934155899
176	550.1934155899
177	550.1934155899
178	550.1934155899
179	550.1934155899
180	550.1934155899
181	550.1934155899
182	550.1934155899
183	550.1934155899
184	550.1934155899
185	550.1934159891
186	550.1934159891
187	550.1934160822
188	550.1934184471
189	550.1934184471
190	550.1934184471
191	550.1934184471
192	550.1934184471
193	550.1934184317
194	550.1934184317
195	550.1934184317
196	550.1934184317
197	550.1934184317
198	550.1934184317
199	550.1934184317
200	550.1934184317
201	550.2058738693
202	550.2058738696
203	550.2058738696
204	550.2058738696
205	550.2058738696
206	550.2058738696
207	550.2058738696
208	550.2058738696
209	550.2058738696
210	550.2058738696
211	550.2058738696
212	550.2058742076
213	550.2058775643
214	550.2273512410
215	550.2273515106
216	550.2273557526
217	550.2273557526
218	550.2273557526
219	550.2273557526
220	550.2273557526
221	550.2273557526
222	550.2313675963
223	550.2314771877
224	550.2314798378
225	550.2314798378
226	550.2318977389
227	550.2321237058
228	550.2321237058
229	550.2321237058
230	550.2321242023
231	550.2321242023
232	550.2327128790
233	550.2327128790
234	550.2327133269
235	550.2327133269
236	550.2327133269
237	550.2377398273
238	550.2377398273
239	550.2377398246
240	550.2378035444
241	550.2378035444
242	550.2378035444
243	550.2378035444
244	550.2378035671
245	550.2378035671
246	550.2378035671
247	550.2378035671
248	550.2440440037
249	550.2440440037
250	550.2440440037
