1	436.4079343058
2	445.2443975085
3	459.5294194095
4	463.2421579902
5	468.4771465737
6	479.7318168819
7	491.1106594705
8	504.1107451856
9	504.4999815025
10	508.5437903236
11	513.5375148592
12	515.9191423792
13	521.5134796465
14	523.3970730542
15	527.2179696949
16	527.7048997404
17	532.4246326132
18	533.9724291823
19	535.5403606093
20	537.0104723458
21	537.2908147953
22	537.7997930980
23	539.8405052080
24	543.1696476084
25	545.8330675482
26	547.1525973037
27	548.2647758269
28	548.9732854677
29	549.7885410483
30	551.5946941897
31	553.2754676072
32	554.8931725927
33	555.4814352479
34	555.4869198056
35	556.0779767948
36	556.0913805164
37	556.1627193143
38	556.2032528749
39	556.4777435946
40	556.8497856586
41	557.1485093768
42	557.2193257987
43	557.2233624302
44	557.3005318467
45	557.3055414574
46	557.3077740725
47	557.3224356174
48	557.4295698266
49	557.4298779297
50	557.5067271799
51	557.5080815008
52	557.5127597739
53	557.5133468390
54	557.5397850266
55	557.5792556611
56	557.5796020778
57	557.5823762708
58	557.9390097667
59	557.9608708456
60	557.9892064461
61	558.0246277059
62	558.0917771479
63	558.0928838572
64	558.0939845156
65	558.1215754779
66	558.1229848394
67	558.1232460586
68	558.1243354925
69	558.1349112329
70	558.1353759782
71	558.1379897427
72	558.1382515587
73	558.1386398067
74	558.1387725536
75	558.2373545543
76	558.2374405108
77	558.2388835182
78	558.2390538877
79	558.2392676839
80	558.2392890907
81	558.2566714817
82	558.2567697382
83	558.2585963948
84	558.2587978075
85	558.2588062204
86	558.2765024371
87	558.3770011399
88	558.3775130151
89	558.3798930347
90	558.3841928774
91	558.4166724406
92	558.5196956596
93	558.5358326173
94	558.5360078863
95	558.5445538951
96	558.5450442930
97	558.5453106505
98	558.5454948564
99	558.5458928419
100	558.5459669460
101	558.5460986783
102	558.5461968466
103	558.5462067443
104	558.5463127558
105	558.5463979183
106	558.5463979183
107	558.5471079306
108	558.5530868046
109	558.5697768955
110	558.5701697072
111	558.5701676876
112	558.5702062261
113	558.5703135335
114	558.5704897596
115	558.5705666335
116	558.6783969084
117	558.6969852739
118	558.6970367389
119	558.6970412855
120	558.6970343710
121	558.6972004951
122	558.6979611684
123	558.6985071413
124	558.6985965046
125	558.6987042868
126	558.7072033858
127	558.7073084651
128	558.7075757543
129	558.7077423475
130	558.7081770460
131	558.7082890068
132	558.7082961872
133	558.7083574480
134	558.7083768395
135	558.7085450087
136	558.7085456060
137	558.7085797669
138	558.7087306476
139	559.0693702742
140	559.0712358652
141	559.1883822976
142	559.1892998065
143	559.1906999453
144	559.1906696553
145	559.1903306723
146	559.1903886548
147	559.1904283894
148	559.1906012456
149	559.1907460735
150	559.1908095195
151	559.1911996038
152	559.1912839870
153	559.1912707705
154	559.1944493683
155	559.1947008330
156	559.1949996098
157	559.1950596718
158	559.1952804184
159	559.1952912101
160	559.1952698441
161	559.2058944110
162	559.2059638915
163	559.2062001160
164	559.2062339586
165	559.2063184150
166	559.3155273223
167	559.3155650300
168	559.3155946287
169	559.3156872395
170	559.3210079193
171	559.3210634158
172	559.3216891350
173	559.3276732988
174	559.3279658577
175	559.3279411147
176	559.3611683810
177	559.3612026438
178	559.3612026438
179	559.3614749232
180	559.3614090529
181	559.3614918788
182	559.3615927836
183	559.3629930465
184	559.3629043554
185	559.3629944528
186	559.3629002955
187	559.3628156634
188	559.3629132409
189	559.3629744186
190	559.3633555976
191	559.3977650903
192	559.3989951834
193	559.3990341235
194	559.3991502993
195	559.3991602514
196	559.4090170396
197	559.4091968347
198	559.4097028115
199	559.4246697371
200	559.4247498831
201	559.4248280227
202	559.4250175253
203	559.4252568420
204	559.4253399309
205	559.4254171801
206	559.4254036791
207	559.4260087624
208	559.4260323725
209	559.4261263659
210	559.4261278415
211	559.4263741856
212	559.4263741856
213	559.4263716820
214	559.4757742680
215	559.4758063231
216	559.4759134179
217	559.4758683408
218	559.4758788933
219	559.4912748793
220	559.4913227360
221	559.4913278879
222	559.5019710160
223	559.5019000113
224	559.5019077170
225	559.5120774773
226	559.6288988416
227	559.6288858913
228	559.6289540900
229	559.6919455455
230	559.6988930617
231	559.7002803566
232	559.7003884119
233	559.7004151872
234	559.7002842212
235	559.7003930550
236	559.7002590813
237	559.7001084598
238	559.7001712191
239	559.7002313474
240	559.7186620353
241	559.7187036246
242	559.7193417299
243	559.7193675908
244	559.7193675908
245	559.7189665125
246	559.7194163328
247	559.7194162206
248	559.7194169830
249	559.7191961999
250	559.7238218623
