1	505.0898973806
2	517.2031118021
3	524.9346789666
4	525.9371272558
5	526.4352305543
6	533.0560232043
7	534.5743538296
8	535.8769822840
9	538.1076791270
10	539.5308765315
11	542.9110349925
12	544.3910169022
13	543.7928317756
14	545.3186812411
15	546.7085157641
16	547.2182497584
17	548.2426031081
18	548.5393632466
19	549.1648812793
20	550.4717909880
21	552.3151099618
22	552.3560233134
23	553.0378346557
24	553.7389764076
25	553.9023759939
26	556.8468268854
27	557.9015945910
28	557.8902097156
29	557.9119243274
30	557.9196888250
31	558.1772578697
32	558.2207791689
33	558.2407145403
34	558.2407145403
35	558.2426808976
36	558.2460476283
37	558.6892217674
38	558.7171104990
39	558.7270772351
40	558.7353708249
41	558.7656408635
42	558.7729493169
43	558.7787944439
44	558.7805238859
45	558.7832203940
46	558.7953758529
47	558.8050564761
48	558.8102709538
49	558.8200527240
50	558.8290153362
51	558.8290153362
52	558.8320170970
53	558.8504857505
54	558.8576757436
55	558.8677807375
56	558.8723999641
57	558.8812456306
58	558.8773123300
59	558.8773109010
60	558.8970578742
61	558.9073425642
62	558.9149743481
63	558.9153451433
64	558.9213830156
65	558.9228632936
66	558.9319597872
67	558.9335218587
68	558.9343273602
69	558.9399663944
70	558.9412769191
71	558.9428973532
72	559.2577300084
73	559.2704702137
74	559.2910426997
75	559.2995963755
76	559.3069444715
77	559.3106273902
78	559.5548077973
79	559.5749234011
80	559.6078671502
81	559.6194172151
82	559.6336732487
83	559.6547245662
84	559.6645524183
85	559.6990002535
86	560.0809889058
87	560.0923469490
88	560.2623471214
89	560.2745550617
90	560.3111670154
91	560.4010775541
92	560.4096508280
93	560.4571899446
94	560.4605065074
95	560.4610819316
96	560.4643685957
97	560.4680111041
98	560.4686837468
99	560.4693014225
100	560.4719907494
101	560.4733958486
102	560.4737011321
103	560.5740511259
104	560.5750734591
105	560.5752641006
106	560.5756177065
107	560.5757680127
108	560.6329848852
109	560.6933174409
110	560.6939267601
111	560.6956958779
112	560.6965615590
113	560.6984271552
114	560.6998808683
115	560.7010367346
116	560.7015160091
117	560.7008969937
118	560.7017414836
119	560.7022609799
120	560.7023271777
121	560.7154562560
122	560.7155915003
123	560.7161275579
124	560.7460078895
125	560.7463410283
126	560.7464160881
127	560.7489641300
128	560.7494661247
129	560.7510374789
130	560.7511864421
131	560.7551571013
132	560.7553383920
133	560.7555396003
134	560.7555396003
135	560.7835267039
136	560.7998994878
137	560.7998994878
138	560.7999257796
139	560.7996011150
140	560.7996892884
141	560.8013913992
142	560.8016171832
143	560.8171454459
144	560.8171148176
145	560.8171148176
146	560.8179122459
147	560.8180085113
148	560.8180174859
149	560.8178878309
150	560.8183196578
151	560.8190053811
152	560.8190053811
153	560.8562887919
154	560.8562887919
155	560.8562887919
156	560.8562887919
157	560.8575034126
158	560.8575034126
159	560.8649382105
160	560.8662328007
161	560.8662319588
162	560.8663476368
163	560.8663518803
164	560.8664995765
165	560.8713990160
166	560.8756130132
167	560.8769135666
168	560.8769374829
169	560.8769134314
170	560.8770157494
171	560.8777522788
172	560.8777531409
173	560.8778977916
174	560.8784794298
175	560.8784823259
176	560.8787556920
177	560.8787556920
178	560.8787590386
179	560.8787567233
180	560.8788309401
181	560.8788309401
182	560.8788315837
183	560.8789967261
184	560.8795955743
185	560.8797203690
186	560.8797201886
187	560.8797406928
188	560.8797406928
189	560.8797406928
190	560.8800769157
191	560.8800016197
192	560.8800023255
193	560.8800330168
194	560.8800691895
195	560.8800231681
196	560.8800231681
197	560.8800231681
198	560.8800614568
199	560.8800614568
200	560.8821087252
201	560.8821087252
202	560.8821382431
203	560.8825096335
204	560.8829277098
205	560.8830012579
206	560.8830012579
207	560.8830141359
208	560.8830141359
209	560.8830141359
210	560.8830141359
211	560.8830150442
212	560.8830186466
213	560.8830897512
214	560.8843254979
215	560.8846031323
216	560.8846031323
217	560.8846031323
218	560.8846036005
219	560.8857630954
220	560.8858365718
221	560.8858385865
222	560.8858385865
223	560.8858385865
224	560.8858385865
225	560.8860363145
226	560.8860694338
227	560.8864469365
228	560.8878360789
229	560.8880283575
230	560.8886464947
231	560.8886464947
232	560.8885820241
233	560.8885866640
234	560.8885866640
235	560.8889484268
236	560.8890119496
237	560.8890790441
238	560.8897285316
239	560.8898138423
240	560.8898387665
241	560.8902633142
242	560.8902633142
243	560.8904329160
244	560.8904198208
245	560.8911662697
246	560.8922138848
247	560.8922138848
248	560.8922138848
249	560.8922138848
250	560.8926182308
