1	523.3506926737
2	522.9093330734
3	526.2700955386
4	528.7269639465
5	528.9821137697
6	529.1883065899
7	530.3756666966
8	531.6562337800
9	532.6577873494
10	533.1053533795
11	537.0698188938
12	537.9328374580
13	540.1029192800
14	540.5512765201
15	541.2628262628
16	541.7271277671
17	542.4349306078
18	542.7238504355
19	545.4185029746
20	545.5529046596
21	545.5909075907
22	545.6543676684
23	546.4981731540
24	546.5280301330
25	546.8570075332
26	546.9005699963
27	548.8104714687
28	548.8158357973
29	548.8246397174
30	548.8273597426
31	548.9992334027
32	549.0323933074
33	549.5708662245
34	549.5946963932
35	549.7292903485
36	549.7919497297
37	549.9262331173
38	550.0388853843
39	550.2667322201
40	550.2738575499
41	550.2975221616
42	550.2988664705
43	550.3228150351
44	550.3235553272
45	550.3235553272
46	550.3247312544
47	550.3250706238
48	550.3260577797
49	550.3288053087
50	550.3340573812
51	550.3340573812
52	550.3833305391
53	550.3835128069
54	550.3835148195
55	550.4339293820
56	550.4845240360
57	550.4850291081
58	550.4851216768
59	550.4851300136
60	550.4855822506
61	550.4855831114
62	550.4857077081
63	550.5193414772
64	550.5188669592
65	550.5188432172
66	550.5188412181
67	550.5188620845
68	550.5189942713
69	550.5191628421
70	550.5195250740
71	550.5195376431
72	550.5195805060
73	550.5197593069
74	550.5197610332
75	550.5197897595
76	550.5198492147
77	550.5585722029
78	550.5585910936
79	550.5626962413
80	550.5627180452
81	550.5627180452
82	550.5629650021
83	550.5629708256
84	550.5629815824
85	550.5629891687
86	550.5629942116
87	550.5630046867
88	550.5630255734
89	550.5805219294
90	550.5805235910
91	550.5805235910
92	550.5805365601
93	550.5806370985
94	550.5806679747
95	550.6000550963
96	550.6004267912
97	550.6004311693
98	550.6004700499
99	550.6004700499
100	550.6004775315
101	550.6007360650
102	550.6009166527
103	550.6009404289
104	550.6009489905
105	550.6494204760
106	550.6494230841
107	550.6494230841
108	550.6505500341
109	550.6505518844
110	550.6568873618
111	550.6568898516
112	550.6569874314
113	550.6655366035
114	550.6655588798
115	550.6965827262
116	550.6965827262
117	550.6965827262
118	550.6965851915
119	550.6965951242
120	550.6966540621
121	550.6966540621
122	550.6966540621
123	550.6966540621
124	550.7380371188
125	550.7380371188
126	550.7379409130
127	550.7379539801
128	550.7379616206
129	550.7379616206
130	550.7379654461
131	550.7380031515
132	550.7380031515
133	550.7380031515
134	550.7380037712
135	550.7380075421
136	550.7380283832
137	550.7380283832
138	550.7380283832
139	550.7380292297
140	550.7380292297
141	550.7380292297
142	550.7380303773
143	550.7380599346
144	550.7380599346
145	550.7380599346
146	550.7380648604
147	550.7380648604
148	550.7380648604
149	550.7561042860
150	550.7561042860
151	550.7759945377
152	550.7759945377
153	550.7759945377
154	550.7788256683
155	550.7788256683
156	550.7788256683
157	550.7788262392
158	550.7788262392
159	550.7788306402
160	550.7788308425
161	550.7788308425
162	550.7788308425
163	550.7788308425
164	550.7788308425
165	550.7788308425
166	550.7788308425
167	550.7788324487
168	550.7788324487
169	550.7788324487
170	550.7788324487
171	550.7788347411
172	550.7789229213
173	550.7789229213
174	550.7789229213
175	550.7789444884
176	550.7789426380
177	550.7789426380
178	550.7789418420
179	550.7789418483
180	550.7789418184
181	550.7789418184
182	550.7789418184
183	550.7789418184
184	550.7789418184
185	550.7789502627
186	550.7789502627
187	550.7789502957
188	550.7789539585
189	550.7789539585
190	550.7789572101
191	550.7789572101
192	550.7789870721
193	550.7789921972
194	550.7888053450
195	550.7888053450
196	550.7887139450
197	550.7887156397
198	550.7887156397
199	550.7887156397
200	550.7887156397
201	550.7887228902
202	550.7887474230
203	550.7887474230
204	550.7887474230
205	550.7887478509
206	550.7887478509
207	550.7887478509
208	550.7887481177
209	550.7887481177
210	550.7889687950
211	550.7889703615
212	550.7889721515
213	550.7890963953
214	550.7962198375
215	550.7962203571
216	550.7962203571
217	550.7962203571
218	550.7962206917
219	550.7962220978
220	550.7974459762
221	550.7974489475
222	550.7975282262
223	550.7975282262
224	550.7975282424
225	550.7975282424
226	550.7975282424
227	550.7975284502
228	550.7975299945
229	550.7975299945
230	550.7975304148
231	550.7975304148
232	550.7975304148
233	550.7975309420
234	550.7975309965
235	550.7975309965
236	550.7975309965
237	550.7975316109
238	550.7975316109
239	550.7975318235
240	550.7975318235
241	550.7975318235
242	550.7982275717
243	550.7982290173
244	550.7982315070
245	550.8086521477
246	550.8217373269
247	550.8217427613
248	550.8218515812
249	550.8219054900
250	550.8226633627
