1	525.3524156080
2	530.7527053693
3	536.4771623039
4	537.0172477985
5	548.5185325227
6	551.1460871444
7	551.8702051083
8	552.0910898843
9	550.3602099860
10	553.5069577025
11	553.5172574570
12	554.2859009433
13	554.9470046493
14	555.3361822026
15	555.5026847558
16	555.5058308806
17	555.5073569796
18	555.9184769632
19	556.5687670957
20	556.8867642430
21	556.8933545720
22	556.8987702496
23	557.1484671625
24	557.1609841986
25	557.4564704640
26	557.6758251704
27	557.7138966970
28	557.7707335586
29	557.7716374469
30	557.7732678531
31	557.7756022868
32	558.0969297799
33	558.2990500711
34	558.3949696967
35	558.3951895352
36	558.3954535670
37	558.3999935879
38	558.4583914716
39	558.4584481132
40	558.4595333970
41	558.4618148976
42	558.4628301536
43	558.4636815262
44	558.4776364156
45	558.4779355280
46	558.4789318529
47	558.4794732902
48	558.4805863263
49	558.4806063367
50	558.4805940684
51	558.4811872642
52	558.4811961688
53	558.4815456725
54	558.4818804532
55	558.4819070562
56	558.4839268182
57	558.4842118446
58	558.4843283668
59	558.4852315008
60	558.5120363206
61	558.5125378259
62	558.5125454865
63	558.5131412160
64	558.5218325590
65	558.5221688671
66	558.5225855033
67	558.5562592401
68	558.5570506127
69	558.5580471614
70	558.5874177655
71	558.5874455968
72	558.5874427334
73	558.5874800407
74	558.5875662324
75	558.5876827917
76	558.5876827917
77	558.5877473412
78	558.5880957798
79	558.5888781848
80	558.5888804385
81	558.5884876603
82	558.5884877185
83	558.5884877185
84	558.5885420625
85	558.5885423973
86	558.5885423973
87	558.5886517649
88	558.5889681414
89	558.5898200448
90	558.5902762557
91	558.6803388667
92	558.6803705852
93	558.6803705852
94	558.6803705852
95	558.6804649004
96	558.6808428727
97	558.6808582563
98	558.6808586838
99	558.6808651542
100	558.6819315951
101	558.6819315951
102	558.6821333015
103	558.6822277141
104	558.6827681731
105	558.6827681731
106	558.7089640594
107	558.7092068004
108	558.7581082937
109	558.7583207707
110	558.7598947344
111	558.7599278512
112	558.7603357169
113	558.7607146762
114	558.7741124038
115	558.7742277074
116	558.7742277095
117	558.7743474136
118	558.7774349096
119	558.7776456359
120	558.7776456359
121	558.7776456359
122	558.7776456359
123	558.7776456359
124	558.7776456359
125	558.7776548002
126	558.7777656921
127	558.7779276836
128	558.7780115223
129	558.7782495332
130	558.7782659391
131	558.7782659391
132	558.7782678895
133	558.7784824945
134	558.7785899031
135	558.7785949108
136	558.7787174033
137	558.7936272019
138	558.7936272019
139	558.7936752769
140	558.7938371870
141	558.7938371870
142	558.7938371870
143	558.7939412769
144	558.7942231317
145	558.7942281080
146	558.7942322685
147	558.7942591147
148	558.7942591147
149	558.7942580868
150	559.1030922037
151	559.1029801071
152	559.1033104126
153	559.1034399788
154	559.1034399788
155	559.1031401896
156	559.1035937124
157	559.1035937124
158	559.1035940015
159	559.1040693356
160	559.1035128233
161	559.1035128233
162	559.1035128233
163	559.1035128233
164	559.1035128233
165	559.1035128233
166	559.1035128233
167	559.1035538968
168	559.1036717794
169	559.1041422159
170	559.1041422159
171	559.1041422159
172	559.1041692320
173	559.1042115736
174	559.1043804063
175	559.1043804063
176	559.1043804063
177	559.1043804063
178	559.1049436233
179	559.1049399236
180	559.1050119120
181	559.1050914178
182	559.1051923143
183	559.1057615663
184	559.1057615663
185	559.1057615663
186	559.1057615663
187	559.1059034418
188	559.1059028191
189	559.1059028191
190	559.1059028191
191	559.1062592462
192	559.1027388104
193	559.1032607983
194	559.1037621884
195	559.1037372800
196	559.1037372800
197	559.1038370128
198	559.1038698590
199	559.1038698590
200	559.1040272402
201	559.1042894153
202	559.1042894153
203	559.1043068540
204	559.1041938285
205	559.1043968243
206	559.1045308749
207	559.1045961457
208	559.1045961457
209	559.1045961457
210	559.1045989890
211	559.1047037715
212	559.1047675420
213	559.1048487887
214	559.1048487887
215	559.1049879367
216	559.1049879367
217	559.1050082240
218	559.1050082240
219	559.1056319579
220	559.1056319579
221	559.1057776278
222	559.1057776278
223	559.1057776278
224	559.1057776278
225	559.1057776278
226	559.1057813481
227	559.1058450226
228	559.1093400355
229	559.1095657316
230	559.1095657316
231	559.1095657316
232	559.1095706087
233	559.1095706087
234	559.1095841288
235	559.1095841288
236	559.1095841288
237	559.1095841288
238	559.1095831718
239	559.1121835213
240	559.1121835213
241	559.1122426730
242	559.1123530195
243	559.1123530195
244	559.1123530195
245	559.1123612145
246	559.1123612145
247	559.1123526080
248	559.1123526080
249	559.1123526080
250	559.1123526080
