1	539.7522374453
2	533.9078713117
3	541.5849723365
4	541.9954938478
5	544.0888880968
6	544.1901034580
7	544.1615809575
8	544.2347524121
9	544.5040235917
10	545.3896953900
11	546.7630482035
12	548.4290255422
13	550.2363996447
14	550.3699917444
15	551.3459566353
16	551.3618068609
17	551.4392585016
18	552.7353038596
19	552.8799805485
20	553.2235880501
21	553.3566686390
22	553.3888101843
23	553.4577058853
24	553.5614735604
25	553.5609265261
26	553.5654848317
27	553.6333398722
28	553.6351753028
29	553.6627107809
30	554.4944727770
31	555.0310855394
32	555.0468727595
33	555.1276674836
34	555.2199819969
35	555.2230696851
36	555.4179261413
37	555.4181878546
38	555.8402433123
39	555.8417785125
40	555.8904094781
41	555.9322917047
42	555.9336633928
43	556.1640788876
44	556.1655653638
45	556.1679024961
46	556.2095062062
47	556.2134096219
48	556.2134152573
49	556.4125265509
50	556.4340589198
51	556.5465255616
52	556.6039192565
53	556.6040481222
54	556.6127893635
55	556.9494553196
56	557.1558524300
57	557.1560985754
58	560.9649010199
59	560.9390130108
60	560.9456233903
61	561.1696606718
62	561.2130551420
63	561.2504572062
64	561.2807022489
65	561.2864074479
66	561.2945285768
67	561.3011656757
68	561.3020805435
69	561.3022377535
70	561.3022988701
71	561.3031315625
72	561.7257942176
73	561.7269296339
74	561.7354498851
75	561.7357328656
76	561.7640808480
77	561.7665404453
78	561.8195838140
79	561.8766800532
80	561.9444368890
81	561.9472580112
82	561.9475079692
83	561.9615836732
84	562.0728690551
85	562.1439614136
86	562.2036435349
87	562.3994429553
88	562.4260441707
89	562.4357634302
90	562.4866950767
91	562.4915390346
92	562.5020304002
93	562.5042475051
94	562.5083205327
95	562.5093660757
96	562.5101866078
97	562.5121725126
98	562.5433592896
99	562.5520132370
100	562.5536625976
101	562.5590873381
102	562.5591223206
103	562.5678725902
104	562.5706056297
105	562.5763843157
106	562.5764247414
107	562.5934550675
108	562.6836068616
109	562.6866456434
110	562.7097620052
111	562.7101649889
112	562.7112029741
113	562.7488413732
114	562.7520137729
115	562.7737291226
116	562.7817202952
117	562.7963104175
118	562.8058524184
119	562.8106272457
120	562.8131783472
121	562.8174845058
122	562.8185842520
123	562.8303842775
124	562.8313201099
125	562.8331424800
126	562.8354919301
127	562.8437709430
128	562.8673619880
129	562.8676187115
130	562.8684064806
131	562.8471536678
132	562.8471536678
133	562.8471534848
134	562.8482178217
135	562.8482178217
136	562.8489922628
137	562.8516922751
138	562.8516922751
139	562.8521012833
140	562.8520689688
141	562.8495353080
142	562.8495353080
143	562.8501990274
144	562.8502305591
145	562.8507202960
146	562.8507202960
147	562.8507202960
148	562.8507202960
149	562.8507724211
150	562.8507724211
151	562.8521483441
152	562.8528242869
153	562.8761073011
154	562.8764595459
155	562.8764595459
156	562.8790515974
157	562.8806972219
158	562.8893853608
159	562.8893861338
160	562.8895032043
161	562.8895049836
162	563.0225676929
163	563.0240131933
164	563.0276865600
165	563.0280215425
166	563.0286133216
167	563.0289797355
168	563.0329058909
169	563.0324929248
170	563.0330892631
171	563.0329616351
172	563.0329616351
173	563.0331719591
174	563.0333111366
175	563.0896438790
176	563.0896438790
177	563.0902874728
178	563.0966899403
179	563.0967609791
180	563.0980439773
181	563.0981797129
182	563.0982419893
183	563.0982419893
184	563.1002275141
185	563.1010165295
186	563.1002467708
187	563.1002836079
188	563.1014230601
189	563.1016099004
190	563.1024051386
191	563.1025694814
192	563.1032003267
193	563.1047291177
194	563.1053283063
195	563.1055439390
196	563.1077817419
197	563.1079209506
198	563.1083467908
199	563.1083467908
200	563.1083467908
201	563.1086060961
202	563.1086686509
203	563.1086686509
204	563.1093818371
205	563.1093818371
206	563.1100832239
207	563.1100832239
208	563.1104214099
209	563.1106300679
210	563.1106467616
211	563.1120320828
212	563.1132689714
213	563.1132689714
214	563.1132689714
215	563.1132941764
216	563.1132975468
217	563.1141948141
218	563.1141948141
219	563.1145337070
220	563.1173942868
221	563.1181576793
222	563.1181606923
223	563.1181661644
224	563.1181661644
225	563.1182328267
226	563.1182328267
227	563.1182983070
228	563.1182983747
229	563.1183626835
230	563.1186470220
231	563.1186470220
232	563.1186963533
233	563.1188491874
234	563.1207487603
235	563.1208922158
236	563.1208922158
237	563.1208922158
238	563.1208922158
239	563.1215338822
240	563.1215338822
241	563.1215338822
242	563.1218622066
243	563.1218635565
244	563.1220341054
245	563.1222133093
246	563.1222556371
247	563.1225147681
248	563.1225782008
249	563.1290634545
250	563.1291486685
