1	321.6421533870
2	354.0982074152
3	371.0654955156
4	399.9849749397
5	410.4984105187
6	416.1569198386
7	420.3513864057
8	448.3825220520
9	461.4416209196
10	463.7275453530
11	476.2426092849
12	508.4715506773
13	519.6718267127
14	528.3850616776
15	534.8363526473
16	536.1789791263
17	539.1654005666
18	549.8638882892
19	550.2404400072
20	555.9504678041
21	556.8803019120
22	557.9277732707
23	558.2147656077
24	558.2603779604
25	558.3252094043
26	558.4601994474
27	558.8421674386
28	559.5415967998
29	559.6215322381
30	559.9068341806
31	560.4181499113
32	560.9216776595
33	561.4919833999
34	561.6652598632
35	561.8876272917
36	562.6517175146
37	562.7170846328
38	562.7520450050
39	562.8172330892
40	562.9366584779
41	563.0390431628
42	563.1986637973
43	563.2605021312
44	563.6151913308
45	563.6197645483
46	563.7438839002
47	563.7471245920
48	563.9039660770
49	563.9100772175
50	564.0900706403
51	564.1039092658
52	564.1302593791
53	564.1371418819
54	564.1446057222
55	564.1451429960
56	564.1515010452
57	564.2052776566
58	564.2789699301
59	564.2869391497
60	564.2890472198
61	564.3118697487
62	564.3316678514
63	564.3322093969
64	564.3412039915
65	564.3496424033
66	564.3526321114
67	564.3774762930
68	564.4498694330
69	564.4605344342
70	564.4625216388
71	564.4631572281
72	564.4654442230
73	564.4716053991
74	564.4762849010
75	564.6860551609
76	564.6869828716
77	564.6923124837
78	564.6932613147
79	564.6935192680
80	564.6951183321
81	564.6961503306
82	564.7089234987
83	564.7089234987
84	564.7110246754
85	564.7136634838
86	564.7914506500
87	564.7921183767
88	564.7922290805
89	564.7941357477
90	564.7942821373
91	564.7943374325
92	564.7945269062
93	564.8134748041
94	564.8159907438
95	564.8179796185
96	564.8207452673
97	564.8210497876
98	564.8212321351
99	564.8215340191
100	564.8216479223
101	564.8221853474
102	564.8232384859
103	564.8238399999
104	564.8240958526
105	564.8243717542
106	564.8247105047
107	564.8252252582
108	564.8250818447
109	564.8251521070
110	564.8514669774
111	564.8526609444
112	564.8793988104
113	564.8799484144
114	564.9208985515
115	564.9225997890
116	564.9229659519
117	564.9613914242
118	564.9614214973
119	564.9783276054
120	564.9786127434
121	564.9792428824
122	564.9817889165
123	564.9819119894
124	565.0092126737
125	565.0312099034
126	565.0333678986
127	565.0334981270
128	565.0352062781
129	565.0351511974
130	565.0365833490
131	565.0488295416
132	565.0490670965
133	565.0491112586
134	565.0496461273
135	565.0497834760
136	565.0498553154
137	565.0499762288
138	565.0520737777
139	565.0519772243
140	565.0519845579
141	565.0526943571
142	565.0527038059
143	565.0533879745
144	565.0533879745
145	565.0532460020
146	565.0639580533
147	565.0640987828
148	565.0736453619
149	565.0752042072
150	565.0803589676
151	565.0805000292
152	565.0804957361
153	565.0820771737
154	565.0821971540
155	565.0827828186
156	565.0828084790
157	565.0828865237
158	565.0828225790
159	565.0995408171
160	565.0996937151
161	565.1002923642
162	565.1005650222
163	565.1008194264
164	565.1063229389
165	565.1064395747
166	565.1064416069
167	565.1063377837
168	565.1066148291
169	565.1066858601
170	565.1069074765
171	565.1069249266
172	565.1072897777
173	565.1125017738
174	565.1125062932
175	565.1127513575
176	565.1130226691
177	565.1132201118
178	565.1132697358
179	565.1138021718
180	565.1140443604
181	565.1456560204
182	565.1457247829
183	565.1468075665
184	565.1468937063
185	565.1480813119
186	565.1482115954
187	565.1484336963
188	565.1630145875
189	565.1629513931
190	565.1629860094
191	565.1629980468
192	565.1686536398
193	565.1686536398
194	565.1685952485
195	565.1685952485
196	565.1702786580
197	565.1702675387
198	565.1703052216
199	565.1702856454
200	565.1704974108
201	565.1705512644
202	565.1715725893
203	565.1715726288
204	565.1716496761
205	565.1716711457
206	565.1759105704
207	565.1759302391
208	565.1759504060
209	565.1759633876
210	565.1759643293
211	565.1761718323
212	565.1764496315
213	565.1765032299
214	565.1765032299
215	565.1765143428
216	565.1765280637
217	565.1765280637
218	565.1765388775
219	565.1769064672
220	565.1800847683
221	565.1798056968
222	565.1797648138
223	565.1802303000
224	565.1802358280
225	565.1800588908
226	565.1803097750
227	565.1805986986
228	565.1806259736
229	565.1806018016
230	565.1806018016
231	565.1808735063
232	565.1811088536
233	565.1827242711
234	565.1831743290
235	565.1832117983
236	565.1831859694
237	565.1832725826
238	565.1833743674
239	565.1835227954
240	565.1847385973
241	565.1850371385
242	565.1850724634
243	565.1850921354
244	565.1849183472
245	565.1849035779
246	565.1849790270
247	565.1848881650
248	565.1849397582
249	565.1849399080
250	565.1850546258
