1	309.9059681707
2	332.5342429058
3	376.2201210471
4	383.3366935959
5	402.8017447967
6	404.9579289809
7	411.7869585973
8	446.9487010324
9	454.7750008572
10	466.4745105752
11	477.9329366328
12	487.2311261879
13	498.2762363672
14	500.5269131762
15	503.6367255124
16	506.3469945563
17	511.1403003526
18	519.4375275594
19	522.9425948821
20	527.1026208888
21	532.4555587999
22	535.8323050930
23	537.3730664616
24	537.7942398592
25	538.1027053504
26	541.0912922134
27	542.3962320917
28	543.9700857787
29	544.4572223025
30	545.9673495123
31	546.9126004924
32	548.2908685061
33	549.7162938232
34	549.7690634455
35	549.7881439568
36	549.9786346819
37	550.8289726527
38	551.1675409967
39	551.1815944676
40	551.4009955747
41	551.4534124028
42	551.5634699743
43	551.5885039024
44	551.6759816621
45	551.8544157790
46	552.0825397844
47	552.3000265113
48	552.7470948363
49	552.7484283828
50	552.7802449744
51	553.1672313890
52	553.1883887962
53	553.1910750131
54	553.1928962867
55	553.3109185684
56	553.3131086796
57	553.3154994194
58	553.3171458294
59	553.5162753419
60	553.5325772205
61	553.5336992058
62	553.5426561091
63	553.5429452534
64	553.6583908070
65	553.6628795495
66	553.6635093519
67	553.7721695806
68	553.7730999683
69	553.7734390074
70	553.7737654673
71	553.7800940184
72	553.7804971918
73	553.7810531944
74	553.7810531944
75	553.8755817589
76	553.8756561717
77	553.8761533559
78	553.8764166253
79	553.8764484722
80	553.8774732286
81	553.8776454617
82	553.8811032722
83	553.8812027251
84	553.8818100656
85	553.8982347288
86	553.8983504526
87	553.8989000338
88	553.8990297264
89	553.8991182118
90	553.9085985591
91	553.9204037145
92	553.9236997555
93	553.9239436090
94	553.9239464146
95	553.9346082312
96	553.9605074744
97	553.9605738337
98	553.9608888832
99	553.9609756108
100	553.9611826242
101	553.9612217732
102	553.9615240136
103	553.9760147402
104	553.9761206913
105	553.9761478973
106	553.9761904961
107	553.9762135024
108	553.9997863767
109	554.0000563391
110	554.0000571783
111	554.0001675732
112	554.0175378649
113	554.0178547764
114	554.1097281608
115	554.1097716297
116	554.1097738444
117	554.1100580441
118	554.1173826322
119	554.1173855554
120	554.1175184188
121	554.1415304959
122	554.1420477452
123	554.1421314080
124	554.1421913037
125	554.1424202022
126	554.1567642878
127	554.2110387260
128	554.2111030226
129	554.2111459746
130	554.2111462916
131	554.2112973611
132	554.2147671113
133	554.2150930720
134	554.2152671313
135	554.2152672054
136	554.2152672495
137	554.2277956575
138	554.2278005943
139	554.2285836758
140	554.2285836758
141	554.2286070361
142	554.2287691288
143	554.2287786587
144	554.2288300650
145	554.2288414956
146	554.2288464955
147	554.2290176041
148	554.2290240654
149	554.2290663627
150	554.2290710626
151	554.2291014811
152	554.2322070365
153	554.2322469415
154	554.2384525327
155	554.2506392511
156	554.2506476872
157	554.2506485567
158	554.2506489879
159	554.2518692766
160	554.2552553455
161	554.2552703951
162	554.2552750527
163	554.2552811800
164	554.2554693805
165	554.2554809870
166	554.2554837376
167	554.2555014685
168	554.2555946939
169	554.2556156258
170	554.2556158564
171	554.2638585072
172	554.2638839874
173	554.2638872599
174	554.2695895598
175	554.2809932299
176	554.2809941393
177	554.2810021416
178	554.2810062212
179	554.2810062212
180	554.2810128514
181	554.2810433169
182	554.2810530987
183	554.2810582529
184	554.2810592990
185	554.2810740077
186	554.2811791907
187	554.2885852335
188	554.2953441762
189	554.2954585646
190	554.2954617082
191	554.2954864233
192	554.2954913075
193	554.2957580532
194	554.3018286305
195	554.3018536911
196	554.3018612303
197	554.3018775034
198	554.3018820378
199	554.3019206308
200	554.3019206308
201	554.3019444170
202	554.3019520922
203	554.3023716520
204	554.3482051462
205	554.3484851125
206	554.3484863984
207	554.3484987484
208	554.3484987504
209	554.3517685596
210	554.3518534853
211	554.3617876278
212	554.3618101594
213	554.3618137997
214	554.3618154799
215	554.3618193556
216	554.3618298793
217	554.3618507071
218	554.3618506768
219	554.3618689067
220	554.3618689067
221	554.3618751171
222	554.3624473798
223	554.3658049186
224	554.3658049249
225	554.3658127521
226	554.3658196243
227	554.3677130592
228	554.3677330391
229	554.3734540230
230	554.3734738367
231	554.3735454021
232	554.3737310879
233	554.3737308835
234	554.3799068424
235	554.3799097078
236	554.3808820264
237	554.3809296795
238	554.3809297377
239	554.3964710348
240	554.3964711142
241	554.3964770821
242	554.3964856000
243	554.3964861664
244	554.3964872113
245	554.3964910731
246	554.3990517260
247	554.4012307657
248	554.4012335611
249	554.4012477598
250	554.4012485945
