1	321.1617597358
2	337.2345294096
3	363.7195697140
4	375.6047990685
5	407.7110039266
6	447.0987985480
7	466.5280277084
8	474.6393035926
9	486.5942544441
10	496.4887445254
11	502.9196302149
12	506.8899413864
13	511.4657147009
14	518.0303301925
15	522.9740583589
16	525.4285053849
17	534.0570858025
18	535.5933129071
19	537.8381727429
20	538.4107714085
21	538.5116558009
22	539.1689973012
23	539.7447120416
24	540.4491188729
25	541.7903064962
26	541.9454256463
27	542.6164713638
28	544.8938533689
29	544.9446454173
30	548.0370119243
31	548.1556889675
32	548.3690267691
33	548.4336711676
34	548.4825248504
35	549.2121794442
36	549.3191970141
37	549.5726494684
38	549.6230910802
39	549.6851670623
40	550.0557835620
41	550.2615927940
42	550.4726349290
43	550.6644686871
44	551.2215890144
45	551.3332787156
46	551.3341565425
47	551.7976059047
48	551.7989260117
49	551.9326330123
50	551.9328719141
51	552.3267929851
52	552.3271909510
53	552.3281286848
54	552.3320224192
55	552.3458292215
56	552.3459284471
57	552.3779063590
58	552.3961225342
59	552.3964423209
60	552.3988149935
61	552.3988632209
62	552.4222283904
63	552.4357911300
64	552.4774505240
65	552.4778458001
66	552.5239183921
67	552.6161246437
68	552.6262856554
69	552.6264148763
70	552.6953391978
71	552.6987099655
72	552.6987503295
73	552.7007780339
74	552.7021323639
75	552.7131014635
76	552.7132894950
77	552.7258238913
78	552.7503664833
79	552.7758135949
80	552.7766896569
81	552.8072230450
82	552.8072913733
83	552.8415880207
84	552.8417334485
85	552.8418282455
86	552.8419626471
87	552.8638962873
88	552.8647813847
89	552.9257898112
90	552.9326996790
91	552.9433158938
92	552.9433643348
93	552.9498292526
94	552.9498347642
95	552.9498683871
96	552.9498904766
97	552.9499027977
98	552.9499051327
99	552.9499120842
100	552.9499946207
101	552.9500278096
102	552.9500382485
103	552.9500518937
104	552.9651303388
105	552.9651515522
106	552.9651631337
107	552.9651890210
108	552.9651940204
109	552.9651945437
110	552.9691226199
111	552.9691311953
112	552.9691525733
113	552.9691526597
114	552.9717379287
115	552.9717437751
116	552.9717503191
117	552.9718810205
118	552.9719032064
119	552.9719040481
120	552.9719040482
121	552.9864195802
122	552.9864444673
123	552.9864775420
124	553.0338743571
125	553.0338749796
126	553.0603913427
127	553.0603913431
128	553.0604616915
129	553.1342318492
130	553.1342337461
131	553.1342491775
132	553.1459974182
133	553.1460044311
134	553.1460066725
135	553.1460203293
136	553.1460964237
137	553.1461001210
138	553.1461066964
139	553.1776107180
140	553.1776765889
141	553.1777111730
142	553.1777230557
143	553.1777493585
144	553.1777499670
145	553.1777629982
146	553.1777647795
147	553.1777674026
148	553.1777955242
149	553.1778008587
150	553.1791500530
151	553.1926134546
152	553.1926134546
153	553.1926142271
154	553.2013738674
155	553.2014126149
156	553.2014280205
157	553.2014380802
158	553.2303807167
159	553.2303816378
160	553.2351144248
161	553.2351149727
162	553.2359723084
163	553.2359921007
164	553.2360066419
165	554.8494689184
166	554.8568667849
167	555.3679568895
168	555.3688182968
169	555.6629836174
170	556.0752923739
171	556.0764571445
172	556.0764599472
173	556.1412068581
174	557.1426099123
175	557.1426141837
176	557.2395516742
177	557.3587436031
178	557.3631129326
179	557.5386649736
180	557.6303074956
181	557.6306645340
182	557.7997028920
183	557.8029259834
184	557.8032625085
185	557.8032968586
186	557.9941319636
187	558.0001851879
188	558.0361939470
189	558.5927946395
190	558.5929410338
191	559.7714337207
192	559.7987645320
193	559.7988956767
194	559.7988956767
195	559.8352974084
196	559.8394237492
197	559.8409230715
198	559.8409232721
199	560.8855733932
200	560.8868179729
201	560.8900421548
202	560.8907421537
203	560.9285994485
204	560.9293816431
205	560.9306036640
206	560.9328497809
207	560.9348558461
208	561.2547323799
209	561.2566976184
210	561.3315779361
211	561.4953419686
212	561.5010518143
213	561.5044619529
214	561.5047666127
215	561.5052082901
216	561.5068170651
217	561.5071582463
218	561.5081219544
219	562.0735260171
220	562.1055246609
221	562.2077715839
222	562.2087698400
223	562.2088795906
224	562.2089699746
225	562.2121887936
226	562.2126829127
227	562.2183137877
228	562.2206141474
229	562.2220606677
230	562.3090828003
231	562.3586959259
232	562.3593490827
233	562.5186650822
234	562.5196782458
235	562.5216737761
236	562.5230003095
237	562.5232275719
238	562.5232778895
239	562.5235921780
240	562.5238786951
241	562.5239920432
242	562.5322564653
243	562.6409192846
244	562.6427621184
245	562.6427621184
246	562.6428175308
247	562.7341180672
248	562.7363126168
249	562.7363542768
250	562.7364940639
