1	380.3314011828
2	380.3314011828
3	380.3418834855
4	421.6309737951
5	428.5478181249
6	447.5137192014
7	466.7568529339
8	478.6769486118
9	484.6050229269
10	489.9895118553
11	497.5841656132
12	504.8778089099
13	510.8010981372
14	513.6783307016
15	515.6006858184
16	519.9305802381
17	534.1566571390
18	535.7393252966
19	541.7918829458
20	545.1572827700
21	546.5836149768
22	548.9611720855
23	549.9283497089
24	550.7297671663
25	551.9237732197
26	554.7724559163
27	554.9518868820
28	555.2724767682
29	556.1929611980
30	556.3000458207
31	556.6993818592
32	556.7915016556
33	556.8857722777
34	557.0725997946
35	557.1487427562
36	557.3545769760
37	558.3213508749
38	558.4751025486
39	558.5822896769
40	558.8082858439
41	559.5074035802
42	560.7629528707
43	561.4897752904
44	562.1827966121
45	562.1986931771
46	562.4598416958
47	562.5433581526
48	562.5603100221
49	562.6158853372
50	562.6429963168
51	562.6637053711
52	562.6866863277
53	563.1232259939
54	563.2001988443
55	563.2049653540
56	563.2215734635
57	563.3029458586
58	563.4518076244
59	563.4570849412
60	563.6436704347
61	563.6510005980
62	563.6594809947
63	563.6658667178
64	563.7011916443
65	563.7507552640
66	563.9287919004
67	563.9291203290
68	563.9688279364
69	563.9706728303
70	564.0156909251
71	564.0309454255
72	564.0382738299
73	564.0433116353
74	564.0475730338
75	564.0551290959
76	564.0558591750
77	564.0578971249
78	564.0633362273
79	564.0652337346
80	564.0659506359
81	564.0666037146
82	564.0854472913
83	564.1654720897
84	564.1661013968
85	564.1706284264
86	564.1720822753
87	564.1737992732
88	564.1783704833
89	564.1798527803
90	564.1809382313
91	564.1822630836
92	564.2126063259
93	564.2148863410
94	564.2176515929
95	564.2192976429
96	564.2200017060
97	564.2212608715
98	564.2339888371
99	564.2348536303
100	564.2349166777
101	564.2351721686
102	564.2360096888
103	564.2371078724
104	564.2382843585
105	564.2383713591
106	564.2391633762
107	564.2395125822
108	564.2410450219
109	564.2418786780
110	564.2426596025
111	564.2426655481
112	564.2429681195
113	564.2432520908
114	564.2439861103
115	564.2440811028
116	564.2494579951
117	564.2496033005
118	564.2898940975
119	564.2910784759
120	564.2910967796
121	564.3392356494
122	564.3393773492
123	564.3393770556
124	564.3404388200
125	564.3494290234
126	564.3498386557
127	564.3500581544
128	564.3526101033
129	564.3531072115
130	564.3534499430
131	564.3607216571
132	564.3693722042
133	564.3698332416
134	564.3851240297
135	564.3852959795
136	564.3852959795
137	564.3853951814
138	564.3863746215
139	564.4007481021
140	564.4008571116
141	564.4009139070
142	564.4009995281
143	564.4018639977
144	564.4021228854
145	564.4020970563
146	564.4056171350
147	564.4060312065
148	564.4063647879
149	564.4063125625
150	564.4070688172
151	564.4087511027
152	564.4088436073
153	564.4093866651
154	564.4093866651
155	564.4093910743
156	564.4094908504
157	564.4099749003
158	564.4099744118
159	564.4099744118
160	564.4100185874
161	564.4100926282
162	564.4101894058
163	564.4102003016
164	564.4109179260
165	564.4111153918
166	564.4112476309
167	564.4113932164
168	564.4120888995
169	564.4125274449
170	564.4126503753
171	564.4124906883
172	564.4284354149
173	564.4284300636
174	564.4284391249
175	564.4285237142
176	564.4286348764
177	564.4291144009
178	564.4293110097
179	564.4293972181
180	564.4297380327
181	564.4297849938
182	564.4300982624
183	564.4300627130
184	564.4378433283
185	564.4378433283
186	564.4379099887
187	564.4378641917
188	564.4381292730
189	564.4379955148
190	564.4380557412
191	564.4381877923
192	564.5233567782
193	564.5235147483
194	564.5235072989
195	564.5235196418
196	564.5234305054
197	564.6027005243
198	564.6029017800
199	564.6030279812
200	564.6032615112
201	564.6034309987
202	564.6034310576
203	564.6047640473
204	564.6048083718
205	564.6048266255
206	564.6047856843
207	564.6049580488
208	564.6049584704
209	564.6051626833
210	564.6051724888
211	564.6053910933
212	564.6054246315
213	564.6053953820
214	564.6055152103
215	564.6059099175
216	564.6059095644
217	564.6059386074
218	564.6060342436
219	564.6061478364
220	564.6063213899
221	564.6063184560
222	564.6064202934
223	564.6065399338
224	564.6067073763
225	564.6067742833
226	564.6068594226
227	564.6069758037
228	564.6072878362
229	564.6075544079
230	564.6075785634
231	564.6078862972
232	564.6078862972
233	564.6079269623
234	564.6079348117
235	564.6132077196
236	564.6260317951
237	564.6261651864
238	564.6261673693
239	564.6262596194
240	564.6262475567
241	564.6261808548
242	564.6294439494
243	564.6296951520
244	564.6298177418
245	564.6299300912
246	564.6306389493
247	564.6304802909
248	564.6305385904
249	564.6306058893
250	564.6306115829
