1	516.1257408442
2	526.0304120590
3	531.4685762338
4	537.3582101605
5	541.3479310913
6	542.0792189414
7	542.5468675047
8	543.0601086219
9	545.0332502477
10	546.4290428771
11	548.7413666961
12	548.7648289315
13	549.0403542824
14	549.8044014245
15	549.8929884388
16	550.5712090676
17	550.5939936781
18	552.6255102208
19	552.7600704049
20	553.4988955396
21	553.5058310656
22	553.6273612828
23	553.9906305848
24	554.9887279916
25	555.6917675876
26	556.3152490969
27	556.4721540282
28	556.7238207513
29	556.9921550740
30	557.7142599266
31	557.9062243773
32	558.1734109926
33	558.2297477394
34	558.2806519097
35	558.2820521300
36	558.2983174248
37	558.2986785891
38	558.3289926351
39	558.8952401694
40	558.9366070638
41	558.9473931941
42	559.6464220010
43	560.4846025060
44	560.6241711094
45	561.3617664575
46	562.5251098264
47	562.5516824734
48	563.5278251856
49	563.5394129054
50	563.5415298761
51	563.5435934660
52	563.5494381290
53	563.5571989980
54	563.5658067485
55	563.5713627884
56	563.5876795355
57	563.6270621845
58	563.6270669390
59	565.0512723014
60	565.0575914205
61	565.1182474139
62	565.1234644522
63	565.1357641147
64	565.1472961481
65	565.3082021051
66	565.3102875808
67	565.3112748171
68	565.3135074944
69	565.3161391991
70	565.3214416778
71	565.3244224631
72	565.3270524940
73	565.3316308563
74	565.3355565926
75	565.3433422343
76	565.3457860095
77	565.3499453353
78	565.3504112823
79	565.3506785662
80	565.3518943182
81	565.3524735238
82	565.3528548324
83	565.3530439341
84	565.4209262299
85	565.6611290656
86	565.6628402100
87	565.6670774728
88	565.6671964073
89	565.6686829364
90	565.6683154863
91	565.6715548820
92	565.6717860140
93	565.6731108276
94	565.6743857627
95	565.6764808134
96	565.6766585873
97	565.6785872668
98	565.8145785234
99	565.8161888821
100	565.8164743316
101	565.8831169382
102	565.8833686954
103	565.8833686954
104	565.8837914522
105	565.8836595552
106	565.8836383654
107	565.8838891058
108	565.8838533487
109	565.9001825629
110	565.9002550246
111	565.9004020006
112	565.9018454869
113	565.9018454869
114	565.9024523041
115	565.9034005961
116	565.9034104673
117	565.9041031817
118	565.9055650820
119	565.9058440753
120	565.9061998248
121	565.9063545429
122	565.9066011957
123	565.9068092543
124	565.9068092543
125	565.9068092543
126	565.9068522297
127	565.9067277226
128	565.9067232411
129	565.9071866944
130	565.9077508697
131	565.9256016637
132	565.9259502763
133	565.9261536515
134	565.9261536515
135	565.9281004986
136	565.9284255230
137	565.9284255230
138	565.9287469284
139	565.9293503170
140	565.9297111894
141	565.9300870364
142	565.9310542795
143	565.9310542795
144	565.9310091980
145	565.9310091980
146	565.9322038786
147	565.9326478012
148	565.9326871411
149	565.9336401398
150	565.9772401066
151	565.9775857540
152	565.9781813525
153	565.9780707091
154	565.9784819009
155	565.9784819009
156	565.9786644104
157	565.9786644104
158	565.9786644104
159	565.9792548562
160	565.9795232563
161	565.9795232563
162	565.9795232563
163	565.9795975894
164	565.9799141290
165	565.9799141290
166	565.9800958106
167	565.9803540928
168	565.9803720089
169	565.9826465821
170	565.9829748055
171	565.9835475359
172	565.9839378507
173	565.9841442610
174	565.9841549916
175	565.9842507902
176	565.9842507902
177	565.9842507902
178	565.9842507902
179	565.9842507902
180	565.9849203068
181	565.9854106266
182	565.9855531547
183	565.9855531547
184	565.9855531547
185	565.9855531547
186	565.9857906695
187	565.9858181127
188	565.9864536896
189	565.9871204855
190	565.9871470660
191	565.9880996753
192	565.9888726142
193	566.1067689084
194	566.1071240789
195	566.1071263998
196	566.1077099702
197	566.1077697446
198	566.1077697446
199	566.1076696264
200	566.1078312786
201	566.1078312786
202	566.1081368198
203	566.1081368198
204	566.1081204930
205	566.1081281607
206	566.1081377264
207	566.1081347307
208	566.1081347307
209	566.1081268389
210	566.1073635375
211	566.1075040376
212	566.1075124606
213	566.1079517832
214	566.1080330373
215	566.1083128318
216	566.1083128318
217	566.1085949296
218	566.1085973532
219	566.1086951742
220	566.1090008632
221	566.1090008632
222	566.1087609885
223	566.1085860088
224	566.1347347746
225	566.1348741162
226	566.1348741162
227	566.1349996562
228	566.1355435045
229	566.1356252399
230	566.1356252399
231	566.1369968284
232	566.1384548265
233	566.1389404070
234	566.1392556199
235	566.1392556199
236	566.1394773750
237	566.1394773750
238	566.1395202220
239	566.1399920388
240	566.1399920388
241	566.1399920388
242	566.1405125942
243	566.1406882623
244	566.1406882623
245	566.1408400117
246	566.1410223762
247	566.1416605755
248	566.1422422070
249	566.1423216883
250	566.1423216883
