1	321.8966219719
2	343.9833184390
3	344.4556844135
4	357.6429024907
5	378.4054187983
6	393.6287092986
7	402.3764889781
8	442.6797108413
9	442.6841339683
10	449.8225982148
11	476.7531548142
12	477.5460977404
13	487.1836862609
14	499.6015534352
15	500.5271326445
16	501.2674028060
17	502.8008567421
18	507.6375264495
19	510.0195465328
20	512.4077450221
21	524.7177429381
22	530.0435214198
23	531.0072071408
24	531.3240832343
25	531.5449371081
26	532.2407568435
27	532.8315281928
28	535.9744093541
29	540.6659305321
30	542.3215448307
31	543.7307789703
32	544.2214355573
33	544.3569266955
34	546.5055319465
35	546.6211686749
36	547.4894033065
37	548.0343254776
38	548.9957755276
39	550.8317735059
40	550.8780029598
41	551.6485215538
42	551.8767770681
43	552.4662325568
44	554.0793968132
45	555.6180173636
46	557.1495235657
47	557.1992431522
48	557.2330202097
49	558.2041240582
50	558.2250998358
51	558.5128432450
52	558.6734563608
53	558.7098250629
54	560.1672834671
55	561.0472868155
56	561.1613840209
57	561.1852586024
58	561.2144365508
59	561.2198958621
60	561.2203554311
61	561.2974373560
62	561.3319517943
63	561.3449519182
64	561.9611383614
65	561.9847009081
66	561.9859591302
67	562.6766237646
68	562.6891345172
69	563.2788369406
70	563.4636802562
71	563.4891842353
72	563.9874857372
73	564.1103023396
74	564.1148419071
75	564.3949785699
76	564.5697363539
77	565.1768116474
78	565.1981870047
79	565.2070282779
80	565.2451758238
81	565.4091770814
82	565.4139428995
83	565.4217081924
84	565.4267112225
85	565.4278730424
86	565.4355485702
87	565.4390072735
88	565.6130696022
89	565.6130696022
90	565.8997176874
91	565.9040589426
92	566.1119193851
93	566.1410190653
94	566.2724535936
95	566.4196064779
96	566.4263890964
97	566.4362316054
98	566.4383820980
99	566.4439747292
100	566.4634413705
101	566.4832006983
102	566.4923738739
103	566.4930912145
104	566.5022984163
105	566.7513250133
106	566.8543346047
107	566.8600715373
108	566.8602543075
109	566.8612013429
110	566.8618776103
111	567.2046303915
112	567.2046952854
113	567.2049778914
114	567.2050793646
115	567.2061045913
116	567.2068746744
117	567.2076760654
118	567.2110312337
119	567.2124984140
120	567.2130869558
121	567.2347100259
122	567.2358864101
123	567.2669417227
124	567.2669433288
125	567.2788530483
126	567.2796483057
127	567.3068782147
128	567.3080874222
129	567.4075226915
130	567.4084827233
131	567.4085293382
132	567.6222094094
133	567.6223401727
134	567.6449035439
135	567.6458933111
136	567.6460383393
137	567.6485338650
138	567.6485162430
139	567.6491681141
140	567.6668476507
141	567.6671415111
142	567.6679469800
143	567.6680116890
144	567.7053613007
145	567.8071211365
146	567.8077148366
147	567.8080447945
148	567.8212223546
149	567.8212817761
150	567.8214915429
151	567.8219024571
152	567.8219738969
153	567.8223170604
154	567.8223752514
155	567.8225232021
156	567.8225801342
157	567.8227189775
158	567.8228954578
159	567.8225955064
160	567.8242064098
161	567.8242049061
162	567.8240964269
163	567.8244547722
164	567.8244763851
165	567.8248636249
166	567.8251442443
167	567.8252774909
168	567.8259841411
169	567.8259636642
170	567.8265210529
171	567.8265465115
172	567.8265758796
173	567.8280164544
174	567.8284897933
175	567.8469207852
176	567.8469639633
177	567.8475013475
178	567.8532593506
179	567.8541163988
180	567.8541967242
181	567.8543676842
182	567.8546683170
183	567.8547058886
184	567.8547939784
185	567.8547714133
186	567.8550199801
187	567.8550533490
188	567.8552576001
189	567.8713057553
190	567.8718411029
191	567.8718915849
192	567.8720078686
193	567.8730459855
194	567.8732160758
195	567.8732160758
196	567.8738182308
197	567.8738391466
198	567.9144561051
199	567.9144833358
200	567.9144403128
201	567.9144481872
202	567.9477096958
203	567.9493588571
204	567.9494093294
205	567.9499276023
206	567.9499582376
207	567.9499618678
208	567.9497702827
209	567.9563932326
210	567.9569080036
211	567.9569971805
212	567.9574386003
213	567.9734476694
214	567.9737917938
215	567.9741224137
216	567.9739763415
217	567.9749454604
218	567.9748387919
219	567.9753255390
220	567.9758802127
221	567.9783358994
222	567.9784868714
223	567.9992278896
224	567.9992989032
225	567.9993160650
226	568.0072466775
227	568.0069370865
228	568.0072164357
229	568.0160426787
230	568.0161074216
231	568.0222446160
232	568.0222975927
233	568.0223479567
234	568.0225737366
235	568.0432418799
236	568.0434380251
237	568.0438052911
238	568.0439477579
239	568.0441635540
240	568.0440935830
241	568.0472998365
242	568.0472360135
243	568.0467682882
244	568.0466822060
245	568.0467139341
246	568.0468404054
247	568.0469088198
248	568.0472360500
249	568.0473517560
250	568.0474294071
