1	0.1061132055
2	0.1474579507
3	0.1010173135
4	0.1064153415
5	0.0958775569
6	0.0880031780
7	0.1161731037
8	0.1120562877
9	0.0910782024
10	0.0612736748
11	0.0588095521
12	0.0940448659
13	0.0556661916
14	0.0452023175
15	0.0675865404
16	0.0468290851
17	0.1947043446
18	0.1784191753
19	0.1710049717
20	0.2523629246
21	0.2524527921
22	0.1307571291
23	0.1564130772
24	0.1271182649
25	0.1333494166
26	0.1541956484
27	0.1430557897
28	0.0537024639
29	0.1075949022
30	0.0611574970
31	0.0670357219
32	0.0675999987
33	0.2008067230
34	0.1960127831
35	0.1974686945
36	0.2481768427
37	0.2517052311
38	0.2114325255
39	0.1951341511
40	0.0468847521
41	0.0490914876
42	0.1118161153
43	0.0814978598
44	0.0600064684
45	0.1266025397
46	0.0915547395
47	0.0879015549
48	0.0814415693
49	0.0825218369
50	0.0900423695
51	0.0585018074
52	0.0781951785
53	0.1394460887
54	0.1450820236
55	0.0649137290
56	0.0761640291
57	0.1402502341
58	0.1656664985
59	0.2247706916
60	0.1965808121
61	0.1965808121
62	0.2226990594
63	0.2279250837
64	0.2002608666
65	0.0760642868
66	0.0901981107
67	0.0901981107
68	0.0943668334
69	0.0943668334
70	0.1366912820
71	0.1342244076
72	0.1261840639
73	0.1267151170
74	0.1267151170
75	0.0965067945
76	0.0971008021
77	0.1055919747
78	0.1128552438
79	0.0986285806
80	0.1223080456
81	0.1312814166
82	0.1259991555
83	0.1259991555
84	0.1252863907
85	0.1225736643
86	0.1273868920
87	0.1214856733
88	0.1256070827
89	0.1358656566
90	0.1398218906
91	0.1042831849
92	0.1014107108
93	0.0974982177
94	0.1016256174
95	0.1006932039
96	0.1007697418
97	0.0972937583
98	0.0972468014
99	0.1107167203
100	0.1132989422
101	0.1132989422
102	0.1132989422
103	0.1237522666
104	0.1264087426
105	0.1277115531
106	0.1272544873
107	0.1273049474
108	0.1250700704
109	0.1250700704
110	0.1250700704
111	0.1250700704
112	0.1545925059
113	0.1545925059
114	0.1545925059
115	0.1510446387
116	0.1598279619
117	0.1598279619
118	0.1561423528
119	0.1563386778
120	0.1563386778
121	0.1494693823
122	0.1494693823
123	0.1558583921
124	0.1540201902
125	0.1507844506
126	0.1507844506
127	0.1531872872
128	0.1520403952
129	0.1499115113
130	0.1499115113
131	0.1556002832
132	0.1586808731
133	0.1586808731
134	0.1586808731
135	0.1586808731
136	0.1545761968
137	0.1552506873
138	0.1552506873
139	0.1552506873
140	0.1552506873
141	0.1552506873
142	0.1524979919
143	0.1715124997
144	0.1715124997
145	0.1715124997
146	0.1682856197
147	0.1683838022
148	0.1682686341
149	0.1652699426
150	0.1653076160
151	0.1625294377
152	0.1625294377
153	0.1595994832
154	0.1712578634
155	0.1712578634
156	0.1712578634
157	0.1712578634
158	0.1711608029
159	0.1711608029
160	0.1711608029
161	0.1717735980
162	0.1719550751
163	0.1746641712
164	0.1746641712
165	0.1746641712
166	0.1703867640
167	0.1703781509
168	0.1703781509
169	0.1703781509
170	0.1673366605
171	0.1633622637
172	0.1607323362
173	0.1659885484
174	0.1749200690
175	0.1749200690
176	0.1749200690
177	0.1715673083
178	0.1684823348
179	0.1684823348
180	0.1724061416
181	0.1724061416
182	0.1724061416
183	0.1724061416
184	0.1655957103
185	0.1627998579
186	0.1628272240
187	0.1627791744
188	0.1598948355
189	0.1598948355
190	0.1598948355
191	0.1598948355
192	0.1598948355
193	0.1628791610
194	0.1628791610
195	0.1597428580
196	0.1597428580
197	0.1597428580
198	0.1597697883
199	0.1600331082
200	0.1599657783
201	0.1598469189
202	0.1603154303
203	0.1603154303
204	0.1603154303
205	0.1603154303
206	0.1602200093
207	0.1575919737
208	0.1575919737
209	0.1575919737
210	0.1575919737
211	0.1575919737
212	0.1630853053
213	0.1660765888
214	0.1684589043
215	0.1709669728
216	0.1679008220
217	0.1679008220
218	0.1679008220
219	0.1679008220
220	0.1679008220
221	0.1651156177
222	0.1619500434
223	0.1630970503
224	0.1707417157
225	0.1668322519
226	0.1339858420
227	0.1314596255
228	0.1314596255
229	0.1314596255
230	0.1380998348
231	0.1380998348
232	0.1382200539
233	0.1382200539
234	0.1384611316
235	0.1384611316
236	0.1384611316
237	0.1436046326
238	0.1436046326
239	0.1455394575
240	0.1457734098
241	0.1457734098
242	0.1457734098
243	0.1457734098
244	0.1433703882
245	0.1433703882
246	0.1433703882
247	0.1433703882
248	0.1423247173
249	0.1423247173
250	0.1423247173
