1	0.1329000333
2	0.1424848288
3	0.0903502144
4	0.1069853908
5	0.0973212902
6	0.1190713622
7	0.1430391057
8	0.1348663827
9	0.1040193642
10	0.0986277231
11	0.1891832993
12	0.1953382487
13	0.1592315593
14	0.0513862390
15	0.0549387409
16	0.1236520218
17	0.0818025834
18	0.0934944001
19	0.3005664844
20	0.1402218679
21	0.1546509335
22	0.2094896600
23	0.1075935271
24	0.1417534412
25	0.0915020715
26	0.0926725266
27	0.0788116551
28	0.0800233615
29	0.0876529292
30	0.0733304291
31	0.0695376319
32	0.0958996277
33	0.0750225913
34	0.0944257274
35	0.1000498394
36	0.0915519144
37	0.0704989567
38	0.0715698636
39	0.0725193942
40	0.1183197830
41	0.1632859060
42	0.1324238705
43	0.0725312982
44	0.0592580849
45	0.0560283468
46	0.0380881388
47	0.0617012612
48	0.0316121550
49	0.0390604542
50	0.1677401347
51	0.1668828938
52	0.1697231224
53	0.1689215912
54	0.1654440731
55	0.0778323964
56	0.1327267123
57	0.1377331354
58	0.1442678070
59	0.1362994489
60	0.1559687497
61	0.0996754980
62	0.0951922821
63	0.1135233207
64	0.0721023642
65	0.0739389544
66	0.0766201097
67	0.0749035579
68	0.0723771766
69	0.0724504751
70	0.0730978520
71	0.0731230409
72	0.0754883450
73	0.0737771991
74	0.0755305123
75	0.0779888729
76	0.0749025453
77	0.1903427790
78	0.1896130162
79	0.0921873421
80	0.0913478706
81	0.0913478706
82	0.0802089642
83	0.0848832510
84	0.0830366665
85	0.0820378396
86	0.0796535333
87	0.0795097007
88	0.0788550540
89	0.0587201161
90	0.0591778498
91	0.0591778498
92	0.0676164511
93	0.0678712106
94	0.0667278397
95	0.0652845373
96	0.0646326424
97	0.0659608544
98	0.0647090163
99	0.0647090163
100	0.0713549293
101	0.0717220675
102	0.0708595983
103	0.0724515182
104	0.0735514935
105	0.0770403924
106	0.0776991501
107	0.0776991501
108	0.1130688752
109	0.1114279616
110	0.1038729001
111	0.1039167340
112	0.1022724093
113	0.1058320819
114	0.1072492357
115	0.1026325812
116	0.1033168990
117	0.1013806983
118	0.0998627613
119	0.0953763041
120	0.1011230744
121	0.1026475861
122	0.1013104155
123	0.1026352335
124	0.1162649736
125	0.1162649736
126	0.1651517697
127	0.1651428952
128	0.1638113389
129	0.1638113389
130	0.1605800650
131	0.1552496488
132	0.1552496488
133	0.1552496488
134	0.1458995741
135	0.1459216818
136	0.1398558905
137	0.1398558905
138	0.1399185595
139	0.1471888487
140	0.1471888487
141	0.1471888487
142	0.1470105405
143	0.1464634334
144	0.1464634334
145	0.1464634334
146	0.1445662170
147	0.1445662170
148	0.1424069238
149	0.1681190062
150	0.1651902278
151	0.1552778138
152	0.1579210563
153	0.1579210563
154	0.1589089068
155	0.1589089068
156	0.1589089068
157	0.1561281157
158	0.1561281157
159	0.1529635659
160	0.1531027460
161	0.1531027460
162	0.1531027460
163	0.1531027460
164	0.1531027460
165	0.1531027460
166	0.1531027460
167	0.1501930676
168	0.1501930676
169	0.1501930676
170	0.1501930676
171	0.1330559918
172	0.1308505471
173	0.1308505471
174	0.1308505471
175	0.1383931891
176	0.1405577549
177	0.1405577549
178	0.1429369979
179	0.1428918104
180	0.1454991228
181	0.1454991228
182	0.1454991228
183	0.1427106327
184	0.1462010364
185	0.1435810023
186	0.1435810023
187	0.1406909029
188	0.1448189402
189	0.1448189402
190	0.1416358098
191	0.1416358098
192	0.1437625982
193	0.1436440364
194	0.1472077028
195	0.1472513638
196	0.1309644359
197	0.1333030350
198	0.1315266159
199	0.1314520332
200	0.1314520332
201	0.1317075133
202	0.1611451797
203	0.1611451797
204	0.1572877352
205	0.1568952204
206	0.1544503132
207	0.1544503132
208	0.1545123666
209	0.1545123666
210	0.1468515343
211	0.1443818853
212	0.1445137830
213	0.1615585376
214	0.1362517306
215	0.1362661896
216	0.1362661896
217	0.1362661896
218	0.1339205960
219	0.1391008737
220	0.1376689653
221	0.1400510947
222	0.1285822612
223	0.1285822612
224	0.1268363223
225	0.1268363223
226	0.1268363223
227	0.1269278091
228	0.1283246213
229	0.1283246213
230	0.1265150325
231	0.1265150325
232	0.1265150325
233	0.1285829059
234	0.1266176219
235	0.1266176219
236	0.1266176219
237	0.1291412042
238	0.1291412042
239	0.1264727033
240	0.1264727033
241	0.1264727033
242	0.1444323610
243	0.1446085695
244	0.1415978618
245	0.0913789837
246	0.1369167754
247	0.1379284248
248	0.0970514385
249	0.0961532172
250	0.0901725382
