1	0.3474193038
2	0.1363195867
3	0.0964747070
4	0.0688825685
5	0.0438942455
6	0.0323247049
7	0.0361271948
8	0.0774896279
9	0.0725930205
10	0.0423805595
11	0.0755659983
12	0.1010993258
13	0.0987049567
14	0.1033333987
15	0.0609018664
16	0.0483445688
17	0.1037081747
18	0.0932571905
19	0.1076010588
20	0.0809892685
21	0.0893416637
22	0.0969677896
23	0.1744664733
24	0.0353321641
25	0.0398950197
26	0.1322936672
27	0.0459776743
28	0.1672286594
29	0.0410284128
30	0.1379342386
31	0.0410194282
32	0.0445898904
33	0.0426721202
34	0.0437750994
35	0.0437387498
36	0.0438026434
37	0.0581941005
38	0.1085059688
39	0.0891001833
40	0.0796746856
41	0.0303028194
42	0.0490808959
43	0.0488718386
44	0.0481771102
45	0.0352078692
46	0.0407103686
47	0.0937280193
48	0.0930149454
49	0.1061410379
50	0.0848977820
51	0.0813271008
52	0.0824706749
53	0.0971767356
54	0.0885147195
55	0.0891338015
56	0.0842700945
57	0.0894447968
58	0.0893982410
59	0.0909511878
60	0.1049158633
61	0.1001536336
62	0.0983748702
63	0.0974726950
64	0.1036494392
65	0.1012247406
66	0.1018870444
67	0.0988030974
68	0.0984568148
69	0.0993315278
70	0.1142279140
71	0.1105542122
72	0.0882397431
73	0.0970339180
74	0.1031525182
75	0.1121954918
76	0.1109560828
77	0.1138619000
78	0.0960982051
79	0.1625067782
80	0.1084045576
81	0.0964075659
82	0.1114471589
83	0.0978235852
84	0.2210390064
85	0.1270455085
86	0.0372063707
87	0.0387180618
88	0.0419419883
89	0.0399264189
90	0.0240437080
91	0.0261491613
92	0.0264816537
93	0.0219396929
94	0.0268460306
95	0.0443515112
96	0.0248529193
97	0.0256729951
98	0.0243514460
99	0.0302007395
100	0.0276235653
101	0.0233439526
102	0.0243484241
103	0.0243386545
104	0.0261957933
105	0.0234539187
106	0.0367550553
107	0.0374568546
108	0.0447695847
109	0.0396998889
110	0.0529425005
111	0.0566065681
112	0.0512619382
113	0.0598531916
114	0.0404303037
115	0.0461702394
116	0.0421220982
117	0.0451229591
118	0.0482526019
119	0.0429372512
120	0.0425550445
121	0.0583531602
122	0.0569316796
123	0.0654596101
124	0.0637204902
125	0.0673676097
126	0.0687405618
127	0.0644837079
128	0.0545467259
129	0.0600752769
130	0.0602981518
131	0.0600961995
132	0.0606646075
133	0.0603941045
134	0.0583165660
135	0.0564960239
136	0.0941345655
137	0.0941345655
138	0.0932976709
139	0.0570151468
140	0.0603435456
141	0.0610748379
142	0.0622455599
143	0.0659127188
144	0.0560879788
145	0.0564020485
146	0.0552251863
147	0.0570567302
148	0.0564500062
149	0.0551083452
150	0.0538064494
151	0.0536632615
152	0.0530878481
153	0.0504071687
154	0.0493498127
155	0.0493498127
156	0.0491071215
157	0.0508935029
158	0.0514193900
159	0.0516559340
160	0.0503262842
161	0.0492120193
162	0.0500658949
163	0.0504360712
164	0.0489375073
165	0.0530941187
166	0.0474392812
167	0.0484154846
168	0.0477674558
169	0.0477132147
170	0.0485894629
171	0.0560387813
172	0.0560786118
173	0.0490634016
174	0.0487324208
175	0.0467020586
176	0.0486135735
177	0.0486135735
178	0.0495195511
179	0.0496816880
180	0.0498640269
181	0.0498640269
182	0.0496264046
183	0.0484635202
184	0.0471618709
185	0.0471887508
186	0.0469917440
187	0.0468322261
188	0.0468322261
189	0.0468322261
190	0.0462460138
191	0.0467274576
192	0.0455808354
193	0.0454661202
194	0.0461345862
195	0.0444054978
196	0.0444054978
197	0.0444054978
198	0.0443311613
199	0.0443311613
200	0.0437540199
201	0.0444391816
202	0.0462361865
203	0.0438709639
204	0.0449238299
205	0.0540429456
206	0.0540429456
207	0.0576455529
208	0.0508205509
209	0.0428731640
210	0.0428731640
211	0.0419321491
212	0.0448083472
213	0.0448716056
214	0.0422275096
215	0.0425558070
216	0.0425558070
217	0.0430472262
218	0.0429617556
219	0.0443470351
220	0.0443445734
221	0.0497075917
222	0.0497075917
223	0.0423069717
224	0.0423069717
225	0.0444530130
226	0.0435554483
227	0.0459991773
228	0.0433156278
229	0.0438141409
230	0.0463086203
231	0.0464319476
232	0.0465990468
233	0.0465260663
234	0.0465260663
235	0.0433566964
236	0.0425953003
237	0.0435701579
238	0.0452843702
239	0.0437643314
240	0.0431996151
241	0.0446272707
242	0.0446272707
243	0.0470351244
244	0.0440843493
245	0.0512190003
246	0.0560223634
247	0.0560223634
248	0.0560223634
249	0.0560223634
250	0.0548787380
