1	0.1701670826
2	0.1641877916
3	0.2330931161
4	0.2944292418
5	0.2632041743
6	0.2414971640
7	0.1402228792
8	0.2074567158
9	0.0848580622
10	0.1296350948
11	0.0851551652
12	0.0746950994
13	0.0717696904
14	0.0277141403
15	0.0712562318
16	0.1098227152
17	0.1063547240
18	0.0363806182
19	0.1347066622
20	0.0464803861
21	0.0278096541
22	0.0437711613
23	0.0685527066
24	0.0845810548
25	0.0864513343
26	0.0592126503
27	0.0619405554
28	0.0936890850
29	0.0719523259
30	0.0762697766
31	0.0657538512
32	0.0656867702
33	0.0879471238
34	0.0624981162
35	0.0626798623
36	0.0586775465
37	0.0860186806
38	0.0779600622
39	0.0768397460
40	0.0603954157
41	0.0695288901
42	0.0761421846
43	0.0737473981
44	0.0678113504
45	0.0653008101
46	0.0755713021
47	0.0693300451
48	0.0643180360
49	0.0641287518
50	0.0648427838
51	0.0651421731
52	0.0646441004
53	0.0640686611
54	0.0657104263
55	0.0643578696
56	0.0597967682
57	0.0242788580
58	0.0246724468
59	0.0244595354
60	0.0582727177
61	0.0587441339
62	0.0587712036
63	0.0652206883
64	0.0347917138
65	0.0331706699
66	0.0226430601
67	0.0188867915
68	0.0174635611
69	0.0155681161
70	0.0197934059
71	0.0202884456
72	0.0165347503
73	0.0147044450
74	0.0423570595
75	0.0432275660
76	0.0448100879
77	0.0483192110
78	0.0367539820
79	0.0399414905
80	0.0398369614
81	0.0391689143
82	0.0398999486
83	0.0446722255
84	0.0314120052
85	0.0163128257
86	0.0163128257
87	0.0167485581
88	0.0199516772
89	0.0254503437
90	0.0219595940
91	0.0331899096
92	0.0329492535
93	0.0329492535
94	0.0329492535
95	0.0340298224
96	0.0335242278
97	0.0334242783
98	0.0326067620
99	0.0309337775
100	0.0279770893
101	0.0279770893
102	0.0292948075
103	0.0354553211
104	0.0425100452
105	0.0425100452
106	0.0315877513
107	0.0287505745
108	0.0231625172
109	0.0368052417
110	0.0572109744
111	0.0575383324
112	0.0520611000
113	0.0468759036
114	0.0421183270
115	0.0341859386
116	0.0349499798
117	0.0350672374
118	0.0340538349
119	0.0267092719
120	0.0267092719
121	0.0267092719
122	0.0267092719
123	0.0267092719
124	0.0256943914
125	0.0254185421
126	0.0255525202
127	0.0289885726
128	0.0288191269
129	0.0275232148
130	0.0281609480
131	0.0281609480
132	0.0273293963
133	0.0268772511
134	0.0295346994
135	0.0269818738
136	0.0294602129
137	0.0414865870
138	0.0414865870
139	0.0405512087
140	0.0417459385
141	0.0417459385
142	0.0417459385
143	0.0399923859
144	0.0330934083
145	0.0334683790
146	0.0336257953
147	0.0283239301
148	0.0283239301
149	0.0291588799
150	0.0857764974
151	0.0870972339
152	0.0875472122
153	0.0934966048
154	0.0934966048
155	0.0967198071
156	0.0898596556
157	0.0882081410
158	0.0872094798
159	0.0868300998
160	0.0851222166
161	0.0851922496
162	0.0851922496
163	0.0837261229
164	0.0837261229
165	0.0851922496
166	0.0851922496
167	0.0852343354
168	0.0843661645
169	0.0824092330
170	0.0817954437
171	0.0817583828
172	0.0830717597
173	0.0818416848
174	0.0845958799
175	0.0845958799
176	0.0845958799
177	0.0845958799
178	0.0844213486
179	0.0845109180
180	0.0841509363
181	0.0825880132
182	0.0813990720
183	0.0819297959
184	0.0819297959
185	0.0819297959
186	0.0824674864
187	0.0850776325
188	0.0850446040
189	0.0850446040
190	0.0850446040
191	0.0823922887
192	0.1054268852
193	0.1055021257
194	0.1034100900
195	0.1040891221
196	0.1040891221
197	0.1044898194
198	0.1030672270
199	0.1030672270
200	0.1026603224
201	0.1060057910
202	0.1060057910
203	0.1042855971
204	0.1044480539
205	0.1044260117
206	0.1060674287
207	0.1058785379
208	0.1058785379
209	0.1058785379
210	0.1055854166
211	0.1038930276
212	0.1056436841
213	0.1056407808
214	0.1056407808
215	0.1081096082
216	0.1081096082
217	0.1082809829
218	0.1082809829
219	0.1079619578
220	0.1079619578
221	0.1094131685
222	0.1094131685
223	0.1094131685
224	0.1094131685
225	0.1094131685
226	0.1075222190
227	0.1060174532
228	0.1039077824
229	0.1022912615
230	0.1022912615
231	0.1022912615
232	0.1023933119
233	0.1023933119
234	0.1025519435
235	0.1025519435
236	0.1025519435
237	0.1025519435
238	0.1025296884
239	0.1040141025
240	0.1040141025
241	0.1071805662
242	0.1058101164
243	0.1058101164
244	0.1058101164
245	0.1057982629
246	0.1057982629
247	0.1058041747
248	0.1058041747
249	0.1058041747
250	0.1058041747
