1	0.2553714053
2	0.1681272605
3	0.0626051366
4	0.0675111763
5	0.0733610272
6	0.0595876008
7	0.0893513449
8	0.0907512124
9	0.1401331052
10	0.2142074712
11	0.0920670868
12	0.0799260356
13	0.0555895888
14	0.0426184804
15	0.0596297025
16	0.0556841126
17	0.0518664358
18	0.0645646068
19	0.2869015038
20	0.2603609880
21	0.2436377881
22	0.2356102783
23	0.2716627152
24	0.2568442812
25	0.2795903116
26	0.3291481983
27	0.2962741218
28	0.2778467083
29	0.2934788643
30	0.3835281619
31	0.4065910377
32	0.3968215617
33	0.2485431980
34	0.1496883441
35	0.0838226922
36	0.1567121663
37	0.1595490081
38	0.1066492701
39	0.1103749174
40	0.1080483869
41	0.0740477546
42	0.0738983653
43	0.1267055419
44	0.1231688297
45	0.0840386861
46	0.0803704098
47	0.0821865709
48	0.0812366230
49	0.1254810014
50	0.0757016402
51	0.0757270479
52	0.0690200838
53	0.0709038270
54	0.0693032797
55	0.0796957994
56	0.1321444696
57	0.1346329078
58	0.2315077793
59	0.0596765837
60	0.0393235505
61	0.0353353087
62	0.0459213913
63	0.0495688966
64	0.0564016979
65	0.0567193072
66	0.0513857823
67	0.0545728638
68	0.0547371169
69	0.0537916800
70	0.0598578661
71	0.0544447091
72	0.1119909896
73	0.1105162622
74	0.0797911638
75	0.0824618103
76	0.0835448333
77	0.0802142631
78	0.0593514966
79	0.0908963106
80	0.0783202874
81	0.0745204061
82	0.0751176999
83	0.0862304866
84	0.0752756981
85	0.0819315410
86	0.1018084865
87	0.1131155822
88	0.1156031104
89	0.1190266456
90	0.0726145881
91	0.0701850097
92	0.0682331742
93	0.0695084469
94	0.0751199235
95	0.0764634134
96	0.0762955110
97	0.0795608299
98	0.0940018566
99	0.0882433207
100	0.0928921780
101	0.0922924213
102	0.0922294422
103	0.0870033229
104	0.0870035206
105	0.1053268715
106	0.1054397275
107	0.0837235398
108	0.0952218100
109	0.0946723649
110	0.1038783087
111	0.0995750932
112	0.0945033999
113	0.1085633656
114	0.1047992592
115	0.1016381722
116	0.1114579955
117	0.1175371947
118	0.1175453478
119	0.1103274838
120	0.1178437769
121	0.1187632521
122	0.1123251686
123	0.1138718139
124	0.1116722641
125	0.1179190230
126	0.1159174620
127	0.1188397566
128	0.1226476357
129	0.1296772644
130	0.1270938051
131	0.1282406013
132	0.1282406013
133	0.1282727156
134	0.1308875601
135	0.1308875601
136	0.1261391948
137	0.1235647214
138	0.1197061980
139	0.1217608672
140	0.1288342094
141	0.1370446155
142	0.1342274002
143	0.1317808174
144	0.1295500435
145	0.1298410647
146	0.1302266739
147	0.1303973744
148	0.1374150654
149	0.1374502083
150	0.1374502083
151	0.1341174807
152	0.1342363915
153	0.1348720226
154	0.1322611687
155	0.1322611687
156	0.1439547741
157	0.1369776142
158	0.1336835882
159	0.1316645527
160	0.1293887398
161	0.1289413573
162	0.0444447154
163	0.0466251627
164	0.0500118077
165	0.0491936306
166	0.0481666849
167	0.0480531596
168	0.0484973759
169	0.0470506618
170	0.0461879362
171	0.0457006467
172	0.0457006467
173	0.0456308189
174	0.0457406617
175	0.0367949520
176	0.0367949520
177	0.0358352038
178	0.0346483223
179	0.0347965889
180	0.0326110828
181	0.0326671089
182	0.0323598666
183	0.0323598666
184	0.0313627345
185	0.0326524104
186	0.0339560382
187	0.0342425738
188	0.0348310334
189	0.0351857440
190	0.0351026144
191	0.0364887387
192	0.0365049026
193	0.0347219142
194	0.0357401332
195	0.0359505279
196	0.0363937325
197	0.0361583115
198	0.0357076960
199	0.0357076960
200	0.0365362275
201	0.0365849045
202	0.0343543083
203	0.0330681935
204	0.0320793614
205	0.0320793614
206	0.0339897955
207	0.0339897955
208	0.0333608936
209	0.0346785857
210	0.0339909636
211	0.0357818236
212	0.0341362511
213	0.0341362511
214	0.0339633583
215	0.0407600613
216	0.0342377806
217	0.0478523589
218	0.0487268537
219	0.0477988742
220	0.0420596452
221	0.0338725797
222	0.0335654747
223	0.0335606342
224	0.0335606342
225	0.0335396133
226	0.0326465087
227	0.0322258521
228	0.0355568054
229	0.0360513431
230	0.0330090283
231	0.0330090283
232	0.0330046397
233	0.0329311013
234	0.0325609988
235	0.0327017349
236	0.0327017349
237	0.0327017349
238	0.0326224012
239	0.0322767953
240	0.0322767953
241	0.0323050070
242	0.0438016886
243	0.0337178388
244	0.0341180416
245	0.0347098030
246	0.0339923611
247	0.0449558596
248	0.0451184530
249	0.0318096888
250	0.0302407616
