1	0.1371008015
2	0.1120559386
3	0.1126349592
4	0.1358021909
5	0.1253340427
6	0.1742231440
7	0.1570247957
8	0.1742567627
9	0.1650111721
10	0.1466536469
11	0.1343104429
12	0.1446529905
13	0.0818884065
14	0.0833754634
15	0.0782031040
16	0.0717236233
17	0.0604003249
18	0.1357320235
19	0.0854065710
20	0.0798386758
21	0.1042717498
22	0.1291298949
23	0.0838259613
24	0.1309263844
25	0.1274717259
26	0.1475063238
27	0.0929487037
28	0.0744531345
29	0.0567634856
30	0.0782494510
31	0.0907064797
32	0.0963431420
33	0.0814191056
34	0.1195741173
35	0.1147977364
36	0.1090879935
37	0.1085966260
38	0.0871574053
39	0.1016049882
40	0.0701294265
41	0.0681981758
42	0.0684891956
43	0.0757191833
44	0.0693844239
45	0.1959735342
46	0.0493302273
47	0.0389816513
48	0.0466477600
49	0.0311314806
50	0.0347687728
51	0.0321409271
52	0.0323103428
53	0.0314054708
54	0.0386919264
55	0.0276099683
56	0.0445613969
57	0.0498976492
58	0.0495029157
59	0.0911455709
60	0.0838711190
61	0.0402011138
62	0.0581339569
63	0.0574083091
64	0.0517448790
65	0.0588306738
66	0.0605420674
67	0.0559594042
68	0.0526889868
69	0.0479987541
70	0.0597975548
71	0.0507962584
72	0.0473761451
73	0.0492167919
74	0.0478796417
75	0.0442599382
76	0.0459279462
77	0.0453746438
78	0.0457774074
79	0.0458188212
80	0.0438042129
81	0.0433675448
82	0.0425066027
83	0.0406397196
84	0.0400365335
85	0.0439483245
86	0.0427688775
87	0.0424477128
88	0.0432057846
89	0.0407563853
90	0.0404903018
91	0.0371645590
92	0.0363314809
93	0.0397568280
94	0.0396593248
95	0.0384999678
96	0.0375993437
97	0.0404962998
98	0.0378540412
99	0.0360810148
100	0.0363827104
101	0.0341691886
102	0.0340859671
103	0.0335724381
104	0.0330720928
105	0.0325844417
106	0.0327096905
107	0.0315528717
108	0.0322319966
109	0.0264821841
110	0.0267157563
111	0.0271773177
112	0.0250830293
113	0.0250830293
114	0.0267534591
115	0.0254089701
116	0.0253716084
117	0.0250034108
118	0.0266629777
119	0.0258878730
120	0.0272539501
121	0.0272716835
122	0.0263761034
123	0.0243199718
124	0.0243199718
125	0.0243199718
126	0.0237209662
127	0.0227371836
128	0.0220265607
129	0.0215034196
130	0.0238681248
131	0.0258400684
132	0.0257264295
133	0.0252160609
134	0.0252160609
135	0.0285458021
136	0.0271773668
137	0.0271773668
138	0.0245508214
139	0.0248217870
140	0.0246099839
141	0.0245988253
142	0.0248284852
143	0.0248284852
144	0.0256405966
145	0.0256405966
146	0.0284396681
147	0.0293705488
148	0.0263585090
149	0.0267213400
150	0.0342931944
151	0.0342644308
152	0.0339292912
153	0.0333611443
154	0.0351790554
155	0.0351790554
156	0.0352689761
157	0.0352689761
158	0.0352689761
159	0.0350633871
160	0.0336702160
161	0.0336702160
162	0.0336702160
163	0.0347028828
164	0.0347554617
165	0.0347554617
166	0.0341855930
167	0.0339473127
168	0.0339564316
169	0.0379358363
170	0.0373724846
171	0.0369144345
172	0.0380933154
173	0.0385941604
174	0.0385595297
175	0.0377716085
176	0.0377716085
177	0.0377716085
178	0.0377716085
179	0.0377716085
180	0.0376524712
181	0.0379307916
182	0.0380984970
183	0.0380984970
184	0.0380984970
185	0.0380984970
186	0.0370167068
187	0.0368863084
188	0.0381090598
189	0.0374035626
190	0.0373397736
191	0.0377831690
192	0.0392375813
193	0.0345782134
194	0.0338725180
195	0.0329544983
196	0.0329733095
197	0.0330249627
198	0.0330249627
199	0.0327765200
200	0.0325102231
201	0.0325102231
202	0.0306118046
203	0.0306118046
204	0.0303260467
205	0.0301590891
206	0.0300140018
207	0.0321753877
208	0.0321753877
209	0.0289606129
210	0.0199619281
211	0.0270944909
212	0.0230053451
213	0.0237804031
214	0.0233600464
215	0.0221721241
216	0.0221721241
217	0.0232762625
218	0.0242786412
219	0.0207796721
220	0.0219495108
221	0.0219495108
222	0.0216118736
223	0.0229966504
224	0.0242588351
225	0.0238729494
226	0.0238729494
227	0.0194754041
228	0.0203673039
229	0.0209290341
230	0.0209290341
231	0.0218498099
232	0.0278246256
233	0.0277850553
234	0.0213743203
235	0.0213743203
236	0.0219966381
237	0.0219966381
238	0.0229976216
239	0.0230724428
240	0.0230724428
241	0.0230724428
242	0.0215167030
243	0.0207414369
244	0.0207414369
245	0.0194602204
246	0.0194891392
247	0.0195540158
248	0.0192980844
249	0.0190744087
250	0.0190744087
