1	0.1461204793
2	0.0499630019
3	0.1459373186
4	0.0987007997
5	0.1152070589
6	0.0408270986
7	0.1535654155
8	0.1114263809
9	0.1161646471
10	0.0781320873
11	0.1181170227
12	0.0472628536
13	0.1370850674
14	0.1365982160
15	0.0911029730
16	0.0559751777
17	0.0924887972
18	0.1382188361
19	0.1572497196
20	0.1335424206
21	0.1095700619
22	0.1177020836
23	0.1432080592
24	0.0423138920
25	0.0408704829
26	0.0381804257
27	0.0530979725
28	0.1029881405
29	0.0778899540
30	0.0359306269
31	0.0412017413
32	0.1245872365
33	0.1496106445
34	0.1727789091
35	0.1916607882
36	0.2424948725
37	0.1939663639
38	0.1833087154
39	0.1591808409
40	0.1506666824
41	0.2159020556
42	0.2166406346
43	0.2244682090
44	0.2078805152
45	0.1946349905
46	0.2351923458
47	0.1754399327
48	0.1275560706
49	0.1375150517
50	0.2293670683
51	0.1362047350
52	0.1299806063
53	0.0843011133
54	0.0619299556
55	0.0611075430
56	0.0444941221
57	0.0844792797
58	0.0454363676
59	0.0596356795
60	0.0724862943
61	0.0756987218
62	0.0784520257
63	0.1933799007
64	0.1933799007
65	0.1929308904
66	0.1929308904
67	0.2004284752
68	0.2004284752
69	0.2023876148
70	0.2372095784
71	0.0727923505
72	0.0727923505
73	0.0714186390
74	0.0614250731
75	0.0614250731
76	0.1032496639
77	0.0992803519
78	0.0936903280
79	0.0936903280
80	0.0878647042
81	0.0855666611
82	0.0845913053
83	0.0845913053
84	0.0891405278
85	0.1222196366
86	0.1065952299
87	0.1066143622
88	0.1065354973
89	0.1714641411
90	0.1780576610
91	0.1693104268
92	0.1693104268
93	0.1718057502
94	0.1735032108
95	0.1674995739
96	0.1699183884
97	0.0856731974
98	0.0872874505
99	0.1079470820
100	0.0987733860
101	0.1098746522
102	0.1098746522
103	0.0761865269
104	0.0798222109
105	0.0830501974
106	0.1164203084
107	0.1171375718
108	0.1310587813
109	0.1230142527
110	0.2015382307
111	0.1970232627
112	0.3081781007
113	0.3062287547
114	0.2961083443
115	0.2961083443
116	0.3033378752
117	0.2110749460
118	0.2277519246
119	0.2124486868
120	0.2061867031
121	0.2061867031
122	0.2018500890
123	0.2115934873
124	0.2115934873
125	0.2211879325
126	0.2204180289
127	0.2132722098
128	0.2094607389
129	0.2145141443
130	0.2101066210
131	0.2280939155
132	0.2218599806
133	0.2218599806
134	0.2038383124
135	0.2038383124
136	0.1961357538
137	0.1742332330
138	0.1707224058
139	0.1775234725
140	0.1825355466
141	0.1825355466
142	0.1825355466
143	0.2012490627
144	0.1864007615
145	0.1976638591
146	0.1799463505
147	0.1843775197
148	0.1953041301
149	0.1914757288
150	0.1975591655
151	0.1975591655
152	0.1975591655
153	0.1975591655
154	0.1939022925
155	0.1939022925
156	0.1912747524
157	0.1912747524
158	0.1963606993
159	0.1963606993
160	0.2011694342
161	0.2099312335
162	0.1996868907
163	0.1996868907
164	0.1996868907
165	0.1996868907
166	0.1999345556
167	0.1999345556
168	0.1991419864
169	0.1991419864
170	0.1991419864
171	0.1991419864
172	0.2051542504
173	0.2051542504
174	0.2048698790
175	0.2048698790
176	0.2219262493
177	0.2432620003
178	0.2310324043
179	0.2310615235
180	0.2294649351
181	0.2617357889
182	0.2550583031
183	0.2493726954
184	0.2174253694
185	0.2132249076
186	0.2127796138
187	0.2127796138
188	0.2176367828
189	0.2176367828
190	0.2135038539
191	0.2135038539
192	0.2080691353
193	0.2083905392
194	0.2083905392
195	0.2081984456
196	0.2170935254
197	0.2170935254
198	0.2578773309
199	0.2633797815
200	0.1848168281
201	0.1900482939
202	0.1960183700
203	0.2051588805
204	0.2303969426
205	0.2121938732
206	0.2041055769
207	0.2045368914
208	0.2121712456
209	0.2121712456
210	0.2210110264
211	0.2094428890
212	0.2094428890
213	0.2101226825
214	0.2033386335
215	0.2033386335
216	0.2033386335
217	0.1981272500
218	0.1981272500
219	0.1981272500
220	0.2037319546
221	0.2115742560
222	0.2050752391
223	0.2060749840
224	0.2001282754
225	0.2001282754
226	0.2001282754
227	0.2001282754
228	0.1948417843
229	0.1948417843
230	0.1948417843
231	0.2175552001
232	0.2110568685
233	0.2110568685
234	0.1937744673
235	0.2046522465
236	0.1853014229
237	0.1853014229
238	0.1853014229
239	0.1853014229
240	0.2217905590
241	0.2162167972
242	0.2167671332
243	0.2111744364
244	0.2062869639
245	0.2106448284
246	0.1856971663
247	0.1942332197
248	0.1885931222
249	0.1893022249
250	0.1893022249
