1	0.1558572811
2	0.1476325521
3	0.1035144205
4	0.1313032832
5	0.0835543720
6	0.0722249228
7	0.0437018673
8	0.0655060639
9	0.0720249984
10	0.0733784451
11	0.1895950192
12	0.1864020532
13	0.2499362016
14	0.1783803343
15	0.1690728045
16	0.1312053130
17	0.0877108524
18	0.1014490406
19	0.1453708833
20	0.1353948659
21	0.1445983889
22	0.0926720988
23	0.1190839703
24	0.1074138815
25	0.0569115302
26	0.0561179317
27	0.1320707065
28	0.1645058990
29	0.1899151315
30	0.1786574268
31	0.2449176635
32	0.2297179895
33	0.2476359000
34	0.2572059134
35	0.2261889224
36	0.2206534702
37	0.2180637722
38	0.2199736303
39	0.2345925898
40	0.2338647275
41	0.1117943959
42	0.1180347824
43	0.1957615435
44	0.2473510476
45	0.2184976047
46	0.2189902928
47	0.2220557652
48	0.2242402688
49	0.2169769119
50	0.2117920325
51	0.2117920325
52	0.2118233397
53	0.2086264952
54	0.2261205147
55	0.2238813928
56	0.2206434382
57	0.2252645646
58	0.2144060866
59	0.2036305385
60	0.2123453870
61	0.2073006410
62	0.2174695615
63	0.2132003762
64	0.2091134273
65	0.2091134273
66	0.2133104565
67	0.2151681898
68	0.2075193757
69	0.1971617806
70	0.2031929208
71	0.1965795440
72	0.2363455288
73	0.2293773369
74	0.2293773369
75	0.2297653784
76	0.2420241152
77	0.2455940330
78	0.1947476725
79	0.1947476725
80	0.2011910627
81	0.2075547902
82	0.2075547902
83	0.2188980808
84	0.2126845387
85	0.2496777427
86	0.0805556358
87	0.0784633722
88	0.0760896702
89	0.0588553711
90	0.0677836774
91	0.2402809288
92	0.2401083071
93	0.2212234074
94	0.2195856153
95	0.2250117230
96	0.2250117230
97	0.2462848029
98	0.2450130362
99	0.2359587906
100	0.2267159869
101	0.2331137181
102	0.2277088613
103	0.2226804191
104	0.2226804191
105	0.2217961736
106	0.2167062811
107	0.2233495430
108	0.2233495430
109	0.2173199380
110	0.2174096631
111	0.2170750639
112	0.2222520903
113	0.2222520903
114	0.2094415452
115	0.2150954656
116	0.2174464243
117	0.2171267495
118	0.2171267495
119	0.2266999445
120	0.2105344619
121	0.2106705216
122	0.2053722746
123	0.1997324330
124	0.1956890887
125	0.1943386855
126	0.1974422229
127	0.2069481957
128	0.2019033107
129	0.2019033107
130	0.1927740739
131	0.2171542336
132	0.2158692232
133	0.2112123822
134	0.2125603576
135	0.2243839027
136	0.2185751469
137	0.2104111052
138	0.2156105390
139	0.2156105390
140	0.2472428385
141	0.2441205600
142	0.2441205600
143	0.2441205600
144	0.2487221408
145	0.2519805383
146	0.2360344694
147	0.2360344694
148	0.2479093860
149	0.2264612407
150	0.2366885768
151	0.2366885768
152	0.2360112721
153	0.2351750995
154	0.2810155738
155	0.2896072428
156	0.2974916132
157	0.2845516350
158	0.2182895526
159	0.2262564361
160	0.2262564361
161	0.2947696955
162	0.2853050973
163	0.2853050973
164	0.2699895530
165	0.2699895530
166	0.2701160831
167	0.2769325182
168	0.2846367519
169	0.2926941829
170	0.2417950971
171	0.2240996227
172	0.2240996227
173	0.2240996227
174	0.2207084023
175	0.2131103302
176	0.2090053990
177	0.2090053990
178	0.2092041386
179	0.2047508889
180	0.2047508889
181	0.2047508889
182	0.1987876408
183	0.1964726872
184	0.1964726872
185	0.2030173122
186	0.2030173122
187	0.2013025638
188	0.1991898541
189	0.2073060039
190	0.2073060039
191	0.2073060039
192	0.1968084171
193	0.1978151760
194	0.1978151760
195	0.1978151760
196	0.2096926624
197	0.2096926624
198	0.1985988988
199	0.1985988988
200	0.2036169355
201	0.2036169355
202	0.2060828331
203	0.2060828331
204	0.2143694768
205	0.2162579693
206	0.2133376584
207	0.2133376584
208	0.2082260794
209	0.2082260794
210	0.1982207979
211	0.1982207979
212	0.1982207979
213	0.2327146991
214	0.2327146991
215	0.2327146991
216	0.2288768835
217	0.2037476480
218	0.2037841217
219	0.2037841217
220	0.1996087743
221	0.1953284389
222	0.1953284389
223	0.1946820807
224	0.2040070053
225	0.1983160446
226	0.1983160446
227	0.1983160446
228	0.1971009510
229	0.1971009510
230	0.1867097853
231	0.1816467625
232	0.1816467625
233	0.1781589910
234	0.1833325834
235	0.1779137926
236	0.1779137926
237	0.1846646487
238	0.1806986390
239	0.1806986390
240	0.1806986390
241	0.1806986390
242	0.1806986390
243	0.1987119837
244	0.1987119837
245	0.1991112480
246	0.1991112480
247	0.1991353877
248	0.2071480220
249	0.2071480220
250	0.2063820093
