1	0.4583333333
2	0.5000000000
3	0.1176470588
4	0.0882352941
5	0.1136363636
6	0.1509433962
7	0.0666666667
8	0.1060606061
9	0.0941176471
10	0.0795454545
11	0.0561797753
12	0.0638297872
13	0.0400000000
14	0.0854700855
15	0.0983606557
16	0.0944881890
17	0.1068702290
18	0.1044776119
19	0.0916030534
20	0.1015625000
21	0.1029411765
22	0.1259259259
23	0.1544117647
24	0.1560283688
25	0.1773049645
26	0.1875000000
27	0.1971830986
28	0.1597222222
29	0.1702127660
30	0.1678321678
31	0.1586206897
32	0.1496598639
33	0.1478873239
34	0.1506849315
35	0.1360544218
36	0.1266666667
37	0.1241830065
38	0.1290322581
39	0.1184210526
40	0.1233766234
41	0.1153846154
42	0.1329113924
43	0.1346153846
44	0.1217948718
45	0.1111111111
46	0.1202531646
47	0.1089743590
48	0.1153846154
49	0.1265822785
50	0.1320754717
