1	0.0370370370
2	0.0740740741
3	0.0652173913
4	0.0408163265
5	0.0638297872
6	0.0701754386
7	0.0597014925
8	0.0675675676
9	0.0625000000
10	0.0549450549
11	0.1067961165
12	0.0865384615
13	0.1132075472
14	0.1176470588
15	0.0510204082
16	0.0673076923
17	0.0818181818
18	0.0854700855
19	0.0840336134
20	0.0901639344
21	0.1300813008
22	0.1074380165
23	0.1181102362
24	0.1221374046
25	0.1212121212
26	0.1044776119
27	0.1021897810
28	0.1188811189
29	0.1258741259
30	0.1241379310
31	0.1103448276
32	0.1310344828
33	0.1180555556
34	0.1241379310
35	0.1292517007
36	0.1333333333
37	0.1224489796
38	0.1216216216
39	0.1133333333
40	0.1208053691
41	0.1258278146
42	0.1140939597
43	0.1208053691
44	0.1148648649
45	0.1081081081
46	0.1013513514
47	0.1081081081
48	0.1073825503
49	0.1140939597
50	0.1066666667
