1	0.1875000000
2	0.0333333333
3	0.1333333333
4	0.1714285714
5	0.0666666667
6	0.0526315789
7	0.0833333333
8	0.0666666667
9	0.0493827160
10	0.1136363636
11	0.0978260870
12	0.0645161290
13	0.0947368421
14	0.1595744681
15	0.1428571429
16	0.1559633028
17	0.1487603306
18	0.1583333333
19	0.1750000000
20	0.1774193548
21	0.1544715447
22	0.1370967742
23	0.1484375000
24	0.1472868217
25	0.1259842520
26	0.1406250000
27	0.1692307692
28	0.1818181818
29	0.1679389313
30	0.1428571429
31	0.1363636364
32	0.1374045802
33	0.1472868217
34	0.1240310078
35	0.1297709924
36	0.1297709924
37	0.1510791367
38	0.1736111111
39	0.1643835616
40	0.1564625850
41	0.1390728477
42	0.1307189542
43	0.1125827815
44	0.0993377483
45	0.0958904110
46	0.0927152318
47	0.1066666667
48	0.1266666667
49	0.1208053691
50	0.1081081081
