1	0.1515151515
2	0.0000000000
3	0.0000000000
4	0.0408163265
5	0.0208333333
6	0.0000000000
7	0.0000000000
8	0.0133333333
9	0.0113636364
10	0.0112359551
11	0.0206185567
12	0.0285714286
13	0.0183486239
14	0.0172413793
15	0.0423728814
16	0.0500000000
17	0.0793650794
18	0.0846153846
19	0.0833333333
20	0.0597014925
21	0.0729927007
22	0.0863309353
23	0.0942028986
24	0.1292517007
25	0.1048951049
26	0.1180555556
27	0.1319444444
28	0.1379310345
29	0.1506849315
30	0.1180555556
31	0.1103448276
32	0.0939597315
33	0.0684931507
34	0.0629370629
35	0.0699300699
36	0.0753424658
37	0.0833333333
38	0.0753424658
39	0.0952380952
40	0.1013513514
41	0.1184210526
42	0.1148648649
43	0.1013513514
44	0.1266666667
45	0.1266666667
46	0.1266666667
47	0.1200000000
48	0.1045751634
49	0.1032258065
50	0.1118421053
