1	0.1379310345
2	0.2692307692
3	0.1428571429
4	0.0263157895
5	0.0000000000
6	0.0392156863
7	0.0483870968
8	0.0657894737
9	0.0459770115
10	0.1250000000
11	0.1182795699
12	0.1290322581
13	0.1368421053
14	0.0792079208
15	0.0377358491
16	0.0630630631
17	0.0964912281
18	0.1370967742
19	0.1300813008
20	0.1280000000
21	0.1461538462
22	0.1153846154
23	0.1578947368
24	0.1590909091
25	0.1691176471
26	0.1366906475
27	0.1619718310
28	0.1643835616
29	0.1736111111
30	0.1506849315
31	0.1438356164
32	0.1292517007
33	0.1275167785
34	0.1208053691
35	0.1125827815
36	0.1133333333
37	0.1133333333
38	0.1232876712
39	0.1232876712
40	0.1224489796
41	0.1351351351
42	0.1523178808
43	0.1543624161
44	0.1066666667
45	0.1315789474
46	0.1275167785
47	0.1208053691
48	0.1073825503
49	0.1073825503
50	0.1125827815
