1	0.9950000000
2	1.0000000000
3	0.9932885906
4	1.0000000000
5	0.9580419580
6	0.9696969697
7	0.9191176471
8	0.8811188811
9	0.7810218978
10	0.7659574468
11	0.7295081967
12	0.6742424242
13	0.5984848485
14	0.5263157895
15	0.5118110236
16	0.5245901639
17	0.5135135135
18	0.4954128440
19	0.4159292035
20	0.3906250000
21	0.4094488189
22	0.4179104478
23	0.3776223776
24	0.4285714286
25	0.4429530201
26	0.4563758389
27	0.4415584416
28	0.4430379747
29	0.4250000000
30	0.3962264151
31	0.3896103896
32	0.4050632911
33	0.4099378882
34	0.4060606061
35	0.4137931034
36	0.3872832370
37	0.3939393939
38	0.4096385542
39	0.4082840237
40	0.4058823529
41	0.3785310734
42	0.3793103448
43	0.3779069767
44	0.4000000000
45	0.3832335329
46	0.3647058824
47	0.3614457831
48	0.3818181818
49	0.3772455090
50	0.3690476190
