1	0.9900000000
2	0.9939759036
3	0.9864864865
4	0.9788732394
5	0.9710144928
6	0.9761904762
7	0.9916666667
8	0.9758064516
9	0.9624060150
10	0.9147286822
11	0.8698630137
12	0.8296296296
13	0.7952755906
14	0.7829457364
15	0.7540983607
16	0.6779661017
17	0.6666666667
18	0.7089552239
19	0.6742424242
20	0.6771653543
21	0.6271186441
22	0.5794392523
23	0.5258620690
24	0.5000000000
25	0.4957264957
26	0.4715447154
27	0.4218750000
28	0.3795620438
29	0.3484848485
30	0.3424657534
31	0.3561643836
32	0.3750000000
33	0.3464052288
34	0.3333333333
35	0.3018867925
36	0.3081761006
37	0.3231707317
38	0.3413173653
39	0.3550295858
40	0.3352601156
41	0.3430232558
42	0.3508771930
43	0.3410404624
44	0.3063583815
45	0.3160919540
46	0.3103448276
47	0.2958579882
48	0.2947976879
49	0.3050847458
50	0.2764705882
