1	0.9950000000
2	0.9935897436
3	0.9927536232
4	0.9767441860
5	0.9689922481
6	0.9743589744
7	0.9489051095
8	0.9020979021
9	0.8602941176
10	0.8391608392
11	0.8250000000
12	0.8099173554
13	0.7894736842
14	0.7404580153
15	0.7398373984
16	0.7704918033
17	0.7394957983
18	0.7045454545
19	0.6923076923
20	0.7165354331
21	0.6774193548
22	0.6179775281
23	0.5833333333
24	0.5612244898
25	0.5263157895
26	0.5047619048
27	0.4918032787
28	0.4621212121
29	0.4388489209
30	0.4236111111
31	0.4459459459
32	0.4459459459
33	0.4350649351
34	0.4402515723
35	0.4683544304
36	0.4936708861
37	0.4937500000
38	0.4875000000
39	0.4539877301
40	0.4723926380
41	0.4451219512
42	0.4311377246
43	0.4285714286
44	0.3846153846
45	0.4000000000
46	0.3735632184
47	0.3863636364
48	0.3693181818
49	0.3390804598
50	0.3173652695
