1	0.9900000000
2	0.9691358025
3	0.8888888889
4	0.9219858156
5	0.8496240602
6	0.8796992481
7	0.8863636364
8	0.7985611511
9	0.7272727273
10	0.6524822695
11	0.5942028986
12	0.7058823529
13	0.6549295775
14	0.6197183099
15	0.5851851852
16	0.4710743802
17	0.4036697248
18	0.3362068966
19	0.3410852713
20	0.2575757576
21	0.2867647059
22	0.2827586207
23	0.2679738562
24	0.2434210526
25	0.2562500000
26	0.2787878788
27	0.2909090909
28	0.3053892216
29	0.3294117647
30	0.3292682927
31	0.3207547170
32	0.3024691358
33	0.2857142857
34	0.2666666667
35	0.2682926829
36	0.2424242424
37	0.2500000000
38	0.2500000000
39	0.2378048780
40	0.2248520710
41	0.2095808383
42	0.2134146341
43	0.2142857143
44	0.2024539877
45	0.1845238095
46	0.1904761905
47	0.2093023256
48	0.2202380952
49	0.2160493827
50	0.2168674699
