1	0.9900000000
2	0.9715909091
3	0.9875000000
4	0.9655172414
5	0.9055118110
6	0.8134328358
7	0.7823129252
8	0.7611940299
9	0.6814814815
10	0.7021276596
11	0.7218045113
12	0.6769230769
13	0.6033057851
14	0.5600000000
15	0.4769230769
16	0.4651162791
17	0.4137931034
18	0.4134615385
19	0.4122807018
20	0.3680000000
21	0.3692307692
22	0.3357142857
23	0.3150684932
24	0.2993197279
25	0.2847682119
26	0.2838709677
27	0.2658227848
28	0.2830188679
29	0.2721518987
30	0.2738095238
31	0.2807017544
32	0.2874251497
33	0.3045977011
34	0.2662721893
35	0.2721893491
36	0.2514970060
37	0.2574850299
38	0.2738095238
39	0.2690058480
40	0.2441860465
41	0.2514285714
42	0.2613636364
43	0.2543352601
44	0.2441860465
45	0.2439024390
46	0.2545454545
47	0.2710843373
48	0.2678571429
49	0.2738095238
50	0.2514970060
