1	86.2644447449
2	86.7413556600
3	86.8746444595
4	86.9221459603
5	86.9370634869
6	86.9450701022
7	86.9513848824
8	86.9530362703
9	86.9557928543
10	86.9584549848
11	86.9626965742
12	86.9640800594
13	86.9643898443
14	86.9666087130
15	87.2726835130
16	87.2514262735
17	87.3572139961
18	87.4106126982
19	87.5762953997
20	87.6831416799
21	87.7184413429
22	87.7281445538
23	87.7285708308
24	87.7287114124
25	87.7289136223
26	87.7290378673
27	87.7291200603
28	87.7291594442
29	87.7289130543
30	87.7292230658
31	87.7296443630
32	87.7309624777
33	87.7311043661
34	87.7311548461
35	87.7311921864
36	87.7313473236
37	87.7321832515
38	87.7428158810
39	87.7797195118
40	87.7797655912
41	87.7802465903
42	87.7803060580
43	87.7807055893
44	87.7807113502
45	87.7809014829
46	87.7832495188
47	87.7832506294
48	87.7834677698
49	87.7830910399
50	87.7840108650
