1	84.9727730389
2	85.0248461616
3	86.0205360428
4	86.6386539031
5	86.7230218064
6	86.7320590637
7	86.7407163690
8	86.7471536575
9	86.7819378472
10	86.7862788017
11	86.7908302090
12	86.7917933892
13	86.7942072003
14	86.8008823081
15	86.8015935601
16	86.8060710128
17	86.8127422398
18	86.8194914495
19	86.8201871187
20	86.8256356486
21	86.8339639023
22	86.8446412728
23	86.8449022686
24	86.8471069415
25	86.8473831762
26	86.8673026463
27	86.8678632202
28	86.8682273431
29	86.8704513459
30	86.8708374995
31	86.8710584850
32	86.8753122112
33	86.8835390751
34	86.8836585231
35	86.8837598125
36	86.8845058240
37	86.8846728380
38	86.8860923730
39	86.8885234646
40	86.8885504493
41	86.8885735429
42	86.8886695707
43	86.8887283971
44	86.8888236250
45	86.8888592729
46	86.8888910548
47	86.8933656865
48	86.8955903590
49	86.8955907352
50	86.8984900525
