1	82.8257432318
2	84.6205045126
3	85.0112774461
4	85.5444768417
5	86.0251219125
6	86.3665025625
7	86.3968764203
8	86.4969730205
9	86.5110429265
10	86.8542528377
11	86.8745500402
12	86.9108476188
13	86.9138417555
14	86.9149979567
15	86.9174564720
16	86.9204557501
17	86.9325190248
18	86.9350045022
19	86.9357981545
20	86.9374329896
21	86.9611474801
22	86.9622451181
23	86.9632183450
24	86.9651363015
25	86.9755628237
26	86.9761970639
27	87.0053935309
28	87.0086642558
29	87.0102076702
30	87.0104597086
31	87.0111352726
32	87.0115924032
33	87.0118330931
34	87.0122377690
35	87.0128010009
36	87.0131730118
37	87.0132968519
38	87.0136940591
39	87.0138751299
40	87.0140128515
41	87.0140823437
42	87.0141547802
43	87.0147660096
44	87.0150816985
45	87.0151745253
46	87.0158056465
47	87.0158847873
48	87.0164022817
49	87.0165090187
50	87.0262715880
