1	82.0901993939
2	84.8672510775
3	85.2026380754
4	86.4251221560
5	86.4930609027
6	86.6078331253
7	87.0700795100
8	87.1127627424
9	87.3124564169
10	87.3459638374
11	87.3784536419
12	87.4116270816
13	87.4205609784
14	87.4353664575
15	87.4387941493
16	87.4446866201
17	87.4531514581
18	87.6484821506
19	87.6512220895
20	87.6521022111
21	87.6580892542
22	87.6588692222
23	87.6620850654
24	87.6629608472
25	87.6637351974
26	87.6641859411
27	87.6649333487
28	87.6709001218
29	87.6716018975
30	87.6718445930
31	87.6721329929
32	87.6730328324
33	87.6731095686
34	87.6735937970
35	87.6736759484
36	87.6816641700
37	87.6823278157
38	87.6823962340
39	87.6826163177
40	87.6827055015
41	87.6832391668
42	87.6891219559
43	87.6893191245
44	87.6900022741
45	87.6903917674
46	87.6904626742
47	87.6904836723
48	87.6904795731
49	87.6908125250
50	87.6907899299
