1	83.6901532062
2	85.0027141481
3	85.2788306113
4	85.3469311314
5	85.5792561649
6	86.7017864604
7	87.1769761599
8	87.3728569711
9	87.4244465445
10	87.5315618967
11	87.5550261642
12	87.5673723083
13	87.5727500372
14	87.5815204433
15	87.5876735695
16	87.5929419464
17	87.5956647226
18	87.6006859017
19	87.6012645400
20	87.6471117681
21	87.6474670877
22	87.6494176331
23	87.6509339763
24	87.6518221854
25	87.6529720050
26	87.6534632010
27	87.6542028867
28	87.6542834058
29	87.6545044603
30	87.6555074899
31	87.6556234669
32	87.6557115240
33	87.6561474363
34	87.6564719901
35	87.6570179833
36	87.6573045429
37	87.6577071139
38	87.6578652421
39	87.6580652198
40	87.6586624984
41	87.6590757650
42	87.6594635287
43	87.6598094588
44	87.6600276620
45	87.6600556883
46	87.6601582158
47	87.6601657192
48	87.6602678900
49	87.6603129985
50	87.6605539973
