1	84.7399608457
2	86.2696099266
3	86.4837061742
4	86.7816048675
5	86.8014131627
6	86.8171614404
7	86.8299403791
8	86.8327152230
9	86.8821557631
10	86.8876136986
11	86.8949075207
12	86.9004804034
13	86.9068250955
14	86.9156502537
15	86.9171884642
16	86.9181008802
17	86.9194607380
18	86.9201690842
19	86.9206009701
20	86.9213841828
21	86.9225057406
22	86.9228847361
23	86.9232721961
24	86.9236305292
25	86.9238759380
26	86.9241607014
27	86.9243569454
28	86.9247193334
29	86.9247815436
30	86.9249133858
31	86.9250523983
32	86.9253016608
33	86.9254596020
34	86.9256064867
35	86.9257663175
36	86.9259317565
37	86.9260638989
38	86.9261280481
39	86.9261677917
40	86.9262599869
41	86.9262803684
42	86.9263047358
43	86.9263765135
44	86.9264524816
45	86.9265088111
46	86.9265922761
47	86.9265972003
48	86.9266355359
49	86.9268658332
50	86.9268841395
