1	85.4558210652
2	86.1068839824
3	86.2292059887
4	86.6644269760
5	87.0266346531
6	87.4011693409
7	87.5137589156
8	87.5875809091
9	87.7227332416
10	87.7274934909
11	87.7293801899
12	87.7455369436
13	87.7506459271
14	87.7546560715
15	87.7586789519
16	87.7599808207
17	87.7620234594
18	87.7654361648
19	87.7670085605
20	87.7677985305
21	87.7701854580
22	87.7711729760
23	87.7722649906
24	87.7733366207
25	87.7740246560
26	87.7754960036
27	87.7756166788
28	87.7756491225
29	87.7757071531
30	87.7758298913
31	87.7759248820
32	87.7759729074
33	87.7762775222
34	87.7762656598
35	87.7763364757
36	87.7776653640
37	87.7777050795
38	87.7778354972
39	87.7781425715
40	87.7782440836
41	87.7782886306
42	87.7787743865
43	87.7788511000
44	87.7825787734
45	87.7826045943
46	87.7832778919
47	87.7833983514
48	87.7834662234
49	87.7836895183
50	87.7842114437
