1	0.0658024551
2	0.0488546138
3	0.0656727395
4	0.0512511615
5	0.0586195759
6	0.0690229989
7	0.0653155963
8	0.0608017293
9	0.0555208551
10	0.0542722137
11	0.0498011837
12	0.0470092058
13	0.0456046546
14	0.0420254842
15	0.0126368768
16	0.0117695243
17	0.0089627137
18	0.0056041668
19	0.0052668166
20	0.0064423849
21	0.0063056505
22	0.0087628421
23	0.0089382947
24	0.0073245141
25	0.0073790789
26	0.0071173562
27	0.0089968768
28	0.0064671925
29	0.0078807818
30	0.0058498195
31	0.0059349022
32	0.0116491012
33	0.0150101852
34	0.0043635737
35	0.0056616037
36	0.0059040667
37	0.0050954683
38	0.0055732710
39	0.0103297797
40	0.0102777932
41	0.0104487542
42	0.0105361957
43	0.0078024033
44	0.0077136728
45	0.0076544573
46	0.0101835589
47	0.0089736099
48	0.0078999873
49	0.0139787097
50	0.0136884275
