1	0.1160066927
2	0.0562005498
3	0.0267083611
4	0.0241581402
5	0.0331252144
6	0.0335599995
7	0.0585597614
8	0.0659312956
9	0.0227526572
10	0.0143619082
11	0.0174269624
12	0.0133317855
13	0.0577268120
14	0.0117123436
15	0.0080726539
16	0.0082384350
17	0.0099653273
18	0.0181293437
19	0.0077549186
20	0.0091856030
21	0.0089874706
22	0.0553240741
23	0.0489373303
24	0.0491564879
25	0.0539085518
26	0.0384880988
27	0.0328209964
28	0.0327276533
29	0.0328485312
30	0.0321567683
31	0.0316480500
32	0.0319909495
33	0.0225273325
34	0.0228680914
35	0.0237799370
36	0.0236352898
37	0.0236563934
38	0.0235149572
39	0.0271219452
40	0.0354460358
41	0.0260391732
42	0.0338371673
43	0.0342034788
44	0.0342652281
45	0.0349594085
46	0.0348610116
47	0.0347624626
48	0.0344966854
49	0.0344791100
50	0.0494967229
