1	0.0688802234
2	0.0842466340
3	0.0404381084
4	0.0601210032
5	0.0202265776
6	0.0207928858
7	0.0521727131
8	0.0569673011
9	0.0283114247
10	0.0637066764
11	0.0619843475
12	0.0092740078
13	0.0092222361
14	0.0072340622
15	0.0067208183
16	0.0058281410
17	0.0149486626
18	0.0046520686
19	0.0058308391
20	0.0044181842
21	0.0067340926
22	0.0081110713
23	0.0091296811
24	0.0072461423
25	0.0069669350
26	0.0074374591
27	0.0091726088
28	0.0092594166
29	0.0074411069
30	0.0073089366
31	0.0129167427
32	0.0055036494
33	0.0056998307
34	0.0055863083
35	0.0054958672
36	0.0056812288
37	0.0046743680
38	0.0045965991
39	0.0064668788
40	0.0051107157
41	0.0050246958
42	0.0045942172
43	0.0044278854
44	0.0070046210
45	0.0069263506
46	0.0074492376
47	0.0075176637
48	0.0075341934
49	0.0075904060
50	0.0082289872
