1	0.0713911485
2	0.0955286593
3	0.0542476916
4	0.0294102592
5	0.0236209700
6	0.0186153448
7	0.0216449212
8	0.0202910260
9	0.0177219370
10	0.0110538615
11	0.0092952744
12	0.0092401132
13	0.0148501956
14	0.0063984276
15	0.0116127090
16	0.0070127216
17	0.0068727490
18	0.0081340725
19	0.0063649381
20	0.0101183526
21	0.0063928503
22	0.0104551384
23	0.0075825448
24	0.0074459557
25	0.0063904766
26	0.0069403324
27	0.0068566505
28	0.0074399636
29	0.0087027513
30	0.0070505400
31	0.0058415162
32	0.0069886493
33	0.0103830300
34	0.0075274700
35	0.0085979256
36	0.0067062499
37	0.0053912387
38	0.0078583302
39	0.0062172081
40	0.0055520016
41	0.0056338382
42	0.0054963355
43	0.0054435848
44	0.0060987346
45	0.0063585214
46	0.0100364131
47	0.0069130752
48	0.0066095279
49	0.0077253823
50	0.0067760785
