1	0.0665442216
2	0.0318203642
3	0.0253467496
4	0.0186359494
5	0.0197785778
6	0.0271359363
7	0.0191575886
8	0.0127396912
9	0.0173236569
10	0.0150524606
11	0.0131471265
12	0.0148161456
13	0.0087494833
14	0.0171925286
15	0.0139897935
16	0.0075853431
17	0.0076759346
18	0.0128644165
19	0.0144302860
20	0.0111088958
21	0.0108742249
22	0.0119341329
23	0.0116533475
24	0.0116178035
25	0.0115875678
26	0.0125967641
27	0.0117821589
28	0.0121461055
29	0.0120549332
30	0.0077387789
31	0.0070473308
32	0.0064946258
33	0.0067977862
34	0.0064494082
35	0.0067324021
36	0.0067082293
37	0.0063584775
38	0.0068721388
39	0.0066369400
40	0.0069373373
41	0.0065720549
42	0.0071174704
43	0.0067101556
44	0.0060586960
45	0.0051497988
46	0.0054488134
47	0.0058277514
48	0.0057057005
49	0.0060117237
50	0.0061089134
