1	0.0527344453
2	0.0534625142
3	0.0391732121
4	0.0277498108
5	0.0158225912
6	0.0224682319
7	0.0146625648
8	0.0294262912
9	0.0322501829
10	0.0136041779
11	0.0116328332
12	0.0091137582
13	0.0131282015
14	0.0083491200
15	0.0170965677
16	0.0159356858
17	0.0223499666
18	0.0082515286
19	0.0113448911
20	0.0137975778
21	0.0062719595
22	0.0172532865
23	0.0151681887
24	0.0265356730
25	0.0228770821
26	0.0052855037
27	0.0069790677
28	0.0207347326
29	0.0045689363
30	0.0061952108
31	0.0097597984
32	0.0141554138
33	0.0180246751
34	0.0221001700
35	0.0157128593
36	0.0070345545
37	0.0045200236
38	0.0046132838
39	0.0044361395
40	0.0058993206
41	0.0123730482
42	0.0048412060
43	0.0046452721
44	0.0044419912
45	0.0044455141
46	0.0044829118
47	0.0045339330
48	0.0043776408
49	0.0039981414
50	0.0040175702
