1	0.7222222222
2	0.5000000000
3	0.4375000000
4	0.2500000000
5	0.1250000000
6	0.1290322581
7	0.0833333333
8	0.1621621622
9	0.2307692308
10	0.2195121951
11	0.1904761905
12	0.2083333333
13	0.2045454545
14	0.1777777778
15	0.2500000000
16	0.2500000000
17	0.2549019608
18	0.2040816327
19	0.2040816327
20	0.1800000000
21	0.2307692308
22	0.1923076923
23	0.1607142857
24	0.1929824561
25	0.1607142857
26	0.1724137931
27	0.1551724138
28	0.1803278689
29	0.1525423729
30	0.1320754717
31	0.0588235294
32	0.0754716981
33	0.0566037736
34	0.0545454545
35	0.0566037736
36	0.0555555556
37	0.0566037736
38	0.0576923077
39	0.0370370370
40	0.0701754386
41	0.0689655172
42	0.0677966102
43	0.0677966102
44	0.0181818182
45	0.0175438596
46	0.0172413793
47	0.0163934426
48	0.0338983051
49	0.0666666667
50	0.0666666667
