1	0.2777777778
2	0.1875000000
3	0.2173913043
4	0.0909090909
5	0.0909090909
6	0.0937500000
7	0.1935483871
8	0.0937500000
9	0.1764705882
10	0.1515151515
11	0.1388888889
12	0.1794871795
13	0.1276595745
14	0.1333333333
15	0.2083333333
16	0.2000000000
17	0.1818181818
18	0.1333333333
19	0.1276595745
20	0.1276595745
21	0.1200000000
22	0.0980392157
23	0.0943396226
24	0.1320754717
25	0.1132075472
26	0.1272727273
27	0.1071428571
28	0.0925925926
29	0.0740740741
30	0.0925925926
31	0.0943396226
32	0.1111111111
33	0.1111111111
34	0.1272727273
35	0.1250000000
36	0.1379310345
37	0.1355932203
38	0.1355932203
39	0.1166666667
40	0.1333333333
41	0.1612903226
42	0.1746031746
43	0.2307692308
44	0.2222222222
45	0.2539682540
46	0.2857142857
47	0.2203389831
48	0.1864406780
49	0.1551724138
50	0.1475409836
