1	0.0000000000
2	0.0666666667
3	0.0625000000
4	0.0800000000
5	0.3200000000
6	0.3200000000
7	0.3703703704
8	0.4137931034
9	0.4193548387
10	0.2857142857
11	0.3500000000
12	0.3250000000
13	0.2631578947
14	0.3589743590
15	0.3750000000
16	0.3255813953
17	0.3043478261
18	0.2653061224
19	0.2075471698
20	0.2307692308
21	0.2641509434
22	0.2941176471
23	0.2800000000
24	0.2641509434
25	0.2500000000
26	0.2500000000
27	0.2037037037
28	0.2075471698
29	0.2222222222
30	0.2181818182
31	0.2181818182
32	0.2105263158
33	0.2280701754
34	0.2500000000
35	0.2631578947
36	0.2881355932
37	0.3448275862
38	0.3392857143
39	0.3333333333
40	0.3166666667
41	0.3333333333
42	0.3050847458
43	0.3166666667
44	0.2622950820
45	0.2666666667
46	0.2280701754
47	0.2241379310
48	0.2500000000
49	0.2419354839
50	0.2539682540
