1	0.6111111111
2	0.0833333333
3	0.2000000000
4	0.3333333333
5	0.2800000000
6	0.2413793103
7	0.1515151515
8	0.0526315789
9	0.0500000000
10	0.0232558140
11	0.0000000000
12	0.0232558140
13	0.0666666667
14	0.0454545455
15	0.0638297872
16	0.0800000000
17	0.0980392157
18	0.0740740741
19	0.0847457627
20	0.1016949153
21	0.1016949153
22	0.0677966102
23	0.0655737705
24	0.1000000000
25	0.1000000000
26	0.0967741935
27	0.0806451613
28	0.1451612903
29	0.1311475410
30	0.1290322581
31	0.1166666667
32	0.1451612903
33	0.1311475410
34	0.1451612903
35	0.1935483871
36	0.2131147541
37	0.2622950820
38	0.2622950820
39	0.2622950820
40	0.2459016393
41	0.2295081967
42	0.2096774194
43	0.2096774194
44	0.2096774194
45	0.2258064516
46	0.2258064516
47	0.2258064516
48	0.2580645161
49	0.2295081967
50	0.2295081967
