1	1.0000000000
2	1.0000000000
3	1.0000000000
4	1.0000000000
5	1.0000000000
6	0.9818181818
7	0.9827586207
8	0.8909090909
9	0.7894736842
10	0.8148148148
11	0.7368421053
12	0.7017543860
13	0.7400000000
14	0.6200000000
15	0.5869565217
16	0.5416666667
17	0.4545454545
18	0.3518518519
19	0.4339622642
20	0.4285714286
21	0.4193548387
22	0.3650793651
23	0.3174603175
24	0.2903225806
25	0.3134328358
26	0.3333333333
27	0.3382352941
28	0.2985074627
29	0.2500000000
30	0.2686567164
31	0.2031250000
32	0.2285714286
33	0.2535211268
34	0.2816901408
35	0.2957746479
36	0.2676056338
37	0.3000000000
38	0.3287671233
39	0.2916666667
40	0.2769230769
41	0.2727272727
42	0.2857142857
43	0.2985074627
44	0.3030303030
45	0.2575757576
46	0.2753623188
47	0.2575757576
48	0.2898550725
49	0.2957746479
50	0.2941176471
