1	1.0000000000
2	0.9852941176
3	0.9696969697
4	0.9516129032
5	0.8906250000
6	0.8032786885
7	0.7741935484
8	0.6379310345
9	0.5625000000
10	0.4307692308
11	0.3333333333
12	0.3653846154
13	0.5094339623
14	0.5000000000
15	0.4081632653
16	0.4791666667
17	0.4901960784
18	0.5094339623
19	0.4833333333
20	0.4500000000
21	0.4333333333
22	0.3965517241
23	0.3809523810
24	0.3114754098
25	0.2758620690
26	0.2833333333
27	0.2656250000
28	0.2537313433
29	0.2461538462
30	0.2318840580
31	0.2388059701
32	0.2253521127
33	0.2272727273
34	0.1969696970
35	0.1969696970
36	0.2058823529
37	0.2173913043
38	0.2361111111
39	0.1830985915
40	0.2054794521
41	0.1764705882
42	0.2388059701
43	0.2089552239
44	0.1911764706
45	0.1884057971
46	0.1971830986
47	0.2112676056
48	0.2112676056
49	0.2054794521
50	0.2142857143
