1	57.0288279102
2	57.6565416624
3	58.1434399576
4	58.8565049177
5	59.2203588800
6	59.4015172491
7	59.4212352602
8	59.4745774592
9	59.5142299141
10	59.5476323495
11	59.5568391988
12	59.5760865692
13	59.5964444250
14	59.6115595275
15	59.6184758841
16	59.6292775391
17	59.6332161139
18	59.6352920470
19	59.6390506334
20	59.6421393436
21	59.6560959834
22	59.6582707729
23	59.6588750123
24	59.6702827861
25	59.6716467600
26	59.6724637916
27	59.6728319238
28	59.6733622224
29	59.6768885036
30	59.6770097562
31	59.6772236380
32	59.6777292853
33	59.6775698905
34	59.6777984668
35	59.6780706219
36	59.6794856727
37	59.6797879850
38	59.6799325423
39	59.6806058459
40	59.6813319549
41	59.6815923743
42	59.6815886904
43	59.6817657448
44	59.6821110697
45	59.6818890034
46	59.6826673593
47	59.6825996270
48	59.6838802692
49	59.6839287198
50	59.6840814347
