1	53.0880478156
2	53.2205973701
3	56.4038290523
4	57.2693359295
5	57.2780498053
6	57.4717018918
7	57.8342957944
8	57.8746020278
9	58.1053622801
10	58.2172739937
11	58.2608254143
12	58.2763935662
13	58.2772065723
14	58.3079105560
15	58.3361449993
16	58.3399170868
17	58.3413806491
18	58.3430284717
19	58.3671733837
20	58.3683594549
21	58.3698579338
22	58.3892007233
23	58.3968477357
24	58.4185748846
25	58.4193485542
26	58.5651077932
27	58.5652871410
28	58.5734160805
29	58.7259088331
30	58.7264236447
31	58.8603256350
32	58.8630292837
33	58.8639032414
34	58.8639352213
35	58.8679235254
36	58.8688629876
37	58.8699810557
38	58.8786178700
39	58.8793082677
40	58.8795787076
41	58.8870356771
42	58.8873508613
43	58.8872386430
44	58.8873145401
45	58.8875240688
46	58.8878691892
47	58.8880404121
48	58.8879817123
49	58.8879141864
50	58.8880258774
