1	58.4168476601
2	58.5211858121
3	58.5975649302
4	58.8829513733
5	58.9152261149
6	59.1800624707
7	59.7749541917
8	59.7793748447
9	59.9067393434
10	60.0650281040
11	60.1627390059
12	60.3589239388
13	60.3775705003
14	60.3795779801
15	60.3814503515
16	60.3813684874
17	60.3839627079
18	60.3866459047
19	60.3893171243
20	60.3902069613
21	60.3947466934
22	60.3952234286
23	60.4080745762
24	60.4083506040
25	60.4081913545
26	60.4097121657
27	60.4101458375
28	60.4114604630
29	60.4117657854
30	60.4121158900
31	60.4125871283
32	60.4127293892
33	60.4132677012
34	60.4133405296
35	60.4136919474
36	60.4137936113
37	60.4140408951
38	60.4143657811
39	60.4143962179
40	60.4186856624
41	60.4302810507
42	60.4304485229
43	60.4305521687
44	60.4306614494
45	60.4307511502
46	60.4309389831
47	60.4310605497
48	60.4311806681
49	60.4535019424
50	60.4535078880
