1	55.8954779011
2	58.3847805577
3	58.9770620414
4	59.0445111441
5	59.0988211728
6	59.4915081248
7	59.5045750465
8	59.5733941385
9	59.5795002795
10	59.5866564274
11	59.5902250241
12	59.6126102842
13	59.6141770996
14	59.6252108356
15	59.6286447307
16	59.6309133754
17	59.6355945063
18	59.6363855670
19	59.6379004092
20	59.6508938686
21	59.6510055687
22	59.6513937154
23	59.6524171991
24	59.6525256294
25	59.6538219253
26	59.6545054541
27	59.6547523822
28	59.6547907970
29	59.6554601294
30	59.6559629588
31	59.6588346635
32	59.6650643953
33	59.6659263946
34	59.6661380786
35	59.6662927568
36	59.6664455611
37	59.6821363206
38	59.6821417735
39	59.6821418458
40	59.6824296466
41	59.6824481046
42	59.6841959576
43	59.6852565095
44	59.6852621458
45	59.6873675001
46	59.6873529890
47	59.6885919388
48	59.6889676940
49	59.6939347917
50	59.6942004716
