1	54.7988459525
2	55.2101525419
3	56.9053067654
4	56.9142846879
5	57.4746105507
6	57.7232610793
7	58.0079044721
8	58.0430028351
9	58.0476059698
10	58.2853924437
11	58.3385038365
12	58.3669371488
13	58.4365822898
14	58.4408687913
15	58.5213155985
16	58.5233866330
17	58.5266637249
18	58.5274109662
19	58.5279711763
20	58.5494884442
21	58.5510054361
22	58.5516717658
23	58.5523016234
24	58.5526000177
25	58.5530819875
26	58.5567912741
27	58.5806308610
28	58.5806936671
29	58.5814217616
30	58.7702177600
31	58.7702167935
32	58.7706775712
33	58.7711562602
34	58.8198844104
35	58.8206775300
36	58.8207387389
37	58.8744564885
38	59.0289724084
39	59.0289016465
40	59.0288470037
41	59.0293727081
42	59.0295745555
43	59.1192801267
44	59.1195400744
45	59.1198515632
46	59.1199088898
47	59.1196894631
48	59.1210619679
49	59.1233020460
50	59.1232521185
