1	58.1451422583
2	58.5564704603
3	59.1927685043
4	59.2389036296
5	59.2564535310
6	59.2940858809
7	59.5451724732
8	59.6150232761
9	59.6600289933
10	59.7014260717
11	59.7226197208
12	59.7590902581
13	59.7640275101
14	59.7672237171
15	59.7703841155
16	59.7754352465
17	59.7769848871
18	59.7804771153
19	59.8057813367
20	59.8076344914
21	59.8086837586
22	59.8148996132
23	59.8166760102
24	59.8219353865
25	59.8215408262
26	59.8222468153
27	59.8230405585
28	59.8232468668
29	59.8258935627
30	59.8292781372
31	59.8300299944
32	59.8309380604
33	59.8321969522
34	59.8325779556
35	59.8327440525
36	59.8342827293
37	59.8342827293
38	59.8346456814
39	59.8351715172
40	59.8352079387
41	59.8353634704
42	59.8357627310
43	59.8359904414
44	59.8367616567
45	59.8371357652
46	59.8375312336
47	59.8378059545
48	59.8379456763
49	59.8388804823
50	59.8390015237
