1	55.5920417766
2	56.6625519156
3	57.7002168324
4	57.7613198932
5	57.9427361761
6	57.9711351747
7	58.3589150020
8	58.3690692692
9	58.4411226030
10	58.4605983985
11	58.4680883478
12	58.5044815445
13	58.5063893644
14	58.5422410235
15	58.5436134078
16	58.5443347173
17	58.5449870384
18	58.7079109139
19	58.7092253389
20	58.7097333028
21	58.7151865030
22	58.7158010343
23	58.7164996460
24	58.7170136901
25	58.7172389168
26	58.7257950102
27	58.7380039973
28	58.7383549091
29	58.7394698341
30	58.7410171780
31	58.8004211723
32	58.8152959876
33	58.8153678835
34	58.8421846971
35	58.8436825359
36	58.8448094463
37	58.8450071190
38	58.8810151939
39	58.8807643852
40	58.8850824496
41	58.8852082497
42	58.8893075116
43	58.8895391704
44	58.8896196663
45	58.8895759075
46	58.8898251428
47	58.8898181558
48	58.8900078438
49	58.8901642184
50	58.8915134383
