1	50.4175151790
2	52.9525119578
3	56.4521647523
4	57.1785757463
5	57.2113615398
6	58.3493953136
7	58.3721911701
8	59.0897097345
9	59.1914113999
10	59.2499549717
11	59.2849472355
12	59.3066765822
13	59.3257295102
14	59.3306440284
15	59.3370723775
16	59.3426272461
17	59.4745321324
18	59.5032613877
19	59.5038872496
20	59.5057266214
21	59.5115503266
22	59.5122437483
23	59.5332213880
24	59.5404107429
25	59.5511443050
26	59.5519977797
27	59.5642651130
28	59.5655260353
29	59.5664974801
30	59.5677295252
31	59.5710518129
32	59.5713203907
33	59.5715261328
34	59.5725510688
35	59.5740727491
36	59.5756543597
37	59.5759475499
38	59.6075499780
39	59.6086441502
40	59.6087195129
41	59.6087892634
42	59.6085964188
43	59.6088681359
44	59.6091635627
45	59.6094943569
46	59.6100623717
47	59.6100940811
48	59.6106613332
49	59.6133396135
50	59.6150565792
