1	54.8314798198
2	55.4003370677
3	57.9059809618
4	58.3960031285
5	58.4933719911
6	59.1687261058
7	59.4363965750
8	59.4655413055
9	59.9235489703
10	60.0885769727
11	60.2134364068
12	60.2220808175
13	60.2256911137
14	60.2563135088
15	60.2905219919
16	60.3060930761
17	60.3088027186
18	60.3124886332
19	60.3158922651
20	60.3170121035
21	60.3191452606
22	60.3208651111
23	60.3286664049
24	60.3293822865
25	60.3301203646
26	60.3324019637
27	60.3332203156
28	60.3353680515
29	60.3355571470
30	60.3376191365
31	60.3376014811
32	60.3391735573
33	60.3411255995
34	60.3501649787
35	60.3503054008
36	60.3519770779
37	60.3556838434
38	60.3623287008
39	60.3626780101
40	60.3630077167
41	60.3632406090
42	60.3635261143
43	60.3639364980
44	60.3641257911
45	60.3645713343
46	60.3646344229
47	60.3647048093
48	60.3648806028
49	60.3648543648
50	60.3645620638
