1	57.8038567201
2	57.8470059319
3	58.5526695226
4	58.7977862735
5	58.8440820201
6	58.8635615448
7	58.9967231009
8	59.0747784369
9	59.1243386727
10	59.2082174225
11	59.3089088294
12	59.3138411278
13	59.3705873088
14	59.3747336457
15	59.3842599498
16	59.3856224971
17	59.4066053727
18	59.4125671733
19	59.4163410850
20	59.4914462307
21	59.4934090658
22	59.4938793772
23	59.4949689542
24	59.4961190634
25	59.5319197093
26	59.5332185628
27	59.5339839074
28	59.8201735369
29	59.8204206363
30	59.8234302138
31	59.8258661945
32	59.8593424405
33	59.8621160216
34	59.8623235273
35	59.8661936830
36	59.8664304581
37	59.8711750884
38	59.8714694895
39	59.8721005820
40	59.9306307414
41	59.9347095317
42	59.9841584278
43	59.9867353684
44	59.9868288911
45	59.9876262336
46	59.9880801286
47	59.9879816951
48	59.9947309390
49	59.9948269115
50	60.0027672598
