1	0.0847701021
2	0.1201681694
3	0.0958100435
4	0.0486337812
5	0.0658828653
6	0.0548052052
7	0.0407611824
8	0.0372560523
9	0.0291387862
10	0.0379494338
11	0.0329906287
12	0.0237318447
13	0.0272547977
14	0.0261637097
15	0.0297237139
16	0.0379707101
17	0.0270682019
18	0.0256018874
19	0.0117564572
20	0.0145849669
21	0.0120148240
22	0.0096113627
23	0.0281183237
24	0.0098890901
25	0.0090138556
26	0.0077739527
27	0.0089202866
28	0.0085706238
29	0.0099111527
30	0.0103493517
31	0.0096384064
32	0.0097627383
33	0.0084133026
34	0.0086987916
35	0.0088545990
36	0.0089989626
37	0.0083961936
38	0.0078825467
39	0.0078677465
40	0.0079987211
41	0.0085070289
42	0.0090265661
43	0.0082231493
44	0.0098467003
45	0.0097869392
46	0.0084113395
47	0.0085554351
48	0.0084654041
49	0.0088449590
50	0.0085180884
