1	0.0903544714
2	0.0637247621
3	0.0554770017
4	0.0481158426
5	0.0729968768
6	0.0322817380
7	0.0516796069
8	0.0242241138
9	0.0210076402
10	0.0253058306
11	0.0808795332
12	0.0802962003
13	0.0201103483
14	0.0196230251
15	0.0204640993
16	0.0192380445
17	0.0229081621
18	0.0238377933
19	0.0235376496
20	0.0180836107
21	0.0202019463
22	0.0159582823
23	0.0177389372
24	0.0190441330
25	0.0181542041
26	0.0126648082
27	0.0119434693
28	0.0111523469
29	0.0115251305
30	0.0100051960
31	0.0090303412
32	0.0095956590
33	0.0120954138
34	0.0099936050
35	0.0100389285
36	0.0101890348
37	0.0094426284
38	0.0094593632
39	0.0102477373
40	0.0123342024
41	0.0121191356
42	0.0112990869
43	0.0123518345
44	0.0111418263
45	0.0111323574
46	0.0111267275
47	0.0106081381
48	0.0115261048
49	0.0102854761
50	0.0097131077
