1	0.1345228987
2	0.1079529185
3	0.0635438405
4	0.0557440036
5	0.0829509724
6	0.0500443804
7	0.0349227035
8	0.0416579236
9	0.0303524696
10	0.0241901465
11	0.0197774566
12	0.0195290935
13	0.0205289701
14	0.0357477676
15	0.0353445825
16	0.0339210194
17	0.0402463326
18	0.0495231281
19	0.0272803716
20	0.0406080910
21	0.0406149613
22	0.0398219642
23	0.0391569468
24	0.0389668824
25	0.0412383876
26	0.0407615499
27	0.0513392436
28	0.0518096839
29	0.0603873515
30	0.0410997640
31	0.0290313980
32	0.0291967281
33	0.0301877076
34	0.0299775248
35	0.0298822382
36	0.0300425601
37	0.1005995287
38	0.1005823431
39	0.1005823141
40	0.1006007060
41	0.1007157404
42	0.0999008852
43	0.1003087555
44	0.1003031460
45	0.1002199089
46	0.1002317862
47	0.1021992965
48	0.1005058897
49	0.0116540691
50	0.0114580175
