1	0.0704298581
2	0.1052120099
3	0.1448767652
4	0.1285747066
5	0.0423839307
6	0.0349090289
7	0.0316961950
8	0.0235165629
9	0.0453383409
10	0.0335226775
11	0.0217064491
12	0.0158474786
13	0.0190415031
14	0.0196410882
15	0.0190227253
16	0.0171116849
17	0.0139634746
18	0.0152121980
19	0.0187253469
20	0.0167481489
21	0.0180247606
22	0.0176905229
23	0.0160545472
24	0.0169125641
25	0.0184453066
26	0.0124107932
27	0.0209252641
28	0.0165515949
29	0.0173616816
30	0.0456174887
31	0.0496547434
32	0.0109479105
33	0.0973837347
34	0.0785522792
35	0.0956681971
36	0.0939565057
37	0.0954779873
38	0.0962666301
39	0.0772657177
40	0.0936470697
41	0.0131607888
42	0.0130157369
43	0.0125898138
44	0.0119298793
45	0.0116569899
46	0.0129466017
47	0.0120302901
48	0.0142929082
49	0.0114384350
50	0.0118109515
