1	0.1125414854
2	0.0393758771
3	0.1049182632
4	0.0803032920
5	0.0209510958
6	0.0282682056
7	0.0202402634
8	0.0347575863
9	0.0242614281
10	0.0209442251
11	0.0190597745
12	0.0182511296
13	0.0173983013
14	0.0141865311
15	0.0157357960
16	0.0140845856
17	0.0165723864
18	0.0162642567
19	0.0145925815
20	0.0133640626
21	0.0133896358
22	0.0132107759
23	0.0133130918
24	0.0127252832
25	0.0148347073
26	0.0147172756
27	0.0151703834
28	0.0144960413
29	0.0144148381
30	0.0145482640
31	0.0142904600
32	0.0162284833
33	0.0161262805
34	0.0202837909
35	0.0198397721
36	0.0200962590
37	0.0199987882
38	0.0199600940
39	0.0200831324
40	0.0200152486
41	0.0222735295
42	0.0220601536
43	0.0220476264
44	0.0219251137
45	0.0218868213
46	0.0218956297
47	0.0218323769
48	0.0215608533
49	0.0220950016
50	0.0226081684
