1	0.0704487823
2	0.0511747339
3	0.0352404102
4	0.0358085571
5	0.0397806486
6	0.0262557997
7	0.0297952713
8	0.0249381852
9	0.0263717418
10	0.0581464660
11	0.0776692520
12	0.0297347616
13	0.0230492366
14	0.0677119655
15	0.0328674509
16	0.0263445064
17	0.0429148884
18	0.0375149514
19	0.0476693908
20	0.0357206335
21	0.0306401614
22	0.0302886211
23	0.0182817016
24	0.0220808914
25	0.0143867310
26	0.0111569084
27	0.0132123917
28	0.0130537028
29	0.0114920193
30	0.0125741475
31	0.0144805364
32	0.0136553743
33	0.0129488729
34	0.0128169760
35	0.0126438800
36	0.0137533372
37	0.0139349911
38	0.0152078516
39	0.0158440312
40	0.0159648756
41	0.0160048941
42	0.0162734417
43	0.0098008136
44	0.0091463955
45	0.0088675721
46	0.0088551460
47	0.0085375582
48	0.0417222737
49	0.0416483651
50	0.0417991257
