1	0.1134535913
2	0.0644318862
3	0.0283359080
4	0.0343545301
5	0.0280695201
6	0.0316567300
7	0.0715851426
8	0.0311752885
9	0.0190206851
10	0.0421987078
11	0.0160768861
12	0.0336617195
13	0.0336743518
14	0.0214445212
15	0.0203405028
16	0.0134348340
17	0.0827515257
18	0.0753800112
19	0.0155130660
20	0.0346383433
21	0.1008650529
22	0.0396485339
23	0.0164526795
24	0.0157866223
25	0.0189099688
26	0.0165873689
27	0.0152170561
28	0.0137707327
29	0.0130077589
30	0.0130849891
31	0.0130936032
32	0.0140313268
33	0.0093064831
34	0.0108011096
35	0.0107033715
36	0.0102602546
37	0.0108875897
38	0.0100494294
39	0.0100058468
40	0.0085074297
41	0.0088562941
42	0.0067416536
43	0.0068425671
44	0.0069147544
45	0.0139806414
46	0.0062318832
47	0.0068818375
48	0.0062774407
49	0.0070485900
50	0.0070861796
