1	0.0559996152
2	0.0483705357
3	0.0391125992
4	0.0540387819
5	0.0648796026
6	0.0635372681
7	0.0734926967
8	0.0367538697
9	0.0357439647
10	0.0439542470
11	0.0430234519
12	0.0299678535
13	0.0351734258
14	0.0301936925
15	0.0226823008
16	0.0322963395
17	0.0666117039
18	0.0161605720
19	0.0171643254
20	0.0165107566
21	0.0214122875
22	0.0178210960
23	0.0155817593
24	0.0203280662
25	0.0128131093
26	0.0134497515
27	0.0154889450
28	0.0146914625
29	0.0150057484
30	0.0135652309
31	0.0135623890
32	0.0147424521
33	0.0140598586
34	0.0144467684
35	0.0170768314
36	0.0174190510
37	0.0161076584
38	0.0152140335
39	0.0159940826
40	0.0149525181
41	0.0146800143
42	0.0142761970
43	0.0147162037
44	0.0145425915
45	0.0182648918
46	0.0182708359
47	0.0180896633
48	0.0179436985
49	0.0168712752
50	0.0170769320
