1	0.1454545396
2	0.0584623049
3	0.0284909698
4	0.0334056121
5	0.0281440138
6	0.0620202144
7	0.0344505666
8	0.0760095176
9	0.0247759115
10	0.0228587892
11	0.0228285956
12	0.0216590649
13	0.0159697070
14	0.0174508331
15	0.0132012996
16	0.0204250039
17	0.0229343929
18	0.0214903645
19	0.0207181379
20	0.0142159519
21	0.0153333235
22	0.0148567828
23	0.0129419829
24	0.0136668220
25	0.0122288187
26	0.0251572537
27	0.0274130936
28	0.0273012594
29	0.0265695406
30	0.0179285962
31	0.0182367109
32	0.0106766003
33	0.0101086099
34	0.0104792043
35	0.0108719094
36	0.0107520821
37	0.0231505213
38	0.0219226915
39	0.0219155676
40	0.0173521288
41	0.0090861165
42	0.0111100075
43	0.0106819540
44	0.0104402943
45	0.0109060109
46	0.0104609428
47	0.0109832030
48	0.0123717537
49	0.0126181396
50	0.0119943558
