1	0.0801959001
2	0.1174696036
3	0.1401112711
4	0.0526014450
5	0.0587374545
6	0.0416577909
7	0.0390149116
8	0.0576834005
9	0.0376673525
10	0.0259850361
11	0.0564355803
12	0.0659886700
13	0.0756869309
14	0.1080332884
15	0.1018126717
16	0.0173765186
17	0.0184548767
18	0.0203532985
19	0.0210418141
20	0.0188823970
21	0.0168733366
22	0.0183568633
23	0.0121869696
24	0.0137792637
25	0.0143777532
26	0.0138580029
27	0.0122001098
28	0.0123112096
29	0.0178774223
30	0.0174067208
31	0.0176386208
32	0.0167319672
33	0.0165152560
34	0.0131252424
35	0.0178965994
36	0.0165392341
37	0.0165015483
38	0.0157545607
39	0.0184023974
40	0.0184278987
41	0.0120464472
42	0.0146021607
43	0.0250112857
44	0.0124587148
45	0.0210127427
46	0.0173099793
47	0.0308216968
48	0.0578717755
49	0.0114199579
50	0.0119503770
