1	0.0000000000
2	0.0000000000
3	0.0000000000
4	0.0000000000
5	0.0000000000
6	0.0000000000
7	0.0000000000
8	0.0000000000
9	0.0000000000
10	0.0000000000
11	0.0000000000
12	0.0000000000
13	0.0000000000
14	0.0000000000
15	0.0000000000
16	0.0000000000
17	0.0000000000
18	0.0000000000
19	0.0000000000
20	0.0000000000
21	0.0000000000
22	0.0000000000
23	0.0000000000
24	0.0000000000
25	0.0000000000
26	0.0000000000
27	0.0000000000
28	0.0000000000
29	0.0000000000
30	0.0000000000
31	0.0000000000
32	0.0000000000
33	0.0000000000
34	0.0000000000
35	0.0000000000
36	0.0000000000
37	0.0000000000
38	0.0000000000
39	0.0000000000
40	0.0000000000
41	0.0000000000
42	0.0000000000
43	0.0000000000
44	0.0000000000
45	0.0000000000
46	0.0666666667
47	0.0000000000
48	0.0000000000
49	0.0000000000
50	0.0000000000
51	0.0000000000
52	0.0000000000
53	0.0000000000
54	0.0000000000
55	0.0000000000
56	0.0000000000
57	0.0000000000
58	0.0555555556
59	0.0526315789
60	0.1052631579
61	0.1500000000
62	0.1500000000
63	0.1500000000
64	0.1578947368
65	0.1578947368
66	0.1578947368
67	0.1578947368
68	0.2222222222
69	0.2222222222
70	0.2105263158
71	0.1578947368
72	0.1250000000
73	0.1875000000
74	0.1666666667
75	0.1052631579
76	0.1428571429
77	0.0952380952
78	0.0952380952
79	0.0909090909
80	0.1666666667
81	0.1666666667
82	0.1538461538
83	0.0800000000
84	0.0800000000
85	0.1111111111
86	0.1481481481
87	0.1538461538
88	0.0833333333
89	0.0833333333
90	0.0833333333
91	0.1200000000
92	0.1538461538
93	0.1250000000
94	0.1250000000
95	0.1250000000
96	0.1250000000
97	0.1200000000
98	0.0416666667
99	0.0416666667
100	0.0416666667
