1	0.0000000000
2	0.0000000000
3	0.0000000000
4	0.0000000000
5	0.0000000000
6	0.0000000000
7	0.0000000000
8	0.0000000000
9	0.0000000000
10	0.0000000000
11	0.0000000000
12	0.0000000000
13	0.0000000000
14	0.0000000000
15	0.0000000000
16	0.0000000000
17	0.0000000000
18	0.0000000000
19	0.0000000000
20	0.0000000000
21	0.0000000000
22	0.0000000000
23	0.0000000000
24	0.0000000000
25	0.0000000000
26	0.0000000000
27	0.0000000000
28	0.0000000000
29	0.0000000000
30	0.0000000000
31	0.0000000000
32	0.0000000000
33	0.0000000000
34	0.0000000000
35	0.0000000000
36	0.0000000000
37	0.0000000000
38	0.0000000000
39	0.0000000000
40	0.0000000000
41	0.0000000000
42	0.0000000000
43	0.0000000000
44	0.0000000000
45	0.0000000000
46	0.0000000000
47	0.0476190476
48	0.1000000000
49	0.1578947368
50	0.2352941176
51	0.2000000000
52	0.1500000000
53	0.2000000000
54	0.1111111111
55	0.1000000000
56	0.2000000000
57	0.1500000000
58	0.2000000000
59	0.1666666667
60	0.1000000000
61	0.0909090909
62	0.1428571429
63	0.1363636364
64	0.2083333333
65	0.2083333333
66	0.2000000000
67	0.2173913043
68	0.0909090909
69	0.0952380952
70	0.1500000000
71	0.2105263158
72	0.2000000000
73	0.2105263158
74	0.2000000000
75	0.2272727273
76	0.2500000000
77	0.2727272727
78	0.2608695652
79	0.2173913043
80	0.1739130435
81	0.1904761905
82	0.1818181818
83	0.1739130435
84	0.1739130435
85	0.1600000000
86	0.1666666667
87	0.2000000000
88	0.1666666667
89	0.1666666667
90	0.1666666667
91	0.1304347826
92	0.0869565217
93	0.0869565217
94	0.0952380952
95	0.1363636364
96	0.0500000000
97	0.0476190476
98	0.0476190476
99	0.1000000000
100	0.0869565217
