1	0.0000000000
2	0.0000000000
3	0.0000000000
4	0.0000000000
5	0.0000000000
6	0.0000000000
7	0.0000000000
8	0.0000000000
9	0.0000000000
10	0.0000000000
11	0.0000000000
12	0.0000000000
13	0.0000000000
14	0.0000000000
15	0.0000000000
16	0.0000000000
17	0.0000000000
18	0.0000000000
19	0.0000000000
20	0.0000000000
21	0.0000000000
22	0.0000000000
23	0.0000000000
24	0.0000000000
25	0.0000000000
26	0.0000000000
27	0.0000000000
28	0.0000000000
29	0.0000000000
30	0.0000000000
31	0.0000000000
32	0.0000000000
33	0.0000000000
34	0.0000000000
35	0.0000000000
36	0.0000000000
37	0.0000000000
38	0.0000000000
39	0.0000000000
40	0.0000000000
41	0.0000000000
42	0.0000000000
43	0.0000000000
44	0.1052631579
45	0.0000000000
46	0.0000000000
47	0.0555555556
48	0.0000000000
49	0.0588235294
50	0.0526315789
51	0.1111111111
52	0.1250000000
53	0.1111111111
54	0.0526315789
55	0.0000000000
56	0.0000000000
57	0.0000000000
58	0.0952380952
59	0.0952380952
60	0.0476190476
61	0.0000000000
62	0.0000000000
63	0.0434782609
64	0.0454545455
65	0.0869565217
66	0.1304347826
67	0.1818181818
68	0.1739130435
69	0.1428571429
70	0.1666666667
71	0.2083333333
72	0.1818181818
73	0.1904761905
74	0.1818181818
75	0.1818181818
76	0.1818181818
77	0.1818181818
78	0.1818181818
79	0.1818181818
80	0.1500000000
81	0.1578947368
82	0.1052631579
83	0.1052631579
84	0.1000000000
85	0.1500000000
86	0.1500000000
87	0.1904761905
88	0.2272727273
89	0.2400000000
90	0.2400000000
91	0.2800000000
92	0.2800000000
93	0.2800000000
94	0.2800000000
95	0.2608695652
96	0.2608695652
97	0.2173913043
98	0.2083333333
99	0.2083333333
100	0.2083333333
