1	0.0000000000
2	0.0000000000
3	0.0000000000
4	0.0000000000
5	0.0000000000
6	0.0000000000
7	0.0000000000
8	0.0000000000
9	0.0000000000
10	0.0000000000
11	0.0000000000
12	0.0000000000
13	0.0000000000
14	0.0000000000
15	0.0000000000
16	0.0000000000
17	0.0000000000
18	0.0000000000
19	0.0000000000
20	0.0000000000
21	0.0000000000
22	0.0000000000
23	0.0000000000
24	0.0000000000
25	0.0000000000
26	0.0000000000
27	0.0000000000
28	0.0000000000
29	0.0000000000
30	0.0000000000
31	0.0000000000
32	0.0000000000
33	0.0000000000
34	0.0000000000
35	0.0000000000
36	0.0000000000
37	0.0000000000
38	0.0000000000
39	0.0000000000
40	0.0000000000
41	0.0000000000
42	0.0000000000
43	0.0000000000
44	0.0000000000
45	0.0000000000
46	0.0000000000
47	0.0000000000
48	0.0000000000
49	0.0000000000
50	0.0000000000
51	0.0000000000
52	0.0000000000
53	0.0000000000
54	0.0000000000
55	0.0000000000
56	0.0000000000
57	0.0000000000
58	0.0000000000
59	0.0000000000
60	0.0000000000
61	0.0434782609
62	0.0416666667
63	0.0454545455
64	0.0434782609
65	0.0416666667
66	0.0384615385
67	0.0384615385
68	0.0400000000
69	0.0400000000
70	0.0384615385
71	0.0400000000
72	0.0416666667
73	0.0434782609
74	0.0454545455
75	0.0434782609
76	0.0454545455
77	0.0526315789
78	0.0526315789
79	0.0555555556
80	0.0588235294
81	0.0555555556
82	0.0588235294
83	0.0526315789
84	0.0526315789
85	0.0526315789
86	0.0526315789
87	0.0555555556
88	0.0555555556
89	0.0588235294
90	0.0588235294
91	0.0526315789
92	0.0526315789
93	0.0500000000
94	0.0500000000
95	0.0500000000
96	0.0526315789
97	0.0500000000
98	0.0500000000
99	0.0476190476
100	0.0526315789
