1	0.0000000000
2	0.0000000000
3	0.0000000000
4	0.0000000000
5	0.0000000000
6	0.0000000000
7	0.0000000000
8	0.0000000000
9	0.0000000000
10	0.0000000000
11	0.0000000000
12	0.0000000000
13	0.0000000000
14	0.0000000000
15	0.0000000000
16	0.0000000000
17	0.0000000000
18	0.0000000000
19	0.0000000000
20	0.0000000000
21	0.0000000000
22	0.0000000000
23	0.0000000000
24	0.0000000000
25	0.0000000000
26	0.0000000000
27	0.0000000000
28	0.0000000000
29	0.0000000000
30	0.0000000000
31	0.0000000000
32	0.0000000000
33	0.0000000000
34	0.0000000000
35	0.0000000000
36	0.0000000000
37	0.0476190476
38	0.0500000000
39	0.0000000000
40	0.0000000000
41	0.0000000000
42	0.0000000000
43	0.0000000000
44	0.0000000000
45	0.0000000000
46	0.0000000000
47	0.0000000000
48	0.0000000000
49	0.0000000000
50	0.0000000000
51	0.0526315789
52	0.1500000000
53	0.3043478261
54	0.2916666667
55	0.3333333333
56	0.2727272727
57	0.2500000000
58	0.2000000000
59	0.2500000000
60	0.2500000000
61	0.3181818182
62	0.2380952381
63	0.2272727273
64	0.1818181818
65	0.1428571429
66	0.1818181818
67	0.0952380952
68	0.2000000000
69	0.1904761905
70	0.2173913043
71	0.2272727273
72	0.2272727273
73	0.2608695652
74	0.2608695652
75	0.2173913043
76	0.2083333333
77	0.2000000000
78	0.1304347826
79	0.1304347826
80	0.1304347826
81	0.1666666667
82	0.1666666667
83	0.1304347826
84	0.1304347826
85	0.1304347826
86	0.1250000000
87	0.1739130435
88	0.1739130435
89	0.1666666667
90	0.1923076923
91	0.1851851852
92	0.1851851852
93	0.1724137931
94	0.2083333333
95	0.2222222222
96	0.2222222222
97	0.2142857143
98	0.1666666667
99	0.1666666667
100	0.1666666667
