1	1.0000000000
2	1.0000000000
3	1.0000000000
4	1.0000000000
5	1.0000000000
6	1.0000000000
7	1.0000000000
8	1.0000000000
9	1.0000000000
10	1.0000000000
11	1.0000000000
12	1.0000000000
13	1.0000000000
14	1.0000000000
15	1.0000000000
16	1.0000000000
17	1.0000000000
18	1.0000000000
19	1.0000000000
20	1.0000000000
21	1.0000000000
22	1.0000000000
23	1.0000000000
24	1.0000000000
25	1.0000000000
26	1.0000000000
27	1.0000000000
28	1.0000000000
29	0.9722222222
30	0.9090909091
31	0.8666666667
32	0.7575757576
33	0.7272727273
34	0.6857142857
35	0.7428571429
36	0.5675675676
37	0.6111111111
38	0.4242424242
39	0.5000000000
40	0.4210526316
41	0.4358974359
42	0.3611111111
43	0.2857142857
44	0.3142857143
45	0.2368421053
46	0.2972972973
47	0.3055555556
48	0.3611111111
49	0.2285714286
50	0.2000000000
51	0.2647058824
52	0.1818181818
53	0.2187500000
54	0.2352941176
55	0.1714285714
56	0.1714285714
57	0.2727272727
58	0.2222222222
59	0.2500000000
60	0.2068965517
61	0.2068965517
62	0.2333333333
63	0.2333333333
64	0.3333333333
65	0.3333333333
66	0.3030303030
67	0.2424242424
68	0.2285714286
69	0.1666666667
70	0.1944444444
71	0.1764705882
72	0.2000000000
73	0.2285714286
74	0.1891891892
75	0.1388888889
76	0.1666666667
77	0.1621621622
78	0.1764705882
79	0.1944444444
80	0.2571428571
81	0.3235294118
82	0.2121212121
83	0.1666666667
84	0.1333333333
85	0.1250000000
86	0.1470588235
87	0.1515151515
88	0.1515151515
89	0.1714285714
90	0.1666666667
91	0.1764705882
92	0.1714285714
93	0.1944444444
94	0.1944444444
95	0.2162162162
96	0.1944444444
97	0.2432432432
98	0.2500000000
99	0.2571428571
100	0.2777777778
