1	1.0000000000
2	1.0000000000
3	1.0000000000
4	1.0000000000
5	1.0000000000
6	1.0000000000
7	1.0000000000
8	1.0000000000
9	1.0000000000
10	1.0000000000
11	1.0000000000
12	1.0000000000
13	1.0000000000
14	1.0000000000
15	1.0000000000
16	0.9714285714
17	1.0000000000
18	0.9459459459
19	0.8888888889
20	0.7352941176
21	0.7714285714
22	0.8611111111
23	0.7777777778
24	0.6944444444
25	0.6857142857
26	0.6111111111
27	0.6216216216
28	0.6578947368
29	0.6250000000
30	0.6052631579
31	0.5945945946
32	0.5789473684
33	0.5000000000
34	0.3888888889
35	0.4324324324
36	0.4722222222
37	0.4864864865
38	0.5000000000
39	0.4722222222
40	0.5405405405
41	0.5135135135
42	0.5714285714
43	0.5428571429
44	0.6000000000
45	0.5882352941
46	0.4375000000
47	0.4722222222
48	0.3823529412
49	0.4117647059
50	0.3823529412
51	0.3888888889
52	0.2972972973
53	0.3030303030
54	0.3142857143
55	0.3636363636
56	0.2941176471
57	0.3142857143
58	0.2941176471
59	0.3714285714
60	0.3529411765
61	0.2647058824
62	0.3333333333
63	0.3437500000
64	0.3125000000
65	0.2812500000
66	0.2424242424
67	0.2187500000
68	0.2058823529
69	0.2187500000
70	0.1818181818
71	0.2500000000
72	0.2121212121
73	0.2121212121
74	0.1764705882
75	0.1714285714
76	0.1714285714
77	0.1944444444
78	0.1714285714
79	0.1818181818
80	0.1764705882
81	0.1290322581
82	0.1379310345
83	0.1111111111
84	0.1481481481
85	0.2068965517
86	0.0714285714
87	0.0384615385
88	0.0714285714
89	0.1034482759
90	0.0370370370
91	0.0370370370
92	0.0370370370
93	0.0333333333
94	0.0625000000
95	0.0625000000
96	0.0967741935
97	0.0937500000
98	0.0882352941
99	0.0967741935
100	0.0937500000
