1	1.0000000000
2	1.0000000000
3	1.0000000000
4	1.0000000000
5	1.0000000000
6	1.0000000000
7	1.0000000000
8	1.0000000000
9	1.0000000000
10	1.0000000000
11	1.0000000000
12	1.0000000000
13	1.0000000000
14	1.0000000000
15	1.0000000000
16	1.0000000000
17	1.0000000000
18	1.0000000000
19	1.0000000000
20	1.0000000000
21	1.0000000000
22	1.0000000000
23	1.0000000000
24	1.0000000000
25	1.0000000000
26	1.0000000000
27	1.0000000000
28	1.0000000000
29	1.0000000000
30	1.0000000000
31	1.0000000000
32	1.0000000000
33	1.0000000000
34	1.0000000000
35	1.0000000000
36	1.0000000000
37	0.9743589744
38	1.0000000000
39	1.0000000000
40	0.9729729730
41	0.9459459459
42	0.9189189189
43	0.8484848485
44	0.8181818182
45	0.7222222222
46	0.6562500000
47	0.6451612903
48	0.6470588235
49	0.6250000000
50	0.5454545455
51	0.5277777778
52	0.3783783784
53	0.4473684211
54	0.4594594595
55	0.4000000000
56	0.4000000000
57	0.2857142857
58	0.4117647059
59	0.4242424242
60	0.4545454545
61	0.4545454545
62	0.4666666667
63	0.5357142857
64	0.5357142857
65	0.4444444444
66	0.4571428571
67	0.4285714286
68	0.4545454545
69	0.5000000000
70	0.4705882353
71	0.4375000000
72	0.3666666667
73	0.4193548387
74	0.4545454545
75	0.5000000000
76	0.5588235294
77	0.5882352941
78	0.5294117647
79	0.4545454545
80	0.4062500000
81	0.3636363636
82	0.3888888889
83	0.3333333333
84	0.3939393939
85	0.3666666667
86	0.2903225806
87	0.2121212121
88	0.1714285714
89	0.1250000000
90	0.1250000000
91	0.0000000000
92	0.0322580645
93	0.0000000000
94	0.0000000000
95	0.0000000000
96	0.0000000000
97	0.0333333333
98	0.0714285714
99	0.0416666667
100	0.0000000000
