1	1.0000000000
2	1.0000000000
3	1.0000000000
4	1.0000000000
5	1.0000000000
6	1.0000000000
7	1.0000000000
8	1.0000000000
9	1.0000000000
10	1.0000000000
11	1.0000000000
12	1.0000000000
13	1.0000000000
14	1.0000000000
15	1.0000000000
16	1.0000000000
17	1.0000000000
18	1.0000000000
19	1.0000000000
20	1.0000000000
21	1.0000000000
22	1.0000000000
23	1.0000000000
24	1.0000000000
25	1.0000000000
26	0.9750000000
27	0.9743589744
28	0.9729729730
29	0.9444444444
30	0.9230769231
31	0.8378378378
32	0.7878787879
33	0.8378378378
34	0.8717948718
35	0.8888888889
36	0.8918918919
37	0.8285714286
38	0.8333333333
39	0.8055555556
40	0.7777777778
41	0.7692307692
42	0.7567567568
43	0.7567567568
44	0.7027027027
45	0.6562500000
46	0.5625000000
47	0.6486486486
48	0.5000000000
49	0.5000000000
50	0.4857142857
51	0.5000000000
52	0.5588235294
53	0.5882352941
54	0.6176470588
55	0.6000000000
56	0.5675675676
57	0.5833333333
58	0.5135135135
59	0.5142857143
60	0.5454545455
61	0.5161290323
62	0.5000000000
63	0.4827586207
64	0.5483870968
65	0.4516129032
66	0.4848484848
67	0.4857142857
68	0.4545454545
69	0.3714285714
70	0.2857142857
71	0.2424242424
72	0.2647058824
73	0.2857142857
74	0.2352941176
75	0.2812500000
76	0.3055555556
77	0.3333333333
78	0.3437500000
79	0.3928571429
80	0.3333333333
81	0.3125000000
82	0.2758620690
83	0.2812500000
84	0.3235294118
85	0.3333333333
86	0.3870967742
87	0.4117647059
88	0.3428571429
89	0.3939393939
90	0.3437500000
91	0.3225806452
92	0.2903225806
93	0.2500000000
94	0.2258064516
95	0.2142857143
96	0.2857142857
97	0.2666666667
98	0.2500000000
99	0.2424242424
100	0.2352941176
