1	1.0000000000
2	1.0000000000
3	1.0000000000
4	1.0000000000
5	1.0000000000
6	1.0000000000
7	1.0000000000
8	1.0000000000
9	1.0000000000
10	1.0000000000
11	1.0000000000
12	1.0000000000
13	1.0000000000
14	1.0000000000
15	1.0000000000
16	1.0000000000
17	1.0000000000
18	1.0000000000
19	1.0000000000
20	1.0000000000
21	1.0000000000
22	1.0000000000
23	1.0000000000
24	1.0000000000
25	1.0000000000
26	1.0000000000
27	1.0000000000
28	1.0000000000
29	1.0000000000
30	1.0000000000
31	1.0000000000
32	1.0000000000
33	1.0000000000
34	1.0000000000
35	1.0000000000
36	1.0000000000
37	1.0000000000
38	1.0000000000
39	1.0000000000
40	1.0000000000
41	1.0000000000
42	1.0000000000
43	1.0000000000
44	1.0000000000
45	0.9705882353
46	0.9428571429
47	0.8750000000
48	0.8055555556
49	0.7837837838
50	0.7631578947
51	0.7567567568
52	0.7567567568
53	0.7500000000
54	0.7222222222
55	0.7777777778
56	0.7027027027
57	0.7222222222
58	0.6571428571
59	0.6176470588
60	0.6333333333
61	0.6363636364
62	0.6216216216
63	0.6486486486
64	0.5833333333
65	0.5714285714
66	0.5151515152
67	0.4545454545
68	0.5588235294
69	0.5588235294
70	0.5428571429
71	0.5555555556
72	0.4594594595
73	0.3714285714
74	0.3030303030
75	0.4516129032
76	0.3750000000
77	0.2812500000
78	0.3125000000
79	0.2941176471
80	0.2812500000
81	0.2580645161
82	0.2666666667
83	0.2580645161
84	0.2424242424
85	0.2500000000
86	0.3030303030
87	0.3030303030
88	0.2857142857
89	0.3437500000
90	0.3225806452
91	0.3225806452
92	0.4062500000
93	0.3636363636
94	0.3333333333
95	0.3000000000
96	0.3103448276
97	0.3793103448
98	0.2903225806
99	0.3030303030
100	0.3750000000
