1	1.0000000000
2	1.0000000000
3	1.0000000000
4	1.0000000000
5	1.0000000000
6	1.0000000000
7	1.0000000000
8	1.0000000000
9	1.0000000000
10	1.0000000000
11	1.0000000000
12	1.0000000000
13	1.0000000000
14	1.0000000000
15	1.0000000000
16	1.0000000000
17	1.0000000000
18	1.0000000000
19	0.9750000000
20	0.9473684211
21	0.8974358974
22	0.8717948718
23	0.8421052632
24	0.8421052632
25	0.8157894737
26	0.7631578947
27	0.6756756757
28	0.6000000000
29	0.5882352941
30	0.5151515152
31	0.5000000000
32	0.5000000000
33	0.4864864865
34	0.5675675676
35	0.5675675676
36	0.6052631579
37	0.4324324324
38	0.3142857143
39	0.2777777778
40	0.3333333333
41	0.3428571429
42	0.4324324324
43	0.3513513514
44	0.2777777778
45	0.2432432432
46	0.3243243243
47	0.2368421053
48	0.2500000000
49	0.2564102564
50	0.2162162162
51	0.2222222222
52	0.2222222222
53	0.1891891892
54	0.2631578947
55	0.2368421053
56	0.2222222222
57	0.1470588235
58	0.1142857143
59	0.1212121212
60	0.1875000000
61	0.2058823529
62	0.2500000000
63	0.2857142857
64	0.2142857143
65	0.1935483871
66	0.2058823529
67	0.2500000000
68	0.1875000000
69	0.1724137931
70	0.1785714286
71	0.1428571429
72	0.1290322581
73	0.1290322581
74	0.0882352941
75	0.0588235294
76	0.1111111111
77	0.0625000000
78	0.0625000000
79	0.0588235294
80	0.0606060606
81	0.0571428571
82	0.0294117647
83	0.0312500000
84	0.0312500000
85	0.0645161290
86	0.0666666667
87	0.0666666667
88	0.0740740741
89	0.1250000000
90	0.0937500000
91	0.0937500000
92	0.0937500000
93	0.0606060606
94	0.0967741935
95	0.0967741935
96	0.0689655172
97	0.0666666667
98	0.0645161290
99	0.0606060606
100	0.0606060606
