1	1.0000000000
2	1.0000000000
3	1.0000000000
4	1.0000000000
5	1.0000000000
6	1.0000000000
7	1.0000000000
8	1.0000000000
9	1.0000000000
10	1.0000000000
11	1.0000000000
12	1.0000000000
13	1.0000000000
14	1.0000000000
15	1.0000000000
16	1.0000000000
17	1.0000000000
18	1.0000000000
19	1.0000000000
20	1.0000000000
21	1.0000000000
22	1.0000000000
23	1.0000000000
24	1.0000000000
25	1.0000000000
26	1.0000000000
27	1.0000000000
28	1.0000000000
29	1.0000000000
30	1.0000000000
31	1.0000000000
32	1.0000000000
33	1.0000000000
34	0.9705882353
35	0.9444444444
36	0.9166666667
37	0.9117647059
38	0.9117647059
39	0.9062500000
40	0.8888888889
41	0.8571428571
42	0.8000000000
43	0.7714285714
44	0.7352941176
45	0.7096774194
46	0.7419354839
47	0.7428571429
48	0.7941176471
49	0.7812500000
50	0.7428571429
51	0.7333333333
52	0.7586206897
53	0.7586206897
54	0.7931034483
55	0.7647058824
56	0.7575757576
57	0.6857142857
58	0.6666666667
59	0.6285714286
60	0.5312500000
61	0.5151515152
62	0.4117647059
63	0.3750000000
64	0.3125000000
65	0.3125000000
66	0.3611111111
67	0.3888888889
68	0.4166666667
69	0.3823529412
70	0.3529411765
71	0.2647058824
72	0.2857142857
73	0.2941176471
74	0.3235294118
75	0.3333333333
76	0.3513513514
77	0.2500000000
78	0.1944444444
79	0.1428571429
80	0.2000000000
81	0.2000000000
82	0.2000000000
83	0.2258064516
84	0.2580645161
85	0.2857142857
86	0.2500000000
87	0.2400000000
88	0.2800000000
89	0.2692307692
90	0.2222222222
91	0.2500000000
92	0.2272727273
93	0.2500000000
94	0.2857142857
95	0.2727272727
96	0.2727272727
97	0.2500000000
98	0.3461538462
99	0.3076923077
100	0.3214285714
