1	298.5178298042
2	331.4521260788
3	350.5515632497
4	379.3738249538
5	404.5033677566
6	423.5076223899
7	455.0917760481
8	456.5098939181
9	468.2002991959
10	477.6535645721
11	482.3004926595
12	490.0915315796
13	509.1197365424
14	515.9795076306
15	518.9697227511
16	519.0398854510
17	521.9521833893
18	522.2148622427
19	522.3780949423
20	527.9967930299
21	528.7843427723
22	530.0869740091
23	530.6163223786
24	533.9617831442
25	534.3168275118
26	537.9745746765
27	538.3956356620
28	538.7490824528
29	539.0741025507
30	541.4155477202
31	542.0029642556
32	542.0454193098
33	542.1490747633
34	542.3833737080
35	542.4034512554
36	543.0711484053
37	543.1421911561
38	543.5445990533
39	543.5501754124
40	543.6419822491
41	544.1629130740
42	544.1767708586
43	544.1868775316
44	544.2043251175
45	544.4945503999
46	544.7021235732
47	544.9061926292
48	545.9442841619
49	546.0477773026
50	546.0497318943
51	546.1515949206
52	546.2545343795
53	547.1425338861
54	547.1432203493
55	547.1463808133
56	547.4391920155
57	547.6353946956
58	547.9285063261
59	547.9308176140
60	547.9336965303
61	547.9339658939
62	547.9428068822
63	547.9454354140
64	547.9735628563
65	547.9748795378
66	548.0356801378
67	548.4783980419
68	548.5246868612
69	548.5456598463
70	548.5515714406
71	548.5934799092
72	548.6412611096
73	548.6429325425
74	548.6429970407
75	548.6451144033
76	548.9128190836
77	548.9128190836
78	548.9131411108
79	548.9146403893
80	548.9162895806
81	548.9241631481
82	548.9310410577
83	548.9393407979
84	549.0747531576
85	549.0912601570
86	549.0958102774
87	549.0973164677
88	549.0983258309
89	549.1277148146
90	549.1379004108
91	549.1379004108
92	549.2433617768
93	549.2453269788
94	549.2472957744
95	549.3000662976
96	549.3002147385
97	549.3013807689
98	549.3852205139
99	549.4358638180
100	549.4377142864
