1	311.3832694255
2	343.7744821026
3	360.6078287888
4	388.8208059254
5	399.3342415044
6	404.9273605873
7	408.9511519840
8	436.8017041461
9	449.7167107548
10	451.9565571329
11	464.4716210648
12	495.8331872705
13	507.0334633059
14	515.7413944061
15	522.1567895098
16	523.4994159888
17	526.4858374291
18	537.1843251517
19	537.5608768697
20	543.2709046666
21	544.1781828233
22	545.2256541819
23	545.5126465189
24	545.5582588716
25	545.6230903155
26	545.7577437937
27	546.1301759667
28	546.8192257099
29	546.8991611481
30	547.1844630906
31	547.6889559938
32	548.1841914507
33	548.7438963167
34	548.9171727800
35	549.1346700629
36	549.8806635012
37	549.9460306194
38	549.9809909916
39	550.0456366668
40	550.1650620555
41	550.2650413339
42	550.4246619684
43	550.4865003023
44	550.8409989756
45	550.8455721931
46	550.9675185995
47	550.9707592913
48	551.1240181725
49	551.1301293130
50	551.3063529624
51	551.3199597415
52	551.3463098548
53	551.3531923576
54	551.3606561979
55	551.3611934717
56	551.3675515209
57	551.4201818542
58	551.4924075479
59	551.5003767675
60	551.5024828519
61	551.5253053808
62	551.5446525555
63	551.5451941010
64	551.5540157563
65	551.5624541681
66	551.5654438763
67	551.5897111365
68	551.6605297633
69	551.6711947646
70	551.6731819692
71	551.6738175585
72	551.6761045534
73	551.6821202109
74	551.6867997128
75	551.8961476473
76	551.8970753579
77	551.9024049700
78	551.9033538010
79	551.9036117543
80	551.9052108184
81	551.9062428169
82	551.9190159850
83	551.9190159850
84	551.9211171617
85	551.9237559702
86	551.9997814534
87	552.0004491802
88	552.0005598840
89	552.0024665512
90	552.0026129408
91	552.0026682360
92	552.0028577097
93	552.0218056075
94	552.0243215473
95	552.0263104220
96	552.0290760708
97	552.0293805911
98	552.0295629386
99	552.0298648226
100	552.0299787258
