1	311.6848969233
2	327.5788999681
3	352.8641351111
4	364.7493644656
5	396.7839304856
6	435.2957848881
7	454.7250140485
8	462.8004747686
9	474.7310661459
10	484.5308353393
11	490.9245991285
12	494.8538733912
13	499.3910128868
14	505.8538287054
15	510.6647657069
16	513.1192127330
17	521.5582249089
18	523.0944520136
19	525.3048212450
20	525.8774199105
21	525.9783043029
22	526.6356458033
23	527.2113605436
24	527.9115333887
25	529.2327238338
26	529.3878429839
27	530.0588887014
28	532.2861550063
29	532.3369470547
30	535.3664017741
31	535.4831390893
32	535.6964768909
33	535.7611212894
34	535.8099749722
35	536.5254772906
36	536.6312113845
37	536.8802233466
38	536.9306649583
39	536.9919752422
40	537.3540784780
41	537.5598877100
42	537.7685530883
43	537.9562289761
44	538.5041656988
45	538.6132825857
46	538.6141604126
47	539.0670236981
48	539.0683438051
49	539.2020508057
50	539.2022897075
51	539.5870894378
52	539.5874874037
53	539.5884251374
54	539.5922984482
55	539.6058088238
56	539.6059080494
57	539.6371460289
58	539.6553622041
59	539.6556819908
60	539.6580546634
61	539.6581028908
62	539.6814680603
63	539.6947227430
64	539.7354363606
65	539.7358316367
66	539.7808435692
67	539.8713863795
68	539.8815473913
69	539.8816766122
70	539.9506009337
71	539.9538981383
72	539.9539385023
73	539.9559662067
74	539.9572933524
75	539.9680268235
76	539.9682148550
77	539.9806010851
78	540.0051176748
79	540.0305647864
80	540.0314408484
81	540.0612660743
82	540.0613344026
83	540.0951781363
84	540.0953235642
85	540.0954183611
86	540.0955527628
87	540.1169833284
88	540.1178684259
89	540.1788768523
90	540.1856264039
91	540.1960130888
92	540.1960615298
93	540.2023767686
94	540.2023822802
95	540.2024159031
96	540.2024379926
97	540.2024503137
98	540.2024526487
99	540.2024596002
100	540.2025421366
