1	311.3390707633
2	333.4257672305
3	333.8981332050
4	346.9666410990
5	367.4925530413
6	382.3479826230
7	391.0957623025
8	431.3635127054
9	431.3679358324
10	438.3885545920
11	464.8625756404
12	465.6555185666
13	475.2904458648
14	487.4391253654
15	488.3647045747
16	489.1049747362
17	490.6069350988
18	495.3452388617
19	497.7272589450
20	500.0768207788
21	512.3644562010
22	517.6344794983
23	518.5981652193
24	518.9150413128
25	519.1358951867
26	519.8253982420
27	520.4063742697
28	523.5335684496
29	528.1138196151
30	529.7454887278
31	531.1547228674
32	531.6453794544
33	531.7808705926
34	533.8854670081
35	534.0011037365
36	534.8539813801
37	535.3989035512
38	536.3454360530
39	538.1481396769
40	538.1943691307
41	538.9516478954
42	539.1799034098
43	539.7656950728
44	541.3433595500
45	542.8769128096
46	544.3732286605
47	544.4217832471
48	544.4555603047
49	545.4266641531
50	545.4476399308
51	545.7311071353
52	545.8898014668
53	545.9261701689
54	547.3630285186
55	548.2261255173
56	548.3402227226
57	548.3640973041
58	548.3932752525
59	548.3987345638
60	548.3991941328
61	548.4754029934
62	548.5099174316
63	548.5229175556
64	549.1369429199
65	549.1605054665
66	549.1617636886
67	549.8524283230
68	549.8649390757
69	550.4410330037
70	550.6258763192
71	550.6513802984
72	551.1496818003
73	551.2696486869
74	551.2741882544
75	551.5543249172
76	551.7249119243
77	552.3319872178
78	552.3533625751
79	552.3622038483
80	552.4003513942
81	552.5643526518
82	552.5691184699
83	552.5768837628
84	552.5818867929
85	552.5830486128
86	552.5907241406
87	552.5941828439
88	552.7644473639
89	552.7644473639
90	553.0510954491
91	553.0554367043
92	553.2632971468
93	553.2923968270
94	553.4207310243
95	553.5678839085
96	553.5746665270
97	553.5845090361
98	553.5866595287
99	553.5922521598
100	553.6117188011
