1	425.4032386496
2	434.1054228803
3	448.2796208745
4	451.9269224140
5	457.1610160439
6	468.1678447167
7	479.5466873052
8	492.2275251496
9	492.6094897912
10	496.5828388626
11	501.4753527966
12	503.8058956270
13	509.4002328943
14	511.2447669901
15	515.0639375475
16	515.5508675931
17	520.1724609782
18	521.6890774203
19	523.2216555795
20	524.6704364063
21	524.9507788558
22	525.4488531912
23	527.4895653012
24	530.7464689183
25	533.3508826709
26	534.6704124264
27	535.7597980459
28	536.4673438033
29	537.2736371776
30	539.0476579386
31	540.7069777627
32	542.2880490773
33	542.8631198421
34	542.8686043998
35	543.4596613890
36	543.4730651106
37	543.5444039085
38	543.5848840461
39	543.8533755037
40	544.2227855625
41	544.5215092807
42	544.5923257025
43	544.5963623341
44	544.6717808942
45	544.6767905048
46	544.6790231200
47	544.6936846648
48	544.7994586203
49	544.7997667233
50	544.8766159735
51	544.8779702944
52	544.8826485675
53	544.8832356326
54	544.9096738202
55	544.9491444548
56	544.9494908715
57	544.9522650644
58	545.3007421432
59	545.3226032221
60	545.3509388226
61	545.3855732039
62	545.4512695401
63	545.4523762494
64	545.4534769078
65	545.4810678701
66	545.4824772316
67	545.4827384508
68	545.4838278847
69	545.4944036251
70	545.4948683704
71	545.4974821349
72	545.4977439510
73	545.4981321989
74	545.4982649458
75	545.5968469465
76	545.5969329030
77	545.5983759104
78	545.5985462799
79	545.5987600761
80	545.5987814829
81	545.6157698674
82	545.6158681239
83	545.6176947805
84	545.6178961932
85	545.6179046061
86	545.6352017576
87	545.7334056348
88	545.7339175101
89	545.7362441066
90	545.7404503409
91	545.7721814146
92	545.8752046336
93	545.8913415913
94	545.8915168603
95	545.8998715390
96	545.9003619370
97	545.9006282945
98	545.9008125004
99	545.9012104859
100	545.9012845900
