1	511.3701769939
2	521.0215160433
3	526.4848074235
4	527.9024078150
5	527.9962118369
6	530.2710115745
7	533.7323262920
8	534.7706227536
9	535.3221447721
10	536.6428623698
11	537.6577219346
12	538.7224164667
13	539.3788637113
14	539.4335264078
15	539.4418470740
16	539.8021674597
17	539.9405287146
18	539.9721917392
19	540.1546865063
20	540.3670268946
21	540.7254138042
22	540.7278750668
23	540.7286082161
24	540.7331599483
25	540.7346549820
26	540.7371489191
27	540.7409490309
28	540.7426891572
29	540.7438145220
30	540.7438208888
31	540.7445800230
32	540.7526955893
33	540.7614728152
34	540.7843438274
35	540.9786579041
36	540.9787118989
37	540.9793028009
38	541.0297082210
39	541.0301430573
40	541.0310848229
41	541.0314569312
42	541.0319213495
43	541.0319213495
44	541.0321384014
45	541.0574353017
46	541.0575464598
47	541.0802851608
48	541.0813677303
49	541.0813554532
50	541.1889995017
51	541.2404354619
52	541.2404733347
53	541.2407534040
54	541.2408265037
55	541.2410066767
56	541.2411511671
57	541.2415381321
58	541.2415776819
59	541.2416482288
60	541.2417039963
61	541.2417108602
62	541.3300769013
63	541.3301227974
64	541.3301585370
65	541.3301797613
66	541.3302485252
67	541.3302562827
68	541.3302311882
69	541.3303244003
70	541.3307284241
71	541.3307284241
72	541.3307496367
73	541.4334368306
74	541.4412330902
75	541.4513815416
76	541.5795792106
77	541.5835032452
78	541.5835947978
79	541.5836472809
80	541.5836337559
81	541.6059622476
82	541.6059955982
83	541.6421705048
84	541.6519922126
85	541.6997656703
86	541.6997633846
87	541.6997664603
88	541.7477822903
89	541.8105197539
90	541.8597147342
91	541.8597425823
92	541.8597192395
93	541.9681521177
94	542.0394534162
95	542.0394672022
96	542.0393764743
97	542.0393764743
98	542.0395637798
99	542.0396103922
100	542.0876308693
