1	510.1268121284
2	515.1730354959
3	519.8538492776
4	528.3586815945
5	535.4282723450
6	537.2603116064
7	537.5266003210
8	538.0832390301
9	538.7839450685
10	538.7780202794
11	541.4636505211
12	542.0627301576
13	542.5020399148
14	542.7231362755
15	542.8091161084
16	543.1150702885
17	543.4460485397
18	543.5127731510
19	543.5355050363
20	543.5512562281
21	543.6357811284
22	543.7725527112
23	544.1449791021
24	544.4278950911
25	544.7590254983
26	544.8691991416
27	545.0941893392
28	544.8917342104
29	545.3679244717
30	545.3773984909
31	545.3964743105
32	545.4032976571
33	545.4148156465
34	545.4244271223
35	545.7010479605
36	545.7043880223
37	545.7223189223
38	545.7444802927
39	545.7550358091
40	545.7654904490
41	545.8496368628
42	545.8530940331
43	545.8987423263
44	545.9069957926
45	545.9087584052
46	545.9675657414
47	545.9704862118
48	545.9739494083
49	545.9760024841
50	545.9769898860
51	545.9799181057
52	545.9805023366
53	545.9822182388
54	545.9841812742
55	545.9845235683
56	545.9852347640
57	546.0710307927
58	546.0712905992
59	546.0718196985
60	546.0730232181
61	546.0733660039
62	546.0735890741
63	546.0767357937
64	546.0776955849
65	546.0776955849
66	546.0812850851
67	546.0812438752
68	546.1244455066
69	546.1250845751
70	546.1254117172
71	546.1256853221
72	546.1259885023
73	546.1282225023
74	546.1284930016
75	546.1286943079
76	546.1287914148
77	546.1287914148
78	546.1287914148
79	546.1287914148
80	546.1293470640
81	546.1296481014
82	546.1299829312
83	546.1299829312
84	546.1303135661
85	546.1337229318
86	546.1339621292
87	546.1344819448
88	546.1345686677
89	546.1348904199
90	546.1348904199
91	546.1348726303
92	546.1349431066
93	546.1423664592
94	546.1431636231
95	546.1431775384
96	546.1431775384
97	546.1443862088
98	546.1448054056
99	546.1448168251
100	546.1448168251
