1	503.5334322233
2	514.3090687239
3	519.6289111626
4	522.1722926605
5	529.0546806414
6	531.3372190839
7	533.0026029990
8	533.0005483237
9	533.1077396306
10	534.2805645231
11	534.6021592865
12	534.7098868335
13	534.7527283225
14	534.9423879251
15	535.2573402405
16	535.6998519706
17	536.7635700177
18	535.9934415757
19	536.7086507901
20	537.4472724933
21	538.2308811473
22	538.7332743396
23	538.9177051420
24	539.1307572250
25	539.5848434930
26	540.1071275483
27	540.1079306264
28	540.1105804002
29	540.1090652736
30	540.1548442381
31	540.2032963464
32	540.2197668049
33	540.2203855584
34	540.2206859015
35	540.2385484126
36	540.2319944459
37	540.2525351351
38	540.2525932310
39	540.4603005307
40	540.4604993727
41	540.4610439491
42	540.4614456355
43	540.6172707971
44	540.6520188536
45	540.6614547336
46	540.6614532374
47	540.6993089847
48	540.6993750469
49	540.6994972834
50	540.6996741476
51	540.6998923950
52	541.0174627968
53	541.0551138600
54	541.0849880319
55	541.1817711828
56	541.1818160852
57	541.2446737252
58	541.2447354325
59	541.3320121588
60	541.3320217419
61	541.3320400369
62	541.3321033081
63	541.3322871490
64	541.3324626162
65	541.3329394075
66	541.3329700846
67	541.3330341871
68	541.3337960094
69	541.3339462107
70	541.3339574310
71	541.3341533879
72	541.3739886865
73	541.3739967221
74	541.3739513092
75	541.4952098159
76	541.5000930367
77	541.5000988891
78	541.5001035603
79	541.5001107151
80	541.5002794007
81	541.5369701433
82	541.5369701642
83	541.5370254868
84	541.5371940852
85	541.5599157083
86	541.5604391813
87	541.5604487788
88	541.5605305365
89	541.5605305365
90	541.5605509804
91	541.5605641318
92	541.5605674538
93	541.5607351524
94	541.5607351524
95	541.5607351524
96	541.5607351524
97	541.5609123741
98	541.5609218415
99	541.5610547613
100	541.5698455425
