1	0.1724932642
2	0.1861926215
3	0.2039675403
4	0.0983949376
5	0.1618011615
6	0.1213976557
7	0.0991001430
8	0.1910268820
9	0.2483300196
10	0.2168914450
11	0.0335797471
12	0.0260724174
13	0.1768198089
14	0.1748175881
15	0.0717171009
16	0.1012123985
17	0.0924889162
18	0.0863125773
19	0.0430647502
20	0.0539385176
21	0.0273415230
22	0.0424408065
23	0.0519815778
24	0.0743409674
25	0.0475000742
26	0.0591335745
27	0.0654919399
28	0.0646279158
29	0.0993868318
30	0.0903115354
31	0.0987860155
32	0.0801038209
33	0.0744110413
34	0.0633756965
35	0.0633934594
36	0.0669439313
37	0.0615248156
38	0.0717172308
39	0.0713556927
40	0.0729625872
41	0.0798931220
42	0.0763002849
43	0.0755907244
44	0.0749022813
45	0.0734423666
46	0.0829361934
47	0.0766271188
48	0.0874245535
49	0.0915050285
50	0.0792726000
51	0.0728002202
52	0.0734096271
53	0.0734447857
54	0.0721069697
55	0.0722899933
56	0.0761147947
57	0.0832515292
58	0.0843790326
59	0.1314240892
60	0.1281960661
61	0.1287928084
62	0.1286342925
63	0.1300224766
64	0.1316966778
65	0.1147670282
66	0.1112108838
67	0.1090884304
68	0.1139601689
69	0.1139268320
70	0.1109332550
71	0.1112209998
72	0.1087127507
73	0.1084516960
74	0.1047441213
75	0.1038536334
76	0.1040382664
77	0.1040486742
78	0.1040486742
79	0.1056799604
80	0.1062772904
81	0.1063131646
82	0.1086192858
83	0.1086192858
84	0.1072795281
85	0.0990261905
86	0.0990261905
87	0.0992572558
88	0.0980025227
89	0.0979835121
90	0.0968729977
91	0.1013577107
92	0.1013577107
93	0.1012878041
94	0.0993492839
95	0.1035369603
96	0.1037939823
97	0.1028147352
98	0.1031707719
99	0.1072853761
100	0.1062904660
