1	0.0811150670
2	0.1352777293
3	0.1615535386
4	0.1024447381
5	0.1130063840
6	0.0381051427
7	0.1348652132
8	0.1195344327
9	0.1182735363
10	0.0596308032
11	0.0354519488
12	0.0942710723
13	0.0932915460
14	0.1108831855
15	0.0925029675
16	0.0660861548
17	0.0477970878
18	0.0644350531
19	0.0638630532
20	0.0614820976
21	0.1000059403
22	0.0899001617
23	0.0812308222
24	0.0927467562
25	0.1141416234
26	0.0968808491
27	0.1003276839
28	0.1108450665
29	0.0653407537
30	0.2280015920
31	0.0561918923
32	0.0561527895
33	0.0538266312
34	0.0418997888
35	0.0800999713
36	0.0720622397
37	0.0268912482
38	0.0520867382
39	0.0724023640
40	0.0476379499
41	0.0495681048
42	0.0250455199
43	0.0220372409
44	0.0292842369
45	0.0388559131
46	0.1109827896
47	0.0965438974
48	0.1034660735
49	0.0511562012
50	0.0468487957
51	0.0448816139
52	0.0442036879
53	0.0436837388
54	0.0369486239
55	0.0368677209
56	0.0499387020
57	0.0527300294
58	0.0575558454
59	0.0566200620
60	0.0599651175
61	0.0730826749
62	0.0731273580
63	0.0740890713
64	0.0602675602
65	0.0384740198
66	0.0310186634
67	0.0315709197
68	0.0425912784
69	0.0398805111
70	0.0383022756
71	0.0351946810
72	0.0419452459
73	0.0755618644
74	0.0850913180
75	0.0304638530
76	0.0477155053
77	0.0648803364
78	0.0696525446
79	0.0636179830
80	0.0488757848
81	0.0488757848
82	0.0420699612
83	0.0428021712
84	0.0430424527
85	0.0433869034
86	0.0443441104
87	0.0448171485
88	0.0612364226
89	0.0612364226
90	0.0612364226
91	0.0592991146
92	0.0558704057
93	0.0592044625
94	0.0521725043
95	0.0521725043
96	0.0521725043
97	0.0517773690
98	0.0602044823
99	0.0598277923
100	0.0608594654
