1	0.2422477488
2	0.2138489643
3	0.1528107440
4	0.1360140939
5	0.0970627640
6	0.0525902898
7	0.0648255539
8	0.0650470505
9	0.0513428892
10	0.0521813568
11	0.0452823132
12	0.1318444014
13	0.2109138946
14	0.0775143118
15	0.0681192275
16	0.0808612839
17	0.0871505839
18	0.0769168932
19	0.0905222186
20	0.0830441063
21	0.1057425724
22	0.0917495540
23	0.0834145413
24	0.0855788894
25	0.0877512584
26	0.0974916120
27	0.1018708648
28	0.0899778527
29	0.0724847626
30	0.0409246250
31	0.0773720045
32	0.0741716068
33	0.0798761881
34	0.0825921848
35	0.0779086795
36	0.0784906228
37	0.0772101867
38	0.0629223536
39	0.0750078490
40	0.0641905828
41	0.0934388169
42	0.0825155035
43	0.0693785603
44	0.0702635859
45	0.0705501118
46	0.0684386808
47	0.0704798001
48	0.0724246156
49	0.0705423632
50	0.0694880116
51	0.0718160746
52	0.0708990690
53	0.0686266185
54	0.0684039802
55	0.0684707187
56	0.0706021195
57	0.0761697618
58	0.0749971727
59	0.0695650062
60	0.0691762842
61	0.0696507265
62	0.0649764038
63	0.0673630039
64	0.0664932201
65	0.0650431970
66	0.0790942003
67	0.0797007079
68	0.0778287643
69	0.0812805418
70	0.0783848814
71	0.0785827952
72	0.0815280298
73	0.0820207380
74	0.0798025267
75	0.0795835613
76	0.0798876391
77	0.0798876391
78	0.0798876391
79	0.0798876391
80	0.0825531135
81	0.0846556598
82	0.0843895324
83	0.0843895324
84	0.0828900866
85	0.0942177968
86	0.0941818157
87	0.0922902306
88	0.0900645333
89	0.0872960515
90	0.0872960515
91	0.0869184375
92	0.0868755223
93	0.0867045507
94	0.0866335230
95	0.0896268400
96	0.0895856035
97	0.0899533991
98	0.0888520162
99	0.0890248983
100	0.0890248983
