1	0.1439386129
2	0.0961153483
3	0.0793687705
4	0.0323445129
5	0.0841727720
6	0.0506693495
7	0.0535309896
8	0.1012504230
9	0.0473479244
10	0.0670850815
11	0.0593692822
12	0.0475990782
13	0.0361159525
14	0.0378730804
15	0.0273752263
16	0.0327442028
17	0.0383998532
18	0.0351514001
19	0.0450590812
20	0.0483244417
21	0.0566749119
22	0.0243155889
23	0.0284387962
24	0.0519271842
25	0.0730082149
26	0.0904410685
27	0.0315964276
28	0.0351556912
29	0.0839006470
30	0.0642567356
31	0.0475633394
32	0.0495869301
33	0.1138889237
34	0.0920322720
35	0.0781272409
36	0.0829105627
37	0.0380033052
38	0.0247227466
39	0.0323564730
40	0.0466138034
41	0.0355608261
42	0.0276809177
43	0.0279299544
44	0.0371379401
45	0.0352942599
46	0.0309680824
47	0.0354715321
48	0.0272204747
49	0.0321735781
50	0.0379407014
51	0.0415243048
52	0.0413648539
53	0.0458508306
54	0.0327280482
55	0.0891069474
56	0.0266294028
57	0.0326223229
58	0.0829619020
59	0.0832109360
60	0.0501790974
61	0.0770870786
62	0.0772828767
63	0.0790988214
64	0.0747752453
65	0.0351938919
66	0.0642558579
67	0.0639897286
68	0.0617749346
69	0.0202166363
70	0.0217257701
71	0.0216728218
72	0.0208565815
73	0.0217003102
74	0.0205755662
75	0.0527741267
76	0.0371813332
77	0.0390621706
78	0.0325864653
79	0.0280013460
80	0.0223520600
81	0.0210003552
82	0.0169514494
83	0.0255886406
84	0.0233453080
85	0.0233095069
86	0.0292963316
87	0.0318636532
88	0.0313091115
89	0.0241733029
90	0.0246995737
91	0.0248169821
92	0.0176112590
93	0.0202074802
94	0.0201936158
95	0.0168591373
96	0.0183612932
97	0.0188012308
98	0.0192863199
99	0.0202990142
100	0.0187023048
