1	0.0671277883
2	0.1219619963
3	0.1275183083
4	0.1499098351
5	0.0910637833
6	0.2574866187
7	0.1485379340
8	0.2038389786
9	0.2440075575
10	0.1333493006
11	0.1265911924
12	0.2250361016
13	0.2051518466
14	0.2289647445
15	0.2186548715
16	0.2249646592
17	0.2214813561
18	0.1155619663
19	0.0658778718
20	0.0974708926
21	0.1550603869
22	0.1715024669
23	0.1033827430
24	0.1022202113
25	0.0916269733
26	0.1810061571
27	0.1579040495
28	0.1784564936
29	0.1411514049
30	0.1508438699
31	0.1475597991
32	0.1622320703
33	0.1581004123
34	0.1288680862
35	0.1348840625
36	0.0441439628
37	0.0620654611
38	0.0609698192
39	0.0632891661
40	0.0674368417
41	0.0699604715
42	0.0705933471
43	0.0710097025
44	0.0917661217
45	0.0686790135
46	0.0837897486
47	0.0821256606
48	0.0444166676
49	0.0586583865
50	0.0677924678
51	0.0701496020
52	0.0718034304
53	0.1291930128
54	0.0926089636
55	0.0561194184
56	0.1410436733
57	0.1269272752
58	0.1288183265
59	0.1318800206
60	0.1186841438
61	0.1205299428
62	0.1251980623
63	0.1241527551
64	0.1216379876
65	0.1237491387
66	0.0566584438
67	0.0717752554
68	0.0523836341
69	0.0436867566
70	0.0391567447
71	0.0268443804
72	0.0273741267
73	0.0273103667
74	0.0239410005
75	0.0291237268
76	0.0361397499
77	0.0325561815
78	0.0345387513
79	0.0345387513
80	0.0358681883
81	0.0437014635
82	0.0638424680
83	0.0808443459
84	0.0809657877
85	0.0584106072
86	0.0608003534
87	0.0618061991
88	0.0825027731
89	0.0834096777
90	0.0850361436
91	0.0867886662
92	0.0900179140
93	0.0872953144
94	0.0582504647
95	0.0908295149
96	0.0931166603
97	0.0887928489
98	0.0888247628
99	0.0889617862
100	0.0490778470
