1	0.1672241310
2	0.1283672311
3	0.0937436419
4	0.0730205375
5	0.0634567162
6	0.0585298969
7	0.0352865263
8	0.0381329207
9	0.0536216578
10	0.0541470896
11	0.0685281868
12	0.0594548527
13	0.0705605232
14	0.0528652694
15	0.0345608411
16	0.0457616577
17	0.0487555621
18	0.0454935348
19	0.0612288097
20	0.0429627023
21	0.0451445726
22	0.0480461092
23	0.0457922583
24	0.0497879644
25	0.0372729719
26	0.0285159874
27	0.0290684917
28	0.0361219023
29	0.0385817816
30	0.0338538264
31	0.0750778440
32	0.0292050337
33	0.0290775057
34	0.0268259269
35	0.0338508364
36	0.0342832326
37	0.0226822119
38	0.0442311478
39	0.0559881728
40	0.0542457759
41	0.0384707772
42	0.0323376733
43	0.0357694857
44	0.0466564932
45	0.0481383931
46	0.0485916939
47	0.0314135533
48	0.0226314074
49	0.0332742556
50	0.0650209118
51	0.0702655538
52	0.0352242229
53	0.0428135939
54	0.0479586264
55	0.0351846639
56	0.0219123467
57	0.0195199227
58	0.0261844206
59	0.0268598380
60	0.0281736842
61	0.0267795037
62	0.0360384716
63	0.0613901281
64	0.0330884162
65	0.0480131343
66	0.0385356578
67	0.0944550428
68	0.0835516898
69	0.0586828156
70	0.0412684489
71	0.0668640616
72	0.0698574653
73	0.0680010079
74	0.0669460325
75	0.0683715665
76	0.0663071685
77	0.0417593050
78	0.0564419625
79	0.0373612391
80	0.0442331785
81	0.0565512787
82	0.0653201243
83	0.0415461126
84	0.0687103149
85	0.0708200987
86	0.0559458449
87	0.0746498737
88	0.0393669301
89	0.0180094002
90	0.0343239680
91	0.0313131096
92	0.0301660199
93	0.0350461695
94	0.0354959679
95	0.0289779988
96	0.0283809676
97	0.0291729746
98	0.0434200872
99	0.0454330957
100	0.0331034753
