1	0.1635527859
2	0.0925614475
3	0.0688971900
4	0.0571044685
5	0.0395514304
6	0.0501904577
7	0.0787765705
8	0.0766095606
9	0.1050868855
10	0.0816185073
11	0.0249182606
12	0.0251407987
13	0.0354711331
14	0.0380146854
15	0.0442001274
16	0.0977817557
17	0.0740530608
18	0.0467581812
19	0.0201628705
20	0.0601549413
21	0.0491366671
22	0.0319119276
23	0.0464048523
24	0.0323596471
25	0.0296182938
26	0.0277279653
27	0.0227723713
28	0.0423716949
29	0.0759147644
30	0.0647326428
31	0.0395609812
32	0.0436034633
33	0.0595254747
34	0.0620051711
35	0.0437119756
36	0.0416267392
37	0.0176245871
38	0.0242303832
39	0.0286006014
40	0.0157337826
41	0.0480621091
42	0.0499483993
43	0.0450708149
44	0.1042481159
45	0.0581313497
46	0.0412914223
47	0.0347267380
48	0.0442024547
49	0.0383853834
50	0.0726426517
51	0.0235998709
52	0.0302176174
53	0.0314857358
54	0.0369441057
55	0.0324762316
56	0.1287217400
57	0.1385078676
58	0.0552046559
59	0.0514711327
60	0.1825167011
61	0.1535696955
62	0.1608566218
63	0.0370604131
64	0.0597750734
65	0.0597490403
66	0.1232485991
67	0.0559314789
68	0.0395089748
69	0.0330921025
70	0.0361596523
71	0.0405612325
72	0.0533884804
73	0.0495327946
74	0.0534834811
75	0.0640900175
76	0.0349980224
77	0.0330014876
78	0.0531435229
79	0.0648536629
80	0.0720208742
81	0.1045278054
82	0.0905374877
83	0.0809881278
84	0.0245468603
85	0.0290445134
86	0.0692510726
87	0.0897423021
88	0.0820403377
89	0.0819820417
90	0.1257704358
91	0.0731857992
92	0.0889191584
93	0.0355380890
94	0.0444300071
95	0.0476445025
96	0.0434677615
97	0.0383607819
98	0.0579057623
99	0.0829446763
100	0.0312679049
