1	0.1433544857
2	0.1800465720
3	0.2528046165
4	0.1379022297
5	0.0618741723
6	0.1091199069
7	0.1018168601
8	0.1303267741
9	0.1767060261
10	0.1122747193
11	0.0858210579
12	0.0830543238
13	0.1010267394
14	0.0820815783
15	0.0775947167
16	0.0957384633
17	0.0779278303
18	0.0437401303
19	0.1002378840
20	0.1075148093
21	0.1210956845
22	0.1355339726
23	0.1634817561
24	0.1708136636
25	0.1594120383
26	0.1143347093
27	0.1320322572
28	0.1599578999
29	0.1454649573
30	0.1421818165
31	0.1096209837
32	0.0804978962
33	0.0723590242
34	0.0665464684
35	0.0832364010
36	0.0556713103
37	0.0609233804
38	0.0643837681
39	0.0697263985
40	0.1220730845
41	0.0994492386
42	0.0978638549
43	0.1031214777
44	0.0715638427
45	0.0634335785
46	0.0682016860
47	0.0704376109
48	0.0672486868
49	0.0696490604
50	0.0863062604
51	0.0766695812
52	0.0758999701
53	0.0693242455
54	0.0605355918
55	0.0750293080
56	0.0824072702
57	0.0802272331
58	0.0813090936
59	0.0812657002
60	0.0903385611
61	0.0819922159
62	0.0827032783
63	0.0853722891
64	0.1172019717
65	0.1164418489
66	0.1081572451
67	0.1084058945
68	0.1089202414
69	0.1140220240
70	0.1126015811
71	0.1129464109
72	0.1163497418
73	0.1319773191
74	0.1156868106
75	0.1146802877
76	0.1278190622
77	0.1359389325
78	0.1357601395
79	0.1385559126
80	0.1402466752
81	0.1378246464
82	0.1453662668
83	0.1401205067
84	0.1244844359
85	0.1237629619
86	0.1237629619
87	0.1259435077
88	0.1262455704
89	0.1295964410
90	0.1290915189
91	0.1236710503
92	0.1240365845
93	0.1216330842
94	0.1216330842
95	0.1213410513
96	0.1231576775
97	0.1209158670
98	0.1209158670
99	0.1183020627
100	0.1250834141
