1	0.1313306261
2	0.1689431035
3	0.2071477181
4	0.1900634325
5	0.1021007602
6	0.0947547805
7	0.2026349553
8	0.1445818750
9	0.2221593631
10	0.0930068030
11	0.1494618290
12	0.0826967514
13	0.0479163894
14	0.0791400938
15	0.0805927262
16	0.0559265733
17	0.0835262910
18	0.0805311308
19	0.0657652948
20	0.0709955634
21	0.0899195585
22	0.0981018341
23	0.0950826944
24	0.1084249374
25	0.1142476656
26	0.1177195601
27	0.1177768479
28	0.1376556045
29	0.1374508225
30	0.1425843423
31	0.1442981426
32	0.1575662420
33	0.1111408302
34	0.1005822510
35	0.1166702178
36	0.1199206809
37	0.1224132641
38	0.0934603072
39	0.0909236638
40	0.0958850513
41	0.0914225061
42	0.0969097860
43	0.0969097860
44	0.1139095313
45	0.1058415126
46	0.1072446191
47	0.1104792543
48	0.1427478461
49	0.1483840521
50	0.1407588230
51	0.1364516448
52	0.1364625659
53	0.1350951012
54	0.1308032268
55	0.1154146505
56	0.1166261616
57	0.1245650942
58	0.1252857766
59	0.1241370058
60	0.1169751014
61	0.1169705178
62	0.1272793904
63	0.1143289853
64	0.1148361459
65	0.1063316682
66	0.1067745804
67	0.1036145311
68	0.1028208025
69	0.1062383451
70	0.1377501845
71	0.1377501845
72	0.1335279408
73	0.1506958359
74	0.1350100966
75	0.0387255355
76	0.0320098243
77	0.0295250343
78	0.0303376604
79	0.0272368015
80	0.0270088608
81	0.0402200574
82	0.0353211300
83	0.0562989676
84	0.0514179926
85	0.0471594220
86	0.0514322136
87	0.0509880644
88	0.0349391743
89	0.0265892715
90	0.0255936694
91	0.0229449847
92	0.0248008861
93	0.0332004844
94	0.0553558785
95	0.0543441700
96	0.0565711890
97	0.0565711890
98	0.0536646348
99	0.0524310075
100	0.0995982905
