1	0.1498877539
2	0.1043506060
3	0.0697035630
4	0.0560904889
5	0.0519729543
6	0.0482744528
7	0.0522756583
8	0.0465967229
9	0.0391168153
10	0.0402563444
11	0.0291007834
12	0.0490028561
13	0.0560819286
14	0.0255422897
15	0.0349878047
16	0.0364532833
17	0.0500361633
18	0.0356527203
19	0.0208434599
20	0.0529702309
21	0.0301498674
22	0.0231920395
23	0.0356721021
24	0.0221007372
25	0.0497415634
26	0.0323002548
27	0.0354903742
28	0.0489138519
29	0.0345455906
30	0.0341435945
31	0.0421251101
32	0.0453067550
33	0.0534033720
34	0.0570104933
35	0.1044867018
36	0.1009354463
37	0.0585780174
38	0.1046434594
39	0.0919484145
40	0.0447503627
41	0.0411261208
42	0.0130495235
43	0.0346117758
44	0.0278526887
45	0.0427770418
46	0.0586183435
47	0.0552243603
48	0.0583003954
49	0.1252095256
50	0.1205952617
51	0.1211447457
52	0.0331572914
53	0.0532376521
54	0.0334608779
55	0.0478000223
56	0.0435994617
57	0.0759887035
58	0.0504842839
59	0.0531914688
60	0.0563927208
61	0.0602905587
62	0.0607636070
63	0.0313487247
64	0.0942807111
65	0.0395999052
66	0.0625776761
67	0.0175787969
68	0.0436723779
69	0.0347060019
70	0.0376737078
71	0.0189249280
72	0.0286171547
73	0.0275474154
74	0.0260888924
75	0.0212082407
76	0.0238213137
77	0.0286441682
78	0.0429823384
79	0.0414403435
80	0.0434068377
81	0.0541255830
82	0.0573981118
83	0.0243145033
84	0.0272081423
85	0.0278360623
86	0.0850388096
87	0.0800961527
88	0.0794804217
89	0.0927161172
90	0.0844027694
91	0.0844497787
92	0.0589091205
93	0.0368751832
94	0.0366436832
95	0.0977033932
96	0.1032133921
97	0.0991327887
98	0.0890648937
99	0.0885248301
100	0.0870728303
