0.991049085266918	0.07323981783804538	0.001783628002589438	0.008715542180306068
0.991049085266918	0.07323981783804538	0.001783628002589438	0.008715542180306068
0.9301170989264268	0.08227925455535205	0.012436467482461494	0.002656001505035366
0.9296559194670984	0.09977612484362072	0.00872796457645944	0.013736198449089077
0.9290928741684167	0.13715480680139533	0.00872796457645944	0.03838386645498848
0.9290928741684167	0.13715480680139533	0.00872796457645944	0.03838386645498848
0.9290928741684167	0.13715480680139533	0.00872796457645944	0.03838386645498848
0.9290928741684167	0.13715480680139533	0.00872796457645944	0.03838386645498848
0.9290928741684167	0.13715480680139533	0.00872796457645944	0.03838386645498848
0.9290928741684167	0.13715480680139533	0.00872796457645944	0.03838386645498848
0.9290928741684167	0.13715480680139533	0.00872796457645944	0.03838386645498848
0.6711405985769309	0.35244689900368026	0.22606635808893966	0.3006456008483948
0.6711405985769309	0.35244689900368026	0.22606635808893966	0.3006456008483948
0.574386207822652	0.35932725353793804	0.27635205157578524	0.3231203679796757
0.574386207822652	0.35932725353793804	0.27635205157578524	0.3231203679796757
0.5116677706142145	0.36689405630806055	0.22716202797013726	0.32683592646352677
0.492615147724211	0.37867186704967076	0.2484665095378843	0.3006370936987949
0.45265067319622865	0.39117807799803606	0.33160059785910734	0.31616418186254336
0.41714208338001785	0.40323702130165884	0.21342695045452345	0.32295518242494575
0.4110283767160728	0.4199302441462584	0.2528305908952	0.3692276953546633
0.38397899736868246	0.4321008553924818	0.32549020796676476	0.44739325046005407
0.36926546427427004	0.4630888281138629	0.40530919029933743	0.4797561494129886
0.3605151147715705	0.4833736902913124	0.43837624515816254	0.49992822598580494
0.3358218793584261	0.5074075156715949	0.41566369460271085	0.4058828024635116
0.3023987090235992	0.5192182440667156	0.30874151233876507	0.34040526906964286
0.28801183314362555	0.5395628692618001	0.32266272628001014	0.3986340267113435
0.27893566455051594	0.5549434320291582	0.36989785251242335	0.4613579881545931
0.25206547173097776	0.6197913532185041	0.38729683656886216	0.38341911296494385
0.23133633258034797	0.6382155258684953	0.45615032874947614	0.4364803256537386
0.22440003026936634	0.6515719273818424	0.3422221908009517	0.4364803256537386
0.20627236404792654	0.7052790697185524	0.4157779946473831	0.5004691236214135
0.16068697299998796	0.7401264953186756	0.5730621951985962	0.41838289395295547
0.16068697299998796	0.7401264953186756	0.5730621951985962	0.41838289395295547
0.1375142356553342	0.7730343223582276	0.5615660745580293	0.45938911342290584
0.11959504564338601	0.8229260231103697	0.506949766559995	0.42180372756583506
0.09563088797019495	0.87981563028793	0.6203037682972279	0.4028148397669031
0.07289166053011203	0.910903702309696	0.7059328470134193	0.4280696163601595
0.04893987392511291	0.953867576991592	0.6458691099245931	0.47151365689005914
0.027022067329127868	0.9902102031828889	0.7230139296565499	0.4633361276105127
0.002864335049279099	1.0954451872011943	0.5133560016977626	0.5460466779218479
