2.1006466419773293	0.17580368646874026	0.0034715640234961043	0.1688642700831928
2.1006466419773293	0.17580368646874026	0.0034715640234961043	0.1688642700831928
1.4059627359460927	0.18143163127729564	0.0035708055874557887	0.15934382861017937
1.1483978635060437	0.18335565584352656	0.005575072921685492	0.16855905272557423
1.0812982194849297	0.18407270456343205	0.005575072921685492	0.16855905272557423
0.8859306072300803	0.18517391628755459	0.005575072921685492	0.16855905272557423
0.8859306072300803	0.18517391628755459	0.005575072921685492	0.16855905272557423
0.7194056096412311	0.186622100115885	0.0005611339151313233	0.18613592714404703
0.7194056096412311	0.186622100115885	0.0005611339151313233	0.18613592714404703
0.7194056096412311	0.186622100115885	0.0005611339151313233	0.18613592714404703
0.7194056096412311	0.186622100115885	0.0005611339151313233	0.18613592714404703
0.7194056096412311	0.186622100115885	0.0005611339151313233	0.18613592714404703
0.7194056096412311	0.186622100115885	0.0005611339151313233	0.18613592714404703
0.7194056096412311	0.186622100115885	0.0005611339151313233	0.18613592714404703
0.7194056096412311	0.186622100115885	0.0005611339151313233	0.18613592714404703
0.6648849130695184	0.1866274547094287	0.0005611339151313233	0.18613592714404703
0.6830859945169694	0.1866274547094287	0.0005611339151313233	0.18613592714404703
0.6830859945169694	0.1866274547094287	0.0005611339151313233	0.18613592714404703
0.6830859945169694	0.1866274547094287	0.0005611339151313233	0.18613592714404703
0.6648849130695184	0.1866274547094287	0.0005611339151313233	0.18613592714404703
0.6714485385060862	0.18665301349702043	0.0005611339151313233	0.18102772890597346
0.6564181749717655	0.18666049360525191	0.0005611339151313233	0.17990771703561503
0.6607506254092657	0.186654999428518	0.0005611339151313233	0.18065004399196793
0.6564181749717655	0.18666049360525191	0.0005611339151313233	0.17990771703561503
0.6564181749717655	0.18666049360525191	0.0005611339151313233	0.17990771703561503
0.6474508500467165	0.18667228550915588	0.0005611339151313233	0.17842306312290926
0.6474508500467165	0.18667228550915588	0.0005611339151313233	0.17842306312290926
0.6455198128348847	0.18667401328290242	0.0005611339151313233	0.1784100202512511
0.6431123660949419	0.18667655539384978	0.0005611339151313233	0.17842306312290926
0.6396536803613556	0.18671522229810728	0.0005611339151313233	0.17839045594376388
0.637254437887974	0.18678327957357993	0.0005611339151313233	0.18784310573701923
0.6290827220957954	0.18691783431728487	0.0005611339151313233	0.18784310573701923
0.6290827220957954	0.18691783431728487	0.0005611339151313233	0.18784310573701923
0.6290827220957954	0.18691783431728487	0.0005611339151313233	0.18784310573701923
0.6290827220957954	0.18691783431728487	0.0005611339151313233	0.18784310573701923
0.627498208546343	0.19126650442344362	0.0024599704326129235	0.18784310573701923
0.6273479603832982	0.20651764754949037	0.0024599704326129235	0.24853527489237864
0.6273326129779644	0.2113089967017217	0.0024599704326129235	0.18784310573701923
0.6273326129779644	0.2113089967017217	0.0024599704326129235	0.18784310573701923
0.6273326129779644	0.2113089967017217	0.0024599704326129235	0.18784310573701923
