1.1481091815837683	0.005144885923474191	0.00031767631091911275	0.04288139151246251
1.039788869104187	0.014839988955242895	0.07378686056113709	0.04288139151246251
0.9915812099789786	0.04168852825294424	0.036702301728676306	0.01958954281883596
0.9913002546407778	0.062478379466567896	0.05927976952783423	0.01958954281883596
0.9913002546407778	0.06988076955306186	0.01854105214058624	0.01958954281883596
0.9913002546407778	0.10461548280030354	0.01854105214058624	0.01958954281883596
0.9913002546407778	0.10461548280030354	0.01854105214058624	0.01958954281883596
0.9913002546407778	0.10461548280030354	0.01854105214058624	0.01958954281883596
0.9913002546407778	0.10461548280030354	0.01854105214058624	0.01958954281883596
0.9913002546407778	0.10461548280030354	0.01854105214058624	0.01958954281883596
0.9913002546407778	0.10461548280030354	0.01854105214058624	0.01958954281883596
0.9913002546407778	0.10461548280030354	0.01854105214058624	0.01958954281883596
0.9913214038493079	0.10156381023616949	0.022346128813166027	0.05839755088970011
0.6227337872946168	0.3336268379022638	0.16379275434012083	0.3660604329584377
0.5760004395449365	0.333194474242269	0.22392364318060695	0.3590041496550309
0.6176220811191718	0.33057398482895667	0.19377819472016058	0.3660604329584377
0.6176220811191718	0.33057398482895667	0.19377819472016058	0.3660604329584377
0.6176220811191718	0.33057398482895667	0.19377819472016058	0.3660604329584377
0.6176220811191718	0.33057398482895667	0.19377819472016058	0.3660604329584377
0.6039307752473921	0.33104752546900096	0.19812670399780216	0.2708706165032633
0.5760004395449365	0.333194474242269	0.22392364318060695	0.3590041496550309
0.5600623958784583	0.3459277944116249	0.17497043388069078	0.34043546296039773
0.5316062494734758	0.35023592535332454	0.1724631986707944	0.37897620629593526
0.507198321380345	0.3543353757678123	0.2579731619070675	0.3775999072738786
0.47483456656136225	0.36010302599698274	0.2127277587745125	0.3294004871103924
0.47483456656136225	0.36010302599698274	0.2127277587745125	0.3294004871103924
0.4505612308709058	0.3694844155625199	0.18802440525871925	0.3469079907924828
0.4319909119999036	0.37333205879213477	0.1929810652563937	0.37837446721446616
0.42586230567414407	0.37899987221985865	0.30156698641530344	0.3395028353440222
0.39434041498928435	0.3946778286326702	0.22973928372978397	0.32401417109138625
0.39434041498928435	0.3946778286326702	0.22973928372978397	0.32401417109138625
0.36840876927759664	0.4328485215480192	0.29301500720462204	0.41655159217695237
0.3565243830884515	0.44005843739278555	0.3200937909188629	0.278699969242178
0.35182188025687444	0.4541578333137999	0.23304222835113253	0.3542103068939735
0.3311572893732407	0.47712570027020124	0.31644260406702973	0.38644786508458484
0.3281509365221031	0.4869336005867807	0.292227985453829	0.3210816752881007
0.3155181660332373	0.5082962844346297	0.3503901047691175	0.3471851138769959
0.2979236719367064	0.5302490937870412	0.307089226202924	0.39461627817679334
0.2812427364517692	0.5449627767877426	0.4297784074611747	0.382464734318334
0.27317969788884794	0.5941640960632175	0.3654837953282536	0.5080776170687423
