0.8369479711293673	0.18479525124473284	0.0018801763150202988	0.17473331611168608
0.8369479711293673	0.18479525124473284	0.0018801763150202988	0.17473331611168608
0.8369479711293673	0.18479525124473284	0.0018801763150202988	0.17473331611168608
0.7853307495021622	0.18535092500534336	0.0018801763150202988	0.17159842925855312
0.6925576755137026	0.19146562949893287	0.0018801763150202988	0.14999578731974678
0.6246182902227733	0.19824984177116323	0.007860435769895646	0.15594526251661567
0.6170786125934774	0.20135395360641606	0.013148697949259047	0.20371068389385966
0.6148464832691568	0.21148413673014854	0.00865195326837595	0.22842264339825613
0.6142573102843797	0.21967137076325555	0.00865195326837595	0.22842264339825613
0.6142573102843797	0.21967137076325555	0.00865195326837595	0.22842264339825613
0.6142573102843797	0.21967137076325555	0.00865195326837595	0.22842264339825613
0.6142573102843797	0.21967137076325555	0.00865195326837595	0.22842264339825613
0.6142573102843797	0.21967137076325555	0.00865195326837595	0.22842264339825613
0.6142573102843797	0.21967137076325555	0.00865195326837595	0.22842264339825613
0.5296294053153068	0.3230128190821565	0.1776860893007975	0.3436107996775958
0.5296294053153068	0.3230128190821565	0.1776860893007975	0.3436107996775958
0.5296294053153068	0.3230128190821565	0.1776860893007975	0.3436107996775958
0.5188980141810341	0.32433532458203923	0.18476050260991048	0.3436107996775958
0.4862346807870006	0.325779194883511	0.2378850316294199	0.33104653262842887
0.4732270698755612	0.32599285714019866	0.2468081486522973	0.3436107996775958
0.45811687321624567	0.33055983271588824	0.2646543826980521	0.3687393337759296
0.45811687321624567	0.33055983271588824	0.2646543826980521	0.3687393337759296
0.43673037856137764	0.34438053670787877	0.22228153534478112	0.27545167120303704
0.43673037856137764	0.35273259704342275	0.22228153534478112	0.31747244617668846
0.42820578544208465	0.3665485812894756	0.22603103949655015	0.29645944277586544
0.4220285849347892	0.3700525005997132	0.23932448644433824	0.3670855191891304
0.4093299119134863	0.37955564243772477	0.23113954020646263	0.27630982906462764
0.40089911901533903	0.39004104347322155	0.2344991177434292	0.32188398970980275
0.3937704385260058	0.3967956542551716	0.2638666032693082	0.38957632285651994
0.3794905274182444	0.4130290680469003	0.2930456720347	0.3725415555751058
0.37694712909640216	0.42184278463069236	0.23638799881398553	0.38670342410171765
0.368028312617807	0.4403152499229966	0.20360962809025185	0.39501583021823466
0.3602045868822379	0.4528769133444845	0.36152235760376683	0.30537982200527763
0.3457688403041205	0.4714897286000471	0.3619880712921719	0.29967595243650436
0.33577673127329044	0.47726482535652115	0.3953872259839005	0.3100721260298307
0.3321182414635881	0.4787832909232957	0.3482236965061921	0.2715424293722673
0.3244402916893169	0.5232674663482578	0.43860767888360747	0.34080599268467104
0.3133325839924783	0.592234413703507	0.5237058769109566	0.4604940462138001
0.30879638046542035	0.5728218576520767	0.4627543434260514	0.5222627132865845
0.29157947780468785	1.1054267135492797	0.7862409187609887	0.7817227079401299
