0.6799372501136849	0.19158861760115845	0.00019236612607012593	0.19155363025997021
0.6799372501136849	0.19158861760115845	0.00019236612607012593	0.19155363025997021
0.6799372501136849	0.19158861760115845	0.00019236612607012593	0.19155363025997021
0.6799372501136849	0.19158861760115845	0.00019236612607012593	0.19155363025997021
0.6799372501136849	0.19158861760115845	0.00019236612607012593	0.19155363025997021
0.6799372501136849	0.19158861760115845	0.00019236612607012593	0.19155363025997021
0.6799372501136849	0.19158861760115845	0.00019236612607012593	0.19155363025997021
0.6799372501136849	0.19158861760115845	0.00019236612607012593	0.19155363025997021
0.6799372501136849	0.19158861760115845	0.00019236612607012593	0.19155363025997021
0.6799372501136849	0.19158861760115845	0.00019236612607012593	0.19155363025997021
0.6936885574368077	0.19158861760115845	0.00019236612607012593	0.19155363025997021
0.6936885574368077	0.19158861760115845	0.00019236612607012593	0.19155363025997021
0.6936885574368077	0.19158861760115845	0.00019236612607012593	0.19155363025997021
0.6923260734615274	0.19158971947872222	0.00019236612607012593	0.19155363025997021
0.6823968349575926	0.19158971947872222	0.00019236612607012593	0.19155363025997021
0.6744443259696828	0.19158971947872222	0.00019236612607012593	0.19155363025997021
0.6683792394553756	0.19158980095217815	0.00019236612607012593	0.19155363025997021
0.6468582175890721	0.19159906571254465	0.00019236612607012593	0.19339548419426555
0.6468582175890721	0.19159906571254465	0.00019236612607012593	0.19339548419426555
0.6355738686712264	0.19159906571254465	0.00019236612607012593	0.19339548419426555
0.6355738686712264	0.19159906571254465	0.00019236612607012593	0.19339548419426555
0.6355738686712264	0.19159906571254465	0.00019236612607012593	0.19339548419426555
0.6355738686712264	0.19159906571254465	0.00019236612607012593	0.19339548419426555
0.6355738686712264	0.19159906571254465	0.00019236612607012593	0.19339548419426555
0.6355738686712264	0.19159906571254465	0.00019236612607012593	0.19339548419426555
0.6355738686712264	0.19159906571254465	0.00019236612607012593	0.19339548419426555
0.6355738686712264	0.19159906571254465	0.00019236612607012593	0.19339548419426555
0.6304203511087696	0.1916209771100488	0.00019236612607012593	0.19339548419426555
0.6304203511087696	0.1916209771100488	0.00019236612607012593	0.19339548419426555
0.6283285592337483	0.19166291943057695	0.00019236612607012593	0.1981583222130372
0.6283285592337483	0.19166291943057695	0.00019236612607012593	0.1981583222130372
0.6258150893292708	0.19172790450015162	0.00019236612607012593	0.1981583222130372
0.6221227818232234	0.19173299118981163	0.00019236612607012593	0.20101003942228235
0.6221227818232234	0.19173299118981163	0.00019236612607012593	0.20101003942228235
0.6221227818232234	0.19173299118981163	0.00019236612607012593	0.20101003942228235
0.6206648591505685	0.19201583842432404	0.00019236612607012593	0.20101003942228235
0.6195502903314902	0.19204707594942727	0.00019236612607012593	0.20396129549658482
0.6188452269692091	0.1952192142473916	0.00019236612607012593	0.22911751580858072
0.6178594623974367	0.19723101816453822	0.00019236612607012593	0.2242888484854862
0.6175064586942559	0.22578644268800763	0.047269108696635365	0.21321599800514127
