0.744454833820445	0.20305958286623654	0.0011165231811680332	0.2137626588403164
0.744454833820445	0.20305958286623654	0.0011165231811680332	0.2137626588403164
0.7388029858286064	0.20420619547438487	0.0011165231811680332	0.2220423742843505
0.5851758573113008	0.21910208988956859	0.0010085837768315231	0.20708092668094874
0.5812976403980965	0.23168254290736442	0.027364541801365494	0.19052149579288052
0.5809859449756829	0.24408082363632033	0.009965345311335638	0.20238983973742913
0.5809409150345692	0.2684290453864203	0.0877534543852512	0.26795948561985705
0.5809211163559533	0.2833916266028301	0.0877534543852512	0.28879834948370303
0.5809211163559533	0.2833916266028301	0.0877534543852512	0.28879834948370303
0.5809211163559533	0.2833916266028301	0.0877534543852512	0.28879834948370303
0.5809211163559533	0.2833916266028301	0.0877534543852512	0.28879834948370303
0.5809211163559533	0.2833916266028301	0.0877534543852512	0.28879834948370303
0.5809211163559533	0.2833916266028301	0.0877534543852512	0.28879834948370303
0.4090175845914416	0.439705613889926	0.3078579809966684	0.3551090575845739
0.4090175845914416	0.439705613889926	0.3078579809966684	0.3551090575845739
0.4090175845914416	0.439705613889926	0.3078579809966684	0.3551090575845739
0.39256376782473573	0.443089090213749	0.30387013492450465	0.34972965161583347
0.38602326182434055	0.45169715675980576	0.339723899820798	0.3394745011706921
0.35582513302168317	0.46547937221678604	0.3445919762126507	0.38325037890878777
0.3502370593435402	0.48058104060922097	0.3445919762126507	0.47354215483257533
0.3424993928900985	0.512017289905731	0.3618740447405486	0.46065802526042904
0.3138513269502289	0.5295605149177225	0.3452077359563	0.4523150870003384
0.307561677530231	0.5553682185902408	0.3138648511692156	0.42718120007754423
0.2880949797734467	0.5636977077310305	0.38073788147700294	0.4513958563715429
0.2730436511849445	0.5719262182766285	0.38073788147700294	0.4513958563715429
0.24650372766529657	0.5924997880755627	0.4183380467660672	0.4084195159675504
0.2373470141043736	0.6063914737501589	0.3954810754644902	0.4672544970515694
0.2263412386471657	0.6645259868514268	0.5377455845334627	0.3801957690115041
0.2108893199582127	0.6715333853337788	0.542036138421878	0.4722620863113596
0.184574673593699	0.6975092877005553	0.5417634303045489	0.41761972916078566
0.17784872433584717	0.7065831138741254	0.49651938351347813	0.40356176398571975
0.1622653573838865	0.7508135968250442	0.5699394538878505	0.44974846753008213
0.14532717303184642	0.7786106038335426	0.5670431041628126	0.44404062317700654
0.12739475895976812	0.8023905516144443	0.5596602798443011	0.39739403305104626
0.1066669004890073	0.8411191326816361	0.5627499451161717	0.5099121199119018
0.09071280978826796	0.8684869359265798	0.5846725132748397	0.5159444525693648
0.07357591208454721	0.9360620120507188	0.6856499762580831	0.5410030673766767
0.041929296600085715	0.9702115287067817	0.7158844317299652	0.559106206315696
0.03426154243553559	1.009155188514077	0.6673092654990169	0.44575659175583443
0.012505653576058639	1.0523006902160357	0.6673092654990169	0.4038859707459322
