1.0137392207826514	0.0025122406541413537	0.029806997722952533	0.023721491793478044
1.0001449667197784	0.0180553468942897	0.031978860956738075	0.03543680545369743
0.9999953643722727	0.02680164428281289	0.05386392353516621	0.012908472940329131
0.9999773086021286	0.042520084040129726	0.05386392353516621	0.03545400153849152
0.9996626193884202	0.06595245203946848	0.07017611387803795	0.010782035693169212
0.9996626193884202	0.06595245203946848	0.07017611387803795	0.010782035693169212
0.9996626193884202	0.06595245203946848	0.07017611387803795	0.010782035693169212
0.9996626193884202	0.06595245203946848	0.07017611387803795	0.010782035693169212
0.9996626193884202	0.06595245203946848	0.07017611387803795	0.010782035693169212
0.9996626193884202	0.06595245203946848	0.07017611387803795	0.010782035693169212
0.9996626193884202	0.06595245203946848	0.07017611387803795	0.010782035693169212
0.9996626193884202	0.06595245203946848	0.07017611387803795	0.010782035693169212
0.9996649639405426	0.056408790157270426	0.05055899297165849	0.010782035693169212
0.7764453696068893	0.29949291824317165	0.08813001881557478	0.28947804469144944
0.7764453696068893	0.29949291824317165	0.08813001881557478	0.28947804469144944
0.7764453696068893	0.29949291824317165	0.08813001881557478	0.28947804469144944
0.7764453696068893	0.29949291824317165	0.08813001881557478	0.28947804469144944
0.7467229335411256	0.30113428165637457	0.15020603426408763	0.29424248410467413
0.6234685987650381	0.3046363518470658	0.08813001881557478	0.28947804469144944
0.6234685987650381	0.3046363518470658	0.08813001881557478	0.28947804469144944
0.6234685987650381	0.3046363518470658	0.08813001881557478	0.28947804469144944
0.5012045782728985	0.30522969252970505	0.142267583655782	0.29613429186709134
0.5012045782728985	0.30522969252970505	0.142267583655782	0.29613429186709134
0.5012045782728985	0.30522969252970505	0.142267583655782	0.29613429186709134
0.5012045782728985	0.30522969252970505	0.142267583655782	0.29613429186709134
0.5012045782728985	0.30522969252970505	0.142267583655782	0.29613429186709134
0.4995381764632993	0.308536846450386	0.142267583655782	0.29613429186709134
0.4948373478354838	0.3119983087470876	0.20682245860190276	0.2709152536747343
0.46773856934994185	0.3179956915615222	0.1952317608869433	0.31133810288458547
0.46773856934994185	0.3179956915615222	0.1952317608869433	0.31133810288458547
0.45992928731514787	0.3531544857101315	0.23614409093436975	0.3361520521515336
0.44571696455635695	0.35676474506885153	0.23614409093436975	0.3282648465559182
0.42956852874308277	0.3612343044737707	0.24637067758935532	0.3188797424598269
0.41062923335993495	0.36956911580862156	0.2639174058033804	0.32137294595457294
0.41062923335993495	0.36956911580862156	0.2639174058033804	0.32137294595457294
0.4034975601768211	0.3868721197254049	0.2639174058033804	0.3541014357188301
0.3916827539790134	0.401312643885915	0.2231467334456368	0.36314765809908034
0.3764230773831324	0.42589682210833923	0.3225680384087122	0.36851208616350745
0.3652270881155601	0.45565265916902814	0.34801862272920425	0.3862792481117322
0.35916060058056554	0.5892456520102716	0.49748738264484216	0.5256287198649431
