0.6513086263478666	0.18163146592410426	6.951070203134457e-05	0.17504800951939747
0.7066383447368971	0.18163146592410426	6.951070203134457e-05	0.17504800951939747
0.7066383447368971	0.18163146592410426	6.951070203134457e-05	0.17504800951939747
0.7066383447368971	0.18163146592410426	6.951070203134457e-05	0.17504800951939747
0.667072613208038	0.18163146592410426	6.951070203134457e-05	0.17504800951939747
0.6513086263478666	0.18163146592410426	6.951070203134457e-05	0.17504800951939747
0.6513086263478666	0.18163146592410426	6.951070203134457e-05	0.17504800951939747
0.6513086263478666	0.18163146592410426	6.951070203134457e-05	0.17504800951939747
0.6513086263478666	0.18163146592410426	6.951070203134457e-05	0.17504800951939747
0.6513086263478666	0.18163146592410426	6.951070203134457e-05	0.17504800951939747
0.6513086263478666	0.18163146592410426	6.951070203134457e-05	0.17504800951939747
0.6513086263478666	0.18163146592410426	6.951070203134457e-05	0.17504800951939747
0.6513086263478666	0.18163146592410426	6.951070203134457e-05	0.17504800951939747
0.6513086263478666	0.18163146592410426	6.951070203134457e-05	0.17504800951939747
0.6513086263478666	0.18163146592410426	6.951070203134457e-05	0.17504800951939747
0.6513086263478666	0.18163146592410426	6.951070203134457e-05	0.17504800951939747
0.6513086263478666	0.18163146592410426	6.951070203134457e-05	0.17504800951939747
0.6513086263478666	0.18163146592410426	6.951070203134457e-05	0.17504800951939747
0.6513086263478666	0.18163146592410426	6.951070203134457e-05	0.17504800951939747
0.6376292393506507	0.18163146592410426	6.951070203134457e-05	0.17504800951939747
0.6282848684867489	0.18988721998514535	0.0016457885452364485	0.17406152769318226
0.616359771119198	0.1930240633555579	0.0011299284968976087	0.20434229677409818
0.6034162717925485	0.20163679203737978	0.0040265264378050725	0.1609242512041973
0.6034162717925485	0.20163679203737978	0.0040265264378050725	0.1609242512041973
0.5795181441041221	0.21446206376325785	0.0058693947901548305	0.2645054609402338
0.5676707148731394	0.22019769420491384	0.008234388925229652	0.26144686125815486
0.5676707148731394	0.22019769420491384	0.008234388925229652	0.26144686125815486
0.5676707148731394	0.22019769420491384	0.008234388925229652	0.26144686125815486
0.5667275729374845	0.24594367479390183	0.07059404562799665	0.24597217359888293
0.5168096417796019	0.25368808159938055	0.06230777609993966	0.23808232104716173
0.5032423034932177	0.25371569151060575	0.017914034660534407	0.2708108543040471
0.49735561232872966	0.2538973291366055	0.013437003231783387	0.25611547649603905
0.48923548272013107	0.2626977677535716	0.07719577584915954	0.25408726205162574
0.48499028661600657	0.26596757318059594	0.07886499773661428	0.25579794993962873
0.4772178175230263	0.2781233746251815	0.09298074682711499	0.32692478588473306
0.4685419862611704	0.28434538202380044	0.1550548894917149	0.2537873099196772
0.46452189658845655	0.2874558909536911	0.11990940517665996	0.27265802742615425
0.45353709789610386	0.29992777398399145	0.16286647972407733	0.2680564309271888
0.4463700480810868	0.308597726871764	0.13419582829395849	0.27892895930803924
0.44097850412757483	0.3142607689359001	0.19409513186705496	0.2706881634376617
0.43836307540093483	0.3206491146811767	0.20589600415091652	0.308010280678225
0.4305968462730463	0.33141635209848125	0.27667403540116686	0.2877247453557242
0.4213214142505108	0.33537344267208974	0.23446504322991576	0.30962268425134604
0.4147940868770573	0.34686002131245613	0.28697816267065884	0.3063412514842972
0.40752113720020566	0.35389060500377656	0.24216236819861958	0.3542204649654297
0.3981792496674541	0.36416283677502326	0.2576740164708026	0.35076952068625544
0.3932432268516351	0.37161721092360117	0.29298810470758985	0.36730134656177116
0.38922990774250277	0.3788291923917999	0.21967969101539842	0.33923885192541403
0.38047344231720287	0.38610923512905476	0.2372179180259548	0.3287767074514045
0.3738847209225291	0.39434636093687997	0.292335150358188	0.29307866270952976
0.36666655372442036	0.40321320204194067	0.3243539790114519	0.37284189798968714
0.36095556076654883	0.408712323758513	0.28055509866473094	0.3460418813873779
0.35259510175917547	0.42012667616669447	0.3311037580735816	0.36081174809878336
0.3472313811178234	0.429969253480142	0.3137990128231688	0.35346041352210233
0.34094095457290086	0.4369338249225055	0.3070031041884577	0.3366505183538152
0.33369044860868496	0.44488967389864503	0.31753427548079316	0.33814764267917297
0.3271237131271122	0.455590199736225	0.3376993179128043	0.3754411859625778
0.32165928935196714	0.462898719721074	0.2992184320456006	0.3577828809238693
0.31587214392333074	0.47308768942577134	0.41508346961959663	0.392394668196331
0.3072647023770803	0.4829281706812154	0.3585435701319323	0.39493683550816294
0.30067137502362623	0.49175347381110923	0.3842747603301756	0.3896719854357391
0.2933752774224501	0.4999670030180284	0.3870550342421847	0.3866418067120261
0.28721388384363583	0.5105046874706408	0.4318190009794702	0.36356847460494557
0.2800718198072231	0.5199544397236688	0.3723503130622535	0.3630683144486806
0.27391881744556756	0.528867902417543	0.37508401627114274	0.3944669981654661
0.26779593418030206	0.5374395390675313	0.37980314087664147	0.374654032168685
0.2604050530436097	0.5480305640417269	0.4021245689868863	0.40781735739178654
0.25297887269593944	0.559470019934799	0.40121234193243316	0.37484333571048245
0.2462186438342649	0.5686455487731942	0.4531766431428891	0.41164105061646095
0.2391249787479405	0.5795159906535904	0.4538426966977823	0.4061344993585848
0.23232558055974856	0.5901196674864064	0.43193491359285596	0.3875418920610393
0.22515478200595834	0.6011500120474391	0.46068628586120713	0.38186392378870404
0.21867489215722466	0.61223178857837	0.48408038333725634	0.40832646784685733
0.21075129066356074	0.6239882009408095	0.5093097914275108	0.424297049860041
0.2045514379750841	0.6349898864748705	0.49691873241392565	0.4638913854962844
0.1964205237223512	0.6464933089708319	0.4833435351895288	0.42746373450679304
0.19031664807857834	0.6577184453053745	0.4893484976811708	0.4474034367993169
0.18319976209935374	0.6698355373268085	0.4607309474983938	0.44639849086670635
0.17510215599145268	0.6810986072160404	0.49360247541313584	0.4233795112261443
0.1679889176524025	0.6951612504865924	0.4816938299450264	0.4417235146078558
0.15956883873455735	0.7073694009345614	0.5111686641531958	0.44566169092933056
0.15366188138861567	0.7195590827414374	0.5187555690813955	0.43570020294000145
0.14577467214286027	0.7303121285250992	0.5360394535910056	0.43002554402559445
0.1377941060055875	0.744598819957705	0.5877125105461095	0.46382592997831057
0.1294223258658476	0.7586349086889673	0.5817309049289567	0.4281453576913361
0.12214471653187232	0.7716619041514676	0.5752381242875936	0.4633600887792417
0.11231890664329797	0.7887266126241879	0.5954338109169909	0.43512605619034667
0.10691629619270279	0.8037455631459284	0.5996722211406829	0.3882035090651453
0.09814033390981455	0.8176475652043895	0.593677956700085	0.42335042563434605
0.09027456004815523	0.8289551314053799	0.5786815174403257	0.4635144919948626
0.08127238421195675	0.8451633957732229	0.5923500485617692	0.4571775369149178
0.07108821141899639	0.8643200790446522	0.6336529169808582	0.4438495633722589
0.06470262907419529	0.877441135971699	0.5881183977165778	0.4833800194715152
0.05605428358386256	0.8924385476824074	0.6135039534237254	0.4838832315549586
0.04680059018791173	0.9088807844062057	0.6582224731444343	0.47060852357348276
0.03697679292331112	0.9292567556250327	0.626272065301492	0.47986522668252984
0.027078301125040467	0.9515059765649458	0.692432518171728	0.423769575537516
0.017122185206311202	0.9778513106116075	0.6990672989092627	0.48159093243942824
0.009024046347123678	0.987163096310392	0.6539662155921415	0.48194390636962786
7.082257085574926e-07	1.0000411432251877	0.7012316751873762	0.49742582932069324
