1.3930774666651868	0.15217491054729954	0.0008509298932027065	0.12031343661467397
0.8537617626050447	0.1521699421468503	0.004827231490214412	0.11219011446711527
0.8537617626050447	0.1521699421468503	0.004827231490214412	0.11219011446711527
0.8537617626050447	0.1521699421468503	0.004827231490214412	0.11219011446711527
0.8537617626050447	0.1521699421468503	0.004827231490214412	0.11219011446711527
0.8537617626050447	0.1521699421468503	0.004827231490214412	0.11219011446711527
0.8537617626050447	0.1521699421468503	0.004827231490214412	0.11219011446711527
0.8537617626050447	0.1521699421468503	0.004827231490214412	0.11219011446711527
0.8537617626050447	0.1521699421468503	0.004827231490214412	0.11219011446711527
0.8537617626050447	0.1521699421468503	0.004827231490214412	0.11219011446711527
0.8537617626050447	0.1521699421468503	0.004827231490214412	0.11219011446711527
0.8537617626050447	0.1521699421468503	0.004827231490214412	0.11219011446711527
0.8537617626050447	0.1521699421468503	0.004827231490214412	0.11219011446711527
0.8537617626050447	0.1521699421468503	0.004827231490214412	0.11219011446711527
0.8537617626050447	0.1521699421468503	0.004827231490214412	0.11219011446711527
0.8107384526260017	0.15657927722813092	0.0017732677752614057	0.1301408272654983
0.7859145731732542	0.16231937821169207	0.0034203377779382926	0.14553687507869528
0.7647264478607952	0.16260771619282238	0.0044095880548796484	0.15238977891814848
0.7149925684119647	0.17197750133614662	0.0014950746514801883	0.06639149715177128
0.6526714398930823	0.17584481495789056	0.00327193030844522	0.1794296577939491
0.6526714398930823	0.17584481495789056	0.00327193030844522	0.1794296577939491
0.6447340246654915	0.17937631703078122	0.003646669019449461	0.16892582660418667
0.6353896456695831	0.18477607711679875	0.0021155925584473434	0.18776295378103744
0.6353896456695831	0.18477607711679875	0.0021155925584473434	0.18776295378103744
0.6337202601107332	0.20998567355082143	0.052250026237043806	0.20624801274758317
0.6337202601107332	0.20998567355082143	0.052250026237043806	0.20624801274758317
0.6324963918266596	0.22412160862706654	0.07607663125343267	0.17389913026559647
0.541590744622298	0.23891454745077345	0.00582692690253947	0.30839697972162927
0.541590744622298	0.23891454745077345	0.00582692690253947	0.30839697972162927
0.541590744622298	0.23891454745077345	0.00582692690253947	0.30839697972162927
0.5404461237711771	0.2405554251829622	0.008473409100768145	0.29309760482277397
0.5171554255936902	0.24446627101370474	0.012614190307565123	0.2405753537902392
0.5059432136783922	0.24999591889230582	0.02248513361516733	0.27186803205726284
0.49426286938315117	0.25694244249916287	0.06416138097173324	0.24422554533118324
0.4882449152343685	0.26416527307616944	0.12203602822562781	0.2604252503943696
0.48071295539444253	0.2718096447957868	0.07302212580891075	0.3112233586415387
0.4730875346472426	0.27872366393135667	0.1423921866391666	0.28356142727522415
0.4654118343829825	0.2884397659151492	0.10883991880959265	0.3165765074929304
0.46150397034066315	0.294383363006573	0.1719997767131843	0.23294578321368967
0.45685219452408365	0.3048186885106073	0.20024568870856088	0.21149012687943258
0.44618521303194464	0.31402857961864566	0.166019220209841	0.26130260550976975
0.43814667862976575	0.3209553349682604	0.16836236613363084	0.2773582077773084
0.43134461218114134	0.32478879725286025	0.16288615498235037	0.30693546332557076
0.4237448041303359	0.33409184611257814	0.2380281036147256	0.27877931786284843
0.41786634163074876	0.3389731239740028	0.22071288416062704	0.31014544141388306
0.41021227699568746	0.3484992583260487	0.224229268709878	0.3441610039932465
0.40436814963255785	0.35709763011144957	0.21559694589695894	0.32720998981462207
0.3970797785207819	0.3673893863307849	0.23517280137899477	0.38566862660704065
0.3911335905211647	0.3728577898959388	0.26533157057649065	0.2852282822044971
0.38422509803772814	0.3795810448124993	0.2803821878720165	0.3472070193739567
0.37553306705114714	0.3917265504196411	0.27189428451570685	0.3642689269383024
0.3692983021286896	0.40042468566367834	0.2539648283764452	0.37800736148101255
0.3621851967366489	0.40782599825449334	0.30989991492318686	0.32782927685374974
0.3554789907984475	0.4158717227802468	0.2990232538522813	0.3466420003747159
0.34908194628281836	0.4268674081570289	0.35439878715553325	0.36313360783692605
0.34088298635478625	0.43484700291185757	0.33426730406395677	0.3541107051892847
0.335156684143153	0.44233180195211963	0.3159116075856996	0.36661641471468537
0.32730840999714034	0.45549858454501546	0.38201272056437996	0.35849689603564566
0.3210856242867994	0.46225858577879814	0.3524918498453121	0.40049623307920545
0.3135071384593668	0.47250438672494643	0.37919381602698105	0.3890453408450246
0.3073883941443905	0.4822780846833946	0.3273495820676727	0.4054229250919159
0.3001651326664731	0.4916621531334092	0.41166653723923874	0.35501921380591683
0.2944176714763803	0.5017034830020168	0.3711936218733309	0.41694392427872184
0.2859998923546274	0.5121861461341116	0.3965196522950571	0.4254395738984722
0.2799239256062245	0.5209023371244569	0.39860475315077987	0.4334321984133236
0.2728507393166103	0.5298120264492303	0.4009518945629017	0.41983330039139527
0.26624300819107904	0.5400776836776713	0.3987150465558803	0.4029755815196787
0.25869840182368836	0.5525785324735636	0.4509241793981438	0.404202619209508
0.2507123123038992	0.5633052947893564	0.4349069890751949	0.3884984038992278
0.24388813045754648	0.573144821085718	0.4461173260878926	0.37568499105807296
0.23664176818699162	0.5829003298386467	0.45723074189124624	0.3938125105550143
0.23071197904031004	0.5944842365962862	0.4665824002577991	0.40909076369764086
0.22439169579034896	0.6022140141875745	0.4847120005814613	0.4183922865976041
0.21591579237647235	0.6179126475441211	0.5089035751869923	0.3735858940166079
0.20907825426424254	0.6283232453829317	0.4572439107176022	0.36852669836340407
0.20112199843678405	0.6387848754752146	0.5046885840236921	0.41050569083401967
0.1941888943324829	0.6504270426413311	0.4740614659106663	0.4297215802738422
0.1856988413055016	0.6644844308939422	0.5206328115280807	0.4567456675535531
0.1799358815690076	0.6765026226212455	0.5278421686933888	0.3719970230418258
0.17158890378505234	0.6872621653252212	0.5233398202132854	0.4262544238237206
0.16382172158223304	0.701385574207152	0.5167120654115621	0.44041772223568243
0.1570031720675304	0.714768843815269	0.487402035679373	0.4773765633317106
0.1486835049571316	0.7256322637900208	0.5585380731819131	0.4152972200448817
0.14026555096478435	0.7396197082717424	0.5539438214987306	0.42338311238570253
0.132907066990204	0.7527508963275942	0.5905895968633486	0.43641932386027427
0.12490084032467169	0.7678837384401582	0.5850845093233921	0.4264750165632386
0.1167530252962288	0.7810907769832869	0.6026919011905325	0.432357364029401
0.10869314697733369	0.7953740378431129	0.6019474835760223	0.46139728727354967
0.09975306150973899	0.8126023248607094	0.6330740127870977	0.4564014868678128
0.09102312164369063	0.827662242591215	0.5978475147582213	0.472563268041974
0.0830653991007966	0.8430052988369319	0.6047435928702807	0.4714746476785829
0.07460233102703742	0.859343571907024	0.6325556935591539	0.47390388091410374
0.06540293564665216	0.8741851895146255	0.6391093479012164	0.4867530879122015
0.0536732170573175	0.8962501907430845	0.6419336505848837	0.46749716023831034
0.046590204892189964	0.909749230828752	0.678279016378721	0.4920494846463671
0.038531471927857545	0.9266778984118058	0.6632850752899526	0.4578310746602259
0.028341686614912657	0.9447078627303734	0.6765606987251073	0.4675121594118166
0.014704662054613262	0.9722409165736093	0.6860258911307905	0.4664094826176754
0.008320464818703039	0.9849627884841167	0.719697365206837	0.46666651070837845
2.925096555971817e-08	1.0060805009833451	0.6615088363031568	0.43674394569879915
