0.8780983371491669	0.16790358953260676	0.0007385079343198153	0.15000315555602112
0.8780983371491669	0.16790358953260676	0.0007385079343198153	0.15000315555602112
0.8780983371491669	0.16790358953260676	0.0007385079343198153	0.15000315555602112
0.8780983371491669	0.16790358953260676	0.0007385079343198153	0.15000315555602112
0.8780983371491669	0.16790358953260676	0.0007385079343198153	0.15000315555602112
0.8780983371491669	0.16790358953260676	0.0007385079343198153	0.15000315555602112
0.8780983371491669	0.16790358953260676	0.0007385079343198153	0.15000315555602112
0.8780983371491669	0.16790358953260676	0.0007385079343198153	0.15000315555602112
0.8780983371491669	0.16790358953260676	0.0007385079343198153	0.15000315555602112
0.8780983371491669	0.16790358953260676	0.0007385079343198153	0.15000315555602112
0.8780983371491669	0.16790358953260676	0.0007385079343198153	0.15000315555602112
0.8780983371491669	0.16790358953260676	0.0007385079343198153	0.15000315555602112
0.8403904669329278	0.16886180762805975	0.0007385079343198153	0.18208091180269997
0.7740937531003272	0.17573031276655857	0.0014931473838909748	0.17067931157932253
0.6796151156983047	0.1804879740659064	0.0011371009121230458	0.17250137350311895
0.6796151156983047	0.1804879740659064	0.0011371009121230458	0.17250137350311895
0.6796151156983047	0.1804879740659064	0.0011371009121230458	0.17250137350311895
0.6652565570381589	0.19018530446012344	0.007065964271090297	0.15058374459547305
0.6147032158752738	0.19559893762701094	0.002869762639118173	0.22415407649381697
0.6004934697499624	0.2007014381202754	0.001911584598163818	0.19532467391790534
0.5969900775727576	0.20579468479997298	0.004014937417216424	0.1551862133994192
0.5944268155443884	0.2149716463101137	0.025701356423686067	0.24699155389047314
0.5820440378376435	0.21738992795798726	0.005426773661470513	0.27098644126881627
0.5694236023941757	0.2315327689677819	0.03081624124611243	0.2938389687126075
0.5694236023941757	0.23455943080502856	0.033771215355500206	0.30619386500593204
0.5694236023941757	0.23455943080502856	0.033771215355500206	0.30619386500593204
0.5357876339775125	0.2505949128613998	0.009553041018615566	0.1956137433461141
0.5275356408834171	0.2528648087388943	0.0002365471249373731	0.2315040215068225
0.5051901004785543	0.2542022488119417	0.03630882442219473	0.24770148144184265
0.4938516521433778	0.2577307756760909	0.057017513648686936	0.2456996084161282
0.4857230238382086	0.2672755144271607	0.040407141015457865	0.2523097658858887
0.4795152838162999	0.2737578905982762	0.1480980376301373	0.2802550404665155
0.47318676785008784	0.27811870366311503	0.1334379089563401	0.30521378565311325
0.46805128441729194	0.2863508122297178	0.12271481660700026	0.26757518083165494
0.4586239244406195	0.29801245141641836	0.20383772948484272	0.2522189060060642
0.45117282438888234	0.3020429025164501	0.15794106244039155	0.2968670026156325
0.4451264052337076	0.30902543285437944	0.20671893093474056	0.29538124992876036
0.44112573188586096	0.3139130415212255	0.21148592088486579	0.30154067909309346
0.4359164528628419	0.32280572652753575	0.23973687440326008	0.2997816099712872
0.42546651944265973	0.33239397403577803	0.1834938761706461	0.3105829564317118
0.41820540101257675	0.34060862311247514	0.20210665063691763	0.34508176703173177
0.41528262374970654	0.34772900153509423	0.161877015223753	0.35814974704093533
0.40804740626142233	0.3541267598741572	0.27861712462815696	0.35578867329412994
0.40063001984237634	0.3635733936169345	0.23434146158096592	0.28322496169389066
0.3949707949931518	0.36726652009922933	0.27718540898199956	0.30667998988425593
0.3855428890326225	0.3784447441282293	0.29494347445197255	0.3320466949236923
0.3806692928137959	0.38561823869640904	0.2977758076611784	0.3423801374309371
0.3738057198207275	0.39369034700690664	0.27189835259072165	0.3019030547927437
0.3674069222705953	0.4012044158342795	0.28397828952670007	0.36890212759858054
0.36164907143728797	0.4092045330046192	0.29439918877193233	0.30566756867145706
0.3560550129708658	0.4188030416491617	0.3178709436458361	0.2861283069558739
0.34852993275256855	0.42580812151736125	0.3437866316491923	0.3340708061915598
0.34281118684870143	0.43248922425409037	0.2978992280301467	0.3501719187110961
0.3359699042018634	0.44262426914126196	0.3364134845129901	0.39303537007091005
0.33107950647994355	0.4478926790591208	0.3386012640094809	0.3583758754448711
0.32448225973471373	0.4567847556136006	0.36460179538802395	0.35665814082628877
0.31628666859731386	0.4682863429556005	0.36921428403355705	0.39211869109259356
0.3099697567907835	0.47872906186031294	0.4059738022677033	0.39604746896775267
0.3049441399502557	0.48466013890532916	0.3886988404220025	0.3593518673867231
0.3015022720109258	0.49115456121075146	0.4207176898092132	0.3567369215925476
0.29251848618881493	0.5037389969208744	0.418997884429849	0.37398410362513784
0.28588929823492787	0.5146343781600491	0.4078594535281399	0.4347149504997361
0.2770594102630296	0.5250774895606765	0.4432663446990296	0.40970678777127767
0.27218359072045223	0.5319908292173513	0.4530638286086525	0.38440113689413546
0.2641976558068945	0.5431341989433095	0.42419160668629896	0.43209555998676963
0.2578402830612437	0.5529563327291356	0.4393947092850837	0.40665311242220625
0.25165030761988455	0.5614280045484683	0.3997760621257143	0.4172601272918995
0.24637012138443307	0.5695996344709859	0.4687431875937831	0.4242362889037269
0.23923605229043812	0.581741214072	0.4022142574091195	0.3861769943259261
0.23162649134774943	0.5928468620914455	0.4822969738340916	0.39871310131292825
0.22550700054750392	0.5999484814663482	0.45745873208969257	0.41720813258629497
0.21882728901855297	0.61102123170982	0.4749363593934215	0.385738929587799
0.21258836712784213	0.6221865830702104	0.486734765378731	0.41067338300308287
0.20546046776253798	0.6320532875208486	0.4821866922257595	0.40229006808706136
0.1978708359970871	0.6435662936549885	0.5008957008910019	0.4119122013936464
0.19052159631746093	0.656026960391836	0.5071675615837052	0.4020390782043596
0.18555303880892018	0.664857617910882	0.5415850370880217	0.44103977505457587
0.17871511299558107	0.679507541262211	0.4671140027158721	0.37590353168970686
0.17093051968736328	0.6890145430692972	0.5050973936450827	0.4137861109736191
0.16092941338325978	0.7052825887170474	0.5538583660475278	0.41816883891664997
0.15686338141487705	0.7167773668988389	0.5491380195924346	0.4052370804029083
0.14941259739959245	0.7271596290763958	0.5634683920618397	0.4748183206536742
0.14127800614591432	0.7403003456480419	0.5090730107424404	0.44754516451255927
0.13352802372713443	0.7515611857921555	0.58007220323222	0.45111408816856613
0.12636082020999617	0.7641816945109839	0.5991307597393037	0.4605069928378421
0.11913099709239547	0.7770179759955347	0.6075077125600639	0.43674603438147264
0.11129769171869715	0.7916472932616279	0.6291427518942052	0.4664179954517923
0.10329408448318995	0.8054550412893119	0.582706716298418	0.44664356135583916
0.09554017494306885	0.820496822450395	0.6010446477892164	0.43467565351670745
0.0865651104057803	0.8345669970337553	0.6013767787505122	0.46712170065465575
0.07883192657936455	0.84888363185564	0.6179306729339858	0.48659269837819014
0.0711022291182133	0.8657308952132439	0.6359467064778914	0.46375610107233833
0.0612223759918808	0.8837965993879243	0.6446928184938089	0.48106454442726576
0.05234513599849154	0.8996149400251292	0.6628303605577827	0.4633541592872485
0.043098534273983725	0.9199367923520175	0.6486993331776868	0.4676304326097355
0.03568127849255569	0.9327793706143861	0.6758047400553313	0.46748590634607007
0.027756781015472073	0.9488103836162394	0.6903088836636048	0.4337170874424138
0.018738204787370545	0.965653734366703	0.6529615185075496	0.45288991022486547
0.008710428879085585	0.9844999483849137	0.6692831054715342	0.47941683068329116
1.3122082833225667e-06	1.0052945822632062	0.6759709136905259	0.43423420327802315
