1.0103632951020958	1.440987890500828e-05	0.0035882568302975093	0.0012386653401268443
1.0000000044991828	0.009512627610418024	0.07978167328349695	0.05610269350488776
0.9984901348934966	0.019975354839538686	0.04841925972516304	0.009410309401661543
0.99493542657695	0.03108879122249337	0.06280740200619286	0.011793275686537708
0.99493542657695	0.03108879122249337	0.06280740200619286	0.011793275686537708
0.99493542657695	0.03108879122249337	0.06280740200619286	0.011793275686537708
0.99493542657695	0.03108879122249337	0.06280740200619286	0.011793275686537708
0.99493542657695	0.03108879122249337	0.06280740200619286	0.011793275686537708
0.99493542657695	0.03108879122249337	0.06280740200619286	0.011793275686537708
0.99493542657695	0.03108879122249337	0.06280740200619286	0.011793275686537708
0.99493542657695	0.03108879122249337	0.06280740200619286	0.011793275686537708
0.99493542657695	0.03108879122249337	0.06280740200619286	0.011793275686537708
0.99493542657695	0.03108879122249337	0.06280740200619286	0.011793275686537708
0.99493542657695	0.03108879122249337	0.06280740200619286	0.011793275686537708
0.99493542657695	0.03108879122249337	0.06280740200619286	0.011793275686537708
0.99493542657695	0.03108879122249337	0.06280740200619286	0.011793275686537708
0.6948029113925894	0.18295637664798847	0.0017708069038190333	0.20672168785512626
0.6792318497925461	0.18196202714647658	0.0017708069038190333	0.17382108621242434
0.6792318497925461	0.18196202714647658	0.0017708069038190333	0.17382108621242434
0.6792318497925461	0.18196202714647658	0.0017708069038190333	0.17382108621242434
0.6792318497925461	0.18196202714647658	0.0017708069038190333	0.17382108621242434
0.6792318497925461	0.18196202714647658	0.0017708069038190333	0.17382108621242434
0.6334307718495827	0.18630512823162948	0.0022092976564230538	0.18341396676786628
0.6293786360844095	0.19044950888608175	0.0022092976564230538	0.11761276348246244
0.61442805113527	0.19637019686237472	0.006249808708791854	0.2220119081082618
0.6064593724072638	0.20157264788539192	0.007032702456162054	0.22218233377570337
0.5833145961470375	0.209339699053995	0.001580109798986623	0.2198596732225648
0.5757742542686388	0.2150756387256718	0.007219122901427816	0.2040669163020136
0.5612673415882105	0.2214564372831311	0.0038638171908216834	0.25911039755912346
0.5612673415882105	0.2214564372831311	0.0038638171908216834	0.25911039755912346
0.540706135724266	0.23317391048986902	0.005298639363584351	0.2902584219657742
0.524875267680778	0.23961276380123556	0.0015126131694382927	0.22974189364698316
0.5217779182198482	0.2459803274027484	0.013982461941871138	0.2030282230279134
0.513679634049669	0.2517473894159326	0.030589243426310517	0.3049211646580997
0.5104938692859403	0.2630874342844451	0.07605887774929958	0.3049211646580997
0.5104938692859403	0.2630874342844451	0.07605887774929958	0.3049211646580997
0.49081369698236027	0.2804880471925087	0.10092948182059763	0.23469278447505665
0.47130232588531146	0.28173321699965503	0.09244097870015293	0.3215087048562477
0.4661659208827264	0.29044507492860966	0.15335362842395206	0.2549516387197074
0.4590679955676345	0.29706685554745466	0.10918460137861657	0.2887087676787258
0.45093456901251827	0.3052957343032059	0.1579384717869108	0.249499533665976
0.4429739733309955	0.31126351576774053	0.1764994625357517	0.2837883596940993
0.43693678900165395	0.3194670763594482	0.14931553407046408	0.27903397906230337
0.427877534693012	0.3285944540883057	0.2309312291979444	0.31763831120644753
0.4219793205706597	0.3343352386017243	0.20007069239496572	0.32153817739260787
0.41435619786329286	0.3442758414230335	0.20367497474048415	0.3469088206590123
0.40705353694610474	0.3532300428513742	0.20358877456281477	0.34448430305753774
0.4016977119609707	0.3609103008284855	0.20777878456705284	0.28362960745074733
0.39252756130192673	0.3701761036634264	0.27798160212634004	0.3131135704235127
0.3842696143519675	0.38001330648169085	0.2912725430200189	0.31840607604554555
0.37826660031808473	0.38771537886167834	0.2842400050399172	0.34819148985551635
0.371504337040786	0.39530634587618013	0.27590257157040743	0.34986366031354516
0.3649038402897175	0.40371147244296884	0.2825658389990191	0.3286016431659319
0.35815323613729005	0.4130740163607688	0.2706745758587434	0.3475504307209739
0.35226188128448654	0.4210694254618828	0.31293114002760475	0.3773870179345736
0.3419456788279464	0.43387758112409963	0.337892470051595	0.37109769483080995
0.3381170816347582	0.44196646364931647	0.3342319803209139	0.4176962922021168
0.3306915185438564	0.4493202678076823	0.36508812178730726	0.3837895645696567
0.32377487923815823	0.45778137393912455	0.34058304491540625	0.3729701848738574
0.31762297646418997	0.46709989405481034	0.35811511826363207	0.3490765364812093
0.31068055320945004	0.478702783620173	0.37359079667396167	0.41600964958997516
0.3032636810031713	0.48677518828799604	0.3564668615026294	0.3968670688389678
0.2960887465164391	0.49698500377871413	0.3453232161972738	0.3957703387596718
0.28913364307326384	0.506526189014845	0.36307624578044145	0.379792645473546
0.28298354856476005	0.5145959591589508	0.40364008901257936	0.37608138554581905
0.2765337513993331	0.5254418523660526	0.39472713778211543	0.3982406411605617
0.26757157296840145	0.5364810851306591	0.4162569656188962	0.39019956173015535
0.2594103609326279	0.5486684142924942	0.4152710999466446	0.3880805764008939
0.2534468484774142	0.5592954476180582	0.4160817997200708	0.4026786091240996
0.24748704140215066	0.5688013016635968	0.3900257047625526	0.41916411231150785
0.23925867622259733	0.5787742794796475	0.4490766976903455	0.40342156651744937
0.23256541644942422	0.5897987232468702	0.4459800204610703	0.42127552543392366
0.22516236498527661	0.6012085430594211	0.48348416614255624	0.39037183390436825
0.21770719951436138	0.6132943411923023	0.47329845564994105	0.4420924303381817
0.20990315167893062	0.6251210089869126	0.4972654614876826	0.39929381643826545
0.20246953822640257	0.6364989731922672	0.4971468267507181	0.4200714537684467
0.1971472644305078	0.6475158745594711	0.4446192541096686	0.399350688227756
0.1891439482858121	0.658312584987158	0.505504325117335	0.4429347476041193
0.18192740525115983	0.6709382018052845	0.4804370314141443	0.4023960643713988
0.17351768260177997	0.6832048403195642	0.5231608161183027	0.428218525212778
0.16528156145445658	0.6967743288482596	0.5273805752434536	0.4380913267080373
0.15760124121339908	0.7111130407526537	0.5299307924485578	0.44534191124605904
0.14789349541892519	0.7271228688580945	0.5512009366116448	0.43367622958412777
0.14193790242607696	0.7368058774366885	0.5483668278776609	0.4615617912942833
0.13433213899232985	0.7504576975771154	0.533590229480908	0.46276095385948124
0.1260171327144933	0.7640316657761326	0.5753471337349988	0.46384778501121854
0.117439068785762	0.7796100440051024	0.6037842246820609	0.4448392726411031
0.10933616104890777	0.7939538778524333	0.6046436820552614	0.47585892662323126
0.10064208347850054	0.8108180512835653	0.5853302496805539	0.5002416514844558
0.09209557584308818	0.8251201243550667	0.5940371201879262	0.46628011295239546
0.08371552086687778	0.8436024796442877	0.6028767103029318	0.4798356036539214
0.07427780958188598	0.8573645384833146	0.6260591585542067	0.47100462048968317
0.06549414975302925	0.8747707453224807	0.6131947334285791	0.45009557314178195
0.053071722885252866	0.8969237644841931	0.6469313552010904	0.47030074101023067
0.04827097201645278	0.9066901024099286	0.665396755919063	0.45395723137550154
0.03619367610852786	0.9309163959591428	0.6623619026464517	0.46803399859568096
0.02903983222164048	0.9447407495620395	0.6629923317804485	0.4760502938637145
0.0192763449658743	0.9631827090567319	0.6662171685927203	0.48938008713817627
0.009352849252786968	0.9825901943940698	0.6981966435985811	0.46269987807599816
2.1901459261189327e-07	1.0047844662701177	0.6381040187536369	0.5048046900779372
