1.3183210575631747	1.9957242557219544e-05	0.004060838090679697	0.0018619442952205686
1.0000014127082602	2.044529244816359e-05	0.004060838090679697	0.001988689631251811
1.0000014127082602	2.044529244816359e-05	0.004060838090679697	0.001988689631251811
1.0000014127082602	2.044529244816359e-05	0.004060838090679697	0.001988689631251811
1.0000014127082602	2.044529244816359e-05	0.004060838090679697	0.001988689631251811
0.9677595334497096	0.04709917506213514	0.0021010422719058286	0.004856427084393322
0.9579564367401858	0.05926209662328952	0.014056781233341809	0.010878073287150652
0.9579564367401858	0.06721823278814383	0.014357614308628974	0.03105663128266603
0.9579564367401858	0.07656220683364771	0.04452063840289017	0.029088571617321507
0.9579564367401858	0.07656220683364771	0.04452063840289017	0.029088571617321507
0.9579564367401858	0.07656220683364771	0.04452063840289017	0.029088571617321507
0.9579564367401858	0.11515696598122263	0.12991540303856491	0.029088571617321507
0.9579564367401858	0.11515696598122263	0.12991540303856491	0.029088571617321507
0.9579564367401858	0.11515696598122263	0.12991540303856491	0.029088571617321507
0.9579564367401858	0.11515696598122263	0.12991540303856491	0.029088571617321507
0.9579564367401858	0.11515696598122263	0.12991540303856491	0.029088571617321507
0.9579564367401858	0.11515696598122263	0.12991540303856491	0.029088571617321507
0.9579564367401858	0.11515696598122263	0.12991540303856491	0.029088571617321507
0.9579564367401858	0.11515696598122263	0.12991540303856491	0.029088571617321507
0.9579564367401858	0.11515696598122263	0.12991540303856491	0.029088571617321507
0.8151056700000678	0.2359248980890278	5.94061957253228e-05	0.25336879903328346
0.8151056700000678	0.2359248980890278	5.94061957253228e-05	0.25336879903328346
0.8151056700000678	0.2359248980890278	5.94061957253228e-05	0.25336879903328346
0.6976297666595124	0.2359248980890278	5.94061957253228e-05	0.25336879903328346
0.6976297666595124	0.2359248980890278	5.94061957253228e-05	0.25336879903328346
0.6976297666595124	0.2359248980890278	5.94061957253228e-05	0.25336879903328346
0.6566387117416264	0.2359248980890278	5.94061957253228e-05	0.25336879903328346
0.623562742489533	0.23592503682645338	5.94061957253228e-05	0.2529804579899926
0.5916578141175641	0.2359255254667721	5.94061957253228e-05	0.2541454811198651
0.5549503192942814	0.23593039963264234	5.94061957253228e-05	0.25569884529302844
0.5297008677162789	0.23593039963264234	5.94061957253228e-05	0.25569884529302844
0.5281946368497235	0.23838598948912645	0.001916363147293973	0.20830665237820462
0.5192125917856218	0.2451993305532194	0.02200078234024952	0.251018687190331
0.5032391623519111	0.2510705402038501	0.024744421706726596	0.27688354285084166
0.4957735566487595	0.25462033314644106	0.0440382786275588	0.27831074452785126
0.4859977600401169	0.26627967729308655	0.11866791034004388	0.248261286752729
0.47946002022664874	0.27139366126856285	0.11703541547442572	0.2685351877663836
0.4751927431262466	0.28157721499807237	0.14634311739666717	0.32574114453718017
0.46362749392081065	0.2882500416588739	0.1553406555648503	0.28499329456557077
0.4582029534455229	0.2962106923665419	0.14309111528096932	0.3446126721400478
0.44796960680084236	0.30554488550009656	0.17199541224000836	0.2906007416085166
0.4446517965075455	0.3148334298057425	0.24062097044235303	0.30711866253306247
0.43635246164929353	0.3183521660445658	0.21296055816231046	0.2978233393346924
0.42731530774242193	0.32953269261863405	0.2015438554598334	0.29609442631417465
0.4186272597826853	0.33853576666443996	0.20338636329825352	0.29933359082609223
0.4182296715792373	0.3453218842308884	0.13835430974204155	0.29410868300658405
0.40971205000628497	0.3551068719308108	0.2734009456716516	0.2661182389536686
0.4015761511582103	0.3649700595972258	0.2907152090587842	0.3232385483224264
0.3937233168378693	0.3706908558277941	0.28919910530256243	0.3000084260019465
0.3863656841037188	0.37842508568220673	0.2870733733351573	0.3612895858053112
0.38062577494410504	0.3847087938996865	0.2847483727661356	0.3112311046481604
0.3722489715548112	0.3950703955447804	0.2660335217352723	0.31453376516369574
0.3655646497545597	0.4041357941322857	0.25292086608650255	0.35250521413446
0.35840874499846365	0.4124670393716208	0.3245316427040089	0.34162594448201955
0.3503754852771155	0.42351430615473906	0.3103001321470646	0.3502636244096131
0.34610591937862867	0.4293973406659657	0.28738376245083497	0.32451381403356044
0.34150216899892244	0.4365315435382048	0.29174108198942666	0.38069941027460064
0.33458232218902095	0.4492921621489045	0.38896278604194645	0.414477202204063
0.32180735741328187	0.4622847045790516	0.34150829514334546	0.36983168968701324
0.31666697696467355	0.46751942057081797	0.36892241499790424	0.35447569302757753
0.3102138632358289	0.4760789106549033	0.3770285910018726	0.3684445355726945
0.30295645844044555	0.4879661047253133	0.4043152124443206	0.3429571417389378
0.2974420178119899	0.49548862808953387	0.3531371470859037	0.34020817938621645
0.29092142544120364	0.5066869622300599	0.3666740259156205	0.4369899124283113
0.2824583554709286	0.5162814765924993	0.36211332800873686	0.3885506191843124
0.2756116397137018	0.5269776528673069	0.4006013818883185	0.4016343056354188
0.26847741648468787	0.5366605229152231	0.4322609102137146	0.37819061590467384
0.2614195365115399	0.5479421325620947	0.41802177808120117	0.3965455323359901
0.2541715227738604	0.5575098599767795	0.39807061687629813	0.38211347361903997
0.24728956778671365	0.5684406184949821	0.43432151801826313	0.4245907496220439
0.2395597588401618	0.5783908543536165	0.4538826177716918	0.40877913984643055
0.23155677193609134	0.5912185949931497	0.44527228099802835	0.42305436925747286
0.2254167635286996	0.6019245029302597	0.42992055716143784	0.4138166831153603
0.2180434660621481	0.6126285113671065	0.471732396998169	0.43055662008833306
0.2110104111604388	0.6256061283477621	0.466466612780679	0.3928460196454717
0.2020962286051215	0.6373493926603554	0.4656265295040187	0.4277545367536849
0.1943112053241013	0.6493772040080172	0.499965577706892	0.4344348419314208
0.18826132827485917	0.6591814097112653	0.5120623944689916	0.4118902539642673
0.18170482070693966	0.6744019971637919	0.5359723892100847	0.3651250389516611
0.17196410425190528	0.6873062171970867	0.544085154431972	0.45957425856525336
0.16432792067348628	0.700117888797665	0.5697546027965529	0.44774799258753495
0.15517752953717656	0.7138445274173748	0.5491071237338533	0.4333413999357902
0.14865266491115264	0.7268002341589823	0.5594760674874687	0.4653811279791061
0.14209846138956525	0.7395243012059434	0.5314656434840944	0.4268335263417162
0.13407006322761314	0.7535400649065689	0.5363190734091993	0.4990515970832147
0.12601984314898712	0.7658315920084999	0.5301660889458744	0.4415222067286589
0.11733726207283673	0.7819417124329234	0.6268743745421878	0.4298457606166669
0.10806691020671992	0.7968663651695779	0.6191051217196848	0.4680592557700942
0.10099460986172905	0.808263676215875	0.5941497300258753	0.46177771773008885
0.0923521030367075	0.8246161825499819	0.6101572097034041	0.4740811435934817
0.08346443409552012	0.8422374223263518	0.6056268414419563	0.4621962749390014
0.07510958300802609	0.8563052178813578	0.6011973507441265	0.46969753640907724
0.06504021716130795	0.8752729672277081	0.6437574201896117	0.4835254288355772
0.05719948186416192	0.8894954768959662	0.6330883550047087	0.48248203044682997
0.0483363989555637	0.9072292245265633	0.6455813469540467	0.4511850265297283
0.03693155705575418	0.9277857114323123	0.6529030280392745	0.4837511707194135
0.02835508408963727	0.9462644572638388	0.6971518054514647	0.45521410658802175
0.012788798061478805	0.9768965215472099	0.6957973365943888	0.48239372712727413
0.008750006684232462	0.9829700887717371	0.6986416448104918	0.5165278676875232
4.85607065906781e-07	1.0146017188454757	0.6825282583009358	0.3816884829856484
