3.3382348221337157	0.13869284538242954	0.002540919137958758	0.08047074788563156
3.3382348221337157	0.13869284538242954	0.002540919137958758	0.08047074788563156
3.3382348221337157	0.13869284538242954	0.002540919137958758	0.08047074788563156
1.1949434434372828	0.1386934530590312	0.002540919137958758	0.0786656874177074
1.1949434434372828	0.1386934530590312	0.002540919137958758	0.0786656874177074
1.1949434434372828	0.1386934530590312	0.002540919137958758	0.0786656874177074
1.1949434434372828	0.1386934530590312	0.002540919137958758	0.0786656874177074
1.1949434434372828	0.1386934530590312	0.002540919137958758	0.0786656874177074
0.7253580771842612	0.13871421787199162	0.002540919137958758	0.07505556648185895
0.7253580771842612	0.13871421787199162	0.002540919137958758	0.07505556648185895
0.7253580771842612	0.13871421787199162	0.002540919137958758	0.07505556648185895
0.7253580771842612	0.13871421787199162	0.002540919137958758	0.07505556648185895
0.7253580771842612	0.14051529473584418	0.002540919137958758	0.1224330118308362
0.7043194872292303	0.15508225607100892	0.002597677312480895	0.12031196672686215
0.6939128506774536	0.15656506630999625	0.002597677312480895	0.0844705452433516
0.6861996270997422	0.16539339590914687	0.008057391527471952	0.09197792741418337
0.6745235899005532	0.1720305194912196	0.0015187555429759247	0.04975907171599386
0.6429307038221069	0.18401519078902479	0.004746039257271906	0.20893363314942773
0.6388765178309657	0.18401519078902479	0.004746039257271906	0.20893363314942773
0.6257433596182782	0.18832424604098724	0.0026333687050849597	0.17919238473421922
0.5996247179776776	0.20228002641578946	0.005091523341248488	0.20775561981007207
0.5995762268110568	0.20362402687380074	0.005091523341248488	0.24174138260145134
0.5982788218539445	0.20871554655810634	0.018738733623560044	0.20619193798816596
0.5945561894314757	0.22498782082893706	0.04889395145125258	0.23564053399449203
0.5945561894314757	0.2300088722836788	0.058307936336537414	0.24111352369976635
0.5925143612961964	0.23938043686374522	0.07075967730274402	0.26428772983333393
0.502904884534985	0.2506458018909899	0.020330579395708512	0.28083860081579004
0.502904884534985	0.2506458018909899	0.020330579395708512	0.28083860081579004
0.502904884534985	0.2506458018909899	0.020330579395708512	0.28083860081579004
0.49983944033342553	0.2514639826192146	0.022413004452154304	0.2409894234594479
0.48917545159151987	0.26102299708676274	0.07374969325604924	0.2732197314064626
0.48651365326678025	0.26676637578121176	0.05016259556041609	0.23768782586581882
0.4804595103602471	0.27349399278045383	0.06589671009506219	0.33050578572678424
0.47414304003787183	0.2792901270781643	0.06794612160221346	0.27702598343185625
0.47140065328294845	0.2891952703587109	0.055982603319922136	0.2538996177743114
0.4573503774355037	0.2972234641004112	0.13069796296771782	0.258473958524417
0.4496952498938769	0.30389678355671773	0.15212737210852548	0.3106611107301985
0.44948743012275066	0.30437805968067233	0.17825384549323053	0.3266968772781608
0.4395247427125497	0.31439587748088815	0.18578897174919343	0.2889916953843269
0.4332800263825202	0.32414907558411615	0.2077642497149628	0.3062761814259825
0.42499056949580966	0.33385648656664646	0.2575841145155002	0.3118323790427175
0.42195270715107874	0.3396379675125791	0.17085433984119605	0.2731927827799076
0.4136317647959141	0.3479633330372918	0.19971992540078565	0.36712067312098795
0.4068070388209516	0.35692670289419853	0.3028745963955737	0.3037731656793396
0.3937454519501131	0.3681293559874564	0.26937943345580234	0.344931333278159
0.39181598980259114	0.37226172461249474	0.3049999147471528	0.33466673650537326
0.3856209239140574	0.3792836586893119	0.22543801329904026	0.3459292324078055
0.37651371409259216	0.3890054703492461	0.28104579836918403	0.35393169993862317
0.37291026800728977	0.39547818561737136	0.25486313379164716	0.36215132358755675
0.36646912792408476	0.40264598632608584	0.2861341234541604	0.33168955833824815
0.35962612779943254	0.4124890249073357	0.3145417364970078	0.3934093978705125
0.35405478876120083	0.4183262654667049	0.3168144577729321	0.32716372995116827
0.34523832364964935	0.4304963931628251	0.2772690166978486	0.34746700667728836
0.338934212724151	0.4376153846013752	0.34723812667601484	0.34463013363809164
0.33361111021836276	0.44459033931504915	0.3205129201115329	0.35840848961784666
0.32703834787518404	0.45440990061001585	0.31746556246724766	0.37580879364680125
0.3204862021563642	0.46491059220621883	0.40121939243478744	0.343982546861732
0.3163391338883144	0.47455451772613555	0.39464444643926044	0.43750324241166116
0.3081267456227173	0.48054696226560156	0.38024095747300957	0.33506459403757405
0.30127801739742416	0.48985537167299326	0.3847933623366172	0.3733756119234321
0.2942909378036187	0.49875102475130645	0.4008421900480807	0.390754591923795
0.2876315326762128	0.507731380032016	0.39840644357888	0.3684159735666273
0.28284521161048204	0.5181815242217808	0.42403799115432655	0.33215565424430216
0.2750775285501014	0.5265813483501554	0.3760949707757345	0.4038322756683524
0.26912730043801597	0.5367527061186663	0.4291960207457929	0.4137694595360268
0.26312162384949817	0.5447715741659254	0.38121337126685495	0.4124153467053171
0.2557286209226558	0.5560760833726535	0.4198815104129022	0.3864454593437975
0.2490940902745098	0.5651486761456935	0.42199544978089476	0.3707255933512631
0.24134957748114372	0.5764669359769549	0.44036233619576093	0.38026845423075484
0.23347042221958578	0.5883971780487612	0.4431958521314014	0.42720642124196906
0.2279761302009465	0.5974036472587346	0.42764077296131736	0.38680982473813247
0.22202202960608847	0.6054548594868	0.47390468658650364	0.39956131788053895
0.21515660809577447	0.6189119215984124	0.5009490718615093	0.36843214671830615
0.20815736471629437	0.6304412064737811	0.4838288039703976	0.42142162174054426
0.19966924105687597	0.6416999577183975	0.5073748485990507	0.41907891017004023
0.19427302138194297	0.6508432221561422	0.5146037884463233	0.4545703993733709
0.18713891469821725	0.6640227106212231	0.5261330208241477	0.47801390270147637
0.18102639392682038	0.6777167432364337	0.46701837785708716	0.49835983796761374
0.1732756441349766	0.6874495859609798	0.5561302795114609	0.48264442160717247
0.16548248143120822	0.7028598844194548	0.5964984036976866	0.41372163393123285
0.1583067789428455	0.7127340663038476	0.5565745121351953	0.42824829143393456
0.1498065214167382	0.7234923459777753	0.5280517634155028	0.4412984023879223
0.14145116721442855	0.7383470507272714	0.5293775405741061	0.4428787430536262
0.1352297404478502	0.7529336241005513	0.5787134040440698	0.45661637996567717
0.128217926249646	0.7615106098932269	0.5516003988546155	0.45661670097931933
0.11979231375243725	0.7748998226103279	0.5749168008452471	0.45814861925221373
0.11165608274666061	0.7898508920905543	0.5683811386838665	0.4742728125612868
0.10436622643232178	0.8023323926727821	0.5917972259283734	0.447814483589565
0.09624642395449365	0.8171106437799419	0.5978304839049833	0.45703407505959026
0.08845390308581853	0.8315261907577853	0.6326680002028364	0.45342955414669933
0.08026946609399022	0.8492638748883541	0.6197504786054535	0.41126665906444054
0.07110647409450663	0.8649942124888663	0.6333528244116787	0.44227959248789567
0.0629209564422758	0.878401525358338	0.6254513444700135	0.47426678414403534
0.05421452715916154	0.8948041383547242	0.6555115670110251	0.46680422370009284
0.04571519670092323	0.9131188499083737	0.6196802912013993	0.4519622023173322
0.0370637235790594	0.9292523293401913	0.6580857018177698	0.454668469663272
0.027778912804288507	0.9487493413832712	0.6764183343558376	0.4324200982363348
0.018196205968736848	0.9658698431406115	0.6523653338505252	0.4849705640001778
0.00861382423823017	0.9848767337695752	0.670026646451923	0.49031517698983973
3.048509860455436e-09	1.0025441076838812	0.6956555097510311	0.45087794724982155
