1.4294554288369148	0.1700653244852095	0.00045538939953485014	0.1743608985145768
1.4294554288369148	0.1700653244852095	0.00045538939953485014	0.1743608985145768
1.4294554288369148	0.1700653244852095	0.00045538939953485014	0.1743608985145768
1.4294554288369148	0.1700653244852095	0.00045538939953485014	0.1743608985145768
1.4294554288369148	0.1700653244852095	0.00045538939953485014	0.1743608985145768
1.4294554288369148	0.1700653244852095	0.00045538939953485014	0.1743608985145768
1.601667399066393	0.16939432273192398	0.00193932709190911	0.1745251991057348
1.601667399066393	0.16939432273192398	0.00193932709190911	0.1745251991057348
1.601667399066393	0.16939432273192398	0.00193932709190911	0.1745251991057348
1.4294554288369148	0.1700653244852095	0.00045538939953485014	0.1743608985145768
1.3549144243357425	0.17059968441955564	0.00045538939953485014	0.185033159880137
1.2172396240169852	0.17235178726417685	0.00045538939953485014	0.20637768261125736
1.132110456423657	0.17386427868054585	0.0025236660076704276	0.1753428292754161
1.0096855271523628	0.17502228616967094	0.0037475517265577463	0.1613491901224333
0.873559909029474	0.1762949246360265	0.0031300691309895656	0.14178170328536022
0.8910702100286957	0.17677274026123121	0.0031300691309895656	0.19434055261618935
0.7513525055157622	0.17841019312725886	0.004199773283515951	0.14902577036482015
0.7513525055157622	0.17841019312725886	0.004199773283515951	0.14902577036482015
0.6929880194860021	0.17841019312725886	0.004199773283515951	0.14902577036482015
0.6929880194860021	0.17841019312725886	0.004199773283515951	0.14902577036482015
0.6793428391535006	0.18909794117256973	0.013123518359245134	0.21265253027697423
0.6382497947155326	0.18909794117256973	0.013123518359245134	0.21265253027697423
0.6207766785355431	0.19447745737434904	0.00506086466034375	0.18076430096374174
0.5989989975076515	0.20207600595025643	0.0003800228827749441	0.16792581712934843
0.598968638011213	0.20208053072240167	0.0003800228827749441	0.16786553473886281
0.5657942315616934	0.21739330505939178	0.000541422434522626	0.2287336817589988
0.5655827622801191	0.21739337999393787	0.000541422434522626	0.22861311697802758
0.5581288607322891	0.22655041220845984	0.005752364586703168	0.2921268184269088
0.5503372773396291	0.22901338681680886	0.010930628917907609	0.2503787052158079
0.530749710973573	0.23726236944688636	0.006243142632275281	0.2516504225848516
0.5183717051656839	0.24459422186490792	0.007476676267667889	0.2924994657241027
0.5153129075711707	0.245690946240167	0.008119892295547146	0.21794736367397183
0.49865443355477074	0.25261480353823235	0.05962557488028141	0.266111264758454
0.49288293203761696	0.26135834330163044	0.08324685793070438	0.25727281173098
0.4919206638844799	0.2675691698249781	0.09884545932264831	0.31139017903809474
0.48304531247902877	0.2825078601035537	0.09580081111372331	0.24739085219290524
0.4753919001561683	0.2841347877475921	0.13757559100975777	0.2675373623343922
0.46643173038793234	0.2894709083513693	0.13994062432442916	0.2467730287291025
0.45833721081844403	0.3016055420180634	0.16411238540564846	0.20891868463335284
0.4472724120044534	0.3062341774752422	0.16975280178951702	0.2902297780816118
0.4424113861166968	0.31175601695882843	0.15045647478715818	0.3007502905772397
0.43507603618501667	0.3248910723196528	0.1914850892565102	0.24182016283766278
0.42796343126639674	0.3291076934111583	0.18482017269551776	0.2747501126739696
0.4206130581844252	0.33724185858342703	0.21546228346779445	0.29632969034657364
0.4140887139771217	0.34424196821339553	0.2095127618903052	0.3140077728329788
0.4058140150386519	0.3538822240609904	0.22114014242699562	0.3002497545954691
0.39831909659397585	0.3625749934447047	0.24633197450934594	0.35026548612624764
0.39357894322634424	0.37143846042097484	0.2603190315450833	0.2689998166331473
0.3848910158599682	0.3800819336882953	0.2416092514413549	0.3102491451224493
0.38020421134714794	0.38497935725098703	0.29832867068681274	0.3348142068220841
0.3727313097071922	0.39574385675862656	0.2869431101985531	0.38743556180248595
0.3652653239655892	0.4052115176326012	0.2897192349303913	0.3850322238011083
0.3609798927116015	0.4128731912954471	0.28802088078887444	0.38091710357666364
0.3511560209719893	0.4212947637051446	0.32085013823950403	0.3456446947461791
0.3456719827531162	0.43129685563023673	0.3258120004375473	0.33112906106630624
0.33909542361869754	0.43932463202047795	0.299315447594283	0.39847628315005074
0.33256170270017527	0.44894827908895923	0.373549277271194	0.32163545396646154
0.32645817792826476	0.4537582683579785	0.3321034466035429	0.36429995384735314
0.31947919779552386	0.46612377631584795	0.3733390816096903	0.4107873681056383
0.313386801077158	0.479560033789923	0.3680467128219768	0.457643457484135
0.30602040620368626	0.4824578078484385	0.37488559329276583	0.4002639832126247
0.29888491274802664	0.4930021275738898	0.4065222192822626	0.3945534045232075
0.29085238681762005	0.5045281669007132	0.381486931769311	0.41944039545731227
0.2841243417165867	0.5138667383513329	0.3643562055850653	0.3837758069149926
0.27826814124426924	0.5233475425580945	0.3779711308823126	0.4294169811971935
0.27105917706902327	0.5326668581420821	0.3998629792213165	0.35382202737134494
0.2642842886887802	0.5418493579244392	0.4232753278421033	0.4125487857924811
0.25784910159294355	0.5550470838008502	0.38973936770408835	0.355329395944156
0.25071419623591257	0.5653625481062841	0.39029753004586615	0.3643018540796157
0.24280197993541697	0.5742601929342231	0.4605490899146392	0.4039820577946368
0.23666790215414613	0.5858417756263127	0.4867632274528292	0.4448879774179961
0.22946789769856227	0.5976744011223076	0.43189684083375235	0.4631842224799756
0.22233930535959906	0.6075195335091637	0.47122208027277146	0.4258690436047271
0.21480091593958292	0.6171026523941197	0.4886224514541884	0.4316909872339176
0.20708987367079737	0.6290131302328252	0.48925839750958244	0.4323505529078916
0.19999670062377203	0.6400931806050635	0.4824627596621567	0.41810228016276174
0.19240656395349984	0.65315441429319	0.4914890102995303	0.43587781702328376
0.1847022738091701	0.6649999381689461	0.4911620180951557	0.4205884823302802
0.17713833302094764	0.67740763450124	0.5130288631402208	0.4318533549752752
0.16979399590800628	0.6901533403360667	0.5318085198661634	0.4560512830563064
0.16142248808402473	0.7048216365832556	0.540812534108542	0.47193786405494287
0.15506719477376654	0.7148193817451314	0.562186316832499	0.42635876957132435
0.146929305092241	0.7284317043422784	0.5637211203415066	0.42874523455209274
0.13963453404626405	0.7409475749011634	0.5755746215057135	0.4335975393815655
0.1302511899790833	0.7568687055704432	0.5668342994065467	0.4422752492819175
0.12353174672869056	0.7688711690510369	0.5718371959472829	0.4583995213305946
0.11578804361036293	0.7829300562347823	0.5665601087986957	0.46063584673773394
0.10810688487692971	0.7993300832813353	0.5379355033168964	0.4865228943946722
0.09952582833363377	0.812717155343222	0.5753667790810713	0.4624945853294841
0.09061690087995342	0.8282835081428195	0.6236518791029506	0.49605437309272654
0.0824899767404936	0.8442922267337448	0.6214398338709627	0.5112468125680735
0.07413285198178246	0.8585116623177289	0.62657634896009	0.47203756502016325
0.0641241651865925	0.8792827928498148	0.630176755368061	0.47128021782752033
0.05350935867282134	0.8973427184530745	0.6546192383370946	0.47447290134706743
0.04767405795692832	0.9079857646686101	0.6862016051617312	0.4689030805898251
0.03688486985967444	0.9298557432153209	0.6731233542730123	0.46362095420186894
0.028948643328115576	0.9457994346125153	0.7024316131090319	0.44295132374548973
0.01837987813286524	0.9656241641579204	0.6919848282140044	0.5046755647095484
0.0067112755082418775	0.9909136746102959	0.7532239950422501	0.5196520185609522
3.1650124551348482e-06	1.0018966013100263	0.7494675781144811	0.4898923695330395
