1	0.0000000000
2	0.0000000000
3	0.0625000000
4	0.0588235294
5	0.3157894737
6	0.2105263158
7	0.1578947368
8	0.3043478261
9	0.3600000000
10	0.3750000000
11	0.3846153846
12	0.3703703704
13	0.4000000000
14	0.3793103448
15	0.3448275862
16	0.2400000000
17	0.3333333333
18	0.2758620690
19	0.2142857143
20	0.1481481481
21	0.1428571429
22	0.1379310345
23	0.1290322581
24	0.0666666667
25	0.0344827586
26	0.0333333333
27	0.0312500000
28	0.0000000000
29	0.0000000000
30	0.0285714286
31	0.0285714286
32	0.0285714286
33	0.0285714286
34	0.0285714286
35	0.0285714286
36	0.0588235294
37	0.0857142857
38	0.0588235294
39	0.0882352941
40	0.0909090909
41	0.0882352941
42	0.1562500000
43	0.2424242424
44	0.2121212121
45	0.1818181818
46	0.1818181818
47	0.1212121212
48	0.2352941176
49	0.1764705882
50	0.1470588235
51	0.1764705882
52	0.1764705882
53	0.1764705882
54	0.1764705882
55	0.1470588235
56	0.1470588235
57	0.1714285714
58	0.1714285714
59	0.1470588235
60	0.1428571429
61	0.1428571429
62	0.1714285714
63	0.1428571429
64	0.1428571429
65	0.1428571429
66	0.1142857143
67	0.0857142857
68	0.0857142857
69	0.0857142857
70	0.0571428571
71	0.0000000000
72	0.0277777778
73	0.0277777778
74	0.0277777778
75	0.0555555556
76	0.0555555556
77	0.0571428571
78	0.0571428571
79	0.0571428571
80	0.0571428571
81	0.0555555556
82	0.0277777778
83	0.0277777778
84	0.0277777778
85	0.0277777778
86	0.0277777778
87	0.0277777778
88	0.0277777778
89	0.0555555556
90	0.0555555556
91	0.0555555556
92	0.0555555556
93	0.0555555556
94	0.0555555556
95	0.0555555556
96	0.0555555556
97	0.0555555556
98	0.0555555556
99	0.0555555556
100	0.0555555556
