1	0.0000000000
2	0.0000000000
3	0.0000000000
4	0.0000000000
5	0.1250000000
6	0.1250000000
7	0.1739130435
8	0.2500000000
9	0.2307692308
10	0.3043478261
11	0.2173913043
12	0.2083333333
13	0.2916666667
14	0.2592592593
15	0.3793103448
16	0.4516129032
17	0.4482758621
18	0.3684210526
19	0.4545454545
20	0.3333333333
21	0.2500000000
22	0.2608695652
23	0.2692307692
24	0.2500000000
25	0.2758620690
26	0.2666666667
27	0.3125000000
28	0.3333333333
29	0.2666666667
30	0.2500000000
31	0.2647058824
32	0.2424242424
33	0.2424242424
34	0.2187500000
35	0.2058823529
36	0.1714285714
37	0.2285714286
38	0.1515151515
39	0.1176470588
40	0.0882352941
41	0.0588235294
42	0.0882352941
43	0.0882352941
44	0.0882352941
45	0.0882352941
46	0.0857142857
47	0.1142857143
48	0.1388888889
49	0.1388888889
50	0.1111111111
51	0.1111111111
52	0.1111111111
53	0.0833333333
54	0.0833333333
55	0.0833333333
56	0.0833333333
57	0.1081081081
58	0.1081081081
59	0.1111111111
60	0.1142857143
61	0.1142857143
62	0.1428571429
63	0.1666666667
64	0.1388888889
65	0.1388888889
66	0.1351351351
67	0.1351351351
68	0.1351351351
69	0.1621621622
70	0.1621621622
71	0.1621621622
72	0.1315789474
73	0.1081081081
74	0.0810810811
75	0.0833333333
76	0.0555555556
77	0.0810810811
78	0.1081081081
79	0.1081081081
80	0.1315789474
81	0.1315789474
82	0.1315789474
83	0.1388888889
84	0.1351351351
85	0.1351351351
86	0.1111111111
87	0.1111111111
88	0.1111111111
89	0.1111111111
90	0.1111111111
91	0.1052631579
92	0.0789473684
93	0.0789473684
94	0.0789473684
95	0.0789473684
96	0.0789473684
97	0.0789473684
98	0.1052631579
99	0.0789473684
100	0.1052631579
