1	0.7500000000
2	0.5833333333
3	0.4545454545
4	0.3529411765
5	0.2307692308
6	0.2000000000
7	0.1333333333
8	0.3000000000
9	0.3043478261
10	0.3200000000
11	0.2222222222
12	0.2812500000
13	0.3333333333
14	0.1785714286
15	0.1785714286
16	0.2000000000
17	0.1666666667
18	0.1666666667
19	0.1818181818
20	0.2187500000
21	0.2727272727
22	0.2187500000
23	0.2000000000
24	0.2187500000
25	0.1612903226
26	0.1250000000
27	0.1562500000
28	0.1818181818
29	0.2121212121
30	0.1515151515
31	0.1818181818
32	0.1212121212
33	0.1212121212
34	0.0909090909
35	0.0882352941
36	0.0882352941
37	0.0882352941
38	0.0588235294
39	0.0588235294
40	0.0882352941
41	0.0588235294
42	0.0555555556
43	0.0555555556
44	0.0294117647
45	0.0833333333
46	0.0555555556
47	0.0555555556
48	0.0277777778
49	0.0277777778
50	0.0555555556
51	0.0000000000
52	0.0270270270
53	0.0270270270
54	0.0270270270
55	0.0540540541
56	0.0540540541
57	0.0540540541
58	0.0540540541
59	0.0810810811
60	0.1081081081
61	0.1081081081
62	0.1081081081
63	0.1081081081
64	0.0789473684
65	0.0789473684
66	0.0789473684
67	0.0789473684
68	0.0789473684
69	0.1052631579
70	0.1351351351
71	0.1351351351
72	0.1351351351
73	0.1081081081
74	0.1081081081
75	0.0810810811
76	0.0540540541
77	0.1081081081
78	0.1351351351
79	0.1621621622
80	0.1891891892
81	0.1621621622
82	0.1351351351
83	0.1351351351
84	0.1351351351
85	0.1351351351
86	0.1388888889
87	0.1351351351
88	0.1081081081
89	0.1081081081
90	0.1081081081
91	0.1081081081
92	0.1081081081
93	0.1081081081
94	0.1081081081
95	0.0810810811
96	0.0540540541
97	0.0270270270
98	0.0540540541
99	0.0263157895
100	0.0526315789
