1	0.2000000000
2	0.0000000000
3	0.0000000000
4	0.0000000000
5	0.0000000000
6	0.0000000000
7	0.1363636364
8	0.1304347826
9	0.1000000000
10	0.0555555556
11	0.0869565217
12	0.0800000000
13	0.0384615385
14	0.0000000000
15	0.0434782609
16	0.0400000000
17	0.0000000000
18	0.0384615385
19	0.0370370370
20	0.0769230769
21	0.1000000000
22	0.1034482759
23	0.1290322581
24	0.1612903226
25	0.2258064516
26	0.1379310345
27	0.1290322581
28	0.1333333333
29	0.1562500000
30	0.1290322581
31	0.1333333333
32	0.2258064516
33	0.2000000000
34	0.1724137931
35	0.1666666667
36	0.2258064516
37	0.2000000000
38	0.2000000000
39	0.2666666667
40	0.2580645161
41	0.2812500000
42	0.3030303030
43	0.2580645161
44	0.2812500000
45	0.2812500000
46	0.2812500000
47	0.2258064516
48	0.2187500000
49	0.2187500000
50	0.1935483871
51	0.1935483871
52	0.1935483871
53	0.1290322581
54	0.0714285714
55	0.0689655172
56	0.0666666667
57	0.0333333333
58	0.0322580645
59	0.0344827586
60	0.0689655172
61	0.0666666667
62	0.0333333333
63	0.0000000000
64	0.0000000000
65	0.0000000000
66	0.0000000000
67	0.0000000000
68	0.0000000000
69	0.0000000000
70	0.0333333333
71	0.0333333333
72	0.0666666667
73	0.0625000000
74	0.0645161290
75	0.0666666667
76	0.0666666667
77	0.0666666667
78	0.0689655172
79	0.0666666667
80	0.1333333333
81	0.0967741935
82	0.0967741935
83	0.1000000000
84	0.1000000000
85	0.1562500000
86	0.0967741935
87	0.1515151515
88	0.1612903226
89	0.1935483871
90	0.1875000000
91	0.1875000000
92	0.1612903226
93	0.0967741935
94	0.1290322581
95	0.2058823529
96	0.2285714286
97	0.1818181818
98	0.2285714286
99	0.2058823529
100	0.2058823529
