1	0.0000000000
2	0.0000000000
3	0.0000000000
4	0.0000000000
5	0.0000000000
6	0.0000000000
7	0.0000000000
8	0.0000000000
9	0.0000000000
10	0.0000000000
11	0.0000000000
12	0.0000000000
13	0.0000000000
14	0.0000000000
15	0.0000000000
16	0.0000000000
17	0.0384615385
18	0.0384615385
19	0.0740740741
20	0.0740740741
21	0.0740740741
22	0.0769230769
23	0.1379310345
24	0.2000000000
25	0.1428571429
26	0.1481481481
27	0.1851851852
28	0.2500000000
29	0.2413793103
30	0.3103448276
31	0.3214285714
32	0.3793103448
33	0.3666666667
34	0.3870967742
35	0.3000000000
36	0.3225806452
37	0.3333333333
38	0.3548387097
39	0.3225806452
40	0.3548387097
41	0.3437500000
42	0.4000000000
43	0.3548387097
44	0.3333333333
45	0.3333333333
46	0.2857142857
47	0.3103448276
48	0.2500000000
49	0.2903225806
50	0.2812500000
51	0.2580645161
52	0.2580645161
53	0.2580645161
54	0.2258064516
55	0.2258064516
56	0.2424242424
57	0.2424242424
58	0.2187500000
59	0.2187500000
60	0.2812500000
61	0.3125000000
62	0.3030303030
63	0.2727272727
64	0.2500000000
65	0.2727272727
66	0.2424242424
67	0.3142857143
68	0.2647058824
69	0.3142857143
70	0.2941176471
71	0.3235294118
72	0.3235294118
73	0.3428571429
74	0.3428571429
75	0.3529411765
76	0.3529411765
77	0.3714285714
78	0.3714285714
79	0.3529411765
80	0.2941176471
81	0.2941176471
82	0.2500000000
83	0.2500000000
84	0.2857142857
85	0.2857142857
86	0.2857142857
87	0.2647058824
88	0.2857142857
89	0.2571428571
90	0.2500000000
91	0.2500000000
92	0.2500000000
93	0.2972972973
94	0.3157894737
95	0.3333333333
96	0.3157894737
97	0.3055555556
98	0.2647058824
99	0.2857142857
100	0.2647058824
