1	1.0000000000
2	1.0000000000
3	1.0000000000
4	1.0000000000
5	1.0000000000
6	1.0000000000
7	0.9615384615
8	0.9545454545
9	0.8928571429
10	0.8214285714
11	0.8275862069
12	0.8214285714
13	0.8571428571
14	0.7666666667
15	0.9687500000
16	0.9354838710
17	0.8709677419
18	0.7741935484
19	0.5862068966
20	0.4827586207
21	0.4137931034
22	0.4000000000
23	0.3333333333
24	0.3333333333
25	0.2916666667
26	0.3461538462
27	0.3181818182
28	0.2500000000
29	0.1034482759
30	0.1071428571
31	0.1333333333
32	0.1034482759
33	0.1764705882
34	0.2222222222
35	0.2285714286
36	0.2500000000
37	0.2972972973
38	0.2972972973
39	0.3333333333
40	0.3076923077
41	0.2571428571
42	0.2000000000
43	0.1764705882
44	0.2222222222
45	0.2368421053
46	0.2222222222
47	0.2368421053
48	0.2777777778
49	0.2941176471
50	0.3823529412
51	0.3235294118
52	0.3428571429
53	0.3611111111
54	0.4857142857
55	0.4285714286
56	0.3611111111
57	0.3611111111
58	0.3055555556
59	0.2777777778
60	0.2812500000
61	0.3529411765
62	0.3333333333
63	0.3030303030
64	0.2857142857
65	0.2857142857
66	0.2500000000
67	0.2702702703
68	0.2894736842
69	0.2702702703
70	0.2857142857
71	0.2777777778
72	0.2777777778
73	0.2972972973
74	0.2894736842
75	0.2894736842
76	0.2702702703
77	0.2702702703
78	0.2702702703
79	0.2972972973
80	0.3055555556
81	0.3333333333
82	0.3333333333
83	0.3142857143
84	0.3529411765
85	0.3428571429
86	0.3714285714
87	0.3529411765
88	0.3529411765
89	0.3055555556
90	0.2857142857
91	0.3235294118
92	0.3142857143
93	0.2777777778
94	0.3055555556
95	0.3142857143
96	0.2820512821
97	0.3076923077
98	0.3055555556
99	0.2368421053
100	0.2162162162
