1	0.9750000000
2	0.9642857143
3	0.8800000000
4	0.7307692308
5	0.6666666667
6	0.7272727273
7	0.7857142857
8	0.7600000000
9	0.7000000000
10	0.6923076923
11	0.7037037037
12	0.5909090909
13	0.6000000000
14	0.6333333333
15	0.5862068966
16	0.5312500000
17	0.4000000000
18	0.3548387097
19	0.3030303030
20	0.3750000000
21	0.2812500000
22	0.2352941176
23	0.1714285714
24	0.1176470588
25	0.1212121212
26	0.1176470588
27	0.1714285714
28	0.1470588235
29	0.1666666667
30	0.1621621622
31	0.1142857143
32	0.1621621622
33	0.1388888889
34	0.1351351351
35	0.1111111111
36	0.1142857143
37	0.1142857143
38	0.1714285714
39	0.1794871795
40	0.1052631579
41	0.1111111111
42	0.1142857143
43	0.1111111111
44	0.1315789474
45	0.1315789474
46	0.1315789474
47	0.1388888889
48	0.1621621622
49	0.1428571429
50	0.1388888889
51	0.2162162162
52	0.1111111111
53	0.1111111111
54	0.1428571429
55	0.1315789474
56	0.1111111111
57	0.1388888889
58	0.1891891892
59	0.1111111111
60	0.1142857143
61	0.1142857143
62	0.1176470588
63	0.0833333333
64	0.0789473684
65	0.0857142857
66	0.0833333333
67	0.0909090909
68	0.0937500000
69	0.0645161290
70	0.0294117647
71	0.0606060606
72	0.1428571429
73	0.1764705882
74	0.1621621622
75	0.1428571429
76	0.0882352941
77	0.1142857143
78	0.0833333333
79	0.0909090909
80	0.0857142857
81	0.0882352941
82	0.0882352941
83	0.1351351351
84	0.1315789474
85	0.1538461538
86	0.1578947368
87	0.1428571429
88	0.1714285714
89	0.1764705882
90	0.2000000000
91	0.2000000000
92	0.2051282051
93	0.1621621622
94	0.1714285714
95	0.1666666667
96	0.1428571429
97	0.1176470588
98	0.1142857143
99	0.0857142857
100	0.1428571429
