1	1.0000000000
2	1.0000000000
3	1.0000000000
4	0.9677419355
5	0.9333333333
6	0.8529411765
7	0.7272727273
8	0.7500000000
9	0.6086956522
10	0.5769230769
11	0.4583333333
12	0.4482758621
13	0.2758620690
14	0.2083333333
15	0.1071428571
16	0.1153846154
17	0.1111111111
18	0.1538461538
19	0.1304347826
20	0.1200000000
21	0.1333333333
22	0.1612903226
23	0.1176470588
24	0.1111111111
25	0.1428571429
26	0.1818181818
27	0.2258064516
28	0.1714285714
29	0.1578947368
30	0.1578947368
31	0.1794871795
32	0.2222222222
33	0.2105263158
34	0.2058823529
35	0.2000000000
36	0.1875000000
37	0.1818181818
38	0.2068965517
39	0.2187500000
40	0.2258064516
41	0.1666666667
42	0.1562500000
43	0.1250000000
44	0.1515151515
45	0.1666666667
46	0.0882352941
47	0.1176470588
48	0.1470588235
49	0.1470588235
50	0.1764705882
51	0.1470588235
52	0.1714285714
53	0.1944444444
54	0.2285714286
55	0.2777777778
56	0.1842105263
57	0.1891891892
58	0.1621621622
59	0.1944444444
60	0.2105263158
61	0.2222222222
62	0.2162162162
63	0.2285714286
64	0.1666666667
65	0.1578947368
66	0.1666666667
67	0.1714285714
68	0.2058823529
69	0.2000000000
70	0.2000000000
71	0.2352941176
72	0.2972972973
73	0.2857142857
74	0.2424242424
75	0.1935483871
76	0.2000000000
77	0.2058823529
78	0.2580645161
79	0.2580645161
80	0.2187500000
81	0.2424242424
82	0.2000000000
83	0.2058823529
84	0.1764705882
85	0.1764705882
86	0.2000000000
87	0.2000000000
88	0.2058823529
89	0.1388888889
90	0.1578947368
91	0.1666666667
92	0.1428571429
93	0.1212121212
94	0.1470588235
95	0.1515151515
96	0.1470588235
97	0.1818181818
98	0.1818181818
99	0.2222222222
100	0.1944444444
