1	0.9750000000
2	1.0000000000
3	1.0000000000
4	0.9677419355
5	0.9062500000
6	0.7931034483
7	0.6000000000
8	0.4062500000
9	0.3870967742
10	0.2000000000
11	0.2413793103
12	0.1923076923
13	0.1428571429
14	0.1785714286
15	0.1111111111
16	0.0967741935
17	0.1212121212
18	0.0857142857
19	0.2058823529
20	0.2580645161
21	0.2000000000
22	0.2571428571
23	0.2564102564
24	0.2432432432
25	0.2162162162
26	0.1351351351
27	0.1111111111
28	0.1470588235
29	0.1470588235
30	0.1212121212
31	0.1212121212
32	0.1176470588
33	0.1176470588
34	0.1142857143
35	0.2162162162
36	0.2162162162
37	0.1621621622
38	0.1891891892
39	0.1621621622
40	0.1578947368
41	0.1891891892
42	0.1944444444
43	0.1578947368
44	0.2105263158
45	0.1578947368
46	0.1250000000
47	0.1578947368
48	0.1578947368
49	0.2000000000
50	0.2285714286
51	0.2777777778
52	0.2777777778
53	0.2972972973
54	0.2894736842
55	0.2500000000
56	0.2285714286
57	0.2352941176
58	0.2777777778
59	0.2894736842
60	0.2222222222
61	0.2222222222
62	0.2285714286
63	0.2058823529
64	0.2121212121
65	0.2571428571
66	0.2285714286
67	0.2500000000
68	0.1944444444
69	0.1944444444
70	0.1842105263
71	0.2368421053
72	0.1351351351
73	0.1578947368
74	0.1764705882
75	0.1428571429
76	0.2162162162
77	0.2000000000
78	0.1891891892
79	0.1842105263
80	0.1666666667
81	0.1891891892
82	0.1714285714
83	0.1944444444
84	0.2058823529
85	0.2352941176
86	0.2571428571
87	0.2777777778
88	0.3142857143
89	0.3243243243
90	0.3513513514
91	0.3333333333
92	0.3076923077
93	0.2820512821
94	0.2631578947
95	0.2647058824
96	0.2105263158
97	0.2000000000
98	0.2352941176
99	0.2352941176
100	0.2352941176
