1	0.9750000000
2	1.0000000000
3	1.0000000000
4	1.0000000000
5	0.9062500000
6	0.9000000000
7	0.7812500000
8	0.6250000000
9	0.4642857143
10	0.4333333333
11	0.3333333333
12	0.3928571429
13	0.2727272727
14	0.3225806452
15	0.4074074074
16	0.4827586207
17	0.4482758621
18	0.4838709677
19	0.4545454545
20	0.4848484848
21	0.5555555556
22	0.4722222222
23	0.3636363636
24	0.3529411765
25	0.3529411765
26	0.4444444444
27	0.3428571429
28	0.3428571429
29	0.3611111111
30	0.3783783784
31	0.3888888889
32	0.4324324324
33	0.4166666667
34	0.4722222222
35	0.5000000000
36	0.3684210526
37	0.4210526316
38	0.4054054054
39	0.3947368421
40	0.4594594595
41	0.4166666667
42	0.3055555556
43	0.2571428571
44	0.2352941176
45	0.2647058824
46	0.2857142857
47	0.3055555556
48	0.2894736842
49	0.2500000000
50	0.2000000000
51	0.2432432432
52	0.2820512821
53	0.2500000000
54	0.2000000000
55	0.1714285714
56	0.1818181818
57	0.2000000000
58	0.1944444444
59	0.1515151515
60	0.2000000000
61	0.2424242424
62	0.3142857143
63	0.3030303030
64	0.2571428571
65	0.1666666667
66	0.1944444444
67	0.1470588235
68	0.1142857143
69	0.1351351351
70	0.1944444444
71	0.2432432432
72	0.2500000000
73	0.2058823529
74	0.2285714286
75	0.1818181818
76	0.2058823529
77	0.2777777778
78	0.2222222222
79	0.2000000000
80	0.2162162162
81	0.2285714286
82	0.2424242424
83	0.2666666667
84	0.2666666667
85	0.3235294118
86	0.3142857143
87	0.3030303030
88	0.3548387097
89	0.2857142857
90	0.2777777778
91	0.3513513514
92	0.3611111111
93	0.3783783784
94	0.3055555556
95	0.3333333333
96	0.2972972973
97	0.3235294118
98	0.3142857143
99	0.3142857143
100	0.3636363636
