1	1.0000000000
2	1.0000000000
3	1.0000000000
4	0.9642857143
5	0.9729729730
6	0.9411764706
7	0.8387096774
8	0.7586206897
9	0.5517241379
10	0.5172413793
11	0.6296296296
12	0.5312500000
13	0.5294117647
14	0.4137931034
15	0.3461538462
16	0.3333333333
17	0.3793103448
18	0.3235294118
19	0.3750000000
20	0.3636363636
21	0.3000000000
22	0.3333333333
23	0.2857142857
24	0.3142857143
25	0.2187500000
26	0.1764705882
27	0.2000000000
28	0.2285714286
29	0.2500000000
30	0.2972972973
31	0.2432432432
32	0.3142857143
33	0.3636363636
34	0.3235294118
35	0.3437500000
36	0.2647058824
37	0.1944444444
38	0.2285714286
39	0.1764705882
40	0.2058823529
41	0.2285714286
42	0.2500000000
43	0.2000000000
44	0.1515151515
45	0.1714285714
46	0.1818181818
47	0.1764705882
48	0.2105263158
49	0.1944444444
50	0.1944444444
51	0.2000000000
52	0.2000000000
53	0.2058823529
54	0.1875000000
55	0.2121212121
56	0.2162162162
57	0.2162162162
58	0.2631578947
59	0.2432432432
60	0.1944444444
61	0.2500000000
62	0.2285714286
63	0.2432432432
64	0.2500000000
65	0.2432432432
66	0.2857142857
67	0.2894736842
68	0.2972972973
69	0.2631578947
70	0.2702702703
71	0.1666666667
72	0.1428571429
73	0.1764705882
74	0.2285714286
75	0.1714285714
76	0.1818181818
77	0.1515151515
78	0.1428571429
79	0.1470588235
80	0.1470588235
81	0.1428571429
82	0.1578947368
83	0.1666666667
84	0.1666666667
85	0.1315789474
86	0.1315789474
87	0.1351351351
88	0.1388888889
89	0.1428571429
90	0.1764705882
91	0.1764705882
92	0.1714285714
93	0.1764705882
94	0.2058823529
95	0.2058823529
96	0.2058823529
97	0.2285714286
98	0.2285714286
99	0.2000000000
100	0.2000000000
