1	1.0000000000
2	1.0000000000
3	1.0000000000
4	1.0000000000
5	1.0000000000
6	0.9411764706
7	0.9285714286
8	0.8695652174
9	0.8888888889
10	0.8095238095
11	0.6551724138
12	0.6538461538
13	0.7333333333
14	0.5862068966
15	0.4827586207
16	0.4074074074
17	0.4000000000
18	0.4074074074
19	0.3225806452
20	0.2812500000
21	0.1666666667
22	0.2068965517
23	0.2424242424
24	0.1935483871
25	0.1818181818
26	0.2727272727
27	0.2058823529
28	0.2121212121
29	0.1515151515
30	0.1428571429
31	0.1176470588
32	0.1388888889
33	0.1315789474
34	0.1111111111
35	0.1111111111
36	0.1025641026
37	0.1578947368
38	0.1282051282
39	0.1388888889
40	0.1666666667
41	0.1666666667
42	0.1470588235
43	0.1891891892
44	0.1714285714
45	0.1621621622
46	0.1944444444
47	0.1714285714
48	0.1891891892
49	0.1891891892
50	0.1891891892
51	0.1351351351
52	0.1388888889
53	0.1944444444
54	0.1764705882
55	0.1315789474
56	0.1515151515
57	0.1764705882
58	0.1470588235
59	0.1578947368
60	0.1891891892
61	0.1578947368
62	0.1388888889
63	0.1176470588
64	0.0882352941
65	0.0857142857
66	0.0937500000
67	0.1212121212
68	0.0967741935
69	0.0909090909
70	0.0571428571
71	0.0285714286
72	0.0270270270
73	0.0263157895
74	0.0555555556
75	0.0571428571
76	0.0882352941
77	0.0857142857
78	0.1111111111
79	0.1142857143
80	0.1142857143
81	0.1081081081
82	0.1351351351
83	0.1081081081
84	0.0789473684
85	0.1081081081
86	0.1388888889
87	0.1351351351
88	0.0833333333
89	0.0810810811
90	0.0789473684
91	0.0833333333
92	0.0571428571
93	0.0312500000
94	0.0571428571
95	0.0810810811
96	0.1081081081
97	0.1388888889
98	0.0833333333
99	0.0833333333
100	0.1052631579
