1	1.0000000000
2	1.0000000000
3	1.0000000000
4	1.0000000000
5	1.0000000000
6	1.0000000000
7	1.0000000000
8	1.0000000000
9	0.9687500000
10	0.9677419355
11	0.9666666667
12	0.9200000000
13	0.8000000000
14	0.8571428571
15	0.8214285714
16	0.7666666667
17	0.8125000000
18	0.8076923077
19	0.7241379310
20	0.6551724138
21	0.5600000000
22	0.6206896552
23	0.6333333333
24	0.5000000000
25	0.4411764706
26	0.4242424242
27	0.4193548387
28	0.4285714286
29	0.4166666667
30	0.4166666667
31	0.4285714286
32	0.3947368421
33	0.3888888889
34	0.3428571429
35	0.3611111111
36	0.3243243243
37	0.2702702703
38	0.2777777778
39	0.2702702703
40	0.3250000000
41	0.3589743590
42	0.3888888889
43	0.3157894737
44	0.3333333333
45	0.3428571429
46	0.2941176471
47	0.2727272727
48	0.2285714286
49	0.2162162162
50	0.2222222222
51	0.2162162162
52	0.1818181818
53	0.1250000000
54	0.1428571429
55	0.1842105263
56	0.1621621622
57	0.1081081081
58	0.1142857143
59	0.1818181818
60	0.1875000000
61	0.2580645161
62	0.2187500000
63	0.2352941176
64	0.2352941176
65	0.2432432432
66	0.2500000000
67	0.2352941176
68	0.2972972973
69	0.3611111111
70	0.3513513514
71	0.4358974359
72	0.4102564103
73	0.3157894737
74	0.2777777778
75	0.3243243243
76	0.3428571429
77	0.3055555556
78	0.2571428571
79	0.2777777778
80	0.2941176471
81	0.2727272727
82	0.3142857143
83	0.2972972973
84	0.3333333333
85	0.3055555556
86	0.3529411765
87	0.2424242424
88	0.3055555556
89	0.3513513514
90	0.3333333333
91	0.3030303030
92	0.2941176471
93	0.2857142857
94	0.3243243243
95	0.3870967742
96	0.4062500000
97	0.4285714286
98	0.4571428571
99	0.4411764706
100	0.4444444444
