1	38.3739460799
2	40.2847957060
3	42.1834433309
4	42.6635189729
5	42.8266886159
6	42.8266886159
7	43.7183440861
8	44.4501291828
9	45.9335126371
10	45.9358023060
11	45.9389275363
12	46.3343292821
13	46.7422834528
14	47.1703771447
15	47.2303862199
16	47.2892929954
17	47.4987523850
18	47.5210183373
19	47.6151490106
20	47.6283119792
21	47.6299016932
22	47.6312777425
23	47.6322703206
24	47.6422315663
25	47.6437802751
26	47.6673267258
27	47.6682246114
28	47.8317512773
29	47.8321127302
30	47.8328577528
31	47.8342900386
32	47.8580668371
33	47.8581739294
34	47.8611711501
35	47.8633517596
36	47.8693650704
37	47.8711511067
38	47.8718717423
39	47.8720120518
40	47.8726778202
41	47.8776912977
42	47.9181489160
43	47.9183136053
44	47.9189821527
45	47.9187827600
46	47.9184105005
47	47.9185718966
48	47.9186008245
49	47.9189972050
50	47.9189874475
51	47.9764098109
52	47.9760297098
53	47.9765139247
54	47.9771359858
55	47.9800288702
56	47.9863102319
57	47.9864809948
58	47.9861677858
59	47.9862883130
60	47.9862190645
61	47.9860940838
62	47.9859902070
63	47.9859292057
64	47.9860372136
65	47.9882475493
66	47.9880738593
67	47.9879539275
68	47.9877854920
69	47.9878606755
70	47.9885149879
71	47.9885708599
72	47.9930080974
73	47.9944967871
74	47.9946224296
75	47.9944175098
76	47.9936628280
77	47.9936622847
78	48.0193984373
79	48.0194568507
80	48.0193405325
81	48.0195551858
82	48.0243756279
83	48.0249997317
84	48.0335908455
85	48.0394291509
86	48.0384846017
87	48.0388507113
88	48.0395130838
89	48.0394716890
90	48.0406962712
91	48.0432782070
92	48.0447659983
93	48.0544370927
94	48.0551621001
95	48.0574759546
96	48.0574953855
97	48.0593153801
98	48.0598748004
99	48.0599501663
100	48.0606220841
