1	43.0158751419
2	43.6922348009
3	44.0392800414
4	44.0874591345
5	44.4209343543
6	45.2429119855
7	45.2861342559
8	45.5392047179
9	45.6637980155
10	45.6659852204
11	45.9072769078
12	45.9763711598
13	46.0102663611
14	46.0291074326
15	46.0314953129
16	46.0340452287
17	46.0453077784
18	46.0484927898
19	46.0691879940
20	46.0757650955
21	46.0769420324
22	46.0824244794
23	46.0835068571
24	46.0943667277
25	46.1036405641
26	46.1036978199
27	46.1046667550
28	46.1300234815
29	46.3371936204
30	46.3396504700
31	46.3398049530
32	46.3420217315
33	46.3423399718
34	46.3426463776
35	46.3431088466
36	46.3428253426
37	46.3431195150
38	46.3427762970
39	46.3429111757
40	46.3479680319
41	46.5293271157
42	46.5293440604
43	46.5316611172
44	46.5318903984
45	46.5320005797
46	46.5323924632
47	46.5324053587
48	46.5377566763
49	46.7158190330
50	46.8356088037
51	46.8353772666
52	46.8919527711
53	46.8919952859
54	46.8998895337
55	46.9000488457
56	46.8999973523
57	46.9000717297
58	46.9002846611
59	46.9001419361
60	46.8999077448
61	46.8998996235
62	46.9001198628
63	46.9004753318
64	46.9004723825
65	46.9002763058
66	47.0028616556
67	47.0025949467
68	47.0024213754
69	47.0025605448
70	47.0027475604
71	47.0029002300
72	47.0030229899
73	47.0030624300
74	47.0032342477
75	47.0033397848
76	47.0033222190
77	47.0034013407
78	47.0032987724
79	47.0032166026
80	47.0035366518
81	47.0036608646
82	47.0039177773
83	47.0037781498
84	47.0039270884
85	47.0038073770
86	47.0038858195
87	47.0037855527
88	47.0038334044
89	47.0034527200
90	47.0032456051
91	47.0030197353
92	47.0035137771
93	47.0031033871
94	47.0028979129
95	47.0031083020
96	47.0031827648
97	47.0031292037
98	47.0033235441
99	47.0036173888
100	47.0045233307
