1	44.1049682240
2	44.8429973976
3	44.8686508692
4	46.2499003616
5	46.5858592936
6	46.8068406509
7	47.1275646313
8	47.1446213519
9	47.4329440825
10	47.5879493620
11	47.7510638523
12	47.7623397851
13	47.8371342823
14	47.8374901807
15	47.8572588916
16	47.8933814699
17	47.8949053079
18	47.8974331050
19	47.9476839080
20	47.9602834124
21	47.9623018346
22	47.9642181054
23	47.9657707904
24	47.9710228656
25	47.9821964412
26	47.9819943936
27	47.9977165548
28	47.9993590411
29	48.0004184500
30	48.0014874292
31	48.0018599593
32	48.0026005404
33	48.0028017499
34	48.0029591317
35	48.0054101145
36	48.0090785892
37	48.0095638695
38	48.0100292174
39	48.0116125824
40	48.0116290236
41	48.0124095061
42	48.0128954611
43	48.0137299328
44	48.0136477929
45	48.0136893875
46	48.0143295305
47	48.0142867655
48	48.0142334894
49	48.0149740138
50	48.0150297535
51	48.0150071361
52	48.0152387674
53	48.0161964999
54	48.0162679996
55	48.0169717227
56	48.0179332055
57	48.0177321202
58	48.0177401253
59	48.0174324486
60	48.0181454724
61	48.0179834015
62	48.0205384804
63	48.0201208224
64	48.0212061078
65	48.0216926836
66	48.0219834261
67	48.0220092474
68	48.0215065220
69	48.0218493265
70	48.0220489831
71	48.0222007916
72	48.0230776730
73	48.0232017626
74	48.0239062172
75	48.0248154605
76	48.0257694561
77	48.0254003492
78	48.0252149148
79	48.0254000815
80	48.0253948419
81	48.0255091893
82	48.0262215007
83	48.0257159959
84	48.0258506700
85	48.0260907116
86	48.0267609692
87	48.0267569042
88	48.0271035425
89	48.0292691184
90	48.0292700891
91	48.0289560830
92	48.0302541520
93	48.0298218553
94	48.0298445519
95	48.0297681659
96	48.0299634488
97	48.0295285256
98	48.0293451202
99	48.0294326293
100	48.0293313176
