1	45.7599127632
2	46.1082549891
3	46.0632157041
4	46.0822329768
5	46.4228121203
6	46.7817900065
7	47.1624889284
8	47.2196697883
9	47.2342439409
10	47.2407379574
11	47.2492285204
12	47.2557929976
13	47.3650791894
14	47.3669273255
15	47.4081717213
16	47.4507251507
17	47.4520673086
18	47.7744730076
19	47.8743781572
20	47.8791983742
21	47.9485817255
22	47.9551183740
23	47.9560230781
24	47.9571712614
25	47.9573656590
26	47.9608843336
27	47.9616043817
28	47.9629847702
29	47.9636833406
30	47.9641916275
31	47.9650659189
32	47.9677345653
33	47.9678369858
34	47.9688797136
35	47.9822114304
36	47.9829398285
37	47.9882781203
38	47.9955718860
39	47.9973020791
40	47.9974996303
41	47.9969781005
42	47.9974690437
43	48.0127842566
44	48.0120775998
45	48.0120775998
46	48.0127608374
47	48.0128239544
48	48.0130987868
49	48.0133276302
50	48.0132686953
51	48.0173724928
52	48.0271309889
53	48.0274381833
54	48.0275809742
55	48.0275809742
56	48.0277931780
57	48.0980506813
58	48.0983888970
59	48.1142439211
60	48.1150005696
61	48.1152577251
62	48.1152577251
63	48.1152577251
64	48.1152832491
65	48.1152832491
66	48.1152676679
67	48.1152776530
68	48.1157047651
69	48.1157047651
70	48.1157047651
71	48.1157047651
72	48.1164025470
73	48.1170901984
74	48.1170860418
75	48.1182755876
76	48.1185123642
77	48.1201712789
78	48.1258612468
79	48.1242273084
80	48.1245065364
81	48.1246064476
82	48.1295929412
83	48.1699651388
84	48.1700271665
85	48.1700426128
86	48.1696590087
87	48.1697086645
88	48.1697086645
89	48.1697461138
90	48.1697630835
91	48.1703215937
92	48.1704637974
93	48.1704259260
94	48.1704302354
95	48.1704302354
96	48.1704554765
97	48.1705597078
98	48.1704268707
99	48.1705058472
100	48.1706338443
