1	46.3241053747
2	47.4296529181
3	47.4873862899
4	47.4948319344
5	46.6009704789
6	46.6255894392
7	46.7553905494
8	46.8602556318
9	46.8680199358
10	47.0220669202
11	47.0258515146
12	47.0537208600
13	47.0638536784
14	47.0947046372
15	47.1079703436
16	47.1096018678
17	47.1862665080
18	47.2568176282
19	47.2790132513
20	47.2936847512
21	47.4256456270
22	47.4663610548
23	47.4735204180
24	47.4905585743
25	47.5097177107
26	47.5144414049
27	47.5233261730
28	47.5334044193
29	47.5341445033
30	47.5380458100
31	47.5394761383
32	47.5593490263
33	47.5847863730
34	47.5939127775
35	47.5947325293
36	47.5964577431
37	47.5981318416
38	47.5985745121
39	47.5987990755
40	47.6269004631
41	47.6268740852
42	47.6272368662
43	47.6273811790
44	47.6270531248
45	47.6275839794
46	47.6275882124
47	47.6277838173
48	47.6280391108
49	47.6280391108
50	47.6280675781
51	47.6285364304
52	47.6285364304
53	47.6294490058
54	47.6391935762
55	47.6392589015
56	47.6394744623
57	47.6397123717
58	47.6399776985
59	47.6400237750
60	47.6397984596
61	47.6398535921
62	47.6400259350
63	47.6405844919
64	47.6406227828
65	47.6405886640
66	47.6405886640
67	47.6406102746
68	47.6406136091
69	47.6406572835
70	47.6408576885
71	47.6408418454
72	47.6408668472
73	47.6408480448
74	47.6410264305
75	47.6446073625
76	47.6446880317
77	47.6447129850
78	47.6442414191
79	47.6443248760
80	47.6442426397
81	47.6443556852
82	47.6443593391
83	47.6443553412
84	47.6443553412
85	47.6443553412
86	47.6442599053
87	47.6442573436
88	47.6442573436
89	47.6442573436
90	47.6442573436
91	47.6443985297
92	47.6444847241
93	47.6445119129
94	47.6445119129
95	47.6445119129
96	47.6445119129
97	47.6445119129
98	47.6445126567
99	47.6445117829
100	47.6448654973
