1	40.0918422718
2	42.4555343017
3	45.2117257296
4	45.2191393822
5	45.4000430414
6	45.8910089433
7	46.4242584440
8	46.5779845188
9	46.7721385811
10	47.0434252470
11	47.1340947995
12	47.1835928680
13	47.2871240964
14	47.3219769584
15	47.3513018659
16	47.3708253077
17	47.4700478495
18	47.4883749621
19	47.7594562542
20	47.7670887368
21	47.7712127981
22	47.7722413904
23	47.7754093606
24	47.7811990374
25	47.7868543199
26	47.7889564842
27	47.7931457258
28	47.7962528711
29	47.8103113903
30	47.8146580792
31	47.8168983291
32	47.8176949284
33	47.8181529312
34	47.8233957657
35	47.8245348081
36	47.8246462928
37	47.8304932554
38	47.8305967596
39	47.8304906634
40	47.8424978187
41	47.8433024429
42	47.8493080064
43	47.8493827351
44	47.8762512553
45	47.8784754185
46	47.8792915543
47	47.8797128070
48	47.8801282314
49	47.8803994444
50	47.8806581340
51	47.8870930148
52	47.8887016702
53	47.8916414437
54	47.8914585922
55	47.8937395667
56	47.8943868530
57	47.8950267587
58	47.8949757888
59	47.8953501349
60	47.8977936097
61	47.8975375205
62	47.8983004544
63	47.8997964672
64	47.9006386597
65	47.9011342665
66	47.9015711749
67	47.9017114286
68	47.9106065913
69	47.9102578786
70	47.9099642030
71	47.9104008512
72	47.9107241366
73	47.9116957364
74	47.9122792983
75	47.9126139669
76	47.9127487322
77	47.9129532801
78	47.9131802539
79	47.9139913170
80	47.9137825887
81	47.9138235215
82	47.9132147657
83	47.9137764179
84	47.9134924995
85	47.9135345546
86	47.9135662567
87	47.9142643041
88	47.9142674196
89	47.9147722382
90	47.9151957817
91	47.9149515598
92	47.9152003301
93	47.9153754087
94	47.9157181060
95	47.9149678579
96	47.9158527765
97	47.9159897701
98	47.9164932139
99	47.9169399271
100	47.9179437081
