1	44.3443502256
2	45.0356051460
3	45.0645527315
4	45.3994614315
5	45.6639284681
6	45.8316236237
7	46.1198972434
8	46.2073925736
9	46.2543524627
10	46.4843656185
11	46.5884427759
12	46.5990099097
13	46.6229034326
14	46.6269494866
15	46.6571939249
16	46.7044072150
17	46.7536930495
18	46.7545788362
19	46.7645996637
20	46.7943600803
21	46.8399785793
22	47.0752764268
23	47.0994508976
24	47.1249264026
25	47.2647540584
26	47.2851374046
27	47.3157086526
28	47.3711932386
29	47.4154423953
30	47.4386163874
31	47.4755625153
32	47.4868983111
33	47.4869094643
34	47.4918084202
35	47.4917252355
36	47.5305007465
37	47.5348040484
38	47.5474228667
39	47.5475318103
40	47.5477845060
41	47.5478843562
42	47.6117742323
43	47.6213293017
44	47.6220031745
45	47.6227421917
46	47.6223382371
47	47.6232438750
48	47.6224426982
49	47.6231057084
50	47.6232124794
51	47.6236852577
52	47.6238569564
53	47.6238360768
54	47.6273597050
55	47.6361363618
56	47.6360828349
57	47.6479076786
58	47.6479615500
59	47.6484716426
60	47.6487603244
61	47.6488685194
62	47.6817727508
63	47.6819012537
64	47.6818060992
65	47.6817279969
66	47.6816812902
67	47.6818134945
68	47.6818295721
69	47.6821471819
70	47.6822840716
71	47.6824634555
72	47.6824634555
73	47.6825719075
74	47.6825719075
75	47.6825533999
76	47.6825493291
77	47.6826122622
78	47.6827284206
79	47.6827284206
80	47.6827284206
81	47.6827456161
82	47.6831249624
83	47.6831889747
84	47.6833303990
85	47.6833303990
86	47.6833964042
87	47.6833964042
88	47.6835004721
89	47.6835297233
90	47.6835297233
91	47.6835297233
92	47.6835297233
93	47.6835375643
94	47.6841582370
95	47.6841099022
96	47.6841558523
97	47.6838496051
98	47.6835484402
99	47.6835522005
100	47.6835522005
