1	45.2470904815
2	46.6741704110
3	46.9740817297
4	47.0052987312
5	47.0487050708
6	47.1036416920
7	47.1054882181
8	47.2120160240
9	47.2164278206
10	47.2855337609
11	47.4097617409
12	47.4697766383
13	47.4715700466
14	47.4755312641
15	47.6281896365
16	47.6286953924
17	47.6336820118
18	47.6379122469
19	47.6387663914
20	47.6408089238
21	47.6419236675
22	47.6455746603
23	47.6475694975
24	47.6626234490
25	47.6634945309
26	47.6631250490
27	47.6639923190
28	47.6642336605
29	47.6645126625
30	47.6651676288
31	47.6657494295
32	47.6670053894
33	47.6887943821
34	47.6888375194
35	47.6891881944
36	47.6893266388
37	47.6893266388
38	47.6893266388
39	47.6903269230
40	47.6912535769
41	47.6927237138
42	47.6929032431
43	47.6933222451
44	47.6942230677
45	47.6943018734
46	47.6944265683
47	47.6944254196
48	47.6952089567
49	47.6957433298
50	47.7014542736
51	47.7021118311
52	47.7021224763
53	47.7021224763
54	47.7028771932
55	47.7028771864
56	47.7033681710
57	47.7034891985
58	47.7043016846
59	47.7046416188
60	47.7058855787
61	47.7066507900
62	47.7077794403
63	47.7079697882
64	47.7087359453
65	47.7087657485
66	47.7087657485
67	47.7087669297
68	47.7091382494
69	47.7089419786
70	47.7093403500
71	47.7093403500
72	47.7093138961
73	47.7095717125
74	47.7097855146
75	47.7097420804
76	47.7097420804
77	47.7097420804
78	47.7098191028
79	47.7101093222
80	47.7111717856
81	47.7111988412
82	47.7111988412
83	47.7111680083
84	47.7111680083
85	47.7111680083
86	47.7112854845
87	47.7112848290
88	47.7117428566
89	47.7117428566
90	47.7117428566
91	47.7117428566
92	47.7117428566
93	47.7118539778
94	47.7117813954
95	47.7117813954
96	47.7117813954
97	47.7116574546
98	47.7116574546
99	47.7116574546
100	47.7116607617
