1	46.5144057071
2	46.6935073946
3	47.1374858694
4	47.2798321934
5	47.4496248706
6	47.4584151118
7	47.4705084614
8	47.4774398478
9	47.4775607850
10	47.4828581650
11	47.4936551433
12	47.5203321499
13	47.7166417409
14	47.7295294322
15	47.7370157856
16	47.7387542718
17	47.7413355404
18	47.7433070157
19	47.8834970469
20	47.8838620203
21	47.8857320886
22	47.8912783445
23	47.8949292767
24	47.8976329823
25	47.9041373483
26	47.9311912904
27	47.9311364389
28	47.9342403555
29	47.9420592617
30	47.9426653624
31	47.9446727660
32	47.9469255167
33	47.9479362548
34	47.9725084435
35	47.9726403356
36	47.9722906820
37	47.9722940962
38	47.9776898474
39	47.9789670403
40	47.9812404177
41	47.9821896023
42	47.9821896023
43	47.9819859059
44	47.9833682093
45	48.0713278707
46	48.0725012504
47	48.0727754952
48	48.0742028494
49	48.0763792911
50	48.0777820364
51	48.0795382060
52	48.0904108059
53	48.0911243235
54	48.0921492019
55	48.0931171192
56	48.0982391560
57	48.1019821696
58	48.1050323804
59	48.1050323804
60	48.1057056480
61	48.1075643182
62	48.1076898934
63	48.1081135921
64	48.1092530084
65	48.1092984444
66	48.1110120408
67	48.1129932480
68	48.1130317811
69	48.1141911824
70	48.1146865814
71	48.1142812507
72	48.1142812507
73	48.1142415898
74	48.1142415898
75	48.1144673741
76	48.1147098827
77	48.1149188702
78	48.1149188702
79	48.1148055861
80	48.1157210540
81	48.1157210540
82	48.1157210540
83	48.1152907099
84	48.1178403557
85	48.1178403557
86	48.1178403557
87	48.1178038446
88	48.1178038446
89	48.1178038446
90	48.1177740986
91	48.1178847960
92	48.1178328693
93	48.1178653614
94	48.1177194130
95	48.1180058247
96	48.1180058247
97	48.1190659539
98	48.1197007498
99	48.1217597325
100	48.1217597325
