1	0.0997728526
2	0.1793840904
3	0.1174713581
4	0.0703050998
5	0.0888029714
6	0.0642131889
7	0.1664404543
8	0.0775214865
9	0.1559170303
10	0.0521671958
11	0.0451974979
12	0.0234921991
13	0.0270661736
14	0.0291883156
15	0.0357514250
16	0.0335561207
17	0.0308933793
18	0.0331872052
19	0.0333681094
20	0.0368731711
21	0.0398312976
22	0.0412178273
23	0.0328680448
24	0.0303148866
25	0.0309379380
26	0.0311387971
27	0.0311387971
28	0.0313827551
29	0.0313827551
30	0.0312056448
31	0.0307237168
32	0.0301042099
33	0.0301230081
34	0.0410446981
35	0.0419325376
36	0.0419330029
37	0.0415960371
38	0.0416650940
39	0.0416745146
40	0.0408351329
41	0.0417446864
42	0.0419688771
43	0.0424324900
44	0.0755062509
45	0.0738579040
46	0.0739891028
47	0.0738894021
48	0.0735500548
49	0.0735238035
50	0.0742440141
51	0.0742383246
52	0.0583698174
53	0.0583698174
54	0.0582896103
55	0.0583110722
56	0.0574101541
57	0.0794458363
58	0.0798505765
59	0.1193658322
60	0.1187458988
61	0.1187562740
62	0.1187562740
63	0.1187374550
64	0.1173652787
65	0.1173652787
66	0.1173767919
67	0.1173527142
68	0.1177471826
69	0.1177366476
70	0.0227210092
71	0.0227474554
72	0.0226959978
73	0.0186202459
74	0.0189779000
75	0.0186264600
76	0.0186264600
77	0.0188777088
78	0.0187892095
79	0.0187892095
80	0.0188007844
81	0.0175274084
82	0.0176171257
83	0.0176171257
84	0.0191967405
85	0.0189754909
86	0.0294429028
87	0.0250876748
88	0.0252809144
89	0.0250388379
90	0.0361232194
91	0.0361232194
92	0.0361232194
93	0.0361224762
94	0.0361821440
95	0.0361958120
96	0.0361964425
97	0.0362129149
98	0.0363770295
99	0.0393250150
100	0.0393624447
