1	0.1465781227
2	0.0915845720
3	0.2082102526
4	0.0376647935
5	0.0514312129
6	0.0330647126
7	0.0383481442
8	0.0401959257
9	0.0275614117
10	0.0409418317
11	0.0352981044
12	0.0405286715
13	0.0262412465
14	0.0268915413
15	0.0298332364
16	0.0329989118
17	0.0291084303
18	0.0213345810
19	0.0329057675
20	0.0471634642
21	0.0464554030
22	0.0464335682
23	0.0525421037
24	0.0525594621
25	0.0539152133
26	0.0554820738
27	0.0545102770
28	0.0542023086
29	0.0531622168
30	0.0489571590
31	0.0492323626
32	0.0491304481
33	0.0374606268
34	0.0751569079
35	0.0712726143
36	0.0797250561
37	0.0824774091
38	0.0863596399
39	0.0855851440
40	0.0846491142
41	0.0846385680
42	0.0841096363
43	0.0839209806
44	0.0836898093
45	0.0836707613
46	0.1032087054
47	0.1130703873
48	0.1129727415
49	0.1126750492
50	0.1151943676
51	0.1151943676
52	0.1166493147
53	0.1166176773
54	0.1153999647
55	0.1153999479
56	0.1153999479
57	0.1154250139
58	0.1141611237
59	0.0191659311
60	0.0192393374
61	0.0253943857
62	0.0253282521
63	0.1212056860
64	0.1212607261
65	0.0960260282
66	0.0959958301
67	0.0981332389
68	0.0981332389
69	0.0981332389
70	0.0981329662
71	0.0981329253
72	0.0995316894
73	0.0995316894
74	0.0996298059
75	0.0996524270
76	0.0996554936
77	0.0999637509
78	0.0999611561
79	0.0999562640
80	0.0997000690
81	0.0996971355
82	0.0996868219
83	0.0996339706
84	0.0996339706
85	0.0996339706
86	0.0996339706
87	0.0996339706
88	0.0995112199
89	0.0994198685
90	0.0993007640
91	0.1463254379
92	0.1463254379
93	0.1463260231
94	0.1469208794
95	0.1469203730
96	0.1468335212
97	0.1447986183
98	0.1447986183
99	0.1447985853
100	0.1447985205
