1	0.1954917169
2	0.1655962736
3	0.0841140674
4	0.0822627094
5	0.0669931075
6	0.0592440983
7	0.0183204069
8	0.0516873912
9	0.0226173645
10	0.0100464765
11	0.0259059465
12	0.0438626443
13	0.0432299241
14	0.0314859043
15	0.0356440596
16	0.0308777189
17	0.0291570778
18	0.0331992886
19	0.0300339347
20	0.0375473595
21	0.0297003646
22	0.0258939570
23	0.0247196876
24	0.0307767032
25	0.0226845972
26	0.0325681319
27	0.0314246614
28	0.0256637068
29	0.0252629771
30	0.0220714434
31	0.0217831687
32	0.0221709241
33	0.0216826608
34	0.0245009770
35	0.0426742061
36	0.0295458752
37	0.0623855265
38	0.0429852930
39	0.0697145760
40	0.0688123471
41	0.0819245073
42	0.0937141719
43	0.0226347162
44	0.0294744355
45	0.0295732321
46	0.0171902381
47	0.0226472885
48	0.0516839160
49	0.0307933381
50	0.0335506452
51	0.0348422412
52	0.0346402166
53	0.0346402166
54	0.0569819152
55	0.0684239884
56	0.0658434985
57	0.0658323171
58	0.1264239464
59	0.0221139742
60	0.0189744783
61	0.0210127727
62	0.0206362853
63	0.0226749733
64	0.0428329537
65	0.0287637820
66	0.0287637820
67	0.0241515453
68	0.0232425371
69	0.0392756911
70	0.0602913178
71	0.0602913178
72	0.0195910999
73	0.0202043308
74	0.0187847030
75	0.0583088570
76	0.0242630084
77	0.0211127815
78	0.0211559956
79	0.0327281852
80	0.0635737990
81	0.0635408722
82	0.0251296897
83	0.0250043382
84	0.0204218653
85	0.0189148655
86	0.0222170249
87	0.0604407158
88	0.0900119788
89	0.0272203750
90	0.0354165466
91	0.0354165466
92	0.0497621654
93	0.0328389563
94	0.0330057035
95	0.0375423364
96	0.0656255949
97	0.0460564229
98	0.0848760748
99	0.0192655724
100	0.0186009948
