1	0.1818112441
2	0.1450623552
3	0.0813523083
4	0.0481667079
5	0.0658290091
6	0.0518618947
7	0.0530658474
8	0.0471448809
9	0.0530617283
10	0.0335289182
11	0.0275864379
12	0.0402824616
13	0.0669428472
14	0.0627869684
15	0.0543108705
16	0.0432264111
17	0.0262740089
18	0.0270370549
19	0.0716437773
20	0.0530028833
21	0.0535491749
22	0.0824842243
23	0.0835563134
24	0.0364018733
25	0.0353168908
26	0.0319293891
27	0.0303074509
28	0.0312272075
29	0.0297735844
30	0.0296077000
31	0.0297362944
32	0.0298308360
33	0.0365532535
34	0.0782454668
35	0.0774894143
36	0.0773676519
37	0.0768805122
38	0.0765480815
39	0.0766092702
40	0.0765773165
41	0.1125147149
42	0.1121134747
43	0.1108158232
44	0.1064988517
45	0.0830428818
46	0.0830583326
47	0.0850880675
48	0.0850947907
49	0.0695385779
50	0.0823743665
51	0.0802378833
52	0.0814675850
53	0.0814694109
54	0.0812700833
55	0.0812700296
56	0.0537937976
57	0.0538034908
58	0.0535469216
59	0.1138446341
60	0.0266534892
61	0.0262187042
62	0.0324713643
63	0.0324685623
64	0.0320457101
65	0.0217326930
66	0.0220869609
67	0.0220869609
68	0.0262039777
69	0.0267473268
70	0.0269103789
71	0.0247178432
72	0.0252415578
73	0.0252509323
74	0.0253981999
75	0.0253981999
76	0.0253981999
77	0.0266043578
78	0.0265988234
79	0.0265955041
80	0.0260955936
81	0.0265994981
82	0.0265843707
83	0.0265843707
84	0.0267761796
85	0.0252532248
86	0.0257638528
87	0.0259559303
88	0.0257117329
89	0.0257117329
90	0.0255433860
91	0.0255433860
92	0.0255257486
93	0.0255257486
94	0.0253618445
95	0.0254824534
96	0.0254824534
97	0.0249990346
98	0.0251321194
99	0.0251321194
100	0.0257773628
