0.8401322103540061	-0.5374047233832431	0.0
0.8401322103540061	-0.5374047233832431	0.0
0.8401322103540061	-0.5374047233832431	0.0
0.8401322103540061	-0.5374047233832431	0.0
0.8401322103540061	-0.5374047233832431	0.0
0.8401322103540061	-0.4937937289918969	0.0
0.8401322103540061	-0.4937937289918969	0.0
0.8401322103540061	-0.4937937289918969	0.0
0.8401322103540061	-0.4937937289918969	0.0
0.8401322103540061	-0.4937937289918969	0.0
0.8401322103540061	-0.4937937289918969	0.0
0.8401322103540061	-0.4937937289918969	0.0
0.8401322103540061	-0.4937937289918969	0.0
0.8401322103540061	-0.4937937289918969	0.0
0.8401322103540061	-0.4937937289918969	0.0
0.8401322103540061	-0.4937937289918969	0.0
0.8295184074314531	-0.3756133534514285	0.0
0.8295184074314531	-0.3756133534514285	0.0
0.8295184074314531	-0.3756133534514285	0.0
0.8295184074314531	-0.3756133534514285	0.0
0.8295184074314531	-0.3756133534514285	0.0
0.8282372437411656	-0.31899250174547733	0.0
0.8282372437411656	-0.31899250174547733	0.0
0.8274690087351553	-0.2947314168719658	0.0
0.8274690087351553	-0.30266866701599127	0.0
0.8274690087351553	-0.30266866701599127	0.0
0.8274690087351553	-0.30266866701599127	0.0
0.6579139444297857	-0.237698882630408	0.0
0.6579139444297857	-0.237698882630408	0.0
0.6579139444297857	-0.237698882630408	0.0
0.6579139444297857	-0.23512417098249142	0.0
0.6579139444297857	-0.23512417098249142	0.0
0.6579139444297857	-0.23352710466637927	0.0
0.6579139444297857	-0.23352710466637927	0.0
0.6319112284275005	-0.1980834636333853	0.0
0.6319112284275005	-0.2182131779760221	0.0
0.6319112284275005	-0.2182131779760221	0.0
0.6319112284275005	-0.2182131779760221	0.0
0.6319112284275005	-0.2182131779760221	0.0
0.6319112284275005	-0.2182131779760221	0.0
0.6319112284275005	-0.2182131779760221	0.0
0.6319112284275005	-0.2182131779760221	0.0
0.6319112284275005	-0.2182131779760221	0.0
0.6319112284275005	-0.2182131779760221	0.0
0.454468716047353	-0.04635689651334734	0.0
0.454468716047353	-0.04635689651334734	0.0
0.45203572886216914	-0.047756804317347946	0.0
0.45203572886216914	-0.047756804317347946	0.0
0.45203572886216914	-0.047756804317347946	0.0
0.45203572886216914	-0.047756804317347946	0.0
0.454468716047353	-0.08154304250145993	0.0
0.454468716047353	-0.08154304250145993	0.0
0.45203572886216914	-0.03536427651306579	0.0
0.45203572886216914	-0.03536427651306579	0.0
0.4471697544918014	-0.03196155246471365	0.0
0.4471697544918014	-0.03196155246471365	0.0
0.4471697544918014	-0.03196155246471365	0.0
0.4471697544918014	-0.03196155246471365	0.0
0.4292644585112113	0.06949348617538881	0.0
0.4292644585112113	0.06949348617538881	0.0
0.4292644585112113	0.1046994848641945	0.0
0.4292644585112113	0.1319314713385739	0.0
0.4292644585112113	0.1319314713385739	0.0
0.4206862663022398	0.19865655954536854	0.0
0.4206862663022398	0.1607551394885024	0.0
0.4206862663022398	0.20741726327163038	0.0
0.26868086907223937	0.2963572541037339	0.0
0.2595440070870702	0.29570092662803615	0.0
0.2595440070870702	0.29208549551605006	0.0
0.2595440070870702	0.2842740254700895	0.0
0.2595440070870702	0.2842740254700895	0.0
0.2595440070870702	0.2842740254700895	0.0
0.2595440070870702	0.2842740254700895	0.0
0.2595440070870702	0.2842740254700895	0.0
0.2595440070870702	0.2842740254700895	0.0
0.2595440070870702	0.2842740254700895	0.0
0.2595440070870702	0.29208549551605006	0.0
0.24216085953554484	0.33747179527458465	0.0
0.24216085953554484	0.33747179527458465	0.0
0.24216085953554484	0.33747179527458465	0.0
0.22149552617769336	0.4453621693942494	0.0
0.22149552617769336	0.44857656537084833	0.0
0.22149552617769336	0.44857656537084833	0.0
0.21347240207262713	0.5949703005621542	0.0
0.20874437538249352	0.6187588880004743	0.0
0.20874437538249352	0.6670477483491051	0.0
0.0877699242335864	0.7586744314425437	0.0
0.0877699242335864	0.7586744314425437	0.0
0.0877699242335864	0.7586744314425437	0.0
0.0877699242335864	0.7586744314425437	0.0
0.0877699242335864	0.7586744314425437	0.0
0.0877699242335864	0.7586744314425437	0.0
0.0877699242335864	0.7586744314425437	0.0
0.06805439409269587	0.7716368728863973	0.0
0.06805439409269587	0.7716368728863973	0.0
0.05695410770798813	0.8163225115749381	0.0
0.02613013544705052	0.8752233131913362	0.0
0.02613013544705052	0.8752233131913362	0.0
0.011613393532022454	0.9939158397034177	0.0
0.0	1.1125907167859026	0.0
