0.8598468591695454	-0.6677747771402217	0.0
0.8598468591695454	-0.6677747771402217	0.0
0.8598468591695454	-0.6677747771402217	0.0
0.8470070930330658	-0.6427113400075867	0.0
0.8470070930330658	-0.6427113400075867	0.0
0.8470070930330658	-0.6273587489426774	0.0
0.8470070930330658	-0.6177087137079107	0.0
0.8414138073663872	-0.6041347372239624	0.0
0.8414138073663872	-0.6041347372239624	0.0
0.8414138073663872	-0.6041347372239624	0.0
0.8414138073663872	-0.6041347372239624	0.0
0.8414138073663872	-0.5695020495028873	0.0
0.8414138073663872	-0.5695020495028873	0.0
0.8414138073663872	-0.5911607918046348	0.0
0.8414138073663872	-0.5911607918046348	0.0
0.8414138073663872	-0.5911607918046348	0.0
0.8414138073663872	-0.5911607918046348	0.0
0.8414138073663872	-0.5911607918046348	0.0
0.8414138073663872	-0.5911607918046348	0.0
0.8414138073663872	-0.5911607918046348	0.0
0.8288546147463619	-0.4584536283054524	0.0
0.8288546147463619	-0.4584536283054524	0.0
0.8288546147463619	-0.4344178407975714	0.0
0.8288546147463619	-0.4344178407975714	0.0
0.8288546147463619	-0.4344178407975714	0.0
0.8288546147463619	-0.4344178407975714	0.0
0.8288546147463619	-0.4344178407975714	0.0
0.8288546147463619	-0.4344178407975714	0.0
0.656122196562855	-0.35011642670059645	0.0
0.656122196562855	-0.35011642670059645	0.0
0.656122196562855	-0.35011642670059645	0.0
0.656122196562855	-0.35011642670059645	0.0
0.6502413315151214	-0.33311427500676644	0.0
0.6502413315151214	-0.3359318049696924	0.0
0.6502413315151214	-0.32953110782180123	0.0
0.6502413315151214	-0.32154396299970234	0.0
0.6502413315151214	-0.32154396299970234	0.0
0.6502413315151214	-0.32154396299970234	0.0
0.6502413315151214	-0.32154396299970234	0.0
0.6358264097315109	-0.2516154027535548	0.0
0.6358264097315109	-0.2516154027535548	0.0
0.6358264097315109	-0.22746417415346684	0.0
0.6358264097315109	-0.22746417415346684	0.0
0.6358264097315109	-0.22746417415346684	0.0
0.6358264097315109	-0.22746417415346684	0.0
0.6358264097315109	-0.22746417415346684	0.0
0.624123726585924	-0.11933524719737473	0.0
0.624123726585924	-0.1045424007018903	0.0
0.624123726585924	-0.09469274019697671	0.0
0.624123726585924	-0.09469274019697671	0.0
0.6211977935185731	-0.04257838516654463	0.0
0.6211977935185731	-0.04257838516654463	0.0
0.4538768835127849	0.0063051345977395085	0.0
0.4538768835127849	0.0063051345977395085	0.0
0.4538768835127849	0.0063051345977395085	0.0
0.4538768835127849	0.0063051345977395085	0.0
0.4538768835127849	0.0063051345977395085	0.0
0.4538768835127849	0.0063051345977395085	0.0
0.4538768835127849	0.0063051345977395085	0.0
0.449165798785149	0.008818338441506991	0.0
0.4489777849965969	0.004134084391867862	0.0
0.44060112204216756	0.05263610615387382	0.0
0.44060112204216756	0.05263610615387382	0.0
0.43393731513965794	0.08446703089642467	0.0
0.43393731513965794	0.08446703089642467	0.0
0.427599100041594	0.15937244906952275	0.0
0.427599100041594	0.17271445156054582	0.0
0.42306617947974956	0.19043797576577254	0.0
0.42306617947974956	0.2209592660200675	0.0
0.42306617947974956	0.2209592660200675	0.0
0.41435438693891113	0.35227982422417264	0.0
0.25415401145713856	0.3619460065061594	0.0
0.25415401145713856	0.3619460065061594	0.0
0.25415401145713856	0.3619460065061594	0.0
0.25415401145713856	0.3619460065061594	0.0
0.25415401145713856	0.3619460065061594	0.0
0.25415401145713856	0.3619460065061594	0.0
0.25415401145713856	0.3619460065061594	0.0
0.25415401145713856	0.3619460065061594	0.0
0.25415401145713856	0.3619460065061594	0.0
0.25415401145713856	0.3973298715131305	0.0
0.2443755136702841	0.4488519344501344	0.0
0.23568341031718365	0.4565089963769961	0.0
0.2312725848093991	0.48588258105034204	0.0
0.22041850720218545	0.5739325785690416	0.0
0.21765685252108943	0.5803635997317622	0.0
0.2091201015297115	0.7099084333033143	0.0
0.19592015695134926	0.7518777269186434	0.0
0.09369433466329632	0.8270606821990503	0.0
0.09369433466329632	0.8270606821990503	0.0
0.09369433466329632	0.8270606821990503	0.0
0.09369433466329632	0.8270606821990503	0.0
0.09369433466329632	0.8270606821990503	0.0
0.09369433466329632	0.8270606821990503	0.0
0.07831688174237648	0.8342466116724946	0.0
0.057593218225445136	0.8730178963414086	0.0
0.03909159389702914	0.9505870877813334	0.0
0.019111250949565853	1.0991608908562605	0.0
0.00890367189307803	1.1071347991578864	0.0
0.0	1.2158740223133557	0.0
