0.8493951763737557	-0.6756839746410559	0.0
0.8493951763737557	-0.6756839746410559	0.0
0.8493951763737557	-0.6756839746410559	0.0
0.8493951763737557	-0.6756839746410559	0.0
0.847192706608273	-0.6560227711567419	0.0
0.8427877670773073	-0.6525532716404022	0.0
0.8427877670773073	-0.6525532716404022	0.0
0.8427877670773073	-0.6525532716404022	0.0
0.8427877670773073	-0.6525532716404022	0.0
0.8427877670773073	-0.6525532716404022	0.0
0.8427877670773073	-0.6621944036742956	0.0
0.8427877670773073	-0.6002067667260063	0.0
0.8394893268983737	-0.5759656772053341	0.0
0.8394893268983737	-0.5759656772053341	0.0
0.8361908867194402	-0.5522355707436429	0.0
0.8361908867194402	-0.5522355707436429	0.0
0.8361908867194402	-0.5522355707436429	0.0
0.8361908867194402	-0.5522355707436429	0.0
0.8361908867194402	-0.5522355707436429	0.0
0.8361908867194402	-0.5522355707436429	0.0
0.8361908867194402	-0.5522355707436429	0.0
0.8361908867194402	-0.5522355707436429	0.0
0.8394893268983737	-0.5759656772053341	0.0
0.8394893268983737	-0.5759656772053341	0.0
0.8427877670773073	-0.6688805652047656	0.0
0.651650588198578	-0.40838118116532435	0.0
0.651650588198578	-0.40838118116532435	0.0
0.651650588198578	-0.40838118116532435	0.0
0.651650588198578	-0.40838118116532435	0.0
0.651650588198578	-0.40838118116532435	0.0
0.651650588198578	-0.40314207755107806	0.0
0.651650588198578	-0.40314207755107806	0.0
0.647331069023139	-0.3811097927829265	0.0
0.647331069023139	-0.3713170594323915	0.0
0.647331069023139	-0.3713170594323915	0.0
0.636467134122597	-0.331086881157242	0.0
0.636467134122597	-0.32140484078856957	0.0
0.6353872543287373	-0.3204270503430078	0.0
0.6353872543287373	-0.3204270503430078	0.0
0.6353872543287373	-0.2857749587244022	0.0
0.6351397491929678	-0.26080490524206407	0.0
0.6351397491929678	-0.24218347334300747	0.0
0.6351397491929678	-0.24218347334300747	0.0
0.6351397491929678	-0.24218347334300747	0.0
0.6351397491929678	-0.24218347334300747	0.0
0.6351397491929678	-0.24218347334300747	0.0
0.6351397491929678	-0.24218347334300747	0.0
0.6249443482503252	-0.12988741593794736	0.0
0.6222895783910667	-0.11370817794071943	0.0
0.6222895783910667	-0.11370817794071943	0.0
0.45603167797514066	-0.0614897566659263	0.0
0.45603167797514066	-0.0614897566659263	0.0
0.45603167797514066	-0.0614897566659263	0.0
0.45603167797514066	-0.0614897566659263	0.0
0.45603167797514066	-0.0614897566659263	0.0
0.45603167797514066	-0.0614897566659263	0.0
0.45603167797514066	-0.0614897566659263	0.0
0.45603167797514066	-0.0614897566659263	0.0
0.45603167797514066	-0.0614897566659263	0.0
0.445580604103597	-0.014096928387177089	0.0
0.445580604103597	-0.014096928387177089	0.0
0.445580604103597	-0.014096928387177089	0.0
0.445580604103597	-0.014096928387177089	0.0
0.4375086296589634	0.09095346168887111	0.0
0.4375086296589634	0.09095346168887111	0.0
0.4375086296589634	0.09095346168887111	0.0
0.4375086296589634	0.09095346168887111	0.0
0.4283098455312143	0.22266926257375227	0.0
0.4283098455312143	0.22266926257375227	0.0
0.4185096026535681	0.2537009215423866	0.0
0.4185096026535681	0.2537009215423866	0.0
0.4185096026535681	0.2537009215423866	0.0
0.26395432055920165	0.39572351775371223	0.0
0.26395432055920165	0.39572351775371223	0.0
0.26395432055920165	0.39572351775371223	0.0
0.26395432055920165	0.39572351775371223	0.0
0.26395432055920165	0.39572351775371223	0.0
0.26395432055920165	0.39572351775371223	0.0
0.26395432055920165	0.39572351775371223	0.0
0.26395432055920165	0.39572351775371223	0.0
0.26395432055920165	0.3973928580682137	0.0
0.23614372785855617	0.4617330316446558	0.0
0.23636732884916786	0.45582234405499733	0.0
0.23138925295618962	0.492950099132273	0.0
0.2190080159447978	0.5281352101830159	0.0
0.21614130232670545	0.6445939720028568	0.0
0.20056159754888647	0.7318553899622839	0.0
0.20056159754888647	0.7318553899622839	0.0
0.09417818555831453	0.7762227130230536	0.0
0.09417818555831453	0.7762227130230536	0.0
0.09417818555831453	0.7762227130230536	0.0
0.09417818555831453	0.7762227130230536	0.0
0.09417818555831453	0.7762227130230536	0.0
0.09417818555831453	0.7762227130230536	0.0
0.06746537588897826	0.7861314444551694	0.0
0.06746537588897826	0.7861314444551694	0.0
0.047026180778683646	0.9673979414507226	0.0
0.0353459044750973	1.026323987419728	0.0
0.0	1.1827939897888342	0.0
0.0	1.1827939897888342	0.0
