0.8510434689174917	-0.6287949471979597	0.0
0.8510434689174917	-0.6287949471979597	0.0
0.8510434689174917	-0.6167723276766245	0.0
0.847040798715114	-0.6071924473623609	0.0
0.847040798715114	-0.6018834629696196	0.0
0.847040798715114	-0.5881494272898392	0.0
0.847040798715114	-0.5881494272898392	0.0
0.847040798715114	-0.5706810929087418	0.0
0.8412793403793486	-0.554865091849592	0.0
0.8390354583103583	-0.5505487790181441	0.0
0.8390354583103583	-0.5447345144698753	0.0
0.8390354583103583	-0.5447345144698753	0.0
0.8390354583103583	-0.5447345144698753	0.0
0.8390354583103583	-0.5447345144698753	0.0
0.8390354583103583	-0.4931589501978981	0.0
0.8390354583103583	-0.4931589501978981	0.0
0.8345476941723776	-0.47218314541790135	0.0
0.8345476941723776	-0.47218314541790135	0.0
0.8345476941723776	-0.47218314541790135	0.0
0.8345476941723776	-0.47218314541790135	0.0
0.8345476941723776	-0.47218314541790135	0.0
0.8345476941723776	-0.47218314541790135	0.0
0.8345476941723776	-0.47218314541790135	0.0
0.8257196436563488	-0.37995971409409596	0.0
0.8257196436563488	-0.37995971409409596	0.0
0.8257196436563488	-0.37995971409409596	0.0
0.8257196436563488	-0.37995971409409596	0.0
0.8257196436563488	-0.37995971409409596	0.0
0.8257196436563488	-0.37995971409409596	0.0
0.8257196436563488	-0.37995971409409596	0.0
0.8223918483298978	-0.28069822165237834	0.0
0.8223918483298978	-0.2625940079190158	0.0
0.8223918483298978	-0.2625940079190158	0.0
0.8223918483298978	-0.2625940079190158	0.0
0.8223918483298978	-0.2625940079190158	0.0
0.8223918483298978	-0.2625940079190158	0.0
0.8189698646360325	-0.1633091372722766	0.0
0.8189698646360325	-0.1633091372722766	0.0
0.8189698646360325	-0.1633091372722766	0.0
0.8149045432372523	-0.11545845507967789	0.0
0.8149045432372523	-0.11545845507967789	0.0
0.8138758230898031	-0.05424934397958	0.0
0.8138758230898031	-0.05424934397958	0.0
0.8138758230898031	-0.05424934397958	0.0
0.8138758230898031	0.00796883835193612	0.0
0.8138758230898031	0.00796883835193612	0.0
0.8138758230898031	0.00796883835193612	0.0
0.8138758230898031	0.00796883835193612	0.0
0.45802704969410324	0.11542467769173902	0.0
0.45802704969410324	0.11542467769173902	0.0
0.45802704969410324	0.11542467769173902	0.0
0.45802704969410324	0.11542467769173902	0.0
0.45802704969410324	0.11542467769173902	0.0
0.45802704969410324	0.11542467769173902	0.0
0.45802704969410324	0.11542467769173902	0.0
0.45802704969410324	0.11542467769173902	0.0
0.45802704969410324	0.11542467769173902	0.0
0.45802704969410324	0.11542467769173902	0.0
0.45802704969410324	0.11542467769173902	0.0
0.45802704969410324	0.12136889389526274	0.0
0.45802704969410324	0.12136889389526274	0.0
0.4537104823042415	0.13766530564927318	0.0
0.4537104823042415	0.13766530564927318	0.0
0.4537104823042415	0.13766530564927318	0.0
0.4537104823042415	0.16671062840667497	0.0
0.4411413350102567	0.2152815488007742	0.0
0.4243208375748087	0.19884272290509328	0.0
0.4243208375748087	0.19884272290509328	0.0
0.4243208375748087	0.19884272290509328	0.0
0.26562260652557745	0.3173227418174732	0.0
0.26562260652557745	0.3173227418174732	0.0
0.26562260652557745	0.3173227418174732	0.0
0.26562260652557745	0.3173227418174732	0.0
0.26562260652557745	0.3173227418174732	0.0
0.26562260652557745	0.3173227418174732	0.0
0.26562260652557745	0.3173227418174732	0.0
0.26562260652557745	0.3173227418174732	0.0
0.26562260652557745	0.3173227418174732	0.0
0.24620498726011264	0.3328495438300224	0.0
0.24620498726011264	0.3328495438300224	0.0
0.24620498726011264	0.3328495438300224	0.0
0.22948158943419167	0.40950756022601886	0.0
0.22336662476459182	0.4530274567412198	0.0
0.22336662476459182	0.4530274567412198	0.0
0.21620037344636045	0.5778313230521313	0.0
0.20322943378765745	0.6580711089226625	0.0
0.20322943378765745	0.6580711089226625	0.0
0.0987817797359604	0.8032805954365385	0.0
0.0987817797359604	0.8032805954365385	0.0
0.0987817797359604	0.8032805954365385	0.0
0.0987817797359604	0.8032805954365385	0.0
0.0987817797359604	0.8032805954365385	0.0
0.0987817797359604	0.8032805954365385	0.0
0.0752438379823436	0.848367072838453	0.0
0.0752438379823436	0.848367072838453	0.0
0.049301958664937626	0.9209548427896388	0.0
0.049301958664937626	0.9209548427896388	0.0
0.0	1.2356643186671026	0.0
0.0	1.2356643186671026	0.0
0.0	1.2356643186671026	0.0
