0.8433569327496078	-0.6446616355033418	0.0
0.8433569327496078	-0.6409636371503095	0.0
0.8433569327496078	-0.6409636371503095	0.0
0.8433569327496078	-0.6409636371503095	0.0
0.8420611879468545	-0.6137425538202288	0.0
0.8431263493077646	-0.6040641150569284	0.0
0.8394696983413479	-0.5992416902682354	0.0
0.8394696983413479	-0.5992416902682354	0.0
0.8394696983413479	-0.5992416902682354	0.0
0.8359398961473871	-0.5717256376274077	0.0
0.8359398961473871	-0.5717256376274077	0.0
0.8359398961473871	-0.5717256376274077	0.0
0.8359398961473871	-0.5384946094779175	0.0
0.8359398961473871	-0.5384946094779175	0.0
0.8318937918647008	-0.5114551343897817	0.0
0.8318937918647008	-0.5037458241018402	0.0
0.8318937918647008	-0.4888099608721563	0.0
0.8318025379114458	-0.48459433523337336	0.0
0.8318025379114458	-0.48459433523337336	0.0
0.8318025379114458	-0.48459433523337336	0.0
0.8318025379114458	-0.48459433523337336	0.0
0.8318025379114458	-0.48459433523337336	0.0
0.8318025379114458	-0.48459433523337336	0.0
0.8318025379114458	-0.48459433523337336	0.0
0.8318025379114458	-0.48459433523337336	0.0
0.8318025379114458	-0.48459433523337336	0.0
0.8260696747670725	-0.3586762106335089	0.0
0.8260696747670725	-0.3486449866633711	0.0
0.8260696747670725	-0.3486449866633711	0.0
0.6505450667075519	-0.31558738041342377	0.0
0.6505450667075519	-0.31558738041342377	0.0
0.6505450667075519	-0.31558738041342377	0.0
0.6505450667075519	-0.31558738041342377	0.0
0.6505450667075519	-0.31558738041342377	0.0
0.6505450667075519	-0.31558738041342377	0.0
0.6505450667075519	-0.30482539960423394	0.0
0.6505450667075519	-0.2804096018516264	0.0
0.6505450667075519	-0.2804096018516264	0.0
0.641062902387969	-0.2517740825906866	0.0
0.641062902387969	-0.23681057065986397	0.0
0.641062902387969	-0.23681057065986397	0.0
0.6393961859668564	-0.20840035915346466	0.0
0.6291227112786346	-0.1913226035079995	0.0
0.6291227112786346	-0.1913226035079995	0.0
0.6291227112786346	-0.1913226035079995	0.0
0.6291227112786346	-0.12668566111944637	0.0
0.6291227112786346	-0.11225335387111943	0.0
0.6291227112786346	-0.11225335387111943	0.0
0.6291227112786346	-0.11225335387111943	0.0
0.6291227112786346	-0.11225335387111943	0.0
0.6291227112786346	-0.11225335387111943	0.0
0.6291227112786346	-0.11225335387111943	0.0
0.45964779651304927	0.02720923302628812	0.0
0.45964779651304927	0.02720923302628812	0.0
0.45964779651304927	0.02720923302628812	0.0
0.45964779651304927	0.02720923302628812	0.0
0.45964779651304927	0.02720923302628812	0.0
0.45964779651304927	0.02720923302628812	0.0
0.45964779651304927	0.02720923302628812	0.0
0.45964779651304927	0.02720923302628812	0.0
0.44721781865113275	0.05130259960948823	0.0
0.4395705278588896	0.055257843582583434	0.0
0.4395705278588896	0.06206771058175655	0.0
0.4395705278588896	0.06206771058175655	0.0
0.4262283451192368	0.15181522686052187	0.0
0.4262283451192368	0.1583743025563562	0.0
0.4262283451192368	0.1583743025563562	0.0
0.4262283451192368	0.1583743025563562	0.0
0.42470401951004444	0.2758005079066445	0.0
0.41902607947168974	0.31699149596014276	0.0
0.41902607947168974	0.32473408288134664	0.0
0.41902607947168974	0.32473408288134664	0.0
0.2578331469942153	0.4348390923731938	0.0
0.2578331469942153	0.43264661741408633	0.0
0.2578331469942153	0.43264661741408633	0.0
0.2578331469942153	0.43264661741408633	0.0
0.2578331469942153	0.43264661741408633	0.0
0.2578331469942153	0.43264661741408633	0.0
0.2578331469942153	0.43264661741408633	0.0
0.2578331469942153	0.43264661741408633	0.0
0.2578331469942153	0.4371266928652739	0.0
0.24613646427430302	0.4644400967231803	0.0
0.2411153730644408	0.5146423998114702	0.0
0.22881412384619132	0.5367716376564227	0.0
0.22881412384619132	0.5570522134503056	0.0
0.21995728952245297	0.6239195061449676	0.0
0.2056923289799707	0.6904572819826594	0.0
0.2015687031014491	0.7808050153062013	0.0
0.1873037425589668	0.8274661382803047	0.0
0.07372546588056547	0.896167766771415	0.0
0.07372546588056547	0.896167766771415	0.0
0.07372546588056547	0.896167766771415	0.0
0.07372546588056547	0.896167766771415	0.0
0.07372546588056547	0.896167766771415	0.0
0.07372546588056547	0.896167766771415	0.0
0.06535187172473712	0.9154916393332418	0.0
0.04726745547260019	1.022186789751445	0.0
0.03448975834446384	1.0328648940300016	0.0
0.008934364088191149	1.1442429594819852	0.0
0.0	1.26800586657568	0.0
