0.8545051399468635	-0.5857851351538025	0.0
0.8514447294636387	-0.5967037301639845	0.0
0.8514447294636387	-0.5967037301639845	0.0
0.8477658029561121	-0.575481760756428	0.0
0.8477658029561121	-0.5659973911338875	0.0
0.8477658029561121	-0.5659973911338875	0.0
0.8416449819896625	-0.550419237024725	0.0
0.8416449819896625	-0.550419237024725	0.0
0.8416449819896625	-0.550419237024725	0.0
0.8416449819896625	-0.550419237024725	0.0
0.8416449819896625	-0.550419237024725	0.0
0.8416449819896625	-0.5207889505910391	0.0
0.8416449819896625	-0.5207889505910391	0.0
0.8342871289746094	-0.473958812569223	0.0
0.8342871289746094	-0.473958812569223	0.0
0.8342871289746094	-0.473958812569223	0.0
0.8342871289746094	-0.473958812569223	0.0
0.8342871289746094	-0.43160601399812615	0.0
0.8342871289746094	-0.43160601399812615	0.0
0.8342871289746094	-0.41003667571110597	0.0
0.8342871289746094	-0.41003667571110597	0.0
0.8342871289746094	-0.41003667571110597	0.0
0.8283057024724292	-0.37163346265191105	0.0
0.8283057024724292	-0.37163346265191105	0.0
0.8283057024724292	-0.37163346265191105	0.0
0.8283057024724292	-0.37163346265191105	0.0
0.8283057024724292	-0.37163346265191105	0.0
0.8283057024724292	-0.37163346265191105	0.0
0.8283057024724292	-0.3032528943696501	0.0
0.6473175801725342	-0.26885148196421116	0.0
0.6473175801725342	-0.28043446224772756	0.0
0.6473175801725342	-0.28043446224772756	0.0
0.6473175801725342	-0.28043446224772756	0.0
0.6473175801725342	-0.28043446224772756	0.0
0.6473175801725342	-0.28043446224772756	0.0
0.6473175801725342	-0.28043446224772756	0.0
0.6473175801725342	-0.28043446224772756	0.0
0.6473175801725342	-0.21287701225897274	0.0
0.6473175801725342	-0.21287701225897274	0.0
0.6447115434088249	-0.19272067224751027	0.0
0.6447115434088249	-0.16074532812682454	0.0
0.6447115434088249	-0.16074532812682454	0.0
0.6419208872246648	-0.1340141212068264	0.0
0.6419208872246648	-0.1340141212068264	0.0
0.6282505218916641	-0.09089698014336636	0.0
0.6282505218916641	-0.09089698014336636	0.0
0.6282505218916641	-0.09089698014336636	0.0
0.6267550458251225	-0.036082701493013444	0.0
0.6267550458251225	-0.036082701493013444	0.0
0.6267550458251225	-0.036082701493013444	0.0
0.45284850147298816	0.032325812853637	0.0
0.45284850147298816	0.032325812853637	0.0
0.45284850147298816	0.032325812853637	0.0
0.45284850147298816	0.032325812853637	0.0
0.45284850147298816	0.032325812853637	0.0
0.45284850147298816	0.032325812853637	0.0
0.46729010866565934	0.024180235263150843	0.0
0.45284850147298816	0.032325812853637	0.0
0.45284850147298816	0.032526163806509224	0.0
0.43890682607409437	0.06105875041002482	0.0
0.43890682607409437	0.07024646190272865	0.0
0.43890682607409437	0.07024646190272865	0.0
0.43890682607409437	0.07024646190272865	0.0
0.43890682607409437	0.07024646190272865	0.0
0.42396528708764575	0.18252685221076903	0.0
0.42396528708764575	0.21350926490339092	0.0
0.42396528708764575	0.21350926490339092	0.0
0.4204992429698567	0.2652450036210813	0.0
0.4204992429698567	0.2652450036210813	0.0
0.4204992429698567	0.2652450036210813	0.0
0.2674149782079738	0.38567216135350185	0.0
0.2674149782079738	0.38567216135350185	0.0
0.2674149782079738	0.38567216135350185	0.0
0.2482643427355553	0.377668894870281	0.0
0.2482643427355553	0.377668894870281	0.0
0.2482643427355553	0.377668894870281	0.0
0.2482643427355553	0.377668894870281	0.0
0.2482643427355553	0.377668894870281	0.0
0.2482643427355553	0.377668894870281	0.0
0.2482643427355553	0.377668894870281	0.0
0.2482643427355553	0.377668894870281	0.0
0.2338107957295407	0.4777058459978358	0.0
0.2338107957295407	0.4777058459978358	0.0
0.21689117799819221	0.5841869519585213	0.0
0.21689117799819221	0.588552707419456	0.0
0.21068531106124075	0.6858185480794581	0.0
0.20416333027088368	0.7580343303064747	0.0
0.18966742248795848	0.8407611884764606	0.0
0.10312103125126647	0.8937566793963581	0.0
0.10312103125126647	0.8937566793963581	0.0
0.10312103125126647	0.8937566793963581	0.0
0.10312103125126647	0.8937566793963581	0.0
0.10312103125126647	0.8937566793963581	0.0
0.07859092261641681	0.9038555702034806	0.0
0.07859092261641681	0.9038555702034806	0.0
0.044751687153719834	0.9359893306399313	0.0
0.044751687153719834	0.9359893306399313	0.0
0.025455695454617067	1.032254947241876	0.0
0.006537666239961791	1.1748824813891146	0.0
0.0	1.2812419888457578	0.0
