0.8486606824982392	-0.6717294040745861	0.0
0.8486606824982392	-0.668036580375334	0.0
0.8453297467063748	-0.6547805596883641	0.0
0.8453297467063748	-0.6547805596883641	0.0
0.8417108714491841	-0.6381323761576199	0.0
0.8417108714491841	-0.6381323761576199	0.0
0.8417108714491841	-0.6381323761576199	0.0
0.8417108714491841	-0.6381323761576199	0.0
0.8417108714491841	-0.6381323761576199	0.0
0.8417108714491841	-0.6381323761576199	0.0
0.8417108714491841	-0.6381323761576199	0.0
0.8368068859500669	-0.5686994908091438	0.0
0.8368068859500669	-0.5686994908091438	0.0
0.8346200587053029	-0.5457238334718091	0.0
0.8346200587053029	-0.5457238334718091	0.0
0.8346200587053029	-0.5457238334718091	0.0
0.8346200587053029	-0.5457238334718091	0.0
0.8346200587053029	-0.5457238334718091	0.0
0.8346200587053029	-0.5457238334718091	0.0
0.8346200587053029	-0.5457238334718091	0.0
0.8278360741246809	-0.4622083266564411	0.0
0.8278360741246809	-0.4622083266564411	0.0
0.8278360741246809	-0.4622083266564411	0.0
0.8278360741246809	-0.4622083266564411	0.0
0.8278360741246809	-0.4622083266564411	0.0
0.8278360741246809	-0.4622083266564411	0.0
0.8278360741246809	-0.4622083266564411	0.0
0.6529027698154807	-0.37563297183034555	0.0
0.6529027698154807	-0.37563297183034555	0.0
0.6529027698154807	-0.37563297183034555	0.0
0.6502161419919157	-0.37569670241160785	0.0
0.6502161419919157	-0.37569670241160785	0.0
0.6502161419919157	-0.37569670241160785	0.0
0.644153122842807	-0.3537376790357418	0.0
0.6429822498065192	-0.33922492492793543	0.0
0.6380901036936983	-0.3243579241801119	0.0
0.6380901036936983	-0.3121156108336869	0.0
0.6357483576211227	-0.29675265961472996	0.0
0.6357483576211227	-0.29675265961472996	0.0
0.6357483576211227	-0.29675265961472996	0.0
0.6357483576211227	-0.29675265961472996	0.0
0.6357483576211227	-0.29675265961472996	0.0
0.6357483576211227	-0.29675265961472996	0.0
0.6357483576211227	-0.29675265961472996	0.0
0.625964065395481	-0.16703801657535897	0.0
0.625964065395481	-0.15690578258207444	0.0
0.625964065395481	-0.1421346196288396	0.0
0.625964065395481	-0.1421346196288396	0.0
0.625964065395481	-0.1421346196288396	0.0
0.625964065395481	-0.11868002096935595	0.0
0.45323314434571116	-0.05798399241622389	0.0
0.45323314434571116	-0.05798399241622389	0.0
0.45323314434571116	-0.05798399241622389	0.0
0.45323314434571116	-0.05798399241622389	0.0
0.45323314434571116	-0.05798399241622389	0.0
0.45323314434571116	-0.05798399241622389	0.0
0.45323314434571116	-0.05798399241622389	0.0
0.45323314434571116	-0.05790782876438172	0.0
0.45323314434571116	-0.0481245873853061	0.0
0.44158318936908053	-0.022550750635250656	0.0
0.44158318936908053	-0.022550750635250656	0.0
0.43546532426196505	0.010205757395933733	0.0
0.43546532426196505	0.054512782910663506	0.0
0.4294293824557991	0.05944284753830995	0.0
0.4279962335796593	0.10336056294475893	0.0
0.4279962335796593	0.10336056294475893	0.0
0.4279962335796593	0.10336056294475893	0.0
0.41735749884346723	0.2030895903911466	0.0
0.41735749884346723	0.22070052814469898	0.0
0.41735749884346723	0.22070052814469898	0.0
0.2674844144349098	0.3160243275670422	0.0
0.2674844144349098	0.3160243275670422	0.0
0.2674844144349098	0.3160243275670422	0.0
0.2674844144349098	0.3160243275670422	0.0
0.2674844144349098	0.3160243275670422	0.0
0.2674844144349098	0.3160243275670422	0.0
0.2674844144349098	0.3160243275670422	0.0
0.2674844144349098	0.3160243275670422	0.0
0.2674844144349098	0.3177411778726442	0.0
0.2507078172401181	0.32777583833713436	0.0
0.24334064721024604	0.35357328652724684	0.0
0.24334064721024604	0.38159344290899555	0.0
0.22615946102916645	0.4385463524305169	0.0
0.22615946102916645	0.4385463524305169	0.0
0.21459790801760537	0.5250654170094581	0.0
0.21459790801760537	0.5250654170094581	0.0
0.19826913899761836	0.6546382525557378	0.0
0.19116827299899503	0.7189250646762575	0.0
0.07382508092553676	0.7520893717672195	0.0
0.07382508092553676	0.7520893717672195	0.0
0.07382508092553676	0.7520893717672195	0.0
0.07382508092553676	0.7520893717672195	0.0
0.07382508092553676	0.7520893717672195	0.0
0.07382508092553676	0.7520893717672195	0.0
0.07382508092553676	0.7520893717672195	0.0
0.058014366788919254	0.7815595659382628	0.0
0.026392938515684236	0.9491497033621323	0.0
0.026392938515684236	0.9491497033621323	0.0
0.0	1.08216344674121	0.0
0.0	1.08216344674121	0.0
