0.8518699621470927	-0.6048748974887442	0.0
0.8518699621470927	-0.6048748974887442	0.0
0.8518699621470927	-0.6083646090743489	0.0
0.8518699621470927	-0.6083646090743489	0.0
0.8518699621470927	-0.6083646090743489	0.0
0.8518699621470927	-0.6083646090743489	0.0
0.8518699621470927	-0.6083646090743489	0.0
0.8505141455657516	-0.5467347482047078	0.0
0.8505141455657516	-0.5467347482047078	0.0
0.8505141455657516	-0.5467347482047078	0.0
0.8385785868766764	-0.5214909868280635	0.0
0.8385785868766764	-0.5214909868280635	0.0
0.8385785868766764	-0.5020540072333218	0.0
0.8385785868766764	-0.5020540072333218	0.0
0.8385785868766764	-0.5020540072333218	0.0
0.8339334053106617	-0.45974804434468497	0.0
0.8330911060046446	-0.4492951414795668	0.0
0.8330911060046446	-0.5329987333686643	0.0
0.8330911060046446	-0.5329987333686643	0.0
0.8322488066986276	-0.4227254678705088	0.0
0.8322488066986276	-0.4227254678705088	0.0
0.8322488066986276	-0.4227254678705088	0.0
0.8322488066986276	-0.4227254678705088	0.0
0.8322488066986276	-0.4227254678705088	0.0
0.648282729172282	-0.3489574556094993	0.0
0.6499673277843163	-0.35927785577422894	0.0
0.6499673277843163	-0.35927785577422894	0.0
0.6499673277843163	-0.35927785577422894	0.0
0.648282729172282	-0.3489574556094993	0.0
0.648282729172282	-0.3489574556094993	0.0
0.648282729172282	-0.3278063479097337	0.0
0.6499673277843163	-0.33836911316668433	0.0
0.6449135319482133	-0.30919288231957526	0.0
0.6449135319482133	-0.28614794088150153	0.0
0.6449135319482133	-0.28614794088150153	0.0
0.6330816207543022	-0.2573879885087411	0.0
0.6330816207543022	-0.2573879885087411	0.0
0.6330816207543022	-0.23560525639612306	0.0
0.632953389750154	-0.2191572133172063	0.0
0.632953389750154	-0.20165244999525006	0.0
0.632953389750154	-0.18808534894859222	0.0
0.632953389750154	-0.18808534894859222	0.0
0.632953389750154	-0.18808534894859222	0.0
0.632953389750154	-0.18808534894859222	0.0
0.6276591789042778	-0.11468502303562479	0.0
0.6276591789042778	-0.10123692894604401	0.0
0.6276591789042778	-0.10123692894604401	0.0
0.6276591789042778	-0.10123692894604401	0.0
0.4554551922884784	-0.0319826258335331	0.0
0.4554551922884784	-0.0319826258335331	0.0
0.4554551922884784	-0.0319826258335331	0.0
0.4554551922884784	-0.0319826258335331	0.0
0.4554551922884784	-0.0319826258335331	0.0
0.4554551922884784	-0.0319826258335331	0.0
0.4554551922884784	-0.0319826258335331	0.0
0.4554551922884784	-0.0319826258335331	0.0
0.45451946016111344	-0.02289749955940165	0.0
0.45451946016111344	-0.02289749955940165	0.0
0.439712436828163	0.02520283962680733	0.0
0.439712436828163	0.02520283962680733	0.0
0.4388647092926544	0.0472388730772877	0.0
0.4267427565486995	0.08963553139702843	0.0
0.4267427565486995	0.08963553139702843	0.0
0.4275904840842081	0.09841234363684896	0.0
0.4267427565486995	0.1612208393215768	0.0
0.4267427565486995	0.1612208393215768	0.0
0.4267427565486995	0.1612208393215768	0.0
0.42504730147768227	0.2567525644385687	0.0
0.25941696969543954	0.307984592658056	0.0
0.25941696969543954	0.307984592658056	0.0
0.25941696969543954	0.307984592658056	0.0
0.25941696969543954	0.307984592658056	0.0
0.25941696969543954	0.307984592658056	0.0
0.25941696969543954	0.307984592658056	0.0
0.25941696969543954	0.307984592658056	0.0
0.25941696969543954	0.307984592658056	0.0
0.25941696969543954	0.307984592658056	0.0
0.25941696969543954	0.3217356047624226	0.0
0.25941696969543954	0.32998192316119856	0.0
0.24119214816884277	0.3772066812069394	0.0
0.2433189279100943	0.3929441029624902	0.0
0.2286315775118241	0.4482841218725514	0.0
0.2286315775118241	0.4482841218725514	0.0
0.21773078550323807	0.5046617909010391	0.0
0.21446930058032415	0.5976193817626008	0.0
0.20941918118673516	0.627999079293515	0.0
0.1950516312384994	0.6963889063135835	0.0
0.09796385416255377	0.7370980509547996	0.0
0.09796385416255377	0.7370980509547996	0.0
0.09796385416255377	0.7370980509547996	0.0
0.09796385416255377	0.7370980509547996	0.0
0.09796385416255377	0.7370980509547996	0.0
0.09796385416255377	0.7370980509547996	0.0
0.08099292547673562	0.8179288739319815	0.0
0.04499566365948909	0.8474546958802641	0.0
0.04499566365948909	0.8474546958802641	0.0
0.04499566365948909	0.8474546958802641	0.0
0.034061451933795055	1.0001014773820887	0.0
0.0038306865389579575	1.0693713284624569	0.0
0.0	1.159783466824969	0.0
