0.8480766567674034	-0.6103356159653752	0.0
0.8480766567674034	-0.6103356159653752	0.0
0.8455377662474655	-0.5937241451498864	0.0
0.8455377662474655	-0.5937241451498864	0.0
0.8455377662474655	-0.5937241451498864	0.0
0.8455377662474655	-0.5937241451498864	0.0
0.8455377662474655	-0.5937241451498864	0.0
0.8455377662474655	-0.5937241451498864	0.0
0.8380864737035364	-0.5391538087346771	0.0
0.8380864737035364	-0.5391538087346771	0.0
0.8380864737035364	-0.5391538087346771	0.0
0.8345559558488127	-0.5086472693192873	0.0
0.8345559558488127	-0.505761836751004	0.0
0.8345559558488127	-0.505761836751004	0.0
0.8345559558488127	-0.505761836751004	0.0
0.8345559558488127	-0.505761836751004	0.0
0.8345559558488127	-0.505761836751004	0.0
0.8322999611116868	-0.44649382311701086	0.0
0.8322999611116868	-0.44649382311701086	0.0
0.8322999611116868	-0.44649382311701086	0.0
0.8322999611116868	-0.44649382311701086	0.0
0.8322999611116868	-0.44649382311701086	0.0
0.8322999611116868	-0.44649382311701086	0.0
0.6528586918457306	-0.3593726671814025	0.0
0.6528586918457306	-0.3593726671814025	0.0
0.6528586918457306	-0.3593726671814025	0.0
0.6528586918457306	-0.3772821021973459	0.0
0.6528586918457306	-0.3772821021973459	0.0
0.6528586918457306	-0.3593726671814025	0.0
0.6528586918457306	-0.3593726671814025	0.0
0.6528586918457306	-0.3593726671814025	0.0
0.6528586918457306	-0.3593726671814025	0.0
0.6401102737367517	-0.3014757889765811	0.0
0.6401102737367517	-0.3014757889765811	0.0
0.6401102737367517	-0.2812027302293042	0.0
0.6401102737367517	-0.2689322024153475	0.0
0.6322762260547383	-0.25527404754068544	0.0
0.6322762260547383	-0.2383861742549028	0.0
0.6301753734413011	-0.21730310336768122	0.0
0.6301753734413011	-0.21730310336768122	0.0
0.6301753734413011	-0.2235681840057674	0.0
0.6301753734413011	-0.2235681840057674	0.0
0.6301753734413011	-0.2235681840057674	0.0
0.6301753734413011	-0.2235681840057674	0.0
0.6301753734413011	-0.2235681840057674	0.0
0.6301753734413011	-0.2235681840057674	0.0
0.4547489070463069	-0.07564427489894386	0.0
0.4547489070463069	-0.07564427489894386	0.0
0.4547489070463069	-0.07564427489894386	0.0
0.4547489070463069	-0.07564427489894386	0.0
0.4547489070463069	-0.07564427489894386	0.0
0.4547489070463069	-0.07564427489894386	0.0
0.4547489070463069	-0.07564427489894386	0.0
0.4547489070463069	-0.07564427489894386	0.0
0.4547489070463069	-0.07334091867687048	0.0
0.4463001667203763	-0.04700419862795899	0.0
0.443683622249052	-0.03712169078416658	0.0
0.443683622249052	-0.03712169078416658	0.0
0.43710660831810927	-0.001411868888768207	0.0
0.43710660831810927	-0.001411868888768207	0.0
0.4324765981244573	0.04509238412860301	0.0
0.4324765981244573	0.04509238412860301	0.0
0.42667898501230184	0.08582067213840036	0.0
0.4227393508545518	0.12281843469181021	0.0
0.4227393508545518	0.15334166750414494	0.0
0.4171180598121869	0.1967145608917205	0.0
0.4171180598121869	0.2159404455870776	0.0
0.4159430424523373	0.2449891343320167	0.0
0.25124369951428	0.3032309879240444	0.0
0.25124369951428	0.3032309879240444	0.0
0.25124369951428	0.3032309879240444	0.0
0.25124369951428	0.3011839494236408	0.0
0.25124369951428	0.3011839494236408	0.0
0.25124369951428	0.3011839494236408	0.0
0.25124369951428	0.3011839494236408	0.0
0.25124369951428	0.3011839494236408	0.0
0.25124369951428	0.3011839494236408	0.0
0.25124369951428	0.3011839494236408	0.0
0.24878673681738916	0.3055772126302343	0.0
0.2445738614154056	0.3283151160754906	0.0
0.24387281142360753	0.40706693089109697	0.0
0.2253357945451338	0.43916969227444813	0.0
0.2253357945451338	0.43916969227444813	0.0
0.21263496284018532	0.5302690639116887	0.0
0.21263496284018532	0.575946685867114	0.0
0.21263496284018532	0.5510710180806979	0.0
0.188300105729305	0.7140379783884874	0.0
0.188300105729305	0.7140379783884874	0.0
0.09890455402259052	0.7853754198417332	0.0
0.09890455402259052	0.7853754198417332	0.0
0.09890455402259052	0.7853754198417332	0.0
0.09890455402259052	0.7853754198417332	0.0
0.09890455402259052	0.7853754198417332	0.0
0.08498712322471302	0.7931400733962553	0.0
0.03695378792383909	0.8715129885483465	0.0
0.03695378792383909	0.8715129885483465	0.0
0.03695378792383909	0.8715129885483465	0.0
0.02685890272346357	0.9236779441452946	0.0
0.017133054621225302	0.9702800267510437	0.0
0.0	1.1199776223552809	0.0
