1.4519269314781535	0.20249936892209397	4.648579002311526e-05	0.23878656167489354
1.4519269314781535	0.20249936892209397	4.648579002311526e-05	0.23878656167489354
1.4519269314781535	0.20249936892209397	4.648579002311526e-05	0.23878656167489354
1.074187324615277	0.22194569922272767	0.00022831946714113593	0.3365899964155785
0.7769038429869854	0.2231681618625695	0.04388714929548293	0.1953387010596651
0.7580266013671733	0.22912806316693712	0.04388714929548293	0.268671381680779
0.6899607854492154	0.23477506520607513	0.0511203501899804	0.23353699370263442
0.6899607854492154	0.23477506520607513	0.0511203501899804	0.23353699370263442
0.6706774067436955	0.2531206547126471	0.0511203501899804	0.15144539029192527
0.6706774067436955	0.2531206547126471	0.0511203501899804	0.15144539029192527
0.6706774067436955	0.2531206547126471	0.0511203501899804	0.15144539029192527
0.6607283731413152	0.28297480573094425	0.005352300626918133	0.37134473533550344
0.6607283731413152	0.28297480573094425	0.005352300626918133	0.37134473533550344
0.6607283731413152	0.28297480573094425	0.005352300626918133	0.37134473533550344
0.6559111195551302	0.313517687458822	0.005352300626918133	0.37134473533550344
0.6559111195551302	0.313517687458822	0.005352300626918133	0.37134473533550344
0.6559111195551302	0.313517687458822	0.005352300626918133	0.37134473533550344
0.6559111195551302	0.313517687458822	0.005352300626918133	0.37134473533550344
0.6559111195551302	0.313517687458822	0.005352300626918133	0.37134473533550344
0.6486973153692496	0.35689543893079234	0.005352300626918133	0.21691436478671017
0.6403855673274085	0.39436798531883765	0.005352300626918133	0.37134473533550344
0.6403855673274085	0.39436798531883765	0.005352300626918133	0.37134473533550344
0.6403855673274085	0.39436798531883765	0.005352300626918133	0.37134473533550344
0.6379883160337244	0.4326970035364792	0.08280396182029881	0.37134473533550344
0.6379883160337244	0.4326970035364792	0.08280396182029881	0.37134473533550344
0.6379883160337244	0.4326970035364792	0.08280396182029881	0.37134473533550344
0.4800460318970502	0.4791563680622896	0.27158587744341023	0.35357248988448486
0.4800460318970502	0.4791563680622896	0.27158587744341023	0.35357248988448486
0.4800460318970502	0.4791563680622896	0.27158587744341023	0.35357248988448486
0.4800460318970502	0.4791563680622896	0.27158587744341023	0.35357248988448486
0.4800460318970502	0.4791563680622896	0.27158587744341023	0.35357248988448486
0.4800460318970502	0.4791563680622896	0.27158587744341023	0.35357248988448486
0.4789823507693378	0.4957174358375068	0.2682322392510434	0.3664694631411917
0.3954576504682673	0.5018515004293423	0.36966132929061574	0.3541268749567801
0.3954576504682673	0.5018515004293423	0.36966132929061574	0.3541268749567801
0.3954576504682673	0.5018515004293423	0.36966132929061574	0.3541268749567801
0.3954576504682673	0.5018515004293423	0.36966132929061574	0.3541268749567801
0.3712749830308961	0.5053043671049786	0.3582579745604074	0.3807869836839373
0.34110458961993273	0.5061806742398173	0.37124120874131206	0.41797272844763794
0.34110458961993273	0.5061806742398173	0.37124120874131206	0.41797272844763794
0.33837456294199453	0.519996125002413	0.319720144234712	0.41797272844763794
0.32117506874574264	0.5272084225617963	0.32943116287185537	0.3508939312880771
0.3067344879845588	0.5286829730915312	0.3862929146098595	0.37883961795984455
0.29605039337652594	0.5291853699851686	0.38464650383081445	0.3936853054687429
0.2880665661677543	0.5362037759191777	0.37991394528255945	0.4233766804865397
0.28150562777393257	0.5407894290466281	0.40562217476778817	0.41686643252408373
0.27749859176046815	0.553527409873512	0.402329353209698	0.4465578075418805
0.27749859176046815	0.553527409873512	0.402329353209698	0.4465578075418805
0.2699469497006478	0.5891184960321776	0.4554561663248141	0.4570978603142348
0.25145554101782525	0.5933730950194009	0.5220228846233249	0.4195247534868944
0.25145554101782525	0.5961802695456015	0.5633464800258068	0.4195247534868944
0.25145554101782525	0.5961802695456015	0.5633464800258068	0.4195247534868944
0.24543325057647716	0.6233810796674343	0.5356761524263471	0.4782810260551187
0.24543325057647716	0.6233810796674343	0.5356761524263471	0.4782810260551187
0.24543325057647716	0.6233810796674343	0.5356761524263471	0.4782810260551187
0.24543325057647716	0.6233810796674343	0.5356761524263471	0.4782810260551187
0.24543325057647716	0.6233810796674343	0.5356761524263471	0.4782810260551187
0.20549903448861578	0.7769378642398121	0.4799387700754639	0.6153530497626485
0.20549903448861578	0.7769378642398121	0.4799387700754639	0.6153530497626485
0.20707264578573853	0.7616423256447726	0.5835354418865607	0.4943250782148396
0.18305936693979805	0.7728199151827877	0.5124601773839412	0.4627844673465067
0.18305936693979805	0.7728199151827877	0.5124601773839412	0.4627844673465067
0.14678603352864658	0.7951908264751644	0.5672302666641995	0.4119171678530549
0.14678603352864658	0.7951908264751644	0.5672302666641995	0.4119171678530549
0.14678603352864658	0.7951908264751644	0.5672302666641995	0.4119171678530549
0.1426442298202425	0.8162627010361072	0.5675342216857062	0.37396074017448966
0.13328820375485054	0.8198864874336417	0.5607888524131156	0.33960171212770435
0.1113179852520396	0.8150082199155616	0.6163548812616825	0.501303611713342
0.1113179852520396	0.8150082199155616	0.6163548812616825	0.501303611713342
0.09785649534391845	0.8545565506763164	0.6305482918158136	0.4863334274003915
0.09492051551538243	0.8553187033356004	0.6305482918158136	0.4863334274003915
0.08536483338958728	0.8717299973869315	0.6450467253730922	0.38662958594772434
0.07274295620349773	0.9033448477615394	0.7302994631803555	0.4634717915761729
0.05949280151642008	0.9161768638518728	0.692486509885328	0.5193369099946259
0.05438529965533611	0.9331765286582129	0.7126589513245797	0.497752924339465
0.0451631039727436	0.9343058292659854	0.7126589513245797	0.5015284475717999
0.038606018505903186	0.9778396237261564	0.801143036608069	0.5025822010874518
0.026689184212327372	0.9965815091771209	0.8236224534725276	0.49203499912103793
0.016389908658265357	1.0123468452176012	0.7562003954626336	0.4753292740545583
0.008306633394878771	1.025601790248967	0.7562003954626336	0.4753292740545583
