2.511476944127932	0.1920525254485757	0.010910157378989538	0.21523897036104575
1.7143871566952962	0.19207996097499316	0.010910157378989538	0.15757828034418583
1.7143871566952962	0.1926244766062275	0.010910157378989538	0.15757828034418583
0.6530474945499579	0.20531003108689072	0.007872898017645652	0.2601361141600619
0.6530474945499579	0.20531003108689072	0.007872898017645652	0.2601361141600619
0.6530474945499579	0.20531003108689072	0.007872898017645652	0.2601361141600619
0.6530474945499579	0.20531003108689072	0.007872898017645652	0.2601361141600619
0.6530474945499579	0.20531003108689072	0.007872898017645652	0.2601361141600619
0.6530474945499579	0.20531003108689072	0.007872898017645652	0.2601361141600619
0.6530474945499579	0.20531003108689072	0.007872898017645652	0.2601361141600619
0.6254101261817023	0.20797703511855145	0.0032673225258471883	0.24959924709826573
0.6202310417118156	0.211397016918427	0.0032673225258471883	0.17025715426261315
0.6190092401441799	0.21466152491662788	0.0032673225258471883	0.24959924709826573
0.618106172683169	0.22575622431307268	0.0032673225258471883	0.24959924709826573
0.618106172683169	0.22575622431307268	0.0032673225258471883	0.24959924709826573
0.618106172683169	0.22575622431307268	0.0032673225258471883	0.24959924709826573
0.618106172683169	0.22575622431307268	0.0032673225258471883	0.24959924709826573
0.618106172683169	0.22575622431307268	0.0032673225258471883	0.24959924709826573
0.618106172683169	0.22575622431307268	0.0032673225258471883	0.24959924709826573
0.618106172683169	0.22575622431307268	0.0032673225258471883	0.24959924709826573
0.618106172683169	0.22575622431307268	0.0032673225258471883	0.24959924709826573
0.618106172683169	0.22575622431307268	0.0032673225258471883	0.24959924709826573
0.6187900934761319	0.22666139970251778	0.01966112454628874	0.24959924709826573
0.616479830100421	0.30474652538210173	0.04219726450639352	0.09311149454926446
0.616479830100421	0.30474652538210173	0.04219726450639352	0.09311149454926446
0.616479830100421	0.30474652538210173	0.04219726450639352	0.09311149454926446
0.616479830100421	0.30474652538210173	0.04219726450639352	0.09311149454926446
0.615982927232159	0.3346054139832766	0.04219726450639352	0.09311149454926446
0.615982927232159	0.3346054139832766	0.04219726450639352	0.09311149454926446
0.615982927232159	0.3346054139832766	0.04219726450639352	0.09311149454926446
0.615982927232159	0.3346054139832766	0.04219726450639352	0.09311149454926446
0.615982927232159	0.3346054139832766	0.04219726450639352	0.09311149454926446
0.615982927232159	0.3346054139832766	0.04219726450639352	0.09311149454926446
0.615982927232159	0.3346054139832766	0.04219726450639352	0.09311149454926446
0.615982927232159	0.3346054139832766	0.04219726450639352	0.09311149454926446
0.615982927232159	0.3346054139832766	0.04219726450639352	0.09311149454926446
0.615982927232159	0.3346054139832766	0.04219726450639352	0.09311149454926446
0.6199960981038003	0.3704594087754636	0.12099882496271716	0.22456738295570106
0.45970326764060354	0.48858406473196214	0.34445190590241653	0.34788442470129277
0.48343211504959416	0.4873190903166065	0.34445190590241653	0.34788442470129277
0.48343211504959416	0.4873190903166065	0.34445190590241653	0.34788442470129277
0.48343211504959416	0.4873190903166065	0.34445190590241653	0.34788442470129277
0.48343211504959416	0.4873190903166065	0.34445190590241653	0.34788442470129277
0.48343211504959416	0.4873190903166065	0.34445190590241653	0.34788442470129277
0.48343211504959416	0.4873190903166065	0.34445190590241653	0.34788442470129277
0.48343211504959416	0.4873190903166065	0.34445190590241653	0.34788442470129277
0.48343211504959416	0.4873190903166065	0.34445190590241653	0.34788442470129277
0.48343211504959416	0.4873190903166065	0.34445190590241653	0.34788442470129277
0.4562727603840797	0.4913278269074456	0.35107447397737124	0.37615102461093153
0.44716022993237636	0.49123003656750724	0.33665104015458197	0.40263915036219033
0.44716022993237636	0.49123003656750724	0.33665104015458197	0.40263915036219033
0.4110863552502307	0.4913278269074456	0.35107447397737124	0.37615102461093153
0.4110863552502307	0.4913278269074456	0.35107447397737124	0.37615102461093153
0.4000840909563962	0.49214068211886125	0.33665104015458197	0.40263915036219033
0.4000840909563962	0.49214068211886125	0.33665104015458197	0.40263915036219033
0.4000840909563962	0.49214068211886125	0.33665104015458197	0.40263915036219033
0.38435279980183007	0.49260764510506994	0.35107447397737124	0.37615102461093153
0.38435279980183007	0.49260764510506994	0.35107447397737124	0.37615102461093153
0.36810961944033127	0.4929872793186146	0.37992134162294977	0.38328184364773943
0.36810961944033127	0.4929872793186146	0.37992134162294977	0.38328184364773943
0.34498247472168503	0.4929872793186146	0.37992134162294977	0.38328184364773943
0.34498247472168503	0.4929872793186146	0.37992134162294977	0.38328184364773943
0.34498247472168503	0.4929872793186146	0.37992134162294977	0.38328184364773943
0.3353280954985452	0.4955762534912394	0.37992134162294977	0.44864818898895875
0.3353280954985452	0.4955762534912394	0.37992134162294977	0.44864818898895875
0.31803622250858277	0.5211123634928865	0.44461299089878725	0.3185475560540114
0.31803622250858277	0.5211123634928865	0.44461299089878725	0.3185475560540114
0.31803622250858277	0.5211123634928865	0.44461299089878725	0.3185475560540114
0.2959012446479364	0.525976178297195	0.4473204661922048	0.3428025750149858
0.2959012446479364	0.525976178297195	0.4473204661922048	0.3428025750149858
0.2959012446479364	0.525976178297195	0.4473204661922048	0.3428025750149858
0.2959012446479364	0.525976178297195	0.4473204661922048	0.3428025750149858
0.29042009247025546	0.5406329894675453	0.47124835970880724	0.3864944395598033
0.28565643961750226	0.5461672510570275	0.46620267081047917	0.4464361741544494
0.2836171463694951	0.5486318076690527	0.4460657375803435	0.4464361741544494
0.27908066013572863	0.6241155198596018	0.4965890189291799	0.5583071069536455
0.2583782494454601	0.663760414627018	0.49896291177061947	0.5291151820779603
0.2583782494454601	0.663760414627018	0.49896291177061947	0.5291151820779603
0.2583782494454601	0.663760414627018	0.49896291177061947	0.5291151820779603
0.255218211426762	0.9452773827897502	0.6315030843848359	0.620762672974148
