1.1580067515366066	0.07204477854331291	0.007192555974070147	0.011055643158653206
1.1580067515366066	0.07204477854331291	0.007192555974070147	0.011055643158653206
1.1580067515366066	0.07204477854331291	0.007192555974070147	0.011055643158653206
1.1580067515366066	0.07204477854331291	0.007192555974070147	0.011055643158653206
1.1580067515366066	0.07204477854331291	0.007192555974070147	0.011055643158653206
1.1580067515366066	0.07204477854331291	0.007192555974070147	0.011055643158653206
0.9690005883189472	0.07577842556338654	0.038661350839790526	0.00039119148340768795
0.9690005883189472	0.07577842556338654	0.038661350839790526	0.00039119148340768795
0.9690005883189472	0.07577842556338654	0.038661350839790526	0.00039119148340768795
0.9690005883189472	0.07577842556338654	0.038661350839790526	0.00039119148340768795
0.9690005883189472	0.07577842556338654	0.038661350839790526	0.00039119148340768795
0.965188932255308	0.08633105678735248	0.07893612263933125	0.00039119148340768795
0.965188932255308	0.08633105678735248	0.07893612263933125	0.00039119148340768795
0.965188932255308	0.08633105678735248	0.07893612263933125	0.00039119148340768795
0.965188932255308	0.08633105678735248	0.07893612263933125	0.00039119148340768795
0.9633367419552413	0.11425878742185405	0.1147210297724505	0.00039119148340768795
0.9565286393386726	0.10836426722223023	0.0639533711801098	0.05442549421799825
0.9565286393386726	0.10836426722223023	0.0639533711801098	0.05442549421799825
0.9565286393386726	0.10836426722223023	0.0639533711801098	0.05442549421799825
0.9565286393386726	0.10836426722223023	0.0639533711801098	0.05442549421799825
0.9565286393386726	0.10836426722223023	0.0639533711801098	0.05442549421799825
0.9565286393386726	0.10836426722223023	0.0639533711801098	0.05442549421799825
0.9565286393386726	0.10836426722223023	0.0639533711801098	0.05442549421799825
0.9565286393386726	0.10836426722223023	0.0639533711801098	0.05442549421799825
0.9565286393386726	0.10836426722223023	0.0639533711801098	0.05442549421799825
0.9565286393386726	0.10836426722223023	0.0639533711801098	0.05442549421799825
0.9599615235745854	0.1706121448756914	0.11016227326924491	0.019910994478830074
0.761577793578709	0.22059813952998247	0.024845506776853515	0.2597835637744438
0.761577793578709	0.22059813952998247	0.024845506776853515	0.2597835637744438
0.7714317652708992	0.21968565794882355	0.024845506776853515	0.24992951593029109
0.7714317652708992	0.21968565794882355	0.024845506776853515	0.24992951593029109
0.7714317652708992	0.21968565794882355	0.024845506776853515	0.24992951593029109
0.7714317652708992	0.21968565794882355	0.024845506776853515	0.24992951593029109
0.7714317652708992	0.21968565794882355	0.024845506776853515	0.24992951593029109
0.6577147786191576	0.21496966127212697	0.01160572063625731	0.22287788535612557
0.6535825489382457	0.2143131378972476	0.01160572063625731	0.2076405231150661
0.6535825489382457	0.2143131378972476	0.01160572063625731	0.2076405231150661
0.6535825489382457	0.2143131378972476	0.01160572063625731	0.2076405231150661
0.6535825489382457	0.2143131378972476	0.01160572063625731	0.2076405231150661
0.6496894613570969	0.21056429500868393	0.0023641330441372954	0.2076405231150661
0.6496894613570969	0.21056429500868393	0.0023641330441372954	0.2076405231150661
0.6496894613570969	0.21056429500868393	0.0023641330441372954	0.2076405231150661
0.6496894613570969	0.21056429500868393	0.0023641330441372954	0.2076405231150661
0.6496894613570969	0.21056429500868393	0.0023641330441372954	0.2076405231150661
0.6496894613570969	0.21056429500868393	0.0023641330441372954	0.2076405231150661
0.6363699405780445	0.21013023231835473	0.0023641330441372954	0.2382553593104807
0.6363699405780445	0.21013023231835473	0.0023641330441372954	0.2382553593104807
0.6363699405780445	0.21013023231835473	0.0023641330441372954	0.2382553593104807
0.6314838204042206	0.20829146997777515	0.0023641330441372954	0.2382553593104807
0.6314838204042206	0.20829146997777515	0.0023641330441372954	0.2382553593104807
0.6314838204042206	0.20829146997777515	0.0023641330441372954	0.2382553593104807
0.6314838204042206	0.20829146997777515	0.0023641330441372954	0.2382553593104807
0.636129840238863	0.20688975756141806	0.0023641330441372954	0.2382553593104807
0.636129840238863	0.20688975756141806	0.0023641330441372954	0.2382553593104807
0.636129840238863	0.20688975756141806	0.0023641330441372954	0.2382553593104807
0.6361255609096426	0.20671921812924815	0.0023641330441372954	0.2382553593104807
0.6361255609096426	0.20671921812924815	0.0023641330441372954	0.2382553593104807
0.6361255609096426	0.20671921812924815	0.0023641330441372954	0.2382553593104807
0.6361255609096426	0.20671921812924815	0.0023641330441372954	0.2382553593104807
0.6361255609096426	0.20671921812924815	0.0023641330441372954	0.2382553593104807
0.6361255609096426	0.20671921812924815	0.0023641330441372954	0.2382553593104807
0.6361255609096426	0.20671921812924815	0.0023641330441372954	0.2382553593104807
0.6361255609096426	0.20671921812924815	0.0023641330441372954	0.2382553593104807
0.6361255609096426	0.20671921812924815	0.0023641330441372954	0.2382553593104807
0.6346222753069055	0.2088174952297147	0.0023641330441372954	0.2382553593104807
0.6180711480325727	0.2132644231204519	0.002620521241638085	0.20024856237010116
0.6180711480325727	0.2132644231204519	0.002620521241638085	0.20024856237010116
0.6180711480325727	0.2132644231204519	0.002620521241638085	0.20024856237010116
0.6180711480325727	0.2132644231204519	0.002620521241638085	0.20024856237010116
0.6180711480325727	0.2132644231204519	0.002620521241638085	0.20024856237010116
0.6099992648086934	0.22110325971659525	0.0002787723013769339	0.24531505942562937
0.6099992648086934	0.22110325971659525	0.0002787723013769339	0.24531505942562937
0.6099992648086934	0.22110325971659525	0.0002787723013769339	0.24531505942562937
0.6065607577037633	0.22164048411424458	0.0002787723013769339	0.21414775926073704
0.6052431224173854	0.2270114044898718	0.0002787723013769339	0.21414775926073704
0.6030484838779918	0.22953002346801327	0.0002787723013769339	0.2344787497021641
0.5987040454095989	0.23073106217929937	0.0002787723013769339	0.26806015419554685
0.5987040454095989	0.23073106217929937	0.0002787723013769339	0.26806015419554685
0.5946183267253679	0.28659375955245425	0.10106502961521308	0.21633159798714652
0.5932530872692808	0.29737913212778017	0.10106502961521308	0.1708414084473116
