5.174207468040023	0.09075228447474977	0.14110978381095296	0.06738674933251165
4.618528551991806	0.13038862152021355	0.18934382495046773	0.022814893136301168
4.523036936964503	0.1464219177384052	0.18934382495046773	0.022814893136301168
1.1727824204599213	0.19991809909851668	0.018143917329731363	0.2146527061547368
1.1727824204599213	0.19991809909851668	0.018143917329731363	0.2146527061547368
1.1727824204599213	0.19991809909851668	0.018143917329731363	0.2146527061547368
1.1727824204599213	0.19991809909851668	0.018143917329731363	0.2146527061547368
1.1727824204599213	0.19991809909851668	0.018143917329731363	0.2146527061547368
1.1727824204599213	0.19991809909851668	0.018143917329731363	0.2146527061547368
1.1727824204599213	0.19991809909851668	0.018143917329731363	0.2146527061547368
1.1493374901266011	0.20418770833655736	0.0043615755944231005	0.2146527061547368
1.0618011164229717	0.2104642242307552	0.018143917329731363	0.20474049584997753
0.6432450671225207	0.2118088180167662	0.014371008214842246	0.19010830360114947
0.6432450671225207	0.2118088180167662	0.014371008214842246	0.19010830360114947
0.6432450671225207	0.2118088180167662	0.014371008214842246	0.19010830360114947
0.6432450671225207	0.2118088180167662	0.014371008214842246	0.19010830360114947
0.6432450671225207	0.2118088180167662	0.014371008214842246	0.19010830360114947
0.6432450671225207	0.2118088180167662	0.014371008214842246	0.19010830360114947
0.6432450671225207	0.2118088180167662	0.014371008214842246	0.19010830360114947
0.6432450671225207	0.2118088180167662	0.014371008214842246	0.19010830360114947
0.6432450671225207	0.2118088180167662	0.014371008214842246	0.19010830360114947
0.6277207050151339	0.2130383770813141	0.014918104092632278	0.18982047535728866
0.6271805355521789	0.221029209158121	0.014868841017811524	0.18982047535728866
0.6271805355521789	0.221029209158121	0.014868841017811524	0.18982047535728866
0.6269479988368332	0.23691831851595332	0.039712883121058834	0.18982047535728866
0.5900606204449094	0.24291737070614788	0.003378185890599378	0.22958494713930325
0.5900606204449094	0.24291737070614788	0.003378185890599378	0.22958494713930325
0.5886015133663623	0.24263773571783148	0.01607109582436156	0.22906072996076562
0.5886015133663623	0.2531284961189692	0.01607109582436156	0.22906072996076562
0.5886015133663623	0.2531284961189692	0.01607109582436156	0.22906072996076562
0.5886015133663623	0.2531284961189692	0.01607109582436156	0.22906072996076562
0.5886015133663623	0.2531284961189692	0.01607109582436156	0.22906072996076562
0.5886015133663623	0.2531284961189692	0.01607109582436156	0.22906072996076562
0.5882291585404293	0.28182482539188114	0.0009465200669299123	0.19357598764534803
0.5882291585404293	0.28182482539188114	0.0009465200669299123	0.19357598764534803
0.5882291585404293	0.28182482539188114	0.0009465200669299123	0.19357598764534803
0.5882291585404293	0.28182482539188114	0.0009465200669299123	0.19357598764534803
0.5882291585404293	0.28182482539188114	0.0009465200669299123	0.19357598764534803
0.5872458761138883	0.3847140586635653	0.10581607434277465	0.04923572378132654
0.5863837770333152	0.3864177641973174	0.11759736491212239	0.04923572378132654
0.5863837770333152	0.3864177641973174	0.11759736491212239	0.04923572378132654
0.5862790186065862	0.4209906089012606	0.16234210819117903	0.04923572378132654
0.5862790186065862	0.4209906089012606	0.16234210819117903	0.04923572378132654
0.5862790186065862	0.4209906089012606	0.16234210819117903	0.04923572378132654
0.5862790186065862	0.4209906089012606	0.16234210819117903	0.04923572378132654
0.5862790186065862	0.4209906089012606	0.16234210819117903	0.04923572378132654
0.39672980472006586	0.537448156733056	0.4696483061329061	0.4172843235128494
0.36765230238847263	0.5337517100998946	0.42151570358134083	0.3710495250907413
0.41831853366929633	0.5321538325542644	0.42151570358134083	0.367061235208069
0.4267161154253967	0.5312293017932166	0.42151570358134083	0.43163949898905374
0.4267161154253967	0.5312293017932166	0.42151570358134083	0.43163949898905374
0.4267161154253967	0.5312293017932166	0.42151570358134083	0.43163949898905374
0.478737321059959	0.5305465902373211	0.42151570358134083	0.367061235208069
0.4267161154253967	0.5312293017932166	0.42151570358134083	0.43163949898905374
0.4267161154253967	0.5312293017932166	0.42151570358134083	0.43163949898905374
0.36845206631978517	0.5300392402205183	0.38283499910652535	0.43145066705792096
0.36845206631978517	0.5300392402205183	0.38283499910652535	0.43145066705792096
0.36845206631978517	0.5300392402205183	0.38283499910652535	0.43145066705792096
0.36845206631978517	0.5300392402205183	0.38283499910652535	0.43145066705792096
0.36845206631978517	0.5300392402205183	0.38283499910652535	0.43145066705792096
0.36845206631978517	0.5300392402205183	0.38283499910652535	0.43145066705792096
0.36845206631978517	0.5300392402205183	0.38283499910652535	0.43145066705792096
0.36845206631978517	0.5300392402205183	0.38283499910652535	0.43145066705792096
0.36845206631978517	0.5300392402205183	0.38283499910652535	0.43145066705792096
0.35335296120059434	0.5304429068681806	0.3859492362217302	0.34977280581511383
0.35335296120059434	0.5304429068681806	0.3859492362217302	0.34977280581511383
0.30468107096651936	0.52942325408276	0.38342420304589875	0.378717968502135
0.30468107096651936	0.52942325408276	0.38342420304589875	0.378717968502135
0.30468107096651936	0.52942325408276	0.38342420304589875	0.378717968502135
0.30468107096651936	0.52942325408276	0.38342420304589875	0.378717968502135
0.30468107096651936	0.52942325408276	0.38342420304589875	0.378717968502135
0.30468107096651936	0.52942325408276	0.38342420304589875	0.378717968502135
0.2899615223712866	0.5508753743167135	0.4716230939723366	0.39026592023589296
0.2899615223712866	0.5508753743167135	0.4716230939723366	0.39026592023589296
0.28689743622871505	0.5571359445913128	0.4716230939723366	0.39026592023589296
0.28151942541410885	0.5611427887387275	0.4754649890639993	0.36333646239639283
0.2655542397785053	0.582831855619264	0.45564969663696797	0.4152400700978366
0.2699275442054514	0.5832391973945719	0.45564969663696797	0.4173181905176424
0.26182464687643353	0.5833673283926802	0.45564969663696797	0.4278121997790634
0.256461536282902	0.6036076929240859	0.45564969663696797	0.4340641869809629
