0.9819165861262309	0.20163356472726868	0.010906703435226178	0.1654665359937249
0.9819165861262309	0.20163356472726868	0.010906703435226178	0.1654665359937249
0.9819165861262309	0.20163356472726868	0.010906703435226178	0.1654665359937249
0.9819165861262309	0.20163356472726868	0.010906703435226178	0.1654665359937249
0.8465559845501972	0.20489949044866534	0.00789076431629751	0.17716576823131647
0.8465559845501972	0.20489949044866534	0.00789076431629751	0.17716576823131647
0.8465559845501972	0.20489949044866534	0.00789076431629751	0.17716576823131647
0.8465559845501972	0.20489949044866534	0.00789076431629751	0.17716576823131647
0.8465559845501972	0.20489949044866534	0.00789076431629751	0.17716576823131647
0.7759461138812921	0.2405921623049404	0.028019439611008584	0.25805100939431025
0.7759461138812921	0.2405921623049404	0.028019439611008584	0.25805100939431025
0.6842022612175109	0.23358333238227375	0.00585796378890549	0.1692328438151016
0.6842022612175109	0.23358333238227375	0.00585796378890549	0.1692328438151016
0.6842022612175109	0.23358333238227375	0.00585796378890549	0.1692328438151016
0.6784030262931553	0.2517792374726156	0.00585796378890549	0.2324935748905661
0.6442492846919694	0.2611448220923515	0.01993847235984575	0.3377615620461797
0.6442492846919694	0.2611448220923515	0.01993847235984575	0.3377615620461797
0.6442492846919694	0.2611448220923515	0.01993847235984575	0.3377615620461797
0.6442492846919694	0.2611448220923515	0.01993847235984575	0.3377615620461797
0.6442492846919694	0.2611448220923515	0.01993847235984575	0.3377615620461797
0.6442492846919694	0.2611448220923515	0.01993847235984575	0.3377615620461797
0.6442492846919694	0.2611448220923515	0.01993847235984575	0.3377615620461797
0.6391582684948707	0.315605076833428	0.13165041878708164	0.18747789414577856
0.6391582684948707	0.315605076833428	0.13165041878708164	0.18747789414577856
0.6391582684948707	0.315605076833428	0.13165041878708164	0.18747789414577856
0.6391582684948707	0.315605076833428	0.13165041878708164	0.18747789414577856
0.6391582684948707	0.315605076833428	0.13165041878708164	0.18747789414577856
0.6391582684948707	0.315605076833428	0.13165041878708164	0.18747789414577856
0.6391582684948707	0.315605076833428	0.13165041878708164	0.18747789414577856
0.6391582684948707	0.315605076833428	0.13165041878708164	0.18747789414577856
0.6412458796817658	0.3329132930813005	0.13165041878708164	0.18747789414577856
0.6412458796817658	0.3329132930813005	0.13165041878708164	0.18747789414577856
0.6412458796817658	0.3329132930813005	0.13165041878708164	0.18747789414577856
0.6412458796817658	0.3329132930813005	0.13165041878708164	0.18747789414577856
0.6436523299188699	0.3947714225169675	0.1410431680919349	0.40469262066021977
0.6436523299188699	0.3947714225169675	0.1410431680919349	0.40469262066021977
0.5415792414977393	0.4721341137985384	0.2978616235970299	0.3508637528543916
0.5415792414977393	0.4721341137985384	0.2978616235970299	0.3508637528543916
0.5899233084363791	0.4712217704271237	0.3062703892206391	0.3682350465767942
0.5664176561580745	0.47143802814457475	0.2882474129501114	0.3527594064493535
0.5415792414977393	0.4721341137985384	0.2978616235970299	0.3508637528543916
0.5415792414977393	0.4721341137985384	0.2978616235970299	0.3508637528543916
0.5194027683369096	0.4741643944038924	0.316954581914579	0.36668942627503787
0.44599143399509866	0.47358848182329766	0.32035918613733144	0.2962230166635621
0.44599143399509866	0.47358848182329766	0.32035918613733144	0.2962230166635621
0.44599143399509866	0.47358848182329766	0.32035918613733144	0.2962230166635621
0.44599143399509866	0.47358848182329766	0.32035918613733144	0.2962230166635621
0.44599143399509866	0.47358848182329766	0.32035918613733144	0.2962230166635621
0.44599143399509866	0.47358848182329766	0.32035918613733144	0.2962230166635621
0.44599143399509866	0.47358848182329766	0.32035918613733144	0.2962230166635621
0.443861915041702	0.47412978561547076	0.29141462170072163	0.3924853193071448
0.4002060507224565	0.4759787240200714	0.3039203236699216	0.3340709021847276
0.4002060507224565	0.4759787240200714	0.3039203236699216	0.3340709021847276
0.4002060507224565	0.4759787240200714	0.3039203236699216	0.3340709021847276
0.4002060507224565	0.4759787240200714	0.3039203236699216	0.3340709021847276
0.4002060507224565	0.4759787240200714	0.3039203236699216	0.3340709021847276
0.38734444559222125	0.4786835894276156	0.3039203236699216	0.3340709021847276
0.38734444559222125	0.4786835894276156	0.3039203236699216	0.3340709021847276
0.3688895313639191	0.4818026363279412	0.36844627554072085	0.3504059761513492
0.3688895313639191	0.4818026363279412	0.36844627554072085	0.3504059761513492
0.3487275962789095	0.4840697883868098	0.36844627554072085	0.3504059761513492
0.3487275962789095	0.4840697883868098	0.36844627554072085	0.3504059761513492
0.3468756103682815	0.4812747162862293	0.36526628934826805	0.3504059761513492
0.3468756103682815	0.4812747162862293	0.36526628934826805	0.3504059761513492
0.33435438604271234	0.48623720333880227	0.37273801419736063	0.345437136864106
0.33435438604271234	0.48623720333880227	0.37273801419736063	0.345437136864106
0.3190735418329059	0.4877095181009138	0.38746728283308374	0.3354662172401383
0.3190735418329059	0.4877095181009138	0.38746728283308374	0.3354662172401383
0.3190735418329059	0.4877095181009138	0.38746728283308374	0.3354662172401383
0.318397233581759	0.5134165648452592	0.38746728283308374	0.33608086552819727
0.3103910106232231	0.5248568472690691	0.3432308791857973	0.30508227462318266
0.2921705687687682	0.5276058559324822	0.4333698582719079	0.4057606983132235
0.2921705687687682	0.5276058559324822	0.4333698582719079	0.4057606983132235
0.2921705687687682	0.5276058559324822	0.4333698582719079	0.4057606983132235
0.2921705687687682	0.5276058559324822	0.4333698582719079	0.4057606983132235
0.2847991483680319	0.5285970961727648	0.44217865415509205	0.411663194515066
0.282420764381629	0.5302019755617721	0.42896546033031574	0.46301185102422926
0.27694703784801566	0.5515153931286606	0.49909631894858103	0.3981547617331853
0.27097269043159855	0.6019644668801778	0.45610755271200887	0.5594065904624478
0.2683958767061635	0.6182433303632731	0.595664146617245	0.5263121612936715
