0.7132260347596195	0.21497200723440635	0.001053923151145969	0.2523148502145722
0.7132260347596195	0.21497200723440635	0.001053923151145969	0.2523148502145722
0.7132260347596195	0.21497200723440635	0.001053923151145969	0.2523148502145722
0.7132260347596195	0.21497200723440635	0.001053923151145969	0.2523148502145722
0.6515145578819763	0.21465122509279344	0.015042285944998318	0.2719276779758644
0.6515145578819763	0.21465122509279344	0.015042285944998318	0.2719276779758644
0.6429508176863398	0.22027507491009798	0.01849688555684459	0.20809467158523867
0.6429508176863398	0.22027507491009798	0.01849688555684459	0.20809467158523867
0.6332951595206204	0.22209030378339925	0.015042285944998318	0.2719276779758644
0.6332951595206204	0.22209030378339925	0.015042285944998318	0.2719276779758644
0.615121593778343	0.2308238200043125	0.022218932430907556	0.16582705048401972
0.615121593778343	0.2308238200043125	0.022218932430907556	0.16582705048401972
0.615121593778343	0.2308238200043125	0.022218932430907556	0.16582705048401972
0.615121593778343	0.2308238200043125	0.022218932430907556	0.16582705048401972
0.615121593778343	0.2308238200043125	0.022218932430907556	0.16582705048401972
0.615121593778343	0.2308238200043125	0.022218932430907556	0.16582705048401972
0.615121593778343	0.2308238200043125	0.022218932430907556	0.16582705048401972
0.615121593778343	0.2308238200043125	0.022218932430907556	0.16582705048401972
0.6090837819659991	0.258042854174131	0.05485696032698567	0.201262763132766
0.6066869988081858	0.2570081080225284	0.010402248997550934	0.19887535815595367
0.6046347076103126	0.2616686158264965	0.05485696032698567	0.1912617272960847
0.6046347076103126	0.2616686158264965	0.05485696032698567	0.1912617272960847
0.6040680782825042	0.2702282700916221	0.05485696032698567	0.19887535815595367
0.6040680782825042	0.2702282700916221	0.05485696032698567	0.19887535815595367
0.6040680782825042	0.2702282700916221	0.05485696032698567	0.19887535815595367
0.6040680782825042	0.2702282700916221	0.05485696032698567	0.19887535815595367
0.6040680782825042	0.2702282700916221	0.05485696032698567	0.19887535815595367
0.6031157834130226	0.2962461813765554	0.05485696032698567	0.3214152954926955
0.6039238402963497	0.2995814400981127	0.08088527998574965	0.25904377838036297
0.6039238402963497	0.2995814400981127	0.08088527998574965	0.25904377838036297
0.6039238402963497	0.2995814400981127	0.08088527998574965	0.25904377838036297
0.6013235312660818	0.31795217822302074	0.08820404122220543	0.29393584712173226
0.6013235312660818	0.31795217822302074	0.08820404122220543	0.29393584712173226
0.6013235312660818	0.31795217822302074	0.08820404122220543	0.29393584712173226
0.6013235312660818	0.31795217822302074	0.08820404122220543	0.29393584712173226
0.6013235312660818	0.31795217822302074	0.08820404122220543	0.29393584712173226
0.6013235312660818	0.31795217822302074	0.08820404122220543	0.29393584712173226
0.6013235312660818	0.31795217822302074	0.08820404122220543	0.29393584712173226
0.6007127378953537	0.3515935864185127	0.10732033929385323	0.3049034988787913
0.6007127378953537	0.3515935864185127	0.10732033929385323	0.3049034988787913
0.6007127378953537	0.3515935864185127	0.10732033929385323	0.3049034988787913
0.6007238076106356	0.3776009291484369	0.10732033929385323	0.34445439328641325
0.6007615248480579	0.39721991119894223	0.10663848080992347	0.3231103703726202
0.5917720871009292	0.4113493817733693	0.136913684234434	0.48531634622391084
0.5917720871009292	0.4113493817733693	0.136913684234434	0.48531634622391084
0.591480530844254	0.4136683088267063	0.136913684234434	0.48531634622391084
0.591480530844254	0.4136683088267063	0.136913684234434	0.48531634622391084
0.591480530844254	0.4136683088267063	0.136913684234434	0.48531634622391084
0.591480530844254	0.4136683088267063	0.136913684234434	0.48531634622391084
0.591480530844254	0.4136683088267063	0.136913684234434	0.48531634622391084
0.591480530844254	0.4136683088267063	0.136913684234434	0.48531634622391084
0.591480530844254	0.4136683088267063	0.136913684234434	0.48531634622391084
0.591480530844254	0.4136683088267063	0.136913684234434	0.48531634622391084
0.591480530844254	0.4136683088267063	0.136913684234434	0.48531634622391084
0.591480530844254	0.4136683088267063	0.136913684234434	0.48531634622391084
0.5920156505721115	0.44087486570238654	0.136913684234434	0.48531634622391084
0.5920156505721115	0.44087486570238654	0.136913684234434	0.48531634622391084
0.5908516107253691	0.6327506384512684	0.3248523921542757	0.5246282610493219
0.5908516107253691	0.6327506384512684	0.3248523921542757	0.5246282610493219
0.5908516107253691	0.6327506384512684	0.3248523921542757	0.5246282610493219
0.5908516107253691	0.6327506384512684	0.3248523921542757	0.5246282610493219
0.5908516107253691	0.6327506384512684	0.3248523921542757	0.5246282610493219
0.5908516107253691	0.6327506384512684	0.3248523921542757	0.5246282610493219
0.5908516107253691	0.6327506384512684	0.3248523921542757	0.5246282610493219
0.5908516107253691	0.6327506384512684	0.3248523921542757	0.5246282610493219
0.586518778098623	0.962519466723626	0.0008402130527142004	0.5068665405559739
0.586074941090701	1.0390404995869507	0.0008402130527142004	0.5037222318981018
0.5743066570787838	1.0231114757443533	0.16461119681519026	0.5182262331032261
0.569246593737101	1.1161711238084675	0.15912665340843374	0.5384179652392216
0.5678767089553463	1.2195761369967653	0.09658857034704998	0.5384179652392216
0.5678767089553463	1.2195761369967653	0.09658857034704998	0.5384179652392216
0.5678119849143021	1.4975181947888148	0.4896553857169327	0.5384179652392216
0.5677144066178053	1.5489092235480386	0.4896553857169327	0.5448574050065176
0.5677144066178053	1.5489092235480386	0.4896553857169327	0.5448574050065176
0.5677144066178053	1.5489092235480386	0.4896553857169327	0.5448574050065176
0.5677144066178053	1.5489092235480386	0.4896553857169327	0.5448574050065176
0.5677144066178053	1.5489092235480386	0.4896553857169327	0.5448574050065176
0.5677144066178053	1.5489092235480386	0.4896553857169327	0.5448574050065176
0.5677144066178053	1.5489092235480386	0.4896553857169327	0.5448574050065176
0.5677144066178053	1.5489092235480386	0.4896553857169327	0.5448574050065176
