1.2005544549378717	0.19387537977929628	0.008816412889288389	0.11272291766009926
1.2005544549378717	0.19387537977929628	0.008816412889288389	0.11272291766009926
1.2005544549378717	0.19387537977929628	0.008816412889288389	0.11272291766009926
1.2005544549378717	0.19387537977929628	0.008816412889288389	0.11272291766009926
1.259029047610357	0.19401697234604245	0.008816412889288389	0.11272291766009926
1.1606134352602817	0.202910385263893	0.008816412889288389	0.11272291766009926
0.6310490122146392	0.20632243927379174	0.005986816679911661	0.20204751424010237
0.6310490122146392	0.20632243927379174	0.005986816679911661	0.20204751424010237
0.6310490122146392	0.20632243927379174	0.005986816679911661	0.20204751424010237
0.6310490122146392	0.20632243927379174	0.005986816679911661	0.20204751424010237
0.6310490122146392	0.20632243927379174	0.005986816679911661	0.20204751424010237
0.6310490122146392	0.20632243927379174	0.005986816679911661	0.20204751424010237
0.6310490122146392	0.20632243927379174	0.005986816679911661	0.20204751424010237
0.604335655602457	0.2076562277854812	0.0030077287087782734	0.2349837760839987
0.604335655602457	0.2076562277854812	0.0030077287087782734	0.2349837760839987
0.6021284799639283	0.21523616915113786	0.009291464577147579	0.2349837760839987
0.6018487222744076	0.219723198376596	0.009291464577147579	0.2349837760839987
0.6018487222744076	0.219723198376596	0.009291464577147579	0.2349837760839987
0.6018487222744076	0.219723198376596	0.009291464577147579	0.2349837760839987
0.6018487222744076	0.219723198376596	0.009291464577147579	0.2349837760839987
0.6018487222744076	0.219723198376596	0.009291464577147579	0.2349837760839987
0.6018487222744076	0.219723198376596	0.009291464577147579	0.2349837760839987
0.6018487222744076	0.219723198376596	0.009291464577147579	0.2349837760839987
0.6018487222744076	0.219723198376596	0.009291464577147579	0.2349837760839987
0.6024171314808094	0.2705613139320162	0.016686486494382535	0.3682868901385412
0.6001864989919181	0.2763788329304843	0.02494684999008942	0.3661221652627504
0.6001864989919181	0.2763788329304843	0.02494684999008942	0.3661221652627504
0.6001483000487502	0.28716684609548754	0.02494684999008942	0.3661221652627504
0.6001483000487502	0.28716684609548754	0.02494684999008942	0.3661221652627504
0.6001483000487502	0.30380909879079854	0.04452677199171837	0.4170038726820857
0.6001483000487502	0.30380909879079854	0.04452677199171837	0.4170038726820857
0.6001483000487502	0.30380909879079854	0.04452677199171837	0.4170038726820857
0.6001483000487502	0.30380909879079854	0.04452677199171837	0.4170038726820857
0.6001483000487502	0.30380909879079854	0.04452677199171837	0.4170038726820857
0.6001483000487502	0.30380909879079854	0.04452677199171837	0.4170038726820857
0.6001483000487502	0.30380909879079854	0.04452677199171837	0.4170038726820857
0.6001483000487502	0.30380909879079854	0.04452677199171837	0.4170038726820857
0.6001483000487502	0.30380909879079854	0.04452677199171837	0.4170038726820857
0.6001483000487502	0.30380909879079854	0.04452677199171837	0.4170038726820857
0.38534894524720054	0.44433347183810723	0.33817855816115394	0.38071687190817316
0.38534894524720054	0.44433347183810723	0.33817855816115394	0.38071687190817316
0.38534894524720054	0.44433347183810723	0.33817855816115394	0.38071687190817316
0.38534894524720054	0.44433347183810723	0.33817855816115394	0.38071687190817316
0.38534894524720054	0.44433347183810723	0.33817855816115394	0.38071687190817316
0.38534894524720054	0.44433347183810723	0.33817855816115394	0.38071687190817316
0.38534894524720054	0.44433347183810723	0.33817855816115394	0.38071687190817316
0.38534894524720054	0.44433347183810723	0.33817855816115394	0.38071687190817316
0.38534894524720054	0.44433347183810723	0.33817855816115394	0.38071687190817316
0.38534894524720054	0.44433347183810723	0.33817855816115394	0.38071687190817316
0.4152995579941765	0.44615024876966547	0.33817855816115394	0.38071687190817316
0.4152995579941765	0.44615024876966547	0.33817855816115394	0.38071687190817316
0.4152995579941765	0.44615024876966547	0.33817855816115394	0.38071687190817316
0.4152995579941765	0.44615024876966547	0.33817855816115394	0.38071687190817316
0.4059240745588141	0.44616513001416497	0.33817855816115394	0.3485949167579838
0.4059240745588141	0.44616513001416497	0.33817855816115394	0.3485949167579838
0.41998453021154436	0.44574523938393856	0.30492184770045366	0.35625920598662786
0.4059240745588141	0.44616513001416497	0.33817855816115394	0.3485949167579838
0.4059240745588141	0.44616513001416497	0.33817855816115394	0.3485949167579838
0.38540185132544413	0.4470428968984125	0.35807169190598576	0.37993224985844926
0.38540185132544413	0.4470428968984125	0.35807169190598576	0.37993224985844926
0.38540185132544413	0.4470428968984125	0.35807169190598576	0.37993224985844926
0.38540185132544413	0.4470428968984125	0.35807169190598576	0.37993224985844926
0.36602111596758835	0.44986077616327097	0.3751438877647399	0.37993224985844926
0.3748194926409397	0.4578083331904407	0.3885850608530734	0.3070479716312783
0.36790207887278426	0.4638047520703917	0.3845894375654444	0.3157964315026236
0.36790207887278426	0.4638047520703917	0.3845894375654444	0.3157964315026236
0.3529291243181184	0.4543373755495079	0.3686449643067707	0.358530250073271
0.3529291243181184	0.4543373755495079	0.3686449643067707	0.358530250073271
0.3529291243181184	0.4543373755495079	0.3686449643067707	0.358530250073271
0.3480709574554393	0.46987742382585956	0.38487528214337624	0.3639452810374224
0.33182620098829	0.4692435335989472	0.3306722119238393	0.3955637689541517
0.33182620098829	0.4692435335989472	0.3306722119238393	0.3955637689541517
0.33182620098829	0.4692435335989472	0.3306722119238393	0.3955637689541517
0.3322570429590798	0.4766294747517124	0.3810575088484329	0.40656559390042263
0.31812875470021923	0.5068570919741782	0.3964000870420396	0.4508513144485899
0.31812875470021923	0.5068570919741782	0.3964000870420396	0.4508513144485899
0.31812875470021923	0.5068570919741782	0.3964000870420396	0.4508513144485899
0.3076956526013425	0.5323253893463853	0.4385544580870303	0.46366576463328946
0.3076956526013425	0.5323253893463853	0.4385544580870303	0.46366576463328946
0.3043929892430807	0.5528506036997378	0.4696627307189917	0.35272372995204526
