1.1115972242084835	0.19459629533093137	0.014350740688976765	0.1303151628556175
0.9399768150873496	0.19080312676315717	0.0010750257935995544	0.10274735467538335
0.9399768150873496	0.19080312676315717	0.0010750257935995544	0.10274735467538335
0.9399768150873496	0.19080312676315717	0.0010750257935995544	0.10274735467538335
0.9399768150873496	0.19080312676315717	0.0010750257935995544	0.10274735467538335
0.9399768150873496	0.19080312676315717	0.0010750257935995544	0.10274735467538335
0.9399768150873496	0.19080312676315717	0.0010750257935995544	0.10274735467538335
0.9399768150873496	0.19080312676315717	0.0010750257935995544	0.10274735467538335
0.9399768150873496	0.19080312676315717	0.0010750257935995544	0.10274735467538335
0.9036142038650256	0.19311344729202734	0.014350740688976765	0.16861553314503747
0.9036142038650256	0.19311344729202734	0.014350740688976765	0.16861553314503747
0.855930259398645	0.19937320245764173	0.023201217285894887	0.18182860754101804
0.855930259398645	0.19937320245764173	0.023201217285894887	0.18182860754101804
0.794412258024575	0.20300230118415408	0.023201217285894887	0.18182860754101804
0.794412258024575	0.20300230118415408	0.023201217285894887	0.18182860754101804
0.794412258024575	0.20300230118415408	0.023201217285894887	0.18182860754101804
0.7933816520835599	0.20443074755677598	0.023201217285894887	0.11852234738337879
0.7872725944856824	0.20738821545751393	0.023201217285894887	0.11852234738337879
0.7793611803464175	0.21016352042731748	0.023201217285894887	0.11852234738337879
0.7793611803464175	0.21016352042731748	0.023201217285894887	0.11852234738337879
0.7793611803464175	0.21016352042731748	0.023201217285894887	0.11852234738337879
0.7793611803464175	0.21016352042731748	0.023201217285894887	0.11852234738337879
0.6965254145749291	0.2232670545720704	0.0017464062162816096	0.20949475322592592
0.6965254145749291	0.2232670545720704	0.0017464062162816096	0.20949475322592592
0.6420428721731463	0.2070090306187775	0.01043905295072578	0.26879881784562815
0.6420428721731463	0.2070090306187775	0.01043905295072578	0.26879881784562815
0.6420428721731463	0.2070090306187775	0.01043905295072578	0.26879881784562815
0.6394033661727125	0.20691895041637323	0.01043905295072578	0.26879881784562815
0.6275647629589715	0.2064960255541783	0.01043905295072578	0.26879881784562815
0.6256744708010769	0.2064960255541783	0.01043905295072578	0.26879881784562815
0.6256744708010769	0.2064960255541783	0.01043905295072578	0.26879881784562815
0.6256744708010769	0.2064960255541783	0.01043905295072578	0.26879881784562815
0.6256744708010769	0.2064960255541783	0.01043905295072578	0.26879881784562815
0.6281547381712531	0.20570304596040007	0.01043905295072578	0.26879881784562815
0.6281547381712531	0.20570304596040007	0.01043905295072578	0.26879881784562815
0.6281547381712531	0.20570304596040007	0.01043905295072578	0.26879881784562815
0.6290601540755228	0.20458537005092634	0.01043905295072578	0.26879881784562815
0.6290601540755228	0.20458537005092634	0.01043905295072578	0.26879881784562815
0.6290601540755228	0.20458537005092634	0.01043905295072578	0.26879881784562815
0.6290601540755228	0.20458537005092634	0.01043905295072578	0.26879881784562815
0.6290601540755228	0.20458537005092634	0.01043905295072578	0.26879881784562815
0.6290601540755228	0.20458537005092634	0.01043905295072578	0.26879881784562815
0.6281547381712531	0.20570304596040007	0.01043905295072578	0.26879881784562815
0.6272417092959903	0.2072645729070411	0.01043905295072578	0.2613365137514373
0.6272417092959903	0.2072645729070411	0.01043905295072578	0.2613365137514373
0.6272417092959903	0.2072645729070411	0.01043905295072578	0.2613365137514373
0.6272417092959903	0.2072645729070411	0.01043905295072578	0.2613365137514373
0.6251108019981134	0.21885553625173748	0.01043905295072578	0.30324873695436955
0.6275534608088951	0.22075833089233843	0.04538176298693189	0.2613365137514373
0.6236576216977447	0.2257028891003281	0.012918092772913697	0.3219264983420197
0.6236576216977447	0.2257028891003281	0.012918092772913697	0.3219264983420197
0.621869467613228	0.22895023786079427	0.017309849382888598	0.23776970039103137
0.6211610586074664	0.23151704404308898	0.003614052914860749	0.24131179696349903
0.616215077632515	0.2279325947293359	0.012918092772913697	0.24353096446542505
0.616215077632515	0.2279325947293359	0.012918092772913697	0.24353096446542505
0.616215077632515	0.2279325947293359	0.012918092772913697	0.24353096446542505
0.6137352259275574	0.2368485429867891	0.012918092772913697	0.2739103287179947
0.6137352259275574	0.2368485429867891	0.012918092772913697	0.2739103287179947
0.6137352259275574	0.24461438098161842	0.012918092772913697	0.24353096446542505
0.6137352259275574	0.24461438098161842	0.012918092772913697	0.24353096446542505
0.6125213193501512	0.2558536238695688	0.012918092772913697	0.3400398156862138
0.6125213193501512	0.2558536238695688	0.012918092772913697	0.3400398156862138
0.6125213193501512	0.2558536238695688	0.012918092772913697	0.3400398156862138
0.6125213193501512	0.2558536238695688	0.012918092772913697	0.3400398156862138
0.6125213193501512	0.2558536238695688	0.012918092772913697	0.3400398156862138
0.6125213193501512	0.2558536238695688	0.012918092772913697	0.3400398156862138
0.6125213193501512	0.2558536238695688	0.012918092772913697	0.3400398156862138
0.606898093428327	0.33393334321188095	0.004890755598126989	0.3610883168020713
0.6060755709739989	0.3276819220503325	0.007108011542749565	0.36732424029125643
0.6028319069442211	0.32639181564465236	0.019226173130341195	0.3610883168020713
0.6027994943850379	0.3324777495029797	0.019226173130341195	0.3761431414243306
0.6027994943850379	0.3324777495029797	0.019226173130341195	0.3761431414243306
0.6027994943850379	0.3324777495029797	0.019226173130341195	0.3761431414243306
0.6027994943850379	0.3324777495029797	0.019226173130341195	0.3761431414243306
0.6027994943850379	0.3324777495029797	0.019226173130341195	0.3761431414243306
0.6027994943850379	0.3324777495029797	0.019226173130341195	0.3761431414243306
0.6027994943850379	0.3324777495029797	0.019226173130341195	0.3761431414243306
0.6027994943850379	0.3324777495029797	0.019226173130341195	0.3761431414243306
0.6027994943850379	0.3324777495029797	0.019226173130341195	0.3761431414243306
0.6027994943850379	0.3324777495029797	0.019226173130341195	0.3761431414243306
