0.7978838409133386	0.2076856484792945	0.00738824112924702	0.18802009714498646
0.7978838409133386	0.2076856484792945	0.00738824112924702	0.18802009714498646
0.7978838409133386	0.2076856484792945	0.00738824112924702	0.18802009714498646
0.7978838409133386	0.2076856484792945	0.00738824112924702	0.18802009714498646
0.7965117905952255	0.20876768051003167	0.00738824112924702	0.18802009714498646
0.7052357164364902	0.21139070568595425	0.009862148702201895	0.21404932527555745
0.7015518200072373	0.21243560349804486	0.009862148702201895	0.21404932527555745
0.7015518200072373	0.21243560349804486	0.009862148702201895	0.21404932527555745
0.6140397869666512	0.2250380429501732	0.011336750396103185	0.22798788226250244
0.6140397869666512	0.2250380429501732	0.011336750396103185	0.22798788226250244
0.6140397869666512	0.2250380429501732	0.011336750396103185	0.22798788226250244
0.6140397869666512	0.2250380429501732	0.011336750396103185	0.22798788226250244
0.6134712688872961	0.23648731705867476	0.011336750396103185	0.3013168081608092
0.6134712688872961	0.23648731705867476	0.011336750396103185	0.3013168081608092
0.5948206452568426	0.24686588482896815	0.0354445214674417	0.28823406471295765
0.5948206452568426	0.24686588482896815	0.0354445214674417	0.28823406471295765
0.5948206452568426	0.24686588482896815	0.0354445214674417	0.28823406471295765
0.5948206452568426	0.24686588482896815	0.0354445214674417	0.28823406471295765
0.5937127494892085	0.2635831657237729	0.08354684285920255	0.14369723379246604
0.5926880945977911	0.269762499860273	0.09304325495875959	0.20718785818997162
0.5919595091431427	0.2807414748396339	0.09304325495875959	0.20718785818997162
0.5919595091431427	0.2807414748396339	0.09304325495875959	0.20718785818997162
0.5919595091431427	0.2807414748396339	0.09304325495875959	0.20718785818997162
0.5919595091431427	0.2807414748396339	0.09304325495875959	0.20718785818997162
0.5921956530006324	0.3006393034373318	0.09264260549010028	0.11564073404778755
0.5921956530006324	0.3006393034373318	0.09264260549010028	0.11564073404778755
0.5921956530006324	0.3006393034373318	0.09264260549010028	0.11564073404778755
0.5921956530006324	0.3006393034373318	0.09264260549010028	0.11564073404778755
0.5914856213973853	0.33969566201578477	0.09384455389607821	0.16768081410652289
0.5912418045103813	0.33969566201578477	0.09384455389607821	0.16768081410652289
0.5912418045103813	0.33969566201578477	0.09384455389607821	0.16768081410652289
0.5912418045103813	0.33969566201578477	0.09384455389607821	0.16768081410652289
0.5912418045103813	0.33969566201578477	0.09384455389607821	0.16768081410652289
0.5909826312381636	0.34035074179211183	0.09384455389607821	0.16768081410652289
0.5909826312381636	0.34035074179211183	0.09384455389607821	0.16768081410652289
0.5909826312381636	0.34035074179211183	0.09384455389607821	0.16768081410652289
0.5909826312381636	0.34035074179211183	0.09384455389607821	0.16768081410652289
0.5909826312381636	0.34035074179211183	0.09384455389607821	0.16768081410652289
0.5909826312381636	0.34035074179211183	0.09384455389607821	0.16768081410652289
0.40265121208661797	0.45936223962371314	0.3291089946959994	0.3629334199390122
0.40265121208661797	0.45936223962371314	0.3291089946959994	0.3629334199390122
0.40265121208661797	0.45936223962371314	0.3291089946959994	0.3629334199390122
0.40025133575188604	0.45047335342897316	0.3803296753236409	0.2924409707439233
0.40025133575188604	0.45047335342897316	0.3803296753236409	0.2924409707439233
0.40025133575188604	0.45047335342897316	0.3803296753236409	0.2924409707439233
0.40025133575188604	0.45047335342897316	0.3803296753236409	0.2924409707439233
0.40025133575188604	0.45047335342897316	0.3803296753236409	0.2924409707439233
0.40025133575188604	0.45047335342897316	0.3803296753236409	0.2924409707439233
0.40025133575188604	0.45047335342897316	0.3803296753236409	0.2924409707439233
0.40025133575188604	0.45047335342897316	0.3803296753236409	0.2924409707439233
0.40025133575188604	0.45047335342897316	0.3803296753236409	0.2924409707439233
0.40025133575188604	0.45047335342897316	0.3803296753236409	0.2924409707439233
0.38939962874819045	0.4541664975310678	0.3445276778377441	0.386875169123063
0.4374912268679693	0.44705528566517694	0.3480360915729721	0.3741732270313992
0.38939962874819045	0.4541664975310678	0.3445276778377441	0.386875169123063
0.38939962874819045	0.4541664975310678	0.3445276778377441	0.386875169123063
0.38939962874819045	0.4541664975310678	0.3445276778377441	0.386875169123063
0.38939962874819045	0.4541664975310678	0.3445276778377441	0.386875169123063
0.39049556815979874	0.45346764498244047	0.3351978438061673	0.3462153334537754
0.39049556815979874	0.45346764498244047	0.3351978438061673	0.3462153334537754
0.39049556815979874	0.45346764498244047	0.3351978438061673	0.3462153334537754
0.38134633257245687	0.4586317373533689	0.32467762333302963	0.4484083392764065
0.38134633257245687	0.4586317373533689	0.32467762333302963	0.4484083392764065
0.369362500249143	0.46257176111866166	0.35850639471501355	0.3633964950034222
0.358996309439341	0.46304350550264545	0.3295996088323605	0.40248216058819486
0.358996309439341	0.46304350550264545	0.3295996088323605	0.40248216058819486
0.358996309439341	0.46304350550264545	0.3295996088323605	0.40248216058819486
0.34419235273124593	0.46985938077254163	0.41859864794126767	0.36132349923429097
0.34419235273124593	0.46985938077254163	0.41859864794126767	0.36132349923429097
0.34419235273124593	0.46985938077254163	0.41859864794126767	0.36132349923429097
0.34419235273124593	0.46985938077254163	0.41859864794126767	0.36132349923429097
0.3327535636251083	0.4769909479854323	0.41859864794126767	0.40966486006292313
0.3327535636251083	0.4769909479854323	0.41859864794126767	0.40966486006292313
0.3327535636251083	0.4769909479854323	0.41859864794126767	0.40966486006292313
0.32211319650073444	0.49131669524473864	0.34527240681419324	0.30468346016265785
0.32211319650073444	0.49131669524473864	0.34527240681419324	0.30468346016265785
0.3177713287282026	0.4930918762082139	0.34527240681419324	0.30468346016265785
0.3107659588893368	0.4956379592158846	0.32716624126846056	0.3421785281889395
0.3107659588893368	0.4956379592158846	0.32716624126846056	0.3421785281889395
0.3078648404885997	0.4960155317927515	0.32716624126846056	0.3421785281889395
