1.0946591336075155	0.19689928615431299	0.0002811908272229158	0.19965148692172427
1.0946591336075155	0.19689928615431299	0.0002811908272229158	0.19965148692172427
1.0946591336075155	0.19689928615431299	0.0002811908272229158	0.19965148692172427
1.0946591336075155	0.19689928615431299	0.0002811908272229158	0.19965148692172427
1.0946591336075155	0.19689928615431299	0.0002811908272229158	0.19965148692172427
1.0946591336075155	0.19689928615431299	0.0002811908272229158	0.19965148692172427
1.0946591336075155	0.19689928615431299	0.0002811908272229158	0.19965148692172427
1.0946591336075155	0.19689928615431299	0.0002811908272229158	0.19965148692172427
1.0946591336075155	0.19689928615431299	0.0002811908272229158	0.19965148692172427
0.6132864990318183	0.19689928615431299	0.0002811908272229158	0.19965148692172427
0.6132864990318183	0.19689928615431299	0.0002811908272229158	0.19965148692172427
0.6782602499318755	0.18910537508666217	0.004363362736031523	0.16693369258285934
0.6782602499318755	0.18910537508666217	0.004363362736031523	0.16693369258285934
0.6782602499318755	0.18910537508666217	0.004363362736031523	0.16693369258285934
0.6782602499318755	0.18910537508666217	0.004363362736031523	0.16693369258285934
0.6782602499318755	0.18910537508666217	0.004363362736031523	0.16693369258285934
0.6782602499318755	0.18910537508666217	0.004363362736031523	0.16693369258285934
0.6782602499318755	0.18910537508666217	0.004363362736031523	0.16693369258285934
0.6782602499318755	0.18910537508666217	0.004363362736031523	0.16693369258285934
0.6782602499318755	0.18910537508666217	0.004363362736031523	0.16693369258285934
0.6132864990318183	0.19689928615431299	0.0002811908272229158	0.19965148692172427
0.6132864990318183	0.19689928615431299	0.0002811908272229158	0.19965148692172427
0.6062685947010971	0.19761227545049462	0.001806178598867142	0.20207650661681353
0.6062685947010971	0.19761227545049462	0.001806178598867142	0.20207650661681353
0.5691184537192869	0.2176848837159401	0.0031876949858271053	0.22672783971170657
0.5679392913436526	0.2176848837159401	0.0031876949858271053	0.22672783971170657
0.5679392913436526	0.22822795594200862	0.0031876949858271053	0.3308289446713463
0.5675754579552105	0.23431792315473063	0.006253668589064121	0.35289079110419047
0.5675754579552105	0.23431792315473063	0.006253668589064121	0.35289079110419047
0.554007259066205	0.26003524963525393	0.09074261228213576	0.24163684405885016
0.5503491695369155	0.2612221780480189	0.08897608828162656	0.2262397795882858
0.5372175963855008	0.25892667389505797	0.05621318694295151	0.2232206155970514
0.4959459819514191	0.2729966657154249	0.08868384770216384	0.2991749142631338
0.4959459819514191	0.2729966657154249	0.08868384770216384	0.2991749142631338
0.47816148881268483	0.2813613432099598	0.08183327174973246	0.30418474435317194
0.47816148881268483	0.2813613432099598	0.08183327174973246	0.30418474435317194
0.4606028524321955	0.2920683894508814	0.13769618762764213	0.2939578004219134
0.4596763790753774	0.2994800444004932	0.1474870378501975	0.21971568265111163
0.44755857581833375	0.30719770290851706	0.19289923342034596	0.2641530128266548
0.4417147601694069	0.31341058913616454	0.21172643315392492	0.27663625884733306
0.4386111932814109	0.32260344911335054	0.14714721461319247	0.3327420791070797
0.4318853004552049	0.32600513767796285	0.15854349476170987	0.30071794833380244
0.42682899605985786	0.3406033732101923	0.28437585439040525	0.30886402456178363
0.4206281885053534	0.3434239203667341	0.28437585439040525	0.2617756060193463
0.4206281885053534	0.3434239203667341	0.28437585439040525	0.2617756060193463
0.40915810157697596	0.3647274454906792	0.2858399633060954	0.21105982813490454
0.39498636724571246	0.37141659539049376	0.3213007865414564	0.35238883359650697
0.39218649662797833	0.38155145581815986	0.3376021677124944	0.3969430318874762
0.3837448885986	0.3834531348849357	0.31032862978357445	0.317445934201296
0.3751208016617302	0.39145998937900855	0.30774461956294386	0.34568040149936274
0.37297739798928425	0.40535608872739426	0.3196358257804065	0.25725660654294696
0.3610575672169596	0.40848347087609804	0.2961588978477637	0.35527287647129246
0.35710950977681155	0.4143466874632049	0.28584118923976554	0.3353301873621854
0.3473601204750591	0.43091839081050665	0.27904045691842716	0.39858834854082154
0.3408298457008618	0.44045849498393624	0.30169644927010003	0.4170025133629959
0.33389446807245343	0.4474589208520647	0.29452321067561604	0.335522702044715
0.32453154335070705	0.4585732644037278	0.32743978620705194	0.38402974516799954
0.3233245767359623	0.46362727083142774	0.31297594249645616	0.42574039209567127
0.31280673608887566	0.4761490245604221	0.3821694020050727	0.35907947663986833
0.30544265823424366	0.48437216160215385	0.35058403203234967	0.37742786318758853
0.2984229441400966	0.49305903617889285	0.36356180822109585	0.37111679965027206
0.29435185960839155	0.5001708393764599	0.35505859331195194	0.3432707389027811
0.2889298540712265	0.5063313751144165	0.37040932855114905	0.3787270610517842
0.2806373318855339	0.5225567191009988	0.37482899769235856	0.41853601426373166
0.2728009061072987	0.5325409893488499	0.35878322858049994	0.39837658212770005
0.266497069497701	0.5415134827563852	0.4266030221526934	0.3836265679712789
0.26240725580725194	0.553067058397095	0.4581562093636682	0.45212983322316247
0.2550592383598692	0.5598967554695653	0.44159125295395507	0.3771419251365889
0.24823033072206516	0.5663123205585966	0.43787277419042653	0.3827174307852691
0.2410316718173172	0.5817367464367553	0.4036474801124491	0.36564959004046516
0.23498839216586997	0.5965290826107208	0.4623714190193031	0.3111212116417753
0.22420667374253717	0.60352120713482	0.48049989209302185	0.40369463735691874
0.21671722544268926	0.6143003347422453	0.4495562225529648	0.4236822261186002
0.21151223716552878	0.6222585657270827	0.4997331473692077	0.4140300240028244
0.2060641588933888	0.6374432220681034	0.49151446348650696	0.3727355551536905
0.19672850466207129	0.647423043415173	0.5149847484964167	0.380830813937564
0.19191678380861724	0.6586834561135596	0.46771251358205457	0.3548831478517531
0.18139823613154987	0.6710708660345733	0.48255267309846345	0.41610511558037544
0.17801801958223765	0.6777672934559094	0.5005799812653602	0.4504188348679091
0.17006888471573517	0.6989449433964378	0.4952693878328336	0.4127307974994608
0.16092956395889307	0.708425632848815	0.5547227307014716	0.4898802884469999
0.15130052839691	0.7208120380299433	0.5604820177121649	0.44553517675914184
0.14182234145996162	0.7448801347259383	0.5723272091062586	0.5069026654646841
0.13851675943448102	0.7482613111055801	0.4879484299434899	0.41348497483950847
0.12904307048797575	0.7649564835088077	0.5496914091440852	0.5271294132052173
0.12211159137803215	0.7720526097027828	0.6108716259875111	0.45975120397632296
0.11459366277452414	0.7849531232767295	0.6047327202420401	0.4433732905851038
0.10634648092138822	0.8000580604532633	0.6160958694125044	0.46930351473931364
0.09766831901679034	0.8155319455093776	0.6055635027291063	0.4905320598926246
0.09040134561082452	0.8336273976528581	0.6357701200551779	0.5354292685592263
0.08089519192351234	0.8460540772685672	0.62605839178749	0.5045102505552981
0.06645305755261512	0.8716286223848971	0.6375529223768592	0.4752636898354594
0.06412835555343417	0.8770286403639819	0.6363943337775179	0.4759883722315766
0.0560747346987656	0.8917799297459508	0.6662317073365629	0.4992951023292702
0.046548163155925214	0.9139448239833493	0.6297411665723387	0.5462305693776588
0.03738481764645222	0.9276292805860574	0.6488947152885475	0.46016533915300833
0.026333845825246185	0.9542928362548906	0.7312275682966909	0.5214783945728092
0.014679511994100284	0.9711264464217102	0.7037846832938512	0.5032720523664495
0.004086609347319446	0.9941108820456505	0.7173763156067884	0.49768153632101325
1.3231842946962385e-06	1.0329735457746891	0.766966356357191	0.32856378143729625
