0.6211339340871529	0.1898494963895971	0.00031396338431591286	0.18988696507072947
0.6211339340871529	0.1898494963895971	0.00031396338431591286	0.18988696507072947
0.626199708165566	0.1898494963895971	0.00031396338431591286	0.18988696507072947
0.626199708165566	0.1898494963895971	0.00031396338431591286	0.18988696507072947
0.626199708165566	0.1898494963895971	0.00031396338431591286	0.18988696507072947
0.626199708165566	0.1898494963895971	0.00031396338431591286	0.18988696507072947
0.626199708165566	0.1898494963895971	0.00031396338431591286	0.18988696507072947
0.626199708165566	0.1898494963895971	0.00031396338431591286	0.18988696507072947
0.626199708165566	0.1898494963895971	0.00031396338431591286	0.18988696507072947
0.626199708165566	0.1898494963895971	0.00031396338431591286	0.18988696507072947
0.626199708165566	0.1898494963895971	0.00031396338431591286	0.18988696507072947
0.626199708165566	0.1898494963895971	0.00031396338431591286	0.18988696507072947
0.626199708165566	0.1898494963895971	0.00031396338431591286	0.18988696507072947
0.626199708165566	0.1898494963895971	0.00031396338431591286	0.18988696507072947
0.626199708165566	0.1898494963895971	0.00031396338431591286	0.18988696507072947
0.626199708165566	0.1898494963895971	0.00031396338431591286	0.18988696507072947
0.626199708165566	0.1898494963895971	0.00031396338431591286	0.18988696507072947
0.626199708165566	0.1898494963895971	0.00031396338431591286	0.18988696507072947
0.626199708165566	0.1898494963895971	0.00031396338431591286	0.18988696507072947
0.626199708165566	0.1898494963895971	0.00031396338431591286	0.18988696507072947
0.626199708165566	0.1898494963895971	0.00031396338431591286	0.18988696507072947
0.626199708165566	0.1898494963895971	0.00031396338431591286	0.18988696507072947
0.6207197114090707	0.19057884477603182	0.0020097263104252028	0.18988696507072947
0.6173479072496894	0.19760051972343423	0.00919631605972715	0.14622369983951497
0.6173479072496894	0.19760051972343423	0.00919631605972715	0.14622369983951497
0.6173479072496894	0.19760051972343423	0.00919631605972715	0.14622369983951497
0.6000550744344495	0.22042008226160217	0.04349578788603847	0.18872328164196672
0.6000550744344495	0.22042008226160217	0.04349578788603847	0.18872328164196672
0.5960926636499105	0.24191573412514922	0.08258565816481761	0.21492925654512518
0.5130263933388011	0.2483119977960936	0.01939766704061728	0.2708263596877489
0.5130263933388011	0.2483119977960936	0.01939766704061728	0.2708263596877489
0.5130263933388011	0.2483119977960936	0.01939766704061728	0.2708263596877489
0.5005625357230601	0.2511044033000047	0.03818393300562119	0.26636228964394987
0.49683184426825866	0.2608581263051232	0.06265624185874628	0.2215381926339986
0.4854000515762425	0.2669764379589111	0.0804417756248102	0.23743976357302982
0.4789055167632717	0.27329144784978204	0.0632358527644712	0.28163968089674574
0.4736878913138947	0.2792652978835387	0.12185728873327663	0.27381667109973096
0.4645468825300822	0.28870284794159606	0.14361006138994845	0.30566723681359304
0.4616841832708751	0.29027834841403366	0.1387709378777816	0.28392226832703826
0.4524470737324334	0.309651833112775	0.10514353691505449	0.3770196464008716
0.4489620558577342	0.316330501570535	0.05900973764860615	0.2885691555248454
0.44849375681703807	0.3257346329246673	0.05349420994154372	0.39127402444327625
0.4330029171755105	0.33679594772517496	0.30642137902993777	0.30308678028018865
0.4330029171755105	0.33679594772517496	0.30642137902993777	0.30308678028018865
0.4189980373193413	0.3462022923994157	0.25919140061238544	0.39816081500215367
0.4064727471489406	0.3555666056212437	0.28286691225860566	0.3438508137292782
0.40191578280713003	0.3613434155276703	0.2637703427864974	0.2745442806797295
0.3951511381379261	0.36775849174698594	0.2381501136151079	0.29109882825597305
0.38853365018245906	0.37498883849724335	0.23678492086264447	0.3465832477279687
0.3824976532001824	0.38565114547406665	0.2586390227684927	0.36970978478614736
0.3787259613819049	0.38750570820241814	0.26324298847942484	0.36747780476703656
0.3687226312955992	0.40153755446607187	0.32010630302523835	0.304735312679211
0.3605105071127972	0.4120343435811629	0.255892353587952	0.35304579459663066
0.35546641273720875	0.41648790670884767	0.33325856574799895	0.3465296953727288
0.3549057380904332	0.4321876953498238	0.33607409295958945	0.4660845661275329
0.34396863282951173	0.4382853651499134	0.35831839395479276	0.4287325203740874
0.338517483902652	0.4526274942305828	0.2597676171281997	0.431549244180902
0.3282663731540527	0.4573156706302599	0.34248398240677497	0.4206826147533562
0.32252068303540826	0.4637030428317414	0.3099661310867683	0.3800810626955868
0.3121027874197195	0.4745600166990448	0.35304353564747654	0.3347491567860942
0.30349313660640975	0.4855795827908247	0.3565324873660066	0.3837039081940381
0.29828485920249725	0.49422836886863314	0.39890197545631445	0.40352747514923093
0.2913715048296935	0.5040356931228929	0.3589962331628833	0.37987240273007866
0.28439309437155075	0.5149580671101385	0.4271032365516182	0.4185355428947467
0.2809004476486372	0.5183482047122507	0.4105068763750447	0.35213029123856265
0.27494603766465736	0.5347669143001036	0.459997418453422	0.3371944011000242
0.26527731560717094	0.5476576680150442	0.3551480891170873	0.4009471176506648
0.2595042499559241	0.5521203597483048	0.37245623802599087	0.3664322946884404
0.25130370589586676	0.5623297711794901	0.4126443966450002	0.386516839032642
0.24349585040554714	0.5751433249838285	0.41266730394910683	0.37305865245126607
0.2380337787567827	0.585146303338844	0.43985227407716176	0.36237895398289593
0.23057481279311393	0.5938557435619587	0.4521396974643298	0.4181403395447144
0.22188745561872514	0.6070754443689439	0.48802561272720063	0.39137876647580594
0.21496760856200717	0.6168211837792815	0.4913582258305345	0.42793532229931364
0.2100149156905449	0.6275979540809551	0.46783968548518284	0.45894521107138786
0.20028028819249852	0.6404865376381402	0.501674252339179	0.41691514693325743
0.19374225750393353	0.652591742367542	0.5159270808039913	0.44584662847507783
0.18598795229201842	0.6672499765381914	0.5077678437408724	0.3859645869557033
0.18031127389145632	0.6821404291765281	0.42679837934766907	0.39496559044045104
0.17266300406300258	0.6907587548959149	0.5442613565847545	0.5043699008875323
0.1634478107877049	0.7013527464116053	0.4982258767581482	0.4159118857171611
0.156263119069544	0.7150289721705223	0.5099894527450763	0.47193549191427625
0.15040385327260777	0.7323883305853797	0.4759008431187456	0.5009414095427357
0.1415175076160532	0.7460761391841	0.494561577934	0.4952801263465234
0.13277993094153917	0.7601393274353552	0.6197222176883135	0.518794631628165
0.12423038576718093	0.7699235818377408	0.5776200687554731	0.46884982947426324
0.11649991755991289	0.7813343986850337	0.5636729803549032	0.44065222023805706
0.10842058492893614	0.7954578893312696	0.5721468880192133	0.45678778311998935
0.09926723000422834	0.8152033585961105	0.5568062208282538	0.5033105648330383
0.0926109415914337	0.8296267364814129	0.6714680099070613	0.5025638678630459
0.08365852272432688	0.8406988418509495	0.6098034879880627	0.4369877409709908
0.07505029348434124	0.8601803983130565	0.589357437369455	0.5100840150231639
0.0651901800099621	0.876381830111022	0.6471276290499122	0.5242487744193796
0.05585931906915009	0.8923048409409065	0.6484488161827251	0.5036846788270267
0.04133572905176627	0.9194062049393108	0.646752772531693	0.49245316079785617
0.03679796687733981	0.927936316689459	0.672520702560349	0.4978324911997785
0.029690873628214876	0.9460255828434943	0.6261339750512609	0.44563331952795887
0.019761605214762775	0.9693073221455003	0.5943494897968503	0.49469234272293977
0.00122227217726673	0.9999361896439135	0.6880010971292975	0.4651129711668282
0.00044424790846069474	1.0043578721783626	0.6496548834751013	0.46748613176325904
