0.8045480762815268	0.1763632043614093	0.0015719212004833283	0.16516471178207687
0.8045480762815268	0.1763632043614093	0.0015719212004833283	0.16516471178207687
0.8045480762815268	0.1763632043614093	0.0015719212004833283	0.16516471178207687
0.8045480762815268	0.1763632043614093	0.0015719212004833283	0.16516471178207687
0.8045480762815268	0.1763632043614093	0.0015719212004833283	0.16516471178207687
0.8045480762815268	0.1763632043614093	0.0015719212004833283	0.16516471178207687
0.8045480762815268	0.1763632043614093	0.0015719212004833283	0.16516471178207687
0.8045480762815268	0.1763632043614093	0.0015719212004833283	0.16516471178207687
0.8045480762815268	0.1763632043614093	0.0015719212004833283	0.16516471178207687
0.8045480762815268	0.1763632043614093	0.0015719212004833283	0.16516471178207687
0.661369783418841	0.17636288509999784	0.0015719212004833283	0.16564440583982873
0.661369783418841	0.17636288509999784	0.0015719212004833283	0.16564440583982873
0.661369783418841	0.17636288509999784	0.0015719212004833283	0.16564440583982873
0.661369783418841	0.17636288509999784	0.0015719212004833283	0.16564440583982873
0.661369783418841	0.17636288509999784	0.0015719212004833283	0.16564440583982873
0.661369783418841	0.17636288509999784	0.0015719212004833283	0.16564440583982873
0.661369783418841	0.17636288509999784	0.0015719212004833283	0.16564440583982873
0.661369783418841	0.17636288509999784	0.0015719212004833283	0.16564440583982873
0.661369783418841	0.17636288509999784	0.0015719212004833283	0.16564440583982873
0.661369783418841	0.17636288509999784	0.0015719212004833283	0.16564440583982873
0.661369783418841	0.17636288509999784	0.0015719212004833283	0.16564440583982873
0.6320134523379752	0.18776189927402703	0.0008789943657157018	0.17723360557604614
0.6301531867065844	0.19082095451111009	0.00676029219390592	0.17324193333422855
0.6164070966359401	0.20056809460967023	0.0011832549839147222	0.14095669737326413
0.6067754815304448	0.2057780064527533	0.0011832549839147222	0.10661712729481496
0.601630836859409	0.2182322127190391	0.04008334479683723	0.16734568991278884
0.59428015925963	0.22869366894023005	0.04284318724422151	0.1237810316512035
0.59428015925963	0.22869366894023005	0.04284318724422151	0.1237810316512035
0.5935384665502454	0.24034925424083164	0.06374191778583069	0.1252014680201077
0.5917150984548107	0.2586484674151568	0.09667632241765675	0.12354614690484886
0.5140555934899611	0.26271482304155086	0.0394723953802959	0.3122353112763648
0.5140555934899611	0.26271482304155086	0.0394723953802959	0.3122353112763648
0.5140555934899611	0.26271482304155086	0.0394723953802959	0.3122353112763648
0.5015924417862078	0.2651955988573135	0.06494946258228577	0.22916141456830214
0.4914068900434778	0.2741133087478491	0.0756059432276517	0.3478860999988397
0.4777452471642583	0.2780606878013609	0.10779422306279421	0.25508362023747816
0.4695088713094597	0.28232548600294216	0.14508334769906484	0.30876204030621984
0.4695088713094597	0.28232548600294216	0.14508334769906484	0.30876204030621984
0.4573414994185313	0.30108492480128246	0.10390994321329694	0.24608132931055876
0.4468425151897792	0.30909344505868336	0.22001057821246037	0.27573471081957746
0.4454586806139569	0.3102312465983388	0.15983750829520432	0.33903221664702266
0.4363631524659997	0.32524759207381965	0.23779882830708576	0.28315805051235937
0.427457324726609	0.3299317497962275	0.2348951232733078	0.296327086462131
0.4221382190152251	0.33704238794751196	0.21230148602896162	0.28524370165603546
0.4163618940267098	0.3502382355670752	0.24750961586411133	0.223201566151228
0.4078975436098159	0.35280539298823593	0.2084897832315366	0.3204318518047351
0.40146042390885633	0.3638098872574221	0.3059278368628431	0.30387454966337474
0.39314307903543544	0.3695140394923834	0.24293283471471275	0.3592637457863872
0.383764410243785	0.3814567811896598	0.25180849694146124	0.3497885693844076
0.3792779137989148	0.38711585623287553	0.25226964303200383	0.3736064617742084
0.3747548162110725	0.3994884696450111	0.3412624621681205	0.3952033261156309
0.365959583641461	0.4036884078378277	0.32990504887924105	0.3300388420336176
0.3596188749052936	0.41351556939690726	0.33503770502682245	0.30961849351238446
0.35226279517196873	0.42110164224276825	0.3228890546932654	0.3807207226025069
0.3477740529105992	0.42979480687331606	0.32231509428412836	0.3614480499390717
0.33798953389730324	0.4388032834136607	0.3376805559542064	0.33753356621820624
0.3317658603260398	0.45040121335946554	0.2801123983779552	0.38710264276523404
0.3265631791222772	0.4582988834523333	0.39369851944778683	0.33848675428171643
0.3223215510767551	0.4723389098029612	0.38757421207158116	0.4427506973738972
0.3136495546882918	0.47910584769190545	0.35848132821483986	0.4254323306490803
0.30774358141451685	0.48559515216585286	0.42321834702383254	0.40625805244049307
0.30000591724897924	0.49754823173784085	0.458597484011669	0.3954244156758622
0.2934632884194212	0.5063390595743714	0.4368678479265683	0.4425073039329539
0.28918737756611257	0.5183908246189814	0.4641388074385882	0.42137065390445505
0.2742593948716993	0.5277982029421991	0.38775598156987007	0.41477883155816897
0.2742593948716993	0.5277982029421991	0.38775598156987007	0.41477883155816897
0.26518859833052777	0.5409265274317203	0.3891710910495204	0.4076085627664675
0.2553726453427255	0.5566735971375272	0.4090618046779121	0.4315646640480978
0.24832683844422995	0.5664705940230603	0.44586827635775067	0.41287838682832245
0.24334308481075326	0.5735749624432158	0.46230994233429185	0.39975523743316266
0.23806353354631463	0.5885734039125469	0.4545754791114129	0.4926572697972268
0.23141687100160271	0.5996881717512805	0.5337485876752172	0.4416756130555491
0.22195250695868626	0.6091673373173215	0.46990406704310145	0.41698206524021453
0.21415112557237356	0.6213933939245663	0.4970247503411619	0.4573838837203301
0.211103733224492	0.6355145879726408	0.5913934289903486	0.4262096718444289
0.20279343433270483	0.6486714952953148	0.5886127939709513	0.3927739135848613
0.1931541797647751	0.6545773997501402	0.5472512977260071	0.40872408268510496
0.18468359093895487	0.6659314272030614	0.5014255422029018	0.4580940073826141
0.18126803371336087	0.6816102900302605	0.6071159266210263	0.47076281378931956
0.1690584546997287	0.6913633276209289	0.5505234600511164	0.42269011137594614
0.1644688928924293	0.7034414032104903	0.5228670047614284	0.47178347219899625
0.15408266868720866	0.7190949800711883	0.5531460102549222	0.4357234928752514
0.14768009343037336	0.7312206382669995	0.519404087681757	0.47099184788864323
0.14055356356978196	0.7421673899146131	0.5177561953848216	0.47602969109198046
0.13145245084983773	0.7555093539295868	0.551796283214207	0.46023330009384866
0.12330830568783603	0.7702990271430327	0.5454632994259981	0.47034055863686747
0.11646571121875268	0.7893252178613962	0.6405982695718935	0.49417066316737857
0.1060570567505647	0.8017856791168332	0.5943577117305502	0.5103483180581886
0.10010659602421994	0.8150834061733495	0.645562254376726	0.5171116705731911
0.09158645830886046	0.8261581525262968	0.6267233873531409	0.47935973259687725
0.08310472346544266	0.8450954815530596	0.6257501156198013	0.5336423451607485
0.0737218603455236	0.861230313653929	0.623393193172314	0.4516784030441589
0.06564103172444015	0.8753211533534768	0.6750664888554818	0.45015806810603864
0.054477231372647254	0.8948374327366421	0.6537894787687598	0.48270586132197707
0.041927183286909385	0.9182205320011103	0.6490600180924889	0.49455730983426127
0.034680161972394846	0.9368981071205335	0.6632803790563594	0.46902769086207247
0.026715035769604788	0.9476679350231281	0.6666337812719858	0.4852892546059651
0.012530161610296985	0.9785419730423356	0.7291499872886699	0.4958317214120462
0.00702150816997257	0.9860171228784571	0.7018695738535162	0.49723195279411436
6.198011713643101e-06	1.0088774138036722	0.6639678377871044	0.41623577514205834
