0.7044578868646557	0.21644879243436074	0.00034532065153372593	0.2224938296730827
0.7044578868646557	0.21644879243436074	0.00034532065153372593	0.2224938296730827
0.7044578868646557	0.21644879243436074	0.00034532065153372593	0.2224938296730827
0.7044578868646557	0.21644879243436074	0.00034532065153372593	0.2224938296730827
0.7044578868646557	0.21644879243436074	0.00034532065153372593	0.2224938296730827
0.7044578868646557	0.21644879243436074	0.00034532065153372593	0.2224938296730827
0.7044578868646557	0.21644879243436074	0.00034532065153372593	0.2224938296730827
0.7044578868646557	0.21644879243436074	0.00034532065153372593	0.2224938296730827
0.7044578868646557	0.21644879243436074	0.00034532065153372593	0.2224938296730827
0.7044578868646557	0.21644879243436074	0.00034532065153372593	0.2224938296730827
0.7044578868646557	0.21644879243436074	0.00034532065153372593	0.2224938296730827
0.7044578868646557	0.21644879243436074	0.00034532065153372593	0.2224938296730827
0.7044578868646557	0.21644879243436074	0.00034532065153372593	0.2224938296730827
0.7044578868646557	0.21644879243436074	0.00034532065153372593	0.2224938296730827
0.7044578868646557	0.21644879243436074	0.00034532065153372593	0.2224938296730827
0.6357639702823396	0.21763981451939451	0.003870047184849429	0.22738768887644326
0.6171401334533592	0.2182880698383934	0.005715814475492964	0.22836193893247284
0.5682777610753226	0.21831269402194137	0.005715814475492964	0.23275183194189045
0.5682777610753226	0.21831269402194137	0.005715814475492964	0.23275183194189045
0.5621172364116979	0.22880614963822818	0.027523830882844713	0.2260129420599202
0.5621172364116979	0.2389801735555115	0.05235510916260905	0.2260129420599202
0.547539859566039	0.24549293156700655	0.019248596751274993	0.2596007985159582
0.5143986111382001	0.24666732944457853	0.014558486153996616	0.2889607707517362
0.5117987280244252	0.251729507783995	0.028602915729255718	0.23316119791062037
0.5072127556167039	0.2590240801742443	0.028602915729255718	0.1746795389068277
0.4898637498301824	0.26728894213610616	0.14623445658363865	0.28028270217240164
0.48402870866702313	0.2709570221639825	0.09757398330463468	0.2220064993475605
0.4754679624321255	0.2773782606473152	0.08929656433105485	0.2545030566093628
0.47213311036184213	0.28134382241236394	0.11929668727854575	0.2857307429776522
0.4629715226572656	0.29175967694180643	0.09583155317514033	0.32811849875385773
0.4607368390007221	0.2969053875843481	0.20801152475874227	0.33748435529032395
0.4547696185095815	0.3021406215985972	0.1895876091466133	0.3572030523707941
0.454661336101672	0.3071272284199362	0.19008184742363704	0.3895391861659664
0.454661336101672	0.3071272284199362	0.19008184742363704	0.3895391861659664
0.4448780181810358	0.332181610035275	0.07412712714259748	0.4138980382377141
0.4448780181810358	0.332181610035275	0.07412712714259748	0.4138980382377141
0.4239425894188448	0.34787815000638217	0.18128672440145194	0.403956355216676
0.41907708915377667	0.3480594432982989	0.256635521302047	0.2745693028719669
0.40793411121916967	0.3534392360978932	0.24596054928597763	0.2914527204659982
0.40793411121916967	0.3534392360978932	0.24596054928597763	0.2914527204659982
0.4001253422965339	0.3630579992690119	0.2464564846771147	0.2962796130312346
0.3956120072085724	0.3687082914431377	0.24000417859503603	0.33709963017742955
0.38684124531351644	0.3802741993512153	0.2686886479329408	0.37143489936287577
0.37886756283533385	0.38883087561943824	0.2588053138420428	0.3290658323546308
0.37098765387140664	0.3959067406052083	0.2802062832233416	0.34396856991444413
0.36512634126596705	0.4045299310327042	0.27164469081651893	0.37340206659632136
0.36184378970465403	0.4118707137005807	0.3308810790355173	0.3267534175805841
0.35650874144410677	0.41623394437735217	0.279344522980966	0.37015894813492756
0.3494020876912258	0.4249421870786298	0.3363218622141273	0.33701243071309456
0.3434231705950526	0.4360987222541761	0.3094570501423394	0.30449499627605825
0.33977441003716835	0.4416376109121322	0.34254296921404337	0.3014668985130031
0.33219085490372074	0.45024818903007474	0.2925876927699856	0.40974788692604536
0.32389720725955146	0.45760373242321	0.3535230926146289	0.38424885045170565
0.31833386587142565	0.46723766790043386	0.37524048181993974	0.36856343422450044
0.3123776052958768	0.47456023741861997	0.3880508925941404	0.3394251385360113
0.3064236557436233	0.481345745868775	0.3532732855465409	0.37246660609487886
0.30256505789592075	0.4897126965663194	0.4138209418154323	0.3608870491450433
0.2963908929499932	0.500010566831135	0.3170756143046003	0.36046048173951467
0.28974381576419006	0.5090546795608355	0.4201398476977094	0.33405498353126795
0.28443810300950767	0.5126913885384571	0.37400627083675153	0.38666735851585743
0.2776718387690951	0.5267772150984039	0.34670337599550605	0.34755294265783543
0.272744324373271	0.5344688863477574	0.42239507815727884	0.4606623545320557
0.2683782348129468	0.5405136561194694	0.4145945427979528	0.38062022746089413
0.2573851922665442	0.5546260590758669	0.4373830056101185	0.39077960720538457
0.2555931626912249	0.5586876823612335	0.42196703801619173	0.3966208085166405
0.2469241989082852	0.568247161173881	0.41764056506823416	0.3996379866354839
0.24070753780567056	0.578740897236237	0.4815595022496536	0.40445774690967934
0.23462440287275305	0.5891236625788612	0.5047212176569977	0.41570229906695483
0.2280193364654303	0.5966893774916349	0.4807323815807381	0.3959274325156079
0.22263898747114522	0.6095366886258138	0.39588463616605096	0.42406921610896803
0.21447971975240043	0.6198254866178127	0.5049805739113392	0.3839753332825344
0.20856216102743752	0.6277729733107852	0.47755449145884554	0.38129484949775333
0.20099457403540286	0.6413496554021447	0.49406036401926134	0.42350635470901055
0.1967222925444721	0.646755745650432	0.521208504469174	0.40429630115090504
0.1884683666747405	0.6616625460456382	0.48634699713596385	0.3819627303418517
0.18307413497891145	0.6684656274104166	0.5219188576491498	0.42731334109516567
0.17660541013967196	0.6787844379575897	0.5411227141920095	0.4233984758174319
0.16989195901112505	0.6912726971644303	0.5027718654403674	0.3976993245024841
0.16171130690652014	0.7042268176983795	0.5701845564378937	0.4321174703511086
0.15554200582939018	0.7140757829170418	0.5323496718982025	0.4243631744683753
0.14775695465813476	0.7293296104962054	0.5002480301498182	0.4636281832375418
0.14318385671632292	0.738591729704081	0.49870404854626943	0.4050384592395755
0.13530924208081768	0.7527106529047637	0.4929557406355101	0.4456236918585689
0.12788951809091884	0.76086697212406	0.5686112065616511	0.4644335323468748
0.12065823471826723	0.7774655181706484	0.6409986970938272	0.46033905593820446
0.11260384865996054	0.7879754290474406	0.605314821553116	0.4500218935876059
0.10600082842220236	0.8000615110216236	0.6000783886916138	0.48577236078768105
0.09822319915582695	0.8144801551319718	0.5954610235926626	0.49487842951203054
0.0894460175280194	0.8301775656427584	0.6000614582007379	0.46755329511251853
0.08226632732178728	0.8435653147630775	0.6550855493364615	0.46283823662299656
0.07436654672809967	0.8582933632988237	0.6136541140663987	0.4738057901420517
0.06597286974167792	0.8746236441355311	0.6280905531054467	0.4777358325720352
0.05678398382762259	0.8911006206995593	0.6337795500136224	0.48137913205919514
0.04944939036920702	0.9045573146759529	0.6241684260309979	0.4714312089698567
0.04097414868981942	0.9204754284480158	0.6694107819591995	0.49603926934720793
0.030392402122778352	0.9432804800341892	0.7282401924168033	0.4723500864057678
0.025085772168096175	0.9510783259170293	0.6736650922800745	0.49395335695553594
0.0168732462565135	0.9668817295036897	0.6722970376861456	0.49833043173572844
0.0001400032760110979	1.0001496399680463	0.712636677629048	0.4890885283585757
7.432989914482268e-07	1.002141444236959	0.7358475666714374	0.4637313980601608
