0.9583241369387673	0.05204371623637537	0.0032165874204630185	0.0001865311500149347
0.9583241369387673	0.05204371623637537	0.0032165874204630185	0.0001865311500149347
0.9583241369387673	0.05204371623637537	0.0032165874204630185	0.0001865311500149347
0.9583241369387673	0.05204371623637537	0.0032165874204630185	0.0001865311500149347
0.9583241369387673	0.05204371623637537	0.0032165874204630185	0.0001865311500149347
0.9583241369387673	0.05204371623637537	0.0032165874204630185	0.0001865311500149347
0.9576954318005518	0.058756455710945926	0.009321978742218823	0.012900095389066168
0.9576954318005518	0.058756455710945926	0.009321978742218823	0.012900095389066168
0.9576954318005518	0.058756455710945926	0.009321978742218823	0.012900095389066168
0.9576954318005518	0.058756455710945926	0.009321978742218823	0.012900095389066168
0.9576954318005518	0.07987234235009098	0.009321978742218823	0.06274849780891606
0.9576954318005518	0.07987234235009098	0.009321978742218823	0.06274849780891606
0.9576954318005518	0.07987234235009098	0.009321978742218823	0.06274849780891606
0.9576954318005518	0.07987234235009098	0.009321978742218823	0.06274849780891606
0.9576954318005518	0.07987234235009098	0.009321978742218823	0.06274849780891606
0.9576954318005518	0.07987234235009098	0.009321978742218823	0.06274849780891606
0.9576954318005518	0.07987234235009098	0.009321978742218823	0.06274849780891606
0.9576954318005518	0.07987234235009098	0.009321978742218823	0.06274849780891606
0.9576954318005518	0.07987234235009098	0.009321978742218823	0.06274849780891606
0.7912822492158944	0.21655231062976396	0.005329881835821171	0.2253107835920974
0.7912822492158944	0.21655231062976396	0.005329881835821171	0.2253107835920974
0.7912822492158944	0.21655231062976396	0.005329881835821171	0.2253107835920974
0.7398451995762438	0.21655231062976396	0.005329881835821171	0.2253107835920974
0.6425313504994292	0.21655231062976396	0.005329881835821171	0.2253107835920974
0.6425313504994292	0.21655231062976396	0.005329881835821171	0.2253107835920974
0.5935603382774358	0.21655231062976396	0.005329881835821171	0.2253107835920974
0.5935603382774358	0.21655231062976396	0.005329881835821171	0.2253107835920974
0.5713807901326609	0.21655231062976396	0.005329881835821171	0.2253107835920974
0.5706732901049731	0.2166374694419907	0.005566921351031318	0.2253107835920974
0.5713807901326609	0.21775680720262985	0.005448401593426244	0.2596051855731285
0.5350395518739209	0.244279314707709	0.015126276439966085	0.16557039926076772
0.5350395518739209	0.244279314707709	0.015126276439966085	0.16557039926076772
0.5350395518739209	0.244279314707709	0.015126276439966085	0.16557039926076772
0.4969245889477418	0.25924442579484014	0.06928388973666699	0.23495892610421093
0.4969245889477418	0.25924442579484014	0.06928388973666699	0.23495892610421093
0.4969245889477418	0.25924442579484014	0.06928388973666699	0.23495892610421093
0.4969245889477418	0.25924442579484014	0.06928388973666699	0.23495892610421093
0.4969245889477418	0.25924442579484014	0.06928388973666699	0.23495892610421093
0.46995755979652315	0.3074030286561578	0.07779019630846504	0.20195559419107323
0.46995755979652315	0.3074030286561578	0.07779019630846504	0.20195559419107323
0.4684310580274561	0.310058688199137	0.0743736537032865	0.24082325966798268
0.45970298180142366	0.3252195867946546	0.06747991140046919	0.3802459847699272
0.4467063088768549	0.32788500146239774	0.07865288831205483	0.3874762595334038
0.42971087688454324	0.3324863481818832	0.2762643626362493	0.3391753949184929
0.4181988964012992	0.3390647109172945	0.23326646699473153	0.2984674943251443
0.4181988964012992	0.3390647109172945	0.23326646699473153	0.2984674943251443
0.4077144316203685	0.35213066302483526	0.21670416740075832	0.29637721024343083
0.3985254645673577	0.3661620084896722	0.21459873550405018	0.2700253542305248
0.39385350899600763	0.37103801735495334	0.21609027193802852	0.3231122387551962
0.3879005658524148	0.3837060817770203	0.3300439933748352	0.2858255739943383
0.3858484988528616	0.38786131726131506	0.19983996593992512	0.25301664425295795
0.37841620183840124	0.3985013518771477	0.3486354235097393	0.3767558653265283
0.36530072289227383	0.40491795686594106	0.3179662689438325	0.38019154584821846
0.3618801021578718	0.4135021365634349	0.34474933907317873	0.4087652616278729
0.3484031117205158	0.42563032087462893	0.288384416033588	0.3513993905945703
0.345159626986382	0.4378806837504196	0.3868885726309261	0.31062526033398
0.33768174004840595	0.44582147319101306	0.3952019324781567	0.313289645529791
0.3312094984355385	0.4481260759285399	0.35243924270396626	0.33651166787466996
0.3242843586845683	0.4617236767718673	0.36353568391440017	0.37236581085861536
0.31612290226023804	0.4701534672674035	0.36570683552792516	0.4077378929119254
0.3089076066355474	0.4778838565620259	0.3575121453773611	0.3839092603318681
0.30228438086850346	0.49001232283539975	0.38946695283311517	0.38314344551734425
0.2978975020306615	0.499088857263007	0.41286673572786364	0.3145755906164778
0.29167014879510855	0.511114083742787	0.4773298678876403	0.35299574062734607
0.28027325537213865	0.5203144118884582	0.40770038556904575	0.41295897298337325
0.27340144962452334	0.5343401547125047	0.3601239997716511	0.40690916590385096
0.2664127671082219	0.5389688278318259	0.4108410840243487	0.39179263579564916
0.2600522601478539	0.552043822371075	0.4673029342849084	0.4418784353212995
0.2547278898959472	0.5569268217383526	0.43936240651397984	0.388749915428095
0.24749542752179868	0.5731705976614645	0.49233963000717784	0.3766850339198857
0.23920882831387535	0.5811898957237117	0.42286795697696383	0.3597170330044488
0.23319572881286274	0.5891147255066755	0.4612070423042888	0.43745341294162465
0.2242388524388153	0.602285989313356	0.4702143489121223	0.39763487326996444
0.21936324456445414	0.6127156609083253	0.46809234791982285	0.4314676231790957
0.21149241291941503	0.6286347224964325	0.5139040923956322	0.3437727372953372
0.2051936343296446	0.6425793864845747	0.5531967200364579	0.34026248154734373
0.19665819407814766	0.6461835488508685	0.4952866906564003	0.4039538331857874
0.18702359568572605	0.6638067860767775	0.47452159478575817	0.40300253127166347
0.17726534976729713	0.6772915719968887	0.5224919518463071	0.4147382591005819
0.17299619602771843	0.684988351547532	0.49263436225049684	0.44717429976055867
0.16511033786747273	0.6999990693416441	0.5739208646705847	0.40568357897766016
0.15854948487429923	0.7171236657982897	0.46271680512946634	0.4761660325330693
0.15027424707351097	0.7253295374277948	0.5228593783858275	0.4883941146990935
0.14119963301835675	0.7383249344859545	0.5320240224825014	0.45980351869666436
0.12914703807707148	0.760055127387948	0.5695056211249274	0.45858610286768225
0.1255745304030127	0.7700233372695343	0.5662110563519994	0.3987333851498698
0.11784935296544755	0.7813213042953808	0.5354018492217554	0.477143559201636
0.10775055031383826	0.7967481960056458	0.6115360131353449	0.448325663714789
0.10033153208316482	0.8103933465148219	0.6239272366437115	0.45031235183354995
0.09141928174189379	0.8292670218757442	0.6403462309869367	0.4899796230914281
0.0829728147847293	0.845225276354264	0.5979447109668342	0.5176241703233432
0.0743350679999446	0.8589202111504717	0.6001474893787123	0.4582155071596226
0.06577521576214328	0.8782721842923022	0.6433964124025127	0.4921078690477146
0.057017925478664244	0.89295361507364	0.6460017870863609	0.5136849712311546
0.04839514860419343	0.9065162442859349	0.6272415142139688	0.49355957932250416
0.03904478587943278	0.9283557228437668	0.6208800513337511	0.5327393770676091
0.02818953924251121	0.9453327601647322	0.669698855179317	0.4819683185671899
0.01555259204042017	0.9714981471291249	0.6826713437349317	0.47440921810039643
2.863778196487995e-06	1.0000116613553707	0.7056113412560379	0.4969299813054507
2.863778196487995e-06	1.0000116613553707	0.7056113412560379	0.4969299813054507
