0.7507688052009354	0.19860207244207073	0.001981451510934512	0.19962372681863993
0.7507688052009354	0.19860207244207073	0.001981451510934512	0.19962372681863993
0.7507688052009354	0.19860207244207073	0.001981451510934512	0.19962372681863993
0.7507688052009354	0.19860207244207073	0.001981451510934512	0.19962372681863993
0.7507688052009354	0.19860207244207073	0.001981451510934512	0.19962372681863993
0.7507688052009354	0.19860207244207073	0.001981451510934512	0.19962372681863993
0.7507688052009354	0.19860207244207073	0.001981451510934512	0.19962372681863993
0.7507688052009354	0.19860207244207073	0.001981451510934512	0.19962372681863993
0.7507688052009354	0.19860207244207073	0.001981451510934512	0.19962372681863993
0.7507688052009354	0.19860207244207073	0.001981451510934512	0.19962372681863993
0.7507688052009354	0.19860207244207073	0.001981451510934512	0.19962372681863993
0.7507688052009354	0.19860207244207073	0.001981451510934512	0.19962372681863993
0.7507688052009354	0.19860207244207073	0.001981451510934512	0.19962372681863993
0.7507688052009354	0.19860207244207073	0.001981451510934512	0.19962372681863993
0.7507688052009354	0.19860207244207073	0.001981451510934512	0.19962372681863993
0.6991350225558803	0.198737170248706	0.001981451510934512	0.18962070332447856
0.6991350225558803	0.198737170248706	0.001981451510934512	0.18962070332447856
0.6991350225558803	0.198737170248706	0.001981451510934512	0.18962070332447856
0.6991350225558803	0.198737170248706	0.001981451510934512	0.18962070332447856
0.7223734445874729	0.1990966696084704	0.001981451510934512	0.22368345553977853
0.6936810715283332	0.19912077157590685	0.001981451510934512	0.22421726836364675
0.6286560727511477	0.20049748955641955	0.00032758559883952487	0.21622963893958427
0.6279017061747383	0.2007839053930311	0.0008038220122187634	0.21597846877420745
0.6225277207137718	0.20595632846245832	0.00034111537489545096	0.19343073617292664
0.582781296725283	0.2107293863341762	0.0026263859533456613	0.22459513323635863
0.582781296725283	0.2107293863341762	0.0026263859533456613	0.22459513323635863
0.582781296725283	0.2107293863341762	0.0026263859533456613	0.22459513323635863
0.542063465208283	0.23031756510512816	0.002652851214322377	0.2199673487512191
0.542063465208283	0.2349122515392149	0.002652851214322377	0.1724295651875407
0.542063465208283	0.2349122515392149	0.002652851214322377	0.1724295651875407
0.5200351462181335	0.2490091444618979	0.00827900726887193	0.3433258812538285
0.5175413969479505	0.24996211723605366	0.025514676142636875	0.318023762485765
0.5175413969479505	0.24996211723605366	0.025514676142636875	0.318023762485765
0.5175413969479505	0.24996211723605366	0.025514676142636875	0.318023762485765
0.4735295924462838	0.28707028959668796	0.1675014588553676	0.24046430263584956
0.4735295924462838	0.28707028959668796	0.1675014588553676	0.24046430263584956
0.4735295924462838	0.28707028959668796	0.1675014588553676	0.24046430263584956
0.46242683680554114	0.2958838328434495	0.1503678490857255	0.21288662336438033
0.4535465399172565	0.302990819097843	0.20275660800320078	0.24793553418413072
0.4492179181882238	0.3055455818619413	0.17572796418337763	0.27680402221332
0.4394171513316826	0.32158389155156525	0.2513285927145814	0.2919682409897101
0.43790284893884357	0.3243165219927009	0.2571775669893867	0.3534876627420853
0.42510468160709575	0.33522781382959516	0.17700728110059882	0.25130205011161066
0.42510468160709575	0.33522781382959516	0.17700728110059882	0.25130205011161066
0.4240848035910608	0.3550206111906393	0.33660292426756466	0.2862221675180637
0.4124489918286235	0.3662211523008602	0.33783876525017675	0.3220369196251547
0.40096307572294787	0.3705648713240645	0.3440936929931501	0.3373515524099276
0.39173381612411196	0.377133972833587	0.32525933014084607	0.30525807394199794
0.38436681034598746	0.3820495514143376	0.3059185466009202	0.34890052822427003
0.37950585682999555	0.3896243455742335	0.30208011292952913	0.3834879115915978
0.368383301918418	0.40129351447435935	0.2700583016940882	0.33275942378355444
0.36695577273877683	0.41114547598514883	0.3243830581077135	0.2806176417292982
0.3584523068793522	0.4179083140307662	0.28086863901625997	0.4124854827479125
0.3525474960696593	0.42471810016283157	0.2403575310187525	0.37800139969447066
0.3425104404606013	0.43450089936731473	0.35930958681625536	0.3286776835516468
0.3385644710847445	0.44320553662933254	0.3448694436777239	0.3030450389680015
0.33238672348155324	0.4514755533229952	0.38002123694387746	0.36374703395533714
0.32161396837834627	0.4654306677178187	0.33206912113622894	0.2945615806158039
0.31833458791158703	0.471752859114465	0.3640618111972463	0.44977763573514684
0.3108954411917375	0.48014246237516534	0.341733280336981	0.39539071591854624
0.303330142105784	0.4878582087913625	0.3853550591741314	0.41558223444784725
0.2965637662886878	0.49542340269571183	0.39505697836479925	0.37899260262421164
0.28973519381920954	0.5050211786086723	0.3745494455880226	0.4001091488550873
0.28227920463220013	0.5210123499055949	0.38719146907408064	0.3857872664633477
0.27815616958859446	0.5271790091576842	0.4321980179217846	0.3220367174650294
0.26941215217937436	0.5359794733234483	0.43647137219732646	0.36106259794762646
0.2642614066553492	0.5443263151227158	0.46104013023952145	0.3609723178448716
0.255878100597686	0.5546815526461466	0.4284289679597949	0.3662100558585643
0.2497582888181983	0.5676971360770668	0.36783213612616333	0.419218502404495
0.24119236341537878	0.5769261427399938	0.42469940289557323	0.41907798985877676
0.2354417376747272	0.585340574111987	0.4261963933251468	0.3904600600453318
0.22855124824798362	0.6030304962377196	0.4064974630270733	0.4636321470757031
0.22200822102257353	0.6114468732631668	0.4097386270087776	0.42683850413725777
0.21408543710552705	0.6206424048232569	0.46241224040268397	0.4427676453750048
0.20448199057040395	0.6379262607342493	0.48532181252780804	0.4619149450171684
0.1990120679466407	0.6434573437547233	0.4861383994817139	0.3781133414071391
0.1924121220465693	0.652685302632754	0.5065474559186991	0.41081155867379904
0.18427004389517684	0.668730305207822	0.5080179304183865	0.3692552607116033
0.17720334071788685	0.6794447924542101	0.47325538143477264	0.45440329153753456
0.17005355195195757	0.6907302947656309	0.5151057693217607	0.3913131455365075
0.16154288547753926	0.7048246189208642	0.5385226342769263	0.4284079873352127
0.1553074329473401	0.7160992199609522	0.5103213123001087	0.4113774108940723
0.14709937705388695	0.7280268625897218	0.5498427765443674	0.4194717508820649
0.1387453452970619	0.7442958654891465	0.5368982588124461	0.45310627654021224
0.1311012166355304	0.7591365474519838	0.5069933843986761	0.4706029865910418
0.12324123653074157	0.7736007030435208	0.5498387342869193	0.5019734202856833
0.1149284484354483	0.7863060048757256	0.5425054449905505	0.4330034194022987
0.1076967861841144	0.7997042005437007	0.5514195976120244	0.5010883642938798
0.09903439880317423	0.8122064110474935	0.60904848511026	0.4817929517971961
0.0895883829843979	0.8294494981372901	0.5953045291892144	0.4695289756435727
0.08114221719124849	0.8492978637140036	0.6358075554116132	0.4828672083745683
0.07359190687476226	0.861126282407638	0.5770631649637566	0.4658547687895565
0.06483782820096949	0.8754649955843332	0.6541631093086333	0.4544619808666189
0.05375214778138376	0.8979120073475981	0.6917774054943016	0.5005681438467565
0.0474639354616716	0.9132098077412215	0.7171457110535112	0.43553819379595593
0.03256808363961952	0.9366290365833259	0.6833765093313463	0.49389275387704995
0.024426878270187725	0.9564559370548374	0.6990400837793358	0.5047400571181485
0.018121439250039104	0.9694218149147631	0.6838492048824517	0.4204666102299985
0.009861227271145682	0.9853837539283942	0.7615421806153218	0.4922409397805622
0.0006048964065079649	1.0201654014350583	0.8490576258069011	0.5039190747155986
