1	0.6666666667
2	0.3076923077
3	0.1250000000
4	0.4285714286
5	0.3333333333
6	0.1538461538
7	0.1176470588
8	0.1333333333
9	0.2857142857
10	0.1052631579
11	0.0000000000
12	0.0000000000
13	0.4666666667
14	0.4117647059
15	0.1428571429
16	0.0000000000
17	0.0000000000
18	0.0000000000
19	0.0000000000
20	0.0000000000
21	0.0000000000
22	0.0000000000
23	0.0000000000
24	0.0000000000
25	0.0000000000
26	0.0000000000
27	0.0000000000
28	0.0000000000
29	0.0000000000
30	0.0000000000
31	0.0000000000
32	0.0000000000
33	0.0000000000
34	0.0000000000
35	0.0000000000
36	0.0000000000
37	0.0000000000
38	0.0000000000
39	0.0000000000
40	0.0000000000
41	0.0000000000
42	0.0000000000
43	0.0000000000
44	0.0000000000
45	0.0000000000
46	0.0000000000
47	0.0000000000
48	0.0000000000
49	0.0000000000
50	0.0000000000
51	0.0000000000
52	0.0333333333
53	0.0000000000
54	0.0416666667
55	0.0400000000
56	0.0384615385
57	0.0384615385
58	0.0370370370
59	0.0400000000
60	0.0400000000
61	0.0370370370
62	0.0384615385
63	0.0344827586
64	0.0357142857
65	0.0322580645
66	0.0357142857
67	0.0000000000
68	0.0000000000
69	0.0000000000
70	0.0000000000
71	0.0000000000
72	0.0000000000
73	0.0400000000
74	0.0400000000
75	0.0384615385
76	0.0370370370
77	0.0357142857
78	0.0384615385
79	0.0000000000
80	0.0000000000
81	0.0000000000
82	0.0000000000
83	0.0000000000
84	0.0000000000
85	0.0000000000
86	0.0000000000
87	0.0000000000
88	0.0000000000
89	0.0000000000
90	0.0000000000
91	0.0000000000
92	0.0000000000
93	0.0344827586
94	0.0000000000
95	0.0344827586
96	0.0344827586
97	0.0322580645
98	0.0312500000
99	0.0689655172
100	0.0000000000
