1	1.0000000000
2	0.6153846154
3	0.1875000000
4	0.1250000000
5	0.1333333333
6	0.0588235294
7	0.1333333333
8	0.0000000000
9	0.0526315789
10	0.0000000000
11	0.0555555556
12	0.1764705882
13	0.0000000000
14	0.0555555556
15	0.0769230769
16	0.0000000000
17	0.1333333333
18	0.3157894737
19	0.1111111111
20	0.1333333333
21	0.1666666667
22	0.0625000000
23	0.0526315789
24	0.0555555556
25	0.1250000000
26	0.0000000000
27	0.0625000000
28	0.0000000000
29	0.0000000000
30	0.0000000000
31	0.0000000000
32	0.0000000000
33	0.0000000000
34	0.0000000000
35	0.0000000000
36	0.0000000000
37	0.0000000000
38	0.0000000000
39	0.0000000000
40	0.0000000000
41	0.0000000000
42	0.0000000000
43	0.0000000000
44	0.0000000000
45	0.0000000000
46	0.0000000000
47	0.0000000000
48	0.0000000000
49	0.0000000000
50	0.0000000000
51	0.0000000000
52	0.0000000000
53	0.0000000000
54	0.0000000000
55	0.0000000000
56	0.0000000000
57	0.0000000000
58	0.0000000000
59	0.0384615385
60	0.0000000000
61	0.0000000000
62	0.0000000000
63	0.0000000000
64	0.0000000000
65	0.0000000000
66	0.0000000000
67	0.0434782609
68	0.0740740741
69	0.0800000000
70	0.0454545455
71	0.0400000000
72	0.0370370370
73	0.0869565217
74	0.0800000000
75	0.0800000000
76	0.0714285714
77	0.0740740741
78	0.0869565217
79	0.1153846154
80	0.1200000000
81	0.1153846154
82	0.1153846154
83	0.1034482759
84	0.0967741935
85	0.0937500000
86	0.1290322581
87	0.1290322581
88	0.1333333333
89	0.1250000000
90	0.1379310345
91	0.1428571429
92	0.1333333333
93	0.1212121212
94	0.1212121212
95	0.1562500000
96	0.1379310345
97	0.1250000000
98	0.1176470588
99	0.1176470588
100	0.1250000000
