1	0.6750000000
2	0.6250000000
3	0.7948717949
4	0.8000000000
5	0.7500000000
6	0.8000000000
7	0.8750000000
8	0.9250000000
9	0.9000000000
10	0.8500000000
11	0.8000000000
12	0.7105263158
13	0.5526315789
14	0.7179487179
15	0.7435897436
16	0.8974358974
17	1.0000000000
18	0.9750000000
19	0.9750000000
20	0.9250000000
21	0.9250000000
22	0.9230769231
23	0.9250000000
24	1.0000000000
25	1.0000000000
26	0.9250000000
27	0.8947368421
28	0.8974358974
29	0.9000000000
30	0.8750000000
31	0.9250000000
32	0.8750000000
33	1.0000000000
34	0.9487179487
35	1.0000000000
36	1.0000000000
37	1.0000000000
38	1.0000000000
39	1.0000000000
40	1.0000000000
41	1.0000000000
42	1.0000000000
43	1.0000000000
44	1.0000000000
45	1.0000000000
46	1.0000000000
47	1.0000000000
48	1.0000000000
49	1.0000000000
50	1.0000000000
51	1.0000000000
52	1.0000000000
53	1.0000000000
54	1.0000000000
55	1.0000000000
56	1.0000000000
57	1.0000000000
58	1.0000000000
59	1.0000000000
60	1.0000000000
61	1.0000000000
62	1.0000000000
63	1.0000000000
64	1.0000000000
65	1.0000000000
66	1.0000000000
67	1.0000000000
68	1.0000000000
69	1.0000000000
70	1.0000000000
71	1.0000000000
72	1.0000000000
73	1.0000000000
74	1.0000000000
75	1.0000000000
76	1.0000000000
77	1.0000000000
78	1.0000000000
79	1.0000000000
80	1.0000000000
81	1.0000000000
82	1.0000000000
83	1.0000000000
84	1.0000000000
85	1.0000000000
86	0.9473684211
87	0.9487179487
88	0.9230769231
89	0.9487179487
90	0.9487179487
91	0.9750000000
92	0.9750000000
93	0.9500000000
94	0.9487179487
95	0.9487179487
96	0.9487179487
97	0.9500000000
98	0.9743589744
99	0.9743589744
100	0.9000000000
