1	0.6250000000
2	0.7000000000
3	0.5500000000
4	0.4473684211
5	0.6153846154
6	0.7692307692
7	0.7894736842
8	0.7631578947
9	0.6410256410
10	0.5250000000
11	0.6750000000
12	0.5750000000
13	0.5000000000
14	0.4358974359
15	0.8717948718
16	0.9487179487
17	0.9500000000
18	0.9000000000
19	0.9000000000
20	1.0000000000
21	1.0000000000
22	1.0000000000
23	1.0000000000
24	1.0000000000
25	1.0000000000
26	1.0000000000
27	1.0000000000
28	1.0000000000
29	1.0000000000
30	1.0000000000
31	1.0000000000
32	1.0000000000
33	1.0000000000
34	1.0000000000
35	1.0000000000
36	1.0000000000
37	1.0000000000
38	1.0000000000
39	1.0000000000
40	1.0000000000
41	0.9743589744
42	0.9743589744
43	0.9487179487
44	0.9487179487
45	0.9210526316
46	0.8750000000
47	0.8461538462
48	0.7948717949
49	0.8974358974
50	0.9250000000
51	0.8500000000
52	0.8750000000
53	0.9000000000
54	0.8500000000
55	0.8500000000
56	0.8205128205
57	0.8974358974
58	0.8750000000
59	0.8461538462
60	0.8947368421
61	0.9000000000
62	0.8750000000
63	0.8750000000
64	0.9230769231
65	0.9250000000
66	0.9500000000
67	0.9500000000
68	0.9250000000
69	0.9230769231
70	0.8750000000
71	0.8750000000
72	0.8500000000
73	0.8750000000
74	0.8461538462
75	0.8205128205
76	0.8000000000
77	0.8000000000
78	0.7750000000
79	0.7500000000
80	0.8000000000
81	0.8000000000
82	0.8000000000
83	0.7750000000
84	0.7500000000
85	0.7500000000
86	0.7750000000
87	0.8000000000
88	0.7750000000
89	0.8205128205
90	0.8205128205
91	0.7500000000
92	0.7750000000
93	0.7500000000
94	0.7250000000
95	0.7179487179
96	0.7750000000
97	0.7750000000
98	0.7500000000
99	0.7500000000
100	0.7500000000
