1	2.8329916163
2	2.9733451827
3	3.1533112663
4	3.3074331047
5	3.5474154768
6	3.7021078998
7	3.7275393601
8	3.8039874509
9	3.8764185210
10	3.9426411945
11	4.0051343895
12	4.0932032633
13	4.2174408307
14	4.2881061116
15	4.3251973857
16	4.4578447364
17	4.4685075273
18	4.5330587685
19	4.5916937358
20	4.6563873347
21	4.7097529120
22	4.7995124328
23	4.8520810476
24	4.8854394098
25	4.9086990773
26	4.9344120132
27	5.0234198047
28	5.0451178012
29	5.0957465910
30	5.1296028800
31	5.1597122475
32	5.1963652167
33	5.2223481921
34	5.2374316059
35	5.2865702515
36	5.2947257310
37	5.3216741798
38	5.3345511517
39	5.3557256396
40	5.3711731183
41	5.3891891542
42	5.4007950515
43	5.4241230815
44	5.4362405040
45	5.4564650375
46	5.4727693490
47	5.5103476138
48	5.5342662743
49	5.5547703584
50	5.5701161467
51	5.5850253983
52	5.6260683482
53	5.6334725652
54	5.6538686150
55	5.6572797662
56	5.6651567351
57	5.6734025959
58	5.6865162614
59	5.6918665888
60	5.7018925753
61	5.7080243748
62	5.7217565593
63	5.7255184822
64	5.7339718886
65	5.7555484532
66	5.7675871705
67	5.7710820550
68	5.7767718404
69	5.7953435945
70	5.8131196673
71	5.8278300030
72	5.8328285697
73	5.8424901342
74	5.8582554941
75	5.8757955538
76	5.8798217941
77	5.8935731385
78	5.9089989767
79	5.9349810459
80	5.9431277405
81	5.9482438543
82	5.9612605987
83	5.9698205763
84	5.9753433037
85	5.9806622409
86	5.9864936766
87	6.0034877898
88	6.0055159673
89	6.0074045582
90	6.0113422023
91	6.0227176787
92	6.0310399119
93	6.0404967636
94	6.0486512501
95	6.0535844807
96	6.0570887480
97	6.0582811485
98	6.0621965087
99	6.0634860242
100	6.0663990707
