1	2.9737698871
2	3.1062540489
3	3.2805039687
4	3.5711961284
5	3.8166686057
6	3.8800127074
7	3.9656580568
8	4.2574020995
9	4.2803672662
10	4.3061423671
11	4.4635286021
12	4.6081647727
13	4.6450132575
14	4.6783878545
15	4.7343795576
16	4.9140537555
17	5.0052247571
18	5.1454882772
19	5.1674163046
20	5.2092604396
21	5.2211690364
22	5.2719456179
23	5.3395655676
24	5.3649938644
25	5.4297070254
26	5.4773703420
27	5.5415967993
28	5.5699193242
29	5.6286359688
30	5.6899861378
31	5.7193873184
32	5.7370108224
33	5.7500788147
34	5.7686360446
35	5.7814342881
36	5.7985162510
37	5.8182165714
38	5.8444441573
39	5.8567817318
40	5.8802183104
41	5.8887403647
42	5.9037842939
43	5.9303218063
44	5.9562333508
45	5.9607683434
46	5.9651449265
47	5.9801364335
48	5.9834619803
49	5.9901767083
50	6.0095235363
51	6.0109356092
52	6.0190597482
53	6.0206040176
54	6.0465296367
55	6.0511050896
56	6.0583063048
57	6.0621425402
58	6.0680463465
59	6.0816214991
60	6.0898603278
61	6.0998176443
62	6.1010973008
63	6.1120769072
64	6.1147503833
65	6.1225099554
66	6.1218509799
67	6.1292934330
68	6.1338835557
69	6.1365759317
70	6.1416608241
71	6.1449251724
72	6.1458063775
73	6.1518316200
74	6.1605271232
75	6.1682958610
76	6.1685976428
77	6.1716235566
78	6.1734867387
79	6.1755377411
80	6.1827555242
81	6.1883838019
82	6.1897423808
83	6.1958916925
84	6.1988679068
85	6.2011072399
86	6.2033098021
87	6.2064211707
88	6.2066130417
89	6.2082000899
90	6.2122181763
91	6.2134488029
92	6.2142293743
93	6.2139962470
94	6.2162471901
95	6.2187433229
96	6.2213279037
97	6.2214793016
98	6.2220640862
99	6.2232428250
100	6.2268361545
