1	0.0465006721
2	0.0502224173
3	0.0233633881
4	0.0205823895
5	0.0259564057
6	0.0231650940
7	0.0228412535
8	0.0308825319
9	0.0175506090
10	0.0352696315
11	0.0426032878
12	0.0427267345
13	0.0240153372
14	0.0351815304
15	0.0188388434
16	0.0363973676
17	0.0238146936
18	0.0202807468
19	0.0298376214
20	0.0220672740
21	0.0222498568
22	0.0245285894
23	0.0266126070
24	0.0175855920
25	0.0299190931
26	0.0273903181
27	0.0203280628
28	0.0162026405
29	0.0227731400
30	0.0170237764
31	0.0183669232
32	0.0199555106
33	0.0202014404
34	0.0185328376
35	0.0157698504
36	0.0180137119
37	0.0129513708
38	0.0245068920
39	0.0162963799
40	0.0210631438
41	0.0183614636
42	0.0189836955
43	0.0152971072
44	0.0235008963
45	0.0213157177
46	0.0191994018
47	0.0207110508
48	0.0231066326
49	0.0190240829
50	0.0164408637
51	0.0162786604
52	0.0177012825
53	0.0177209008
54	0.0193012880
55	0.0160331870
56	0.0181569818
57	0.0182743441
58	0.0172757784
59	0.0169345202
60	0.0156688436
61	0.0137304973
62	0.0139120185
63	0.0193121830
64	0.0151523041
65	0.0146625985
66	0.0134527303
67	0.0156043447
68	0.0172526533
69	0.0158197621
70	0.0135506949
71	0.0142850915
72	0.0155670673
73	0.0172158312
74	0.0123731092
75	0.0134450191
76	0.0133799186
77	0.0147110045
78	0.0169426174
79	0.0173075935
80	0.0207241395
81	0.0169953947
82	0.0153498102
83	0.0175491917
84	0.0167745850
85	0.0160290146
86	0.0187516236
87	0.0178566384
88	0.0178310543
89	0.0167448345
90	0.0124643840
91	0.0147344556
92	0.0143368578
93	0.0128220557
94	0.0158965198
95	0.0153817345
96	0.0162640617
97	0.0141473693
98	0.0144954471
99	0.0169326665
100	0.0163189390
