1	0.0851051007
2	0.1182696021
3	0.1103688384
4	0.1115282052
5	0.1173821643
6	0.1235501737
7	0.1346674464
8	0.1014582762
9	0.0829376004
10	0.1015367728
11	0.1025389715
12	0.0814928919
13	0.0608338127
14	0.0631365956
15	0.0720828360
16	0.0956641739
17	0.0456980188
18	0.0691341836
19	0.0870437221
20	0.0827775973
21	0.0662117897
22	0.0551134227
23	0.0634183901
24	0.0547617040
25	0.0771943787
26	0.0493674953
27	0.0618587613
28	0.0821011790
29	0.0718887276
30	0.0794637005
31	0.0564556260
32	0.0728840732
33	0.0758443522
34	0.0533064501
35	0.0616669791
36	0.0520898095
37	0.0469245438
38	0.0484253208
39	0.0551591835
40	0.0479854199
41	0.0585217011
42	0.0578413755
43	0.0744187374
44	0.0702338625
45	0.0499169832
46	0.0750667958
47	0.0630832489
48	0.0413306171
49	0.0443690836
50	0.0550140819
51	0.0453430816
52	0.0426311594
53	0.0458755742
54	0.0398755322
55	0.0447811813
56	0.0445622428
57	0.0403146179
58	0.0429838463
59	0.0434216511
60	0.0434961269
61	0.0410542805
62	0.0429570769
63	0.0442032172
64	0.0412573466
65	0.0425002942
66	0.0460209540
67	0.0416410618
68	0.0433481247
69	0.0429243189
70	0.0437948200
71	0.0421337588
72	0.0463956351
73	0.0480348082
74	0.0482050799
75	0.0429830693
76	0.0424579779
77	0.0416272019
78	0.0421582699
79	0.0414208924
80	0.0427926505
81	0.0393499714
82	0.0422135305
83	0.0370545622
84	0.0379318183
85	0.0376377454
86	0.0377900629
87	0.0431074617
88	0.0418145738
89	0.0408300474
90	0.0415664971
91	0.0396877483
92	0.0388824398
93	0.0414212939
94	0.0403985696
95	0.0384437429
96	0.0379686245
97	0.0372624816
98	0.0376375352
99	0.0374157756
100	0.0374109535
