1	0.0476150589
2	0.0361981016
3	0.0276403591
4	0.0452925370
5	0.0393024160
6	0.0290340547
7	0.0301725655
8	0.0349434355
9	0.0560826246
10	0.0283919384
11	0.0284087136
12	0.0330608112
13	0.0238106344
14	0.0291075708
15	0.0223338344
16	0.0209575266
17	0.0136334414
18	0.0191777714
19	0.0203877176
20	0.0357728864
21	0.0173598778
22	0.0212520675
23	0.0125282185
24	0.0148993030
25	0.0258513307
26	0.0211956339
27	0.0221833650
28	0.0189502639
29	0.0175222688
30	0.0181428550
31	0.0193419831
32	0.0188157872
33	0.0251986552
34	0.0185182857
35	0.0179694854
36	0.0141852389
37	0.0257797374
38	0.0198416246
39	0.0235343058
40	0.0183304609
41	0.0208766471
42	0.0160969942
43	0.0184064665
44	0.0212640163
45	0.0205013621
46	0.0192842551
47	0.0220686720
48	0.0203904642
49	0.0183873648
50	0.0201282169
51	0.0148554851
52	0.0212208152
53	0.0224042774
54	0.0141209378
55	0.0116807327
56	0.0235825333
57	0.0174850015
58	0.0203537200
59	0.0222211711
60	0.0213682327
61	0.0213717850
62	0.0197268444
63	0.0179385248
64	0.0150740072
65	0.0222374409
66	0.0149306328
67	0.0150862038
68	0.0118584645
69	0.0169805687
70	0.0173216822
71	0.0166926358
72	0.0190285499
73	0.0186519822
74	0.0146070753
75	0.0127058026
76	0.0122837910
77	0.0107254499
78	0.0180835128
79	0.0176665180
80	0.0149376835
81	0.0130101871
82	0.0165851126
83	0.0178895926
84	0.0139209513
85	0.0157617028
86	0.0158052504
87	0.0200956298
88	0.0186370709
89	0.0133317388
90	0.0104904139
91	0.0114311018
92	0.0135998107
93	0.0147005481
94	0.0163614917
95	0.0157605989
96	0.0145355771
97	0.0139533528
98	0.0133525543
99	0.0101784532
100	0.0111762655
