1	2.9111103518
2	2.9762017209
3	3.1822280559
4	3.4179986378
5	3.5440095562
6	3.8314267298
7	3.9600433749
8	4.0180954384
9	4.1431937702
10	4.3307452387
11	4.3542364448
12	4.5518181509
13	4.6801116651
14	4.7394442650
15	4.8187398780
16	4.9669506716
17	5.0118530285
18	5.0860575261
19	5.1018987915
20	5.1674267674
21	5.2418838180
22	5.3006846181
23	5.3197307144
24	5.3675871279
25	5.3871508034
26	5.4438812624
27	5.4642171794
28	5.4759699329
29	5.4932780502
30	5.5120547294
31	5.5591204179
32	5.5875572551
33	5.6326220439
34	5.6454347177
35	5.6519239224
36	5.6861489036
37	5.7040293744
38	5.7116269520
39	5.7250608176
40	5.7376682209
41	5.7490009518
42	5.7788270819
43	5.8103554089
44	5.8237276366
45	5.8341409355
46	5.8586046179
47	5.8841000635
48	5.8936720348
49	5.9045719826
50	5.9276996326
