1	0.0931481081
2	0.0718169589
3	0.0599635193
4	0.1158715020
5	0.0713473561
6	0.0585076127
7	0.0716964389
8	0.0760594246
9	0.0741169635
10	0.0767786077
11	0.1079254442
12	0.0835961808
13	0.0634169014
14	0.0598648278
15	0.0437740547
16	0.0554872631
17	0.0862626408
18	0.0734830926
19	0.0793203649
20	0.0563024057
21	0.0522809296
22	0.0521575381
23	0.0490106960
24	0.0299109271
25	0.0310842506
26	0.0383121694
27	0.0333500479
28	0.0346759700
29	0.0369971064
30	0.0447968112
31	0.0465823588
32	0.0380470003
33	0.0332433619
34	0.0314071067
35	0.0285292338
36	0.0265666217
37	0.0288527012
38	0.0311823196
39	0.0249481864
40	0.0214966500
41	0.0186857489
42	0.0209969043
43	0.0231365600
44	0.0211090149
45	0.0224020036
46	0.0220231677
47	0.0228143280
48	0.0244876834
49	0.0284082923
50	0.0276997448
