1.0088065303285263	0.10686183182418912	0.0018848841595314747	7.722365781445695e-05
1.0088065303285263	0.10686183182418912	0.0018848841595314747	7.722365781445695e-05
1.0088065303285263	0.10686183182418912	0.0018848841595314747	7.722365781445695e-05
1.0088065303285263	0.10686183182418912	0.0018848841595314747	7.722365781445695e-05
1.0088065303285263	0.10686183182418912	0.0018848841595314747	7.722365781445695e-05
1.0088065303285263	0.10686183182418912	0.0018848841595314747	7.722365781445695e-05
1.0088065303285263	0.10686183182418912	0.0018848841595314747	7.722365781445695e-05
0.9836277883393584	0.10686183182418912	0.0018848841595314747	7.722365781445695e-05
0.8376838933477986	0.10686183182418912	0.0018848841595314747	7.722365781445695e-05
0.8206356151611585	0.10984228614092637	0.007972463174382827	7.722365781445695e-05
0.8206356151611585	0.12065591814646387	0.0018848841595314747	0.04600970120529441
0.8206356151611585	0.12065591814646387	0.0018848841595314747	0.04600970120529441
0.8205312278288129	0.15146936648448453	0.006450568420669989	0.1148716509058744
0.8205312278288129	0.15146936648448453	0.006450568420669989	0.1148716509058744
0.7539017587430651	0.18003314524700012	0.006330601264256774	0.2018042255390926
0.6859157612314888	0.1820361070452692	0.004350623616260096	0.17740612468472067
0.6771823944076555	0.18350896560368812	0.001012459754518108	0.18023121584214133
0.6687511429323546	0.19021365391380504	0.01357141322426153	0.16904029127996287
0.6166330011451718	0.1994546052122913	0.0057886020956722795	0.20125556850539422
0.6069105219696268	0.1994546052122913	0.0057886020956722795	0.20125556850539422
0.6030225173604139	0.20633318789462973	0.012949178078430962	0.2511091274766346
0.6029993790944135	0.22726107474847784	0.012949178078430962	0.04994461561559929
0.6029993790944135	0.22726107474847784	0.012949178078430962	0.04994461561559929
0.6029993790944135	0.22726107474847784	0.012949178078430962	0.04994461561559929
0.49238619628036856	0.2623180786695252	0.10879277926331679	0.3106039649817431
0.49238619628036856	0.2623180786695252	0.10879277926331679	0.3106039649817431
0.49238619628036856	0.2623180786695252	0.10879277926331679	0.3106039649817431
0.49238619628036856	0.2623180786695252	0.10879277926331679	0.3106039649817431
0.4905941100776317	0.2656582402606831	0.14433829035120396	0.25449271839784093
0.4865869338596983	0.2795346932557802	0.14895417068913142	0.18722050514637686
0.4615299025309113	0.2987110399947343	0.2274766550864123	0.25819288047519884
0.4534886357418208	0.30152436445219905	0.21260818317501673	0.2928575250521022
0.4495862282368107	0.31096646440062725	0.22408157994843197	0.31908920351791475
0.438947271241799	0.32580722696086944	0.24020408927813908	0.2288128086538414
0.42891482684608184	0.3377905139481341	0.29701722287856125	0.26298532381693046
0.42059732170307257	0.3419418527943978	0.2909361884969236	0.3344336996448684
0.4070641273343118	0.3526450270018497	0.23142983501851846	0.3549241367768305
0.39999752436125835	0.3627570860845662	0.20466414724137957	0.308920974298957
0.39999752436125835	0.3627570860845662	0.20466414724137957	0.308920974298957
0.38834015973014524	0.3832702548115779	0.3528991493237791	0.31075765847140163
0.3738935860814172	0.39651050714683256	0.3284730031696106	0.3330787580484037
0.3668956017819783	0.4018859683400295	0.2852564788530816	0.37473012323219373
0.3593723487836565	0.4122019745935041	0.31361686039245756	0.38687433653712516
0.35077728928416935	0.42216438411597657	0.29000278490344816	0.36510791950196547
0.34182400692980824	0.4384956657912203	0.3031968926440449	0.3328186221966051
0.3330943188654794	0.4504315842143839	0.3820867385504792	0.4006154775424715
0.3259928482218962	0.45973649629258173	0.3706990484957655	0.4312025037338027
0.31391029645518514	0.47318168452019216	0.40657800750043827	0.3747151974669878
0.30924431237102545	0.48190907696306273	0.30129669263713277	0.37417514438941984
0.2992126503501041	0.5033875461662132	0.41423821376719494	0.4742926524815454
0.29138133196180205	0.5114415758747523	0.4622292784287211	0.3769502898023681
0.2831516867203316	0.5230582530717509	0.48912523318530315	0.37532861323982847
0.27558147433103475	0.5437810003476112	0.28292238568642514	0.3981002448752271
0.261139112352666	0.5464846489586849	0.40381707680162265	0.3990732101724029
0.25563725074022237	0.5573348880281442	0.4535376668472232	0.3814397320622217
0.2462359980508054	0.5726817309277424	0.44613091245387343	0.4179572243016433
0.23583378372083827	0.5846631443060646	0.43007916382077155	0.4229456731482613
0.22782223658483003	0.6009694643816501	0.5072184737481787	0.3703206684588256
0.21854082032861652	0.6159418053403779	0.41682296296979254	0.42523889464173864
0.20851167353955474	0.6273286841000203	0.4565209160810828	0.3989058338045893
0.19836791430015946	0.6443175138508298	0.516813737489828	0.3960972372266957
0.18986131188266006	0.6587475010441315	0.533744203881681	0.4091081951792278
0.17926014633396675	0.676683586805446	0.4640111305283837	0.4041712731087441
0.17236503538384595	0.6888447606277224	0.5360749431213668	0.4537002333078833
0.16016958383229912	0.7080090646809163	0.5757788957652009	0.4061723981440885
0.15202628395604215	0.7245171972223654	0.5932133837541297	0.4386287926188217
0.14246699865086604	0.7356009968494172	0.5492117379539573	0.4459966354473715
0.13149556129547657	0.7544003087747155	0.5739289707605919	0.44843890584090645
0.12237272828237698	0.7708118821196794	0.5784552401063866	0.4446359099005455
0.1097685678068422	0.7939608034059813	0.6152604440777385	0.482951691093223
0.09963151057646062	0.8113687238986604	0.5913970151044761	0.45241044889535537
0.09224868219754555	0.8257015335071604	0.6361455007163155	0.4514036010255734
0.08084373564800433	0.8531261075264726	0.5883209586951607	0.48441051488689413
0.071632155673824	0.8796652213841873	0.5303906588485565	0.44752449408455525
0.054702657795447064	0.8939958146248352	0.6565908161491854	0.4942826131992028
0.048794714483254065	0.9235444596203497	0.518717179432807	0.4845066983146834
0.035884085426345656	0.9308114909091388	0.6454907189252284	0.46519744276037595
0.023798008528988314	0.9595859911081687	0.7028811587063956	0.5389432247343031
0.011276314125469467	0.9909874646362257	0.778847080464651	0.4775638685487003
2.2105341743985388e-05	1.0112110060862	0.6621165952389816	0.4041517383850731
