0.6150032360887726	0.19340242287360254	0.001959681754890058	0.1931015516216315
0.6150032360887726	0.19340242287360254	0.001959681754890058	0.1931015516216315
0.6172631983278807	0.1930299046477804	0.0020076833116796367	0.16761976702490283
0.6168544209364465	0.19249095968929686	0.0020076833116796367	0.1847375409073359
0.6168544209364465	0.19249095968929686	0.0020076833116796367	0.1847375409073359
0.6168544209364465	0.19249095968929686	0.0020076833116796367	0.1847375409073359
0.6168544209364465	0.19249095968929686	0.0020076833116796367	0.1847375409073359
0.6168544209364465	0.19249095968929686	0.0020076833116796367	0.1847375409073359
0.6168544209364465	0.19249095968929686	0.0020076833116796367	0.1847375409073359
0.6168544209364465	0.19249095968929686	0.0020076833116796367	0.1847375409073359
0.6263299587641321	0.19194214673456422	0.004257032713888831	0.22562769366612054
0.6263299587641321	0.19194214673456422	0.004257032713888831	0.22562769366612054
0.6263299587641321	0.19194214673456422	0.004257032713888831	0.22562769366612054
0.6263299587641321	0.19194214673456422	0.004257032713888831	0.22562769366612054
0.6263299587641321	0.19194214673456422	0.004257032713888831	0.22562769366612054
0.6109167922261505	0.19594182363952303	0.0027718163378382676	0.2117052387315714
0.6109167922261505	0.19594182363952303	0.0027718163378382676	0.2117052387315714
0.5788318680381788	0.21558259861388238	0.010707200393050786	0.21248350992356652
0.5615347098658386	0.22243919920238847	0.0028684812664287185	0.18664659608521855
0.5614266720511498	0.225105079290792	0.016468699815104793	0.23380483976901822
0.5511607702480088	0.23953496195681964	0.04053925947302109	0.23856095546307718
0.5465810807913205	0.24913264340691293	0.05795350743363262	0.28616633905092326
0.5465810807913205	0.24913264340691293	0.05795350743363262	0.28616633905092326
0.5101585755175971	0.2797869504223207	0.04768446742247047	0.15232683935735541
0.5101585755175971	0.2797869504223207	0.04768446742247047	0.15232683935735541
0.4867730950589097	0.28132187345426296	0.08563928154395464	0.21035626244695196
0.46780647059376274	0.28717091456647775	0.1433387630441748	0.34056080340469563
0.46028632968738625	0.29710596477814105	0.21146266679374837	0.28541408809048613
0.4523534024794215	0.3047704497370912	0.09450256509523502	0.28658408535127716
0.45048055379789004	0.30993058007358704	0.1640078525905351	0.38424972143707803
0.43826249722606503	0.31933237844823803	0.20090868248858085	0.3641759863521443
0.4255832190706787	0.33040708992767076	0.22488020910424059	0.3069046541078887
0.4189455140751927	0.33819094884663015	0.2080891041400796	0.29491050818662706
0.4121989438032878	0.35503024432801233	0.1945812288237391	0.39565866016925993
0.410608748916798	0.36626102962391605	0.1945812288237391	0.19123354848734647
0.3993453452833962	0.37215371256946256	0.2947777849217736	0.31066639856352024
0.39226191973775465	0.37653125715285496	0.33319765435290916	0.31066639856352024
0.38365283112970006	0.39468335271520005	0.3851630006300617	0.30279781395299965
0.3732475567773703	0.3968610165205233	0.28212334693401	0.39696605506735927
0.35807445548847344	0.41369414309953195	0.3264304235873033	0.357141881435876
0.35807445548847344	0.41369414309953195	0.3264304235873033	0.357141881435876
0.34645373490357334	0.43009389485624794	0.3624367635501646	0.34444433086151055
0.3381887733914358	0.4416096606877345	0.3631971397269482	0.37309709346440045
0.3320320451272209	0.4500727074242111	0.36574346903057636	0.30582982060893155
0.3236575577700895	0.46228434439031185	0.4111182751670755	0.3836958703254938
0.3145472667264944	0.4751009979919041	0.3093541570263145	0.3499865304174683
0.30830646719252025	0.4814988376558033	0.3166460345957899	0.3451271503318135
0.2982233869078781	0.49376721030725024	0.36898838747670126	0.3803979551881571
0.28846220505017955	0.5066653278054514	0.37560236497398825	0.38225252255601533
0.28276092620242793	0.5201105345506177	0.41103729483971796	0.3333896569444843
0.2765901131966379	0.5353930475873258	0.41073707568559703	0.2966224671282263
0.2673899884967319	0.5392241241496498	0.45202546734065185	0.3736133464281147
0.259497923546129	0.5560362554814438	0.4985998433032023	0.35243282132365605
0.2546512678263686	0.5595702479944749	0.48142983311074544	0.3646021292577044
0.24324355038231119	0.5826449190555356	0.40830909348822375	0.37089941468961474
0.23526845641263175	0.5968004095513827	0.3621232131798995	0.46746408182736054
0.22191841020392924	0.6093876144827467	0.43289605589312313	0.4052579970913439
0.21734728983612908	0.6222475166840541	0.3915729052480661	0.381326643978809
0.20859565979265557	0.6307902135823503	0.42932810777880337	0.39735739491595556
0.1993557158885929	0.6437783167593603	0.5031128089333629	0.3894954857041565
0.1904784941923271	0.6605517197101265	0.5472659472724445	0.4440832776941447
0.18320480745367748	0.6679706890301415	0.4834970132658744	0.43914515557326794
0.17338082170932495	0.6892332223375901	0.48262138871023796	0.37175652022815014
0.1624839695465793	0.7045883167302021	0.5713252971197239	0.40551491306463894
0.15683903359903303	0.7195484067500632	0.6297843437397546	0.4247692678062771
0.14443936194290927	0.7364483401383727	0.5959420696223663	0.4546182747239775
0.13723373361266766	0.7529069068176142	0.5623414292828114	0.48332999181219855
0.12641634282301703	0.7661673866034991	0.6106356190022665	0.46702248821506276
0.1153193722039786	0.7840336474768695	0.5954728148059154	0.4874513729298788
0.10643136573468678	0.8024545292829307	0.603101562435315	0.43358188205762543
0.09763759465775508	0.8145867882734676	0.6173807669622086	0.4564635762858143
0.0880927121011573	0.8350685379234594	0.6050515500077622	0.4076019118962502
0.07858877241912109	0.8519586709294953	0.589973453760724	0.4439083821379307
0.06642615008805985	0.8723208716830212	0.6206425143803987	0.4973152483054115
0.05379145958534146	0.8958139654729451	0.66793071858759	0.4823469279563517
0.045834094500573894	0.9121429497218887	0.6197105806399121	0.46816405581353443
0.03319034102233136	0.935512565366544	0.654004150994923	0.4685602869738893
0.02374590064192068	0.9581035392028395	0.6170411847451757	0.4953847598204156
0.009735939139234474	0.9813691491002272	0.7103105518673434	0.49229006696345573
0.0001237239262324046	1.0033506536055181	0.6916889833098699	0.44420622692314077
