1.162276181110172	0.06601490120072782	0.001842198716274751	0.0037590457262687282
1.162276181110172	0.06601490120072782	0.001842198716274751	0.0037590457262687282
1.162276181110172	0.06601490120072782	0.001842198716274751	0.0037590457262687282
1.162276181110172	0.06601490120072782	0.001842198716274751	0.0037590457262687282
0.9834969381143824	0.06663432833425156	0.003647175202977887	0.0037590457262687282
0.9834969381143824	0.06663432833425156	0.003647175202977887	0.0037590457262687282
0.9704657015556535	0.08766017822676603	0.04638587597765617	0.011795685929672534
0.9464614599280464	0.10469517769100352	0.0731263679171884	0.010759321275467276
0.9231887973427951	0.11670997978040841	0.09247194701031133	0.009422156479737959
0.9231887973427951	0.11670997978040841	0.09247194701031133	0.009422156479737959
0.9231887973427951	0.14408970070725927	0.12618907978044155	0.029043599044133755
0.9231887973427951	0.152914161899278	0.14012116690318047	0.029043599044133755
0.9231887973427951	0.152914161899278	0.14012116690318047	0.029043599044133755
0.7797156768896419	0.18145574463155387	0.002749528330996176	0.22291123069761823
0.7797156768896419	0.18145574463155387	0.002749528330996176	0.22291123069761823
0.6454248325859435	0.18357228639984613	0.0050074423882761065	0.20405150165554348
0.6454248325859435	0.18357228639984613	0.0050074423882761065	0.20405150165554348
0.6454248325859435	0.18357228639984613	0.0050074423882761065	0.20405150165554348
0.6151706664815213	0.19778414816936835	0.005746530783813847	0.2234058506661762
0.6107037167928884	0.20098176827308598	0.005746530783813847	0.25919779944528853
0.6107037167928884	0.20889991213578926	0.005746530783813847	0.3054099805155311
0.602297552003163	0.22986974525661275	0.0495696524673421	0.29550378040534353
0.602297552003163	0.22986974525661275	0.0495696524673421	0.29550378040534353
0.602297552003163	0.22986974525661275	0.0495696524673421	0.29550378040534353
0.6018606973361463	0.2652767660544273	0.11239582698210832	0.2934773129668693
0.5297230478012349	0.290336167922622	0.18394437228071558	0.3008683448743137
0.5297230478012349	0.290336167922622	0.18394437228071558	0.3008683448743137
0.5297230478012349	0.290336167922622	0.18394437228071558	0.3008683448743137
0.4699118305136454	0.29208525617082104	0.1443560588566491	0.2316305351015126
0.4699118305136454	0.29208525617082104	0.1443560588566491	0.2316305351015126
0.45968423184855267	0.29919500114804326	0.2016885883273281	0.3128966620332006
0.45968423184855267	0.30449940609775306	0.07318524952137734	0.2696706636180884
0.45968423184855267	0.30449940609775306	0.07318524952137734	0.2696706636180884
0.4372691189035647	0.3186203919069339	0.23043492226075704	0.3046256938055452
0.42880806603659694	0.3308770046800941	0.20203619849583418	0.3118026719171202
0.41712055761213457	0.3491296117351793	0.3028562466022292	0.27426572348850636
0.41372648773954357	0.35963916851763567	0.3354737835774575	0.3183489389605378
0.4094742019928296	0.36161326840134017	0.30272596180454014	0.353521196780731
0.39265640063154006	0.3716019992042983	0.256072064280447	0.3336403839854458
0.3837403009714332	0.38783823423976027	0.2767209732446616	0.2855372606336512
0.3824325023661443	0.3913449691918569	0.3682630982831361	0.33868410065505516
0.3677088450647505	0.4048166960366806	0.29604111955781376	0.3654042152407282
0.3570538853139646	0.41945247259221474	0.28418368487655743	0.30938018195195444
0.3465530847895096	0.4282549946701657	0.32890606899697655	0.38320672476800133
0.338931923034083	0.4406134295683092	0.3284897492194506	0.3532747027246849
0.33242141158007404	0.4478402604482777	0.315632771557534	0.40054554567953193
0.32329260752477623	0.458952147361991	0.3499461105375638	0.38270536749071987
0.3134968919994928	0.4764256456234317	0.3179800459458581	0.4239585622910139
0.306032555055215	0.4846305841705296	0.3329524609918345	0.3971674769163701
0.3023072346347989	0.48840961438076413	0.3922081478089743	0.39132110491476424
0.2884883104393278	0.5090548431515995	0.37662120232054963	0.3606304126674785
0.2800135694806056	0.5219426809018025	0.428712687964965	0.3427087547233776
0.2723846560780318	0.537732580040567	0.44516475927849813	0.40126220156114584
0.2611645477176853	0.5479050403422906	0.44405667075141986	0.3963784788960643
0.25356011532628653	0.5640763221498092	0.40980979783516996	0.42508025257656645
0.24643872557878985	0.5683976491353899	0.4551891532980838	0.39547208759415764
0.23431549374634641	0.5922396557644524	0.38980278920404204	0.4283124751762487
0.22387658319774936	0.607894561009007	0.4434524053037424	0.4677604601834232
0.21779636883302125	0.6173039883622132	0.5228229477059817	0.4620262725169664
0.20826249650955952	0.6327191120225417	0.5263992942199408	0.47567354323790123
0.19726476450276767	0.6483153461243568	0.4864233360799841	0.4552947020259727
0.19080966951910458	0.6584861758679792	0.4754657629876262	0.4653055785249349
0.18139455311939606	0.6748242533256306	0.4805585482701556	0.3739752242731512
0.17114239761162903	0.689538325119072	0.4954113000599918	0.39395454765245863
0.16284093986145537	0.7020532494530209	0.509894698554998	0.4106732513148557
0.15279692092484404	0.7225853029813935	0.6105010132575663	0.45360460119470586
0.14269502320333108	0.7371442009722974	0.5637317688398098	0.46056764573243614
0.13031259107534474	0.7564761055689574	0.5579991067146779	0.44562732087056167
0.1219247668934142	0.7716912687524765	0.594144721287458	0.44758954286329267
0.11293217450434119	0.7913039667502771	0.651337329040155	0.4443267202790986
0.10276699937802308	0.8069844901158386	0.5578699566995734	0.4655482794014312
0.08738903049939914	0.8344987755947209	0.6162906085040999	0.4433734058042352
0.0772767512338817	0.8542325106234596	0.6189588124260371	0.5229900186424487
0.07057556422960036	0.8655858812341217	0.6360285837507187	0.4532842500617479
0.05933559719345266	0.886906551946451	0.6409649511151112	0.4456001468770978
0.04796119165564259	0.914300325021754	0.6036185656402598	0.487330688473941
0.03448375002790514	0.9340204688484273	0.6603082976850433	0.4647826832831984
0.02033502080225424	0.9626631939061912	0.656762649330464	0.4795939595351357
0.011666137450714039	0.9923682116166753	0.7569715637098207	0.44038294075794804
4.289619431286898e-06	1.0012940758785829	0.671171376036791	0.498349989301305
