0.6359858398365974	0.18660637025681198	0.0005691944645772884	0.18299298540597497
0.6477505359235561	0.18660637025681198	0.0005691944645772884	0.18299298540597497
0.6407570565402556	0.18660637025681198	0.0005691944645772884	0.18299298540597497
0.6407570565402556	0.18660637025681198	0.0005691944645772884	0.18299298540597497
0.6407570565402556	0.18660637025681198	0.0005691944645772884	0.18299298540597497
0.6407570565402556	0.18660637025681198	0.0005691944645772884	0.18299298540597497
0.6407570565402556	0.18660637025681198	0.0005691944645772884	0.18299298540597497
0.6407570565402556	0.18660637025681198	0.0005691944645772884	0.18299298540597497
0.6407570565402556	0.18660637025681198	0.0005691944645772884	0.18299298540597497
0.6407570565402556	0.18660637025681198	0.0005691944645772884	0.18299298540597497
0.6407570565402556	0.18660637025681198	0.0005691944645772884	0.18299298540597497
0.6407570565402556	0.18660637025681198	0.0005691944645772884	0.18299298540597497
0.6407570565402556	0.18660637025681198	0.0005691944645772884	0.18299298540597497
0.6407570565402556	0.18660637025681198	0.0005691944645772884	0.18299298540597497
0.6407570565402556	0.18660637025681198	0.0005691944645772884	0.18299298540597497
0.6407570565402556	0.18660637025681198	0.0005691944645772884	0.18299298540597497
0.6407570565402556	0.18660637025681198	0.0005691944645772884	0.18299298540597497
0.6407570565402556	0.18660637025681198	0.0005691944645772884	0.18299298540597497
0.6256377541625926	0.18889494249752747	0.0031462387157451255	0.18678272367529375
0.6057100358712659	0.19785790028354944	0.0008539646163294445	0.21941521182747073
0.6019401039975482	0.20298184596137928	0.004725545095156963	0.24372444384449538
0.5843550171328056	0.21636229219750946	0.013541804689459203	0.18711064306040603
0.5674287906895228	0.22015379099814986	0.008686286242697627	0.20112636701071845
0.5552442225224763	0.22941114971710652	0.014363187400768113	0.28359850261395103
0.5394799713928852	0.23617852451459756	0.003121864419433601	0.3148874449966604
0.5384730262796149	0.25087112002795	0.024125939888731712	0.35707366565372145
0.5343397182913877	0.2614853300660376	0.038215087002722414	0.38063493281132765
0.5327473305811959	0.2644186233102239	0.0010819622353234748	0.4251740311233899
0.5097209889106866	0.29305877397170277	0.07857224336440602	0.22776874044040066
0.5097209889106866	0.29305877397170277	0.07857224336440602	0.22776874044040066
0.49427756523020283	0.30207190133442957	0.1875886953949467	0.1619626104220667
0.47109917872578455	0.3086015527015775	0.1986210047080485	0.27015487415267947
0.4484016710340459	0.3088353306307953	0.19254376943270196	0.2540013943157098
0.43875191401814145	0.31777236881911974	0.1397990980358911	0.3075691818176825
0.4345790511585644	0.32298151029415084	0.17319003885439857	0.2761940736651703
0.4234270801499341	0.33577677100541153	0.1752089771789661	0.2694895064815389
0.41689154296219605	0.35027785656586574	0.17477785085083664	0.2273656505383836
0.4076890904683164	0.35912226636941735	0.3181327764758594	0.2962576243162554
0.3977698484894003	0.372520556406807	0.32458693313975684	0.3485720400330216
0.39150551099825465	0.3767499321993997	0.2929285547641259	0.26334575479059125
0.3816082973311767	0.3885551862625865	0.2274710481329771	0.2770573363526926
0.37070014035461785	0.4010164531152956	0.3214186337938505	0.40111107369241217
0.35874274755114843	0.4157336512425839	0.30598024109912614	0.4117681264388943
0.3565119794587623	0.4276032453332145	0.25865406731836765	0.4228569668409565
0.34775337809738666	0.43471200566988527	0.33509259001958297	0.4403304416317822
0.3365984156452101	0.4475320023193533	0.28756351580534734	0.35855757700305113
0.3240686600375111	0.46100418489477213	0.33134354356594686	0.32726053684225953
0.3159315288801173	0.4710010091284787	0.4083754631249312	0.36182877076024544
0.3100831502181631	0.481885429966629	0.34524806525506546	0.3072442349726048
0.2986431549349668	0.49352313450318563	0.40072120603376293	0.3506537720476571
0.29432371581730216	0.49968137432887594	0.4200584888115949	0.3693588985495966
0.28563354196006013	0.5145005291926882	0.4377172590813131	0.3373538144350565
0.27450536904550527	0.5279695342026895	0.3871306632494883	0.4015133659920683
0.268047265372124	0.539858112142132	0.4228988144250242	0.34167057969471204
0.2604284757747583	0.5596075421226182	0.32036192315890333	0.3650066104195364
0.24382932728279016	0.573472336768876	0.4563727735496159	0.3837911277267728
0.2374905012684383	0.5865158778295321	0.38931526747264905	0.3635990646535616
0.22860694570245266	0.5996217853599077	0.39986395224350124	0.40735728071651606
0.21979108383563573	0.6093256401387039	0.45666864135246904	0.3922619632611076
0.21352558037649064	0.6200203168706939	0.4727710277227311	0.3757607472983926
0.20417334668996462	0.6345052278773241	0.49671491360581377	0.38619731356366416
0.18987623773083037	0.6632873172750516	0.5075664208974188	0.39408563665189544
0.18373146031041426	0.6692153976550737	0.521934931266018	0.45015600201648165
0.1744169572962673	0.6870472528875491	0.5737441470930169	0.46812775672575535
0.16368008399905543	0.7020875497422453	0.5805404937150742	0.443572420313548
0.15462212201247158	0.7216140363647815	0.543523496925582	0.522429306731758
0.14392200042690168	0.734839512790294	0.590315578363554	0.42968480334599557
0.13389191797540004	0.7557982783914012	0.5130621763417352	0.488310436888936
0.12141044255139594	0.7738847281001311	0.5332306181216837	0.460598447697575
0.1137204208049998	0.7859368308332145	0.589303999513148	0.4630690785031137
0.10396080126775699	0.8154829729421856	0.6549904380157261	0.4518766648599207
0.0915562718126813	0.8299530934916362	0.6691867710980988	0.474428767845309
0.08220116079634807	0.8490408181714645	0.5418138036815068	0.4945796074544348
0.06998277288469322	0.8693626009995383	0.6460692521914596	0.4657538733144195
0.05761063035504493	0.8884370661269926	0.6512017638999397	0.4649431159321874
0.044577749826788686	0.9165466756295885	0.6210701571973809	0.47565805664549987
0.037490513764213855	0.927385612300411	0.6941728327925523	0.4725802500170483
0.0174708209606182	0.9661151934398281	0.6954040547844107	0.4900108289973528
0.011541400168400388	0.9782977120634989	0.6814006348200489	0.4974671719268389
7.721122561324929e-06	1.257372385224129	0.5545871013594796	0.016150713042193676
