0.6923184175523983	0.1678082196376667	3.457095692449563e-05	0.1570599098210738
0.7065479549970364	0.1678082196376667	3.457095692449563e-05	0.1570599098210738
0.7065479549970364	0.1678082196376667	3.457095692449563e-05	0.1570599098210738
0.7065479549970364	0.1678082196376667	3.457095692449563e-05	0.1570599098210738
0.6985357796178792	0.16736116588069622	0.006423081264766317	0.21078198457195063
0.6985357796178792	0.16736116588069622	0.006423081264766317	0.21078198457195063
0.6985357796178792	0.16736116588069622	0.006423081264766317	0.21078198457195063
0.6985357796178792	0.16736116588069622	0.006423081264766317	0.21078198457195063
0.6985357796178792	0.16736116588069622	0.006423081264766317	0.21078198457195063
0.6985357796178792	0.16736116588069622	0.006423081264766317	0.21078198457195063
0.6985357796178792	0.16736116588069622	0.006423081264766317	0.21078198457195063
0.6985357796178792	0.16736116588069622	0.006423081264766317	0.21078198457195063
0.6985357796178792	0.16736116588069622	0.006423081264766317	0.21078198457195063
0.6985357796178792	0.16736116588069622	0.006423081264766317	0.21078198457195063
0.6778909851151568	0.1678082196376667	3.457095692449563e-05	0.1570599098210738
0.6508474152532979	0.17626345752799025	0.0013187010175431668	0.19666922009848248
0.6508474152532979	0.17626345752799025	0.0013187010175431668	0.19666922009848248
0.6122281487166508	0.19551896222061255	0.003259869038706509	0.20855434569763873
0.6122281487166508	0.19551896222061255	0.003259869038706509	0.20855434569763873
0.6030139013082277	0.20576431161777026	0.017158415159865437	0.20339760987984845
0.5999853695618482	0.22596793164106563	0.04033551000942576	0.13836837808970465
0.5999853695618482	0.22596793164106563	0.04033551000942576	0.13836837808970465
0.5999853695618482	0.22596793164106563	0.04033551000942576	0.13836837808970465
0.5753296041615612	0.25944308557974516	0.001939774679599049	0.43744979058560673
0.5753296041615612	0.25944308557974516	0.001939774679599049	0.43744979058560673
0.5753296041615612	0.25944308557974516	0.001939774679599049	0.43744979058560673
0.5122498074614192	0.2980668704107567	0.11725871088644271	0.26596511600400313
0.5122498074614192	0.2980668704107567	0.11725871088644271	0.26596511600400313
0.5122498074614192	0.2980668704107567	0.11725871088644271	0.26596511600400313
0.4906430216764855	0.30864622448837237	0.24820412849443965	0.30400521422626703
0.4625241963978691	0.3173007956344887	0.15159081551412046	0.3828132166224847
0.4408212970949305	0.3185759488367979	0.1472538069990156	0.3250147838762665
0.43895834587427307	0.3247832031893416	0.20971560230233174	0.3055057502961942
0.429783934043887	0.33665930658329507	0.2923257478824903	0.3053368666380965
0.41978146494106217	0.339669853857918	0.266390346223089	0.2950487079961485
0.4145365938989785	0.350861715342951	0.2548558329499949	0.39791414185459856
0.405019204981843	0.36389767229955367	0.1933927456547822	0.2961434998155669
0.3908973017595508	0.3733244742518426	0.2641453111632118	0.376603636573665
0.3841627303466241	0.3825834611017089	0.3223983141418134	0.3333445194993741
0.3754603556636274	0.39464247293734955	0.27974239832053627	0.3563479721439472
0.3680870757156855	0.40499874974742767	0.35165611533121943	0.35918122543518005
0.36068396645318385	0.4153219260240057	0.3440414050301773	0.3172360814858915
0.352540582548298	0.4278738719563763	0.25635401138523095	0.4263587970918414
0.348369044623767	0.4393914298888404	0.36435933512601354	0.46041520896840116
0.3388592354233302	0.44406230006983705	0.3550847032887922	0.43486131415906576
0.32518257000898365	0.4579473839874616	0.3046854377301432	0.39521582636065294
0.31828449830303496	0.4694121868178341	0.3352301455006726	0.4001843741292036
0.3071677630948457	0.48154375094245755	0.32954741253688924	0.3616514941948131
0.30127773390139506	0.489492955282482	0.3886219367068484	0.38117697595438177
0.29258415625208584	0.5032593425231333	0.42851717913727233	0.37405106155170564
0.28185251651525506	0.5210327673578818	0.4490244673186679	0.3645551247529774
0.28038245337618994	0.5210327673578818	0.4490244673186679	0.3645551247529774
0.2686471496473908	0.54460654277431	0.45922616054893867	0.39838101133023174
0.2585552173686956	0.5544582198658555	0.42669059817668753	0.32723587025130474
0.24859472992287793	0.5691180672032896	0.4910143897065795	0.37193279397743173
0.24207696530330322	0.5783562217254218	0.48738338858703123	0.38347800690274075
0.23346785261736455	0.5910279061310917	0.4606808471372067	0.4460051898142687
0.22130644686754516	0.6095066034684247	0.4172701336602656	0.40713057575285416
0.21631838616772955	0.6191158477629752	0.5115726420843176	0.4671035448595476
0.20664040291438487	0.6373345978576413	0.5206810143734016	0.4972737808746762
0.19819347259872191	0.646672890760313	0.4626573352036957	0.3928455998511528
0.1861364941436086	0.6695951400542073	0.5087474876335919	0.3622184663946219
0.17591057760212855	0.6818047818695988	0.5078027407542811	0.3852851442097136
0.1682345692698422	0.6983067751033005	0.48252832359984005	0.4380792748564167
0.1591052668526107	0.7087469749927584	0.5270092690958921	0.43712039813586073
0.15057686463524872	0.7226056405581417	0.5775933705573563	0.44402818514098646
0.14081181768448914	0.739326863626445	0.5469641025888472	0.4770807095446858
0.13093985415395254	0.7561713700585599	0.5560727404203429	0.43010104867348786
0.12045794503991208	0.7749421732687711	0.558031628859629	0.45820689405638493
0.10946543044763554	0.7948578357246237	0.5489206963184629	0.4600554534057781
0.10136140370794905	0.8148941162771015	0.5854271127831171	0.4867181906121412
0.08924482597948323	0.8383150257208251	0.5888526708811429	0.4417081030016423
0.08005245011537399	0.8490037717384928	0.599763087799234	0.48293185937040406
0.06822007728783433	0.8704531587623066	0.6006098743783073	0.49471962344692955
0.05841169451420778	0.8915713735776952	0.6056198326838435	0.49042064505593247
0.04786758519467239	0.9142237719150857	0.61441262785286	0.5418235652855278
0.03543755552860588	0.932675236604723	0.6908656076744211	0.45648232946672546
0.021934956258495515	0.9629107234643988	0.663813764667904	0.5217213315533643
0.006628245561497716	0.9979369267412885	0.6869471518048778	0.5229632832748747
2.471990188072695e-06	1.0091275472655834	0.6879234259436664	0.40640755293716846
