0.9069754973707407	0.17516500134509924	0.0029551625083547584	0.16401756174596233
0.9069754973707407	0.17516500134509924	0.0029551625083547584	0.16401756174596233
0.9069754973707407	0.17516500134509924	0.0029551625083547584	0.16401756174596233
0.9069754973707407	0.17516500134509924	0.0029551625083547584	0.16401756174596233
0.9069754973707407	0.17516500134509924	0.0029551625083547584	0.16401756174596233
0.9069754973707407	0.17516500134509924	0.0029551625083547584	0.16401756174596233
0.9069754973707407	0.17516500134509924	0.0029551625083547584	0.16401756174596233
0.9069754973707407	0.17516500134509924	0.0029551625083547584	0.16401756174596233
0.9069754973707407	0.17516500134509924	0.0029551625083547584	0.16401756174596233
0.9069754973707407	0.17516500134509924	0.0029551625083547584	0.16401756174596233
0.9069754973707407	0.17516500134509924	0.0029551625083547584	0.16401756174596233
0.9069754973707407	0.17516500134509924	0.0029551625083547584	0.16401756174596233
0.8385994952664886	0.1763077034074681	0.0029551625083547584	0.19632621457461813
0.8103052766134207	0.18024834416803243	0.0037732971230899637	0.1783246822482458
0.6771157006082155	0.18417852427295153	0.0010312144336886708	0.1999131977659422
0.6771157006082155	0.18417852427295153	0.0010312144336886708	0.1999131977659422
0.6504688180700563	0.1895415090111672	0.0047360481619865835	0.22358328214179074
0.6504688180700563	0.1970072665794359	0.020443987973623012	0.22604601893971543
0.6242390748336609	0.20068245133293156	0.02249407893388236	0.17824986571588244
0.6155080212937992	0.21330804560234337	0.04342510769149566	0.16339573809116767
0.6127748991664533	0.22885392198562338	0.06825008381213543	0.15199038864579006
0.6127748991664533	0.22885392198562338	0.06825008381213543	0.15199038864579006
0.5790725319407016	0.25318923411758076	0.04026944325171009	0.2472768903930725
0.5228285882656619	0.24056277837385942	6.9332430992608e-05	0.21634176761368756
0.5228285882656619	0.24056277837385942	6.9332430992608e-05	0.21634176761368756
0.49645655117841364	0.25558719319401685	0.025574825609315163	0.2531371544004326
0.49645655117841364	0.25558719319401685	0.025574825609315163	0.2531371544004326
0.48758210924832784	0.2663423861569641	0.0851399967117133	0.2783119300099304
0.4820662165792031	0.2821369742405616	0.04049919761472867	0.31431740256509355
0.4659526636309785	0.29226938707880995	0.08875145231461373	0.3286611886191837
0.4558764675873707	0.302393867017383	0.1180912163568339	0.34995930307235773
0.44531372200285285	0.3097531354594853	0.14991790439623418	0.3007225864504025
0.43830828782079895	0.3198012896447571	0.22683212264224747	0.30190844853335624
0.4313724605824149	0.32518227200576205	0.15476466897699753	0.3056811995475668
0.430787906063141	0.33656603290772724	0.11410368938242724	0.2385153746618986
0.41036238716315354	0.3548620261250493	0.3081498504910313	0.3262246452148145
0.40500245089232734	0.3596238909603967	0.2559047654168088	0.3418982426545742
0.4007439997429995	0.36613496915093613	0.27268072853308967	0.2477345106037695
0.38657913194105387	0.38208370441197886	0.2815063739866771	0.3307277360388289
0.37724185789787285	0.3919994643199487	0.33581061260040845	0.3126621809343461
0.37188770704530993	0.4044706364051194	0.3291900703036408	0.2522255890957773
0.36159668652102955	0.41067165535598626	0.31050347347146057	0.3768133881053776
0.35266703358242746	0.4217365099836119	0.3088206448070577	0.3017213367987889
0.34372493733588616	0.43233376546632546	0.31503617764983866	0.3336351440474584
0.33566204108360853	0.4433398830701868	0.31877587152827397	0.3373591554797336
0.32942390460910526	0.4603098336401642	0.3432678982678143	0.27112070283780076
0.3211005936314135	0.46613290049137707	0.3120890361166636	0.42653572887698166
0.3061623282310388	0.48198571523608114	0.3682722666992817	0.37143756681141094
0.29957828281749876	0.4932084751819181	0.38291534638014424	0.4058069795909074
0.293615332219511	0.5002213272969662	0.3527801625952587	0.3799619461516241
0.28420931219787837	0.5136188220091517	0.3884438724245651	0.3928257518678085
0.2764534071118513	0.5271167031728103	0.423635854055969	0.33656810043807994
0.2700807893848744	0.5348236046067029	0.4081584396463023	0.35037376064591075
0.26096754912587267	0.5505762700088405	0.39346826856550876	0.33303309046907514
0.2495369039966434	0.5656218024017273	0.43216019441631304	0.3722993304764928
0.24233132281941308	0.5763783032965802	0.41307648441869516	0.389145831921495
0.234326060764098	0.5916673487746218	0.4725627050237209	0.40553735459964696
0.22345406910958643	0.605647872820411	0.5107712681905903	0.39079937326874714
0.21682801624985648	0.6176282196444404	0.43190537362993037	0.3713958171902725
0.2042818022628972	0.6356197343812579	0.5023891424030235	0.43751605403335414
0.19780101003524536	0.6454598162977138	0.5148238433228588	0.4557508274700221
0.19071600708938208	0.6561166690645848	0.5063670821622959	0.45498248828067045
0.18036264378298944	0.6840540643705386	0.5813063660216127	0.34219429612339614
0.1717692869690363	0.6972359503326566	0.5522268761967519	0.5309577504545366
0.1588659406045027	0.7116042812415942	0.5743433911288722	0.4295278442247576
0.15001114765656254	0.7271026565948285	0.5768196066538736	0.45609404325902136
0.14208469156557982	0.7419537115519789	0.6306458624583603	0.43534041178796395
0.1312293999323806	0.7553625622304841	0.5642108585125009	0.46849721824879687
0.12237503062067641	0.771353943332765	0.561071401139003	0.42638841399893307
0.10988328267010065	0.7923907829033117	0.5973909931093221	0.4573847428038751
0.10077803114206217	0.8099751862846472	0.634697956684467	0.4581674722051991
0.08980635416405802	0.8289068160878884	0.6196548929899204	0.4648383579319831
0.07557939684482398	0.8553141077487391	0.605768406716938	0.4648800646329661
0.07024969317885	0.8736012701120592	0.5403416183817191	0.49794943702642497
0.05324962261149697	0.8988581364661145	0.624768688510757	0.4827368607982119
0.045791664635455066	0.911074976108052	0.6427876144467111	0.4649840459701238
0.03469531755747023	0.9344519071741801	0.6502247773775247	0.4963612426130851
0.007560338720334436	0.9906223835887721	0.6743436594661337	0.5171981510751104
0.007560338720334436	0.9906223835887721	0.6743436594661337	0.5171981510751104
1.6614665884156114e-06	1.006205556713784	0.7714538857731585	0.45455765361357514
