0.9618009290861635	0.053135774510941695	0.0016205044533316726	0.01049559901724767
0.9618009290861635	0.053135774510941695	0.0016205044533316726	0.01049559901724767
0.9618009290861635	0.053135774510941695	0.0016205044533316726	0.01049559901724767
0.9618009290861635	0.053135774510941695	0.0016205044533316726	0.01049559901724767
0.9618009290861635	0.053135774510941695	0.0016205044533316726	0.01049559901724767
0.9502095220921638	0.06127984297565514	0.012383460044513184	0.004587838439840924
0.9266971739417257	0.0699563742633648	0.0059827356070518145	0.00032323539645190413
0.9266971739417257	0.0699563742633648	0.0059827356070518145	0.00032323539645190413
0.9266971739417257	0.0699563742633648	0.0059827356070518145	0.00032323539645190413
0.9266971739417257	0.0699563742633648	0.0059827356070518145	0.00032323539645190413
0.9226723847854705	0.12824054877703317	0.06323831629862928	0.07468747578460508
0.9226723847854705	0.14141715772111602	0.08888208612158796	0.07468747578460508
0.9226723847854705	0.14141715772111602	0.08888208612158796	0.07468747578460508
0.9187852518944644	0.17840570633913486	0.1134165822891309	0.11317955632150334
0.9187852518944644	0.17840570633913486	0.1134165822891309	0.11317955632150334
0.9226723847854705	0.14141715772111602	0.08888208612158796	0.07468747578460508
0.5410103634909658	0.22991064220376506	0.0008087208190591111	0.24744843450074114
0.5410103634909658	0.22991064220376506	0.0008087208190591111	0.24744843450074114
0.5410103634909658	0.22991064220376506	0.0008087208190591111	0.24744843450074114
0.5410103634909658	0.22991064220376506	0.0008087208190591111	0.24744843450074114
0.5410103634909658	0.22991064220376506	0.0008087208190591111	0.24744843450074114
0.5410103634909658	0.22991064220376506	0.0008087208190591111	0.24744843450074114
0.5410103634909658	0.22991064220376506	0.0008087208190591111	0.24744843450074114
0.5410103634909658	0.22991064220376506	0.0008087208190591111	0.24744843450074114
0.5353730698020713	0.23552018099800914	0.006712355148358315	0.25665747839214925
0.531393466054204	0.24752651463164568	0.03351376267733572	0.20357794135002716
0.50228237441804	0.25055523052022305	0.0172555038560556	0.26461661993923735
0.5000378623902735	0.259903060388524	0.10383905720051505	0.2861602004524029
0.48606783878022103	0.2677039686879822	0.12771419204611484	0.3091684040092928
0.4758462654530217	0.27823396453774885	0.09940023687796017	0.34240596153204705
0.4758462654530217	0.2872820000964909	0.09940023687796017	0.39597907545983557
0.4717474588901294	0.3032367985703037	0.050715145431483116	0.36673677101089897
0.46928650238969355	0.30567820276816027	0.057081219613261236	0.1764920439272523
0.4450309163830912	0.31845263262540796	0.1845078918241247	0.31753514204107197
0.43854293380031717	0.3245045053122125	0.2076882189774224	0.26088635492308054
0.428537143260341	0.34055163297955837	0.2607058369267058	0.22017384092715048
0.414053717838853	0.3466691412787047	0.27358068676844827	0.3067109824700421
0.40593232893996817	0.3543103769131066	0.22576288674646755	0.33331495197856226
0.39888686083007935	0.3620846425471282	0.2192284501829735	0.32594819507149814
0.38951203599521245	0.381812354474193	0.21664564413674295	0.3891135166609765
0.3809136171603264	0.3908146145389174	0.29091996292967576	0.25597100482716373
0.3709602410545952	0.3971656120470038	0.29432278978860604	0.3042343692029027
0.36433306011403077	0.41375307380721627	0.3634462367802656	0.27508548239143293
0.35446999962309483	0.422643084920101	0.3162918129739001	0.4236734561276951
0.3467356398242734	0.42862101754875237	0.31951646971235964	0.38473747558798826
0.3320019681101588	0.4475444438265979	0.3323159603463821	0.32387143474874386
0.32796189799628817	0.4576837304689527	0.39878938639983724	0.3194793414344306
0.3158487074075738	0.47259253481772334	0.42134258351801857	0.36176863648537344
0.3085244932090615	0.48065934548582645	0.38371084786639753	0.35400786181094696
0.29968459805356695	0.4948082064701254	0.39370512175810823	0.4118255459432135
0.29275850261944897	0.5031063975850842	0.33585326436263313	0.386431612236597
0.2836881625855639	0.5153077065429164	0.42337309118583505	0.4025257199456962
0.2702658794088228	0.534034519940715	0.4475558427904041	0.38295010379046424
0.2667811344097501	0.5443364821626666	0.37204951880167303	0.4497369496080538
0.2582168309341033	0.5576854070093458	0.4633785365370259	0.3410738998539201
0.24688985466801136	0.570612284983284	0.4672583546326349	0.4321373190472135
0.23788437339494062	0.5811329407547026	0.4575860004619491	0.4031786063884459
0.2293370257778978	0.5987671733687389	0.4359685804846536	0.4249675990461986
0.22064716322587682	0.6091477687353352	0.45198365152431574	0.44408475952808146
0.21065320480111557	0.6274039026716567	0.4964780471407215	0.4413539802578186
0.20411411183229264	0.6439773883544669	0.508372097083876	0.31818092843019385
0.19306269549731916	0.6591404065138265	0.5397726493945026	0.4109574759508636
0.18484800144861468	0.6724098503499583	0.4330997628081227	0.47055318976872945
0.1739120629315865	0.6897416344167298	0.5798772080984631	0.3746874663388345
0.16432546886245775	0.7061026513089991	0.5342571746541619	0.39963344332745054
0.15326836940914934	0.7184086261077192	0.5585139303190314	0.44532980109362086
0.14410904588319773	0.7334678009151839	0.5623290817874511	0.4604268279817145
0.13423037546130467	0.7539534338867456	0.5536185836412929	0.4639647206429917
0.12532996731196852	0.7674681132213529	0.6203192801905479	0.4413403397968398
0.11334063857264558	0.7928488087510636	0.5390674640688538	0.4850860772961516
0.10284768565399273	0.8061199487698092	0.6196836014512858	0.4584804736569952
0.09232309921788004	0.825652214340109	0.612948553837717	0.5050011506134713
0.08144971663485648	0.8489560139002736	0.608433857425329	0.45489077109202625
0.06786555770247449	0.8737864989396804	0.5836953568353233	0.4450232706318433
0.05621269564740753	0.8916393986271728	0.6197052930355103	0.4685034022837447
0.04735294213751268	0.9110398877829441	0.6653421147634674	0.42623712574375017
0.03643630919706767	0.9354635429203609	0.5868504238756491	0.46913858752512044
0.019403212581864438	0.9700646078675104	0.617532064848167	0.521119526147191
0.0018265499712604614	1.0015211230438612	0.6696039428506736	0.5107079484783289
1.567574182900122e-05	1.0080924549928274	0.6177882790035569	0.5107079484783289
