0.6482005970296807	0.18056027380476422	9.61723500210454e-05	0.184233899482713
0.6482005970296807	0.18056027380476422	9.61723500210454e-05	0.184233899482713
0.6482005970296807	0.18056027380476422	9.61723500210454e-05	0.184233899482713
0.6482005970296807	0.18056027380476422	9.61723500210454e-05	0.184233899482713
0.6482005970296807	0.18056027380476422	9.61723500210454e-05	0.184233899482713
0.6482005970296807	0.18056027380476422	9.61723500210454e-05	0.184233899482713
0.6482005970296807	0.18056027380476422	9.61723500210454e-05	0.184233899482713
0.6482005970296807	0.18056027380476422	9.61723500210454e-05	0.184233899482713
0.6482005970296807	0.18056027380476422	9.61723500210454e-05	0.184233899482713
0.6482005970296807	0.18056027380476422	9.61723500210454e-05	0.184233899482713
0.6482005970296807	0.18056027380476422	9.61723500210454e-05	0.184233899482713
0.6482005970296807	0.18056027380476422	9.61723500210454e-05	0.184233899482713
0.6482005970296807	0.18056027380476422	9.61723500210454e-05	0.184233899482713
0.6482005970296807	0.18056027380476422	9.61723500210454e-05	0.184233899482713
0.6482005970296807	0.18056027380476422	9.61723500210454e-05	0.184233899482713
0.6580119994099605	0.180779083686673	9.61723500210454e-05	0.15584752674758504
0.6580119994099605	0.180779083686673	9.61723500210454e-05	0.15584752674758504
0.6301961334562568	0.18702940726035838	0.0010316137360938393	0.18600589443404678
0.6108905829665365	0.1978995781069054	0.00702941630359144	0.20863002466915925
0.6108905829665365	0.1978995781069054	0.00702941630359144	0.20863002466915925
0.6104119099954161	0.21520083771406462	0.03710773050034505	0.25715517744740257
0.5657965293087408	0.2216439047343184	0.0027748061527504697	0.2631608970513447
0.5657965293087408	0.22874476639550964	0.005073566381983474	0.31775972273336134
0.5396822352441639	0.23447232005259636	0.003551220310152453	0.19457226568802372
0.529566885118063	0.24253627683246495	0.009139276836366367	0.1927796460182625
0.5085061575655461	0.2480410974225206	0.01103735914550081	0.26169468430715453
0.4966069414197609	0.2536576449667437	0.05242936645932826	0.28205729412568903
0.4918373736727571	0.26674341265983315	0.1271248128893339	0.27610767026622435
0.47554276068361434	0.2751420310655212	0.11843528031431469	0.2779716985048067
0.47554276068361434	0.2779610345206961	0.16662613467606882	0.2779716985048067
0.47554276068361434	0.2779610345206961	0.16662613467606882	0.2779716985048067
0.47554276068361434	0.2779610345206961	0.16662613467606882	0.2779716985048067
0.47554276068361434	0.2779610345206961	0.16662613467606882	0.2779716985048067
0.4364469460164955	0.35202146701129916	0.35549893444675806	0.32354211643570346
0.4364469460164955	0.35202146701129916	0.35549893444675806	0.32354211643570346
0.40851241076965455	0.35277419882846994	0.27404726057569295	0.3408015735589301
0.40482579875009056	0.35473266860364305	0.24529025114272918	0.3392562979851836
0.4047751220960303	0.35856848091161286	0.2696978300534985	0.37971976774368915
0.38678714019947663	0.3792430833985423	0.2320274750487966	0.2906684000026399
0.3782311632697539	0.3887191267973883	0.3034655737317735	0.3037886118833232
0.3758271987350727	0.3943219781289112	0.3320718293608331	0.3776996131418348
0.36434553470799297	0.40705209184264934	0.3136805465149395	0.3926776396704841
0.35925663664313895	0.4116788969185503	0.2766911281766872	0.37015737161371615
0.34503322906892736	0.434736924067135	0.25183320927995084	0.3241320839724569
0.3392090735687024	0.44070942114448747	0.3233816264449169	0.4014430140547987
0.3325513387487703	0.44722247271142435	0.3534256028996801	0.36298947501859474
0.32017177231559146	0.4660384001752453	0.368341778330736	0.41878833663677273
0.31597268374887033	0.47417580981651375	0.40367634554065923	0.3609417506652056
0.30497690155653356	0.4846883241904855	0.36637572273989427	0.3966379563231308
0.2951216543543238	0.49896488773563513	0.4133922796257619	0.3705258055002605
0.28921474226448	0.5081287974199293	0.43744470650540834	0.360959257566406
0.2801828954238108	0.5266224478821154	0.36107157291424946	0.3968475329524843
0.2740058102720421	0.5388671336123647	0.31631662325312404	0.3486217737720486
0.263195471913379	0.5484077892022355	0.3486241440138541	0.37395220769135806
0.2525467895501838	0.5588494426354379	0.4182672226191284	0.40077185580107744
0.2443229975609454	0.5745269267522319	0.47088701283410894	0.40495940615115555
0.23454420553334268	0.5890197967455032	0.4023187573111412	0.4318820691019954
0.22716089372618392	0.5998633115873768	0.4426573991338762	0.4268053835268891
0.2181389861720502	0.6144920551451626	0.4662952916346321	0.46585239949536017
0.20663712349016042	0.6301605546452878	0.46802072113311594	0.39520170808956434
0.1969780752366384	0.6478843829248112	0.5044951205038383	0.4673897951832049
0.19069275344055123	0.6568316814505503	0.5265246450418606	0.4446833438917793
0.1811433382017139	0.6775548840754354	0.5827805624723296	0.3998218505147893
0.16960891492475869	0.6912540577274048	0.5202075751000987	0.4425502602958987
0.15876066462057772	0.709647645384806	0.5718323400744179	0.44445223015286994
0.15207273075045286	0.719655063210091	0.5546784717149889	0.45730266863533786
0.14250399497683122	0.7403266249572548	0.4835963083852689	0.4399570857715839
0.13350669544450147	0.7534934536528357	0.6139196086868315	0.4559611976974212
0.12309083163034841	0.7743718779690368	0.6057562853266782	0.5118754922692665
0.11338741664185154	0.7919968579407913	0.6480447010061309	0.5005381971868909
0.10102816884695504	0.8124546770977518	0.6570363851040709	0.46154263868423073
0.09021489726691506	0.8322887333706523	0.5986046013710533	0.46481674893907077
0.08068039392958648	0.8468901811329113	0.6384265989703484	0.4631186506303568
0.06947233824247036	0.8662506612194291	0.6147657646979512	0.4768519523778795
0.059041639073383084	0.8929200053790627	0.6737450350507362	0.43259406943983586
0.04433680814347292	0.918336611784785	0.6770973270175078	0.4927309721396132
0.03208315500896977	0.9420040505333416	0.6319729173797348	0.4331216585616723
0.016782226171804988	0.9679264670019094	0.6766331017827025	0.49728592903336843
0.006727149409983756	1.000014299413755	0.7068745745599713	0.5037743203146635
1.2269943430012334e-09	1.0021503391612492	0.7110103159840576	0.4537928406268692
