0.7363166684734319	0.15574862685596433	0.0016009343831823175	0.1243323714480401
0.7363166684734319	0.15574862685596433	0.0016009343831823175	0.1243323714480401
0.7363166684734319	0.15574862685596433	0.0016009343831823175	0.1243323714480401
0.7363166684734319	0.15574862685596433	0.0016009343831823175	0.1243323714480401
0.7363166684734319	0.15574862685596433	0.0016009343831823175	0.1243323714480401
0.7363166684734319	0.15574862685596433	0.0016009343831823175	0.1243323714480401
0.7685451249945667	0.15574862685596433	0.0016009343831823175	0.1243323714480401
0.7685451249945667	0.15574862685596433	0.0016009343831823175	0.1243323714480401
0.7685451249945667	0.15574862685596433	0.0016009343831823175	0.1243323714480401
0.7685451249945667	0.15574862685596433	0.0016009343831823175	0.1243323714480401
0.7685451249945667	0.15574862685596433	0.0016009343831823175	0.1243323714480401
0.7685451249945667	0.15574862685596433	0.0016009343831823175	0.1243323714480401
0.7685451249945667	0.15574862685596433	0.0016009343831823175	0.1243323714480401
0.7363166684734319	0.15574862685596433	0.0016009343831823175	0.1243323714480401
0.6972732494454765	0.1597307794936724	0.0023157132161623073	0.06536592887761256
0.6887881698819666	0.1607133459009631	0.008962468972361637	0.10441318914342101
0.6588183767156283	0.17941464694940068	0.014417739509828331	0.15644079623256762
0.6588183767156283	0.17941464694940068	0.014417739509828331	0.15644079623256762
0.6549172454665785	0.1970146108803385	0.04091607496002675	0.12298895406727071
0.6443208282862333	0.2122758496580222	0.04705675941504561	0.06640157640979752
0.6443208282862333	0.21909315558999326	0.04705675941504561	0.03749999639563531
0.5259738141382504	0.2381804971060174	0.00040567823926511426	0.23765413839679714
0.5259738141382504	0.2381804971060174	0.00040567823926511426	0.23765413839679714
0.5259738141382504	0.2381804971060174	0.00040567823926511426	0.23765413839679714
0.5259738141382504	0.2381804971060174	0.00040567823926511426	0.23765413839679714
0.5119118171393625	0.24992030117022748	0.008510867389868754	0.33008651002791395
0.5042004414319302	0.25688938923282595	0.035914353376973324	0.2024491145160687
0.4974009340935118	0.26849011942308776	0.16245026148109318	0.2829540442152225
0.4849291141671194	0.27640829527171673	0.13822044884855053	0.26606236612467316
0.47690288101813366	0.2812464442807967	0.1429116880242343	0.21475478486840485
0.46516406401657595	0.29561012939953824	0.09641027990228601	0.34589147759283234
0.4591197601556938	0.30191081782069623	0.08942426603818912	0.36353529138657403
0.4488112062325795	0.31660381690192557	0.14100963932907346	0.39133262369513716
0.44322615007300287	0.3229849962952485	0.21622650180340133	0.4081979595732765
0.4320238858267126	0.33841156065803724	0.18200895588341853	0.4271747633747829
0.42530545239709083	0.3493265467617856	0.15975637066342843	0.44065142415225056
0.42530545239709083	0.3493265467617856	0.15975637066342843	0.44065142415225056
0.4149860743388823	0.37443446284223053	0.12601951050514726	0.4451524542547497
0.40278665295799826	0.3652075513145109	0.30403867754789915	0.37002859035479563
0.3822446751576187	0.38981198243115245	0.3498268681334704	0.365197136691877
0.37228047513641566	0.3968916930581142	0.32831862935859696	0.326971996366351
0.3717733982731901	0.4045156120418541	0.3788729786197777	0.31297533856386217
0.35863247342034865	0.42024430986150835	0.2842798046478127	0.29182075617816594
0.35248984667611705	0.4308768768843702	0.3542720745476578	0.26982960611410894
0.3500405656649329	0.44488862038359356	0.39074406101429193	0.37168694327572577
0.3323465891695569	0.46178021984906953	0.3479820133268076	0.4583039807921008
0.32716138457860316	0.47305012822957665	0.33363794726609797	0.42107375280330084
0.3215020085016436	0.47389567827952195	0.33363794726609797	0.42856785364399397
0.3147506121296254	0.48690153974239153	0.3799226820526349	0.4977756995000237
0.2939646671818861	0.503114860531201	0.35605153748811325	0.3687052447883741
0.2913148751989289	0.5060084457725126	0.40961141467056505	0.4131032039089071
0.2807950418453633	0.5229939700075027	0.4502860801542195	0.36955982897510303
0.2755383979667985	0.5372996251439927	0.45471810415217184	0.3162769178029974
0.26291530618462805	0.5457135750666873	0.399217984901909	0.3701958982424973
0.252980207232598	0.5627307656238504	0.39615103628561443	0.3382478246511008
0.24673207673292463	0.5729130133532818	0.44985594859593836	0.43266974065123986
0.23674518935151798	0.587514817489184	0.4974649138552146	0.4476983958964564
0.22410132047608536	0.6052800668181791	0.49043252277908306	0.38431526002599836
0.2206233717210971	0.6207018784727157	0.40176212614260615	0.33230207784103466
0.20903114709210574	0.628780560329429	0.4897147043958725	0.3871418535957624
0.20068064556469256	0.6470036701955625	0.4532360115340726	0.3558861362036505
0.19095244664423563	0.6710210699647854	0.5017688026285505	0.4394741069418182
0.18261925052981975	0.678913489768116	0.49205374382512534	0.44811287878393297
0.17310098122668277	0.6880519573124445	0.5097146838728767	0.41151329690393945
0.16435932125338437	0.7090921155487439	0.4890507433871297	0.404223528256955
0.15347358747230477	0.719370286820285	0.496714404197686	0.4299513891076198
0.14195578221688543	0.7387381797040697	0.5067441651333698	0.4355626728366761
0.13397087782492362	0.7576921383450929	0.6457132406189571	0.47353869849511143
0.12306903777039192	0.7696466841821122	0.5922027012336587	0.44873502687961286
0.11358026992981375	0.7932811108596164	0.6116716142524605	0.5384442259824292
0.1033638177729625	0.8142371296601261	0.6507682107181427	0.3943488242899895
0.0901983168280756	0.8319731631391737	0.6726717499083392	0.44610699074920573
0.08047936896132964	0.8489212573289169	0.5795414183733085	0.45797643174866726
0.06623407864222293	0.8721966461010827	0.6334778163872277	0.46925621306711446
0.060305543111708555	0.9003555860050146	0.6496299845509655	0.34607279551611747
0.048122726500898626	0.9092599186898023	0.6613492743227699	0.5376381691392241
0.03637058317480518	0.9349441513078001	0.7017051819132688	0.41394591899134797
0.023697660263348477	0.9620083248883408	0.6665062446938103	0.5239525424731969
0.012455886777664483	0.9774010753914846	0.7080125344184196	0.46086014353096816
8.037071490903e-05	1.008181286254444	0.6574982794677314	0.4243674487296757
