1	0.0000000000
2	0.0000000000
3	0.0000000000
4	0.0000000000
5	0.0000000000
6	0.0000000000
7	0.0000000000
8	0.0000000000
9	0.0000000000
10	0.0000000000
11	0.0000000000
12	0.0000000000
13	0.0000000000
14	0.0000000000
15	0.0000000000
16	0.0000000000
17	0.0200000000
18	0.0232558140
19	0.0294117647
20	0.0322580645
21	0.0270270270
22	0.0256410256
23	0.0238095238
24	0.0238095238
25	0.0322580645
26	0.0277777778
27	0.0487804878
28	0.0526315789
29	0.0540540541
30	0.0476190476
31	0.0434782609
32	0.0454545455
33	0.0444444444
34	0.0666666667
35	0.0697674419
36	0.0416666667
37	0.0408163265
38	0.0384615385
39	0.0357142857
40	0.0357142857
41	0.0363636364
42	0.0392156863
43	0.0416666667
44	0.0425531915
45	0.0392156863
46	0.0392156863
47	0.0416666667
48	0.0384615385
49	0.0344827586
50	0.0338983051
