1	1.0000000000
2	1.0000000000
3	1.0000000000
4	1.0000000000
5	1.0000000000
6	1.0000000000
7	1.0000000000
8	1.0000000000
9	1.0000000000
10	1.0000000000
11	1.0000000000
12	1.0000000000
13	1.0000000000
14	1.0000000000
15	1.0000000000
16	1.0000000000
17	1.0000000000
18	1.0000000000
19	1.0000000000
20	1.0000000000
21	1.0000000000
22	0.9945054945
23	0.9831460674
24	0.9510869565
25	0.9230769231
26	0.9016393443
27	0.8595505618
28	0.9441340782
29	0.9425287356
30	0.9375000000
31	0.9306358382
32	0.9593023256
33	0.9719101124
34	0.9435028249
35	0.9235294118
36	0.9822485207
37	0.9821428571
38	0.9570552147
39	0.9454545455
40	0.9030303030
41	0.9117647059
42	0.8771929825
43	0.8674698795
44	0.8048780488
45	0.7865853659
46	0.7964071856
47	0.8035714286
48	0.7906976744
49	0.7873563218
50	0.7797619048
