1	659.5802647413
2	665.4789193193
3	672.9053048711
4	682.5622448057
5	686.4154592337
6	686.7930379136
7	687.5132521028
8	687.6885824081
9	689.7203745763
10	689.8579719048
11	690.7041548093
12	690.7600083860
13	690.8160634066
14	691.2038950140
15	691.2544722365
16	691.2696898824
17	691.2806665979
18	691.3820915101
19	691.4283041369
20	691.4563357302
21	691.5702433368
22	691.5978644291
23	691.6788804852
24	691.7128797187
25	691.7212080785
26	691.7230110344
27	691.7237829598
28	691.7658468370
29	691.7836669076
30	691.7853227467
31	691.7856025023
32	691.7861570113
33	691.7867171358
34	691.7880681657
35	691.7887579084
36	691.7909040415
37	691.7914405974
38	691.7916418101
39	691.7917376023
40	691.7928889506
41	691.7971403693
42	691.7977944499
43	691.7987508990
44	691.7990677636
45	691.7995625520
46	691.8021286884
47	691.8027986294
48	691.8037854367
49	691.8043841020
50	691.8048428880
