1	473.5085193415
2	496.1368712240
3	534.0158336572
4	581.3320816032
5	587.4665583403
6	606.9780581883
7	623.6997582607
8	642.5760945090
9	648.9075556565
10	654.4107722011
11	657.2364955401
12	672.8784616692
13	673.4894609101
14	675.6587800327
15	679.8359124868
16	680.4159887916
17	684.5471983575
18	686.2521953280
19	688.4912610981
20	689.3707737907
21	690.0773038797
22	691.7469788180
23	692.3211790685
24	692.7672549010
25	692.8741891833
26	693.3328579348
27	693.6804898475
28	693.8580595483
29	693.9599787795
30	694.0022795618
31	694.3448687234
32	694.5141744743
33	694.5774543800
34	694.7043535173
35	694.7202837140
36	694.7395617958
37	694.7637316314
38	694.8407428524
39	694.8441305310
40	694.8696733251
41	694.9078420748
42	695.0060896339
43	695.0181840286
44	695.0762991378
45	695.0844402386
46	695.1279842682
47	695.1368186362
48	695.1411621939
49	695.1489616716
50	695.1554351661
