1	482.1491703796
2	539.9317766453
3	544.5437003311
4	582.4732310286
5	590.6825699292
6	614.5506418957
7	655.2303336993
8	661.2183456613
9	664.1728674157
10	667.5924861137
11	672.0247848831
12	672.9168664489
13	679.3685809588
14	682.5327503286
15	683.7199208933
16	684.1104470930
17	684.9112494051
18	688.1000391509
19	691.7887571576
20	691.9534590107
21	692.7376593901
22	693.3655239735
23	693.4924094327
24	693.8182963193
25	694.7572243913
26	694.8167486492
27	694.8488974957
28	694.8712142253
29	694.9792050552
30	696.8630769119
31	696.8961276498
32	696.8977440412
33	697.1618150364
34	697.7178397391
35	697.7288485915
36	697.7336702470
37	697.7781691719
38	697.7805503079
39	697.8085163970
40	697.8876734285
41	697.9033065795
42	697.9090718166
43	697.9113628623
44	697.9790237227
45	698.0235910749
46	698.0751267281
47	698.1391307910
48	698.2079829645
49	698.2210770211
50	698.2328168019
