1	494.6741824591
2	503.2253697855
3	546.4138139174
4	602.9736601535
5	624.2992948938
6	632.1314904615
7	648.9492871859
8	652.3804395524
9	666.6231428570
10	669.4897204278
11	671.7852398797
12	676.2743467941
13	679.6017613467
14	684.8176817593
15	685.2523955391
16	686.8531967552
17	689.5319876103
18	693.0383982185
19	693.0828300630
20	693.5398071880
21	693.8316695698
22	694.6671172602
23	694.7615001815
24	696.2292163362
25	697.1036041188
26	697.1731165393
27	697.3395234994
28	697.8021039787
29	697.8591354386
30	698.2454022952
31	698.7461014101
32	698.7769237563
33	698.8577593533
34	699.0454518184
35	699.9821280618
36	700.0367918755
37	700.0456894430
38	700.1148075031
39	700.1946372314
40	700.2439375515
41	700.4637276576
42	700.5247758055
43	700.5538823230
44	700.5795518171
45	700.6065037165
46	700.6154230728
47	700.6418221294
48	700.6781023841
49	700.6938113365
50	700.7266974309
