1	653.2193559452
2	659.1662258303
3	670.4019116946
4	682.4219185491
5	682.1332018165
6	685.8501227409
7	685.9675222589
8	686.2618958808
9	688.0167222732
10	688.2251784446
11	688.4642540078
12	690.4054376734
13	691.1486691227
14	691.3408688609
15	691.8982480883
16	692.6027846938
17	693.7894028182
18	694.5726337494
19	695.8323840246
20	696.2226331106
21	696.5412369009
22	696.6408069722
23	697.3198706281
24	697.4864667795
25	697.4921013474
26	697.6625910538
27	697.7765756811
28	697.8919844976
29	697.8961956044
30	697.8983572384
31	697.9704839502
32	698.1019460660
33	697.9930467182
34	698.0828201970
35	698.0843169057
36	698.2180123660
37	698.2190625117
38	698.2209809265
39	698.2240447301
40	698.2313734232
41	698.2351521197
42	698.2359973660
43	698.2363813771
44	698.2514861965
45	698.2528415579
46	698.2536345770
47	698.2679308870
48	698.2691150785
49	698.4594814860
50	698.4946395824
