1	671.4786497065
2	664.9974604587
3	667.2834521226
4	672.9910784126
5	679.4136503434
6	677.3898687767
7	680.1408262377
8	681.9830548299
9	684.0066660142
10	684.4303461812
11	685.1835708860
12	687.5723946725
13	689.6540859863
14	690.5131497617
15	691.4764762897
16	693.5002327276
17	694.6058438327
18	695.5630033456
19	696.2004136373
20	696.4573764967
21	696.5624350223
22	696.7613542270
23	697.6923433955
24	697.9104603742
25	697.9560825776
26	697.9745362649
27	697.9901246098
28	698.0014485250
29	698.0052830146
30	698.0141074159
31	698.1034782705
32	698.1071981978
33	698.1324059541
34	698.1395034097
35	698.1419779775
36	698.1469717076
37	698.1547919135
38	698.1667895442
39	698.3264158600
40	698.3278127342
41	698.3685841141
42	698.3700852794
43	698.3715844237
44	698.3727917449
45	698.3750358175
46	698.3768098163
47	698.3789955849
48	698.3796534179
49	698.3812043855
50	698.3823431671
