1	658.7301450762
2	666.6209656223
3	671.3932287787
4	680.8477117473
5	685.3543585293
6	690.0263491037
7	691.5939213487
8	691.9802348636
9	692.4338944184
10	692.8143823074
11	692.8855672154
12	693.3302646108
13	693.4335708348
14	693.4800348058
15	693.5687711489
16	694.0078776983
17	694.7217677478
18	695.3216246326
19	695.5480233038
20	696.2402967733
21	696.7074531328
22	696.8293720038
23	696.8402069467
24	696.8525809148
25	696.8571133051
26	696.8666551782
27	696.8726662848
28	697.5013410251
29	697.5069018605
30	697.6681776814
31	697.6744604117
32	698.1149442050
33	698.1752000843
34	698.1801369501
35	698.1832205184
36	698.4167354307
37	698.5070074351
38	698.5103008992
39	698.5168152792
40	698.5185939319
41	698.5574920799
42	698.5604556747
43	698.5676306845
44	698.5693133513
45	698.5735726984
46	698.5786155165
47	698.5791894677
48	698.5809720561
49	698.5818759182
50	698.5826810341
