1	498.2607758617
2	558.2066391784
3	579.9958853979
4	597.5859898054
5	608.0123473857
6	621.6846289996
7	626.8102231591
8	636.6704327906
9	646.6742669415
10	649.9786660872
11	652.9348550592
12	657.3248374329
13	661.3609564492
14	669.3136106085
15	669.9341696572
16	673.5481515219
17	674.4519577785
18	676.0808937331
19	678.9492856615
20	680.4928248853
21	682.5638099491
22	685.0067880492
23	685.0737709670
24	687.8023353026
25	688.3268500817
26	689.1881762986
27	689.4399107490
28	689.5900142591
29	689.6355198250
30	690.5618483643
31	691.4305490379
32	691.5219582235
33	692.3182222635
34	692.5107386112
35	692.8481873049
36	692.8946170613
37	692.9333389364
38	692.9543253270
39	693.5624871334
40	693.9677081130
41	694.1688679072
42	694.2861092384
43	694.3047082712
44	694.3213534695
45	694.3397823857
46	694.4017716863
47	694.4135086120
48	694.7207920254
49	694.7291453812
50	694.7326470087
