1	666.1964988433
2	662.3082015219
3	669.9584218466
4	676.2662611167
5	679.4783267928
6	680.7376568628
7	681.6383412008
8	682.8320326696
9	683.4304061990
10	683.6722524765
11	684.2013312228
12	684.4338387263
13	684.7123907380
14	684.9769207030
15	685.1926127517
16	685.4313067602
17	685.6980973113
18	685.7474603359
19	685.7577388733
20	685.7615565444
21	685.7981668380
22	686.2951673843
23	686.2982102418
24	686.3176555780
25	686.3971124598
26	686.4175421033
27	686.5415545801
28	686.5445848723
29	686.5697208498
30	686.6931822291
31	686.6940806510
32	686.7349617008
33	686.8158970144
34	686.8182079335
35	686.8229764408
36	686.8422320379
37	686.8469181840
38	686.8673891494
39	686.8779238539
40	686.9686030080
41	686.9705112061
42	687.0003955167
43	687.0246460702
44	687.0548293022
45	687.1047839699
46	687.1254201734
47	687.1255382731
48	687.2054103862
49	687.1642228107
50	687.2270379624
