1	572.1125099947
2	586.6270468503
3	587.3475195175
4	607.1700830227
5	627.5248869307
6	631.6640669187
7	633.1777041238
8	646.5934211699
9	654.6934406990
10	658.2497377486
11	664.1823245547
12	669.5429143296
13	671.0553867622
14	673.7593088601
15	676.9918403625
16	679.5124245499
17	682.1239535328
18	683.5289113067
19	687.1158722800
20	688.6184558085
21	689.1450035463
22	690.5076410459
23	691.1330434313
24	691.9288701190
25	692.4962704513
26	694.3173047298
27	694.8591148296
28	695.8734226478
29	696.6456936262
30	696.9061756413
31	697.1849686746
32	697.7398913123
33	697.8834684732
34	698.0150078522
35	698.4601743575
36	698.5626829889
37	698.5920574842
38	698.8189423296
39	699.0231655610
40	699.1206317553
41	699.2188846074
42	699.2554776309
43	699.3014400055
44	699.4249777461
45	699.4658570599
46	699.6538793253
47	699.7543941180
48	699.7666817445
49	699.7937098677
50	699.8619216999
