1	0.1352964073
2	0.0817870390
3	0.0795595341
4	0.0804051319
5	0.0508366834
6	0.0788803405
7	0.0286836435
8	0.0537717117
9	0.0647298212
10	0.0500543957
11	0.0439687640
12	0.0372839616
13	0.0395073338
14	0.0729079130
15	0.0823700556
16	0.0232039810
17	0.0348574379
18	0.0415898409
19	0.0441225277
20	0.0665229874
21	0.0412344681
22	0.0372108112
23	0.0388899384
24	0.0496635040
25	0.0426703044
26	0.0422992818
27	0.0438579710
28	0.0376117894
29	0.0451848603
30	0.0427611040
31	0.0372609528
32	0.0313212023
33	0.0311182641
34	0.0900949611
35	0.0902495528
36	0.0430029439
37	0.0434664658
38	0.0430066651
39	0.0518335350
40	0.0513429452
41	0.0510793672
42	0.0502419027
43	0.0505308009
44	0.0525619546
45	0.0693457357
46	0.0654007856
47	0.0624596885
48	0.0333403972
49	0.0397013866
50	0.0403396702
