1	0.0643095123
2	0.0653902513
3	0.0736043147
4	0.2043786355
5	0.0571680198
6	0.0845855320
7	0.0370515124
8	0.0476844177
9	0.0305125058
10	0.0273408748
11	0.0324268617
12	0.0243432089
13	0.0521830875
14	0.0553721413
15	0.0276958187
16	0.0342615636
17	0.0200224161
18	0.0181038335
19	0.0229661700
20	0.0162524028
21	0.0222982124
22	0.0228696846
23	0.0217835011
24	0.0206723173
25	0.0169809349
26	0.0132907210
27	0.0153521084
28	0.0129302518
29	0.0115696159
30	0.0118920230
31	0.0071019933
32	0.0145584007
33	0.0112795533
34	0.0112894487
35	0.0117333925
36	0.0115681466
37	0.0109877286
38	0.0180223802
39	0.0175093984
40	0.0169562297
41	0.0160967005
42	0.0168562605
43	0.0169429387
44	0.0156727672
45	0.0168681770
46	0.0166008539
47	0.0167690105
48	0.0162698916
49	0.0161566350
50	0.0163364323
