1	0.0985721721
2	0.0742879588
3	0.1266538840
4	0.0421106792
5	0.0722562977
6	0.0553937310
7	0.0594641357
8	0.0881989266
9	0.0983380123
10	0.0905226715
11	0.1398085427
12	0.0486358778
13	0.0757114488
14	0.0570579264
15	0.0235729735
16	0.0471306435
17	0.0166991375
18	0.0719315179
19	0.0431171250
20	0.0467812631
21	0.0390308257
22	0.0387830839
23	0.0136767059
24	0.0188623759
25	0.0136947885
26	0.0097365512
27	0.0112854710
28	0.0869118079
29	0.0860411943
30	0.0828601564
31	0.0089306414
32	0.0103930181
33	0.0087954367
34	0.0091224678
35	0.0089828357
36	0.0094691520
37	0.0086060780
38	0.0073276468
39	0.0121811713
40	0.0065718155
41	0.0401429918
42	0.0390888109
43	0.0397943691
44	0.0398659070
45	0.0404231213
46	0.0221234866
47	0.0226672910
48	0.0229263633
49	0.0107268004
50	0.0228789318
