1	0.0895375984
2	0.0822808752
3	0.0472092864
4	0.0645596303
5	0.0524316731
6	0.0269626804
7	0.1006599223
8	0.0330939808
9	0.0377174427
10	0.0282805876
11	0.0359457191
12	0.0363883160
13	0.0631389368
14	0.0333487727
15	0.0726550137
16	0.1254643446
17	0.0397595753
18	0.0580410498
19	0.0474307852
20	0.0505847749
21	0.0593194722
22	0.0422515249
23	0.0547565706
24	0.0470641564
25	0.0419919863
26	0.0438741843
27	0.0393211798
28	0.0191777676
29	0.0282339107
30	0.0282383328
31	0.0275209197
32	0.0293975041
33	0.0291239184
34	0.0241655649
35	0.0235998390
36	0.0155232242
37	0.0142626179
38	0.0204650912
39	0.0146007991
40	0.0144877045
41	0.0212029110
42	0.0181332742
43	0.0193171823
44	0.0187977368
45	0.0185240335
46	0.0212799362
47	0.0301104272
48	0.0291774371
49	0.0321015086
50	0.0291282796
