1	0.6923076923
2	0.1000000000
3	0.0769230769
4	0.0555555556
5	0.1176470588
6	0.1250000000
7	0.1428571429
8	0.0666666667
9	0.0625000000
10	0.1578947368
11	0.2777777778
12	0.4444444444
13	0.6666666667
14	0.7647058824
15	0.5000000000
16	0.5294117647
17	0.4444444444
18	0.6250000000
19	0.6875000000
20	0.5294117647
21	0.5238095238
22	0.6000000000
23	0.4375000000
24	0.3333333333
25	0.5238095238
26	0.6111111111
27	0.5384615385
28	0.6875000000
29	0.6000000000
30	0.7857142857
31	0.7058823529
32	0.6666666667
33	0.3571428571
34	0.5333333333
35	0.4444444444
36	0.3888888889
37	0.2631578947
38	0.5833333333
39	0.5555555556
40	0.5238095238
41	0.3333333333
42	0.1875000000
43	0.2352941176
44	0.1052631579
45	0.0869565217
46	0.1000000000
47	0.1052631579
48	0.1052631579
49	0.1000000000
50	0.0000000000
51	0.0000000000
52	0.0000000000
53	0.0000000000
54	0.0000000000
55	0.0000000000
56	0.0434782609
57	0.0000000000
58	0.0800000000
59	0.1600000000
60	0.1052631579
61	0.0434782609
62	0.0454545455
63	0.0769230769
64	0.0909090909
65	0.1923076923
66	0.1250000000
67	0.2857142857
68	0.2307692308
69	0.1500000000
70	0.1500000000
71	0.0769230769
72	0.0869565217
73	0.0344827586
74	0.0714285714
75	0.0800000000
76	0.0000000000
77	0.0476190476
78	0.0000000000
79	0.0000000000
80	0.0000000000
81	0.0000000000
82	0.0000000000
83	0.0000000000
84	0.0000000000
85	0.0000000000
86	0.0000000000
87	0.0000000000
88	0.0000000000
89	0.0000000000
90	0.0000000000
91	0.0000000000
92	0.0000000000
93	0.0000000000
94	0.0000000000
95	0.0000000000
96	0.0000000000
97	0.0000000000
98	0.0000000000
99	0.0000000000
100	0.0434782609
101	0.0416666667
102	0.0769230769
103	0.1071428571
104	0.1111111111
105	0.1034482759
106	0.0645161290
107	0.0967741935
108	0.0967741935
109	0.1333333333
110	0.0689655172
111	0.0357142857
112	0.0666666667
113	0.0384615385
114	0.0357142857
115	0.0344827586
116	0.0333333333
117	0.0357142857
118	0.0740740741
119	0.0769230769
120	0.0769230769
121	0.0740740741
122	0.0666666667
123	0.0333333333
124	0.0666666667
125	0.0000000000
126	0.0357142857
127	0.0344827586
128	0.0333333333
129	0.0322580645
130	0.0333333333
131	0.0666666667
132	0.0000000000
133	0.0000000000
134	0.0625000000
135	0.0322580645
136	0.0312500000
137	0.0312500000
138	0.0000000000
139	0.0000000000
140	0.0666666667
141	0.0666666667
142	0.0303030303
143	0.0312500000
144	0.0312500000
145	0.0322580645
146	0.0322580645
147	0.0645161290
148	0.0322580645
149	0.0322580645
150	0.0000000000
151	0.0322580645
152	0.0645161290
153	0.0937500000
154	0.0645161290
155	0.0666666667
156	0.0333333333
157	0.0312500000
158	0.0322580645
159	0.0312500000
160	0.0312500000
161	0.0312500000
162	0.0312500000
163	0.0312500000
164	0.0312500000
165	0.0312500000
166	0.0606060606
167	0.0303030303
168	0.0303030303
169	0.0303030303
170	0.0303030303
171	0.0303030303
172	0.0625000000
173	0.0312500000
174	0.0937500000
175	0.0625000000
176	0.0303030303
177	0.0312500000
178	0.0625000000
179	0.0303030303
180	0.0000000000
181	0.0000000000
182	0.0000000000
183	0.0606060606
184	0.0606060606
185	0.0625000000
186	0.0606060606
187	0.0606060606
188	0.0606060606
189	0.0606060606
190	0.0312500000
191	0.0312500000
192	0.0312500000
193	0.0000000000
194	0.0312500000
195	0.0312500000
196	0.0312500000
197	0.0303030303
198	0.0303030303
199	0.0303030303
200	0.0303030303
201	0.0312500000
202	0.0909090909
203	0.0606060606
204	0.0625000000
205	0.0606060606
206	0.0606060606
207	0.0606060606
208	0.0606060606
209	0.0606060606
210	0.0606060606
211	0.0303030303
212	0.0312500000
213	0.0937500000
214	0.0937500000
215	0.0909090909
216	0.0909090909
217	0.0937500000
218	0.0909090909
219	0.1212121212
220	0.0606060606
221	0.0606060606
222	0.0909090909
223	0.0606060606
224	0.0606060606
225	0.0909090909
226	0.0606060606
227	0.0303030303
228	0.0909090909
229	0.0937500000
230	0.0909090909
231	0.0909090909
232	0.1212121212
233	0.1212121212
234	0.1212121212
235	0.1250000000
236	0.1875000000
237	0.1562500000
238	0.1212121212
239	0.1212121212
240	0.1212121212
241	0.1515151515
242	0.1515151515
243	0.1515151515
244	0.1515151515
245	0.0645161290
246	0.0625000000
247	0.0909090909
248	0.0909090909
249	0.0909090909
250	0.1562500000
