1	0.5384615385
2	0.3333333333
3	0.4666666667
4	0.2142857143
5	0.1176470588
6	0.2857142857
7	0.1875000000
8	0.3157894737
9	0.5000000000
10	0.8000000000
11	0.5833333333
12	0.5000000000
13	0.3333333333
14	0.6111111111
15	0.3571428571
16	0.4736842105
17	0.3333333333
18	0.4736842105
19	0.3888888889
20	0.4210526316
21	0.2777777778
22	0.2105263158
23	0.2105263158
24	0.1666666667
25	0.1666666667
26	0.1250000000
27	0.1818181818
28	0.0555555556
29	0.1250000000
30	0.1578947368
31	0.1428571429
32	0.2142857143
33	0.1666666667
34	0.0952380952
35	0.0000000000
36	0.0000000000
37	0.0526315789
38	0.2222222222
39	0.0526315789
40	0.0000000000
41	0.0000000000
42	0.0000000000
43	0.0555555556
44	0.0000000000
45	0.0434782609
46	0.0000000000
47	0.0000000000
48	0.0000000000
49	0.0000000000
50	0.0000000000
51	0.0000000000
52	0.0000000000
53	0.0000000000
54	0.0000000000
55	0.0000000000
56	0.0000000000
57	0.0000000000
58	0.0000000000
59	0.0000000000
60	0.0000000000
61	0.0000000000
62	0.0000000000
63	0.0000000000
64	0.0000000000
65	0.0000000000
66	0.0000000000
67	0.0000000000
68	0.0000000000
69	0.0000000000
70	0.0000000000
71	0.0000000000
72	0.0000000000
73	0.0000000000
74	0.0000000000
75	0.0000000000
76	0.0000000000
77	0.0000000000
78	0.0000000000
79	0.0000000000
80	0.0000000000
81	0.0000000000
82	0.0000000000
83	0.0000000000
84	0.0000000000
85	0.0000000000
86	0.0000000000
87	0.0000000000
88	0.0000000000
89	0.0000000000
90	0.0000000000
91	0.0000000000
92	0.0000000000
93	0.0000000000
94	0.0000000000
95	0.0000000000
96	0.0000000000
97	0.0000000000
98	0.0000000000
99	0.0000000000
100	0.0000000000
101	0.0000000000
102	0.0000000000
103	0.0000000000
104	0.0000000000
105	0.0000000000
106	0.0000000000
107	0.0000000000
108	0.0000000000
109	0.0000000000
110	0.0000000000
111	0.0344827586
112	0.0000000000
113	0.0344827586
114	0.0344827586
115	0.0333333333
116	0.0645161290
117	0.0645161290
118	0.0625000000
119	0.0645161290
120	0.0666666667
121	0.0322580645
122	0.0000000000
123	0.0000000000
124	0.0000000000
125	0.0645161290
126	0.0666666667
127	0.0645161290
128	0.0625000000
129	0.1250000000
130	0.0967741935
131	0.0645161290
132	0.1000000000
133	0.0967741935
134	0.0666666667
135	0.0666666667
136	0.0645161290
137	0.1250000000
138	0.1250000000
139	0.1250000000
140	0.0645161290
141	0.0625000000
142	0.0937500000
143	0.0937500000
144	0.0882352941
145	0.0909090909
146	0.0882352941
147	0.1176470588
148	0.1428571429
149	0.1428571429
150	0.1470588235
151	0.1142857143
152	0.1428571429
153	0.1515151515
154	0.1470588235
155	0.1176470588
156	0.0882352941
157	0.1176470588
158	0.1212121212
159	0.1212121212
160	0.1470588235
161	0.1176470588
162	0.1470588235
163	0.1470588235
164	0.1176470588
165	0.0882352941
166	0.1212121212
167	0.1515151515
168	0.0937500000
169	0.0937500000
170	0.0909090909
171	0.1212121212
172	0.1470588235
173	0.1562500000
174	0.1250000000
175	0.1250000000
176	0.1562500000
177	0.1562500000
178	0.1290322581
179	0.1250000000
180	0.1250000000
181	0.1428571429
182	0.1290322581
183	0.1034482759
184	0.1034482759
185	0.0666666667
186	0.0666666667
187	0.0967741935
188	0.0967741935
189	0.1290322581
190	0.1612903226
191	0.1250000000
192	0.0967741935
193	0.0645161290
194	0.0937500000
195	0.1290322581
196	0.1333333333
197	0.0967741935
198	0.0967741935
199	0.1290322581
200	0.1000000000
201	0.1612903226
202	0.1935483871
203	0.2187500000
204	0.2727272727
205	0.2812500000
206	0.2424242424
207	0.2647058824
208	0.2058823529
209	0.2941176471
210	0.2352941176
211	0.2121212121
212	0.2424242424
213	0.2812500000
214	0.3030303030
215	0.3125000000
216	0.3333333333
217	0.2424242424
218	0.2727272727
219	0.3030303030
220	0.2121212121
221	0.2121212121
222	0.2121212121
223	0.1818181818
224	0.1818181818
225	0.2058823529
226	0.2352941176
227	0.2352941176
228	0.2424242424
229	0.2121212121
230	0.2058823529
231	0.2727272727
232	0.3030303030
233	0.2424242424
234	0.2727272727
235	0.2727272727
236	0.2941176471
237	0.2941176471
238	0.2727272727
239	0.2647058824
240	0.3333333333
241	0.3529411765
242	0.3142857143
243	0.3428571429
244	0.3529411765
245	0.3823529412
246	0.3030303030
247	0.3030303030
248	0.2727272727
249	0.2727272727
250	0.2727272727
