1	0.5384615385
2	0.3571428571
3	0.6250000000
4	0.6470588235
5	0.5000000000
6	0.6153846154
7	0.4000000000
8	0.7058823529
9	0.5000000000
10	0.3333333333
11	0.3478260870
12	0.2500000000
13	0.4285714286
14	0.5789473684
15	0.4444444444
16	0.4666666667
17	0.3125000000
18	0.3571428571
19	0.3684210526
20	0.2500000000
21	0.1428571429
22	0.2105263158
23	0.4210526316
24	0.3500000000
25	0.2631578947
26	0.3157894737
27	0.3333333333
28	0.2222222222
29	0.2000000000
30	0.1000000000
31	0.0588235294
32	0.0000000000
33	0.0000000000
34	0.1052631579
35	0.1304347826
36	0.1052631579
37	0.1500000000
38	0.1363636364
39	0.0909090909
40	0.0555555556
41	0.0666666667
42	0.1363636364
43	0.1500000000
44	0.0555555556
45	0.0500000000
46	0.0526315789
47	0.0500000000
48	0.0416666667
49	0.0526315789
50	0.0526315789
51	0.0526315789
52	0.0000000000
53	0.0000000000
54	0.0000000000
55	0.0000000000
56	0.0000000000
57	0.0434782609
58	0.0416666667
59	0.0416666667
60	0.0000000000
61	0.0000000000
62	0.0000000000
63	0.0000000000
64	0.0000000000
65	0.0000000000
66	0.0000000000
67	0.0000000000
68	0.0000000000
69	0.0384615385
70	0.0434782609
71	0.0833333333
72	0.0000000000
73	0.0370370370
74	0.0666666667
75	0.0400000000
76	0.0000000000
77	0.0000000000
78	0.0454545455
79	0.0384615385
80	0.0000000000
81	0.0000000000
82	0.0000000000
83	0.0400000000
84	0.0333333333
85	0.0666666667
86	0.0333333333
87	0.0714285714
88	0.0769230769
89	0.0000000000
90	0.0344827586
91	0.0666666667
92	0.0333333333
93	0.0344827586
94	0.0689655172
95	0.0967741935
96	0.1333333333
97	0.1071428571
98	0.0689655172
99	0.1000000000
100	0.1666666667
101	0.0714285714
102	0.1290322581
103	0.1034482759
104	0.1034482759
105	0.0370370370
106	0.0384615385
107	0.0740740741
108	0.0416666667
109	0.0370370370
110	0.1111111111
111	0.0740740741
112	0.0344827586
113	0.0606060606
114	0.0645161290
115	0.0625000000
116	0.0588235294
117	0.0312500000
118	0.0303030303
119	0.0294117647
120	0.0303030303
121	0.0588235294
122	0.0285714286
123	0.0000000000
124	0.0000000000
125	0.0000000000
126	0.0000000000
127	0.0312500000
128	0.0303030303
129	0.0000000000
130	0.0606060606
131	0.0937500000
132	0.0937500000
133	0.0625000000
134	0.0625000000
135	0.0333333333
136	0.0322580645
137	0.0312500000
138	0.0312500000
139	0.0303030303
140	0.0303030303
141	0.0303030303
142	0.0606060606
143	0.0625000000
144	0.1212121212
145	0.1212121212
146	0.0909090909
147	0.0606060606
148	0.0303030303
149	0.0606060606
150	0.0606060606
151	0.0689655172
152	0.0322580645
153	0.0322580645
154	0.0322580645
155	0.0322580645
156	0.0000000000
157	0.0000000000
158	0.0625000000
159	0.1290322581
160	0.1290322581
161	0.1250000000
162	0.1875000000
163	0.2187500000
164	0.2258064516
165	0.1612903226
166	0.0645161290
167	0.0322580645
168	0.0333333333
169	0.0000000000
170	0.0000000000
171	0.0625000000
172	0.0625000000
173	0.0937500000
174	0.0937500000
175	0.0937500000
176	0.0645161290
177	0.0967741935
178	0.0666666667
179	0.0322580645
180	0.0645161290
181	0.0625000000
182	0.0625000000
183	0.0909090909
184	0.0625000000
185	0.0909090909
186	0.0606060606
187	0.0303030303
188	0.0303030303
189	0.0303030303
190	0.0294117647
191	0.0294117647
192	0.0294117647
193	0.0606060606
194	0.0606060606
195	0.0909090909
196	0.0909090909
197	0.0606060606
198	0.0303030303
199	0.0303030303
200	0.0303030303
201	0.0303030303
202	0.0303030303
203	0.0303030303
204	0.0303030303
205	0.0606060606
206	0.0606060606
207	0.0606060606
208	0.0606060606
209	0.0909090909
210	0.0303030303
211	0.0606060606
212	0.0606060606
213	0.0303030303
214	0.0303030303
215	0.0625000000
216	0.0606060606
217	0.0625000000
218	0.0606060606
219	0.0909090909
220	0.0606060606
221	0.0303030303
222	0.0303030303
223	0.0303030303
224	0.0303030303
225	0.0303030303
226	0.0606060606
227	0.0606060606
228	0.0909090909
229	0.0909090909
230	0.0909090909
231	0.0909090909
232	0.0909090909
233	0.0606060606
234	0.0606060606
235	0.0909090909
236	0.1212121212
237	0.0909090909
238	0.0909090909
239	0.0909090909
240	0.0606060606
241	0.0909090909
242	0.1212121212
243	0.1515151515
244	0.1818181818
245	0.1818181818
246	0.1212121212
247	0.1212121212
248	0.1212121212
249	0.0909090909
250	0.0909090909
