1	0.6750000000
2	0.4250000000
3	0.3250000000
4	0.4358974359
5	0.2000000000
6	0.2820512821
7	0.2500000000
8	0.2250000000
9	0.1250000000
10	0.1794871795
11	0.5263157895
12	0.6052631579
13	0.5897435897
14	0.6250000000
15	0.5750000000
16	0.6250000000
17	0.6000000000
18	0.7000000000
19	0.6000000000
20	0.5250000000
21	0.5750000000
22	0.6250000000
23	0.6000000000
24	0.5750000000
25	0.5641025641
26	0.6250000000
27	0.5500000000
28	0.6500000000
29	0.6250000000
30	0.5384615385
31	0.5250000000
32	0.4750000000
33	0.5750000000
34	0.6500000000
35	0.8750000000
36	0.8974358974
37	0.8461538462
38	0.6750000000
39	0.7500000000
40	0.6500000000
41	0.5750000000
42	0.5128205128
43	0.6052631579
44	0.7105263158
45	0.7631578947
46	0.6666666667
47	0.6666666667
48	0.7179487179
49	0.6750000000
50	0.7948717949
51	0.9000000000
52	0.9250000000
53	0.9000000000
54	0.8250000000
55	0.7750000000
56	0.8461538462
57	0.9230769231
58	0.8947368421
59	0.8974358974
60	0.9487179487
61	0.9500000000
62	0.9500000000
63	0.9500000000
64	0.9500000000
65	0.9500000000
66	0.9750000000
67	0.9750000000
68	0.9736842105
69	0.9487179487
70	0.9473684211
71	0.9473684211
72	0.9500000000
73	1.0000000000
74	0.9750000000
75	0.9743589744
76	0.9750000000
77	1.0000000000
78	1.0000000000
79	1.0000000000
80	0.9473684211
81	0.9500000000
82	0.9750000000
83	0.9250000000
84	0.9487179487
85	0.9500000000
86	0.9500000000
87	0.9750000000
88	0.9500000000
89	0.9500000000
90	0.9500000000
91	0.9000000000
92	0.9250000000
93	0.9250000000
94	0.9500000000
95	0.9500000000
96	0.9750000000
97	0.9500000000
98	0.9500000000
99	0.9750000000
100	0.9000000000
101	0.8250000000
102	0.8461538462
103	0.8461538462
104	0.8500000000
105	0.8500000000
106	0.8500000000
107	0.8000000000
108	0.8000000000
109	0.7750000000
110	0.7750000000
111	0.8250000000
112	0.8000000000
113	0.7948717949
114	0.7250000000
115	0.7500000000
116	0.7000000000
117	0.6750000000
118	0.6750000000
119	0.6250000000
120	0.6250000000
121	0.6250000000
122	0.6250000000
123	0.6000000000
124	0.5750000000
125	0.6250000000
126	0.6000000000
127	0.5250000000
128	0.5500000000
129	0.5500000000
130	0.5000000000
131	0.5500000000
132	0.5500000000
133	0.4750000000
134	0.5250000000
135	0.5500000000
136	0.4750000000
137	0.4000000000
138	0.4500000000
139	0.4250000000
140	0.5000000000
141	0.5250000000
142	0.5000000000
143	0.5000000000
144	0.5500000000
145	0.5250000000
146	0.4500000000
147	0.4500000000
148	0.4500000000
149	0.4500000000
150	0.4750000000
151	0.4250000000
152	0.3846153846
153	0.3846153846
154	0.3750000000
155	0.3500000000
156	0.3000000000
157	0.2250000000
158	0.3076923077
159	0.3250000000
160	0.3250000000
161	0.3000000000
162	0.2750000000
163	0.2307692308
164	0.2250000000
165	0.1500000000
166	0.2000000000
167	0.1750000000
168	0.1250000000
169	0.1750000000
170	0.2250000000
171	0.1750000000
172	0.1750000000
173	0.1750000000
174	0.2000000000
175	0.3000000000
176	0.2250000000
177	0.2000000000
178	0.2000000000
179	0.2000000000
180	0.1750000000
181	0.2500000000
182	0.2500000000
183	0.2250000000
184	0.2750000000
185	0.2750000000
186	0.2500000000
187	0.2564102564
188	0.2500000000
189	0.2500000000
190	0.2250000000
191	0.2250000000
192	0.2000000000
193	0.2500000000
194	0.2500000000
195	0.2500000000
196	0.2500000000
197	0.2750000000
198	0.3000000000
199	0.2750000000
200	0.2500000000
201	0.2500000000
202	0.2500000000
203	0.3000000000
204	0.2250000000
205	0.2250000000
206	0.2000000000
207	0.2051282051
208	0.2051282051
209	0.2000000000
210	0.1750000000
211	0.1750000000
212	0.2000000000
213	0.1750000000
214	0.1750000000
215	0.2000000000
216	0.1750000000
217	0.1750000000
218	0.2000000000
219	0.2250000000
220	0.2500000000
221	0.2500000000
222	0.2500000000
223	0.2250000000
224	0.2250000000
225	0.2000000000
226	0.1750000000
227	0.1750000000
228	0.2500000000
229	0.2500000000
230	0.2500000000
231	0.2000000000
232	0.2500000000
233	0.2250000000
234	0.2250000000
235	0.2500000000
236	0.2250000000
237	0.2250000000
238	0.1500000000
239	0.1250000000
240	0.1500000000
241	0.1250000000
242	0.1250000000
243	0.1500000000
244	0.1500000000
245	0.1500000000
246	0.1250000000
247	0.1500000000
248	0.1750000000
249	0.1750000000
250	0.2000000000
