1	0.4750000000
2	0.4750000000
3	0.3333333333
4	0.5000000000
5	0.3000000000
6	0.3250000000
7	0.5000000000
8	0.5000000000
9	0.4250000000
10	0.2500000000
11	0.4750000000
12	0.3500000000
13	0.2750000000
14	0.2250000000
15	0.3750000000
16	0.3750000000
17	0.2750000000
18	0.2750000000
19	0.3750000000
20	0.4500000000
21	0.4500000000
22	0.4210526316
23	0.3333333333
24	0.4871794872
25	0.5750000000
26	0.4500000000
27	0.6000000000
28	0.7500000000
29	0.6500000000
30	0.6250000000
31	0.5384615385
32	0.5500000000
33	0.5250000000
34	0.6250000000
35	0.6315789474
36	0.6410256410
37	0.7435897436
38	0.7179487179
39	0.7692307692
40	0.8684210526
41	0.8974358974
42	0.9000000000
43	0.8974358974
44	0.9230769231
45	0.9230769231
46	0.9230769231
47	0.9459459459
48	1.0000000000
49	0.9736842105
50	1.0000000000
51	1.0000000000
52	1.0000000000
53	1.0000000000
54	1.0000000000
55	1.0000000000
56	1.0000000000
57	1.0000000000
58	1.0000000000
59	1.0000000000
60	0.9750000000
61	1.0000000000
62	1.0000000000
63	0.9743589744
64	0.9743589744
65	0.9500000000
66	0.9500000000
67	0.9500000000
68	0.9500000000
69	0.9250000000
70	0.9250000000
71	0.9500000000
72	0.9000000000
73	0.8974358974
74	0.9250000000
75	0.9500000000
76	0.9500000000
77	0.9250000000
78	0.8750000000
79	0.8974358974
80	0.8717948718
81	0.9000000000
82	0.8717948718
83	0.8750000000
84	0.8974358974
85	0.8974358974
86	0.8750000000
87	0.8750000000
88	0.8750000000
89	0.8750000000
90	0.8750000000
91	0.8461538462
92	0.8000000000
93	0.7750000000
94	0.8000000000
95	0.7948717949
96	0.8250000000
97	0.7750000000
98	0.7500000000
99	0.7435897436
100	0.6750000000
101	0.7000000000
102	0.7000000000
103	0.6250000000
104	0.6000000000
105	0.5250000000
106	0.5750000000
107	0.5250000000
108	0.4750000000
109	0.4500000000
110	0.4000000000
111	0.4500000000
112	0.4250000000
113	0.4500000000
114	0.3750000000
115	0.4000000000
116	0.4000000000
117	0.4000000000
118	0.4358974359
119	0.4210526316
120	0.4736842105
121	0.4500000000
122	0.4250000000
123	0.4000000000
124	0.3750000000
125	0.3500000000
126	0.3500000000
127	0.3750000000
128	0.3333333333
129	0.3333333333
130	0.4000000000
131	0.3500000000
132	0.3333333333
133	0.2894736842
134	0.2631578947
135	0.2820512821
136	0.2820512821
137	0.2564102564
138	0.2500000000
139	0.2500000000
140	0.2750000000
141	0.2564102564
142	0.3250000000
143	0.3000000000
144	0.3250000000
145	0.3000000000
146	0.2500000000
147	0.3000000000
148	0.2500000000
149	0.3000000000
150	0.3000000000
151	0.2250000000
152	0.2750000000
153	0.3000000000
154	0.2307692308
155	0.2564102564
156	0.2500000000
157	0.2250000000
158	0.2307692308
159	0.2307692308
160	0.2250000000
161	0.2250000000
162	0.2250000000
163	0.2250000000
164	0.2500000000
165	0.2250000000
166	0.2250000000
167	0.2000000000
168	0.2250000000
169	0.2750000000
170	0.3000000000
171	0.2250000000
172	0.2000000000
173	0.2250000000
174	0.2250000000
175	0.2000000000
176	0.2750000000
177	0.2750000000
178	0.2750000000
179	0.2250000000
180	0.2250000000
181	0.2250000000
182	0.2250000000
183	0.2250000000
184	0.2000000000
185	0.2368421053
186	0.2564102564
187	0.2500000000
188	0.2500000000
189	0.2000000000
190	0.2250000000
191	0.2500000000
192	0.1750000000
193	0.2250000000
194	0.2500000000
195	0.1500000000
196	0.1250000000
197	0.1538461538
198	0.1500000000
199	0.1500000000
200	0.1250000000
201	0.1250000000
202	0.1500000000
203	0.1500000000
204	0.1500000000
205	0.1750000000
206	0.1500000000
207	0.1750000000
208	0.1750000000
209	0.1750000000
210	0.1794871795
211	0.1750000000
212	0.1750000000
213	0.1578947368
214	0.1750000000
215	0.1750000000
216	0.1750000000
217	0.1750000000
218	0.1794871795
219	0.1794871795
220	0.1794871795
221	0.1750000000
222	0.1500000000
223	0.1500000000
224	0.1750000000
225	0.1500000000
226	0.1500000000
227	0.1750000000
228	0.1750000000
229	0.1750000000
230	0.1250000000
231	0.1250000000
232	0.1500000000
233	0.1000000000
234	0.0750000000
235	0.0750000000
236	0.0750000000
237	0.1025641026
238	0.1025641026
239	0.0769230769
240	0.1000000000
241	0.0750000000
242	0.1000000000
243	0.1250000000
244	0.1500000000
245	0.1500000000
246	0.1750000000
247	0.1250000000
248	0.2000000000
249	0.2500000000
250	0.2000000000
