1	0.8000000000
2	0.6250000000
3	0.5750000000
4	0.6250000000
5	0.7000000000
6	0.8250000000
7	0.7250000000
8	0.7250000000
9	0.7500000000
10	0.9487179487
11	0.9473684211
12	0.9230769231
13	0.8974358974
14	0.8205128205
15	0.9000000000
16	0.8750000000
17	0.8250000000
18	0.7750000000
19	0.7250000000
20	0.6923076923
21	0.6000000000
22	0.9000000000
23	0.7750000000
24	0.7250000000
25	0.8250000000
26	0.9000000000
27	0.9250000000
28	0.9743589744
29	0.9743589744
30	0.9487179487
31	1.0000000000
32	1.0000000000
33	1.0000000000
34	1.0000000000
35	1.0000000000
36	1.0000000000
37	1.0000000000
38	0.9750000000
39	0.9743589744
40	1.0000000000
41	0.9750000000
42	0.9750000000
43	0.9750000000
44	0.9750000000
45	1.0000000000
46	1.0000000000
47	1.0000000000
48	1.0000000000
49	0.9750000000
50	0.9750000000
51	1.0000000000
52	1.0000000000
53	1.0000000000
54	1.0000000000
55	0.9750000000
56	0.9750000000
57	0.9743589744
58	0.9750000000
59	1.0000000000
60	1.0000000000
61	1.0000000000
62	1.0000000000
63	1.0000000000
64	1.0000000000
65	1.0000000000
66	1.0000000000
67	1.0000000000
68	1.0000000000
69	0.9750000000
70	0.9250000000
71	0.9500000000
72	0.9500000000
73	0.9250000000
74	0.8974358974
75	0.8684210526
76	0.8974358974
77	0.9750000000
78	0.9250000000
79	0.9500000000
80	0.9250000000
81	0.8500000000
82	0.8461538462
83	0.8750000000
84	0.9000000000
85	0.8500000000
86	0.8461538462
87	0.8684210526
88	0.9487179487
89	0.9487179487
90	0.9487179487
91	0.9000000000
92	0.9250000000
93	0.9250000000
94	0.9000000000
95	0.9250000000
96	0.9500000000
97	0.9500000000
98	0.9500000000
99	0.9250000000
100	0.9500000000
101	0.9000000000
102	0.8750000000
103	0.9000000000
104	0.8717948718
105	0.8461538462
106	0.8205128205
107	0.8500000000
108	0.8500000000
109	0.8000000000
110	0.8000000000
111	0.7948717949
112	0.8000000000
113	0.7750000000
114	0.8000000000
115	0.7750000000
116	0.7000000000
117	0.6250000000
118	0.6500000000
119	0.6000000000
120	0.7000000000
121	0.6750000000
122	0.6500000000
123	0.6250000000
124	0.6250000000
125	0.5897435897
126	0.6000000000
127	0.6000000000
128	0.6000000000
129	0.5250000000
130	0.5500000000
131	0.5384615385
132	0.5384615385
133	0.5250000000
134	0.5500000000
135	0.6000000000
136	0.5750000000
137	0.5000000000
138	0.5000000000
139	0.5500000000
140	0.5250000000
141	0.5000000000
142	0.4750000000
143	0.5000000000
144	0.5500000000
145	0.4500000000
146	0.4750000000
147	0.5000000000
148	0.5000000000
149	0.5250000000
150	0.5000000000
151	0.5000000000
152	0.4750000000
153	0.4750000000
154	0.4750000000
155	0.5000000000
156	0.5500000000
157	0.5250000000
158	0.5500000000
159	0.5000000000
160	0.5250000000
161	0.4750000000
162	0.5250000000
163	0.5250000000
164	0.4871794872
165	0.4750000000
166	0.4250000000
167	0.4250000000
168	0.4750000000
169	0.4750000000
170	0.4750000000
171	0.5000000000
172	0.4250000000
173	0.3846153846
174	0.3250000000
175	0.3000000000
176	0.3750000000
177	0.3250000000
178	0.3750000000
179	0.2500000000
180	0.2500000000
181	0.2500000000
182	0.2250000000
183	0.2250000000
184	0.2250000000
185	0.2750000000
186	0.2750000000
187	0.3333333333
188	0.3333333333
189	0.3076923077
190	0.3250000000
191	0.3750000000
192	0.3750000000
193	0.3500000000
194	0.3500000000
195	0.3750000000
196	0.3500000000
197	0.3500000000
198	0.3500000000
199	0.3000000000
200	0.3000000000
201	0.2750000000
202	0.2750000000
203	0.2500000000
204	0.2500000000
205	0.2500000000
206	0.2000000000
207	0.2000000000
208	0.2000000000
209	0.2250000000
210	0.2500000000
211	0.3000000000
212	0.3000000000
213	0.3250000000
214	0.2500000000
215	0.2307692308
216	0.2250000000
217	0.2250000000
218	0.2564102564
219	0.2250000000
220	0.2500000000
221	0.2500000000
222	0.2250000000
223	0.2000000000
224	0.2000000000
225	0.2000000000
226	0.2250000000
227	0.2250000000
228	0.2250000000
229	0.2250000000
230	0.2000000000
231	0.1750000000
232	0.2000000000
233	0.2000000000
234	0.2000000000
235	0.1500000000
236	0.1500000000
237	0.1500000000
238	0.1750000000
239	0.1794871795
240	0.1750000000
241	0.1750000000
242	0.2000000000
243	0.2051282051
244	0.2000000000
245	0.2250000000
246	0.2000000000
247	0.1282051282
248	0.1250000000
249	0.1500000000
250	0.1250000000
