1	0.7000000000
2	0.7000000000
3	0.1750000000
4	0.1315789474
5	0.2564102564
6	0.2051282051
7	0.2894736842
8	0.1578947368
9	0.2307692308
10	0.1750000000
11	0.2250000000
12	0.2750000000
13	0.1250000000
14	0.0256410256
15	0.2051282051
16	0.2051282051
17	0.4000000000
18	0.3000000000
19	0.3000000000
20	0.3250000000
21	0.3250000000
22	0.2972972973
23	0.2307692308
24	0.4102564103
25	0.6153846154
26	0.7179487179
27	0.6250000000
28	0.6578947368
29	0.6052631579
30	0.6578947368
31	0.5945945946
32	0.7105263158
33	0.6666666667
34	0.5750000000
35	0.5500000000
36	0.5250000000
37	0.5526315789
38	0.5384615385
39	0.5384615385
40	0.5789473684
41	0.4615384615
42	0.6410256410
43	0.4871794872
44	0.6153846154
45	0.6315789474
46	0.5750000000
47	0.6410256410
48	0.6153846154
49	0.6410256410
50	0.7000000000
51	0.7750000000
52	0.8000000000
53	0.8000000000
54	0.8500000000
55	0.9000000000
56	0.9230769231
57	0.9230769231
58	0.9000000000
59	0.8717948718
60	0.8947368421
61	0.9250000000
62	0.9750000000
63	0.9500000000
64	0.9230769231
65	0.9500000000
66	0.9500000000
67	0.9500000000
68	0.8750000000
69	0.8717948718
70	0.8500000000
71	0.8750000000
72	0.8750000000
73	0.9000000000
74	0.9230769231
75	0.9743589744
76	0.9500000000
77	0.9000000000
78	0.8250000000
79	0.8750000000
80	0.9000000000
81	0.8250000000
82	0.6750000000
83	0.6750000000
84	0.6500000000
85	0.6500000000
86	0.7000000000
87	0.6750000000
88	0.6500000000
89	0.6410256410
90	0.6410256410
91	0.6000000000
92	0.6000000000
93	0.5250000000
94	0.5750000000
95	0.5128205128
96	0.4500000000
97	0.5250000000
98	0.5250000000
99	0.5750000000
100	0.6000000000
101	0.5500000000
102	0.4500000000
103	0.4750000000
104	0.5000000000
105	0.5250000000
106	0.5500000000
107	0.4871794872
108	0.5128205128
109	0.5526315789
110	0.5128205128
111	0.6410256410
112	0.6410256410
113	0.6410256410
114	0.6410256410
115	0.5897435897
116	0.6153846154
117	0.5750000000
118	0.5750000000
119	0.5500000000
120	0.5128205128
121	0.4871794872
122	0.4615384615
123	0.5500000000
124	0.5384615385
125	0.5250000000
126	0.4500000000
127	0.4750000000
128	0.5000000000
129	0.5250000000
130	0.5000000000
131	0.5000000000
132	0.5250000000
133	0.5000000000
134	0.4750000000
135	0.4250000000
136	0.4000000000
137	0.4000000000
138	0.4500000000
139	0.4500000000
140	0.3500000000
141	0.3500000000
142	0.3750000000
143	0.3500000000
144	0.3250000000
145	0.3250000000
146	0.3500000000
147	0.3000000000
148	0.3250000000
149	0.3250000000
150	0.3500000000
151	0.4000000000
152	0.4500000000
153	0.5128205128
154	0.4750000000
155	0.4250000000
156	0.4750000000
157	0.4000000000
158	0.3750000000
159	0.3250000000
160	0.2750000000
161	0.3000000000
162	0.3000000000
163	0.3000000000
164	0.2500000000
165	0.2250000000
166	0.2250000000
167	0.2750000000
168	0.2500000000
169	0.2750000000
170	0.2564102564
171	0.2500000000
172	0.1750000000
173	0.2250000000
174	0.2000000000
175	0.2250000000
176	0.2000000000
177	0.2000000000
178	0.2000000000
179	0.2250000000
180	0.2250000000
181	0.2368421053
182	0.2432432432
183	0.2051282051
184	0.2051282051
185	0.2250000000
186	0.2500000000
187	0.3250000000
188	0.3250000000
189	0.3000000000
190	0.3250000000
191	0.3250000000
192	0.3250000000
193	0.3250000000
194	0.2500000000
195	0.3000000000
196	0.3000000000
197	0.2750000000
198	0.3000000000
199	0.3000000000
200	0.3947368421
201	0.3076923077
202	0.3000000000
203	0.3250000000
204	0.2500000000
205	0.3250000000
206	0.3250000000
207	0.2500000000
208	0.2250000000
209	0.2250000000
210	0.2500000000
211	0.2750000000
212	0.2750000000
213	0.2500000000
214	0.2250000000
215	0.2250000000
216	0.2250000000
217	0.2000000000
218	0.2250000000
219	0.2500000000
220	0.3000000000
221	0.3000000000
222	0.2750000000
223	0.2500000000
224	0.2250000000
225	0.2250000000
226	0.2750000000
227	0.2307692308
228	0.2500000000
229	0.2500000000
230	0.2750000000
231	0.2750000000
232	0.2750000000
233	0.2250000000
234	0.2500000000
235	0.2500000000
236	0.2250000000
237	0.1750000000
238	0.2000000000
239	0.1794871795
240	0.1750000000
241	0.1750000000
242	0.1750000000
243	0.1750000000
244	0.1500000000
245	0.1500000000
246	0.1500000000
247	0.1500000000
248	0.1538461538
249	0.1025641026
250	0.1000000000
