1	0.6500000000
2	0.4250000000
3	0.2750000000
4	0.3421052632
5	0.4102564103
6	0.3000000000
7	0.2750000000
8	0.1250000000
9	0.1750000000
10	0.2564102564
11	0.1750000000
12	0.0750000000
13	0.1538461538
14	0.1250000000
15	0.0500000000
16	0.0000000000
17	0.0512820513
18	0.0000000000
19	0.3076923077
20	0.3250000000
21	0.4000000000
22	0.4750000000
23	0.7250000000
24	0.6666666667
25	0.7179487179
26	0.7692307692
27	0.7631578947
28	0.7297297297
29	0.8888888889
30	0.9473684211
31	0.8461538462
32	0.9000000000
33	0.7692307692
34	0.8974358974
35	0.9230769231
36	0.9000000000
37	0.9500000000
38	1.0000000000
39	1.0000000000
40	1.0000000000
41	1.0000000000
42	1.0000000000
43	1.0000000000
44	1.0000000000
45	0.9743589744
46	0.9487179487
47	0.9487179487
48	0.9736842105
49	0.9250000000
50	0.9250000000
51	0.9743589744
52	0.9210526316
53	0.9473684211
54	0.9736842105
55	0.9210526316
56	0.9210526316
57	0.9210526316
58	0.9189189189
59	0.9714285714
60	0.9696969697
61	1.0000000000
62	0.9729729730
63	0.9487179487
64	0.9230769231
65	0.8717948718
66	0.8421052632
67	0.8974358974
68	0.9000000000
69	0.8750000000
70	0.8750000000
71	0.8750000000
72	0.8750000000
73	0.8500000000
74	0.8750000000
75	0.8717948718
76	0.8750000000
77	0.8750000000
78	0.9000000000
79	0.8974358974
80	0.9230769231
81	0.8974358974
82	0.8974358974
83	0.8717948718
84	0.8717948718
85	0.8750000000
86	0.8750000000
87	0.9000000000
88	0.9250000000
89	0.9000000000
90	0.9000000000
91	0.8500000000
92	0.8500000000
93	0.8500000000
94	0.8750000000
95	0.8000000000
96	0.8250000000
97	0.8000000000
98	0.8250000000
99	0.8250000000
100	0.8250000000
101	0.8250000000
102	0.8250000000
103	0.8250000000
104	0.8250000000
105	0.8250000000
106	0.8000000000
107	0.7750000000
108	0.8750000000
109	0.8250000000
110	0.7750000000
111	0.8250000000
112	0.7250000000
113	0.7500000000
114	0.7500000000
115	0.7500000000
116	0.7500000000
117	0.7500000000
118	0.7500000000
119	0.7500000000
120	0.7750000000
121	0.8000000000
122	0.7250000000
123	0.7179487179
124	0.7000000000
125	0.7250000000
126	0.7000000000
127	0.6750000000
128	0.6500000000
129	0.7250000000
130	0.6750000000
131	0.6750000000
132	0.7000000000
133	0.6410256410
134	0.6410256410
135	0.5500000000
136	0.5500000000
137	0.5750000000
138	0.5750000000
139	0.5500000000
140	0.5750000000
141	0.5500000000
142	0.5250000000
143	0.4750000000
144	0.5250000000
145	0.4750000000
146	0.4500000000
147	0.4250000000
148	0.4250000000
149	0.4500000000
150	0.4250000000
151	0.4500000000
152	0.4500000000
153	0.4250000000
154	0.4250000000
155	0.4250000000
156	0.4250000000
157	0.4000000000
158	0.4000000000
159	0.4000000000
160	0.5000000000
161	0.4750000000
162	0.4750000000
163	0.4500000000
164	0.4250000000
165	0.4500000000
166	0.4250000000
167	0.5128205128
168	0.5000000000
169	0.4500000000
170	0.4750000000
171	0.4750000000
172	0.3750000000
173	0.3500000000
174	0.2750000000
175	0.2750000000
176	0.2750000000
177	0.2750000000
178	0.3000000000
179	0.2750000000
180	0.3000000000
181	0.3000000000
182	0.3000000000
183	0.3250000000
184	0.2750000000
185	0.2750000000
186	0.2500000000
187	0.2500000000
188	0.2250000000
189	0.2750000000
190	0.3000000000
191	0.3000000000
192	0.3000000000
193	0.3250000000
194	0.3250000000
195	0.3000000000
196	0.3000000000
197	0.2500000000
198	0.2500000000
199	0.3000000000
200	0.2750000000
201	0.2250000000
202	0.2750000000
203	0.2500000000
204	0.2000000000
205	0.2000000000
206	0.1750000000
207	0.2250000000
208	0.2500000000
209	0.2250000000
210	0.2750000000
211	0.2750000000
212	0.2750000000
213	0.3000000000
214	0.3076923077
215	0.3500000000
216	0.3750000000
217	0.4000000000
218	0.3750000000
219	0.3500000000
220	0.3500000000
221	0.3750000000
222	0.3500000000
223	0.4250000000
224	0.3750000000
225	0.3250000000
226	0.2820512821
227	0.2500000000
228	0.3000000000
229	0.3250000000
230	0.3000000000
231	0.2750000000
232	0.2750000000
233	0.3000000000
234	0.3000000000
235	0.3500000000
236	0.3500000000
237	0.3846153846
238	0.3333333333
239	0.3250000000
240	0.3250000000
241	0.3250000000
242	0.3250000000
243	0.3250000000
244	0.3000000000
245	0.3000000000
246	0.3250000000
247	0.3250000000
248	0.3500000000
249	0.3500000000
250	0.3750000000
