1	0.7000000000
2	0.5250000000
3	0.5000000000
4	0.4750000000
5	0.4358974359
6	0.5128205128
7	0.5897435897
8	0.6666666667
9	0.5897435897
10	0.6153846154
11	0.5750000000
12	0.6500000000
13	0.6500000000
14	0.6250000000
15	0.6250000000
16	0.5500000000
17	0.6923076923
18	0.8974358974
19	0.9000000000
20	1.0000000000
21	1.0000000000
22	1.0000000000
23	1.0000000000
24	1.0000000000
25	1.0000000000
26	1.0000000000
27	1.0000000000
28	1.0000000000
29	1.0000000000
30	1.0000000000
31	1.0000000000
32	1.0000000000
33	1.0000000000
34	1.0000000000
35	1.0000000000
36	1.0000000000
37	1.0000000000
38	1.0000000000
39	0.9750000000
40	1.0000000000
41	1.0000000000
42	1.0000000000
43	1.0000000000
44	1.0000000000
45	1.0000000000
46	1.0000000000
47	1.0000000000
48	1.0000000000
49	1.0000000000
50	1.0000000000
51	1.0000000000
52	1.0000000000
53	1.0000000000
54	1.0000000000
55	1.0000000000
56	1.0000000000
57	1.0000000000
58	0.9750000000
59	0.9750000000
60	0.9487179487
61	0.9500000000
62	1.0000000000
63	1.0000000000
64	1.0000000000
65	1.0000000000
66	1.0000000000
67	1.0000000000
68	1.0000000000
69	1.0000000000
70	1.0000000000
71	1.0000000000
72	1.0000000000
73	1.0000000000
74	1.0000000000
75	1.0000000000
76	1.0000000000
77	1.0000000000
78	1.0000000000
79	1.0000000000
80	1.0000000000
81	1.0000000000
82	1.0000000000
83	1.0000000000
84	1.0000000000
85	1.0000000000
86	1.0000000000
87	1.0000000000
88	1.0000000000
89	1.0000000000
90	1.0000000000
91	1.0000000000
92	1.0000000000
93	1.0000000000
94	1.0000000000
95	0.9500000000
96	0.9500000000
97	0.9500000000
98	0.9000000000
99	0.9500000000
100	0.9500000000
101	1.0000000000
102	0.9750000000
103	0.9750000000
104	0.9500000000
105	0.9250000000
106	0.9000000000
107	0.9000000000
108	0.8750000000
109	0.8750000000
110	0.9250000000
111	0.9250000000
112	0.8500000000
113	0.8500000000
114	0.8000000000
115	0.8000000000
116	0.8750000000
117	0.8000000000
118	0.7692307692
119	0.7500000000
120	0.7500000000
121	0.7250000000
122	0.7750000000
123	0.7750000000
124	0.8750000000
125	0.8250000000
126	0.8250000000
127	0.8000000000
128	0.8500000000
129	0.8250000000
130	0.7750000000
131	0.7500000000
132	0.6750000000
133	0.6500000000
134	0.6000000000
135	0.6250000000
136	0.6666666667
137	0.7000000000
138	0.6500000000
139	0.5750000000
140	0.6000000000
141	0.5750000000
142	0.5500000000
143	0.6000000000
144	0.6000000000
145	0.6000000000
146	0.5750000000
147	0.6000000000
148	0.6500000000
149	0.6500000000
150	0.5500000000
151	0.5000000000
152	0.5000000000
153	0.5250000000
154	0.5000000000
155	0.5250000000
156	0.4750000000
157	0.4500000000
158	0.4500000000
159	0.3750000000
160	0.4500000000
161	0.4750000000
162	0.5250000000
163	0.5500000000
164	0.5750000000
165	0.6000000000
166	0.5500000000
167	0.5000000000
168	0.4750000000
169	0.5250000000
170	0.5250000000
171	0.5000000000
172	0.5000000000
173	0.5128205128
174	0.4500000000
175	0.4250000000
176	0.4250000000
177	0.4500000000
178	0.4250000000
179	0.4500000000
180	0.4750000000
181	0.3500000000
182	0.4000000000
183	0.3500000000
184	0.4000000000
185	0.3750000000
186	0.3750000000
187	0.4250000000
188	0.4250000000
189	0.3750000000
190	0.3750000000
191	0.4000000000
192	0.4000000000
193	0.3750000000
194	0.4000000000
195	0.4250000000
196	0.4250000000
197	0.4500000000
198	0.4250000000
199	0.3750000000
200	0.3500000000
201	0.3250000000
202	0.3250000000
203	0.2750000000
204	0.2750000000
205	0.2750000000
206	0.2500000000
207	0.2750000000
208	0.2750000000
209	0.3000000000
210	0.2250000000
211	0.2750000000
212	0.2750000000
213	0.3000000000
214	0.3000000000
215	0.3000000000
216	0.2500000000
217	0.3250000000
218	0.3250000000
219	0.3250000000
220	0.3250000000
221	0.3750000000
222	0.2750000000
223	0.2750000000
224	0.2750000000
225	0.3250000000
226	0.2750000000
227	0.2750000000
228	0.2750000000
229	0.3000000000
230	0.2500000000
231	0.2500000000
232	0.3000000000
233	0.2750000000
234	0.3000000000
235	0.3000000000
236	0.2500000000
237	0.3000000000
238	0.3000000000
239	0.3000000000
240	0.3250000000
241	0.3250000000
242	0.3250000000
243	0.3000000000
244	0.3250000000
245	0.2750000000
246	0.2750000000
247	0.2750000000
248	0.3000000000
249	0.3000000000
250	0.3000000000
