1	2.7344047823
2	2.7917642695
3	3.0196276217
4	3.1342334530
5	3.2752222644
6	3.3288206675
7	3.4443256737
8	3.8223853479
9	3.8564122699
10	4.0112269251
11	4.0547193599
12	4.1090948914
13	4.1812775191
14	4.2428149002
15	4.2933273072
16	4.3790558299
17	4.4129089629
18	4.5268301499
19	4.5769465003
20	4.6464516691
21	4.7290126801
22	4.8045224138
23	4.8299857839
24	4.8592322815
25	4.8826707318
26	4.9626919313
27	5.0236971945
28	5.0627530121
29	5.0926940078
30	5.1421542451
31	5.1700041477
32	5.2030522547
33	5.2257022226
34	5.2651134720
35	5.2891821613
36	5.3117630389
37	5.3431008340
38	5.3943276043
39	5.4156597092
40	5.4361973862
41	5.4623974685
42	5.4684736162
43	5.4963650372
44	5.5044462072
45	5.5236689631
46	5.5310156854
47	5.5670333558
48	5.5764584691
49	5.6012902174
50	5.6086470663
51	5.6589844827
52	5.6621105166
53	5.6870023740
54	5.7135492406
55	5.7217408250
56	5.7337993291
57	5.7375152829
58	5.7522314936
59	5.7733643117
60	5.7796205904
61	5.7935437109
62	5.8085136555
63	5.8207497543
64	5.8302920274
65	5.8521432978
66	5.8692983268
67	5.8738167105
68	5.8963648163
69	5.9050118844
70	5.9162318667
71	5.9222213636
72	5.9285983080
73	5.9527220400
74	5.9672886695
75	5.9792781584
76	5.9839411950
77	5.9875384621
78	5.9900727480
79	5.9991292143
80	6.0017915065
81	6.0047213624
82	6.0158753502
83	6.0285483769
84	6.0325558073
85	6.0383595498
86	6.0503838234
87	6.0561179352
88	6.0594774546
89	6.0636255134
90	6.0675529594
91	6.0705432448
92	6.0782947039
93	6.0801547498
94	6.0869647325
95	6.0926688311
96	6.0957568219
97	6.0979748442
98	6.1051823609
99	6.1140557184
100	6.1214258400
101	6.1246777097
102	6.1257722241
103	6.1283279510
104	6.1313546584
105	6.1407534556
106	6.1435217315
107	6.1510354124
108	6.1521670706
109	6.1625370217
110	6.1670496856
111	6.1693295848
112	6.1741549677
113	6.1755670798
114	6.1787603200
115	6.1792963476
116	6.1796645575
117	6.1819382582
118	6.1823584147
119	6.1828976078
120	6.1852487955
121	6.1856348752
122	6.1871484249
123	6.1882910629
124	6.1888919898
125	6.1893393520
126	6.1908232013
127	6.1958139911
128	6.1991955119
129	6.2046922924
130	6.2050209546
131	6.2060341385
132	6.2072624678
133	6.2097446565
134	6.2094671726
135	6.2092500424
136	6.2109185301
137	6.2127165927
138	6.2133974572
139	6.2151064630
140	6.2172234800
141	6.2177609911
142	6.2181463115
143	6.2194903571
144	6.2194035569
145	6.2192113992
146	6.2188697231
147	6.2197275806
148	6.2211529322
149	6.2213603307
150	6.2219352347
151	6.2249871517
152	6.2257064003
153	6.2277428654
154	6.2303091566
155	6.2308589174
156	6.2315075647
157	6.2322805054
158	6.2326757284
159	6.2332828168
160	6.2341859365
161	6.2354518638
162	6.2374616138
163	6.2389530695
164	6.2396945266
165	6.2405901958
166	6.2427614847
167	6.2427431098
168	6.2428495295
169	6.2429724734
170	6.2423005935
171	6.2431070026
172	6.2445707375
173	6.2445750890
174	6.2446104521
175	6.2443735872
176	6.2444639846
177	6.2453023494
178	6.2459761645
179	6.2460712909
180	6.2468464312
181	6.2471396299
182	6.2469616990
183	6.2466368418
184	6.2469176912
185	6.2464150266
186	6.2477114398
187	6.2475217103
188	6.2493739165
189	6.2498829643
190	6.2500383900
191	6.2501323565
192	6.2502575944
193	6.2504194349
194	6.2509826128
195	6.2510386504
196	6.2511003379
197	6.2511019703
198	6.2508981710
199	6.2514114906
200	6.2518467545
201	6.2518566207
202	6.2519801819
203	6.2522662449
204	6.2517379150
205	6.2521121169
206	6.2520850155
207	6.2529220689
208	6.2529562050
209	6.2525102087
210	6.2526816132
211	6.2527725567
212	6.2531567532
213	6.2529860698
214	6.2524739672
215	6.2527512653
216	6.2531413409
217	6.2536204708
218	6.2531682423
219	6.2538500396
220	6.2541030798
221	6.2545464289
222	6.2545642204
223	6.2548164569
224	6.2549871674
225	6.2549649258
226	6.2553645764
227	6.2554711977
228	6.2557863948
229	6.2558184019
230	6.2561313932
231	6.2560283008
232	6.2564321600
233	6.2565807271
234	6.2570798795
235	6.2570412875
236	6.2569048707
237	6.2564778882
238	6.2567122954
239	6.2570464618
240	6.2574348700
241	6.2581095339
242	6.2579913843
243	6.2580815131
244	6.2589115995
245	6.2593230272
246	6.2596504708
247	6.2598100217
248	6.2599853574
249	6.2604097087
250	6.2600753965
