1	2.6775586644
2	2.7716264638
3	2.8715234485
4	3.0593716546
5	3.2112887288
6	3.2894334688
7	3.5182511351
8	3.6156647718
9	3.6939957815
10	3.8851523113
11	3.9446721332
12	3.9986146448
13	4.0481797324
14	4.0865042326
15	4.2059297314
16	4.2082016150
17	4.4087586864
18	4.5624235921
19	4.7806305430
20	4.8261260095
21	4.9085869525
22	4.9980562614
23	5.1619814085
24	5.1674388684
25	5.2073615040
26	5.2712583733
27	5.3145817282
28	5.3679581769
29	5.4232458706
30	5.4508744843
31	5.4314706321
32	5.4655803083
33	5.5059877115
34	5.5455551666
35	5.5925053973
36	5.6223316472
37	5.6413101319
38	5.7087394919
39	5.7704021983
40	5.7983426052
41	5.8228253934
42	5.8227850636
43	5.8495519746
44	5.8661614472
45	5.8831481031
46	5.8933697910
47	5.9088209896
48	5.9234231528
49	5.9292764989
50	5.9349878931
51	5.9429694731
52	5.9524308943
53	5.9702139306
54	5.9886809267
55	6.0052391774
56	6.0124571595
57	6.0285641107
58	6.0408634290
59	6.0495992919
60	6.0634598804
61	6.0759428384
62	6.0741066378
63	6.0734835562
64	6.0800916448
65	6.0821060106
66	6.0865111255
67	6.1051360718
68	6.1043500247
69	6.1080110239
70	6.1116018781
71	6.1119449334
72	6.1149121848
73	6.1154881187
74	6.1157307861
75	6.1193737118
76	6.1195919439
77	6.1196274245
78	6.1303192082
79	6.1378653203
80	6.1475688209
81	6.1522486030
82	6.1581189345
83	6.1584419007
84	6.1594193521
85	6.1608795253
86	6.1619495141
87	6.1617100362
88	6.1624548757
89	6.1629727718
90	6.1623597687
91	6.1667965117
92	6.1694575632
93	6.1722770304
94	6.1725359625
95	6.1709159862
96	6.1745372402
97	6.1757867713
98	6.1776764513
99	6.1799171167
100	6.1800186487
101	6.1884798925
102	6.1885571409
103	6.1891048421
104	6.1910958311
105	6.1908056470
106	6.1906621771
107	6.1932440611
108	6.2323146706
109	6.2384919209
110	6.2394162962
111	6.2458999022
112	6.2435819897
113	6.2438698176
114	6.2439870971
115	6.2426943175
116	6.2434896851
117	6.2447181788
118	6.2450429217
119	6.2456516278
120	6.2469387869
121	6.2470135111
122	6.2483047777
123	6.2475676233
124	6.2480424083
125	6.2488631569
126	6.2489489181
127	6.2491138550
128	6.2489988821
129	6.2500405910
130	6.2500329688
131	6.2500160527
132	6.2484498813
133	6.2479101292
134	6.2485094846
135	6.2484492688
136	6.2484947143
137	6.2491447087
138	6.2504060894
139	6.2506156045
140	6.2510155808
141	6.2506405124
142	6.2505473880
143	6.2495451984
144	6.2499984154
145	6.2500095824
146	6.2507039902
147	6.2507263642
148	6.2511293406
149	6.2517114496
150	6.2524768749
151	6.2528573803
152	6.2524667609
153	6.2527903024
154	6.2525804966
155	6.2522533175
156	6.2522888718
157	6.2524303459
158	6.2516493453
159	6.2515800610
160	6.2514099668
161	6.2513818366
162	6.2513212727
163	6.2515325367
164	6.2505858946
165	6.2508518092
166	6.2508521274
167	6.2529166457
168	6.2538098045
169	6.2539923897
170	6.2535068314
171	6.2540816909
172	6.2541001322
173	6.2524435654
174	6.2526076009
175	6.2529734545
176	6.2529715263
177	6.2532820863
178	6.2534528752
179	6.2537501787
180	6.2529577723
181	6.2525694267
182	6.2525999802
183	6.2516483854
184	6.2514290825
185	6.2515989551
186	6.2518735632
187	6.2547609883
188	6.2546092629
189	6.2549601844
190	6.2548917736
191	6.2552200836
192	6.2550756149
193	6.2552894516
194	6.2552831000
195	6.2547303639
196	6.2557239415
197	6.2557672461
198	6.2557315053
199	6.2553350653
200	6.2564119105
201	6.2566004164
202	6.2565690303
203	6.2564511216
204	6.2566948120
205	6.2564030597
206	6.2548421721
207	6.2548867892
208	6.2561008329
209	6.2560762219
210	6.2560840869
211	6.2554790314
212	6.2555367045
213	6.2555620807
214	6.2566328207
215	6.2566047234
216	6.2562614361
217	6.2569353389
218	6.2569498621
219	6.2569961026
220	6.2570216884
221	6.2570271709
222	6.2556469333
223	6.2561742614
224	6.2554807461
225	6.2552963670
226	6.2552303085
227	6.2549773378
228	6.2561453787
229	6.2561349125
230	6.2561109907
231	6.2560978870
232	6.2562800967
233	6.2578308611
234	6.2563491117
235	6.2573716690
236	6.2562770286
237	6.2576016581
238	6.2576411593
239	6.2571825440
240	6.2572050238
241	6.2571233103
242	6.2570857606
243	6.2570773328
244	6.2557545805
245	6.2575453889
246	6.2570872967
247	6.2572873645
248	6.2576672181
249	6.2576408765
250	6.2571714240
