1	2.7305663272
2	2.5762312427
3	2.7604469094
4	2.8349365234
5	2.9522667175
6	3.0348936759
7	3.2627101655
8	3.5077593877
9	3.5930312614
10	3.8503320857
11	3.9117366961
12	4.0251501899
13	4.1933827728
14	4.3270604831
15	4.3693650916
16	4.4398179660
17	4.5294770298
18	4.7960457184
19	4.8959790011
20	4.9320784353
21	4.9781197438
22	5.0004539222
23	5.0584154488
24	5.1030114631
25	5.2411037926
26	5.3089975012
27	5.3326509585
28	5.4090297160
29	5.4651679513
30	5.4745994262
31	5.5271735244
32	5.5421114093
33	5.6270599943
34	5.6822747960
35	5.7200867365
36	5.7299701958
37	5.7473115720
38	5.7933269452
39	5.8201383794
40	5.8597844307
41	5.8891772154
42	5.9060803543
43	5.9287530386
44	5.9298722134
45	5.9332087924
46	5.9644918259
47	5.9627455495
48	5.9677710479
49	5.9755973143
50	5.9884153814
51	5.9947358853
52	6.0072649124
53	6.0241397849
54	6.0290136991
55	6.0430992898
56	6.0504098330
57	6.0551676454
58	6.0610162376
59	6.0754668617
60	6.0775083213
61	6.0886074132
62	6.0958201468
63	6.1090523216
64	6.1162982030
65	6.1216747080
66	6.1237181653
67	6.1293649333
68	6.1325814099
69	6.1369898489
70	6.1448912833
71	6.1492724418
72	6.1501163093
73	6.1490999821
74	6.1485627376
75	6.1516397192
76	6.1610273268
77	6.1620129448
78	6.1643507416
79	6.1653382871
80	6.1660455411
81	6.1702945861
82	6.1723380323
83	6.1734438814
84	6.1772691626
85	6.1770725148
86	6.1805836524
87	6.1868700184
88	6.1891376302
89	6.1901283849
90	6.1964055538
91	6.2005955744
92	6.2001829210
93	6.2017880417
94	6.2018036359
95	6.2021862720
96	6.2024381964
97	6.2050217073
98	6.2051752835
99	6.2047099118
100	6.2076988573
101	6.2106180206
102	6.2109582878
103	6.2084896194
104	6.2081333994
105	6.2125750683
106	6.2126122795
107	6.2128537253
108	6.2111007715
109	6.2119909203
110	6.2129089852
111	6.2154608736
112	6.2161722031
113	6.2186168663
114	6.2201914190
115	6.2205818363
116	6.2211993782
117	6.2240844374
118	6.2249508494
119	6.2252734204
120	6.2242685613
121	6.2246080697
122	6.2246280916
123	6.2260292431
124	6.2268468211
125	6.2274755309
126	6.2284849946
127	6.2291779232
128	6.2286155869
129	6.2278340526
130	6.2267525923
131	6.2272389586
132	6.2288726288
133	6.2329429773
134	6.2325165216
135	6.2322102841
136	6.2312107757
137	6.2313890401
138	6.2319741153
139	6.2325734631
140	6.2334799944
141	6.2339725255
142	6.2342055963
143	6.2344314499
144	6.2347869844
145	6.2350845009
146	6.2354561401
147	6.2365463994
148	6.2366427711
149	6.2363037112
150	6.2365366729
151	6.2368091147
152	6.2372283238
153	6.2374482363
154	6.2373049862
155	6.2377400282
156	6.2373898177
157	6.2356158807
158	6.2384175903
159	6.2387055924
160	6.2382226356
161	6.2374747649
162	6.2385571004
163	6.2385665096
164	6.2385262642
165	6.2396350354
166	6.2401545990
167	6.2397706617
168	6.2399991779
169	6.2405178561
170	6.2411659734
171	6.2411997804
172	6.2418840521
173	6.2425323457
174	6.2425536076
175	6.2424749299
176	6.2398488591
177	6.2398335382
178	6.2418927932
179	6.2422826084
180	6.2424957115
181	6.2425293360
182	6.2426861030
183	6.2429238309
184	6.2428139631
185	6.2432086824
186	6.2425632113
187	6.2419615896
188	6.2420633287
189	6.2419295713
190	6.2420312862
191	6.2419922471
192	6.2428062928
193	6.2432229710
194	6.2432703208
195	6.2435743453
196	6.2437003735
197	6.2436759114
198	6.2435842026
199	6.2446942012
200	6.2457241771
201	6.2466675415
202	6.2473135243
203	6.2462188109
204	6.2463991682
205	6.2461933966
206	6.2469560207
207	6.2469859620
208	6.2477655902
209	6.2479425824
210	6.2488389850
211	6.2485067906
212	6.2491573251
213	6.2488984060
214	6.2488129399
215	6.2490275147
216	6.2492179747
217	6.2493592032
218	6.2500180710
219	6.2502569044
220	6.2503154267
221	6.2504035207
222	6.2490370644
223	6.2485781005
224	6.2488339850
225	6.2488182816
226	6.2489574754
227	6.2489855973
228	6.2497341214
229	6.2497610714
230	6.2498166920
231	6.2499953408
232	6.2498670939
233	6.2498724226
234	6.2498805984
235	6.2499524009
236	6.2502191990
237	6.2502014786
238	6.2496244990
239	6.2511277172
240	6.2513521546
241	6.2513558932
242	6.2512732559
243	6.2520265620
244	6.2519954728
245	6.2524823559
246	6.2521502893
247	6.2522178643
248	6.2525805715
249	6.2503588148
250	6.2504283690
