1	2.7872753376
2	2.8641408706
3	2.9728891878
4	3.0487988866
5	3.0201802449
6	3.1729419077
7	3.2527469526
8	3.3035600487
9	3.4368106808
10	3.4613662945
11	3.5101409998
12	3.7174305343
13	3.7849555926
14	3.8455933971
15	3.9616472048
16	3.9803919315
17	4.1043855699
18	4.1782272306
19	4.3051514007
20	4.3755124710
21	4.3846787928
22	4.4967024911
23	4.5470534518
24	4.6110634930
25	4.7222522491
26	4.7379144969
27	4.7603033190
28	4.7804305640
29	4.7936274318
30	4.8858858858
31	4.8967937332
32	4.9647643098
33	5.0153810822
34	5.0678344164
35	5.2399003633
36	5.2753594737
37	5.3154346762
38	5.3095077310
39	5.3453077334
40	5.3625984090
41	5.4016833102
42	5.4300836599
43	5.4918540972
44	5.5246232791
45	5.5478381781
46	5.5879611627
47	5.6154927136
48	5.6224126912
49	5.6361714504
50	5.6710050614
51	5.6789910550
52	5.6909831683
53	5.6945891861
54	5.7020126108
55	5.7036928945
56	5.7160512235
57	5.7145518059
58	5.7267028309
59	5.7290148766
60	5.7379673344
61	5.7540548223
62	5.7792931462
63	5.8019370394
64	5.8063457443
65	5.8165532306
66	5.8280622346
67	5.8322196022
68	5.8752627140
69	5.9197963295
70	5.9393165784
71	5.9481939845
72	5.9590154659
73	5.9876326825
74	5.9927605725
75	6.0003005505
76	6.0237145487
77	6.0349620030
78	6.0483880083
79	6.0595722203
80	6.0634654973
81	6.0671928458
82	6.0698709692
83	6.0781495514
84	6.0807028798
85	6.0965702136
86	6.1032900414
87	6.1163010474
88	6.1172542204
89	6.1217573303
90	6.1278394338
91	6.1311830452
92	6.1350114801
93	6.1396633496
94	6.1407619818
95	6.1419196934
96	6.1489215025
97	6.1507067317
98	6.1590368031
99	6.1589698399
100	6.1639351888
101	6.1689203893
102	6.1752444200
103	6.1748542219
104	6.1755906816
105	6.1846985492
106	6.1866663231
107	6.1943903171
108	6.1937874610
109	6.1976013682
110	6.1980737074
111	6.1999854119
112	6.2021301397
113	6.2029020659
114	6.2057923093
115	6.2097608558
116	6.2099832316
117	6.2099411761
118	6.2112382648
119	6.2145001823
120	6.2160689538
121	6.2160995282
122	6.2156852353
123	6.2188512680
124	6.2199077235
125	6.2227767335
126	6.2268909866
127	6.2275437552
128	6.2266776187
129	6.2268270648
130	6.2278370552
131	6.2283154539
132	6.2292769137
133	6.2296374859
134	6.2298820618
135	6.2315110086
136	6.2311871176
137	6.2315936257
138	6.2335863943
139	6.2351229022
140	6.2354981007
141	6.2355810522
142	6.2362366763
143	6.2377244183
144	6.2368209576
145	6.2364944870
146	6.2364778001
147	6.2371996548
148	6.2394529729
149	6.2400844080
150	6.2409547644
151	6.2413741558
152	6.2409621861
153	6.2395067495
154	6.2399565799
155	6.2403450702
156	6.2408825450
157	6.2408616082
158	6.2411987245
159	6.2408499094
160	6.2408656008
161	6.2413567207
162	6.2411210056
163	6.2390762751
164	6.2396072816
165	6.2422445144
166	6.2422408043
167	6.2436975554
168	6.2405038447
169	6.2444346895
170	6.2435955571
171	6.2433719859
172	6.2436732548
173	6.2436816210
174	6.2437219834
175	6.2436881536
176	6.2441122232
177	6.2444959763
178	6.2448217424
179	6.2456170493
180	6.2464750353
181	6.2464479948
182	6.2467477020
183	6.2470234795
184	6.2465843587
185	6.2463144712
186	6.2464233707
187	6.2463949870
188	6.2458481778
189	6.2443639200
190	6.2450456890
191	6.2472436121
192	6.2475250892
193	6.2485792973
194	6.2486857556
195	6.2486867783
196	6.2487188776
197	6.2479615973
198	6.2482659138
199	6.2482149036
200	6.2476238949
201	6.2472020484
202	6.2468329050
203	6.2481211692
204	6.2481598503
205	6.2488465243
206	6.2494312645
207	6.2495582680
208	6.2473797292
209	6.2478279918
210	6.2487970899
211	6.2491702059
212	6.2494396211
213	6.2495082062
214	6.2495418470
215	6.2507218908
216	6.2505812671
217	6.2505243634
218	6.2506783850
219	6.2508405273
220	6.2508193290
221	6.2503140052
222	6.2511131845
223	6.2507806795
224	6.2495794644
225	6.2516169376
226	6.2518816831
227	6.2510163949
228	6.2508119459
229	6.2508860355
230	6.2480265628
231	6.2476285605
232	6.2476654948
233	6.2475753372
234	6.2477501197
235	6.2482246006
236	6.2483974400
237	6.2481261376
238	6.2511578969
239	6.2511825858
240	6.2511592075
241	6.2513506124
242	6.2493596583
243	6.2493660939
244	6.2494157593
245	6.2526860436
246	6.2525376268
247	6.2523200684
248	6.2526531994
249	6.2523354407
250	6.2524471488
