1	2.5294548765
2	2.6889052336
3	2.8872756708
4	3.1744331648
5	3.3157313327
6	3.4843643505
7	3.8209089402
8	3.9108368225
9	3.9930991511
10	4.0222191873
11	4.1613842649
12	4.3555015496
13	4.3760042700
14	4.4238650908
15	4.4805798419
16	4.5434263641
17	4.7406016214
18	5.0566855369
19	5.1078936305
20	5.1317499388
21	5.2031619945
22	5.2523111907
23	5.3028646696
24	5.3333957952
25	5.3839278346
26	5.4435859730
27	5.5019185580
28	5.5135744821
29	5.5301716831
30	5.5570658143
31	5.5681614194
32	5.6121737554
33	5.6385674074
34	5.6508662919
35	5.6533291165
36	5.6974490890
37	5.7005503611
38	5.7233780668
39	5.7376107647
40	5.7939307745
41	5.8031015660
42	5.8101354831
43	5.8303499900
44	5.8331739964
45	5.8507683447
46	5.8573179999
47	5.8693308939
48	5.8726636021
49	5.8808145967
50	5.9027878790
51	5.9166042125
52	5.9259685144
53	5.9252183873
54	5.9384978484
55	5.9413819830
56	5.9408328929
57	5.9478921097
58	5.9638307955
59	5.9682046300
60	5.9791706018
61	5.9952707672
62	6.0142686459
63	6.0275196840
64	6.0394553707
65	6.0484659543
66	6.0641355977
67	6.0920731001
68	6.1030478748
69	6.1073056640
70	6.1180721400
71	6.1279703715
72	6.1333315783
73	6.1369304057
74	6.1396810669
75	6.1391667766
76	6.1403135208
77	6.1421010146
78	6.1434283516
79	6.1489295628
80	6.1494035098
81	6.1539124982
82	6.1607116653
83	6.1676233128
84	6.1719117129
85	6.1760175452
86	6.1852257291
87	6.1868669760
88	6.1886890992
89	6.1915377907
90	6.1922959921
91	6.1955768836
92	6.1971206936
93	6.1972660249
94	6.1999644059
95	6.1984069912
96	6.1986941939
97	6.2008435723
98	6.2011533940
99	6.2047764680
100	6.2036365784
101	6.2076830110
102	6.2080375166
103	6.2086303792
104	6.2131005482
105	6.2131618845
106	6.2170356675
107	6.2185395024
108	6.2191745987
109	6.2204321336
110	6.2241578408
111	6.2268812385
112	6.2250716637
113	6.2276884530
114	6.2278662632
115	6.2279422141
116	6.2289006314
117	6.2302476420
118	6.2302158330
119	6.2318053263
120	6.2319842313
121	6.2329348600
122	6.2377055817
123	6.2385615673
124	6.2395987915
125	6.2391149093
126	6.2399859581
127	6.2394530671
128	6.2402671570
129	6.2405457671
130	6.2413854625
131	6.2403821443
132	6.2410632372
133	6.2414643933
134	6.2413455954
135	6.2414400812
136	6.2436646913
137	6.2439796413
138	6.2442121910
139	6.2442154661
140	6.2433183290
141	6.2434711709
142	6.2432870462
143	6.2436828425
144	6.2439167515
145	6.2443577025
146	6.2457923742
147	6.2463447076
148	6.2464460246
149	6.2471164134
150	6.2474151885
151	6.2472080469
152	6.2470913331
153	6.2476348694
154	6.2467003911
155	6.2467783078
156	6.2458339468
157	6.2459646160
158	6.2459587497
159	6.2470264859
160	6.2474624638
161	6.2488155109
162	6.2488416181
163	6.2493443223
164	6.2498904505
165	6.2500188142
166	6.2500668586
167	6.2500250162
168	6.2500617172
169	6.2501006264
170	6.2501184793
171	6.2501329940
172	6.2500974004
173	6.2501120318
174	6.2502225761
175	6.2509897031
176	6.2509685725
177	6.2516240451
178	6.2515983884
179	6.2516090398
180	6.2516450270
181	6.2527286343
182	6.2531063665
183	6.2531781217
184	6.2534076756
185	6.2533604902
186	6.2535638284
187	6.2539223406
188	6.2537734399
189	6.2529678696
190	6.2531442350
191	6.2531589900
192	6.2531961985
193	6.2532567724
194	6.2532450477
195	6.2539772992
196	6.2528141923
197	6.2528905300
198	6.2533093534
199	6.2535502960
200	6.2542783844
201	6.2528553994
202	6.2528508917
203	6.2521880597
204	6.2510923951
205	6.2511859773
206	6.2529126957
207	6.2547851265
208	6.2550444056
209	6.2544446950
210	6.2519722861
211	6.2519813661
212	6.2519917216
213	6.2520223765
214	6.2520681569
215	6.2544669293
216	6.2541315396
217	6.2540343106
218	6.2532376967
219	6.2533421697
220	6.2527742699
221	6.2529208160
222	6.2529380223
223	6.2529026086
224	6.2527487579
225	6.2555375735
226	6.2556351647
227	6.2557342008
228	6.2562415216
229	6.2562032184
230	6.2539271455
231	6.2549083036
232	6.2550856279
233	6.2540835086
234	6.2550679808
235	6.2551296322
236	6.2548902680
237	6.2546641738
238	6.2554186820
239	6.2555404449
240	6.2555143530
241	6.2548670798
242	6.2553600458
243	6.2562926551
244	6.2565086270
245	6.2556405115
246	6.2551205068
247	6.2550397310
248	6.2550934618
249	6.2551220620
250	6.2552724068
