1	2.8158634204
2	2.8992175779
3	2.9269256255
4	2.9710672433
5	3.1354986166
6	3.2805093643
7	3.4248034939
8	3.5544416273
9	3.6319564451
10	3.7543015788
11	3.9468846169
12	4.1182180045
13	4.1688070898
14	4.2782209951
15	4.2875726860
16	4.3438815946
17	4.4529828083
18	4.4989280603
19	4.5717017451
20	4.6462075832
21	4.7176809335
22	4.7901333729
23	4.8846372142
24	4.9307202722
25	4.9778139175
26	5.0379602517
27	5.0667870882
28	5.1089553976
29	5.1509878094
30	5.1624907823
31	5.1995629805
32	5.2559169560
33	5.2640525396
34	5.2914632349
35	5.3190613533
36	5.3491338682
37	5.3659024047
38	5.4143290231
39	5.4475147529
40	5.4562269377
41	5.4697871318
42	5.4814802154
43	5.4948244810
44	5.5228060661
45	5.5289741023
46	5.5485747051
47	5.5549709894
48	5.5636075340
49	5.5735960558
50	5.5809447380
51	5.6100502116
52	5.6344724095
53	5.6512644669
54	5.6754019454
55	5.6936735488
56	5.7133038649
57	5.7287977666
58	5.7374969308
59	5.7480405786
60	5.7535542525
61	5.7576888278
62	5.7642224248
63	5.7954203288
64	5.8035214720
65	5.8228420846
66	5.8279407258
67	5.8594859825
68	5.8658311182
69	5.8694957357
70	5.8940910084
71	5.8959011409
72	5.9114300046
73	5.9156629681
74	5.9191530213
75	5.9341969501
76	5.9393921485
77	5.9487769339
78	5.9565002313
79	5.9793584887
80	5.9874120698
81	5.9902777326
82	5.9925176148
83	6.0043299795
84	6.0181072430
85	6.0235378693
86	6.0297425583
87	6.0310425812
88	6.0372349450
89	6.0403420519
90	6.0608569507
91	6.0686266922
92	6.0709913815
93	6.0773472315
94	6.0848661414
95	6.0860197747
96	6.0876227156
97	6.0880720943
98	6.0928441505
99	6.1023318879
100	6.1048945761
101	6.1153168805
102	6.1206781730
103	6.1234793227
104	6.1308411011
105	6.1348838717
106	6.1362923570
107	6.1421500933
108	6.1431382709
109	6.1457476415
110	6.1511504797
111	6.1537214227
112	6.1548599753
113	6.1553558829
114	6.1575086075
115	6.1578276938
116	6.1612297129
117	6.1619105687
118	6.1677689468
119	6.1721594479
120	6.1768420951
121	6.1811221313
122	6.1857911607
123	6.1882495920
124	6.1911185069
125	6.1942819825
126	6.1950937873
127	6.1947783738
128	6.1960353910
129	6.1954171034
130	6.1991328860
131	6.2012456666
132	6.2023067909
133	6.2037787431
134	6.2090814585
135	6.2100625759
136	6.2130778490
137	6.2134365320
138	6.2139981451
139	6.2159484665
140	6.2167460543
141	6.2169940602
142	6.2189161554
143	6.2202900897
144	6.2226009530
145	6.2227055670
146	6.2225749965
147	6.2230157251
148	6.2235422344
149	6.2246795515
150	6.2252720427
151	6.2256388384
152	6.2269804575
153	6.2269643172
154	6.2272965426
155	6.2274818069
156	6.2284883433
157	6.2289221233
158	6.2299668731
159	6.2308706522
160	6.2316545053
161	6.2321772783
162	6.2328439353
163	6.2327266737
164	6.2335579670
165	6.2341492542
166	6.2357023573
167	6.2369673019
168	6.2386095151
169	6.2397373847
170	6.2406788737
171	6.2412924394
172	6.2413894704
173	6.2413018649
174	6.2435942590
175	6.2438105455
176	6.2454801254
177	6.2450727488
178	6.2457371693
179	6.2469477173
180	6.2469287570
181	6.2463729320
182	6.2458850318
183	6.2467370411
184	6.2474032604
185	6.2474619942
186	6.2477456075
187	6.2479140464
188	6.2483582140
189	6.2488770090
190	6.2491447462
191	6.2489283224
192	6.2483891689
193	6.2487037779
194	6.2494146471
195	6.2495122597
196	6.2489754577
197	6.2491419061
198	6.2495155975
199	6.2489176432
200	6.2507944542
201	6.2516777263
202	6.2521122984
203	6.2518597355
204	6.2520268252
205	6.2520567467
206	6.2526377971
207	6.2528486031
208	6.2535883443
209	6.2534529606
210	6.2535018504
211	6.2537242704
212	6.2539612868
213	6.2536022931
214	6.2534303061
215	6.2534819925
216	6.2537612439
217	6.2539559212
218	6.2542075521
219	6.2540465317
220	6.2541480818
221	6.2549377774
222	6.2544817525
223	6.2549213511
224	6.2548557202
225	6.2547090913
226	6.2550343207
227	6.2550036183
228	6.2539086656
229	6.2544162394
230	6.2544914594
231	6.2552303186
232	6.2550589786
233	6.2539557415
234	6.2549392311
235	6.2545504847
236	6.2544882308
237	6.2545295586
238	6.2549653744
239	6.2554581484
240	6.2559784672
241	6.2565392499
242	6.2578116373
243	6.2580078385
244	6.2581453241
245	6.2584772437
246	6.2586084065
247	6.2591525541
248	6.2590091580
249	6.2589007877
250	6.2590344685
