1	2.8329916163
2	2.9733451827
3	3.1533112663
4	3.3074331047
5	3.5474154768
6	3.7021078998
7	3.7275393601
8	3.8039874509
9	3.8764185210
10	3.9426411945
11	4.0051343895
12	4.0932032633
13	4.2174408307
14	4.2881061116
15	4.3251973857
16	4.4578447364
17	4.4685075273
18	4.5330587685
19	4.5916937358
20	4.6563873347
21	4.7097529120
22	4.7995124328
23	4.8520810476
24	4.8854394098
25	4.9086990773
26	4.9344120132
27	5.0234198047
28	5.0451178012
29	5.0957465910
30	5.1296028800
31	5.1597122475
32	5.1963652167
33	5.2223481921
34	5.2374316059
35	5.2865702515
36	5.2947257310
37	5.3216741798
38	5.3345511517
39	5.3557256396
40	5.3711731183
41	5.3891891542
42	5.4007950515
43	5.4241230815
44	5.4362405040
45	5.4564650375
46	5.4727693490
47	5.5103476138
48	5.5342662743
49	5.5547703584
50	5.5701161467
51	5.5850253983
52	5.6260683482
53	5.6334725652
54	5.6538686150
55	5.6572797662
56	5.6651567351
57	5.6734025959
58	5.6865162614
59	5.6918665888
60	5.7018925753
61	5.7080243748
62	5.7217565593
63	5.7255184822
64	5.7339718886
65	5.7555484532
66	5.7675871705
67	5.7710820550
68	5.7767718404
69	5.7953435945
70	5.8131196673
71	5.8278300030
72	5.8328285697
73	5.8424901342
74	5.8582554941
75	5.8757955538
76	5.8798217941
77	5.8935731385
78	5.9089989767
79	5.9349810459
80	5.9431277405
81	5.9482438543
82	5.9612605987
83	5.9698205763
84	5.9753433037
85	5.9806622409
86	5.9864936766
87	6.0034877898
88	6.0055159673
89	6.0074045582
90	6.0113422023
91	6.0227176787
92	6.0310399119
93	6.0404967636
94	6.0486512501
95	6.0535844807
96	6.0570887480
97	6.0582811485
98	6.0621965087
99	6.0634860242
100	6.0663990707
101	6.0692120308
102	6.0721911568
103	6.0727784356
104	6.0783845859
105	6.0943165984
106	6.0974597165
107	6.1163105955
108	6.1246319916
109	6.1262510599
110	6.1269550862
111	6.1299523846
112	6.1337664388
113	6.1350498777
114	6.1359276146
115	6.1381633662
116	6.1411594034
117	6.1435377921
118	6.1458015233
119	6.1485868901
120	6.1490453637
121	6.1504577897
122	6.1643786611
123	6.1659486044
124	6.1676414216
125	6.1689340282
126	6.1708200553
127	6.1739512446
128	6.1769349666
129	6.1842467202
130	6.1856004824
131	6.1867960544
132	6.1884773742
133	6.1910174228
134	6.1923751749
135	6.1929789617
136	6.1963601859
137	6.1967485375
138	6.1974986093
139	6.1994857992
140	6.1999415342
141	6.2009140057
142	6.2027721486
143	6.2037228238
144	6.2032270757
145	6.2041686701
146	6.2043379426
147	6.2062026607
148	6.2085695602
149	6.2097559232
150	6.2105939333
151	6.2126939085
152	6.2129465291
153	6.2137908028
154	6.2149845061
155	6.2153433202
156	6.2159498827
157	6.2195095206
158	6.2197571702
159	6.2235584484
160	6.2241202336
161	6.2263080474
162	6.2266865487
163	6.2271508567
164	6.2269509911
165	6.2289534868
166	6.2296993583
167	6.2304720998
168	6.2306906927
169	6.2300656904
170	6.2314731628
171	6.2322244103
172	6.2319904253
173	6.2322911810
174	6.2344608420
175	6.2346765197
176	6.2358284220
177	6.2359462241
178	6.2376795482
179	6.2380494514
180	6.2382089397
181	6.2390110635
182	6.2394482378
183	6.2396726623
184	6.2400056067
185	6.2390711600
186	6.2400625260
187	6.2402670770
188	6.2417714525
189	6.2422623013
190	6.2420045288
191	6.2429582992
192	6.2442915138
193	6.2438453718
194	6.2441663492
195	6.2449887410
196	6.2456411111
197	6.2465556662
198	6.2457972025
199	6.2466303457
200	6.2474172552
201	6.2469743522
202	6.2471164347
203	6.2485456084
204	6.2489140976
205	6.2488353140
206	6.2488935288
207	6.2493701860
208	6.2495765403
209	6.2493119738
210	6.2490757487
211	6.2492509075
212	6.2505985039
213	6.2507144066
214	6.2513357197
215	6.2516201050
216	6.2516380212
217	6.2516173892
218	6.2517585208
219	6.2521070241
220	6.2521074976
221	6.2519746943
222	6.2522529577
223	6.2526093742
224	6.2525903959
225	6.2526499949
226	6.2527560076
227	6.2520648262
228	6.2526568204
229	6.2525121377
230	6.2523385680
231	6.2524008832
232	6.2526907675
233	6.2525810887
234	6.2533962670
235	6.2530662648
236	6.2536100771
237	6.2538388750
238	6.2537064561
239	6.2538020297
240	6.2538925763
241	6.2544187994
242	6.2544846455
243	6.2546335175
244	6.2547171828
245	6.2551196088
246	6.2556720643
247	6.2553363919
248	6.2553725357
249	6.2552189422
250	6.2552847834
