1	2.6083322317
2	2.8029646020
3	2.7263483461
4	2.8001831126
5	2.9901017696
6	3.1857659326
7	3.3248916571
8	3.4213837051
9	3.5781697399
10	3.6309731133
11	3.7093700685
12	3.8579975613
13	3.8898368424
14	3.8955649786
15	3.9475282003
16	4.0503025721
17	4.1719248085
18	4.3479923608
19	4.6177405901
20	4.7274866695
21	4.8113664020
22	4.8611567131
23	4.8717822435
24	4.9486242110
25	5.0949351239
26	5.1206356826
27	5.1552965929
28	5.2016026055
29	5.2448013914
30	5.2794737111
31	5.3013809219
32	5.3290230863
33	5.3579212520
34	5.3835285848
35	5.3972560524
36	5.4030593424
37	5.4155169812
38	5.4179603714
39	5.4424352124
40	5.5188952864
41	5.5343156079
42	5.5592938756
43	5.5707637287
44	5.6114619473
45	5.6469168973
46	5.6808919654
47	5.6878662353
48	5.7162547010
49	5.7476087968
50	5.8208084907
51	5.8691377741
52	5.9219395378
53	5.9268810591
54	5.9521810706
55	5.9823612417
56	5.9963841482
57	6.0036395162
58	6.0136050941
59	6.0251901956
60	6.0318309446
61	6.0389441937
62	6.0416443508
63	6.0518813132
64	6.0576055878
65	6.0622543994
66	6.0731726495
67	6.0815278542
68	6.0863710069
69	6.0872242326
70	6.0894185825
71	6.0927119706
72	6.0969996212
73	6.1080884529
74	6.1089066975
75	6.1100111875
76	6.1146560202
77	6.1142681228
78	6.1162624789
79	6.1274013027
80	6.1290077610
81	6.1285367435
82	6.1268990467
83	6.1274512092
84	6.1315403912
85	6.1356227375
86	6.1350168190
87	6.1349117309
88	6.1418908302
89	6.1495044505
90	6.1543602955
91	6.1578890748
92	6.1585027775
93	6.1599692147
94	6.1713417795
95	6.1719723717
96	6.1730041950
97	6.1762007447
98	6.1802688955
99	6.1813946713
100	6.1821808347
101	6.1898996580
102	6.1982391274
103	6.2023404608
104	6.2039306351
105	6.2068026973
106	6.2091838589
107	6.2105011524
108	6.2119263092
109	6.2132017995
110	6.2201301679
111	6.2242148565
112	6.2250638185
113	6.2260486123
114	6.2234099292
115	6.2220365818
116	6.2220680999
117	6.2225856780
118	6.2231307302
119	6.2239926716
120	6.2234281921
121	6.2236105109
122	6.2239001764
123	6.2249033087
124	6.2253539717
125	6.2287244137
126	6.2297210973
127	6.2300839115
128	6.2303589798
129	6.2313887635
130	6.2320059854
131	6.2325120331
132	6.2323436235
133	6.2326037871
134	6.2335623353
135	6.2333815161
136	6.2339385275
137	6.2343003116
138	6.2347555890
139	6.2346639951
140	6.2348991562
141	6.2349877354
142	6.2350753125
143	6.2344828397
144	6.2324990681
145	6.2337621372
146	6.2349239812
147	6.2363944085
148	6.2370623337
149	6.2378180064
150	6.2389733964
151	6.2397519797
152	6.2402682224
153	6.2407277661
154	6.2407245429
155	6.2397612678
156	6.2399611198
157	6.2388908018
158	6.2386576376
159	6.2387366745
160	6.2386410395
161	6.2388672909
162	6.2390258346
163	6.2398953181
164	6.2400396953
165	6.2398314255
166	6.2392972274
167	6.2404217642
168	6.2402942263
169	6.2416944519
170	6.2416676716
171	6.2440771499
172	6.2441084604
173	6.2444006641
174	6.2445294689
175	6.2447158683
176	6.2446520125
177	6.2451949101
178	6.2451973107
179	6.2462186592
180	6.2463653725
181	6.2474706355
182	6.2475235524
183	6.2480298199
184	6.2478381733
185	6.2482023387
186	6.2484357648
187	6.2476582896
188	6.2496631917
189	6.2496466120
190	6.2499639557
191	6.2499809495
192	6.2501350943
193	6.2502217243
194	6.2498796397
195	6.2500332850
196	6.2492402686
197	6.2502452769
198	6.2503573974
199	6.2502879408
200	6.2518102285
201	6.2516393722
202	6.2516212572
203	6.2524141564
204	6.2505547123
205	6.2519566368
206	6.2509783965
207	6.2514424169
208	6.2514237160
209	6.2515128894
210	6.2517854471
211	6.2517348624
212	6.2522050467
213	6.2518025703
214	6.2511924981
215	6.2516228229
216	6.2519014771
217	6.2519666291
218	6.2524088040
219	6.2534020865
220	6.2533400436
221	6.2533575547
222	6.2533286273
223	6.2534481677
224	6.2526835261
225	6.2527137749
226	6.2525985153
227	6.2527576309
228	6.2513758136
229	6.2514267869
230	6.2515156612
231	6.2515136580
232	6.2533810893
233	6.2535444226
234	6.2535152559
235	6.2539663189
236	6.2540686558
237	6.2541733881
238	6.2543918939
239	6.2543734412
240	6.2544546795
241	6.2543900237
242	6.2545023582
243	6.2545491597
244	6.2545215470
245	6.2543622632
246	6.2545982149
247	6.2546587171
248	6.2541302159
249	6.2518722402
250	6.2518756685
