1	2.6960098911
2	2.8184106258
3	2.8775368067
4	2.9985511476
5	3.0594417625
6	3.2705142546
7	3.4081487806
8	3.4618536543
9	3.4791121825
10	3.5246206274
11	3.7042974622
12	3.7881762877
13	3.8875918025
14	3.9622402409
15	4.1348519215
16	4.2062779970
17	4.2839779313
18	4.4764981923
19	4.5609193083
20	4.6784535295
21	4.7290632375
22	4.8065703176
23	4.8442261942
24	4.8640642170
25	4.8981618154
26	4.9744229129
27	5.0133521265
28	5.0925829095
29	5.1282005827
30	5.1483151212
31	5.2071346477
32	5.2623964246
33	5.2724790857
34	5.2889161930
35	5.3169502844
36	5.3416386215
37	5.3897439881
38	5.4087400252
39	5.4355006454
40	5.4492123545
41	5.4669888245
42	5.4855412246
43	5.4963592893
44	5.5183461870
45	5.5280825348
46	5.5436236678
47	5.5632001182
48	5.5879264117
49	5.6119947366
50	5.6259925295
51	5.6540473061
52	5.6654883186
53	5.6919341616
54	5.7059803510
55	5.7147807216
56	5.7364602154
57	5.7688434129
58	5.7775805690
59	5.7988982119
60	5.8178236739
61	5.8403969456
62	5.8630025442
63	5.8752143585
64	5.8778675515
65	5.8921186098
66	5.9060552100
67	5.9096214535
68	5.9207705117
69	5.9511366320
70	5.9620140208
71	5.9692592357
72	5.9708215981
73	5.9770403739
74	5.9797432412
75	5.9855614729
76	5.9922192081
77	5.9965436304
78	6.0072217675
79	6.0165529801
80	6.0225588065
81	6.0300264084
82	6.0446145866
83	6.0489328383
84	6.0557824936
85	6.0650113819
86	6.0708994851
87	6.0732854517
88	6.0778675127
89	6.0814752813
90	6.0846859646
91	6.0870070375
92	6.0981365175
93	6.0989127584
94	6.1058839993
95	6.1074888539
96	6.1119325072
97	6.1164605147
98	6.1203091299
99	6.1228085730
100	6.1276212104
101	6.1290605682
102	6.1308634536
103	6.1340728914
104	6.1354096707
105	6.1396745475
106	6.1383252215
107	6.1422461618
108	6.1445376523
109	6.1467690469
110	6.1472966299
111	6.1519996488
112	6.1550846014
113	6.1583212777
114	6.1617018115
115	6.1635777213
116	6.1671356057
117	6.1679453663
118	6.1718800894
119	6.1777119721
120	6.1836775312
121	6.1841251505
122	6.1864992701
123	6.1865754443
124	6.1871361126
125	6.1875799347
126	6.1876937571
127	6.1902851998
128	6.1912086680
129	6.1917211474
130	6.1943400595
131	6.1971360316
132	6.1978921164
133	6.1999649801
134	6.1999317970
135	6.2034803162
136	6.2040612794
137	6.2043555458
138	6.2043563770
139	6.2059696278
140	6.2063743540
141	6.2069768025
142	6.2070325398
143	6.2075786629
144	6.2114395509
145	6.2114564142
146	6.2124044542
147	6.2141135096
148	6.2150681814
149	6.2165341956
150	6.2186464282
151	6.2188116110
152	6.2191723907
153	6.2195620040
154	6.2208633220
155	6.2214587617
156	6.2220853239
157	6.2220286125
158	6.2217450980
159	6.2230261271
160	6.2242887415
161	6.2229179118
162	6.2234427445
163	6.2234339823
164	6.2235897215
165	6.2284968894
166	6.2288940707
167	6.2289084193
168	6.2290853469
169	6.2289909113
170	6.2289129590
171	6.2293624846
172	6.2299269135
173	6.2303645245
174	6.2310324165
175	6.2320657370
176	6.2323889939
177	6.2328171769
178	6.2324679571
179	6.2325385845
180	6.2357672525
181	6.2362966630
182	6.2363186699
183	6.2367829427
184	6.2377298120
185	6.2378528104
186	6.2367772002
187	6.2377654227
188	6.2382507004
189	6.2386292822
190	6.2392906740
191	6.2395840894
192	6.2393837314
193	6.2399319067
194	6.2396770643
195	6.2403023158
196	6.2405471024
197	6.2420096620
198	6.2423092208
199	6.2425322301
200	6.2417583261
201	6.2419456370
202	6.2425196091
203	6.2428708559
204	6.2434350168
205	6.2434097617
206	6.2440347677
207	6.2446330638
208	6.2453398175
209	6.2456429600
210	6.2458683179
211	6.2463437909
212	6.2460448348
213	6.2457014563
214	6.2459916667
215	6.2463612883
216	6.2463165897
217	6.2461540549
218	6.2463832260
219	6.2460834986
220	6.2457368670
221	6.2469766830
222	6.2471946984
223	6.2479559204
224	6.2482284827
225	6.2485756723
226	6.2486283073
227	6.2485131305
228	6.2482480865
229	6.2496749718
230	6.2497172989
231	6.2505866661
232	6.2502144778
233	6.2502950409
234	6.2503887582
235	6.2505788947
236	6.2507963757
237	6.2515511529
238	6.2513834348
239	6.2513160606
240	6.2510505081
241	6.2514709410
242	6.2519882412
243	6.2519152366
244	6.2519620254
245	6.2523233854
246	6.2531546753
247	6.2533790639
248	6.2532635514
249	6.2531863785
250	6.2530282515
