1	2.6132624094
2	3.0125992225
3	3.0108171883
4	3.1608135918
5	3.3140019118
6	3.5055892985
7	3.5427419171
8	3.5676981922
9	3.7577332220
10	3.7980104218
11	4.0999591526
12	4.1632048857
13	4.2576453062
14	4.3331759801
15	4.4262553641
16	4.6976704047
17	4.7601708465
18	4.7763848116
19	4.8530806327
20	4.8989982716
21	4.9880261916
22	5.0613987729
23	5.0764402118
24	5.1612208109
25	5.2075274697
26	5.2214482189
27	5.2982602824
28	5.3428982166
29	5.3506227816
30	5.3880161384
31	5.3907713505
32	5.4466240223
33	5.4658948916
34	5.5091409270
35	5.6178398835
36	5.6410485605
37	5.6684998395
38	5.7190588115
39	5.7387583848
40	5.8051288662
41	5.8284179007
42	5.8404969365
43	5.8850351986
44	5.9115457984
45	5.9313598835
46	5.9468868637
47	5.9614666890
48	5.9902199694
49	5.9959534225
50	6.0102195883
51	6.0284706846
52	6.0367605373
53	6.0531765730
54	6.0615344213
55	6.0732359701
56	6.0756037547
57	6.0875620962
58	6.0915211709
59	6.0971653832
60	6.0990001971
61	6.1005517930
62	6.1011563549
63	6.1019548776
64	6.1165526564
65	6.1203571236
66	6.1235669261
67	6.1273206069
68	6.1303042538
69	6.1355531498
70	6.1379805227
71	6.1425145567
72	6.1455852913
73	6.1462581078
74	6.1544044447
75	6.1544730844
76	6.1558507087
77	6.1618791325
78	6.1720313359
79	6.1746292529
80	6.1730802853
81	6.1778014833
82	6.1824208396
83	6.1831634931
84	6.1857206123
85	6.1913617807
86	6.1913233363
87	6.1976632398
88	6.1996197342
89	6.2030016609
90	6.2032041456
91	6.2031001740
92	6.2044100845
93	6.2039424948
94	6.2038299273
95	6.2051176608
96	6.2080385893
97	6.2080501152
98	6.2082709370
99	6.2098886005
100	6.2083182114
101	6.2082720311
102	6.2100692738
103	6.2098266133
104	6.2093369420
105	6.2106783618
106	6.2106626467
107	6.2138760684
108	6.2157418887
109	6.2163631669
110	6.2136108063
111	6.2166029062
112	6.2166963943
113	6.2176067141
114	6.2170157231
115	6.2179479658
116	6.2179793256
117	6.2212428351
118	6.2241256172
119	6.2237958726
120	6.2248938937
121	6.2257130991
122	6.2257912484
123	6.2257878571
124	6.2273183471
125	6.2290747294
126	6.2300145404
127	6.2299762062
128	6.2299914322
129	6.2299356764
130	6.2312355052
131	6.2305876165
132	6.2307519625
133	6.2305266375
134	6.2308028616
135	6.2326398522
136	6.2325199217
137	6.2325795426
138	6.2332965372
139	6.2344402293
140	6.2352198586
141	6.2352038652
142	6.2356790730
143	6.2352861785
144	6.2346928250
145	6.2357833847
146	6.2366660475
147	6.2373497920
148	6.2374426660
149	6.2379736474
150	6.2406537741
151	6.2401617137
152	6.2402353151
153	6.2398967312
154	6.2397128891
155	6.2396767399
156	6.2416047382
157	6.2407457166
158	6.2411450954
159	6.2411768624
160	6.2412486789
161	6.2425441338
162	6.2427136509
163	6.2426044022
164	6.2425497694
165	6.2418873607
166	6.2425595090
167	6.2435917946
168	6.2440573710
169	6.2441881709
170	6.2443139173
171	6.2419755293
172	6.2425093434
173	6.2459751377
174	6.2457451649
175	6.2456931676
176	6.2455172104
177	6.2455482540
178	6.2475653985
179	6.2472585255
180	6.2471553300
181	6.2473724426
182	6.2470067921
183	6.2473569664
184	6.2471683938
185	6.2479196477
186	6.2482066300
187	6.2480170140
188	6.2478939179
189	6.2476431534
190	6.2476899764
191	6.2480332023
192	6.2480522094
193	6.2484967391
194	6.2479205187
195	6.2480001112
196	6.2465975954
197	6.2469739888
198	6.2469852741
199	6.2469700742
200	6.2470305653
201	6.2477445957
202	6.2476079498
203	6.2497790890
204	6.2499506631
205	6.2501300679
206	6.2503291937
207	6.2506447516
208	6.2506414725
209	6.2503121272
210	6.2500220410
211	6.2496057003
212	6.2492743519
213	6.2491072494
214	6.2490804487
215	6.2502766603
216	6.2504219300
217	6.2508949246
218	6.2507263299
219	6.2508300418
220	6.2513635992
221	6.2516445588
222	6.2516468176
223	6.2515953431
224	6.2515973497
225	6.2514531364
226	6.2514454089
227	6.2517470628
228	6.2514617087
229	6.2516669921
230	6.2515845772
231	6.2516878556
232	6.2516809154
233	6.2516360829
234	6.2507687374
235	6.2508902690
236	6.2503514043
237	6.2521946637
238	6.2520795121
239	6.2511221638
240	6.2511672689
241	6.2510282782
242	6.2506167305
243	6.2506316703
244	6.2517827312
245	6.2522937277
246	6.2506306961
247	6.2510669253
248	6.2510897563
249	6.2518565852
250	6.2515995844
