1	0.2171410919
2	0.2743948098
3	0.2177828693
4	0.1069061114
5	0.0940490936
6	0.1423724201
7	0.1578697425
8	0.0976455970
9	0.0817669613
10	0.0873016692
11	0.0910361567
12	0.0938703835
13	0.0626579957
14	0.0350776374
15	0.0849562438
16	0.0325905891
17	0.0795716775
18	0.0690916812
19	0.0632759513
20	0.0469424892
21	0.0769789581
22	0.0528868141
23	0.0629460412
24	0.0757045225
25	0.0472879811
26	0.0545565461
27	0.0823555579
28	0.0532502076
29	0.0464880827
30	0.0733203540
31	0.0678725239
32	0.0608611139
33	0.0517330939
34	0.0527131975
35	0.0459029857
36	0.0243442126
37	0.0316359464
38	0.0674668719
39	0.0793307493
40	0.0572936191
41	0.0758281916
42	0.0527554108
43	0.0448357861
44	0.0450221372
45	0.0458373962
46	0.0467056495
47	0.0477403049
48	0.0483710895
49	0.0471794245
50	0.0450174210
51	0.0478758044
52	0.0506173052
53	0.0539720916
54	0.0543950544
55	0.0549767930
56	0.0558305970
57	0.0486095786
58	0.0595816066
59	0.0710256368
60	0.0558571520
61	0.0509005852
62	0.0472346788
63	0.0405812436
64	0.0438970534
65	0.0434298923
66	0.0476205001
67	0.0484124152
68	0.0522867308
69	0.0517713908
70	0.0538232631
71	0.0484796041
72	0.0467714499
73	0.0458907490
74	0.0404728977
75	0.0403469784
76	0.0444427106
77	0.0434051262
78	0.0456025656
79	0.0417076160
80	0.0431819046
81	0.0393663458
82	0.0435214654
83	0.0391641093
84	0.0353131518
85	0.0378243101
86	0.0451122168
87	0.0394232209
88	0.0403826418
89	0.0395002576
90	0.0382564813
91	0.0372279805
92	0.0387853704
93	0.0380919017
94	0.0399251328
95	0.0456860330
96	0.0447248604
97	0.0434805577
98	0.0426974537
99	0.0391212935
100	0.0401645946
101	0.0383438082
102	0.0390102113
103	0.0395211830
104	0.0415198431
105	0.0416322792
106	0.0421217219
107	0.0416473404
108	0.0426393431
109	0.0436051189
110	0.0401762604
111	0.0397122281
112	0.0403268179
113	0.0415681244
114	0.0415052878
115	0.0413950997
116	0.0400951701
117	0.0411386384
118	0.0410109829
119	0.0412645488
120	0.0405152587
121	0.0399290625
122	0.0391748274
123	0.0382527690
124	0.0366735002
125	0.0374394488
126	0.0366865926
127	0.0383815539
128	0.0378183954
129	0.0383361108
130	0.0373161974
131	0.0391034523
132	0.0388250762
133	0.0389916454
134	0.0384964614
135	0.0383774793
136	0.0360255773
137	0.0364106668
138	0.0361680476
139	0.0358318288
140	0.0378026333
141	0.0378101392
142	0.0376715475
143	0.0378178475
144	0.0378421640
145	0.0384587917
146	0.0371985412
147	0.0363009527
148	0.0357228776
149	0.0362045996
150	0.0359810123
151	0.0360600744
152	0.0359165825
153	0.0369702124
154	0.0379939207
155	0.0369670157
156	0.0401111182
157	0.0389975112
158	0.0390092129
159	0.0410853338
160	0.0402437184
161	0.0407551203
162	0.0381700708
163	0.0383447916
164	0.0382489127
165	0.0383958080
166	0.0383509900
167	0.0378995178
168	0.0379462744
169	0.0383930630
170	0.0380789532
171	0.0380382321
172	0.0379235746
173	0.0382025522
174	0.0375995066
175	0.0370064702
176	0.0371743959
177	0.0372237505
178	0.0373704212
179	0.0380161627
180	0.0384234635
181	0.0370276916
182	0.0367723091
183	0.0370883404
184	0.0375467846
185	0.0371853994
186	0.0372448040
187	0.0363328839
188	0.0367157885
189	0.0373553089
190	0.0372650436
191	0.0373810628
192	0.0371846606
193	0.0372459645
194	0.0372631311
195	0.0362836165
196	0.0379093000
197	0.0378902996
198	0.0377075031
199	0.0371865729
200	0.0365683464
201	0.0386997509
202	0.0387390162
203	0.0402443685
204	0.0415337262
205	0.0415389012
206	0.0400724109
207	0.0376144694
208	0.0377932661
209	0.0383193285
210	0.0422349042
211	0.0420040444
212	0.0415367469
213	0.0415759664
214	0.0420602312
215	0.0383082087
216	0.0388762232
217	0.0386954759
218	0.0402342503
219	0.0394786316
220	0.0408149838
221	0.0401936367
222	0.0402355852
223	0.0401944347
224	0.0402412500
225	0.0370307972
226	0.0367187678
227	0.0368811254
228	0.0362248473
229	0.0369643525
230	0.0399653665
231	0.0390881270
232	0.0384855519
233	0.0402548491
234	0.0385656760
235	0.0388085271
236	0.0384255446
237	0.0384030437
238	0.0373228366
239	0.0370522816
240	0.0369261421
241	0.0379742515
242	0.0378781288
243	0.0365316084
244	0.0363232249
245	0.0373447803
246	0.0378899996
247	0.0378182158
248	0.0380753327
249	0.0380766940
250	0.0386197026
