1	0.0538483621
2	0.0369533207
3	0.0435900713
4	0.0317483690
5	0.0343228040
6	0.0341264298
7	0.0136252712
8	0.0364571690
9	0.0231909365
10	0.0190792171
11	0.0252902103
12	0.0302582539
13	0.0258455243
14	0.0208099166
15	0.0203122852
16	0.0202695144
17	0.0208360350
18	0.0199537875
19	0.0213843257
20	0.0165794335
21	0.0186028596
22	0.0393833326
23	0.0287950907
24	0.0179045149
25	0.0162787576
26	0.0187603629
27	0.0179798652
28	0.0204863856
29	0.0221635571
30	0.0243245006
31	0.0169693865
32	0.0210269484
33	0.0237619040
34	0.0139778520
35	0.0205914869
36	0.0172983227
37	0.0182717467
38	0.0132494098
39	0.0167437085
40	0.0184896439
41	0.0176781524
42	0.0213160276
43	0.0164888232
44	0.0196087723
45	0.0192170886
46	0.0197362236
47	0.0269489451
48	0.0172752984
49	0.0139130590
50	0.0205854881
51	0.0161340555
52	0.0189021357
53	0.0144416354
54	0.0177025340
55	0.0187694550
56	0.0187941269
57	0.0162952747
58	0.0173783985
59	0.0172313367
60	0.0164168407
61	0.0232401384
62	0.0211999849
63	0.0221552177
64	0.0178984724
65	0.0156726940
66	0.0170628012
67	0.0207317550
68	0.0200698036
69	0.0205407485
70	0.0223315615
71	0.0189015545
72	0.0167311642
73	0.0186360249
74	0.0185590375
75	0.0183500824
76	0.0177418884
77	0.0105962897
78	0.0115914636
79	0.0168268527
80	0.0145758010
81	0.0210055385
82	0.0194822280
83	0.0194498687
84	0.0180278030
85	0.0156087669
86	0.0170097706
87	0.0149828000
88	0.0114651393
89	0.0092213707
90	0.0087844359
91	0.0113350790
92	0.0133206470
93	0.0109693329
94	0.0094631180
95	0.0135238679
96	0.0099235436
97	0.0114074831
98	0.0128358189
99	0.0144067794
100	0.0136879277
101	0.0137413745
102	0.0156821336
103	0.0146761382
104	0.0140979524
105	0.0119505043
106	0.0135663296
107	0.0131812883
108	0.0141381126
109	0.0138238554
110	0.0116458504
111	0.0140705865
112	0.0094548570
113	0.0097093279
114	0.0094174881
115	0.0110589476
116	0.0097651107
117	0.0098152539
118	0.0107766275
119	0.0114158239
120	0.0114218028
121	0.0113794719
122	0.0141912657
123	0.0140554853
124	0.0133235217
125	0.0108249845
126	0.0125880926
127	0.0137737018
128	0.0142279202
129	0.0150942099
130	0.0129562405
131	0.0122175601
132	0.0161564499
133	0.0140222016
134	0.0135269161
135	0.0151922872
136	0.0112959928
137	0.0114417473
138	0.0121026867
139	0.0124777326
140	0.0143073327
141	0.0137053003
142	0.0139018755
143	0.0155458709
144	0.0168861737
145	0.0148631330
146	0.0146541669
147	0.0146342826
148	0.0157701055
149	0.0160041230
150	0.0132411545
151	0.0141676885
152	0.0141949090
153	0.0142599399
154	0.0145087392
155	0.0121442519
156	0.0126485984
157	0.0129563681
158	0.0124719882
159	0.0120961065
160	0.0118357874
161	0.0100490211
162	0.0104994074
163	0.0098488666
164	0.0096329839
165	0.0115529702
166	0.0115189498
167	0.0109831885
168	0.0152655979
169	0.0166834355
170	0.0181623375
171	0.0150952818
172	0.0128335641
173	0.0142554733
174	0.0130780394
175	0.0140903254
176	0.0122334479
177	0.0110413373
178	0.0119644596
179	0.0107785374
180	0.0119136712
181	0.0120654560
182	0.0112669267
183	0.0116226745
184	0.0106979099
185	0.0177714154
186	0.0136876472
187	0.0119640797
188	0.0110388439
189	0.0103096679
190	0.0184037111
191	0.0152134766
192	0.0133686218
193	0.0123165939
194	0.0109107064
195	0.0091121693
196	0.0087215312
197	0.0114446008
198	0.0126163741
199	0.0138422206
200	0.0119616564
201	0.0097489862
202	0.0096806185
203	0.0108989738
204	0.0134638463
205	0.0115589837
206	0.0127541344
207	0.0085394054
208	0.0126368486
209	0.0126180264
210	0.0129915712
211	0.0156571092
212	0.0157565489
213	0.0152233456
214	0.0133993137
215	0.0126273787
216	0.0126133324
217	0.0132492212
218	0.0125703226
219	0.0104679056
220	0.0096123573
221	0.0108612223
222	0.0109338144
223	0.0100420531
224	0.0093959297
225	0.0116952262
226	0.0117441253
227	0.0122847844
228	0.0128283875
229	0.0120893762
230	0.0127217564
231	0.0126783979
232	0.0136523141
233	0.0144500386
234	0.0132799358
235	0.0130924457
236	0.0119175580
237	0.0128766660
238	0.0142158912
239	0.0150941818
240	0.0158079901
241	0.0136647597
242	0.0118297239
243	0.0096259266
244	0.0121093495
245	0.0129955143
246	0.0100842357
247	0.0117890334
248	0.0103155696
249	0.0105581532
250	0.0102327777
