1	0.1672772515
2	0.1164990081
3	0.0244543141
4	0.0501285619
5	0.1217744689
6	0.0759971392
7	0.1011735484
8	0.1003469951
9	0.0858935981
10	0.1030973267
11	0.0674755489
12	0.0704042670
13	0.0440470615
14	0.0477014757
15	0.0572440120
16	0.0760314769
17	0.0725099889
18	0.1043256904
19	0.0890201625
20	0.0607566727
21	0.0554560051
22	0.0548782706
23	0.0692397102
24	0.0546979799
25	0.0403821315
26	0.0381300959
27	0.0405997257
28	0.0470862644
29	0.0659365476
30	0.0580265353
31	0.0525809336
32	0.0538949120
33	0.0445647899
34	0.0589285142
35	0.0555869254
36	0.0594121377
37	0.0549949984
38	0.0546566948
39	0.0625746249
40	0.0823974273
41	0.0643926825
42	0.0500968511
43	0.0510044036
44	0.0882186831
45	0.0586186029
46	0.0648221515
47	0.0669917606
48	0.0593246904
49	0.0633003231
50	0.0655653260
51	0.0811758285
52	0.0842107956
53	0.0899685754
54	0.0865494894
55	0.0767494902
56	0.0543603034
57	0.0429487319
58	0.0537468539
59	0.0517830487
60	0.0476271001
61	0.0455931603
62	0.0474227527
63	0.0503382852
64	0.0517228244
65	0.0500556311
66	0.0480389083
67	0.0451409825
68	0.0445921962
69	0.0457577783
70	0.0500351652
71	0.0478266264
72	0.0451069645
73	0.0417711221
74	0.0385945748
75	0.0404610663
76	0.0390755459
77	0.0395671224
78	0.0403529960
79	0.0403613224
80	0.0402447349
81	0.0441326230
82	0.0480447535
83	0.0462335169
84	0.0449554220
85	0.0400988100
86	0.0414778471
87	0.0394298407
88	0.0448311777
89	0.0415171362
90	0.0422290134
91	0.0416393314
92	0.0420569852
93	0.0416088048
94	0.0438206567
95	0.0404102691
96	0.0402999632
97	0.0418999409
98	0.0441615825
99	0.0490494260
100	0.0476760692
101	0.0495580234
102	0.0437522305
103	0.0423336448
104	0.0404960688
105	0.0401423542
106	0.0443116366
107	0.0416850466
108	0.0466170647
109	0.0459726766
110	0.0465748204
111	0.0438015659
112	0.0440749391
113	0.0421838950
114	0.0438804249
115	0.0449141005
116	0.0426383168
117	0.0413794825
118	0.0417106456
119	0.0424550940
120	0.0427469128
121	0.0432370058
122	0.0428621459
123	0.0416943372
124	0.0424283452
125	0.0408142433
126	0.0403233067
127	0.0402458095
128	0.0397201710
129	0.0410498985
130	0.0412133051
131	0.0404302598
132	0.0404623146
133	0.0413807987
134	0.0405815102
135	0.0413448547
136	0.0413134178
137	0.0406623470
138	0.0419427208
139	0.0410602143
140	0.0395086201
141	0.0398540446
142	0.0405553494
143	0.0417971648
144	0.0429798564
145	0.0408697913
146	0.0405553685
147	0.0385316478
148	0.0390624003
149	0.0388065592
150	0.0400039649
151	0.0417715707
152	0.0410094459
153	0.0403634953
154	0.0409719575
155	0.0413388259
156	0.0422795176
157	0.0433393122
158	0.0434408510
159	0.0439756216
160	0.0428876980
161	0.0421147968
162	0.0418415497
163	0.0407648155
164	0.0412160670
165	0.0411709688
166	0.0425164666
167	0.0422447351
168	0.0430697314
169	0.0426125703
170	0.0432257190
171	0.0392920970
172	0.0392214027
173	0.0391569679
174	0.0391486143
175	0.0392642687
176	0.0400724841
177	0.0404574741
178	0.0409365034
179	0.0401396307
180	0.0403808643
181	0.0413083062
182	0.0414046184
183	0.0403280051
184	0.0401237736
185	0.0401019699
186	0.0411247611
187	0.0416635767
188	0.0393737159
189	0.0398035422
190	0.0378331985
191	0.0377720604
192	0.0376718967
193	0.0385068724
194	0.0391935412
195	0.0387516996
196	0.0404407317
197	0.0393408850
198	0.0394285399
199	0.0393581515
200	0.0374173052
201	0.0375306893
202	0.0379769533
203	0.0368810999
204	0.0396278018
205	0.0379441730
206	0.0390519450
207	0.0387270533
208	0.0387276489
209	0.0380540089
210	0.0380918147
211	0.0381752817
212	0.0376616024
213	0.0380729827
214	0.0387269936
215	0.0388367073
216	0.0391632353
217	0.0392838214
218	0.0391755709
219	0.0369798346
220	0.0372813110
221	0.0378138495
222	0.0374308131
223	0.0373274091
224	0.0382975188
225	0.0384413982
226	0.0382204857
227	0.0383142240
228	0.0403872989
229	0.0404536397
230	0.0403518818
231	0.0401359608
232	0.0374744039
233	0.0372655383
234	0.0373004353
235	0.0372669062
236	0.0370713717
237	0.0373174707
238	0.0369936552
239	0.0369520617
240	0.0370620026
241	0.0367172527
242	0.0361357010
243	0.0361163763
244	0.0361208659
245	0.0359887329
246	0.0357336719
247	0.0356879258
248	0.0364385904
249	0.0394784842
250	0.0395467246
