1	0.0467953317
2	0.0474204034
3	0.0367203237
4	0.0176439644
5	0.0195388970
6	0.0288098926
7	0.0267796039
8	0.0270668896
9	0.0233501606
10	0.0352071962
11	0.0222411832
12	0.0311403514
13	0.0225859774
14	0.0212434518
15	0.0253865713
16	0.0281657000
17	0.0293117756
18	0.0208274763
19	0.0206310540
20	0.0327415200
21	0.0257907408
22	0.0239485261
23	0.0184720225
24	0.0179069230
25	0.0196878398
26	0.0150471201
27	0.0169748270
28	0.0223719453
29	0.0255125462
30	0.0281564107
31	0.0194941614
32	0.0143614391
33	0.0176363550
34	0.0177359919
35	0.0190208338
36	0.0193027522
37	0.0180353647
38	0.0122076134
39	0.0302316474
40	0.0235047761
41	0.0136909945
42	0.0144185372
43	0.0186988293
44	0.0246711736
45	0.0145139127
46	0.0193448835
47	0.0160584834
48	0.0161017083
49	0.0147198666
50	0.0143448099
51	0.0135693787
52	0.0143303082
53	0.0155093724
54	0.0192725287
55	0.0199222235
56	0.0190187872
57	0.0204065995
58	0.0188246808
59	0.0142873661
60	0.0115897584
61	0.0122819071
62	0.0183003042
63	0.0184811406
64	0.0177863585
65	0.0215467931
66	0.0223933308
67	0.0222288277
68	0.0176508781
69	0.0174740579
70	0.0171418399
71	0.0201712915
72	0.0193381823
73	0.0233574799
74	0.0187715300
75	0.0266729230
76	0.0177505931
77	0.0167832407
78	0.0171992411
79	0.0164600441
80	0.0150042466
81	0.0144411577
82	0.0163224281
83	0.0214637624
84	0.0233038801
85	0.0220603174
86	0.0214914313
87	0.0173929587
88	0.0172865848
89	0.0148474194
90	0.0126985189
91	0.0133432406
92	0.0110002711
93	0.0117088297
94	0.0136791941
95	0.0108845058
96	0.0101622762
97	0.0132451702
98	0.0103250921
99	0.0101247844
100	0.0102251145
101	0.0099141761
102	0.0098711398
103	0.0098753657
104	0.0113939358
105	0.0129449421
106	0.0122592386
107	0.0104531487
108	0.0129020709
109	0.0139700489
110	0.0126489369
111	0.0121134327
112	0.0103860397
113	0.0107214200
114	0.0120550325
115	0.0108620011
116	0.0117268262
117	0.0095363238
118	0.0111060001
119	0.0117459526
120	0.0108833174
121	0.0124551120
122	0.0122625823
123	0.0129809970
124	0.0127694933
125	0.0144179922
126	0.0133769288
127	0.0139436168
128	0.0134233020
129	0.0134266141
130	0.0140569832
131	0.0116935692
132	0.0119384493
133	0.0124556901
134	0.0108029443
135	0.0122712423
136	0.0124555953
137	0.0100393602
138	0.0119143203
139	0.0123385889
140	0.0125660616
141	0.0113721079
142	0.0110598631
143	0.0098884544
144	0.0112111195
145	0.0123439091
146	0.0117784953
147	0.0146970651
148	0.0114655199
149	0.0116912688
150	0.0128084081
151	0.0125242021
152	0.0134852162
153	0.0139907376
154	0.0164208488
155	0.0175103595
156	0.0169273670
157	0.0146980747
158	0.0178694193
159	0.0172411520
160	0.0175674003
161	0.0173761878
162	0.0130048445
163	0.0131321181
164	0.0132994092
165	0.0118212184
166	0.0103843783
167	0.0112410431
168	0.0144415331
169	0.0129848577
170	0.0127388798
171	0.0127511323
172	0.0138630867
173	0.0136721534
174	0.0155696705
175	0.0144056871
176	0.0142530101
177	0.0130510404
178	0.0139151250
179	0.0156941982
180	0.0144787595
181	0.0130004104
182	0.0128223955
183	0.0134156352
184	0.0129712883
185	0.0144026757
186	0.0180190080
187	0.0135961124
188	0.0129117230
189	0.0123290604
190	0.0113588698
191	0.0143874856
192	0.0097934508
193	0.0109223934
194	0.0127457938
195	0.0122096047
196	0.0143529318
197	0.0148978845
198	0.0170272417
199	0.0159879104
200	0.0160499477
201	0.0177932026
202	0.0173007767
203	0.0175591593
204	0.0156979289
205	0.0158925356
206	0.0155820952
207	0.0159374976
208	0.0148297325
209	0.0106588692
210	0.0097778537
211	0.0102841292
212	0.0097467982
213	0.0087214218
214	0.0157392998
215	0.0150238632
216	0.0132066347
217	0.0124126960
218	0.0127781559
219	0.0097242659
220	0.0094021249
221	0.0084749894
222	0.0070312716
223	0.0072457339
224	0.0077027840
225	0.0093443905
226	0.0102794495
227	0.0101994332
228	0.0113107410
229	0.0116184826
230	0.0119878839
231	0.0139153481
232	0.0119938849
233	0.0119317195
234	0.0128414271
235	0.0108040322
236	0.0115648160
237	0.0107999600
238	0.0142648060
239	0.0144407649
240	0.0132238714
241	0.0119855978
242	0.0170290972
243	0.0169079499
244	0.0167135158
245	0.0135874810
246	0.0134538838
247	0.0140684584
248	0.0137757586
249	0.0152506190
250	0.0144571426
