1	0.1025516541
2	0.0978701766
3	0.0909772382
4	0.0501175064
5	0.0914653119
6	0.0761295088
7	0.0991467031
8	0.0684222339
9	0.0901066974
10	0.0213214838
11	0.1010417144
12	0.0510573625
13	0.0645993553
14	0.0441679857
15	0.0439311947
16	0.0466183541
17	0.0537641803
18	0.0727624582
19	0.1025651935
20	0.1104769514
21	0.0929428848
22	0.0997082211
23	0.0943280621
24	0.0917865841
25	0.0754797238
26	0.0662127821
27	0.0918040386
28	0.0641250696
29	0.0538458337
30	0.0403716911
31	0.0405899587
32	0.0478041244
33	0.0677145078
34	0.0512321846
35	0.0489577270
36	0.0900860413
37	0.0747835385
38	0.0703148833
39	0.0793662423
40	0.0808595381
41	0.0911899811
42	0.0836081887
43	0.0738137437
44	0.0692177761
45	0.0515133139
46	0.0281177143
47	0.0400741602
48	0.0297033731
49	0.0332855714
50	0.0341608162
51	0.0449501120
52	0.0413473443
53	0.0336746933
54	0.0333952749
55	0.0299383387
56	0.0321882140
57	0.0317449853
58	0.0329679593
59	0.0391409885
60	0.0462836593
61	0.0406592649
62	0.0441627714
63	0.0433478446
64	0.0405670250
65	0.0437687628
66	0.0498746265
67	0.0508839179
68	0.0403551745
69	0.0632035032
70	0.0659276665
71	0.0521138771
72	0.0545709519
73	0.0518014429
74	0.0495552415
75	0.0508452416
76	0.0576877633
77	0.0488065845
78	0.0522750366
79	0.0479219682
80	0.0464320707
81	0.0515667218
82	0.0596111919
83	0.0560530906
84	0.0571546561
85	0.0561950757
86	0.0496846476
87	0.0485229317
88	0.0485351164
89	0.0477293528
90	0.0480100516
91	0.0492902846
92	0.0461374484
93	0.0434312237
94	0.0428911885
95	0.0434136029
96	0.0429371404
97	0.0412416168
98	0.0384647292
99	0.0389464684
100	0.0417438165
101	0.0441469805
102	0.0433377530
103	0.0427375222
104	0.0448429938
105	0.0442224452
106	0.0431640705
107	0.0443398867
108	0.0467110538
109	0.0460959108
110	0.0469399194
111	0.0467333521
112	0.0468244260
113	0.0469345370
114	0.0454999661
115	0.0446043490
116	0.0428981303
117	0.0439271741
118	0.0448221314
119	0.0443327909
120	0.0465826919
121	0.0467661129
122	0.0465754545
123	0.0439820645
124	0.0436699896
125	0.0416840434
126	0.0429088963
127	0.0414638593
128	0.0419521618
129	0.0426340006
130	0.0422554888
131	0.0405276318
132	0.0411589710
133	0.0403875125
134	0.0390295992
135	0.0397626404
136	0.0402187725
137	0.0398467284
138	0.0380974105
139	0.0380426835
140	0.0380748429
141	0.0376823136
142	0.0379190108
143	0.0383459793
144	0.0406587712
145	0.0415258895
146	0.0410618537
147	0.0423138405
148	0.0405688276
149	0.0389345921
150	0.0391075352
151	0.0391695128
152	0.0388919190
153	0.0408090569
154	0.0410129882
155	0.0405450118
156	0.0406976130
157	0.0400778202
158	0.0399094169
159	0.0406942618
160	0.0418804925
161	0.0407031960
162	0.0409025447
163	0.0444225421
164	0.0442631089
165	0.0411313301
166	0.0405278672
167	0.0383516374
168	0.0428528040
169	0.0377645633
170	0.0386329057
171	0.0386889731
172	0.0398355647
173	0.0399241118
174	0.0401898755
175	0.0404820678
176	0.0402007044
177	0.0413343994
178	0.0413454875
179	0.0407724630
180	0.0408744536
181	0.0407991677
182	0.0401561702
183	0.0400360251
184	0.0397413473
185	0.0403082048
186	0.0399321378
187	0.0405025158
188	0.0411965417
189	0.0432418787
190	0.0427861466
191	0.0394002179
192	0.0403189172
193	0.0383470121
194	0.0385642194
195	0.0381756819
196	0.0386284264
197	0.0389255779
198	0.0385321826
199	0.0380748357
200	0.0384878623
201	0.0394961802
202	0.0395668734
203	0.0386308311
204	0.0386710462
205	0.0386265805
206	0.0382140554
207	0.0383308299
208	0.0413951216
209	0.0402977427
210	0.0387897995
211	0.0390070860
212	0.0390764622
213	0.0392769355
214	0.0393433664
215	0.0379720040
216	0.0378634352
217	0.0384665816
218	0.0384312990
219	0.0384636309
220	0.0383255852
221	0.0386019756
222	0.0386255238
223	0.0394773437
224	0.0407647473
225	0.0377899978
226	0.0377901270
227	0.0391892144
228	0.0391275451
229	0.0390302775
230	0.0442299369
231	0.0446498571
232	0.0442450619
233	0.0442783121
234	0.0447764917
235	0.0444837474
236	0.0443658701
237	0.0439441641
238	0.0398545950
239	0.0397707942
240	0.0397672398
241	0.0398875105
242	0.0429175381
243	0.0428433980
244	0.0430100811
245	0.0402717574
246	0.0405908043
247	0.0410367917
248	0.0404334505
249	0.0400787967
250	0.0399167105
