0.8518917460634043	-0.7488564427471331	0.0
0.8518917460634043	-0.7488564427471331	0.0
0.8518917460634043	-0.7488564427471331	0.0
0.8421817563144688	-0.6864636537608398	0.0
0.8391527866150971	-0.6783604021851118	0.0
0.8358083924936515	-0.6259206700800829	0.0
0.833503579159556	-0.5998283094800656	0.0
0.8324717665655332	-0.5815015842635683	0.0
0.833503579159556	-0.5570304494796756	0.0
0.8324717665655332	-0.5210426385224026	0.0
0.8324717665655332	-0.5210426385224026	0.0
0.6523367426749124	-0.4334437722881259	0.0
0.6523367426749124	-0.4334437722881259	0.0
0.650385346394414	-0.4251233664300375	0.0
0.650385346394414	-0.4080895434117683	0.0
0.6358284168476589	-0.34690652309499914	0.0
0.650385346394414	-0.4080895434117683	0.0
0.6349752174938955	-0.2653097307627513	0.0
0.6349752174938955	-0.2653097307627513	0.0
0.6258647722249464	-0.19439846303098443	0.0
0.45806620731069836	-0.10556856769465955	0.0
0.45806620731069836	-0.10556856769465955	0.0
0.45806620731069836	-0.10556856769465955	0.0
0.4452479634610935	-0.10128192099066692	0.0
0.4349769885095417	-0.03168261215966785	0.0
0.42817555173815125	0.027197213949151543	0.0
0.42061911635052657	0.10532385148616472	0.0
0.41962624414646355	0.152743888419685	0.0
0.25224978733921377	0.2493659754467035	0.0
0.25224978733921377	0.2493659754467035	0.0
0.25224978733921377	0.2493659754467035	0.0
0.25224978733921377	0.2506657961012623	0.0
0.23515117215583836	0.3371284807681279	0.0
0.21993731961880236	0.4352715169160043	0.0
0.2008407427942077	0.5785169814493298	0.0
0.07689089526023614	0.6921283972777914	0.0
0.07689089526023614	0.6921283972777914	0.0
0.07689089526023614	0.6924667053491363	0.0
0.025516952562340087	0.8352261157380647	0.0
0.0	1.0284519110114336	0.0
