0.8541696456707513	-0.7006050267490508	0.0
0.8541696456707513	-0.7006050267490508	0.0
0.8479602766673608	-0.6721542517113329	0.0
0.8434218104389875	-0.6534123921513968	0.0
0.8391432735300454	-0.6094064437608399	0.0
0.8355415386605801	-0.6009904784673942	0.0
0.8355415386605801	-0.6009904784673942	0.0
0.8355415386605801	-0.6009904784673942	0.0
0.8355415386605801	-0.6009904784673942	0.0
0.8355415386605801	-0.6009904784673942	0.0
0.6493576497173046	-0.41948968599683073	0.0
0.6493576497173046	-0.41948968599683073	0.0
0.6493576497173046	-0.4143989692883366	0.0
0.6440501793569431	-0.39191152338606305	0.0
0.6395179315007329	-0.3457311570990257	0.0
0.6395179315007329	-0.3325705201647039	0.0
0.6395179315007329	-0.29075034323968285	0.0
0.6289663480158106	-0.23398434052137854	0.0
0.6263128993610408	-0.20549312083028506	0.0
0.6196769136767892	-0.10844495503518556	0.0
0.45430055150446463	-0.07069655684883958	0.0
0.45430055150446463	-0.07069655684883958	0.0
0.45430055150446463	-0.07069655684883958	0.0
0.45208821594161197	-0.05709556501808502	0.0
0.45208821594161197	-0.05709556501808502	0.0
0.4313312548218408	0.06983212469753877	0.0
0.4306433453031679	0.07226236475581359	0.0
0.4158930369123848	0.22944268892991343	0.0
0.2662032449225934	0.34831297022466445	0.0
0.2662032449225934	0.34831297022466445	0.0
0.27258750182594643	0.33341451652691245	0.0
0.2662032449225934	0.34831297022466445	0.0
0.23670262814102716	0.39737306746095247	0.0
0.2239341143343211	0.5277323278640375	0.0
0.20320281964653097	0.6746912124948532	0.0
0.08083882157798401	0.7869689556699835	0.0
0.08083882157798401	0.7869689556699835	0.0
0.08083882157798401	0.7869689556699835	0.0
0.038569690989711684	0.8462981447741496	0.0
0.0	1.0779431001516806	0.0
