0.8534680475029102	-0.7529775996824422	0.0
0.8460692559804366	-0.7323382191477352	0.0
0.8441977094064574	-0.7074717190486215	0.0
0.8412746712070915	-0.6982635001335975	0.0
0.8381312381399723	-0.6574270843180419	0.0
0.8381312381399723	-0.6378891638228319	0.0
0.8343881449920139	-0.6038420263396026	0.0
0.8319368675892997	-0.5723863742784346	0.0
0.8317398100106221	-0.5676636767896105	0.0
0.8285420685932822	-0.5234111444900048	0.0
0.8259201364671589	-0.4749027378820084	0.0
0.8259201364671589	-0.4659393084286272	0.0
0.6532935149032586	-0.4246525159228533	0.0
0.6532935149032586	-0.4246525159228533	0.0
0.6532935149032586	-0.40177382375856036	0.0
0.6407040170733093	-0.35355121181761834	0.0
0.637349573297123	-0.31207386415724875	0.0
0.6324214403652564	-0.2683491243469744	0.0
0.6291997683295757	-0.2143761759892513	0.0
0.6260925016619183	-0.18956108087306925	0.0
0.6233301348147241	-0.10020754532518164	0.0
0.4548969560516476	-0.08263673511154472	0.0
0.4548969560516476	-0.08263673511154472	0.0
0.4548969560516476	-0.08263673511154472	0.0
0.4459032814761687	-0.04504441357170896	0.0
0.43920045902491134	-0.011827177745241748	0.0
0.43252266449652804	0.08606962810622079	0.0
0.4210420482439655	0.1555313599636318	0.0
0.2613876655385966	0.28814417257833663	0.0
0.2613876655385966	0.28814417257833663	0.0
0.2613876655385966	0.28547356646469424	0.0
0.2613876655385966	0.28547356646469424	0.0
0.24465582822844026	0.34210638164460233	0.0
0.22142159903031877	0.43058686019170056	0.0
0.2021318015566731	0.6151307493753913	0.0
0.08679696004275328	0.7012160805623509	0.0
0.08679696004275328	0.7012160805623509	0.0
0.05936319469226561	0.7316472667598655	0.0
0.034513706919453276	0.8420684672628858	0.0
0.0	1.0781015801938556	0.0
