0.8548320291384109	-0.7390591623954199	0.0
0.8548320291384109	-0.7379282754070199	0.0
0.8439153087343453	-0.6965068710827423	0.0
0.8424547742473847	-0.689499970570199	0.0
0.8379937657459179	-0.646974563996736	0.0
0.8379937657459179	-0.6195704495581384	0.0
0.8354029193822441	-0.5880495821878996	0.0
0.8354029193822441	-0.5880495821878996	0.0
0.8354029193822441	-0.5880495821878996	0.0
0.8290717487429843	-0.4971527470126854	0.0
0.8290717487429843	-0.486966741639714	0.0
0.8278235277693938	-0.42212622011862977	0.0
0.6536095036056265	-0.41033707202457453	0.0
0.6536095036056265	-0.41033707202457453	0.0
0.6459695358547569	-0.396436318791064	0.0
0.640232738438056	-0.34517974121619055	0.0
0.6335613609880906	-0.30171167483563427	0.0
0.6322379756336689	-0.25210788014403307	0.0
0.6301223774212521	-0.22824853934456132	0.0
0.6253015979674462	-0.18240830668467697	0.0
0.45204966626668586	-0.08545042503196444	0.0
0.45204966626668586	-0.08545042503196444	0.0
0.45204966626668586	-0.08545042503196444	0.0
0.45204966626668586	-0.08545042503196444	0.0
0.4477043660829191	-0.03521382876478951	0.0
0.4358195708360352	0.017912120606560094	0.0
0.4269075202827092	0.06510879954703237	0.0
0.4251119479377565	0.13197641988622186	0.0
0.25606676327355526	0.27216362605739236	0.0
0.25606676327355526	0.27216362605739236	0.0
0.25606676327355526	0.27216362605739236	0.0
0.25606676327355526	0.27216362605739236	0.0
0.2369928660316167	0.34347073124476735	0.0
0.21472755660938297	0.48429484667086614	0.0
0.2022087893378725	0.5923125861636752	0.0
0.07802326985260474	0.7087954896306161	0.0
0.07802326985260474	0.7087954896306161	0.0
0.07802326985260474	0.7087954896306161	0.0
0.0339348914270903	0.8258315588013295	0.0
0.0	1.0690038580841987	0.0
