0.6499118275549024	-0.4337613398239909	0.0
0.6470784717844035	-0.4263096729865611	0.0
0.6440197557354097	-0.40634264288836935	0.0
0.6431327128721402	-0.3917479355296056	0.0
0.6396893462049154	-0.37000373433867123	0.0
0.6360581352413851	-0.3406734641599118	0.0
0.6360581352413851	-0.3406734641599118	0.0
0.6360581352413851	-0.3406734641599118	0.0
0.6360581352413851	-0.3406734641599118	0.0
0.6287957133143245	-0.24534562251278333	0.0
0.6273973161803964	-0.22288409423545405	0.0
0.6273973161803964	-0.22288409423545405	0.0
0.6234847929084569	-0.16031198535185917	0.0
0.6234847929084569	-0.13089093568863028	0.0
0.4553154423177924	-0.09055706633177164	0.0
0.4553154423177924	-0.09055706633177164	0.0
0.4553154423177924	-0.09055706633177164	0.0
0.4484572484610191	-0.08251645069868506	0.0
0.4484572484610191	-0.08251645069868506	0.0
0.4394358384802143	-0.025571413430479837	0.0
0.4334702276431791	0.01465916535240781	0.0
0.427504616806144	0.04427835905944227	0.0
0.427504616806144	0.07039024077431506	0.0
0.42139301851860467	0.15314467138099172	0.0
0.42139301851860467	0.15314467138099172	0.0
0.26250146801385493	0.2648833337691594	0.0
0.26250146801385493	0.2648833337691594	0.0
0.26250146801385493	0.2648833337691594	0.0
0.26250146801385493	0.2648833337691594	0.0
0.2513530321915268	0.28180617819643433	0.0
0.23510405453744926	0.33514944311625333	0.0
0.22125281517383233	0.44247629700481095	0.0
0.21280718289279302	0.53342552752414	0.0
0.19902898530880783	0.6438036319716379	0.0
0.0854620944001156	0.706489045502338	0.0
0.0854620944001156	0.706489045502338	0.0
0.0854620944001156	0.706489045502338	0.0
0.05489073696147838	0.7455880974564026	0.0
0.03408158281872804	0.8585960791526811	0.0
0.0	1.1092365727860116	0.0
