0.8564364772578771	-0.6992309029338513	0.0
0.8564364772578771	-0.6985940776154008	0.0
0.8564364772578771	-0.6985940776154008	0.0
0.8564364772578771	-0.6985940776154008	0.0
0.8545233400704342	-0.6246029682379274	0.0
0.8362742539931112	-0.6058575356548775	0.0
0.8362041220190077	-0.5688984259824814	0.0
0.8362041220190077	-0.5490131663246225	0.0
0.8362041220190077	-0.5490131663246225	0.0
0.8305950084974405	-0.5004689722397841	0.0
0.8305950084974405	-0.5004689722397841	0.0
0.6531310298857098	-0.42300909057144187	0.0
0.6531310298857098	-0.42300909057144187	0.0
0.649790337053192	-0.3950298988560529	0.0
0.649790337053192	-0.3950298988560529	0.0
0.6358049224382886	-0.3351942954044504	0.0
0.6358049224382886	-0.3159917774370023	0.0
0.6284541174163982	-0.23773682178441963	0.0
0.6284541174163982	-0.23773682178441963	0.0
0.6284541174163982	-0.23773682178441963	0.0
0.4582208310655747	-0.09655946712948128	0.0
0.4582208310655747	-0.09655946712948128	0.0
0.4582208310655747	-0.09655946712948128	0.0
0.44764477967474714	-0.09239947790355255	0.0
0.44764477967474714	-0.07507045718096397	0.0
0.4296391057015777	0.054256568995687565	0.0
0.4248679093760161	0.08301857403566452	0.0
0.41857505175904464	0.2029876532300032	0.0
0.25510383920037993	0.28364021510586623	0.0
0.25510383920037993	0.28364021510586623	0.0
0.25510383920037993	0.28364021510586623	0.0
0.25510383920037993	0.2987532852636823	0.0
0.23305833971026169	0.35733357974420676	0.0
0.21800695593125385	0.4732169552454982	0.0
0.20241697346864987	0.6085729853165097	0.0
0.08920479569820824	0.7023631925549662	0.0
0.08920479569820824	0.7023631925549662	0.0
0.06720386511935658	0.7518081050225577	0.0
0.034868873950458346	0.824113122608269	0.0
0.0	1.0748368778067428	0.0
