0.853025093798949	-0.7381557969871103	0.0
0.8451592519973259	-0.7209356335880662	0.0
0.8451592519973259	-0.7124179945709261	0.0
0.8411440325473871	-0.6757074761581918	0.0
0.8390021851633997	-0.6522793533570225	0.0
0.8364720052230157	-0.6355799222602095	0.0
0.8337112631620546	-0.5903168889176658	0.0
0.8337112631620546	-0.5893156169743701	0.0
0.8294275683940797	-0.5319157857895201	0.0
0.8294275683940797	-0.514554961684122	0.0
0.8294275683940797	-0.514554961684122	0.0
0.6545787090250097	-0.4244417581448287	0.0
0.6545787090250097	-0.4244417581448287	0.0
0.6545787090250097	-0.4195320034338002	0.0
0.64601131948906	-0.40111333601342386	0.0
0.6404898353671379	-0.3611864996663076	0.0
0.6330207053216705	-0.30522896432213154	0.0
0.6330207053216705	-0.2871446044790474	0.0
0.6285092234775114	-0.21701000253750796	0.0
0.623129964756111	-0.17269785503055424	0.0
0.45602920520022056	-0.10627441804408409	0.0
0.45602920520022056	-0.10627441804408409	0.0
0.45602920520022056	-0.10627441804408409	0.0
0.45602920520022056	-0.08610941261931138	0.0
0.4406042366130896	-0.04085797345108401	0.0
0.4360166004082656	-0.01592557327135296	0.0
0.42373469582554796	0.09109422733757834	0.0
0.4222568597942902	0.11585419169065667	0.0
0.2538862396242437	0.27673441991245845	0.0
0.2538862396242437	0.27673441991245845	0.0
0.2538862396242437	0.27673441991245845	0.0
0.2538862396242437	0.27673441991245845	0.0
0.2378309532941537	0.3371851801162063	0.0
0.2201471580491604	0.4400791417137509	0.0
0.19860332271578085	0.6114265522451355	0.0
0.08124613251574136	0.7096692096639348	0.0
0.08124613251574136	0.7096692096639348	0.0
0.06972525441116281	0.7394084097934421	0.0
0.03071234567296502	0.8364039856032233	0.0
0.0	1.0652358789665035	0.0
