0.8477395232835523	-0.6803046466568343	0.0
0.8477395232835523	-0.6803046466568343	0.0
0.8477395232835523	-0.6803046466568343	0.0
0.8477395232835523	-0.6803046466568343	0.0
0.8471368747033602	-0.6679546408906661	0.0
0.845661525473267	-0.6624074304428466	0.0
0.845661525473267	-0.6639541680564501	0.0
0.845661525473267	-0.6639541680564501	0.0
0.8391063057309289	-0.6273166961518257	0.0
0.8391063057309289	-0.6273166961518257	0.0
0.8390254397117587	-0.5969025278046917	0.0
0.8360747412515723	-0.581577221226819	0.0
0.8360747412515723	-0.581577221226819	0.0
0.8319187456310019	-0.5484598126553231	0.0
0.8319187456310019	-0.5413149331190662	0.0
0.8319187456310019	-0.5413149331190662	0.0
0.8319187456310019	-0.504362971154173	0.0
0.8319187456310019	-0.504362971154173	0.0
0.8319187456310019	-0.504362971154173	0.0
0.8319187456310019	-0.504362971154173	0.0
0.8319187456310019	-0.504362971154173	0.0
0.8258556166722888	-0.4223106046858422	0.0
0.6520382846024783	-0.39472764088109663	0.0
0.6520382846024783	-0.39472764088109663	0.0
0.6520382846024783	-0.39472764088109663	0.0
0.6520382846024783	-0.39192932324914115	0.0
0.6520382846024783	-0.39192932324914115	0.0
0.6520382846024783	-0.3890542716539322	0.0
0.6520382846024783	-0.3890542716539322	0.0
0.6520382846024783	-0.3530169979475999	0.0
0.6391541425658074	-0.3316832549470586	0.0
0.6343332379572565	-0.30619275670778884	0.0
0.6343332379572565	-0.30619275670778884	0.0
0.6343332379572565	-0.30619275670778884	0.0
0.6326957627623728	-0.2492765255324935	0.0
0.6326957627623728	-0.2492765255324935	0.0
0.6289091004301557	-0.20038979001423624	0.0
0.6253135158239825	-0.16729631338120757	0.0
0.6253135158239825	-0.16729631338120757	0.0
0.6253135158239825	-0.16729631338120757	0.0
0.6253135158239825	-0.16729631338120757	0.0
0.4555848452394241	-0.05975771170015217	0.0
0.4555848452394241	-0.05975771170015217	0.0
0.4555848452394241	-0.05975771170015217	0.0
0.4555848452394241	-0.05975771170015217	0.0
0.4555848452394241	-0.05926836472280107	0.0
0.4555848452394241	-0.05926539848373924	0.0
0.4483936760270779	-0.04508799449583162	0.0
0.4483936760270779	-0.04508799449583162	0.0
0.4387192487931925	-0.01005282468248872	0.0
0.4387192487931925	0.02429665520658764	0.0
0.4340113376023855	0.08386252928880279	0.0
0.4214413223318898	0.12702258819955486	0.0
0.4214413223318898	0.13096264377422226	0.0
0.41747182894763446	0.19292424887542567	0.0
0.41747182894763446	0.2212954179384875	0.0
0.25762788957881544	0.29068353822005616	0.0
0.25762788957881544	0.29068353822005616	0.0
0.25762788957881544	0.29068353822005616	0.0
0.25224664536806224	0.2812364094353856	0.0
0.25224664536806224	0.2812364094353856	0.0
0.25224664536806224	0.2812364094353856	0.0
0.25224664536806224	0.2812364094353856	0.0
0.25224664536806224	0.2812364094353856	0.0
0.2469539875223885	0.3299384589344758	0.0
0.23042574927881113	0.3831512221198638	0.0
0.23042574927881113	0.42037240227682715	0.0
0.21915153337628468	0.5226041972300826	0.0
0.20838904495477834	0.6064793953836897	0.0
0.197626556533272	0.701343704806001	0.0
0.09247837040299904	0.7707971229691727	0.0
0.09247837040299904	0.7707971229691727	0.0
0.09247837040299904	0.7707971229691727	0.0
0.09247837040299904	0.7707971229691727	0.0
0.09247837040299904	0.7707971229691727	0.0
0.07095339355998638	0.77447285677591	0.0
0.055987728239686514	0.8445835998787077	0.0
0.04105508813802901	0.8785381251481852	0.0
0.011824865974539902	0.9690372845751152	0.0
0.0	1.0842981840067667	0.0
