0.8511544719840436	-0.7370512813328569	0.0
0.8511544719840436	-0.727073298981874	0.0
0.8453091072318658	-0.7211130886154494	0.0
0.8453091072318658	-0.7211130886154494	0.0
0.8453091072318658	-0.7145182571572972	0.0
0.8453091072318658	-0.7145182571572972	0.0
0.8453091072318658	-0.7145182571572972	0.0
0.8453091072318658	-0.7145182571572972	0.0
0.8453091072318658	-0.7145182571572972	0.0
0.8453091072318658	-0.7145182571572972	0.0
0.8453091072318658	-0.7145182571572972	0.0
0.8453091072318658	-0.7145182571572972	0.0
0.8453091072318658	-0.7145182571572972	0.0
0.8332278169034735	-0.5741268329850118	0.0
0.8332278169034735	-0.5605966375938355	0.0
0.8332278169034735	-0.5569535084367986	0.0
0.8332278169034735	-0.5569535084367986	0.0
0.8332278169034735	-0.5569535084367986	0.0
0.8332278169034735	-0.4951199343134779	0.0
0.8332278169034735	-0.4951199343134779	0.0
0.8332278169034735	-0.4951199343134779	0.0
0.8294068523666311	-0.4434217835641907	0.0
0.8294068523666311	-0.4434217835641907	0.0
0.8294068523666311	-0.4434217835641907	0.0
0.6576631145469907	-0.3849212907671141	0.0
0.6576631145469907	-0.3849212907671141	0.0
0.6576631145469907	-0.3849212907671141	0.0
0.6576631145469907	-0.3849212907671141	0.0
0.6576631145469907	-0.3849212907671141	0.0
0.644949630974029	-0.3632791341532647	0.0
0.644949630974029	-0.34912844177200736	0.0
0.6403265460384066	-0.33625569941179734	0.0
0.6403265460384066	-0.33625569941179734	0.0
0.6357034611027841	-0.27984809710742764	0.0
0.6357034611027841	-0.27984809710742764	0.0
0.6357034611027841	-0.23432258679200713	0.0
0.6357034611027841	-0.23432258679200713	0.0
0.6264572912315391	-0.18563819900809322	0.0
0.6264572912315391	-0.18210518279225402	0.0
0.6264572912315391	-0.18210518279225402	0.0
0.6264572912315391	-0.18210518279225402	0.0
0.4553846542256144	-0.10004137440940437	0.0
0.4553846542256144	-0.10004137440940437	0.0
0.4553846542256144	-0.10004137440940437	0.0
0.4553846542256144	-0.10004137440940437	0.0
0.4553846542256144	-0.10004137440940437	0.0
0.4553846542256144	-0.10004137440940437	0.0
0.4553846542256144	-0.10004137440940437	0.0
0.4553846542256144	-0.10004137440940437	0.0
0.4553846542256144	-0.10004137440940437	0.0
0.4553846542256144	-0.10004137440940437	0.0
0.42825952400563716	0.0486712248361395	0.0
0.42825952400563716	0.08105592079136555	0.0
0.42825952400563716	0.08105592079136555	0.0
0.41832836596114076	0.16636043828511804	0.0
0.41832836596114076	0.16636043828511804	0.0
0.40924216433766936	0.2770463578194012	0.0
0.2537733666455773	0.2779179476404823	0.0
0.2537733666455773	0.2779179476404823	0.0
0.2537733666455773	0.2779179476404823	0.0
0.2537733666455773	0.2779179476404823	0.0
0.2537733666455773	0.2779179476404823	0.0
0.2537733666455773	0.2779179476404823	0.0
0.2537733666455773	0.2779179476404823	0.0
0.245956153955333	0.33088175162341077	0.0
0.23484454300058544	0.3580391113331554	0.0
0.2281288206116048	0.388418736893311	0.0
0.21529450279689355	0.49097245352166075	0.0
0.2045472594776202	0.5765273091024411	0.0
0.2045472594776202	0.5973771522725777	0.0
0.08998114447700646	0.7158605023686491	0.0
0.08998114447700646	0.7158605023686491	0.0
0.08998114447700646	0.7158605023686491	0.0
0.08998114447700646	0.7158605023686491	0.0
0.08998114447700646	0.7158605023686491	0.0
0.06826464934161272	0.7405245914630694	0.0
0.05553140434137989	0.7860580337764986	0.0
0.02483165907082524	0.8741836791445425	0.0
0.011738027859448982	0.9817018874885263	0.0
0.0	1.0589898161151854	0.0
