0.8476677326479385	-0.6973832411929031	0.0
0.8472114115389047	-0.6918345130189634	0.0
0.845202039499827	-0.6820751735296474	0.0
0.8445852218364178	-0.673135522237103	0.0
0.8425758497973401	-0.6587108507004752	0.0
0.8425758497973401	-0.6587108507004752	0.0
0.8416410989868703	-0.6389276267874332	0.0
0.8404869707091572	-0.6244179357951665	0.0
0.8380388437355929	-0.6050103773338857	0.0
0.8371040929251231	-0.5944008116437138	0.0
0.8371040929251231	-0.5780449936977727	0.0
0.8352345913041835	-0.564610992777269	0.0
0.8352179438139199	-0.5576370682390739	0.0
0.8352179438139199	-0.5576370682390739	0.0
0.8352179438139199	-0.5576370682390739	0.0
0.8352179438139199	-0.5576370682390739	0.0
0.8293463456050884	-0.49483840943566687	0.0
0.8293463456050884	-0.4833367216351442	0.0
0.8293463456050884	-0.4833367216351442	0.0
0.8293463456050884	-0.4833367216351442	0.0
0.8293463456050884	-0.4833367216351442	0.0
0.8293463456050884	-0.4833367216351442	0.0
0.657497799296862	-0.39986949389442483	0.0
0.657497799296862	-0.39986949389442483	0.0
0.657497799296862	-0.39986949389442483	0.0
0.6497544877626824	-0.398390323225928	0.0
0.6497544877626824	-0.38283408854949613	0.0
0.649468854128331	-0.36822885882049083	0.0
0.6444972009519243	-0.3529180268508038	0.0
0.6390407162181012	-0.3350939338273166	0.0
0.6390407162181012	-0.309518238245117	0.0
0.6390407162181012	-0.3017222770590707	0.0
0.6329219040051997	-0.2675822089760068	0.0
0.6326362703708482	-0.25887544140708596	0.0
0.6307523521046898	-0.24272597311929103	0.0
0.6276093985793306	-0.2111636037484036	0.0
0.6275564794817521	-0.17849478855822615	0.0
0.6275564794817521	-0.1567986443973657	0.0
0.6275564794817521	-0.1567986443973657	0.0
0.6259830409269885	-0.10747398112532153	0.0
0.4560477055408544	-0.06825864636871447	0.0
0.4560477055408544	-0.06825864636871447	0.0
0.4560477055408544	-0.06825864636871447	0.0
0.4560477055408544	-0.06825864636871447	0.0
0.4560477055408544	-0.06825864636871447	0.0
0.4560477055408544	-0.06825864636871447	0.0
0.4560477055408544	-0.06825864636871447	0.0
0.4497617984901361	-0.04031372546434957	0.0
0.4394147251181272	-0.021625843395088787	0.0
0.4383108221423092	-0.010974680876817298	0.0
0.4383108221423092	-0.010974680876817298	0.0
0.42745650362869647	0.07427356216811676	0.0
0.426159758949237	0.10900801102242105	0.0
0.426159758949237	0.13548128016909222	0.0
0.4228328151086404	0.18865038008751556	0.0
0.4115681845917779	0.26109579728592974	0.0
0.26315980571145	0.26408680100106874	0.0
0.26315980571145	0.26408680100106874	0.0
0.26315980571145	0.2559448684452084	0.0
0.26315980571145	0.2559448684452084	0.0
0.26315980571145	0.2559448684452084	0.0
0.26315980571145	0.2559448684452084	0.0
0.26315980571145	0.2559448684452084	0.0
0.25259168308117347	0.2926705531058587	0.0
0.23885767932530563	0.3303556675713671	0.0
0.23130391021485236	0.3488648139776981	0.0
0.22333011162032412	0.4125823500932033	0.0
0.21374136380400727	0.4779003130275345	0.0
0.2064387625083815	0.5553085276180543	0.0
0.19779376661495082	0.6546999608855929	0.0
0.09268968840610292	0.7178417577854971	0.0
0.09268968840610292	0.7178417577854971	0.0
0.09268968840610292	0.7178417577854971	0.0
0.09268968840610292	0.7178417577854971	0.0
0.09268968840610292	0.7178417577854971	0.0
0.06976158182517284	0.7311564023548575	0.0
0.05416122601894132	0.742508289046551	0.0
0.03610748401262755	0.8318689104314962	0.0
0.018829550592467346	0.9101800588534675	0.0
0.0	1.063365110352021	0.0
