0.8550495334770318	-0.7053554751024788	0.0
0.8550495334770318	-0.694908895289381	0.0
0.8439482438346083	-0.6874035182630314	0.0
0.8439482438346083	-0.6874035182630314	0.0
0.8414380592904562	-0.6623438878491962	0.0
0.8414380592904562	-0.6623438878491962	0.0
0.8414380592904562	-0.6623438878491962	0.0
0.8414380592904562	-0.6623438878491962	0.0
0.8414380592904562	-0.6623438878491962	0.0
0.8348741901429882	-0.5992234758933136	0.0
0.8348741901429882	-0.597230244341145	0.0
0.834450429162735	-0.5739691172640137	0.0
0.834450429162735	-0.5589535517163529	0.0
0.834450429162735	-0.5589535517163529	0.0
0.8317291651971283	-0.5343955518512766	0.0
0.8317291651971283	-0.5343955518512766	0.0
0.8317291651971283	-0.5343955518512766	0.0
0.8317291651971283	-0.4872453284646993	0.0
0.8317291651971283	-0.4872453284646993	0.0
0.8317291651971283	-0.4872453284646993	0.0
0.8317291651971283	-0.4872453284646993	0.0
0.6546998888118254	-0.42129934843222683	0.0
0.6546998888118254	-0.42129934843222683	0.0
0.6546998888118254	-0.42129934843222683	0.0
0.6546998888118254	-0.42129934843222683	0.0
0.6546998888118254	-0.42129934843222683	0.0
0.6465360969150051	-0.39076512690491755	0.0
0.6458442524367437	-0.38277879511558344	0.0
0.6418151350573922	-0.35104232974400623	0.0
0.6393543520679629	-0.3365240932451513	0.0
0.6393543520679629	-0.3365240932451513	0.0
0.6393543520679629	-0.3365240932451513	0.0
0.6323732113421663	-0.2737490675163409	0.0
0.6323732113421663	-0.263515368662252	0.0
0.6315294759701975	-0.23343138055256651	0.0
0.6274746953381062	-0.22586278813471505	0.0
0.6274746953381062	-0.22586278813471505	0.0
0.6274746953381062	-0.22586278813471505	0.0
0.6251650544104618	-0.15815499012969314	0.0
0.6223423940548072	-0.1213191790451372	0.0
0.6223423940548072	-0.1213191790451372	0.0
0.45722898501049347	-0.04794617462103329	0.0
0.45722898501049347	-0.04794617462103329	0.0
0.45722898501049347	-0.04794617462103329	0.0
0.45722898501049347	-0.04794617462103329	0.0
0.45722898501049347	-0.04794617462103329	0.0
0.45722898501049347	-0.04794617462103329	0.0
0.45722898501049347	-0.04156831526530246	0.0
0.45722898501049347	-0.023710629415259275	0.0
0.44182441918213444	0.01235582184913496	0.0
0.44182441918213444	0.04662643934366705	0.0
0.44182441918213444	0.04662643934366705	0.0
0.43632810245560766	0.10473719865972417	0.0
0.4243004641269893	0.15677762590963562	0.0
0.4243004641269893	0.15677762590963562	0.0
0.4243004641269893	0.15677762590963562	0.0
0.4243004641269893	0.15677762590963562	0.0
0.2648922751087253	0.33447307860149345	0.0
0.2648922751087253	0.33447307860149345	0.0
0.2648922751087253	0.33447307860149345	0.0
0.2648922751087253	0.33447307860149345	0.0
0.2648922751087253	0.33447307860149345	0.0
0.2648922751087253	0.33447307860149345	0.0
0.2648922751087253	0.33618701353325964	0.0
0.23795441938913964	0.3775862427130107	0.0
0.23705959838971596	0.39128609468358055	0.0
0.22699763837015233	0.47413225637102985	0.0
0.22223833426086192	0.5126063946044451	0.0
0.21255165863289663	0.6008405694384984	0.0
0.19551366802780976	0.6950859127333601	0.0
0.0895384315872485	0.7734246231362958	0.0
0.0895384315872485	0.7734246231362958	0.0
0.0895384315872485	0.7734246231362958	0.0
0.0895384315872485	0.7734246231362958	0.0
0.0895384315872485	0.7734246231362958	0.0
0.06107500421295483	0.7850756490084686	0.0
0.06107500421295483	0.8228021642950132	0.0
0.0344492318234904	0.9461999356446448	0.0
0.022328301701093595	0.9855295762828427	0.0
0.0	1.1560294108441977	0.0
