0.8516387980915836	-0.691448991269301	0.0
0.8516387980915836	-0.691448991269301	0.0
0.8450057226534431	-0.6787182519754018	0.0
0.8450057226534431	-0.6787182519754018	0.0
0.8425353609303856	-0.6528538034228494	0.0
0.8425353609303856	-0.6528538034228494	0.0
0.8418557048722427	-0.6245734690562066	0.0
0.8418557048722427	-0.6216823845656273	0.0
0.835761418804047	-0.6036999470800829	0.0
0.835761418804047	-0.6036999470800829	0.0
0.8351580310697593	-0.5807419702866535	0.0
0.8351580310697593	-0.5569084158551352	0.0
0.8351580310697593	-0.5569084158551352	0.0
0.8351580310697593	-0.5569084158551352	0.0
0.8339512556011839	-0.5200467655326602	0.0
0.8339512556011839	-0.5002972257916438	0.0
0.8339512556011839	-0.5002972257916438	0.0
0.8332262089082969	-0.49402692091968486	0.0
0.8286138790306679	-0.4601276572393206	0.0
0.8256736629062734	-0.44609667967271716	0.0
0.8256736629062734	-0.44609667967271716	0.0
0.8240015491530388	-0.3971979682444163	0.0
0.8240015491530388	-0.37947803626227206	0.0
0.8240015491530388	-0.3891418325137417	0.0
0.8240015491530388	-0.3891418325137417	0.0
0.8240015491530388	-0.3891418325137417	0.0
0.8240015491530388	-0.3891418325137417	0.0
0.8240015491530388	-0.3891418325137417	0.0
0.8240015491530388	-0.3891418325137417	0.0
0.8147768893977807	-0.22783748576174634	0.0
0.8147768893977807	-0.22783748576174634	0.0
0.8147768893977807	-0.18137274982876544	0.0
0.8147768893977807	-0.24823869935252274	0.0
0.8114326618913115	-0.135805126490632	0.0
0.45394568530712315	-0.10894008797116178	0.0
0.45394568530712315	-0.10894008797116178	0.0
0.45394568530712315	-0.10894008797116178	0.0
0.45394568530712315	-0.10894008797116178	0.0
0.45394568530712315	-0.10894008797116178	0.0
0.45394568530712315	-0.10894008797116178	0.0
0.45394568530712315	-0.10894008797116178	0.0
0.45394568530712315	-0.10894008797116178	0.0
0.45394568530712315	-0.10894008797116178	0.0
0.45394568530712315	-0.10718001640240268	0.0
0.45394568530712315	-0.10718001640240268	0.0
0.45394568530712315	-0.0978863808898678	0.0
0.4529930767139076	-0.06618176086454432	0.0
0.4462322276138629	-0.040176545510809694	0.0
0.4462322276138629	-0.040176545510809694	0.0
0.4462322276138629	-0.040176545510809694	0.0
0.4405913270506982	0.06559778970480173	0.0
0.4405913270506982	0.06559778970480173	0.0
0.4405913270506982	0.06559778970480173	0.0
0.4262673396680118	0.18684556601276064	0.0
0.4209851694561312	0.21229735983450765	0.0
0.4155923200406695	0.2308068492160713	0.0
0.2576841427577314	0.31796107478148156	0.0
0.2576841427577314	0.31796107478148156	0.0
0.2576841427577314	0.31796107478148156	0.0
0.2576841427577314	0.31796107478148156	0.0
0.2576841427577314	0.31796107478148156	0.0
0.2576841427577314	0.31796107478148156	0.0
0.2576841427577314	0.31796107478148156	0.0
0.2576841427577314	0.31796107478148156	0.0
0.24433116328407783	0.3572130015312856	0.0
0.22616057628089384	0.39614470665346585	0.0
0.22616057628089384	0.39614470665346585	0.0
0.21593548347661162	0.5105439335821511	0.0
0.21069235613387244	0.6310672730418208	0.0
0.1970787652618684	0.6825310174865178	0.0
0.0778333782703116	0.7400362734139352	0.0
0.0778333782703116	0.7400362734139352	0.0
0.0778333782703116	0.7400362734139352	0.0
0.0778333782703116	0.7400362734139352	0.0
0.0778333782703116	0.7400362734139352	0.0
0.0778333782703116	0.7400362734139352	0.0
0.05060619652630354	0.9261152994625461	0.0
0.04011994184082515	0.9917835882775152	0.0
0.007514897302361413	1.1068113514763485	0.0
0.0	1.263797040627166	0.0
