0.8555329924768809	-0.7224402177089383	0.0
0.8555329924768809	-0.7224402177089383	0.0
0.8555329924768809	-0.7224402177089383	0.0
0.8462042013872724	-0.6949153393031893	0.0
0.8462042013872724	-0.6949153393031893	0.0
0.8420899968942532	-0.6763433757311036	0.0
0.8420899968942532	-0.6600238467197271	0.0
0.8382521045969156	-0.6438056854853733	0.0
0.8382521045969156	-0.6438056854853733	0.0
0.8382521045969156	-0.6438056854853733	0.0
0.8382521045969156	-0.6438056854853733	0.0
0.8382521045969156	-0.6438056854853733	0.0
0.8382521045969156	-0.6438056854853733	0.0
0.8325638543315461	-0.5856379659691945	0.0
0.8325638543315461	-0.5856379659691945	0.0
0.8325638543315461	-0.5856379659691945	0.0
0.8325638543315461	-0.5856379659691945	0.0
0.8325638543315461	-0.5856379659691945	0.0
0.8305763200022401	-0.47905952236676047	0.0
0.8305763200022401	-0.47905952236676047	0.0
0.8305763200022401	-0.47905952236676047	0.0
0.8305763200022401	-0.47905952236676047	0.0
0.6499759406353437	-0.41983093477470607	0.0
0.6499759406353437	-0.41983093477470607	0.0
0.6499759406353437	-0.41983093477470607	0.0
0.6499759406353437	-0.41983093477470607	0.0
0.6499759406353437	-0.41983093477470607	0.0
0.6445235496202516	-0.39220426893533	0.0
0.6432943474725483	-0.381268301867738	0.0
0.6432943474725483	-0.381268301867738	0.0
0.6432943474725483	-0.381268301867738	0.0
0.6374749539937785	-0.32035465473749175	0.0
0.6331552797899691	-0.29325154493284145	0.0
0.6374749539937785	-0.32035465473749175	0.0
0.6302853382325035	-0.24640465049947793	0.0
0.6302853382325035	-0.24640465049947793	0.0
0.6265974277512132	-0.20932924665303124	0.0
0.6270246155832697	-0.1779792479966603	0.0
0.6245159313823503	-0.14407044601413446	0.0
0.6245159313823503	-0.1223356717778056	0.0
0.6245159313823503	-0.1223356717778056	0.0
0.6171401104197695	-0.05245721707346263	0.0
0.6171401104197695	-0.02445442024325549	0.0
0.6171401104197695	-0.02445442024325549	0.0
0.6126446714340161	0.03820730549931055	0.0
0.6126446714340161	0.03820730549931055	0.0
0.6126446714340161	0.03820730549931055	0.0
0.4519432707438885	-0.036192312217135196	0.0
0.4519432707438885	-0.036192312217135196	0.0
0.4519432707438885	-0.036192312217135196	0.0
0.4519432707438885	-0.036192312217135196	0.0
0.4519432707438885	-0.036192312217135196	0.0
0.4519432707438885	-0.036192312217135196	0.0
0.4519432707438885	-0.036192312217135196	0.0
0.4217204829512874	0.12014859329388762	0.0
0.4217204829512874	0.12014859329388762	0.0
0.2617949542497746	0.2775280393743831	0.0
0.2617949542497746	0.2775280393743831	0.0
0.2617949542497746	0.2775280393743831	0.0
0.2617949542497746	0.2775280393743831	0.0
0.2617949542497746	0.2775280393743831	0.0
0.2617949542497746	0.2775280393743831	0.0
0.2617949542497746	0.2775280393743831	0.0
0.2414777645045027	0.2845380213120267	0.0
0.2414777645045027	0.2845380213120267	0.0
0.2350350935109377	0.3656063409225644	0.0
0.2350350935109377	0.3656063409225644	0.0
0.21215057758780448	0.5125439381907858	0.0
0.20497886205095603	0.6039243834458022	0.0
0.20497886205095603	0.6692417613842981	0.0
0.10275789332048428	0.7540858997873643	0.0
0.10275789332048428	0.7540858997873643	0.0
0.10275789332048428	0.7540858997873643	0.0
0.10275789332048428	0.7540858997873643	0.0
0.07247196824101639	0.7991338554273655	0.0
0.07247196824101639	0.7991338554273655	0.0
0.05439608147057512	0.8270905920129505	0.0
0.03615177354088253	0.9056177421863622	0.0
0.0	1.0937535181879983	0.0
0.0	1.0937535181879983	0.0
