0.8499578589868276	-0.7274294093383442	0.0
0.8499578589868276	-0.7274294093383442	0.0
0.8499578589868276	-0.7274294093383442	0.0
0.8467610387830217	-0.7046783168766207	0.0
0.8467610387830217	-0.6850501486183875	0.0
0.8414639277057485	-0.6742800194473132	0.0
0.8414639277057485	-0.6661729753018837	0.0
0.8414639277057485	-0.6661729753018837	0.0
0.838287195379962	-0.6454802990647969	0.0
0.8353262847228824	-0.6199292543702648	0.0
0.8353262847228824	-0.6199292543702648	0.0
0.8353262847228824	-0.6040834762561673	0.0
0.8353262847228824	-0.629672334477263	0.0
0.8331728798001355	-0.5776116537998082	0.0
0.8331728798001355	-0.5776116537998082	0.0
0.8294044634087232	-0.5389609242287592	0.0
0.8294044634087232	-0.5231603474584582	0.0
0.8294044634087232	-0.5135230978804798	0.0
0.8294044634087232	-0.5135230978804798	0.0
0.8294044634087232	-0.5135230978804798	0.0
0.8294044634087232	-0.5135230978804798	0.0
0.8294044634087232	-0.5135230978804798	0.0
0.6456499910091495	-0.40809191902786357	0.0
0.6456499910091495	-0.40809191902786357	0.0
0.6456499910091495	-0.40809191902786357	0.0
0.6456499910091495	-0.40809191902786357	0.0
0.6456499910091495	-0.40809191902786357	0.0
0.6456499910091495	-0.40809191902786357	0.0
0.6419820632784374	-0.3746079771023451	0.0
0.6456499910091495	-0.40809191902786357	0.0
0.6407176037665996	-0.3419566850780474	0.0
0.636821760569465	-0.3224174938282891	0.0
0.6344891174651662	-0.30785471639480455	0.0
0.6344891174651662	-0.2740391880745138	0.0
0.6308600111142685	-0.25319701639359987	0.0
0.6308600111142685	-0.25319701639359987	0.0
0.6308600111142685	-0.25319701639359987	0.0
0.6271532620037419	-0.17735392556222346	0.0
0.6308600111142685	-0.25319701639359987	0.0
0.6275252341683177	-0.12000198420586636	0.0
0.6250041277224472	-0.10143880176113647	0.0
0.6189365122038755	-0.06160890099773235	0.0
0.6189365122038755	-0.052395582597112564	0.0
0.6189365122038755	-0.006051827887005042	0.0
0.6138942993121345	0.024664984327188746	0.0
0.6138942993121345	0.024664984327188746	0.0
0.4830839210575588	0.10628812262383563	0.0
0.4830839210575588	0.10628812262383563	0.0
0.4830839210575588	0.10628812262383563	0.0
0.4830839210575588	0.10628812262383563	0.0
0.4830839210575588	0.10628812262383563	0.0
0.4830839210575588	0.10797455044767418	0.0
0.4830839210575588	0.10797455044767418	0.0
0.4830839210575588	0.10797455044767418	0.0
0.2626864416313202	0.30575868022775793	0.0
0.2626864416313202	0.30575868022775793	0.0
0.2626864416313202	0.30575868022775793	0.0
0.2626864416313202	0.30575868022775793	0.0
0.2626864416313202	0.30575868022775793	0.0
0.2626864416313202	0.30575868022775793	0.0
0.2626864416313202	0.30575868022775793	0.0
0.2626864416313202	0.30575868022775793	0.0
0.2626864416313202	0.3077023403949119	0.0
0.2626864416313202	0.30794515656531324	0.0
0.25186089783809196	0.3439669943282693	0.0
0.23698794870523804	0.3676575717984504	0.0
0.2300560869580763	0.4465643187257329	0.0
0.22134463347733963	0.467804061744138	0.0
0.2132387842615871	0.5359797884411979	0.0
0.2059361687540975	0.6294220148610677	0.0
0.05996537007845784	0.7561572251653759	0.0
0.05996537007845784	0.7561572251653759	0.0
0.05996537007845784	0.7561572251653759	0.0
0.05996537007845784	0.7561572251653759	0.0
0.05996537007845784	0.7561572251653759	0.0
0.05996537007845784	0.7561572251653759	0.0
0.05996537007845784	0.7561572251653759	0.0
0.033230579382342126	0.8694963138764418	0.0
0.017607928596406506	0.9727529076851904	0.0
0.0	1.1077236616830575	0.0
