0.8477206516823084	-0.7137585484855855	0.0
0.8477206516823084	-0.7069823499446346	0.0
0.8456919878014851	-0.6950398803905967	0.0
0.8456919878014851	-0.6850265161319093	0.0
0.8449881744205883	-0.6757645201159839	0.0
0.8411654511192407	-0.6644034300233613	0.0
0.8411654511192407	-0.6644034300233613	0.0
0.8411654511192407	-0.6644034300233613	0.0
0.8411654511192407	-0.6644034300233613	0.0
0.8411654511192407	-0.6644034300233613	0.0
0.8335200045165454	-0.5971567492958968	0.0
0.8335200045165454	-0.5864010598600266	0.0
0.8335200045165454	-0.5668197473135372	0.0
0.8335200045165454	-0.5668197473135372	0.0
0.8292733747836359	-0.534520434446802	0.0
0.8292733747836359	-0.534520434446802	0.0
0.8292733747836359	-0.5133968114065035	0.0
0.8292733747836359	-0.49838147238964753	0.0
0.8292733747836359	-0.49838147238964753	0.0
0.8292733747836359	-0.46403290282818177	0.0
0.8292733747836359	-0.46403290282818177	0.0
0.6500104970445817	-0.42533349983346863	0.0
0.6500104970445817	-0.42533349983346863	0.0
0.6500104970445817	-0.42533349983346863	0.0
0.6500104970445817	-0.42533349983346863	0.0
0.6500104970445817	-0.4212920199762611	0.0
0.6500104970445817	-0.4212920199762611	0.0
0.6402387642194739	-0.3848995384172874	0.0
0.6402387642194739	-0.3660708589766146	0.0
0.6402387642194739	-0.3660708589766146	0.0
0.6402387642194739	-0.3660708589766146	0.0
0.6402387642194739	-0.3660708589766146	0.0
0.6402387642194739	-0.297925926389281	0.0
0.6402387642194739	-0.297925926389281	0.0
0.6301632734270611	-0.2409337500666615	0.0
0.6301632734270611	-0.2409337500666615	0.0
0.6301632734270611	-0.20671050513572617	0.0
0.628323627086542	-0.18201733567257208	0.0
0.6269593324441087	-0.1689630842008384	0.0
0.6209588873341062	-0.11464262394546501	0.0
0.6209588873341062	-0.0783611297243318	0.0
0.4495651333572403	-0.047373808633200294	0.0
0.4495651333572403	-0.047373808633200294	0.0
0.4576157782045446	-0.05189160727778733	0.0
0.4576157782045446	-0.05189160727778733	0.0
0.4576157782045446	-0.05189160727778733	0.0
0.4576157782045446	-0.05189160727778733	0.0
0.4495651333572403	-0.050500480264407246	0.0
0.4495651333572403	-0.047373808633200294	0.0
0.44546473388263674	-0.00917629005948788	0.0
0.4334638436626318	0.020818962849705767	0.0
0.4331415558509594	0.04380813340471193	0.0
0.4284020951468936	0.10368909830624763	0.0
0.4247002986143712	0.13739923106839752	0.0
0.4202012961976865	0.16770875935578092	0.0
0.4202012961976865	0.21406653400338602	0.0
0.26288031639488924	0.2851181435110224	0.0
0.26288031639488924	0.2851181435110224	0.0
0.26288031639488924	0.2851181435110224	0.0
0.26288031639488924	0.2851181435110224	0.0
0.26288031639488924	0.2851181435110224	0.0
0.26288031639488924	0.2851181435110224	0.0
0.26288031639488924	0.2851181435110224	0.0
0.24376179235680132	0.2917779957638211	0.0
0.24376179235680132	0.2917779957638211	0.0
0.22878254187842573	0.35903201873336144	0.0
0.22878254187842573	0.39804558315334426	0.0
0.218796374892842	0.48608460247293894	0.0
0.2055247442806255	0.5743193376139833	0.0
0.19882404092167455	0.6225289150654087	0.0
0.08226231859844994	0.7174379413293701	0.0
0.08226231859844994	0.7174379413293701	0.0
0.08226231859844994	0.7174379413293701	0.0
0.08226231859844994	0.7174379413293701	0.0
0.08226231859844994	0.7174379413293701	0.0
0.07874167678839392	0.7402753647300004	0.0
0.0340602001946423	0.8401292645124419	0.0
0.0340602001946423	0.8401292645124419	0.0
0.017321217196776525	0.9294593535326008	0.0
0.0	1.0848669580642263	0.0
