1	0.2272727273
2	0.0714285714
3	0.0000000000
4	0.0000000000
5	0.0000000000
6	0.0000000000
7	0.0476190476
8	0.1041666667
9	0.0800000000
10	0.0961538462
11	0.1071428571
12	0.0909090909
13	0.0784313725
14	0.0925925926
15	0.0508474576
16	0.0701754386
17	0.0677966102
18	0.0615384615
19	0.0983606557
20	0.0806451613
21	0.0634920635
22	0.0909090909
23	0.1126760563
24	0.1194029851
25	0.1044776119
26	0.1044776119
27	0.0882352941
28	0.0714285714
29	0.0857142857
30	0.0845070423
31	0.1126760563
32	0.0958904110
33	0.0985915493
34	0.1408450704
35	0.1369863014
36	0.1369863014
37	0.1333333333
38	0.1369863014
39	0.1250000000
40	0.1066666667
