1	0.0869565217
2	0.0000000000
3	0.0000000000
4	0.0000000000
5	0.0000000000
6	0.0000000000
7	0.0000000000
8	0.0476190476
9	0.0434782609
10	0.0000000000
11	0.0204081633
12	0.0377358491
13	0.0400000000
14	0.0000000000
15	0.0000000000
16	0.0508474576
17	0.0500000000
18	0.0983606557
19	0.1044776119
20	0.1285714286
21	0.1285714286
22	0.1408450704
23	0.1304347826
24	0.1527777778
25	0.1527777778
26	0.1111111111
27	0.1111111111
28	0.1250000000
29	0.1176470588
30	0.1159420290
31	0.0972222222
32	0.0833333333
33	0.0972222222
34	0.1111111111
35	0.0789473684
36	0.0800000000
37	0.0641025641
38	0.0789473684
39	0.0533333333
40	0.0675675676
