1	0.3181818182
2	0.2727272727
3	0.0000000000
4	0.0000000000
5	0.0625000000
6	0.0731707317
7	0.0731707317
8	0.0408163265
9	0.0612244898
10	0.0784313725
11	0.0909090909
12	0.0847457627
13	0.1034482759
14	0.0769230769
15	0.1212121212
16	0.1212121212
17	0.1014492754
18	0.0869565217
19	0.0958904110
20	0.1066666667
21	0.1153846154
22	0.0810810811
23	0.0555555556
24	0.0547945205
25	0.0540540541
26	0.0547945205
27	0.0933333333
28	0.1216216216
29	0.1351351351
30	0.1333333333
31	0.1351351351
32	0.1578947368
33	0.1558441558
34	0.1428571429
35	0.2025316456
36	0.2151898734
37	0.1898734177
38	0.2073170732
39	0.1875000000
40	0.2051282051
