1	0.0476190476
2	0.0000000000
3	0.0000000000
4	0.2307692308
5	0.1250000000
6	0.2187500000
7	0.2051282051
8	0.2000000000
9	0.1162790698
10	0.0800000000
11	0.0833333333
12	0.0588235294
13	0.1132075472
14	0.1272727273
15	0.1538461538
16	0.1228070175
17	0.1454545455
18	0.1724137931
19	0.1864406780
20	0.1904761905
21	0.1904761905
22	0.2343750000
23	0.2615384615
24	0.2272727273
25	0.1940298507
26	0.1250000000
27	0.1428571429
28	0.1846153846
29	0.1818181818
30	0.1408450704
31	0.1486486486
32	0.1486486486
33	0.1333333333
34	0.1216216216
35	0.1066666667
36	0.0945945946
37	0.1081081081
38	0.1038961039
39	0.1052631579
40	0.1447368421
