1	0.9900000000
2	0.9880952381
3	0.9642857143
4	0.8630136986
5	0.7887323944
6	0.7538461538
7	0.7968750000
8	0.6764705882
9	0.6338028169
10	0.5294117647
11	0.4769230769
12	0.3970588235
13	0.3918918919
14	0.2857142857
15	0.2105263158
16	0.1904761905
17	0.2394366197
18	0.1794871795
19	0.2261904762
20	0.2098765432
21	0.2500000000
22	0.2125000000
23	0.1807228916
24	0.1807228916
25	0.2168674699
26	0.1882352941
27	0.1764705882
28	0.1647058824
29	0.1686746988
30	0.1707317073
31	0.2168674699
32	0.2159090909
33	0.2272727273
34	0.2325581395
35	0.1976744186
36	0.2159090909
37	0.1954022989
38	0.1860465116
39	0.1882352941
40	0.1547619048
