1	1.0000000000
2	1.0000000000
3	1.0000000000
4	0.9577464789
5	0.9054054054
6	0.9493670886
7	0.8701298701
8	0.7571428571
9	0.6811594203
10	0.5000000000
11	0.4459459459
12	0.4142857143
13	0.5468750000
14	0.5873015873
15	0.4583333333
16	0.4727272727
17	0.5000000000
18	0.5079365079
19	0.5223880597
20	0.5217391304
21	0.5492957746
22	0.5066666667
23	0.5185185185
24	0.5609756098
25	0.5000000000
26	0.5250000000
27	0.5000000000
28	0.4761904762
29	0.4418604651
30	0.4216867470
31	0.4024390244
32	0.4069767442
33	0.3372093023
34	0.4117647059
35	0.4588235294
36	0.4457831325
37	0.4367816092
38	0.3908045977
39	0.3448275862
40	0.3636363636
