1	1.0000000000
2	1.0000000000
3	1.0000000000
4	0.9866666667
5	0.9855072464
6	0.9740259740
7	0.9558823529
8	0.8918918919
9	0.8630136986
10	0.8235294118
11	0.6885245902
12	0.7384615385
13	0.7096774194
14	0.7096774194
15	0.6617647059
16	0.5694444444
17	0.5205479452
18	0.5131578947
19	0.5781250000
20	0.5873015873
21	0.6119402985
22	0.5492957746
23	0.4868421053
24	0.4487179487
25	0.4342105263
26	0.4025974026
27	0.3974358974
28	0.3414634146
29	0.3294117647
30	0.3218390805
31	0.3258426966
32	0.3626373626
33	0.3296703297
34	0.3444444444
35	0.3218390805
36	0.3176470588
37	0.3372093023
38	0.3076923077
39	0.3333333333
40	0.3139534884
