1	56.7082541023
2	57.5886327262
3	57.7783142544
4	58.2287274105
5	58.6966385016
6	59.1476143981
7	59.3005612482
8	59.3994758305
9	59.5874937480
10	59.6878102716
11	59.7649874981
12	59.7852708087
13	59.8579344755
14	59.8688877821
15	59.8792144580
16	59.8904124011
17	59.8945885815
18	59.8966333574
19	59.9031512863
20	59.9062691927
21	59.9128453076
22	59.9144505331
23	59.9178201111
24	59.9182156033
25	59.9235554290
26	59.9239514349
27	59.9242363723
28	59.9245537608
29	59.9261923941
30	59.9272589304
31	59.9290800768
32	59.9291160714
33	59.9307120232
34	59.9309280864
35	59.9318286648
36	59.9329164507
37	59.9350706022
38	59.9350945149
39	59.9351895879
40	59.9353805628
