1	57.1777510836
2	57.5653113580
3	57.7164899612
4	58.0280908116
5	58.4868057739
6	58.5157441543
7	58.5282929998
8	58.9928275343
9	59.0565689301
10	59.0605640699
11	59.0634318606
12	59.0673676323
13	59.0697395953
14	59.0706368717
15	59.0727689132
16	59.0770100456
17	59.0805650861
18	59.0838368172
19	59.0849598805
20	59.0854848859
21	59.0882161291
22	59.0894890671
23	59.0898299150
24	59.0904037588
25	59.0904587344
26	59.0908978505
27	59.0912245228
28	59.0915576462
29	59.0915947867
30	59.0918650148
31	59.0922067973
32	59.0924429059
33	59.0967037080
34	59.0968016662
35	59.0968456041
36	59.0969757681
37	59.0970032389
38	59.0992230155
39	59.1037165715
40	59.1050111188
