1	51.6830485111
2	53.4873555266
3	54.1440171127
4	56.8791262073
5	57.0048922857
6	58.0725152151
7	58.4505988737
8	58.6259205823
9	58.6540620029
10	58.7027412278
11	58.7189119542
12	58.7447895058
13	58.7477427229
14	58.7852341610
15	58.7892185282
16	58.7963861139
17	58.8002938652
18	58.8032539344
19	58.8044791616
20	58.8062467972
21	58.8070235256
22	58.8076169112
23	58.8086300653
24	58.8097378617
25	58.8127226675
26	58.8133320965
27	58.8135353440
28	58.8142556566
29	58.8146968636
30	58.8157073413
31	58.8161069052
32	58.8167968546
33	58.8178039216
34	58.8179967199
35	58.8901027822
36	58.8904567973
37	58.8911864498
38	58.8919920378
39	58.8922857205
40	58.8972858990
