1	57.4568002338
2	57.8779409353
3	58.1858828461
4	58.6017757895
5	58.7098705840
6	58.8149942058
7	59.2913597122
8	59.3300920861
9	59.4067164529
10	59.4355182071
11	59.4463589908
12	59.4509810102
13	59.4561127327
14	59.4928568245
15	59.5163935840
16	59.5356580347
17	59.5519629548
18	59.5537014065
19	59.5549637781
20	59.5640258917
21	59.5652781753
22	59.5664160265
23	59.5675987369
24	59.5745521362
25	59.5761689886
26	59.5768467545
27	59.5777921535
28	59.5779255894
29	59.5782666516
30	59.5787040179
31	59.5793650375
32	59.5797664397
33	59.5802658215
34	59.5806658203
35	59.5808467554
36	59.5827519687
37	59.5838769282
38	59.5840273300
39	59.5841572923
40	59.5842225770
