1	0.0637127664
2	0.0470383504
3	0.0574422281
4	0.0898756930
5	0.0477411573
6	0.0248187594
7	0.0258423589
8	0.0244015139
9	0.0244128586
10	0.0269199425
11	0.0234959235
12	0.0272579346
13	0.0216473221
14	0.0247655258
15	0.0329330555
16	0.0171025108
17	0.0148832133
18	0.0114111838
19	0.0076862796
20	0.0133452422
21	0.0101362239
22	0.0082378068
23	0.0073084022
24	0.0073262651
25	0.0077810209
26	0.0074879126
27	0.0078310459
28	0.0095877523
29	0.0079135211
30	0.0081424506
31	0.0073824928
32	0.0065285694
33	0.0074317190
34	0.0071894203
35	0.0076324513
36	0.0078639334
37	0.0072212215
38	0.0078751936
39	0.0078947234
40	0.0078960822
