1	0.0980805825
2	0.0552339735
3	0.0586521991
4	0.0480679712
5	0.0452626351
6	0.0881652979
7	0.0293165337
8	0.0247296352
9	0.0222689914
10	0.0198657217
11	0.0280311769
12	0.0191395876
13	0.0137566405
14	0.0200518273
15	0.0159096518
16	0.0222091282
17	0.0217919777
18	0.0121497532
19	0.0185750419
20	0.0319223426
21	0.0454357515
22	0.0376456095
23	0.0372113886
24	0.0437385149
25	0.0433061425
26	0.0320173681
27	0.0434281200
28	0.0431762519
29	0.0303488051
30	0.0495430543
31	0.0268107967
32	0.0274949056
33	0.0274605373
34	0.0273656713
35	0.0273027709
36	0.0273188332
37	0.0225083810
38	0.0151531682
39	0.0152211393
40	0.0449466502
