1	0.1062235806
2	0.0943121555
3	0.0613780840
4	0.0649080937
5	0.0469255587
6	0.0260750603
7	0.0494063850
8	0.0192358025
9	0.0422200900
10	0.0412411396
11	0.0318974956
12	0.0126947877
13	0.0170708719
14	0.0150585931
15	0.0130443149
16	0.0112678925
17	0.0123684470
18	0.0126420537
19	0.0138094086
20	0.0139480755
21	0.0120624674
22	0.0143691902
23	0.0202492736
24	0.0202213416
25	0.0149523810
26	0.0217161667
27	0.0202305967
28	0.0217631701
29	0.0219779587
30	0.0207563574
31	0.0192612116
32	0.0149833715
33	0.0162853402
34	0.0193637774
35	0.0183096017
36	0.0183020528
37	0.0185309622
38	0.0194075648
39	0.0145457016
40	0.0144203178
