1	0.0000000000
2	0.0000000000
3	0.0000000000
4	0.0000000000
5	0.0000000000
6	0.0000000000
7	0.0000000000
8	0.0000000000
9	0.0000000000
10	0.0000000000
11	0.0000000000
12	0.0000000000
13	0.0000000000
14	0.0000000000
15	0.0000000000
16	0.0000000000
17	0.0000000000
18	0.0000000000
19	0.0000000000
20	0.0000000000
21	0.0000000000
22	0.0000000000
23	0.0740740741
24	0.0000000000
25	0.0000000000
26	0.0000000000
27	0.0384615385
28	0.0370370370
29	0.0344827586
30	0.0500000000
31	0.0400000000
32	0.0714285714
33	0.1290322581
34	0.1481481481
35	0.0967741935
36	0.1250000000
37	0.1612903226
38	0.2187500000
39	0.1515151515
40	0.1481481481
