1	1.0000000000
2	1.0000000000
3	1.0000000000
4	1.0000000000
5	1.0000000000
6	1.0000000000
7	1.0000000000
8	1.0000000000
9	1.0000000000
10	1.0000000000
11	1.0000000000
12	1.0000000000
13	1.0000000000
14	1.0000000000
15	1.0000000000
16	1.0000000000
17	1.0000000000
18	1.0000000000
19	1.0000000000
20	0.9888888889
21	1.0000000000
22	0.9777777778
23	0.9890109890
24	1.0000000000
25	1.0000000000
26	1.0000000000
27	1.0000000000
28	0.9891304348
29	0.9791666667
30	0.9894736842
31	1.0000000000
32	1.0000000000
33	1.0000000000
34	1.0000000000
35	1.0000000000
36	1.0000000000
37	1.0000000000
38	1.0000000000
39	1.0000000000
40	1.0000000000
