1	1.0000000000
2	1.0000000000
3	1.0000000000
4	1.0000000000
5	1.0000000000
6	1.0000000000
7	1.0000000000
8	1.0000000000
9	1.0000000000
10	1.0000000000
11	1.0000000000
12	1.0000000000
13	1.0000000000
14	1.0000000000
15	1.0000000000
16	1.0000000000
17	1.0000000000
18	1.0000000000
19	1.0000000000
20	1.0000000000
21	1.0000000000
22	1.0000000000
23	1.0000000000
24	0.9890109890
25	0.9560439560
26	0.9195402299
27	0.8571428571
28	0.8000000000
29	0.7500000000
30	0.6947368421
31	0.7021276596
32	0.7553191489
33	0.7684210526
34	0.7938144330
35	0.7659574468
36	0.6777777778
37	0.7471264368
38	0.7582417582
39	0.7471264368
40	0.7444444444
