1	1.0000000000
2	1.0000000000
3	1.0000000000
4	1.0000000000
5	1.0000000000
6	1.0000000000
7	1.0000000000
8	1.0000000000
9	1.0000000000
10	1.0000000000
11	1.0000000000
12	1.0000000000
13	1.0000000000
14	1.0000000000
15	1.0000000000
16	1.0000000000
17	1.0000000000
18	1.0000000000
19	1.0000000000
20	1.0000000000
21	0.9891304348
22	1.0000000000
23	1.0000000000
24	1.0000000000
25	1.0000000000
26	1.0000000000
27	1.0000000000
28	0.9893617021
29	0.9896907216
30	0.9782608696
31	0.9550561798
32	0.8977272727
33	0.8522727273
34	0.8505747126
35	0.9101123596
36	0.9761904762
37	1.0000000000
38	1.0000000000
39	1.0000000000
40	1.0000000000
