1	422.4385237450
2	451.2382993229
3	507.9352029167
4	529.0990281135
5	538.5929556779
6	547.5202993878
7	571.7467371889
8	578.3336338613
9	600.3163463693
10	609.3012811165
11	612.2061322307
12	622.1138965803
13	627.1042627031
14	631.2312040095
15	632.4811808138
16	634.5634452922
17	639.4007289562
18	640.3941876839
19	644.2821711654
20	644.7416425732
21	648.0428274080
22	648.7224587725
23	650.8873151489
24	652.6623574580
25	653.4324216064
26	653.8349475281
27	654.6746479787
28	654.7339429894
29	655.1324763717
30	656.0602612577
31	656.1226840910
32	656.1720662234
33	656.2136312823
34	656.2671754444
35	656.3750728980
36	656.4714749197
37	656.5924278544
38	656.7255572117
39	656.7967814586
40	656.8137728809
