1	0.0714557893
2	0.1017143925
3	0.0882444742
4	0.1080155760
5	0.0762692260
6	0.0737393971
7	0.0889043976
8	0.0914088988
9	0.0743066642
10	0.0326065354
11	0.0474651955
12	0.1450752994
13	0.1524328309
14	0.0907411450
15	0.0313261582
16	0.0144383180
17	0.0157847212
18	0.0296133130
19	0.0270071217
20	0.0343737399
21	0.0238671120
22	0.0303118499
23	0.0228580250
24	0.0287826608
25	0.0215901020
26	0.0247411282
27	0.0432364147
28	0.0449157564
29	0.0454452861
30	0.0364347529
31	0.0357612610
32	0.0522862935
33	0.0199489044
34	0.0560652056
35	0.0342146241
36	0.0487390964
37	0.0442687197
38	0.0407896153
39	0.0401550080
40	0.0412277480
