1	0.1151955713
2	0.0804799601
3	0.0780483742
4	0.0808311154
5	0.0399694400
6	0.0436877779
7	0.0560965118
8	0.0605803356
9	0.0616630309
10	0.1740857250
11	0.1569538332
12	0.0731115713
13	0.0735833173
14	0.0476913254
15	0.0923292731
16	0.0781378657
17	0.0836311076
18	0.0978876267
19	0.0645949199
20	0.0599623180
21	0.0614696250
22	0.0763087801
23	0.0575508727
24	0.0599117751
25	0.0610891141
26	0.0834052843
27	0.0927657499
28	0.0848657212
29	0.1145427054
30	0.0827798885
31	0.1110230334
32	0.1056417964
33	0.0844107443
34	0.0796427719
35	0.0527143983
36	0.0217502197
37	0.0257228857
38	0.0189883931
39	0.0322594204
40	0.0402944651
