1	0.0999851872
2	0.1024214391
3	0.0578622990
4	0.0910913727
5	0.1338819778
6	0.0699442741
7	0.0364151450
8	0.0835911914
9	0.1706413902
10	0.0617539271
11	0.0814864995
12	0.1284005186
13	0.0391218921
14	0.0865973415
15	0.0566177613
16	0.0560095822
17	0.0537430907
18	0.0718400255
19	0.0602064380
20	0.0603273451
21	0.0627829458
22	0.0609192445
23	0.0574166109
24	0.0727248842
25	0.0732089042
26	0.0714545473
27	0.0715329853
28	0.0701259596
29	0.0237098796
30	0.0197479037
31	0.0300197178
32	0.0481367194
33	0.0438298067
34	0.0561881806
35	0.0388951633
36	0.0424989471
37	0.0443303893
38	0.0670387585
39	0.0586071741
40	0.0486836075
