1	0.0972111627
2	0.0469121229
3	0.0350451482
4	0.0328928673
5	0.0322042810
6	0.0246213639
7	0.0345213481
8	0.0280497105
9	0.0413048917
10	0.0225424253
11	0.0238762510
12	0.0403970906
13	0.0333715278
14	0.0348297957
15	0.0390769466
16	0.0279108914
17	0.0287295844
18	0.0226802063
19	0.0202753150
20	0.0225835652
21	0.0489259087
22	0.0542111488
23	0.0544178183
24	0.0116373327
25	0.0114714995
26	0.0131758563
27	0.0168997411
28	0.0125985899
29	0.0155102633
30	0.0159254850
31	0.0247367807
32	0.0149261273
33	0.0114876455
34	0.0106666392
35	0.0107240835
36	0.0177227333
37	0.0179333250
38	0.0505369647
39	0.0531037813
40	0.0261544515
