0.8516417943788979	-0.7658338735845949	0.0
0.8462849852546134	-0.7475875669487486	0.0
0.8426200446106394	-0.7251602413366656	0.0
0.839588866413666	-0.6995980481963862	0.0
0.837538073832667	-0.6738948214395081	0.0
0.8352382529933526	-0.646996654463022	0.0
0.8351440656092395	-0.6238562941821617	0.0
0.8310424804472415	-0.5940162543188152	0.0
0.8297369385361584	-0.5609713762180771	0.0
0.8297369385361584	-0.5444221374791587	0.0
0.8264428387686127	-0.5022058722691095	0.0
0.6539335007106283	-0.45237162411532006	0.0
0.6539335007106283	-0.45237162411532006	0.0
0.6473453011755369	-0.4444862038943847	0.0
0.6455996710955456	-0.40475103641260385	0.0
0.63612376261609	-0.36960403760180105	0.0
0.6336114459048477	-0.3369878668696104	0.0
0.6287924422261884	-0.279982891007961	0.0
0.6262142560109708	-0.2388682905499517	0.0
0.6232894521905717	-0.19407470761022938	0.0
0.45470675656687215	-0.1231406124176418	0.0
0.45470675656687215	-0.1231406124176418	0.0
0.45470675656687215	-0.1231406124176418	0.0
0.44885714892607403	-0.11360115156559594	0.0
0.44004411578706876	-0.06463665706918423	0.0
0.43038179125653486	-0.005938723772206735	0.0
0.4245112774994917	0.06363460039051136	0.0
0.41493345246809366	0.16948370129870172	0.0
0.2567875620104524	0.242286341469524	0.0
0.2567875620104524	0.242286341469524	0.0
0.2567875620104524	0.242286341469524	0.0
0.2567875620104524	0.242286341469524	0.0
0.23554802055023366	0.30360978639841285	0.0
0.21639237048743762	0.42824276572657866	0.0
0.1942407326268002	0.594225561803268	0.0
0.07496063923523655	0.6731399136796935	0.0
0.07496063923523655	0.6731399136796935	0.0
0.07496063923523655	0.6731399136796935	0.0
0.03664933910964446	0.7753210248359751	0.0
0.0	1.0016468238042529	0.0
