0.8512429670805013	-0.7677409450092584	0.0
0.8461105815696909	-0.7493309209618119	0.0
0.8420467151146787	-0.725296129803329	0.0
0.8400684775911141	-0.6979638541323475	0.0
0.8383000463845252	-0.6756402267378013	0.0
0.836112002543985	-0.647475003967025	0.0
0.836112002543985	-0.647475003967025	0.0
0.8317283664827815	-0.5875303755712526	0.0
0.8301723134745007	-0.5561848527669844	0.0
0.8301723134745007	-0.5561848527669844	0.0
0.8273522788017013	-0.49114774067824324	0.0
0.8255567451588053	-0.44645487286881747	0.0
0.6565327123388665	-0.4409780983287549	0.0
0.6565327123388665	-0.4409780983287549	0.0
0.6443966523707951	-0.41498619503290013	0.0
0.6385494003453153	-0.3748859559260259	0.0
0.6348205499487298	-0.34306307400892116	0.0
0.6312171191931818	-0.29543422962681826	0.0
0.6273813995195932	-0.23854540789352296	0.0
0.6246676010333094	-0.2042616110279377	0.0
0.6201745380084972	-0.11528795859970624	0.0
0.45524244522651613	-0.11457914410188216	0.0
0.45524244522651613	-0.11457914410188216	0.0
0.45524244522651613	-0.11387156201873248	0.0
0.4393090923535752	-0.06538682840335273	0.0
0.4324457586802648	-0.017233514935494333	0.0
0.4224316446785727	0.07823967128742804	0.0
0.41543577515053565	0.16402872853195005	0.0
0.2565178121321102	0.2439109577021175	0.0
0.2565178121321102	0.2439109577021175	0.0
0.2565178121321102	0.24381848410941817	0.0
0.2565178121321102	0.24381848410941817	0.0
0.23648958412872603	0.30141949781587385	0.0
0.21714925560028567	0.42346085540806544	0.0
0.19941665364216835	0.5859634825608262	0.0
0.07873711306364914	0.673594906684906	0.0
0.07873711306364914	0.673594906684906	0.0
0.07873711306364914	0.6740024603887995	0.0
0.04005645600676842	0.7668871285841729	0.0
0.0	1.0256125698552492	0.0
