0.8514510696487828	-0.7617620602320846	0.0
0.8479734369079854	-0.7429202908364936	0.0
0.8446041188979753	-0.7234897029792795	0.0
0.8400336893710383	-0.6959183066563468	0.0
0.8379227595087	-0.6667546407356828	0.0
0.8363168918918245	-0.6418720266369755	0.0
0.8335407481543998	-0.6134751378705076	0.0
0.831584245010327	-0.5820257770796199	0.0
0.8298137431549071	-0.5526242085116495	0.0
0.8280989849149631	-0.5230292980645225	0.0
0.82579604700279	-0.48050938353123773	0.0
0.6531095923307706	-0.45045021255694634	0.0
0.6531095923307706	-0.45045021255694634	0.0
0.6485037165064242	-0.44281640465645294	0.0
0.6416075773216221	-0.40431708171542596	0.0
0.637745095942277	-0.37632481810460716	0.0
0.6323486407990829	-0.32221966991134054	0.0
0.6286027642592836	-0.27690567501310875	0.0
0.6263102449649541	-0.2287880238646797	0.0
0.6225159513461895	-0.17063075633638433	0.0
0.4562550814039485	-0.12049522974145557	0.0
0.4562550814039485	-0.12049522974145557	0.0
0.4562550814039485	-0.12049522974145557	0.0
0.45044676275682033	-0.10950175711082405	0.0
0.43967547290030157	-0.06368226565934688	0.0
0.43078138385103354	0.00396262684608887	0.0
0.42340005254319835	0.07194352228455993	0.0
0.4146509179417398	0.1742080010123971	0.0
0.25938984945909727	0.24414356677185564	0.0
0.25938984945909727	0.24414356677185564	0.0
0.25938984945909727	0.24414356677185564	0.0
0.25938984945909727	0.24414356677185564	0.0
0.2364922244007995	0.31775309426504766	0.0
0.2173763915959293	0.43297921111462406	0.0
0.1981709900124656	0.5718741617848093	0.0
0.08581618185651971	0.6736362424019904	0.0
0.08581618185651971	0.6736362424019904	0.0
0.0766424687766678	0.6757872328680313	0.0
0.03823166560974042	0.772855921393634	0.0
0.0	1.0769057879232238	0.0
