0.8525509071720185	-0.7619780952860968	0.0
0.8450878319489867	-0.741255973616207	0.0
0.8450878319489867	-0.741255973616207	0.0
0.8397531652520002	-0.6938577310718494	0.0
0.8376542283964483	-0.6683718444876549	0.0
0.8350330273777926	-0.6443479157574277	0.0
0.8334978044403573	-0.615480193062458	0.0
0.8322174168366503	-0.5905986588004075	0.0
0.8321538269993354	-0.5559834262941388	0.0
0.827210874076838	-0.5143761447776302	0.0
0.827210874076838	-0.507117118115998	0.0
0.6544862186574152	-0.4543244660479343	0.0
0.6544862186574152	-0.4543244660479343	0.0
0.6453511752139561	-0.43569471163292706	0.0
0.6410324521552171	-0.4053548878384265	0.0
0.6360894992327197	-0.3699498506489798	0.0
0.6319113859278883	-0.3242824603004645	0.0
0.6282108658717194	-0.27498673738774765	0.0
0.6253885348626727	-0.2347298636943493	0.0
0.6220254800828935	-0.1758185591875178	0.0
0.4557592714853025	-0.12335565121764937	0.0
0.4557592714853025	-0.12335565121764937	0.0
0.4557592714853025	-0.12335565121764937	0.0
0.4490331619257443	-0.1158383923448157	0.0
0.4394433897336485	-0.06020693019339832	0.0
0.42945483472274076	0.0031625253187506125	0.0
0.4231426354066099	0.07553417676844612	0.0
0.41542377691427285	0.16362378875512157	0.0
0.25472363673812265	0.24351782596964702	0.0
0.25472363673812265	0.24351782596964702	0.0
0.25960282444583926	0.2430654586790303	0.0
0.25472363673812265	0.24351782596964702	0.0
0.2344888611128798	0.312993211660349	0.0
0.21579137362539166	0.4348568679882463	0.0
0.1961383399340925	0.581299614978584	0.0
0.08279208712161423	0.6701528512245809	0.0
0.08279208712161423	0.6701528512245809	0.0
0.07303371170618096	0.6757096411961676	0.0
0.0367445722034099	0.7763958986287658	0.0
0.0	1.0346418260714214	0.0
