0.8542739840457418	-0.761108699467894	0.0
0.8448669123385933	-0.7414520064662579	0.0
0.8423884653367208	-0.7158076978110652	0.0
0.8406175756445234	-0.7086644285307988	0.0
0.8366831317499429	-0.6690006810175823	0.0
0.8351729888049227	-0.6473731699161335	0.0
0.8331413523655482	-0.610391312056123	0.0
0.8308284377807507	-0.5846333073678018	0.0
0.8291254003206128	-0.5474458270633228	0.0
0.828432211378352	-0.5387975081318347	0.0
0.8261051144305724	-0.49064655863066575	0.0
0.6530675926516993	-0.45225476134439324	0.0
0.6530675926516993	-0.45225476134439324	0.0
0.6482751398469021	-0.4407638799816419	0.0
0.6406640324822204	-0.4046092982238165	0.0
0.6382556063308121	-0.36321741105305083	0.0
0.6336014124352531	-0.3260063496581079	0.0
0.6287362104201821	-0.2796776990534053	0.0
0.6275510580837238	-0.2562806727941164	0.0
0.6244323632632155	-0.17156636774919784	0.0
0.45320194590850377	-0.12225721738921957	0.0
0.45320194590850377	-0.12225721738921957	0.0
0.45320194590850377	-0.12225721738921957	0.0
0.45023485418696146	-0.11445006358851639	0.0
0.4383720107422006	-0.06054249632107932	0.0
0.42981299486205693	0.0020170466241404336	0.0
0.42383013298518285	0.06574806816316754	0.0
0.4150392898363421	0.16970038790217895	0.0
0.260718421368328	0.24331748259780667	0.0
0.260718421368328	0.24331748259780667	0.0
0.260718421368328	0.24331748259780667	0.0
0.260718421368328	0.24719779672133152	0.0
0.23498090984007072	0.3064902598806391	0.0
0.21786287807978336	0.4268486078913619	0.0
0.19815736235098014	0.576800739155875	0.0
0.08149853106842536	0.6710040525713039	0.0
0.08149853106842536	0.6710040525713039	0.0
0.07269181353383385	0.6759840797081467	0.0
0.03845575001325912	0.7695985886792901	0.0
0.0	1.0373357225782476	0.0
