0.8515633008628605	-0.7638094875130615	0.0
0.844404854577282	-0.7415030164960098	0.0
0.8419528845790927	-0.7206377240656652	0.0
0.8396596217569716	-0.698659828432407	0.0
0.8389298617923827	-0.675512501238816	0.0
0.8362982918587695	-0.6521635688996115	0.0
0.8330518245514604	-0.6133935203987034	0.0
0.8315923046222826	-0.589362903333659	0.0
0.8315923046222826	-0.589362903333659	0.0
0.8290862154031955	-0.5298987186440878	0.0
0.8270057789780404	-0.4955381859300904	0.0
0.6567652252788654	-0.4439951790917085	0.0
0.6567652252788654	-0.4439951790917085	0.0
0.6465267653886462	-0.4376280422259631	0.0
0.6446731341320253	-0.40988729773798116	0.0
0.6370479073706381	-0.3772271051465106	0.0
0.6370479073706381	-0.3622058293172119	0.0
0.6297403557020054	-0.28103825796817133	0.0
0.6279821174270259	-0.23626752958195407	0.0
0.6234118500699836	-0.1747472970891632	0.0
0.4542125324377776	-0.12018197268244028	0.0
0.4542125324377776	-0.12018197268244028	0.0
0.4542125324377776	-0.12018197268244028	0.0
0.4542125324377776	-0.11427481363196246	0.0
0.44070945737884953	-0.059539044671295165	0.0
0.4349505610567609	0.006927988131394242	0.0
0.42375528813355406	0.0810742330478766	0.0
0.4166041692168468	0.16690897018839973	0.0
0.2557290912069339	0.24280355670888784	0.0
0.2557290912069339	0.24280355670888784	0.0
0.2557290912069339	0.24280355670888784	0.0
0.2557290912069339	0.24280355670888784	0.0
0.23333854536052023	0.31743856979507484	0.0
0.21764256477351818	0.4320157222047058	0.0
0.1952520189271045	0.58825918248268	0.0
0.08309965554576049	0.6697867041268325	0.0
0.08309965554576049	0.6697867041268325	0.0
0.07617305286683144	0.6721658980480433	0.0
0.04027533540597754	0.7649859804925245	0.0
0.0	1.037754940971704	0.0
