0.8501480289745256	-0.7640473994957316	0.0
0.8464229231937761	-0.7422148718854406	0.0
0.8427821087303023	-0.7242839606125065	0.0
0.8392491696753809	-0.6987362966723795	0.0
0.8378664002544141	-0.6720891649688335	0.0
0.8355732659128554	-0.6429228156880867	0.0
0.8347879145261518	-0.6258316130236319	0.0
0.831002583089069	-0.5906166713924674	0.0
0.8305847713274667	-0.5581120980345635	0.0
0.8274361070011008	-0.5158423922961353	0.0
0.8274361070011008	-0.48747625061211197	0.0
0.65110958629766	-0.4510414357784596	0.0
0.65110958629766	-0.4510414357784596	0.0
0.65110958629766	-0.448860549652835	0.0
0.6439766341217237	-0.4203285150043767	0.0
0.6380260189142739	-0.366005274382059	0.0
0.6336564976459292	-0.3307293774924985	0.0
0.6289633299411834	-0.27790913102053766	0.0
0.6252952649237578	-0.23106550441731563	0.0
0.6230180973794633	-0.18551568467154683	0.0
0.45729964049509003	-0.12119879104518058	0.0
0.45729964049509003	-0.12119879104518058	0.0
0.45729964049509003	-0.12119879104518058	0.0
0.4524101890226401	-0.11973042158266431	0.0
0.43856980662057793	-0.06125465516466584	0.0
0.42940516033206566	0.004198024372059304	0.0
0.4248508252434768	0.08536519245785185	0.0
0.41596699358586103	0.16044784446318763	0.0
0.25804274864826965	0.24257452052794962	0.0
0.25804274864826965	0.24257452052794962	0.0
0.25804274864826965	0.24257452052794962	0.0
0.25804274864826965	0.24257452052794962	0.0
0.2352964405743232	0.30433247696875504	0.0
0.21720691967469297	0.42812255016537326	0.0
0.19835977658800952	0.5655795149564523	0.0
0.07978537537289199	0.6708181338465595	0.0
0.07978537537289199	0.6708181338465595	0.0
0.07526810833686601	0.6751405607835238	0.0
0.039089066537605556	0.7658296599986238	0.0
0.0	1.004387145168721	0.0
