0.85442938224223	-0.765613165007207	0.0
0.844797721944043	-0.7450487712669077	0.0
0.8417488754580682	-0.7245826895491106	0.0
0.8399384653206752	-0.7020634119087068	0.0
0.8399384653206752	-0.7020634119087068	0.0
0.8351386851434137	-0.6495420440062021	0.0
0.8335296686449821	-0.6252702670487842	0.0
0.8312660897388404	-0.5906628855533614	0.0
0.8288749020175097	-0.5526818596453006	0.0
0.8275980990146499	-0.5232780814905963	0.0
0.8261758214631664	-0.4948073152506158	0.0
0.6548388309659698	-0.4489817504776076	0.0
0.6548388309659698	-0.4489817504776076	0.0
0.6514310457499526	-0.4402877688994735	0.0
0.6412176623235735	-0.410726238669412	0.0
0.637410662521206	-0.36809151465842793	0.0
0.6324391465007833	-0.32747101689265945	0.0
0.6324391465007833	-0.32453403329684716	0.0
0.6253914474728733	-0.231559663427884	0.0
0.6233467552005504	-0.18549434977903442	0.0
0.4553804622310839	-0.11926411402583639	0.0
0.4553804622310839	-0.11926411402583639	0.0
0.4553804622310839	-0.11926411402583639	0.0
0.4553804622310839	-0.11926411402583639	0.0
0.4394946194730097	-0.060940456162255296	0.0
0.4301932144045331	0.0033500604253205706	0.0
0.42364973338889356	0.07941994967579083	0.0
0.41760515839510426	0.1641839990270669	0.0
0.2583504300047562	0.24349909770241268	0.0
0.2583504300047562	0.24349909770241268	0.0
0.2583504300047562	0.24349909770241268	0.0
0.2583504300047562	0.24349909770241268	0.0
0.23538643550703942	0.3098978162435026	0.0
0.2174109507949812	0.42421976069660783	0.0
0.1980930401042543	0.5782736407951108	0.0
0.09174648223007566	0.6746999238580303	0.0
0.09174648223007566	0.6746999238580303	0.0
0.07314367209312247	0.6756958349061075	0.0
0.03462101814650338	0.7843165320884584	0.0
0.0	1.051631850238631	0.0
