0.699390245941539	0.15130259041715366	0.0017789152872008107	0.12475313103625628
0.699390245941539	0.15130259041715366	0.0017789152872008107	0.12475313103625628
0.699390245941539	0.15130259041715366	0.0017789152872008107	0.12475313103625628
0.699390245941539	0.15130259041715366	0.0017789152872008107	0.12475313103625628
0.699390245941539	0.15151407830067776	0.0017789152872008107	0.13256228189011943
0.67543191721588	0.17216510756110848	0.013284509391393529	0.09431169092280123
0.67543191721588	0.17216510756110848	0.013284509391393529	0.09431169092280123
0.67543191721588	0.17216510756110848	0.013284509391393529	0.09431169092280123
0.66140074841084	0.22670855637149984	0.09068828884466762	0.20424397229338367
0.5698300803004803	0.2640666147800392	0.05538908169446589	0.16592897451709435
0.5054918009266458	0.26469954787364136	0.09226446910031562	0.17929818208227663
0.48157785083234134	0.2691226065712239	0.1145253640840803	0.28885396001811264
0.47775439668678044	0.2813655093180969	0.09497936039772001	0.3447584282802656
0.46527833650377964	0.2987146162655177	0.11451252260111802	0.39794311715299246
0.4589627279182375	0.3189652763647514	0.0642651572594376	0.42977825372667444
0.4142464142808289	0.3536905335788405	0.2876675186220228	0.38617594557541
0.4142464142808289	0.3536905335788405	0.2876675186220228	0.38617594557541
0.40081064114577075	0.37697375275779305	0.3093935047462485	0.44099394998209585
0.3833687137321477	0.39087557504254056	0.34962380312573405	0.3978354374846111
0.35929984155475264	0.41408553831780487	0.26834721482741264	0.3438269878966712
0.3515078916405593	0.4350284578349018	0.41833234549229514	0.4032880548444041
0.34928268043321514	0.4432297129130657	0.431876674463609	0.42678197238350657
0.3254984911866939	0.4921242653633779	0.3693577957749461	0.523031893886018
0.29787467124962513	0.5025496881625386	0.34935818309042926	0.4537999999702705
0.2765391234487936	0.5254577007324173	0.36784670712219625	0.3667031689304536
0.2581395305057905	0.558358674781775	0.36210277943532304	0.40523502968633784
0.25117917809138185	0.5731972323468632	0.46058830448699	0.5049476491833828
0.23365222958223641	0.6097851170137358	0.34851736294235364	0.3584522812964944
0.21177513112143956	0.6265019424959157	0.46108150103303036	0.4853554346696953
0.1933966690729422	0.6600489140181733	0.473607043348099	0.47249458449714776
0.18045417796753646	0.6826174198415754	0.4862304285353139	0.3294208239265426
0.16303723190036837	0.7029052297838233	0.49201568864705114	0.4132166702966189
0.14536096861425213	0.7402412239981019	0.6369520201253707	0.4030007066966735
0.12351878810578047	0.774061954374137	0.6489523112539698	0.43727531319894847
0.10151106327222285	0.8114818167018841	0.6408932151630711	0.4632919980495559
0.08064351230351037	0.8468713487244456	0.6200178425335825	0.4735192931490513
0.06211855550274044	0.8810326821010407	0.6284912940839061	0.46881039176884864
0.0419094052722786	0.9182624358240383	0.6707828834189441	0.48156442274330324
0.02108682347941643	0.9598798223594824	0.6942107318100836	0.46203940139831867
4.867670878141074e-06	1.0731945799867217	0.47877944548687745	0.3548751993661595
