1.6200607609792843	0.15473561477672568	0.0017588941843486028	0.0771145560430648
1.6200607609792843	0.15473561477672568	0.0017588941843486028	0.0771145560430648
1.6200607609792843	0.15473561477672568	0.0017588941843486028	0.0771145560430648
1.6200607609792843	0.15473561477672568	0.0017588941843486028	0.0771145560430648
1.300975216815666	0.1572075564448996	0.003754535995650038	0.05010723001607323
0.9129498386206729	0.17282090047976387	0.00019128332617909805	0.17461330727532745
0.8508936103955773	0.17597996162183133	0.00047999944450333176	0.12891374806561579
0.7550513955708223	0.17775174754551237	0.001450208231232264	0.18311072409201154
0.7128723426319582	0.19842178543700362	0.01634574477049991	0.07492366051283625
0.5961892553345783	0.20474737757741196	0.006585665728073092	0.19918167804854087
0.5846976097467744	0.21310394115359116	0.012113341061391641	0.1883123499787567
0.5644503818712638	0.22387585205983568	0.012975670997595057	0.2540759815390533
0.5519995327415095	0.23890396009297982	0.017059730086080527	0.3287729636744936
0.4936352923440976	0.26539232879686353	0.06523823674705279	0.18538832634129754
0.483197463488188	0.28709011227414954	0.1483995692037958	0.21109560733009164
0.4587116371328373	0.2999291440829411	0.20155598232371913	0.23530592704068537
0.4371450581159937	0.3192544388184378	0.23748853955825935	0.30931508264362767
0.4256422546425742	0.34013415787403056	0.1290906887441838	0.25438830504113374
0.40660030190537805	0.35943907326749414	0.32037002442681806	0.32760552160892314
0.38461362687605816	0.3796401521970529	0.2672434737509126	0.30460115865733534
0.369741628633745	0.40123655008303943	0.3224551099123043	0.39211871464368714
0.35361087029662325	0.4219654485594622	0.31734162079205064	0.3155968049057203
0.33526185661297697	0.4472090472683547	0.3891641815275349	0.3930380479218739
0.3194422610613267	0.4695788574504813	0.3561870923269417	0.31792628913481735
0.29681586580010055	0.4953463635208831	0.40664193646668123	0.3724401014810811
0.2807294135451092	0.5180643461632768	0.4198359929209863	0.3814333651666331
0.26423309290620783	0.5427932473546839	0.4371405693308037	0.3601749283644333
0.2453449094964258	0.5704766883156571	0.4365896194076797	0.3861478195672357
0.2281241935214824	0.5959628767508449	0.4483691511946291	0.4076262136996336
0.21095476529783677	0.6270052037678845	0.45501062682081167	0.4333733362878563
0.19275304103186666	0.6523080707959523	0.5107692318125405	0.40213936872431816
0.17120650523504957	0.6888316788023253	0.5175808377501288	0.43551266432126545
0.15431953285655906	0.7206819302611038	0.47669570460519445	0.4120261149333899
0.13447716098247375	0.754370753522531	0.585106548148812	0.37878918081051277
0.1135741272988719	0.7863120149571945	0.5708647686602931	0.4584570061804188
0.09303736864049793	0.8311046582449549	0.6208712486633075	0.4634798884083125
0.07005624367503543	0.874798401961207	0.6667574696331615	0.45563353323262706
0.0468533619957274	0.910520646439361	0.643144788479416	0.4782778176904985
0.023560566924616663	0.9671142116328965	0.6385249677924162	0.4673197384990581
4.387864912753827e-06	1.010797466447017	0.6031965739352926	0.4996322011170931
