0.9473286781581567	0.05783219281836929	0.0009414110193244896	0.00033254186707931677
0.9473286781581567	0.05783219281836929	0.0009414110193244896	0.00033254186707931677
0.9465749691155565	0.06139951295472823	0.009211709825936387	0.0019302828374134495
0.944363204854664	0.09025300526811697	0.04631020110009626	0.03734237264110202
0.9431853999679791	0.12046382994831499	0.09859868281590073	0.048627517446344415
0.9431853999679791	0.12046382994831499	0.09859868281590073	0.048627517446344415
0.9431853999679791	0.12046382994831499	0.09859868281590073	0.048627517446344415
0.9431853999679791	0.12046382994831499	0.09859868281590073	0.048627517446344415
0.5224412766944165	0.241712245488422	0.0018309959284524557	0.2647585463069404
0.5224412766944165	0.241712245488422	0.0018309959284524557	0.2647585463069404
0.5224412766944165	0.241712245488422	0.0018309959284524557	0.2647585463069404
0.5224412766944165	0.241712245488422	0.0018309959284524557	0.2647585463069404
0.5175619517997974	0.24557431366692806	0.006607664650542383	0.20561401337207522
0.49414684197658215	0.2618759836943335	0.0986589753102822	0.3295408423829163
0.47393466501322573	0.2791381838190527	0.11093780404112663	0.25033734828386445
0.46265393512803676	0.2951594225184654	0.09011785598413916	0.30105625211772424
0.44188268434856076	0.321179442972362	0.2395423432895027	0.24957495855362816
0.4167472672911291	0.340232372609916	0.21884822341782798	0.32352980730970005
0.4058346277012222	0.35342420918853557	0.22537725669383196	0.31137853915415536
0.3849842602724509	0.3804775319351186	0.30577746680281814	0.3488716255349626
0.3666816873742351	0.4015879784079034	0.3050730049542443	0.3442241400001484
0.35295929155948735	0.42433688873720293	0.2758562352793953	0.2892603658583216
0.3358191795571359	0.4466911020707055	0.36066135439415303	0.4241687476479191
0.31953865289753464	0.47156209996695614	0.2970367835578801	0.29961623158573636
0.2992928708850206	0.49546791079883473	0.4219955112111671	0.32919954420129494
0.28091124706401394	0.5228433984695428	0.435332630965929	0.33979162223016124
0.26427037286623145	0.5417448134842135	0.4368070063307778	0.39668140723874934
0.24645352067212783	0.5715310569584405	0.4128241626908317	0.3591849708901407
0.22788186117795176	0.5967789610613431	0.4664136302892403	0.40995466089866517
0.2091694977179457	0.6278007297152681	0.43555062944491885	0.4021194781207148
0.19258302950816295	0.6548282569408026	0.4481513960625658	0.4267363982592468
0.17318045342268476	0.6853113080227398	0.5392673096661571	0.3953254648002095
0.1525199278355789	0.719079214103832	0.5362081427505729	0.46724950428567424
0.13407103445231663	0.7517610795447909	0.5994860024847404	0.42338645535564295
0.11291127709186835	0.7904827833656815	0.5885067259303142	0.4318613815250865
0.09266717821002465	0.8260112781432764	0.5576820935608268	0.4793948022567679
0.07117413832548762	0.8703373785924481	0.6947965209934446	0.47728773874677977
0.047153956744334466	0.909100048246101	0.6798060539761103	0.5036431198437504
0.022378443165351966	0.9561157944318888	0.6989968964032769	0.496298509954413
2.540423053328085e-06	1.0607039037759116	0.4994041396447414	0.36747258218592027
