1.5574713275141505	0.16217602658779467	0.00244823351388071	0.13984389188846447
1.6588312980014586	0.1592644713003381	0.0028016572997378864	0.1350789101117867
1.6588312980014586	0.1592644713003381	0.0028016572997378864	0.1350789101117867
1.3258029710572772	0.16217602658779467	0.00244823351388071	0.13984389188846447
0.9685045861955326	0.16533172717556732	0.00244823351388071	0.19452485285192164
0.8696693154357863	0.1752220815659741	0.0008502017602407819	0.23775384317755266
0.7806473365085697	0.17889765834533888	0.003158270311345912	0.10976430515980692
0.6923275480567088	0.19330907314244933	0.007836653835018054	0.15269349627231027
0.6095818917200676	0.20314804196349903	0.004752425546272171	0.2403893041164555
0.5750291088575306	0.21823618951279872	0.010207482530262046	0.17777857507801387
0.544205604983618	0.23361193117563056	0.01450687651697305	0.2762257589675561
0.5143386454276525	0.2493920400417664	0.025918682682728192	0.22278645647412268
0.4963831160708042	0.25423273874969704	0.0258812185752912	0.2889706676449797
0.4778089557693899	0.28302325662633726	0.09102609214205841	0.18372629276891303
0.45554544025879073	0.30015887222807186	0.11368496496637215	0.2522334631832243
0.43789280595287067	0.3186177311731189	0.1608268720660737	0.2659894181214388
0.4210076606533286	0.33890063581460383	0.17460369964254188	0.335964936923782
0.404843497313931	0.35738594279431174	0.22770757109359704	0.27031288599312187
0.39119393131532393	0.37841621380879875	0.17066011821734997	0.3227314000622494
0.37044660334612445	0.39980280929146855	0.31987588441492165	0.32268671861108095
0.3523025581290729	0.4200793318883294	0.30896626986619086	0.3426218336058101
0.341086503745459	0.4387776144274161	0.38013028039143865	0.32615098988216573
0.3208833183496532	0.4637028697014836	0.3447060991083526	0.41507901309709366
0.306687168585754	0.4856330527110091	0.3745842575935014	0.38377774068207365
0.29000105589867287	0.5097796888130287	0.41470218960861255	0.3712021958052133
0.2728890108396927	0.5324649691372912	0.4501453182904892	0.3458500433978391
0.25606563586772846	0.5561824916755551	0.37467070854853723	0.3979040947861482
0.2375839283872537	0.582087142784303	0.44443480746336356	0.4051879204312768
0.2221084496409464	0.6109968124811963	0.5018005102439225	0.47759590508605376
0.2031895550852944	0.6362184846363843	0.4691695578656324	0.44815840927509376
0.184747052316992	0.6656820562583974	0.4997806643488135	0.4086150813135097
0.16734287946647688	0.6938342501875311	0.5387726193323824	0.421835934203948
0.1485892002777031	0.7281993417172481	0.5651400034041537	0.47334439619093277
0.1281493813825274	0.7611554505380784	0.5747694158794988	0.45216949334677314
0.1092085047533789	0.7955239106977281	0.5796067234103162	0.44349372344439825
0.08952763671363748	0.8299186975946463	0.6248388565293579	0.4650432480803366
0.06882220244947687	0.8675392495418428	0.6242776478140694	0.4746717796447296
0.04152093738037128	0.9193484604198929	0.6380541550094916	0.47920362035752073
0.023889253624329147	0.9648098001679671	0.5843900177449746	0.47661739310587103
2.6024723134216605e-06	1.0054879460141286	0.6333150928742882	0.5065370291535904
