0.952330019430176	0.23674861327139649	0.00027513727711825364	0.2544040761012284
0.952330019430176	0.23674861327139649	0.00027513727711825364	0.2544040761012284
1.0221663854845615	0.23674861327139649	0.00027513727711825364	0.2544040761012284
1.0221663854845615	0.23674861327139649	0.00027513727711825364	0.2544040761012284
0.9389093039339538	0.23674861327139649	0.00027513727711825364	0.2544040761012284
0.9389093039339538	0.23674861327139649	0.00027513727711825364	0.2544040761012284
0.9389093039339538	0.23674861327139649	0.00027513727711825364	0.2544040761012284
0.9389093039339538	0.23674861327139649	0.00027513727711825364	0.2544040761012284
0.8285623507820079	0.23674861327139649	0.00027513727711825364	0.2544040761012284
0.7105895771252297	0.23674861327139649	0.00027513727711825364	0.2544040761012284
0.619396531583474	0.23674861327139649	0.00027513727711825364	0.2544040761012284
0.5726110293250327	0.2387201421600045	0.00027513727711825364	0.29872733819177166
0.5165283571757346	0.24209139005291033	0.001144750631908456	0.2636441296764205
0.4985939745394297	0.26208596647455135	0.09379170343732705	0.3507417585603497
0.4770435904169118	0.280161980324028	0.12808626384981125	0.3362200570164346
0.46378788988331876	0.3029067990340096	0.16271567946419188	0.17532479260486467
0.4415824549980679	0.3172293592304727	0.15895365008566423	0.34180913355808595
0.42184597565495946	0.3411623409898955	0.2785105302108545	0.3257689471897104
0.40116124947932014	0.35922920689081106	0.22308797528643426	0.3133081106794568
0.3865189669023049	0.383699339380655	0.34351567263547217	0.3515693856927607
0.3674775387485548	0.40176083613771	0.3102496193297335	0.3313321454290472
0.3510969713688267	0.4276177751856306	0.33702027403809237	0.28931733686434874
0.3400655205133428	0.4532615843851405	0.3360201856115771	0.23176661700348689
0.31876662200313205	0.47143169728704	0.34414729176860515	0.44618827835384567
0.3022608923314094	0.4953032059766357	0.3045881606217381	0.43684439815653775
0.28040142027656606	0.5203561369560358	0.4220257176084161	0.4272636107382157
0.2647294165326077	0.5446754846917413	0.42086694646168926	0.40144126026205673
0.24868639417661992	0.5691050201680069	0.4897453504518781	0.4381207439836956
0.23054097644700286	0.5997203527162237	0.48033875073031695	0.4899470340020703
0.20966914584508597	0.6251421507714991	0.47138465404238333	0.43698182805810176
0.19183418038287686	0.6546765127840063	0.5022665203399477	0.45426188817195323
0.17354479749049417	0.6902714533543732	0.5114952464963998	0.45034027775539365
0.1539489531412247	0.7168096738767461	0.5267879656698425	0.4111312180773583
0.13306648529003826	0.7515954073310739	0.5654162587704102	0.44942779661363713
0.11291136795136565	0.7885828257339418	0.5466426337986175	0.4458851822585221
0.09185038831746613	0.8268823117034972	0.5715805367837984	0.4574844238278982
0.06971581728457915	0.8671712368194264	0.6331637264001614	0.4597996744882539
0.04733776069120331	0.9086960524911251	0.6485159849297092	0.5094688215115734
0.019308594453420945	0.9634790490848	0.6983218167799621	0.4973575582166611
6.905224119079469e-08	1.0028380138920558	0.6542057294005863	0.4937156852406183
