2.9399683609258354	0.1890766373167614	4.739213239673967e-05	0.18838608030664042
2.9399683609258354	0.1890766373167614	4.739213239673967e-05	0.18838608030664042
2.9399683609258354	0.1890766373167614	4.739213239673967e-05	0.18838608030664042
1.5897050085128055	0.18912061834989846	0.00014977931387721855	0.18838608030664042
1.393435184461634	0.18912061834989846	0.00014977931387721855	0.18838608030664042
0.9473253578156146	0.18912061834989846	0.00014977931387721855	0.18838608030664042
0.7512522657395609	0.18912061834989846	0.00014977931387721855	0.18838608030664042
0.7512522657395609	0.18912061834989846	0.00014977931387721855	0.18838608030664042
0.6333829316321339	0.18917929234161213	0.00028629555585107935	0.18838608030664042
0.6273265893566611	0.19748627022498913	0.00014977931387721855	0.27942511580289064
0.5927866467660663	0.22871406807501138	0.0008929430723684795	0.24399471580547472
0.5430801266546513	0.23093983916308275	0.0049747618947912076	0.21136445055632946
0.510679242318682	0.24687754862659533	0.0088714932248469	0.2444189293998698
0.4970226596143192	0.2593950748235042	0.027167325710914174	0.3500652089930028
0.4808783624267711	0.2907643249007764	0.10926070900390233	0.2458396321175808
0.4580482625928861	0.30137966186785015	0.10424335999464762	0.2611245552998364
0.4387309993021521	0.3235521857999679	0.21660145953555376	0.21883167906693074
0.41423158729593634	0.3475421240922328	0.18762452496234924	0.2668510555829491
0.399965612614916	0.36196454444851694	0.283235715136998	0.3262973875129798
0.38150004570453483	0.3835698339086744	0.2714513494385203	0.3140950023121678
0.36769436377439374	0.40661667995799533	0.3584106881082205	0.38480302909209674
0.35202929329971966	0.42591799743700964	0.3485407091148905	0.39782974871326104
0.33071970779389676	0.44843068654454266	0.34867083508748187	0.36700690274577397
0.31462226754238604	0.4704329019268017	0.34517298377443106	0.3765858693319334
0.298181148204008	0.4965741547356673	0.37954806772595195	0.3166989377325049
0.28121069523749137	0.5271752587343957	0.36628821934029704	0.4320670123752628
0.25922092617300446	0.5510093044153817	0.41674060654595996	0.37581537289804323
0.24591402753678576	0.5694985870844517	0.44529061664890796	0.4251887762076502
0.22827223200831726	0.6028612148817333	0.39000456495948277	0.37157209133503255
0.20926142353866328	0.6259309721620515	0.45792156020930036	0.4071322981274773
0.18995389805601418	0.661608833310761	0.5291340871012749	0.4558698351407514
0.17314566884993154	0.6861195959322628	0.47606676483958965	0.4177443099480297
0.15179231152186787	0.7195422951231442	0.5395621467668194	0.4470280920474655
0.13318963556476168	0.7519602446119553	0.5407666986664383	0.4556184850057593
0.11124817113286653	0.7918026732882709	0.5687639366760548	0.4272104398500083
0.09138115570124715	0.8324456395070019	0.5265488774296785	0.4626844676983229
0.07077868427612184	0.8699870168905857	0.5526359921519514	0.481193054451763
0.04395876268931499	0.916098123997292	0.6176603239908275	0.47375719139417616
0.023398119160667	0.9572682877665859	0.7031591959445987	0.44099383631007105
1.8854723901113317e-06	1.0175213794977835	0.5876220526174263	0.44303703715090814
