0.7298683265081849	0.14004424574499877	0.0011935473644577588	0.07557142287936705
0.7298683265081849	0.14004424574499877	0.0011935473644577588	0.07557142287936705
0.7298683265081849	0.14004424574499877	0.0011935473644577588	0.07557142287936705
0.7298683265081849	0.14004424574499877	0.0011935473644577588	0.07557142287936705
0.7298683265081849	0.14004424574499877	0.0011935473644577588	0.07557142287936705
0.7298683265081849	0.14004424574499877	0.0011935473644577588	0.07557142287936705
0.7042210636169837	0.15471088013424808	0.008114500814043135	0.11711782762946484
0.6720906513016821	0.1725553669806691	0.012586185339503814	0.12182673422435639
0.6720906513016821	0.18028373187593316	0.012586185339503814	0.056084525090994874
0.6187252311678496	0.21217572603910395	0.009956499590979356	0.31801128270204554
0.5458270812980691	0.22937468827494026	0.003939970915581292	0.24589335463867118
0.5435449406375014	0.2347735095092639	0.012120664271190434	0.2980539248732512
0.5086336955720389	0.2505785793626029	0.018875888816592176	0.22242664287354266
0.49379721844700464	0.26388086233237357	0.0995829943812499	0.34534308706356925
0.46507174201802937	0.2899080314570317	0.12769452756841357	0.27268544457398514
0.44692060184831606	0.3097400287340414	0.20481423251660988	0.281660493671083
0.42572424571874906	0.3356651824809023	0.2400806131640028	0.285201455469717
0.41513903482167214	0.3480356676854777	0.2887093371523412	0.3054949118348853
0.396607577502875	0.36696170485261165	0.27640488677785785	0.28620628180532587
0.3804476220955818	0.3883571724337389	0.31411332667441505	0.296081447965327
0.3630901969322686	0.4088360033366327	0.33796278310718686	0.34911985697735615
0.34633513085358436	0.4298992891572859	0.35432813902259647	0.37264010588583607
0.3294987072423492	0.4504687897379606	0.36283222666690595	0.3527497371471554
0.31379560465344764	0.4760724569983072	0.3014704662421821	0.32590722083513085
0.2959954693513536	0.5002987164844939	0.37889984092732293	0.34493933044373426
0.27884692695244634	0.5241142880621388	0.4212689943897042	0.4311257303785849
0.2587515767618913	0.5499285171235256	0.42498850694510115	0.41185480454627044
0.24289641779226168	0.5750638899979433	0.44867472176546097	0.3624152187409756
0.22536564416763571	0.6007356187366795	0.4395357666950168	0.4231060446050936
0.20719518541308846	0.6289455109229699	0.48675951773265924	0.40111163121137483
0.188965695278486	0.6597106716079952	0.45910950326156563	0.4285812798162675
0.17125553701425042	0.6875402334195011	0.49596676509772397	0.4389753161314518
0.15188544092759754	0.7207234999283456	0.5727411163136369	0.46373188505512375
0.13274293082880864	0.7531763254708245	0.5422781387359511	0.467675685259246
0.10769502170546413	0.7983848775637966	0.6345827509429944	0.4761107939887025
0.09184717980422206	0.8247553841119767	0.6118309374309341	0.4651064453912711
0.06819738871900369	0.8696643607463956	0.6267961803011519	0.4749158821511395
0.04360504184632349	0.9170316768227922	0.6481229630767654	0.4529319615054648
0.02212181361811138	0.9565583287638827	0.6745078880130015	0.49549324399762784
2.1900914087692776e-06	1.0142198073742903	0.5970199000316955	0.45416675909465104
