0.792495520879342	0.17886177418477597	0.00021776962380942733	0.17396154426106208
0.792495520879342	0.17886177418477597	0.00021776962380942733	0.17396154426106208
0.792495520879342	0.17886177418477597	0.00021776962380942733	0.17396154426106208
0.792495520879342	0.17886177418477597	0.00021776962380942733	0.17396154426106208
0.792495520879342	0.17886177418477597	0.00021776962380942733	0.17396154426106208
0.681445869363737	0.18106337064935327	0.00503884261658144	0.17396154426106208
0.642489936745728	0.19383335443335892	0.00503884261658144	0.058058143960736
0.6124138660487315	0.21416909031316161	0.007232398527990264	0.27217968877725557
0.5819677497330413	0.22346743733718671	0.007091192946151487	0.251835563717632
0.5384162126414228	0.23999766266413838	0.020120275693879586	0.30553422498661326
0.5116100645059877	0.2553968075451592	0.07729218387938289	0.3090224797045957
0.48444884673764355	0.2702500449101308	0.08861198752996464	0.23864518553211655
0.4677501790103502	0.28622061107694285	0.08863140722260007	0.28804336077248005
0.454119981386396	0.298253768260702	0.1733783285632504	0.30281940533457624
0.43290490735862897	0.32339915618900356	0.21547264335668467	0.2729696332373973
0.4210558965317765	0.34388208458019764	0.2029148101338601	0.2519861272558867
0.4015469572595402	0.3591041178414461	0.24194647479298337	0.2949768886381756
0.38664386714896193	0.3787645201233556	0.2862421055445608	0.3098859394634942
0.37101000655085975	0.39644740068278	0.2735412243407642	0.36035172339391086
0.35760510452868466	0.41812949250778925	0.24601223170154132	0.30818131693155804
0.3408781659354806	0.441815431940483	0.36494987672239343	0.3818049270178288
0.32707886704982336	0.45469594325223284	0.3582093984931045	0.3331070227550126
0.31013922927600407	0.4787953086572757	0.35838592745766995	0.41556324451554216
0.2936784282212909	0.49947717876247505	0.38742801104992874	0.3977068711076428
0.27783769917470685	0.5224863302069387	0.3930453484896869	0.35533265730818975
0.2622182058074883	0.5457748249333664	0.42492878683612223	0.3919333089097713
0.24632401667274256	0.5703689159821549	0.47390360468332116	0.42044270460704236
0.23030806568248022	0.5965108757759032	0.3984115956572888	0.4049037375862582
0.2127380180306336	0.6205900454466017	0.4504627587699624	0.406457889897781
0.19609531131695276	0.6502688066012733	0.4932768450390017	0.4226410938657671
0.1770772092772582	0.6773629169861625	0.5151445975772505	0.42938659092762016
0.15992920647022885	0.706589536134078	0.5319287153544736	0.43209945931808014
0.1435370130755851	0.7350264504000796	0.5360944237450067	0.47871780684691884
0.12462550254425064	0.7670985775954516	0.5995700132852129	0.4557853664057303
0.10496727473397764	0.8041921994869554	0.5939173199570589	0.47814228165324696
0.08646997250008895	0.8371685091096797	0.6127844948500893	0.4651657516586052
0.06574126869049476	0.8793784990048541	0.6395173623051003	0.4852939623021828
0.04434130885508111	0.9181026993753162	0.6903555628092978	0.4744886836293965
0.02232180915328089	0.9649781725819822	0.6792766015637917	0.4836765577627918
3.0258298441334292e-05	1.0332650745829117	0.5252916785552367	0.5144340929080302
