2.763462301315243	0.14609099810491388	3.767969366127999e-05	0.10473651664306123
2.763462301315243	0.14609099810491388	3.767969366127999e-05	0.10473651664306123
1.8160330731388092	0.14609099810491388	3.767969366127999e-05	0.10473651664306123
1.2344188165130707	0.14609099966745548	3.767969366127999e-05	0.104506356425225
1.107536146628545	0.14609132063489388	3.767969366127999e-05	0.10404603598955255
0.9061612495375508	0.14609132063489388	3.767969366127999e-05	0.10404603598955255
0.7129732260677905	0.14609132063489388	3.767969366127999e-05	0.10404603598955255
0.7078551731280551	0.16141189305033476	0.02919206129215776	0.0946163843463599
0.6435494415713172	0.18150306205268926	0.003736638468062048	0.17386816071032976
0.6300187761082228	0.2019472246514397	0.031918031745945874	0.1487209419871846
0.622795757342635	0.22809243432484472	0.0763184167670749	0.16010454364352183
0.5657639642635702	0.23865378279842114	0.0121037890484786	0.2688478731670803
0.5231158287478025	0.24904832516170838	0.027501271556677268	0.27030644759648514
0.49512305346266294	0.25760533862723817	0.04825248411283031	0.22229913823980918
0.47764923631270634	0.2789911828799618	0.03279464584584062	0.28353224981155545
0.4601289552206258	0.29894857769514305	0.15421744755133415	0.3596228625969717
0.4413721702439031	0.31380937571363715	0.15280789604972084	0.287472185872823
0.4230267884031694	0.3356113016145891	0.191033401358294	0.3377926161571948
0.40327622583350264	0.35805326692207645	0.19827140303580382	0.31002763425101615
0.3891659151220631	0.378057540844126	0.25233576499659943	0.40148098526705706
0.3690717086944347	0.40282971957621605	0.2926184393784521	0.36257719582818326
0.35000381025161	0.42462999049250555	0.28661629316874543	0.3894476372203729
0.3358339245484176	0.44568037000659577	0.35243258306718156	0.29455885476320764
0.3191545429165456	0.4691572516359852	0.37374983476683393	0.3993192405974803
0.29958598568888917	0.4935117553388721	0.38671387304319244	0.42824331464721277
0.2875634691661211	0.5130364294704403	0.452563617622098	0.418481073286852
0.26530410970274226	0.5415647286052614	0.37980155609111393	0.4068703159820729
0.24940218949727666	0.5656481880368315	0.4805534341582434	0.39406203871042333
0.22950742456802345	0.595483756449253	0.4219322181980142	0.4198092226240663
0.20823958675977752	0.6272618815268927	0.46518590168911994	0.41077840338042804
0.19211864944070348	0.6532769990898067	0.48916999822038276	0.44503630416194817
0.17352827600898044	0.6836826891259798	0.49848534354087537	0.4396034743881187
0.15346462520349463	0.7176035569177349	0.539177444317123	0.44764850445032756
0.134042042421976	0.7505432358300966	0.5394553923505501	0.448153666419242
0.111949092965851	0.7922167048793366	0.5700678566898909	0.43848626272534835
0.09241029892257695	0.8246849546757499	0.6345740251181942	0.4735731258518766
0.07105692310751423	0.8675019649286598	0.634983035546504	0.4710773245442625
0.04821164464599593	0.910808635609818	0.6044653569702337	0.4568402919016807
0.024893194899122964	0.9530519303250121	0.6371090745976808	0.5041684073581774
2.4279603757261764e-06	1.047984080907399	0.4960199553944237	0.44146425976888415
