1	0.0000000000
2	0.0000000000
3	0.0000000000
4	0.0000000000
5	0.0000000000
6	0.0000000000
7	0.0000000000
8	0.0000000000
9	0.0000000000
10	0.0000000000
11	0.0000000000
12	0.0000000000
13	0.0000000000
14	0.0000000000
15	0.0000000000
16	0.0000000000
17	0.0000000000
18	0.0000000000
19	0.0000000000
20	0.0000000000
21	0.0000000000
22	0.0370370370
23	0.0689655172
24	0.1111111111
25	0.1785714286
26	0.3076923077
27	0.3571428571
28	0.3333333333
29	0.2000000000
30	0.2307692308
31	0.3636363636
32	0.3043478261
33	0.3000000000
34	0.2608695652
35	0.2608695652
36	0.3157894737
37	0.2727272727
38	0.2608695652
39	0.3043478261
40	0.2916666667
41	0.2068965517
42	0.2142857143
43	0.2142857143
44	0.1785714286
45	0.1851851852
46	0.1785714286
47	0.2068965517
48	0.2592592593
49	0.2800000000
50	0.2692307692
