1	0.0000000000
2	0.0000000000
3	0.0000000000
4	0.0000000000
5	0.0000000000
6	0.0000000000
7	0.0000000000
8	0.0000000000
9	0.0000000000
10	0.0000000000
11	0.0000000000
12	0.0000000000
13	0.0000000000
14	0.0000000000
15	0.0000000000
16	0.0000000000
17	0.0000000000
18	0.0434782609
19	0.0000000000
20	0.0000000000
21	0.0000000000
22	0.0370370370
23	0.0000000000
24	0.0000000000
25	0.0000000000
26	0.0000000000
27	0.0000000000
28	0.0000000000
29	0.0000000000
30	0.0000000000
31	0.0000000000
32	0.0000000000
33	0.0000000000
34	0.0000000000
35	0.0000000000
36	0.0000000000
37	0.0000000000
38	0.0714285714
39	0.0344827586
40	0.0714285714
41	0.0882352941
42	0.0882352941
43	0.1176470588
44	0.1212121212
45	0.1250000000
46	0.1212121212
47	0.1935483871
48	0.1612903226
49	0.1111111111
50	0.1666666667
