1	1.0000000000
2	1.0000000000
3	1.0000000000
4	1.0000000000
5	1.0000000000
6	1.0000000000
7	1.0000000000
8	1.0000000000
9	1.0000000000
10	1.0000000000
11	1.0000000000
12	1.0000000000
13	1.0000000000
14	1.0000000000
15	1.0000000000
16	1.0000000000
17	1.0000000000
18	1.0000000000
19	1.0000000000
20	1.0000000000
21	1.0000000000
22	1.0000000000
23	1.0000000000
24	1.0000000000
25	1.0000000000
26	1.0000000000
27	1.0000000000
28	1.0000000000
29	1.0000000000
30	1.0000000000
31	1.0000000000
32	1.0000000000
33	1.0000000000
34	1.0000000000
35	1.0000000000
36	0.9857142857
37	0.9857142857
38	0.9677419355
39	0.8787878788
40	0.8437500000
41	0.8450704225
42	0.7826086957
43	0.7794117647
44	0.7611940299
45	0.7313432836
46	0.6923076923
47	0.6718750000
48	0.7384615385
49	0.6718750000
50	0.6615384615
