1	1.0000000000
2	1.0000000000
3	1.0000000000
4	1.0000000000
5	1.0000000000
6	1.0000000000
7	1.0000000000
8	1.0000000000
9	1.0000000000
10	1.0000000000
11	0.9859154930
12	0.9733333333
13	0.9594594595
14	0.9000000000
15	0.8714285714
16	0.8356164384
17	0.7534246575
18	0.7857142857
19	0.7066666667
20	0.7397260274
21	0.6933333333
22	0.7083333333
23	0.6338028169
24	0.5303030303
25	0.4794520548
26	0.4133333333
27	0.3600000000
28	0.3428571429
29	0.2428571429
30	0.2777777778
31	0.3239436620
32	0.2957746479
33	0.4383561644
34	0.4533333333
35	0.4788732394
36	0.5070422535
37	0.4637681159
38	0.4057971014
39	0.3731343284
40	0.4507042254
41	0.3623188406
42	0.4782608696
43	0.4264705882
44	0.4142857143
45	0.4264705882
46	0.4307692308
47	0.4769230769
48	0.4545454545
49	0.4516129032
50	0.5000000000
