1	1.0000000000
2	1.0000000000
3	1.0000000000
4	1.0000000000
5	1.0000000000
6	1.0000000000
7	1.0000000000
8	1.0000000000
9	1.0000000000
10	1.0000000000
11	1.0000000000
12	1.0000000000
13	0.9868421053
14	0.9452054795
15	0.8987341772
16	0.8815789474
17	0.7972972973
18	0.8082191781
19	0.6567164179
20	0.6197183099
21	0.5921052632
22	0.6533333333
23	0.6351351351
24	0.6052631579
25	0.6438356164
26	0.6027397260
27	0.5000000000
28	0.5068493151
29	0.5820895522
30	0.6029411765
31	0.5890410959
32	0.5342465753
33	0.4558823529
34	0.5074626866
35	0.4545454545
36	0.4477611940
37	0.4848484848
38	0.4117647059
39	0.4927536232
40	0.4848484848
41	0.4393939394
42	0.4366197183
43	0.4383561644
44	0.5277777778
45	0.5000000000
46	0.4558823529
47	0.4202898551
48	0.4242424242
49	0.5000000000
50	0.5156250000
