1	518.9103969744
2	520.9614328772
3	520.9897970534
4	527.6337304662
5	529.9727892205
6	534.0670664058
7	535.5897472505
8	536.1752578190
9	537.9974612311
10	539.5202598012
11	540.4047047595
12	540.7002796936
13	541.2492881683
14	541.7018769544
15	541.9179957645
16	542.5969433787
17	542.7950721382
18	542.8382637161
19	543.0013270396
20	543.3021285057
21	543.3073317187
22	543.3384655584
23	543.3154658045
24	543.4057590484
25	543.4059217352
26	543.4199812976
27	543.7273946712
28	543.8005555964
29	544.0957968369
30	545.0995632269
31	545.5577767399
32	545.5776535610
33	547.1443829890
34	547.3233299084
35	546.9939640072
36	547.5919595727
37	547.5882117523
38	547.6039854767
39	547.6054701384
40	547.8151551046
41	547.8160844939
42	548.5429767898
43	548.8425079666
44	549.0088488419
45	549.0108661840
46	549.0113133059
47	549.0298106606
48	549.1643352096
49	549.1870145565
50	549.1873249834
