1	350.9899324892
2	405.9414916912
3	424.8250208012
4	433.7231855712
5	479.4065167434
6	494.9930872649
7	501.6437919943
8	509.8405785529
9	516.7900824309
10	520.9521709474
11	524.8379067791
12	527.8462666028
13	531.0451717870
14	534.9375983488
15	536.5655050361
16	541.9181454048
17	543.3626098256
18	543.8320273642
19	545.7406652043
20	548.4216137361
21	550.4516829788
22	550.5280739513
23	551.3478019379
24	552.3456436148
25	552.6094899261
26	553.3430747163
27	553.4629307522
28	553.7556321646
29	554.1175263568
30	554.6692699458
31	554.8562890817
32	555.7106439311
33	555.7474487299
34	555.7891032719
35	555.9596531674
36	556.4466546306
37	556.5160378524
38	557.0187333219
39	557.7563435430
40	557.9893894590
41	558.1618849167
42	558.6116269542
43	558.6223697015
44	558.9024779569
45	558.9228575626
46	558.9387092506
47	558.9487273061
48	558.9747664804
49	559.1770666319
50	559.2141569066
