1	528.4047952629
2	532.3214990408
3	541.9279702943
4	544.8757132530
5	547.8055517465
6	548.8174480340
7	555.5351587345
8	556.3298189405
9	557.3839302976
10	557.6197052898
11	557.6617410707
12	558.1791358895
13	558.2025457869
14	559.3806077749
15	559.4848100002
16	560.5300348114
17	560.7977616783
18	560.8704453864
19	560.9427014984
20	560.9680555997
21	561.0268273393
22	561.4288396171
23	561.4420387509
24	562.0432695638
25	562.0643094720
26	562.1352868142
27	562.2801367931
28	562.3913713030
29	562.3985734562
30	562.6280033327
31	562.6456433884
32	563.2047656110
33	563.3098746132
34	563.3170890235
35	563.3413846934
36	563.4445369991
37	563.4456220233
38	563.4464028096
39	563.4479881466
40	563.6372788601
41	563.6603642363
42	563.6628848395
43	563.7246027545
44	563.7274230793
45	563.7445243278
46	563.7472946507
47	563.7513501194
48	563.7522646968
49	563.7537575234
50	563.7560280017
