1	0.1157429550
2	0.0949040744
3	0.0412038340
4	0.0592089063
5	0.0281490826
6	0.0483295062
7	0.0722964776
8	0.0620664740
9	0.0587730883
10	0.0881430801
11	0.0879794153
12	0.0321254237
13	0.0479725165
14	0.0445770236
15	0.1790302333
16	0.0555891787
17	0.0707787391
18	0.0723938394
19	0.1453377670
20	0.1500103481
21	0.1963467327
22	0.1400000373
23	0.0671238777
24	0.0413378961
25	0.0535314047
26	0.1004306668
27	0.0816397761
28	0.0676691727
29	0.0418928649
30	0.0554035392
31	0.0549634911
32	0.0659779681
33	0.0499095262
34	0.0508596120
35	0.0522417204
36	0.0425785247
37	0.0404346385
38	0.0393459055
39	0.0419404872
40	0.0492510235
41	0.0514237097
42	0.0455636638
43	0.0440946812
44	0.0238446183
45	0.0238123675
46	0.0391954213
47	0.0455913909
48	0.0434271868
49	0.0319531870
50	0.0220081044
