1	0.0727811772
2	0.0571789953
3	0.0529114595
4	0.0433643193
5	0.0610232841
6	0.0353479861
7	0.0448507131
8	0.0412661795
9	0.0286519636
10	0.0344303343
11	0.0254888681
12	0.0241351783
13	0.0235948857
14	0.0221199324
15	0.0356025654
16	0.0268677673
17	0.0228144553
18	0.0241366627
19	0.0202374415
20	0.0219248081
21	0.0275811168
22	0.0230766755
23	0.0278432360
24	0.0590491116
25	0.0545726441
26	0.0144527883
27	0.0215928721
28	0.0294730936
29	0.0299314203
30	0.0145363461
31	0.0141103554
32	0.0180808911
33	0.0242661563
34	0.0148254256
35	0.0263613954
36	0.0283823047
37	0.0233376082
38	0.0195107003
39	0.0224835354
40	0.0167688548
41	0.0181735728
42	0.0259511463
43	0.0184002105
44	0.0194700300
45	0.0191516063
46	0.0177268113
47	0.0152775200
48	0.0327259672
49	0.0353638703
50	0.0334083683
