1	0.1148361420
2	0.0536449099
3	0.1249677395
4	0.1226574707
5	0.0400254938
6	0.0433754080
7	0.0922126905
8	0.0850460923
9	0.0565478394
10	0.0673745092
11	0.0539978220
12	0.1061196917
13	0.0867533169
14	0.0444032867
15	0.0310728014
16	0.0458759642
17	0.0528927417
18	0.0593817173
19	0.0519426376
20	0.0517782779
21	0.0394802822
22	0.0557096823
23	0.0547173162
24	0.0506952571
25	0.0548953106
26	0.0589156477
27	0.0568097559
28	0.0875748797
29	0.1051653974
30	0.0945370089
31	0.0945516191
32	0.1046885388
33	0.0739785420
34	0.1520884915
35	0.1406689320
36	0.1587399551
37	0.1617122086
38	0.1980184928
39	0.2028615474
40	0.0440925487
41	0.0318384170
42	0.0244981925
43	0.0329597786
44	0.0572127057
45	0.0486912944
46	0.0447365245
47	0.0453691862
48	0.0426519688
49	0.0834165001
50	0.0815001769
