1	0.0895582431
2	0.0608818730
3	0.0406569734
4	0.0598550836
5	0.0407143872
6	0.0526332443
7	0.0310866777
8	0.0332548282
9	0.0271109709
10	0.0254112003
11	0.0279152012
12	0.0249470405
13	0.0312705447
14	0.0247223645
15	0.0195167558
16	0.0284222267
17	0.0242078006
18	0.0240642887
19	0.0211192667
20	0.0249934693
21	0.0184314719
22	0.0224374604
23	0.0261068314
24	0.0325328690
25	0.0232218793
26	0.0195759059
27	0.0202644348
28	0.0215772251
29	0.0178237629
30	0.0266369405
31	0.0189633092
32	0.0439309011
33	0.0189539488
34	0.0441293314
35	0.0395031497
36	0.0453713485
37	0.0202136752
38	0.0150315484
39	0.0171446316
40	0.0412479401
41	0.0474837589
42	0.0476176764
43	0.0158240859
44	0.0230781640
45	0.0214392724
46	0.0230058080
47	0.0317266467
48	0.0326514677
49	0.0355657526
50	0.0215090122
