1	0.0809264163
2	0.0488559560
3	0.0476299014
4	0.0393067753
5	0.0318744408
6	0.0308855323
7	0.0337969180
8	0.0265831151
9	0.0352084339
10	0.0304039701
11	0.0254901306
12	0.0253888268
13	0.0200850437
14	0.0184059860
15	0.0319679979
16	0.0341425484
17	0.0336048204
18	0.0233005215
19	0.0311299958
20	0.0281159941
21	0.0298880675
22	0.0298016479
23	0.0213116298
24	0.0200164160
25	0.0605560683
26	0.0615854903
27	0.0427116297
28	0.0363330049
29	0.0178786837
30	0.0213889360
31	0.0222541043
32	0.0230266370
33	0.0211154037
34	0.0149808635
35	0.0236171372
36	0.0217932307
37	0.0559203925
38	0.0425881920
39	0.0291859236
40	0.0157210265
41	0.0131622957
42	0.0154018503
43	0.0175722939
44	0.0165594225
45	0.0303181079
46	0.0155517015
47	0.0165606478
48	0.0285992524
49	0.0184471857
50	0.0209554798
