1	0.1050602629
2	0.0916931677
3	0.0742377501
4	0.0492504610
5	0.0554947612
6	0.0544476928
7	0.0841875053
8	0.0745599717
9	0.0724561969
10	0.0838163835
11	0.0867116685
12	0.0533045669
13	0.0642642325
14	0.0705993878
15	0.0703012512
16	0.0696004127
17	0.0514200506
18	0.0886028788
19	0.0831911517
20	0.0836179485
21	0.0832417091
22	0.0502951503
23	0.0419570273
24	0.0383380979
25	0.0291729336
26	0.0435871765
27	0.0548015865
28	0.0651051447
29	0.0579398887
30	0.0434124770
31	0.0234341869
32	0.0298695632
33	0.0316005206
34	0.0296792787
35	0.0750369419
36	0.0640908410
37	0.0632770485
38	0.0638002838
39	0.0613202839
40	0.0562167530
41	0.0206376115
42	0.0227686866
43	0.0194692790
44	0.0181903291
45	0.0534696313
46	0.0523001778
47	0.0491779364
48	0.0490120430
49	0.0485727551
50	0.0486180024
