1	0.1003280537
2	0.1039221431
3	0.0445009525
4	0.0487356624
5	0.0341331896
6	0.0237986526
7	0.0242668886
8	0.0302891383
9	0.0328402379
10	0.0240451885
11	0.0263052162
12	0.0225674278
13	0.0247644947
14	0.0222602231
15	0.0366931628
16	0.0231609574
17	0.0249849331
18	0.0207167872
19	0.0248855115
20	0.0195152144
21	0.0163164895
22	0.0180584775
23	0.0270510125
24	0.0318255012
25	0.0288806788
26	0.0214860183
27	0.0260716733
28	0.0462813319
29	0.0432489000
30	0.0735258673
31	0.0142515376
32	0.0322195895
33	0.0359657654
34	0.0636674588
35	0.0674010722
36	0.0530859181
37	0.0307803823
38	0.0241467490
39	0.0303355623
40	0.0268844259
41	0.0290256712
42	0.0204674427
43	0.0224141282
44	0.0213265424
45	0.0415786189
46	0.0241113799
47	0.0279110504
48	0.0421520740
49	0.0166914375
50	0.0207649039
