1	3.0215079358
2	3.2397340019
3	3.6241511431
4	3.7970696366
5	4.0968806895
6	4.4431045766
7	4.5887093065
8	4.7799799389
9	4.9633834196
10	5.1603661555
11	5.4597862778
12	5.4747121462
13	5.5505195117
14	5.6721456352
15	5.7215614705
16	5.7929799088
17	5.8423917684
18	5.9235191677
19	5.9318641319
20	5.9815183269
21	6.0163597879
22	6.0350154101
23	6.0534056443
24	6.0677347732
25	6.0844973794
26	6.0988093927
27	6.1150564001
28	6.1334158580
29	6.1462009447
30	6.1581774732
31	6.1656603948
32	6.1806523931
33	6.1855425650
34	6.1946666637
35	6.2011238854
36	6.2127199049
37	6.2199024017
38	6.2239106530
39	6.2299398100
40	6.2340444777
41	6.2390874075
42	6.2440569532
43	6.2470477099
44	6.2491418799
45	6.2500570465
46	6.2515250615
47	6.2521937929
48	6.2563797499
49	6.2574463654
50	6.2580307062
