1	0.0265439447
2	0.0178411481
3	0.0137876137
4	0.0129948499
5	0.0104403282
6	0.0122510550
7	0.0116348967
8	0.0112851504
9	0.0075662780
10	0.0091031269
11	0.0075488379
12	0.0116503205
13	0.0112100223
14	0.0090727397
15	0.0090020854
16	0.0091278548
17	0.0079951256
18	0.0124369151
19	0.0115053170
20	0.0086499176
21	0.0086001120
22	0.0066455639
23	0.0070020625
24	0.0073339211
25	0.0080936501
26	0.0082944504
27	0.0073748593
28	0.0076720470
29	0.0062919013
30	0.0066854168
31	0.0075578695
32	0.0053212817
33	0.0048012905
34	0.0054010645
35	0.0053075201
36	0.0051369008
37	0.0062752357
38	0.0066107397
39	0.0072732581
40	0.0051073303
41	0.0052269693
42	0.0055716799
43	0.0041436259
44	0.0037364547
45	0.0046616126
46	0.0042808853
47	0.0068086708
48	0.0106078484
49	0.0046205912
50	0.0038848633
