1	0.0947735027
2	0.0464115435
3	0.0582885811
4	0.0367341621
5	0.0504406290
6	0.0459179947
7	0.0369857016
8	0.0347764880
9	0.0324200688
10	0.0300949786
11	0.0423528622
12	0.0610970956
13	0.0375331264
14	0.0260924101
15	0.0206582471
16	0.0253785090
17	0.0187253906
18	0.0195974348
19	0.0191034301
20	0.0316698968
21	0.0150115358
22	0.0262079551
23	0.0242910896
24	0.0245058041
25	0.0259441201
26	0.0235384836
27	0.0164927141
28	0.0185110009
29	0.0163619037
30	0.0134792933
31	0.0138858520
32	0.0142130751
33	0.0107574720
34	0.0118735425
35	0.0115599221
36	0.0094708970
37	0.0107844922
38	0.0103350921
39	0.0110070918
40	0.0090674081
41	0.0085391998
42	0.0075630115
43	0.0082643851
44	0.0090675817
45	0.0097754775
46	0.0084192647
47	0.0114658269
48	0.0085975167
49	0.0120531377
50	0.0105914525
