1.1783564244332378	0.045950804361746214	0.005110059055105712	0.01208489196196666
1.1783564244332378	0.045950804361746214	0.005110059055105712	0.01208489196196666
1.1783564244332378	0.045950804361746214	0.005110059055105712	0.01208489196196666
1.1783564244332378	0.045950804361746214	0.005110059055105712	0.01208489196196666
1.1783564244332378	0.045950804361746214	0.005110059055105712	0.01208489196196666
1.1783564244332378	0.045950804361746214	0.005110059055105712	0.01208489196196666
1.1783564244332378	0.045950804361746214	0.005110059055105712	0.01208489196196666
1.1783564244332378	0.045950804361746214	0.005110059055105712	0.01208489196196666
1.0040430513115974	0.054718233173450564	0.004705621363481571	0.011693604249107453
0.9987457163630774	0.05426315267407462	0.007238220398292167	0.00473009600516458
0.9823844088633705	0.05701669560628939	0.01520658374468653	0.0009399858987950704
0.9823844088633705	0.05701669560628939	0.01520658374468653	0.0009399858987950704
0.9442612045280686	0.0679521607892895	0.0190633411011282	0.007126217460922263
0.9396749852593422	0.06993821520051705	0.013060229494196218	0.007420748072761579
0.9396749852593422	0.06993821520051705	0.013060229494196218	0.007420748072761579
0.9396749852593422	0.06993821520051705	0.013060229494196218	0.007420748072761579
0.9389959461365451	0.08759948832776619	0.0478654244245183	0.021052403536768044
0.9389959461365451	0.07914506756747759	0.026836107643842477	0.021052403536768044
0.9378503391305562	0.0970874915602558	0.07421707602985206	0.01148933925891557
0.9378503391305562	0.0970874915602558	0.07421707602985206	0.01148933925891557
0.9378503391305562	0.0970874915602558	0.07421707602985206	0.01148933925891557
0.9378503391305562	0.0970874915602558	0.07421707602985206	0.01148933925891557
0.9378503391305562	0.0970874915602558	0.07421707602985206	0.01148933925891557
0.9378503391305562	0.0970874915602558	0.07421707602985206	0.01148933925891557
0.9378503391305562	0.0970874915602558	0.07421707602985206	0.01148933925891557
0.9378503391305562	0.0970874915602558	0.07421707602985206	0.01148933925891557
0.9378503391305562	0.0970874915602558	0.07421707602985206	0.01148933925891557
0.9378503391305562	0.0970874915602558	0.07421707602985206	0.01148933925891557
0.9378503391305562	0.0970874915602558	0.07421707602985206	0.01148933925891557
0.9378503391305562	0.0970874915602558	0.07421707602985206	0.01148933925891557
0.9378503391305562	0.0970874915602558	0.07421707602985206	0.01148933925891557
0.9379508614127613	0.1248349392756925	0.11453258890743134	0.02499541952580034
0.9379508614127613	0.1248349392756925	0.11453258890743134	0.02499541952580034
0.9365508980039307	0.1925165069258857	0.21164057223672184	0.03313260189810843
0.6591701986768158	0.19942210060494642	0.002622613037551763	0.2771465347383289
0.6591701986768158	0.19942210060494642	0.002622613037551763	0.2771465347383289
0.6682250114054182	0.19613725930080744	0.008458082925638905	0.23117432617464245
0.6682250114054182	0.19613725930080744	0.008458082925638905	0.23117432617464245
0.6682250114054182	0.19613725930080744	0.008458082925638905	0.23117432617464245
0.6682250114054182	0.19613725930080744	0.008458082925638905	0.23117432617464245
0.6682250114054182	0.19613725930080744	0.008458082925638905	0.23117432617464245
0.6682250114054182	0.19613725930080744	0.008458082925638905	0.23117432617464245
0.6682250114054182	0.19613725930080744	0.008458082925638905	0.23117432617464245
0.6682250114054182	0.19613725930080744	0.008458082925638905	0.23117432617464245
0.6682250114054182	0.19613725930080744	0.008458082925638905	0.23117432617464245
0.636740177528431	0.19942210060494642	0.002622613037551763	0.2771465347383289
0.636740177528431	0.19942210060494642	0.002622613037551763	0.2771465347383289
0.636740177528431	0.19942210060494642	0.002622613037551763	0.2771465347383289
0.5960190207349606	0.20743229495888998	0.001943280665759467	0.21589200544155498
0.5960190207349606	0.20743229495888998	0.001943280665759467	0.21589200544155498
0.5866752687426099	0.20748369205730893	0.001943280665759467	0.20703930114444238
0.5866752687426099	0.20748369205730893	0.001943280665759467	0.20703930114444238
0.5708193945428008	0.21830744127588844	0.00366170374306779	0.260929432169096
0.5708193945428008	0.21830744127588844	0.00366170374306779	0.260929432169096
0.5674711596428964	0.2221856333345	0.013987156914392257	0.19742226096583818
0.5674711596428964	0.22885786053929708	0.013987156914392257	0.14061107335863307
0.5566811940749624	0.23019631691227826	0.02139971872284044	0.20068600079257476
0.5346442398774274	0.23352500862455142	0.002993031297833265	0.24810170224201558
0.5346442398774274	0.23352500862455142	0.002993031297833265	0.24810170224201558
0.5346442398774274	0.23352500862455142	0.002993031297833265	0.24810170224201558
0.5243826043825707	0.24151287132948857	0.0029071633125616475	0.3103689842319149
0.5243826043825707	0.24151287132948857	0.0029071633125616475	0.3103689842319149
0.5139995550069496	0.24712213655702803	0.009538882262380352	0.21522071438650947
0.5060079891105637	0.24827734458121006	0.00041546346831042996	0.25589741442170033
0.5044518575475139	0.24978860389763138	0.0014523982611315545	0.2979778683074195
0.4980549884164569	0.25216292371849564	0.04108588061522767	0.2824003623519511
0.4971821182353481	0.25850390382328764	0.1057514256135366	0.2724809031852943
0.49074293101083555	0.2624623105984059	0.1138454757974077	0.3089047870476098
0.49074293101083555	0.2624623105984059	0.1138454757974077	0.3089047870476098
0.48594824293504607	0.2710130136540531	0.09399032204262525	0.2278828471930633
0.48478189211300726	0.271357840312884	0.10436241562839532	0.21756794769496468
0.48478189211300726	0.271357840312884	0.10436241562839532	0.21756794769496468
0.47215632155669846	0.27988338474733604	0.09499250735878242	0.2678897603879846
0.4730793674043186	0.28295095604393733	0.07789730969346256	0.22629118898825296
0.4720030002915827	0.2831274486181047	0.09157020231333843	0.22890387397832862
0.4620652978577878	0.2897568413419972	0.14652672798909108	0.2871394377995464
0.46181438377956907	0.28999813464130586	0.12828539477434622	0.2853341415998486
0.46181438377956907	0.28999813464130586	0.12828539477434622	0.2853341415998486
0.45345035570547426	0.3034739529663788	0.10064657777684843	0.3332953216324087
0.4529063704471393	0.30407807051311175	0.10092388051137419	0.332035649618979
0.4457983898745879	0.3099582783391787	0.1887243474889956	0.2570522482918399
0.4422887844541922	0.31173397780532563	0.19860211239070982	0.2944344030261832
0.4422887844541922	0.31173397780532563	0.19860211239070982	0.2944344030261832
0.4357627019832429	0.3186590702355149	0.19146877937174875	0.292566928205351
0.4318962222636312	0.3275793615134882	0.24939944494458305	0.3488085779944392
0.42853624361195924	0.32906752431295505	0.15581643555007635	0.321052243930949
0.42853624361195924	0.32906752431295505	0.15581643555007635	0.321052243930949
0.42282816278542057	0.33677776550530203	0.19514014691450673	0.27964115483379837
0.4153424215654538	0.341916269402981	0.22971374055104343	0.3118372111677379
0.4153424215654538	0.3420303326629323	0.22971374055104343	0.30570673815457133
0.4131652389648533	0.34476651660966023	0.21442689988979619	0.30526043980614825
0.408045190665434	0.35132073386084844	0.22010819600225767	0.3257986354247007
0.4035263355144113	0.3568667587526162	0.2434949356346719	0.32989711603826527
0.3995445489627982	0.3615127989155584	0.26555686484974966	0.3385313973970566
0.39620074581599873	0.36533004733227886	0.2643711178981127	0.3502411346629047
0.39620074581599873	0.36533004733227886	0.2643711178981127	0.3502411346629047
0.3906433883949511	0.3718716900741633	0.24270243497679028	0.34194266224664993
0.3880969477806485	0.37834435501206265	0.26483042497418985	0.29866818698954933
0.3844423940318927	0.37954907422142575	0.28754297927989025	0.3326141333704192
0.3802715198278375	0.3857921134656689	0.27224461637716746	0.31761519643628167
0.379236534727137	0.3857921134656689	0.27224461637716746	0.31761519643628167
0.37413752944435197	0.3935551379222517	0.27153385338127856	0.29735332277000825
0.36910499439814726	0.39955014853411436	0.2798989712713378	0.3245457043108078
0.3682359431264058	0.4031948477929784	0.2432591663829925	0.3105025202418741
0.36303064697154885	0.4076763711146075	0.27350257484380336	0.3128626331609151
0.3590348822642155	0.4123726979553918	0.3041465097298071	0.37937541952869736
0.35753178394195545	0.4140658488318736	0.3220255272211123	0.3588244846599469
0.3544819971772161	0.41910608694455215	0.32700268169866403	0.37254778181070564
0.35164436414549843	0.4235057514080858	0.25713566150493805	0.3564160893428087
0.344780204932975	0.43074018553698223	0.3446437900127397	0.33100736991971497
0.3422778355934139	0.4339062880747563	0.32145723720200525	0.3463936668480751
0.3400445094915082	0.43697866041533084	0.31418309186435855	0.3646725705503091
0.3348889095174019	0.4439642086463502	0.3256481169693779	0.3775562504414445
0.3318014443494294	0.4471597702926313	0.3565844455880368	0.3499060462381416
0.32904183262970543	0.45263138645618717	0.34470557785905614	0.3592073311265218
0.3266637735348169	0.4577887251469249	0.29984109996390085	0.3305144254236124
0.32101700450509185	0.4631502966040288	0.32671729648910564	0.4026348553174832
0.3176860661086365	0.4661374437651785	0.35328778406418004	0.3427933107895966
0.3176860661086365	0.4661374437651785	0.35328778406418004	0.3427933107895966
0.31207686592016726	0.475524089032566	0.34640365662643563	0.33395102600327436
0.3109686349553337	0.4799785746965422	0.3897230978114262	0.30587564699715275
0.3054715882900527	0.48484811129242733	0.36714097266268675	0.37711337487381486
0.3005703071926645	0.4911268898743139	0.3963158051917065	0.38550263613445934
0.2963640237826079	0.4961424628452041	0.4019702949096659	0.35696692183295087
0.29394175560255564	0.4986302775320404	0.39182110206060206	0.38010226988875595
0.29394175560255564	0.4986302775320404	0.39182110206060206	0.38010226988875595
0.28662159734002635	0.5112860737764217	0.3492850277898537	0.4063787997297116
0.2865552859622213	0.5132561310424163	0.4510149216135326	0.40393831523120227
0.2843124809146209	0.5139443349599859	0.3782883080600509	0.3454863563376245
0.27850729328964974	0.5220043410392339	0.36590421258572964	0.39448096950698086
0.2754852978022307	0.5282833021076602	0.4216749788730536	0.44159945429474223
0.269802679405454	0.5351138915493544	0.45206509047907817	0.3912331246107549
0.2679843412706351	0.5390529759826163	0.3580567699339973	0.4067378298266854
0.2649765636990975	0.5441566703163687	0.37831570256092817	0.42577967914281656
0.26173558734594415	0.5481238753946693	0.4269841876540245	0.39057924388393944
0.2560148670772932	0.5554401639624297	0.42254582837434845	0.4301862502208983
0.25282906954140166	0.5587025888990179	0.42530992556337843	0.39401747989089037
0.25053359617848237	0.5626638729484812	0.44413813562791715	0.4264018612960895
0.24472243341139593	0.5724297827170183	0.4622545979273791	0.3630826031707252
0.24261054918196792	0.5747888924369414	0.45140021325561164	0.41153444255514926
0.23934311148875778	0.5796913334348698	0.4356258911931491	0.3727119553742204
0.23553143249760117	0.585160775737238	0.44439321174841173	0.3806567352073458
0.23115185281712974	0.5928619671825633	0.45901023037028604	0.4306975846565868
0.2294573680965293	0.5967513876176835	0.4780030513421462	0.4549728725954708
0.22688078052691388	0.6005961492982587	0.4622757665771814	0.45568055392085616
0.22154880883332262	0.6067558024529361	0.46965532974800195	0.41699867189525464
0.21928824514676418	0.6101160387787246	0.48961249426942943	0.42224407002347863
0.21383778454352242	0.6197750528189925	0.4473909562407935	0.38629337741455605
0.21079460774671618	0.624059784936335	0.4684758636432245	0.4481719666184446
0.20567972453993197	0.6335024447129359	0.4674477425433937	0.3807188197930693
0.20366936143857717	0.6355809850796832	0.45153083638436176	0.40503382949771344
0.1994696299109991	0.6414333891364213	0.480205712203433	0.4195971911809872
0.1972553864464505	0.6489111206612741	0.48646004772126705	0.4274936510256532
0.19291412041392692	0.6535335841579953	0.4997944487170256	0.39294068476802624
0.18869180497470064	0.6586754665000706	0.5175666842376028	0.418851200376547
0.18616207527729955	0.6623985478356104	0.5029618334098218	0.42721517775017387
0.18394268597116745	0.6682641066296654	0.508721153681705	0.4041273208281027
0.1781692753516622	0.678019554304699	0.5053631619013541	0.4653647904484084
0.17381535459413897	0.6827417016683184	0.518814057361898	0.4186271626060965
0.16908936177272973	0.6910151691556868	0.5207196676855896	0.4125903149652498
0.1670825097327385	0.6947755911077536	0.5092501361237078	0.4598579973742617
0.16255079168969416	0.7019442704612776	0.525474265166548	0.4163297376598386
0.15918907523821288	0.7084116622656317	0.5215087348974139	0.41313680798816643
0.15582538755052255	0.7162206352726764	0.5536072643465403	0.40696306006900085
0.15145729053081888	0.7229146889516446	0.5913772385077405	0.43477778852717114
0.1468254673806013	0.7282518106399178	0.5356922257703951	0.4446606069940786
0.1436200703968864	0.7344119583154927	0.5716397117279983	0.46859344412707804
0.14027900994395806	0.7416603838395658	0.5178099235112424	0.4666724167318816
0.13535205872254896	0.7492351162761215	0.5825863062294753	0.4672757908657812
0.13142820343250322	0.7564130216310495	0.6098617769628432	0.45366604297930885
0.1276821557265827	0.7620909803789606	0.5950075381710809	0.4426960025238148
0.12457325888595919	0.7666835897367053	0.5872587442279921	0.4619672992030559
0.11916070358835745	0.7768880773346275	0.5940629781655116	0.44030888339112906
0.11561730785430617	0.78580406139172	0.5915009732096994	0.4829719397341674
0.11023871156507098	0.793289291039056	0.6101105437663705	0.48058417758616684
0.10778299377572306	0.7986829918520524	0.5910445526341831	0.4281673451932918
0.10290417331424997	0.8055651649842012	0.6155654923088726	0.43957136096318167
0.09966039256877318	0.8119416114324404	0.589822533393973	0.43069694483269944
0.09529525251849334	0.8208928507275635	0.6465933564297583	0.47805975460150696
0.09085853013052164	0.8266201565164356	0.6102744968805021	0.46533282353823474
0.08713406505837586	0.8355804598119253	0.5822168768547549	0.46005545885656146
0.08227391470119903	0.8427486257633408	0.6287066428201554	0.45042731442980244
0.07767048433729831	0.8508853488416809	0.6343482701246914	0.4735209037810461
0.07382104774906267	0.8583291266322467	0.6268126679847785	0.4888996199114337
0.06954022836670522	0.8658019901745757	0.6361574808119512	0.46870753866696024
0.06280743113732926	0.878460860626255	0.6391235339614205	0.48736904494154115
0.06036148229971614	0.8835503312002705	0.6345425625211001	0.48429448351148546
0.05622785713058284	0.8921261341787801	0.6581757299197829	0.4824349437943002
0.05176223695605227	0.9003302337080479	0.6514027779540326	0.47332549103823246
0.04628294184514779	0.9108177713621818	0.659929599415397	0.4824325727940814
0.041713623635000224	0.9192767393206168	0.6612788878280448	0.45339522657956544
0.037826569328319036	0.9273566289503584	0.6568747663366707	0.4866671618279628
0.030681007495692896	0.9416775993836343	0.6684442033416418	0.5286437235920298
0.02782045131141907	0.9453796738583438	0.6722595506955072	0.4767998015621484
0.020151040102244264	0.9610043772657507	0.6820715330110771	0.47781061997465707
0.018885902186552367	0.9668342326918451	0.6693576335475031	0.46893110814452393
0.014589157841177872	0.9762416628164091	0.6835597712509992	0.5083791089729229
0.005189914329955145	0.9903240317581016	0.7140181833159617	0.4754561496941234
0.0033432290440572106	1.0000572055154484	0.703343156247411	0.4934394632257857
4.761905219481164e-06	1.012982067615158	0.6865560992375113	0.3879297671699232
