0.9547936203613998	0.06525277807131691	0.001359659806848379	0.0009008907316379322
0.9547936203613998	0.06525277807131691	0.001359659806848379	0.0009008907316379322
0.9547936203613998	0.06525277807131691	0.001359659806848379	0.0009008907316379322
0.9547936203613998	0.06525277807131691	0.001359659806848379	0.0009008907316379322
0.9547936203613998	0.06525277807131691	0.001359659806848379	0.0009008907316379322
0.9547936203613998	0.06525277807131691	0.001359659806848379	0.0009008907316379322
0.9547936203613998	0.06525277807131691	0.001359659806848379	0.0009008907316379322
0.9547936203613998	0.06525277807131691	0.001359659806848379	0.0009008907316379322
0.9547936203613998	0.06525277807131691	0.001359659806848379	0.0009008907316379322
0.9547936203613998	0.06525277807131691	0.001359659806848379	0.0009008907316379322
0.9547936203613998	0.06525277807131691	0.001359659806848379	0.0009008907316379322
0.9547936203613998	0.06525277807131691	0.001359659806848379	0.0009008907316379322
0.9547936203613998	0.06525277807131691	0.001359659806848379	0.0009008907316379322
0.9282633464033861	0.06830456054280401	0.0023279246031725764	0.0012764113065927563
0.9222561658879072	0.07167426769631272	0.0017526425556170788	0.00023594828332823559
0.9163677742938751	0.07590773620432736	0.008321039824366133	0.0007411382200940841
0.9157372021777518	0.07976417582240565	0.015904386360027223	0.0027607320106412814
0.9075654711705224	0.0832715133503626	0.0073065859374842335	0.0010999988532223448
0.9024923588220921	0.0882174951340175	0.003759863811262837	0.02332296886951349
0.9021920143861772	0.09574486521231709	0.003759863811262837	0.04180131587132066
0.9021920143861772	0.09989597958018898	0.01378146755854981	0.04180131587132066
0.9021920143861772	0.09989597958018898	0.01378146755854981	0.04180131587132066
0.8958593835743227	0.11266024899019236	0.02655133553281805	0.050951581110650485
0.8958593835743227	0.11266024899019236	0.02655133553281805	0.050951581110650485
0.8958593835743227	0.11266024899019236	0.02655133553281805	0.050951581110650485
0.8937636713153075	0.1278546190230248	0.06424009540666215	0.04185643400709746
0.8937636713153075	0.1278546190230248	0.06424009540666215	0.04185643400709746
0.8937636713153075	0.1278546190230248	0.06424009540666215	0.04185643400709746
0.8937636713153075	0.1278546190230248	0.06424009540666215	0.04185643400709746
0.8937636713153075	0.1278546190230248	0.06424009540666215	0.04185643400709746
0.8937636713153075	0.1278546190230248	0.06424009540666215	0.04185643400709746
0.8937636713153075	0.1278546190230248	0.06424009540666215	0.04185643400709746
0.8922502862674793	0.1666211758356043	0.10511763378612929	0.0738939994397419
0.8922502862674793	0.1666211758356043	0.10511763378612929	0.0738939994397419
0.8922502862674793	0.1666211758356043	0.10511763378612929	0.0738939994397419
0.8375959222027266	0.19098249647757853	0.0023530310790980946	0.2233942728643728
0.8375959222027266	0.19098249647757853	0.0023530310790980946	0.2233942728643728
0.8253290127983186	0.19266956616697883	0.002279044644335926	0.1395834903155666
0.7667124079750804	0.19617775744405408	0.012899567568076198	0.21279625661350596
0.7667124079750804	0.19617775744405408	0.012899567568076198	0.21279625661350596
0.7667124079750804	0.19617775744405408	0.012899567568076198	0.21279625661350596
0.7055562312525373	0.19660975236258504	0.004387347261325614	0.17671659861025282
0.7055562312525373	0.19660975236258504	0.004387347261325614	0.17671659861025282
0.7055562312525373	0.19660975236258504	0.004387347261325614	0.17671659861025282
0.6898652828172429	0.20057096911230982	0.006819966299638852	0.24334940162771804
0.6898652828172429	0.20057096911230982	0.006819966299638852	0.24334940162771804
0.6141517202883983	0.20661397984193813	0.005204317249128426	0.21768626851054249
0.6141517202883983	0.20661397984193813	0.005204317249128426	0.21768626851054249
0.6141517202883983	0.20661397984193813	0.005204317249128426	0.21768626851054249
0.6141517202883983	0.20661397984193813	0.005204317249128426	0.21768626851054249
0.6120907533438591	0.20661397984193813	0.005204317249128426	0.21768626851054249
0.6012636777850984	0.20920333206594177	0.0061909143347606554	0.22372627841757775
0.6012636777850984	0.20920333206594177	0.0061909143347606554	0.22372627841757775
0.5821065537304269	0.21674720210361756	0.0032268767062991754	0.22207771876378032
0.5645421947428241	0.21813578888574836	0.0006826586419975134	0.2400563017283641
0.5645421947428241	0.21813578888574836	0.0006826586419975134	0.2400563017283641
0.5645421947428241	0.21813578888574836	0.0006826586419975134	0.2400563017283641
0.5541773347752973	0.2252363241080625	0.0034585568143251644	0.20209777819403027
0.5540926465439486	0.22696268756431814	0.0034585568143251644	0.29072500202977003
0.5510632947649926	0.23352642906569088	0.027143514285039805	0.2286127260189775
0.5424449874396955	0.2384734339158393	0.0009677282219661548	0.2704804906930442
0.5424449874396955	0.2384734339158393	0.0009677282219661548	0.2704804906930442
0.5416281194027454	0.24179581767002023	0.010899695321887101	0.22854575748722403
0.5263103119104886	0.24745522075575674	0.039201038933582344	0.23698049621798412
0.5263103119104886	0.24745522075575674	0.039201038933582344	0.23698049621798412
0.5106999175667483	0.2521481736449083	0.004989244489208823	0.22031393250096434
0.5037852048272712	0.25068506586436307	0.007402039780047314	0.30002573125416687
0.49671764878284463	0.25373126966426995	0.051624838669700246	0.27632005102728124
0.49199293818926565	0.2592539842522652	0.05474156835346894	0.3048177107152031
0.4905415345803636	0.259748099942232	0.05708152458293411	0.27569302393484246
0.4891556861313513	0.26316132520855445	0.08080137831012328	0.3204208421178609
0.48379825986577946	0.2699494193201515	0.12366265880087339	0.303948908737137
0.4795078301879247	0.2731097297600901	0.1315601453972568	0.32000181925011884
0.47754034578080906	0.2769546711261248	0.11794130911913994	0.33043615933442594
0.4765268980155142	0.2806360784685947	0.05381486145793678	0.3332671144873986
0.47050187887295497	0.28528654030554795	0.11685703606880762	0.35581023574499687
0.47050187887295497	0.28528654030554795	0.11685703606880762	0.35581023574499687
0.45936635529036485	0.29588651303663077	0.1736712657679436	0.30553460829799234
0.45936635529036485	0.29588651303663077	0.1736712657679436	0.30553460829799234
0.4583850422453058	0.30104384516956784	0.17651801489842242	0.30766357752407697
0.4498624390438745	0.3055679382346111	0.1858338717354515	0.3357846102387705
0.4462954392593677	0.30709391914131867	0.17496372851741257	0.3203919571759022
0.4419140204041864	0.31286669843721876	0.18074662762237026	0.2882651602725593
0.4414786501090724	0.3130387434603081	0.18237246469771898	0.3328529002094582
0.4380870402793526	0.3213375289007565	0.2507657117545793	0.277981217217639
0.432663845571863	0.3228123698820925	0.19747281824120438	0.3285426183000876
0.4300240365120199	0.32787581003281746	0.21459236710332738	0.2935975439217097
0.42683022071071697	0.33181578064282286	0.20229080047904233	0.29878369516978914
0.4212522581781848	0.33575708257660214	0.21145662272198956	0.31459249092525077
0.4186958705511979	0.3383664856401308	0.23750160357345762	0.3229454248645802
0.41483823512594725	0.34437130736974597	0.24467640202407404	0.3217087036695114
0.4111488645383788	0.3476497296010752	0.21910039941709783	0.30094858431011173
0.40795960094604605	0.3521532616480676	0.24502908259534736	0.3142152149803951
0.40381413287759144	0.35644452865207044	0.2595567425811639	0.30411770460138837
0.40198132219869087	0.3601845477823362	0.20815340745061015	0.34704512926384135
0.39709155752473596	0.3639727669087414	0.22816637984809346	0.327012974802821
0.3932382118653891	0.36906338383006076	0.22887046556196877	0.3367576738922638
0.3919437884744495	0.37358682275908467	0.20381451880800294	0.3570377717456259
0.3895587518438342	0.3782176903175522	0.19543073830622898	0.34707356926203686
0.38199801821152757	0.3826944748609861	0.2822506049301565	0.3216775287769297
0.3805457843730136	0.3846620384271675	0.2946782436669957	0.356218574976623
0.37731134278133716	0.3910458713077539	0.28884313822421104	0.29876864526991187
0.3733134117573021	0.39321064726187965	0.27383760882667385	0.31985263828584765
0.3712689463612989	0.3978910590018316	0.3017711421318081	0.2940928992590779
0.3673661708691102	0.4031928087442384	0.3408971151292225	0.32429171367046705
0.3654841700270115	0.40652003266555375	0.32709437749027304	0.29330362226704737
0.3597149192795057	0.41138163006802314	0.2916867706933341	0.3526663360790128
0.3565979662298371	0.4155757916032358	0.28710162461144373	0.3157844788984573
0.3514913944196629	0.4216199406030126	0.30754516443862057	0.3685108617231878
0.3498147290891662	0.424200299387277	0.3233391336432569	0.38799512821559723
0.34700425079678154	0.42950054267477733	0.32088400461426914	0.393916883208112
0.34184250145944584	0.43365127342979115	0.3216830070582759	0.3727050628587506
0.3387253567476349	0.43893106232745027	0.30156074499831526	0.34014694823655856
0.33619170084667854	0.44246411801822705	0.3311027985474832	0.3317556380755443
0.3334380589766375	0.4459212545718031	0.3662411001404447	0.3711810697092632
0.3300209077271445	0.45069020590798853	0.3562538436744464	0.3228406263785035
0.3245780481829491	0.45849338988784244	0.3352851219294206	0.4093676906159333
0.3232170322215713	0.4623474298541008	0.35741985605802384	0.400611603803977
0.31891015484329127	0.46676031092667974	0.32127880301494144	0.33176707668402183
0.31586988674353395	0.46896276974287876	0.32766801070392554	0.3542125442028468
0.3123856862404727	0.4749089437580221	0.3629586737227599	0.32384041390405477
0.30941754090743606	0.4800559462753135	0.3673171733958121	0.31618245883605395
0.30234475303838626	0.4889920762410179	0.33078376941696913	0.39223069719642445
0.30063059619726257	0.48956360520971054	0.39239957993118396	0.3762349973796244
0.2973743110595744	0.4957119890393968	0.35247330856520176	0.40822932933862965
0.2943642485768761	0.4996929961693538	0.37737371386513374	0.4194948697362775
0.2908809121695456	0.5054508737304378	0.37174582655501687	0.40904472048000007
0.2886249724775694	0.5097244917427035	0.4168431235128943	0.3647982292431846
0.28431027843686885	0.5155297857919265	0.4188392376170999	0.39372374901415963
0.28220308594657967	0.5207822226383674	0.42794663934668503	0.35117827674740726
0.2771007353941301	0.5248548355334005	0.4355865663004557	0.3930921293893612
0.27286148544778344	0.5322426355647885	0.46554640628091026	0.39073355760047956
0.2710829841112932	0.53646781419072	0.37241717174411143	0.42698302087716133
0.2659651890949333	0.5406145580462449	0.3790053238389446	0.38477070007390957
0.2609702021574727	0.5487007245149133	0.377614843287466	0.3860810337216354
0.26060191072581246	0.5487007245149133	0.377614843287466	0.3860810337216354
0.25711844538574374	0.5571914591922782	0.4366302063353978	0.4022919755727505
0.25422861482175013	0.5575155770186707	0.4115273555378822	0.3856009649267595
0.24877072792390004	0.5654743036105152	0.4407084327479074	0.3748418234258003
0.24438840957359287	0.572160949223977	0.41408172782161534	0.3956925798258287
0.24318884804066573	0.57849857256755	0.37243031823562683	0.40366254550558334
0.23865738154001442	0.581513552813003	0.4542545737230043	0.43424128094811704
0.23522558844064623	0.5877852933957318	0.47571285009187547	0.4017903520710604
0.22965143657470177	0.5936248676549525	0.4475722792671273	0.4115764792109977
0.22661510071685848	0.598411003747383	0.44308508611174996	0.4105715089384593
0.22318891118825504	0.6037398545783685	0.4592490993150231	0.3934402779405049
0.22081454533957726	0.6095656378689053	0.48411655464116893	0.4567321175913033
0.2173092310763086	0.6141626506827558	0.4391533225962021	0.38841380465341435
0.2130938435113576	0.6192640263753458	0.48015037111283976	0.4183236353146656
0.20983897964817447	0.6245954235306272	0.4858841430709829	0.4290308275754808
0.206373559451115	0.632912442559285	0.5002096161189757	0.42995922660201513
0.20209125281656057	0.6388626585936638	0.5238093355327617	0.396637157655711
0.19832127126650834	0.6431827682221811	0.5053885860450523	0.4102882508845774
0.194343648670292	0.6501909932626736	0.5223179788495476	0.42534458154987265
0.18985833443815278	0.6568822827159024	0.5246803040978633	0.422412592252264
0.18748740057409674	0.6641411333014058	0.4801600321344823	0.36702013484578966
0.182461685815249	0.6689666447814734	0.5228039037749397	0.4103653456799318
0.17907869689117217	0.6748087008722703	0.5094411302570655	0.4327729722816771
0.175872418831717	0.6792360914316431	0.5211027735786404	0.43233395440225064
0.17196315244424937	0.6860506570266146	0.5153658500957021	0.4254287782491986
0.16771230584146335	0.6935232018300962	0.5337323625168217	0.4102141443898629
0.16495759689711942	0.7043421303416353	0.5136514644699446	0.4159924527949241
0.16082605707361988	0.7057519841571948	0.5504859925443751	0.40628993445975115
0.15658897219471207	0.7135207903038926	0.5676821757348275	0.41785822874850376
0.15238420448836149	0.7196448296384935	0.577031060535078	0.4359930950497544
0.14801008056137271	0.7265651398935873	0.5598567024563581	0.42149901244454535
0.14438658021219705	0.7331327255581558	0.5580248134519584	0.4381760772909387
0.14185468992839956	0.7396250158911833	0.5913827271658018	0.405930646161138
0.13615171263899128	0.7469684785402233	0.568750435049769	0.47238854927226076
0.1331974655655524	0.752729156181593	0.526717948251012	0.4494939388468317
0.1293178473257102	0.7604776285785567	0.5252630934382533	0.4710660555788744
0.1247082771981401	0.766619738070353	0.5888178708823597	0.44374759239795636
0.12097615028066741	0.774767696617498	0.5887266086360355	0.46341728149348177
0.11634843769090625	0.7816268757903281	0.6051589155774508	0.46244572470238465
0.11200989232727891	0.7888020627828768	0.5867083870647942	0.4674101429428934
0.10849594439762261	0.7953892837132924	0.5678396265372814	0.4504134762645342
0.10406357489659344	0.8028527810613166	0.5840622525556922	0.45569615641844835
0.10034653534324633	0.8113431639420794	0.6345212864041223	0.47306199378592206
0.0953853255005923	0.819435916303771	0.6318819675834094	0.46692464128854255
0.09198305878950747	0.8245320553182961	0.611126477440339	0.4620950445539249
0.08781283992648599	0.8327354940690054	0.5902399007450736	0.4770387407491927
0.08324194936123155	0.8408685258422394	0.63652259206071	0.4692168004275433
0.07902088989169996	0.8483586016651139	0.6273355525398172	0.47640050130748934
0.07455391585652986	0.8574423263341359	0.639846202258794	0.4474839594398671
0.07043827131862243	0.8646382596342054	0.6185122882460398	0.4877668215114751
0.06598850481519546	0.8728983115354527	0.6503747937350425	0.49166793268812753
0.06150558907598398	0.8808241458183415	0.6457236935935134	0.47809357376264316
0.057027938410314775	0.8900335887470694	0.6345342352676895	0.5036989912192443
0.052609662397699083	0.9002691768820326	0.6190690845161275	0.5000529667363911
0.046581536296009106	0.909747238718035	0.6436034163358345	0.4635589561401086
0.04313066495744024	0.9180453672248368	0.6749033389298064	0.5071086767332191
0.03826419053206803	0.9259095125799709	0.6658278753995767	0.5053451113139952
0.03382673950668362	0.9346605979204589	0.6876641562786622	0.4736907240898966
0.028578427663213658	0.9453342745996616	0.6717757835308859	0.4929893796578925
0.024469073253572747	0.9531918610116532	0.6551534181045987	0.4700515425750137
0.018794096365526126	0.9653023683422721	0.6745590803619532	0.4972709736830261
0.013476255094393921	0.9774778800625232	0.6596101492400962	0.49154548993166625
0.009875894589235481	0.9844462622694101	0.694294438294436	0.44246388364411504
0.003436039960093135	0.995245601490124	0.6830685486212263	0.4986826723976866
1.0916794740213015e-06	1.0008690277926944	0.7076789190798846	0.47052627524513846
