1.0000004645522655	6.679986677197412e-06	0.0023115489138514356	0.0011561696657799239
1.0000004645522655	0.00016840378539085909	0.012862700568685326	0.0017189297458596955
1.0000004645522655	0.00016840378539085909	0.012862700568685326	0.0017189297458596955
1.0000004645522655	0.00016840378539085909	0.012862700568685326	0.0017189297458596955
1.0000004645522655	0.00016840378539085909	0.012862700568685326	0.0017189297458596955
1.0000004645522655	0.00016840378539085909	0.012862700568685326	0.0017189297458596955
1.0000004645522655	0.00016840378539085909	0.012862700568685326	0.0017189297458596955
1.0000004645522655	0.00016840378539085909	0.012862700568685326	0.0017189297458596955
1.0000004645522655	0.00016840378539085909	0.012862700568685326	0.0017189297458596955
0.974489137279512	0.045827192546393905	0.01796018659845501	0.002019344432229314
0.9734455111876696	0.051041144103555786	0.013921116716759899	0.01970972124622486
0.9677454627329619	0.05389318072291954	0.029686844531929865	0.00038611763099249963
0.9677454627329619	0.05389318072291954	0.029686844531929865	0.00038611763099249963
0.967439082588494	0.06275214765297711	0.02209844356578909	0.030409657801299672
0.967439082588494	0.06275214765297711	0.02209844356578909	0.030409657801299672
0.967439082588494	0.06275214765297711	0.02209844356578909	0.030409657801299672
0.966930393671744	0.07562652619754986	0.06091059620219945	0.030409657801299672
0.966930393671744	0.07562652619754986	0.06091059620219945	0.030409657801299672
0.966930393671744	0.07562652619754986	0.06091059620219945	0.030409657801299672
0.966930393671744	0.07562652619754986	0.06091059620219945	0.030409657801299672
0.966930393671744	0.07562652619754986	0.06091059620219945	0.030409657801299672
0.966930393671744	0.07562652619754986	0.06091059620219945	0.030409657801299672
0.966930393671744	0.07562652619754986	0.06091059620219945	0.030409657801299672
0.966930393671744	0.07562652619754986	0.06091059620219945	0.030409657801299672
0.966930393671744	0.07562652619754986	0.06091059620219945	0.030409657801299672
0.966930393671744	0.07562652619754986	0.06091059620219945	0.030409657801299672
0.966930393671744	0.07562652619754986	0.06091059620219945	0.030409657801299672
0.966930393671744	0.07562652619754986	0.06091059620219945	0.030409657801299672
0.966930393671744	0.07562652619754986	0.06091059620219945	0.030409657801299672
0.966930393671744	0.07562652619754986	0.06091059620219945	0.030409657801299672
0.966930393671744	0.07562652619754986	0.06091059620219945	0.030409657801299672
0.9668899720508162	0.17647947907043748	0.06091059620219945	0.20547123153350666
0.6469164743238583	0.18140908249632964	0.010441250959921933	0.16646739233647226
0.6469164743238583	0.18140908249632964	0.010441250959921933	0.16646739233647226
0.6469164743238583	0.18140908249632964	0.010441250959921933	0.16646739233647226
0.6469164743238583	0.18140908249632964	0.010441250959921933	0.16646739233647226
0.6469164743238583	0.18140908249632964	0.010441250959921933	0.16646739233647226
0.6469164743238583	0.18140908249632964	0.010441250959921933	0.16646739233647226
0.6469164743238583	0.18140908249632964	0.010441250959921933	0.16646739233647226
0.6469164743238583	0.18140908249632964	0.010441250959921933	0.16646739233647226
0.6469164743238583	0.18140908249632964	0.010441250959921933	0.16646739233647226
0.6469164743238583	0.18140908249632964	0.010441250959921933	0.16646739233647226
0.6469164743238583	0.18140908249632964	0.010441250959921933	0.16646739233647226
0.6469164743238583	0.18140908249632964	0.010441250959921933	0.16646739233647226
0.6469164743238583	0.18140908249632964	0.010441250959921933	0.16646739233647226
0.6290946114115051	0.18555806746917813	0.00021365273264947748	0.18144785322212967
0.6290723923247813	0.18775182239657873	0.004179154213230091	0.16120683392653182
0.6290721752696982	0.1942623260609332	0.00021365273264947748	0.088920684376852
0.6290721752696982	0.1942623260609332	0.00021365273264947748	0.088920684376852
0.6280525625917817	0.2021648942485494	0.023829912520725	0.2322419465302105
0.6211458629073333	0.2054428893441587	0.016966832023786377	0.09700014933711651
0.5940530480316006	0.20893256782608488	0.0032656645968265896	0.2343196829575253
0.5940530480316006	0.20893256782608488	0.0032656645968265896	0.2343196829575253
0.5861850991634044	0.21246462540489158	0.0032656645968265896	0.2776860254456701
0.578142518035695	0.21706007096812396	0.01091140797827192	0.22585855237371508
0.5726752462073018	0.21870967046074738	0.013620376073330831	0.21731054659074445
0.5726752462073018	0.21870967046074738	0.013620376073330831	0.21731054659074445
0.5529115969258611	0.22645222875330828	0.004012886528589027	0.2651225192684442
0.5529115969258611	0.22645222875330828	0.004012886528589027	0.2651225192684442
0.5529115969258611	0.22645222875330828	0.004012886528589027	0.2651225192684442
0.5517406874249452	0.2376218430408258	0.03656865961535316	0.2651225192684442
0.5517406874249452	0.2376218430408258	0.03656865961535316	0.2651225192684442
0.532937809858702	0.24510325349834963	0.011375113918903001	0.2584378569648541
0.5157163675549502	0.24510325349834963	0.011375113918903001	0.2584378569648541
0.5157163675549502	0.24510325349834963	0.011375113918903001	0.2584378569648541
0.5143632988622994	0.24658106213956704	0.011375113918903001	0.3008844339597037
0.5008160181793592	0.2503714403589463	0.01211178088633311	0.258630410509027
0.5007613457848069	0.2538006257248633	0.01211178088633311	0.2104643123063662
0.4955274352358654	0.2560738769228415	0.00941219342060002	0.28448117861184274
0.49029552234972307	0.26160236204170595	0.10295720190701768	0.2673548905194601
0.48649293044586955	0.26455803048192245	0.07485444083283911	0.2572406011351195
0.48279600293950214	0.26915960569850905	0.09468153346808997	0.24043245354720605
0.48279600293950214	0.26915960569850905	0.09468153346808997	0.24043245354720605
0.47738220886214433	0.2741955917623153	0.0809500501578578	0.26770256217732885
0.4729011890852912	0.2797842068462567	0.12587557078366757	0.2924234276313672
0.466668832272553	0.28557858545037906	0.15882901374075972	0.27111392780520827
0.466668832272553	0.28557858545037906	0.15882901374075972	0.27111392780520827
0.46518135042125913	0.2894247227926711	0.0900355599854119	0.2582534667518004
0.4605374809057447	0.29396772678559613	0.13579439263770543	0.295050251008696
0.4567875173384788	0.29855509536956765	0.11171999371903377	0.27314211634496105
0.4508387147658828	0.3029433037103381	0.12769429191253465	0.29449158476349196
0.4508387147658828	0.30535951715633847	0.12769429191253465	0.3482110253946686
0.4508387147658828	0.30535951715633847	0.12769429191253465	0.3482110253946686
0.4508387147658828	0.30535951715633847	0.12769429191253465	0.3482110253946686
0.44052381982525035	0.32508581510864676	0.22228707341139034	0.30009606284607193
0.43971396768773435	0.32691802587823116	0.23467264999280685	0.3447293936396245
0.43303086969005117	0.33398160068620797	0.2777290949019441	0.27079952054516393
0.42507934357082816	0.3356008908935601	0.17042078814042488	0.2972726722057521
0.42507934357082816	0.3356008908935601	0.17042078814042488	0.2972726722057521
0.42434308308056734	0.3417928106177799	0.27799377409421866	0.26263862990671344
0.41486943866709897	0.34507138259206366	0.2618107422841751	0.34154890805900334
0.4115442427053763	0.3468245081633824	0.23585105350283922	0.3367583906890091
0.4072419502277539	0.35264316778772303	0.22331941028015675	0.30915775733159323
0.4072419502277539	0.35264316778772303	0.22331941028015675	0.30915775733159323
0.4003591966339409	0.36202002389877763	0.26416392275097056	0.36471470871534734
0.39865796183447594	0.36442631440718415	0.20199979982854385	0.29941483403198565
0.3971077772371791	0.36631414277121466	0.19674002676214794	0.33697893538907403
0.3929878023198893	0.3730627883039031	0.3032467571880838	0.3751549359907797
0.3897086216829455	0.37445726010430685	0.2952713781225452	0.33403391297700535
0.383739493742742	0.38128354032478956	0.24646564049122063	0.3628833944121713
0.3822647347198197	0.3853665715234715	0.30846890469894916	0.3811574315274162
0.3763923520837754	0.3892419527913881	0.2799958277782929	0.3442372751915691
0.3740849297570944	0.3919241696496664	0.2845141387993307	0.35120811195900314
0.37110618583621635	0.3961215289824761	0.288379863346226	0.31637681010970375
0.368513113846875	0.40320949946363244	0.32982485072092815	0.3936458144305274
0.3627387824561817	0.40683403590869543	0.299145207808576	0.37065184542404206
0.35902262540822216	0.4109055909368308	0.29768506610093626	0.3535779055259609
0.35397131968236134	0.4174887277587816	0.3094627846314152	0.34237631354559067
0.35397131968236134	0.4174887277587816	0.3094627846314152	0.34237631354559067
0.35110331398949923	0.42531568667169156	0.3051116128004031	0.4036556417458321
0.348658111396567	0.4256687378527017	0.3210771360819137	0.33088704101287386
0.34303147086581376	0.4322364300157001	0.300369386594133	0.34677273946743836
0.3397019836631375	0.43651344706750433	0.335421519320336	0.34487044046336923
0.3371224601060982	0.44008375120220933	0.33914657316418745	0.33384848505501724
0.3345028368748961	0.44711336095756976	0.3957446386358585	0.37038231913313563
0.32823760560517334	0.4521531889205437	0.35245896202617605	0.3358873284097573
0.3268877815924257	0.45438836788825376	0.3500747621167735	0.3881832545785124
0.3223170377245168	0.4594844411540904	0.33426297494736884	0.35653648820210193
0.32069927639167745	0.4627940199990166	0.35162249364671716	0.3603517643426507
0.3152736662653984	0.469763047783999	0.36713557374202205	0.34273139990000123
0.31121941064976055	0.47514901698754214	0.33848119122962916	0.3838240665952115
0.3084959536291411	0.4784615568718317	0.3545792018844658	0.3716523383515506
0.3061950644476978	0.48203497123081945	0.3546068883662015	0.3856936718165719
0.30297761085248426	0.48899531650427014	0.41679525596975897	0.3457936829463604
0.29844166530846056	0.4933125567102273	0.36318791301853215	0.39385017288879515
0.2961544842480411	0.4962981942124145	0.3992648458890141	0.39892150833627826
0.2920609472067157	0.502956421579872	0.3915835119553473	0.3727420380974529
0.28934064891281	0.5073536857604591	0.428792105018037	0.36198019443434215
0.2858698126871471	0.5107255863825887	0.3696182420835096	0.3905304442144115
0.28157199644643616	0.5193118754832513	0.39359379958601515	0.3825517873903549
0.276799652284949	0.5240092157035148	0.424047939416796	0.3792528802432044
0.27318910607485863	0.529183227497002	0.39118655968969884	0.3986651848954551
0.2704449798211347	0.533304354610814	0.41719140204842076	0.37535402402778434
0.26783589198190655	0.5362508002894156	0.4042573302704128	0.37911812832806513
0.26415329218638417	0.5425527154645575	0.40178793941010577	0.3625359346258082
0.26030836594342366	0.5486604790371745	0.43927818037091937	0.3638921910655215
0.2571413284428695	0.5527158654368387	0.42013155997674145	0.36569135863320246
0.2528650973100907	0.5588756144834208	0.4139934302222021	0.41099474003694036
0.24822845048118333	0.5661926436159436	0.4447763525816853	0.40970196793237845
0.24592748756436655	0.5691895731467402	0.45353759265504173	0.38226390579572844
0.24282437597985435	0.5748905343018988	0.44238054900626217	0.361955781443311
0.23699209475676103	0.5823106681816466	0.4589064381398368	0.40158012183207636
0.23439839792880107	0.5870731762221154	0.48031067243815007	0.40526531243352115
0.23246054428037055	0.5928798736492241	0.41965577254730546	0.39358672341631895
0.22757741466065887	0.5978161601845599	0.4911644520015733	0.4106506206149182
0.22438939139110448	0.6038786470249222	0.4197708234879195	0.41359334655995317
0.22022739650606168	0.6088635240348529	0.440657068044634	0.422054301727969
0.2181221657440215	0.6140099657243944	0.4467427829620091	0.4233841474042389
0.21335504869483307	0.619328930707662	0.45369092097615776	0.4076541733094973
0.20914507268139748	0.6261229482109023	0.47350019644699326	0.4374014925062423
0.2058810660577023	0.6333027078104295	0.5042392765713921	0.39062115910573186
0.203143895923862	0.6383832701502077	0.5135032926569825	0.4241161240374475
0.19891241475546345	0.6433383667601591	0.49500026979123046	0.4579051839594389
0.19524599267485115	0.6476614461178689	0.49946367833831407	0.42579217121885415
0.1913245637137533	0.6577362170155956	0.49664463897221556	0.4828678616296711
0.18768300669641047	0.6605550717724076	0.5265596359993749	0.43415629080662355
0.1842820617371501	0.6694731190157824	0.5207106432690439	0.4770309924729606
0.18058278853666157	0.6733034379600664	0.5138663309734031	0.45492026746906794
0.17660143132901154	0.6806617454466369	0.5203584171645258	0.41884783059889347
0.17255797296362602	0.6860597237794283	0.5241564067636264	0.46395659504079984
0.16881931669135547	0.6929385117337755	0.4943619395119581	0.4021969528653613
0.16459070826226047	0.7016953086075765	0.551955616765324	0.4865163836838088
0.16192464558391273	0.703104602836702	0.5346118100637941	0.462414954613251
0.1555923266673942	0.7144375165026523	0.5477286672274688	0.4266827360972753
0.15211729976141458	0.7191025612067138	0.5342713170997226	0.4500461680477464
0.14885714742689515	0.7258657521611932	0.5392752556926532	0.428093852721415
0.1447400945725711	0.7324043294366898	0.5603776440766337	0.41823833091320156
0.14092039536815765	0.7399048377725216	0.5799084711250375	0.43412846050781445
0.1375839535857442	0.7455706901856523	0.5903230992255557	0.4172940309438664
0.13300550197441818	0.7525917583006652	0.5498106438401857	0.42503501591786297
0.12913171488349592	0.7590880359302208	0.5498871922325005	0.44182590050793025
0.12530197989850098	0.7653488776705012	0.5821599529536651	0.46210806650920605
0.12185340901499514	0.7724367784434663	0.6110385443256823	0.44892089928374784
0.11624104341803278	0.7813994953723871	0.5876471785492257	0.4687969424810592
0.11310626040163835	0.7880817957217938	0.5815519259529991	0.44050494499169496
0.10887847943767845	0.7959412883496696	0.610890947220708	0.46633536046144836
0.10436903074430866	0.8025969620183346	0.578804044845632	0.44651217966610435
0.09996369849242191	0.8101338620900383	0.5935643150998727	0.46392565672612396
0.0961913870719994	0.8173806600964054	0.6107283165839364	0.4414392082596619
0.09102641495967272	0.8276348524952686	0.5901451595654477	0.45355551645375547
0.0879701086450488	0.8324130381409138	0.6332555448681485	0.46488437372064356
0.08355316478427145	0.840792429758188	0.6009630395329711	0.4451263898221952
0.07819190129819302	0.8501579009330081	0.6217753317864413	0.4736817986541638
0.07454386828141621	0.8578721579304324	0.5940310778949888	0.460672766888572
0.06736225164336884	0.869876210754213	0.6301133312369747	0.4686850402189594
0.0653128007683834	0.8750529996815021	0.6249722453342851	0.44132811066575806
0.06082527244707622	0.8830016517996314	0.6210426864024025	0.4721524986834573
0.057083848582530974	0.8917773587091362	0.6951945231463368	0.48289719052306634
0.05263030080011469	0.8991995257209381	0.6801287064863991	0.5009185025520912
0.047591938125365545	0.9071986715101356	0.6656863973441722	0.48624849116855623
0.04343191074240894	0.9166104801643583	0.6223732633488207	0.49325972193622675
0.03599908015033916	0.9306997490287573	0.6991398313878707	0.4646714594390827
0.031540063097926424	0.9409345604773879	0.646325985574348	0.44368629471383597
0.028660659550035113	0.9461658867147029	0.640739795618938	0.4652593333999526
0.023407718838288055	0.9579985051385822	0.7048552122613777	0.48305322981989146
0.019182185628515848	0.9645833663640485	0.6949871305695893	0.46252394694492044
0.014296840643806897	0.9764093656062559	0.6493465648358192	0.4399761639373254
0.00836408031333121	0.9917046460964388	0.7072842257562563	0.5086552615102233
0.004578840757908674	0.9923366185907463	0.692251271230188	0.47290511145665415
6.473836891156039e-08	1.0010329302648662	0.7382461667396583	0.49204582296897514
