1.0597445274275161	0.08859712151966583	0.00010858222206963641	0.001612235781706689
1.0597445274275161	0.08859712151966583	0.00010858222206963641	0.001612235781706689
1.0597445274275161	0.08859712151966583	0.00010858222206963641	0.001612235781706689
1.0597445274275161	0.08859712151966583	0.00010858222206963641	0.001612235781706689
1.0597445274275161	0.08859712151966583	0.00010858222206963641	0.001612235781706689
1.0597445274275161	0.08859712151966583	0.00010858222206963641	0.001612235781706689
1.1510549356738176	0.08859712151966583	0.00010858222206963641	0.001612235781706689
1.1510549356738176	0.08859712151966583	0.00010858222206963641	0.001612235781706689
1.1510549356738176	0.08859712151966583	0.00010858222206963641	0.001612235781706689
1.1510549356738176	0.08859712151966583	0.00010858222206963641	0.001612235781706689
1.1510549356738176	0.08859712151966583	0.00010858222206963641	0.001612235781706689
1.1510549356738176	0.08859712151966583	0.00010858222206963641	0.001612235781706689
1.1510549356738176	0.08859712151966583	0.00010858222206963641	0.001612235781706689
1.1510549356738176	0.08859712151966583	0.00010858222206963641	0.001612235781706689
1.0597445274275161	0.08859712151966583	0.00010858222206963641	0.001612235781706689
0.9472590470622868	0.08859712151966583	0.00010858222206963641	0.001612235781706689
0.9472590470622868	0.08859712151966583	0.00010858222206963641	0.001612235781706689
0.8760266956040448	0.08859712151966583	0.00010858222206963641	0.001612235781706689
0.8760266956040448	0.08859712151966583	0.00010858222206963641	0.001612235781706689
0.8650577434682766	0.09424182234688558	0.00038666643270771073	0.006709770260408865
0.8649715455722613	0.09674240527298783	0.00014285510127490242	0.014541150332036512
0.8649715455722613	0.09674240527298783	0.00014285510127490242	0.014541150332036512
0.8623539437352151	0.11046886640769472	0.023665260594934706	0.019196359883150826
0.8623539437352151	0.11046886640769472	0.023665260594934706	0.019196359883150826
0.861531978213407	0.11802331797132658	0.019044664066413503	0.045507073637831796
0.861531978213407	0.11802331797132658	0.019044664066413503	0.045507073637831796
0.861531978213407	0.11802331797132658	0.019044664066413503	0.045507073637831796
0.861531978213407	0.11802331797132658	0.019044664066413503	0.045507073637831796
0.861531978213407	0.11802331797132658	0.019044664066413503	0.045507073637831796
0.861531978213407	0.11802331797132658	0.019044664066413503	0.045507073637831796
0.861531978213407	0.11802331797132658	0.019044664066413503	0.045507073637831796
0.861531978213407	0.11802331797132658	0.019044664066413503	0.045507073637831796
0.861531978213407	0.11802331797132658	0.019044664066413503	0.045507073637831796
0.861531978213407	0.11802331797132658	0.019044664066413503	0.045507073637831796
0.861531978213407	0.11802331797132658	0.019044664066413503	0.045507073637831796
0.861531978213407	0.11802331797132658	0.019044664066413503	0.045507073637831796
0.7085289128489151	0.1937001834721509	0.0034825878285552614	0.22086697760504442
0.7085289128489151	0.1937001834721509	0.0034825878285552614	0.22086697760504442
0.7085289128489151	0.1937001834721509	0.0034825878285552614	0.22086697760504442
0.7085289128489151	0.1937001834721509	0.0034825878285552614	0.22086697760504442
0.7085289128489151	0.1937001834721509	0.0034825878285552614	0.22086697760504442
0.7085289128489151	0.1937001834721509	0.0034825878285552614	0.22086697760504442
0.6972145088092137	0.19439571554696955	0.0046980504572959325	0.20000706781861927
0.6909045973723933	0.19547444754407922	0.01036011699153333	0.206733238642833
0.651915456253341	0.19579685634350344	0.0019279673394016206	0.1949636803170514
0.651915456253341	0.19579685634350344	0.0019279673394016206	0.1949636803170514
0.6435402008081101	0.19781243146746635	0.004192704408954501	0.18938023721064856
0.6180410771952052	0.19901246734096967	0.0020711197297002826	0.1790906534504446
0.6096023279179023	0.20083204918485736	0.0012907165421831845	0.19872284201579346
0.6075180476650629	0.20182556891613024	0.0012907165421831845	0.17291459328119577
0.6075180476650629	0.20182556891613024	0.0012907165421831845	0.17291459328119577
0.5822837186043552	0.20911267342750173	0.00012052105106663547	0.2029622427829172
0.5822837186043552	0.20911267342750173	0.00012052105106663547	0.2029622427829172
0.5785637672957783	0.21443707942198678	0.006361367366035708	0.1850278978908984
0.5722316054668882	0.2189340569771316	0.013344257922098701	0.22902355387171602
0.5722316054668882	0.2189340569771316	0.013344257922098701	0.22902355387171602
0.5722316054668882	0.2189340569771316	0.013344257922098701	0.22902355387171602
0.5722316054668882	0.2189340569771316	0.013344257922098701	0.22902355387171602
0.5722316054668882	0.2189340569771316	0.013344257922098701	0.22902355387171602
0.5722316054668882	0.2189340569771316	0.013344257922098701	0.22902355387171602
0.5722316054668882	0.2189340569771316	0.013344257922098701	0.22902355387171602
0.4991907689354697	0.25339336235228394	0.0011047780599602042	0.2936967955763007
0.4991907689354697	0.25339336235228394	0.0011047780599602042	0.2936967955763007
0.4991907689354697	0.25339336235228394	0.0011047780599602042	0.2936967955763007
0.4991907689354697	0.25339336235228394	0.0011047780599602042	0.2936967955763007
0.4991907689354697	0.25339336235228394	0.0011047780599602042	0.2936967955763007
0.4991907689354697	0.25339336235228394	0.0011047780599602042	0.2936967955763007
0.49548989568489055	0.25754757002538614	0.016841403499502666	0.24135589432380805
0.492544939283206	0.25970072010750705	0.02398505375840171	0.29116729427739363
0.48687331536113954	0.26415149591313086	0.0713861401651333	0.26958038713429355
0.4864381050281129	0.26481060539609363	0.05795557552269934	0.2894348773131764
0.4849519579267517	0.26911378355231885	0.028352216272758274	0.28088653116623297
0.4789668916649816	0.2773087795014244	0.055987881641304	0.3415867218620865
0.4785061091780516	0.28052691310213457	0.12923449783918745	0.19370440131785624
0.47577861077052747	0.2826005757043306	0.0368310426221343	0.2735578643653297
0.46941412587056996	0.29106466324015534	0.18622671704610513	0.2262139202128886
0.46370368098940634	0.2917314313495251	0.14441792446336998	0.25910189343515777
0.4605531177025684	0.29466225295379006	0.11887223138634953	0.2712036895097771
0.4569487052510042	0.3008748436682302	0.13480840782813666	0.24736251314209007
0.45213533465717765	0.30391528508665533	0.14637436312377486	0.27034498669349905
0.4481751868845691	0.3065515084221468	0.2099381297133266	0.3162825339524154
0.44445264333773943	0.3097949372577195	0.1911345745808806	0.31663027844953423
0.44445264333773943	0.3097949372577195	0.1911345745808806	0.31663027844953423
0.43989709143076167	0.3190179545206538	0.1580703039784835	0.30283042428064877
0.43491594544891105	0.32257319174517124	0.23985819630096133	0.27863711145099407
0.43194745085663094	0.3270936966082486	0.26101014718830573	0.2932873247235209
0.4256444448439995	0.330593750148367	0.18804179264633925	0.3185941816562259
0.42419987348959765	0.3332893359855319	0.22995984840699607	0.3339268911575617
0.4203392441836256	0.3377683388676445	0.21416162864352853	0.29786554549078276
0.41719401336139667	0.3420521471420766	0.21354490396405118	0.29719901681159117
0.41334167776678715	0.345566781465963	0.24458702848993227	0.28957736737203227
0.41086502267139463	0.35125718543468143	0.17578685566462554	0.2969936076394865
0.4068403306461872	0.35645653465478927	0.2584702276896472	0.38391132770499337
0.4048334683583142	0.35577367385345177	0.20988689796272145	0.3484598964231187
0.4016232425481664	0.3629676948858882	0.29662970886335116	0.36481753120374283
0.396075643396628	0.36715534762031127	0.2915155297984263	0.353062941100673
0.39276083872288714	0.37018630327874824	0.257301480271551	0.3677984661223993
0.3905440565538877	0.3755855409341595	0.2775820625940909	0.28943594704198333
0.3862201129909087	0.37907503793580394	0.27855241473603	0.3788810023662926
0.3825832142364766	0.3815957459598986	0.26788083138783075	0.3527102895822187
0.379835177403303	0.38648919164350976	0.2978925450677632	0.3018422847828827
0.3743873801239829	0.3928960643759117	0.2911074573234975	0.36677730405969533
0.37252790436373256	0.3942212570687011	0.2721701339943383	0.35398013840284326
0.36854883343921196	0.39954043326005906	0.315649769313186	0.3490910060267804
0.3658820509942115	0.40271563793055376	0.2795323481601238	0.3359177785358161
0.36277806870306	0.40722465591217594	0.26254308530125414	0.3427818063897138
0.3602061699264402	0.41068711040147104	0.30683634390265335	0.31120329546445524
0.3536514969013134	0.41809586886935685	0.2935174258892456	0.3586121246339474
0.35168395410227415	0.42069492381445345	0.3283765578273154	0.3569532373651844
0.3471149492943759	0.42703376554967687	0.3069038529869696	0.3784994963710702
0.3443913054026449	0.431572522640529	0.3467428707142032	0.33541465292602357
0.3414148470006357	0.4361107503485063	0.2844307881558176	0.38488945952277565
0.33630907455008807	0.4410340433296823	0.3310040951423951	0.3357649635263505
0.3338759331614064	0.44405993787813114	0.3368648506511043	0.3484065257649707
0.3325058344686941	0.44986174431444614	0.32899718394871597	0.3728469766330448
0.32755661679602316	0.45319018048675186	0.3267902387568776	0.3884372238690632
0.3234277864789067	0.45964941420917266	0.34897158918549603	0.37559490487835084
0.3234277864789067	0.46123785167325343	0.3871489109128185	0.37559490487835084
0.31474447073885015	0.470799948806139	0.33795771190505985	0.39574710757590637
0.31474447073885015	0.472008374728589	0.33795771190505985	0.41262652362226604
0.3107716582491743	0.4784191030435724	0.36280556235336864	0.42800298168987405
0.30904162744796077	0.4794797454614076	0.34715942679248424	0.4082776304793746
0.30378553579518613	0.48929655523132465	0.3553441333816299	0.4146360566711734
0.3012760919312855	0.4906448194295869	0.37130315486089926	0.4223457275956245
0.29790210832270414	0.49677808939387136	0.35159891405945287	0.4008880681366533
0.29354029643866214	0.5006249578081615	0.39775274342169065	0.3793161664790202
0.292038561306115	0.5024193908139014	0.3585280466110333	0.4012872575279288
0.28710761345333635	0.5112697605988785	0.41460125023335365	0.43027646815050513
0.2826845330878668	0.5151214242660093	0.40647424947647987	0.3908991194644223
0.2802747909468903	0.5191588075736375	0.3722126643776852	0.37157686918930716
0.2757710793918633	0.5259581138747477	0.37968274921935496	0.39159333639303484
0.272326089541384	0.531074452438916	0.3766512150838341	0.38179873195753067
0.2679253508200747	0.5360520838687707	0.4135264053792802	0.38551160113434857
0.26591165519179055	0.539868944796126	0.40882637969673785	0.3629692766393041
0.26276034342646154	0.5452825235067496	0.43785895900268185	0.3562547205491837
0.25820948153892487	0.551002588783868	0.44825949612598803	0.38313215663314093
0.2553612454120394	0.5560174315444981	0.4136701560505862	0.37955216715434964
0.25137511948628394	0.561454926330038	0.4365983435461771	0.37040196264001457
0.24771168983454736	0.566845127109964	0.42330744355108835	0.3717037326133059
0.24502588309428844	0.5712360134538726	0.46665114859351015	0.4220190649769415
0.24076231443081988	0.5769217721839688	0.4635383041032303	0.39316316482468616
0.23656445193120876	0.5839217349493632	0.4781596760341663	0.3904059070027837
0.23412647602872055	0.5875301512007717	0.4712411411069295	0.42625314873650644
0.22902447263637538	0.5950255437588302	0.46148576482138604	0.4286490506766932
0.2266412136164006	0.6009764026210377	0.44404939822834727	0.3613759997508969
0.22401387269765993	0.6065876249646818	0.4474746730371013	0.45924522073427987
0.22007859683303635	0.6110020427527914	0.45201161170336185	0.3744098803271711
0.21523395498195994	0.6163465744634261	0.4819180854456295	0.39541839738327156
0.2140065191954281	0.6183648976902746	0.4853190409094079	0.4306631603476134
0.2094882478455078	0.6294052520746797	0.4317842072597414	0.3844514907046378
0.2059083520579748	0.6317003965140688	0.45032294228241143	0.4184980125285176
0.2008726115812451	0.6401722729929066	0.45616932931525717	0.39745452552013105
0.19801036286953544	0.6475495811540407	0.5062885157822861	0.38211692055282537
0.19354976415147968	0.6514185722849167	0.4775067040840483	0.4446512600249424
0.19098470919922203	0.6555139517581479	0.4838283351723497	0.3985887658757208
0.18572750528265183	0.6653918539977858	0.48211532924044587	0.4506180023461906
0.18317367546325353	0.6694328167264388	0.4671430300566175	0.41889245994620183
0.17897681478646554	0.6765015297087872	0.48923440585972994	0.4352437180037692
0.1749493467631211	0.6816123460051317	0.5036182415666497	0.4206956295586447
0.1703001118958128	0.6908239689984892	0.5147277817550264	0.4413122937442382
0.16711676910353443	0.6945618124332625	0.5500223823856204	0.416537374653754
0.16472266101958624	0.7008930251696399	0.4820564574799887	0.46145346543396415
0.16055773903954773	0.7049555072036788	0.5350453267205462	0.4498830399264514
0.15487871254859079	0.7151735856111732	0.5610001216674589	0.4578759099853681
0.1525183761178004	0.7197185326411569	0.545684776343198	0.4293565949660192
0.1480500649359922	0.7283539879119473	0.5281546052519512	0.47888061110863916
0.1409296337396618	0.7392850200573525	0.5877255545599258	0.4592160799775059
0.1409296337396618	0.7392850200573525	0.5877255545599258	0.4592160799775059
0.1366856684328243	0.7465533622345424	0.5726671298528248	0.4781802084858144
0.13269229406020264	0.7537556269139191	0.578536731532654	0.4846042743567425
0.1284669570875314	0.7598983516044238	0.583179420358409	0.44349492093145365
0.12532338368448404	0.7674029596306075	0.583880443520599	0.41667716379453473
0.12046813491645943	0.7736941554039599	0.5724512326742323	0.44367000771805865
0.11600194103297867	0.781805685143161	0.571388792373952	0.453877546521972
0.1125180724827194	0.7911198107849806	0.5961216175151872	0.43334417009380355
0.10842888839318326	0.7952019861471714	0.6034966746063813	0.4460489668738878
0.10437789308540929	0.8034690343460944	0.5812024338174384	0.4645995244244829
0.0999734557095446	0.8104618527829244	0.5817944775478445	0.4523258513412015
0.09578017084615435	0.819224367295875	0.5869220949546304	0.4272401122142249
0.09158510248125264	0.8279546368154951	0.6014123541500881	0.47332546997895
0.08656229239085846	0.8353346522836887	0.6031843591533843	0.4502567709113683
0.08333851898900263	0.8412320903248149	0.5921191528526057	0.46339697662727714
0.07894259792987618	0.8493188306264537	0.5942385613684215	0.48174016077702436
0.07423497916234889	0.8580081892315081	0.6336412394706396	0.44211855507309145
0.07024291523672795	0.8675921885359426	0.631568846211943	0.45095731994091864
0.06440235733278346	0.8756893056468246	0.6363818178149527	0.46150604849481475
0.061426472822386155	0.8844916785100783	0.6101132283825664	0.43577552424531735
0.05634348542069617	0.8930061290143507	0.6431942386245879	0.4561384227290845
0.05200813502685768	0.899559662073563	0.6406106440173044	0.46872244323718537
0.04629380141380554	0.911034673657524	0.6201193342346276	0.47701480461721063
0.04341197246549669	0.916738782551882	0.6303332205584594	0.45795684256952524
0.038600076153375025	0.9247609133633983	0.6660320918234269	0.5066469320964575
0.033143383176069414	0.9372382130721458	0.643830541308986	0.5263263384739585
0.028859241043067384	0.9442087437379201	0.6734731097119742	0.48925821733487024
0.023616154437430932	0.9535824371510162	0.6952807488838192	0.4999737961744912
0.015825850980265888	0.971451912403754	0.6791176299179712	0.4547967040515849
0.013953623776077815	0.9812178714496932	0.706700061944381	0.4265068537409909
0.008317144132888662	0.9886434094879463	0.7054925186702194	0.4800183719173161
0.0036473798027492734	0.9962213168232812	0.7185367243148982	0.4480534874089868
8.365671697180848e-06	1.0133087102459108	0.6299937553981583	0.4141962034658715
