0.9689804399509218	0.04729851802963097	0.00031349366895017106	0.0005245269689762855
0.9689804399509218	0.04729851802963097	0.00031349366895017106	0.0005245269689762855
0.9689804399509218	0.04729851802963097	0.00031349366895017106	0.0005245269689762855
0.9689804399509218	0.04729851802963097	0.00031349366895017106	0.0005245269689762855
0.9689804399509218	0.04729851802963097	0.00031349366895017106	0.0005245269689762855
0.9689804399509218	0.04729851802963097	0.00031349366895017106	0.0005245269689762855
0.9689804399509218	0.04729851802963097	0.00031349366895017106	0.0005245269689762855
0.9689804399509218	0.04729851802963097	0.00031349366895017106	0.0005245269689762855
0.9689804399509218	0.04729851802963097	0.00031349366895017106	0.0005245269689762855
0.9646013578641456	0.04729851802963097	0.00031349366895017106	0.0005245269689762855
0.9646013578641456	0.04729851802963097	0.00031349366895017106	0.0005245269689762855
0.9645996404977841	0.05621659156681983	0.00031349366895017106	0.024767917540812395
0.9645996404977841	0.05621659156681983	0.00031349366895017106	0.024767917540812395
0.9645996404977841	0.05621659156681983	0.00031349366895017106	0.024767917540812395
0.9635896158706759	0.0731397653690365	0.016225980977809695	0.05226801471490028
0.9635896158706759	0.0731397653690365	0.016225980977809695	0.05226801471490028
0.9633700547159564	0.08269808272495346	0.07060533786910514	0.027266120915330955
0.9633700547159564	0.08269808272495346	0.07060533786910514	0.027266120915330955
0.9633700547159564	0.08269808272495346	0.07060533786910514	0.027266120915330955
0.9633700547159564	0.08269808272495346	0.07060533786910514	0.027266120915330955
0.9633700547159564	0.08269808272495346	0.07060533786910514	0.027266120915330955
0.9633700547159564	0.08269808272495346	0.07060533786910514	0.027266120915330955
0.9633700547159564	0.08269808272495346	0.07060533786910514	0.027266120915330955
0.9633700547159564	0.08269808272495346	0.07060533786910514	0.027266120915330955
0.9633700547159564	0.08269808272495346	0.07060533786910514	0.027266120915330955
0.9633700547159564	0.08269808272495346	0.07060533786910514	0.027266120915330955
0.9633700547159564	0.08269808272495346	0.07060533786910514	0.027266120915330955
0.9633700547159564	0.08269808272495346	0.07060533786910514	0.027266120915330955
0.8628078593894499	0.15599544380232955	0.0007255834780036663	0.1371122619490226
0.8628078593894499	0.15599544380232955	0.0007255834780036663	0.1371122619490226
0.8628078593894499	0.15599544380232955	0.0007255834780036663	0.1371122619490226
0.7937678946164797	0.15831544476577605	0.004136631146871073	0.12416334392516049
0.7937678946164797	0.15831544476577605	0.004136631146871073	0.12416334392516049
0.695515417166327	0.1584790217359875	0.004136631146871073	0.14199702100616893
0.695515417166327	0.1584790217359875	0.004136631146871073	0.14199702100616893
0.695515417166327	0.1584790217359875	0.004136631146871073	0.14199702100616893
0.695515417166327	0.1584790217359875	0.004136631146871073	0.14199702100616893
0.695515417166327	0.1584790217359875	0.004136631146871073	0.14199702100616893
0.6854629415740353	0.16344480823206625	0.010250587259748561	0.1407124963983978
0.6854629415740353	0.16344480823206625	0.010250587259748561	0.1407124963983978
0.6854629415740353	0.16344480823206625	0.010250587259748561	0.1407124963983978
0.6754507938339945	0.17446874660668882	0.021954529593598726	0.10882374950668527
0.6754507938339945	0.17446874660668882	0.021954529593598726	0.10882374950668527
0.6754507938339945	0.17446874660668882	0.021954529593598726	0.10882374950668527
0.6754507938339945	0.17446874660668882	0.021954529593598726	0.10882374950668527
0.6613592223573851	0.19616704650711472	0.006454746195533406	0.19295075989951715
0.6496094162153246	0.1970662952998411	0.0034727744484641387	0.14806567062753795
0.6400438765288309	0.1989842717520455	0.0019456977713079304	0.23078712011813812
0.6327435472769121	0.20291957547899278	0.01180051942731497	0.1743267194610828
0.6327435472769121	0.20291957547899278	0.01180051942731497	0.1743267194610828
0.5838201620161585	0.20981181757793854	0.002513665653165048	0.20563899520739537
0.5838201620161585	0.20981181757793854	0.002513665653165048	0.20563899520739537
0.5838201620161585	0.20981181757793854	0.002513665653165048	0.20563899520739537
0.5790804573334382	0.21151145773273355	0.0018516505402593753	0.2007780934900087
0.5770660338667429	0.21710838180289702	0.004736554420047556	0.16575370499037032
0.5737491931691028	0.22173475995580905	0.004425570688575325	0.23640457784938632
0.5660130935358878	0.2231867451620813	0.007049641274717938	0.2572587732513639
0.5594845500180728	0.22483619137846977	0.007049641274717938	0.18585262684187784
0.5524917396987589	0.2305531558631846	0.02023729749261388	0.2240858242184576
0.5524917396987589	0.2305531558631846	0.02023729749261388	0.2240858242184576
0.5524917396987589	0.2305531558631846	0.02023729749261388	0.2240858242184576
0.5524917396987589	0.2305531558631846	0.02023729749261388	0.2240858242184576
0.5514691290195617	0.24625831156539837	0.05537638770448064	0.19273845768555617
0.5514691290195617	0.24625831156539837	0.05537638770448064	0.19273845768555617
0.4919824501222982	0.2587613317919437	0.04739380834415553	0.27063708668333397
0.4919824501222982	0.2587613317919437	0.04739380834415553	0.27063708668333397
0.4919824501222982	0.2587613317919437	0.04739380834415553	0.27063708668333397
0.4919824501222982	0.2587613317919437	0.04739380834415553	0.27063708668333397
0.4919824501222982	0.2587613317919437	0.04739380834415553	0.27063708668333397
0.4919824501222982	0.2587613317919437	0.04739380834415553	0.27063708668333397
0.4919824501222982	0.2587613317919437	0.04739380834415553	0.27063708668333397
0.48927394560698934	0.2720330581399426	0.03336157053580201	0.179389249462225
0.4794288981000131	0.27535185523068706	0.03871930904672326	0.2890493480375985
0.47779711841846745	0.27865761334900424	0.051560713351898824	0.26260192050222125
0.4763377788025379	0.2788820144160036	0.04849392744200981	0.2664793697861619
0.4698187732859324	0.2873814039558012	0.1257915008217526	0.2884984724956761
0.4650168424987976	0.28881969443571426	0.11731185850241738	0.24416579659982215
0.4620128726161057	0.2907243173559872	0.16477471801536023	0.2645671260668076
0.4580643882336198	0.2986448482781406	0.13133872109282893	0.2324033739995171
0.4542847812825168	0.29875301164904394	0.1803513082522334	0.287713115665809
0.4491106289728291	0.3042874251120137	0.15748744841585846	0.3047886352979422
0.4470112737986551	0.30662387209480757	0.15639729209282444	0.2773504674282022
0.44316781434454133	0.3111816187758722	0.19111216327212427	0.32786662921517223
0.4407671880956612	0.3162502974171988	0.21809246027092455	0.33061226613289835
0.43676593202708724	0.3198412713665436	0.22053088615297456	0.341382620002795
0.4321105965074625	0.3240633469501721	0.22135943755938464	0.3379063047491384
0.4321105965074625	0.3271828751339909	0.13826144360144144	0.34333655796686297
0.4241716627564423	0.3326425868659482	0.23544850081179158	0.30912414439225155
0.4241716627564423	0.3326425868659482	0.23544850081179158	0.30912414439225155
0.4195996216146696	0.3409637430304979	0.2552522127248995	0.2796764812185114
0.4163703200652557	0.34152011283361045	0.24387854429223105	0.3117993277766673
0.4130676228486909	0.34974919673348165	0.2835266153142513	0.27557350642232886
0.40814457102801943	0.3532475284516264	0.28704771938872686	0.3218251321033746
0.40296382170878936	0.3571438270417241	0.2644966866696227	0.31593760110055824
0.39966394120585125	0.3608131960368338	0.2502282443070629	0.3386053486666124
0.3994928862576755	0.36383069925200845	0.20463375773677414	0.2876710305697087
0.39313277825855397	0.3698149936767826	0.28468941962036476	0.34822757953646827
0.39036450291262786	0.37263210233289545	0.27450163135827377	0.35738374104486376
0.38718941181806205	0.3761838206066875	0.2677420530012756	0.34554611376147315
0.3854523416519792	0.3795064340756344	0.30191491934667847	0.33963946549258794
0.380996913543302	0.38438493326810413	0.25958211416327914	0.3085713333358039
0.3764589493518234	0.3896725054827343	0.26425718038559665	0.31192969913784674
0.3747672221857453	0.39398372521935493	0.32362292828101635	0.3051299774690308
0.3695307997135307	0.3997911073816079	0.30422382396118064	0.316235505473297
0.36643818457692323	0.4024631028141051	0.2718216992873739	0.32466956704774363
0.36487302606721556	0.4057871641628749	0.32878006441571744	0.35137005225332407
0.35998110941486083	0.41151141179016076	0.3254841561422422	0.3793481193745477
0.35485167057659484	0.41730642162616843	0.3276306593682991	0.3243349352057807
0.35182011777198646	0.42066909601962327	0.3309427930827143	0.35990632615126644
0.3491880610755922	0.42441319921313236	0.32664785169788	0.3564714608929642
0.34445908628715344	0.4314535528503189	0.34353647819909805	0.3875068994598119
0.3411762271528173	0.4356411702764583	0.2846471082228631	0.3597174948947236
0.33993558822975145	0.4369090054502431	0.31075822174926926	0.361602139542952
0.33551328443880646	0.44268552128378463	0.33178502906545415	0.3874880645077261
0.3337429711043122	0.4454509631204921	0.2955044146229414	0.3656818958246084
0.33013098535882957	0.4497325424914061	0.3079909278939573	0.3490369577244792
0.3268401810491964	0.45383165612360243	0.33638281252959484	0.346651489857908
0.32132767083532116	0.46269990452972204	0.30418219661586815	0.37738890725831065
0.31874925855892927	0.46648086824382534	0.38918848129387873	0.35561151204165165
0.3143276908179377	0.4710251974414375	0.3375659014292431	0.34847730885425465
0.31168219228497435	0.4744736066777938	0.37679637806558447	0.35017532596251977
0.3092736372664716	0.4812330916459241	0.3807763816418783	0.3998234580941719
0.30546927248714056	0.4838073649126638	0.3577783406095307	0.392868165096364
0.30043568495396394	0.4898101461156422	0.3548959240086499	0.3800684887272069
0.2968368687749338	0.49485563673004884	0.36713710140038214	0.3880740676761921
0.29423354044569605	0.499623884975531	0.38997377648400816	0.38768800275369075
0.2927168730382582	0.503488482717506	0.4109945744700458	0.390402363853551
0.28787847066816613	0.5084581769968096	0.41097383037343904	0.35752012242622
0.2850657371270299	0.5129550619227059	0.3559222560619105	0.35969825930683097
0.2816467481438405	0.5184581977341841	0.4359957720089639	0.3549593804457185
0.27704680629843437	0.5231496508019337	0.4045271419133005	0.377843774690271
0.2727329399293105	0.5302165417918019	0.4295218098676054	0.38584753460522814
0.2697733611244641	0.5351510385571636	0.42512461557523124	0.3520161826024514
0.26653065778325713	0.5386075041010593	0.43780566075129607	0.3844431856600772
0.26363192755373605	0.5449314074121968	0.395323084599372	0.4193186544447761
0.25921932043552387	0.5498665385387131	0.40061474171624695	0.4138097413382415
0.2556585820448246	0.5551009699353378	0.42483998535502504	0.42754991240541895
0.2513448960533542	0.5621213258255006	0.3930545220558189	0.3903335925343052
0.24967284628014555	0.5650600196658632	0.39342662688827323	0.4121052993046197
0.2461531770222425	0.5712557767233246	0.456848977734761	0.35262546511280557
0.24240209348716918	0.5742734649709764	0.4568239669070788	0.39768656488665705
0.23860366508595357	0.5798102918947947	0.4449342006017746	0.40777242866173863
0.2350213362029761	0.5865049730412761	0.4304151340698693	0.42441570107127136
0.23033837457835019	0.5949065229254201	0.4100338085083016	0.4048653822234962
0.22754913764400203	0.5983650894171695	0.449789008312115	0.4413875018722856
0.2239971367604796	0.6024069627463746	0.4630613862216795	0.3949941892827419
0.2206949576842929	0.6082743557122786	0.48875923860917037	0.4104608761412669
0.21653812577713974	0.6141693503547443	0.4893317155361485	0.41645661615486673
0.21389979570241138	0.6219993226294467	0.4108166938588594	0.413412031732434
0.2092927718463484	0.6261120746125951	0.47199618029130574	0.3871547223167416
0.20487603592525785	0.6325071470068742	0.46979718857206954	0.4217095438573467
0.20266321640175866	0.6377525583761009	0.4735200104332902	0.39198418333050766
0.19676433021756556	0.6456575884437549	0.4838406775813624	0.4387588743453834
0.19489363025178266	0.6483033646719192	0.49722096875551003	0.43060999030033337
0.1919497155768581	0.6565425347641075	0.4878062873464808	0.3796734678197677
0.18767762755593143	0.6648622006263585	0.5417400264985032	0.4359390920748261
0.1833955094537396	0.6699101847963413	0.4885481753100541	0.40229552043755645
0.1794312013751853	0.6768355015675308	0.5169534653454465	0.37725223410514647
0.17540588076107888	0.6817835433231574	0.492398840809614	0.3974550772993303
0.17288826858457026	0.6886427679814989	0.4692535096399094	0.39164971216407984
0.1684614120813691	0.6944390425377309	0.5114755056049879	0.3969476696670974
0.1639682028605997	0.6994759581395612	0.5368775958678785	0.41420387677106624
0.16041535356632008	0.7053344463006695	0.5409815978442039	0.43066350287923516
0.15711195782660833	0.713039272728614	0.5375818382980039	0.3884009159965813
0.15184033022844903	0.7203570203491019	0.5397399331607331	0.40988393131001183
0.14765294279551078	0.7266240383964564	0.5550257598499668	0.45054918743824696
0.14564129005674542	0.7299706478730495	0.546219925437125	0.44643616920122886
0.14083132943639243	0.7406565586617629	0.5944850310534776	0.444317391398735
0.1374809513045852	0.7471567282629796	0.5054777555574151	0.43142569769819084
0.13336744566676112	0.7555412507675251	0.5833447998423904	0.44345909302141107
0.12926911586326387	0.7618897406890225	0.6163131678310408	0.48383949176616814
0.12343768714061465	0.7695518120902847	0.5948404508393806	0.4518856574655908
0.12103008872261445	0.7749974313909684	0.577430339575746	0.47505833145400017
0.11729133837372244	0.7812211338951967	0.5656356635120329	0.42518546385042755
0.11170062476888085	0.7896452743703797	0.5648325395588689	0.4598329929108012
0.10794476240449802	0.7972964833276242	0.593010640184085	0.47814723466778297
0.10497948845590539	0.8026154797978616	0.5724584229802736	0.49132159468453407
0.09995482115377606	0.8127401021724893	0.5691796944170283	0.500254221441082
0.09532109726811785	0.8192070641136773	0.5815376455077187	0.45960263958049286
0.09141759482799684	0.8258950735146432	0.6194793890582527	0.4761745182564705
0.0877672573921402	0.8340773731561129	0.573331616167512	0.4508492736292664
0.08349274018757782	0.8405347327047328	0.6020547504196474	0.45060483520121575
0.0790108807101889	0.8494644233513451	0.6269566197539361	0.491001511204883
0.07476657363393963	0.8575230176713775	0.6099538715037893	0.5044155789776311
0.06995292669233004	0.865533978059295	0.6487253404171559	0.4782177869012551
0.0661976091459853	0.8728681873381121	0.6521992870252756	0.4998474053229756
0.06028570224492715	0.884295069374207	0.6616366244104448	0.4484227271108182
0.0566522219989471	0.8903459662023248	0.638314700886849	0.468903784901296
0.05183902840005103	0.8997690849850328	0.6260964055780216	0.4855340513856306
0.0468377874067172	0.9086481101014067	0.6649194346664155	0.476548424468571
0.043356912321557736	0.9163311719168499	0.6273301362287428	0.489137740413396
0.03759553148240898	0.9282701902185735	0.6899944635437852	0.47906623449679353
0.031703612664601775	0.9382679827058464	0.6915100560652406	0.5037666976126396
0.026950873361495535	0.9489532093000053	0.6583547831339676	0.45116769880025404
0.02093023964111552	0.9588026961605691	0.6826512271119741	0.48035271891122716
0.019795435527721186	0.9623035733004447	0.6729444781747412	0.4576994741589586
0.012260571784691322	0.978745960220237	0.7209143249059868	0.45893114169695864
0.008133027274203576	0.9868643210029536	0.6719706133745449	0.47452856025077356
0.0011363071747683402	1.0002364819393414	0.7162336790440242	0.5123766584682908
3.6378770545723685e-08	1.0019258974570586	0.6704050467735299	0.47594007173462827
