0.5828636862640879	0.22267419977452	0.0001639068103639063	0.2362408770487279
0.5828636862640879	0.22267419977452	0.0001639068103639063	0.2362408770487279
0.5828636862640879	0.22267419977452	0.0001639068103639063	0.2362408770487279
0.5565531567608374	0.22267419977452	0.0001639068103639063	0.2362408770487279
0.5565531567608374	0.22267419977452	0.0001639068103639063	0.2362408770487279
0.5565531567608374	0.22267419977452	0.0001639068103639063	0.2362408770487279
0.5871063582328729	0.22267419977452	0.0001639068103639063	0.2362408770487279
0.5871063582328729	0.22267419977452	0.0001639068103639063	0.2362408770487279
0.5871063582328729	0.22267419977452	0.0001639068103639063	0.2362408770487279
0.5871063582328729	0.22267419977452	0.0001639068103639063	0.2362408770487279
0.5931247637067889	0.22267419977452	0.0001639068103639063	0.2362408770487279
0.5931247637067889	0.22267419977452	0.0001639068103639063	0.2362408770487279
0.5826103914284765	0.22267419977452	0.0001639068103639063	0.2362408770487279
0.5826103914284765	0.22267419977452	0.0001639068103639063	0.2362408770487279
0.5826103914284765	0.22267419977452	0.0001639068103639063	0.2362408770487279
0.5826103914284765	0.22267419977452	0.0001639068103639063	0.2362408770487279
0.5771503501834103	0.22267419977452	0.0001639068103639063	0.2362408770487279
0.5771503501834103	0.22267419977452	0.0001639068103639063	0.2362408770487279
0.5771503501834103	0.22267419977452	0.0001639068103639063	0.2362408770487279
0.5771503501834103	0.22267419977452	0.0001639068103639063	0.2362408770487279
0.5771503501834103	0.22267419977452	0.0001639068103639063	0.2362408770487279
0.5771503501834103	0.22267419977452	0.0001639068103639063	0.2362408770487279
0.5771503501834103	0.22267419977452	0.0001639068103639063	0.2362408770487279
0.5771503501834103	0.22267419977452	0.0001639068103639063	0.2362408770487279
0.5771503501834103	0.22267419977452	0.0001639068103639063	0.2362408770487279
0.5771503501834103	0.22267419977452	0.0001639068103639063	0.2362408770487279
0.5771503501834103	0.22267419977452	0.0001639068103639063	0.2362408770487279
0.5771503501834103	0.22267419977452	0.0001639068103639063	0.2362408770487279
0.5771503501834103	0.22267419977452	0.0001639068103639063	0.2362408770487279
0.5771503501834103	0.22267419977452	0.0001639068103639063	0.2362408770487279
0.5771503501834103	0.22267419977452	0.0001639068103639063	0.2362408770487279
0.5932760884626611	0.22267419977452	0.0001639068103639063	0.2362408770487279
0.5932760884626611	0.22267419977452	0.0001639068103639063	0.2362408770487279
0.5932760884626611	0.22267419977452	0.0001639068103639063	0.2362408770487279
0.5932760884626611	0.22267419977452	0.0001639068103639063	0.2362408770487279
0.5932760884626611	0.22267419977452	0.0001639068103639063	0.2362408770487279
0.5932760884626611	0.22267419977452	0.0001639068103639063	0.2362408770487279
0.5932760884626611	0.22267419977452	0.0001639068103639063	0.2362408770487279
0.5932760884626611	0.22267419977452	0.0001639068103639063	0.2362408770487279
0.5932760884626611	0.22267419977452	0.0001639068103639063	0.2362408770487279
0.5932760884626611	0.22267419977452	0.0001639068103639063	0.2362408770487279
0.5932760884626611	0.22267419977452	0.0001639068103639063	0.2362408770487279
0.5932760884626611	0.22267419977452	0.0001639068103639063	0.2362408770487279
0.5932760884626611	0.22267419977452	0.0001639068103639063	0.2362408770487279
0.6000285062672339	0.22154658708047378	0.017229453193775696	0.25507925393145037
0.5859762535204875	0.22154658708047378	0.017229453193775696	0.25507925393145037
0.5859762535204875	0.22154658708047378	0.017229453193775696	0.25507925393145037
0.5859762535204875	0.22154658708047378	0.017229453193775696	0.25507925393145037
0.5859762535204875	0.22154658708047378	0.017229453193775696	0.25507925393145037
0.5859762535204875	0.22154658708047378	0.017229453193775696	0.25507925393145037
0.5859762535204875	0.22154658708047378	0.017229453193775696	0.25507925393145037
0.5859762535204875	0.22154658708047378	0.017229453193775696	0.25507925393145037
0.5859762535204875	0.22154658708047378	0.017229453193775696	0.25507925393145037
0.5693509776777017	0.22176756400179803	0.0019726041947201456	0.27424956816035095
0.554775892692926	0.22267419977452	0.0001639068103639063	0.2362408770487279
0.5547612673576275	0.22267419977452	0.0001639068103639063	0.2362408770487279
0.553509858446192	0.2255459074716493	0.0052093433644256615	0.22405355585264358
0.5526575114465143	0.22952080702046554	0.017508141668573368	0.2489176084702623
0.5526575114465143	0.22952080702046554	0.017508141668573368	0.2489176084702623
0.5459899340383493	0.24206270794894988	0.014848221977829187	0.31732901565619553
0.534039454439552	0.2421703959158655	0.029878320222180288	0.22187876226415731
0.5190500229282017	0.24281885089962993	0.006151383846725783	0.23939869201183783
0.5160575355452555	0.24441597297270143	0.012501024414729556	0.2517367454573762
0.5115549733426077	0.24800082816423422	0.010218640794348505	0.22513772177004882
0.5065832528861552	0.2521529275491532	0.05249227356967455	0.25448792400279757
0.4998670557269519	0.2521529275491532	0.05249227356967455	0.25448792400279757
0.4950835746230027	0.25572257833140777	0.03990752035005068	0.28983277523059214
0.49164807291549073	0.2594724633697567	0.06182157130593101	0.30660537461203363
0.4876303312145865	0.26369465717345375	0.09200269276531149	0.27419190682740835
0.4876303312145865	0.26369465717345375	0.09200269276531149	0.27419190682740835
0.47812125277514184	0.27352262851449843	0.1138713783090991	0.27523179538635056
0.47812125277514184	0.27352262851449843	0.1138713783090991	0.27523179538635056
0.4739391291313723	0.27861865666943664	0.12941290007729933	0.3158576906106896
0.4731824207737528	0.27969418839809956	0.12941290007729933	0.3304598965814373
0.47251027989626976	0.28985916203154793	0.07591050643507058	0.36908497607752555
0.46356906050572244	0.29160060980558145	0.13739683911634046	0.23310269584194745
0.46356906050572244	0.29160060980558145	0.13739683911634046	0.23310269584194745
0.4595559021480547	0.30036450203008297	0.09603122924847737	0.22498745732180664
0.4557115899507386	0.30280357477825953	0.10694703698842112	0.24621311609206104
0.44685555314352615	0.3106568659604025	0.2317733271671796	0.27284283362906714
0.44685555314352615	0.3106568659604025	0.2317733271671796	0.27284283362906714
0.4405101454710961	0.3171994955554443	0.2428489266532217	0.30944509291676603
0.43893404780874257	0.31766945150158254	0.23776269600316882	0.3122463445233969
0.43893404780874257	0.31766945150158254	0.23776269600316882	0.3122463445233969
0.4308528345921015	0.32799104685509817	0.1866081499402587	0.3025256440811023
0.4308528345921015	0.32799104685509817	0.1866081499402587	0.3025256440811023
0.42501737627134517	0.3341904999682559	0.18266107617053978	0.33461012756225506
0.42169188068665603	0.33906691090743984	0.27143374819247235	0.2836858676877638
0.4184665010988284	0.3422508428871514	0.24621355832296643	0.2650019117155966
0.414222494054975	0.3484814741897133	0.2593669048597915	0.3606011233053621
0.41026113396128794	0.3486140666878234	0.2430344448446002	0.3144105583977267
0.40956372035176547	0.3540937339993939	0.17698149516128925	0.2707666656425892
0.4047992672537819	0.3574209365000719	0.2862219197653336	0.2954826479309366
0.4008950953775929	0.36226997337714495	0.24984041157648318	0.2705732057942956
0.3962161542940946	0.36529085186246263	0.23112987691336295	0.3114847877625718
0.3942444921164618	0.36975136477021286	0.23726451515503316	0.2930050222777878
0.39184673616776106	0.37319672694679273	0.30078203058276876	0.36665359632573236
0.3852217893107915	0.3783424672466999	0.2770032081254581	0.3249723343387807
0.38348341725631807	0.3807597978059961	0.2780714778657621	0.3264767361660717
0.3790835604057852	0.38675400142689775	0.299725573226745	0.32450532375121754
0.3768483884540551	0.39115892493261706	0.2989064171953779	0.35181428635392087
0.37303967496221285	0.39381421989016496	0.2979907157159164	0.36128972550903415
0.3694598690562026	0.3977876769152108	0.2734702341237885	0.34614597820446763
0.3656745362888821	0.4030253682650929	0.3109710829337723	0.3291734179488464
0.36149249335030337	0.4082414013460652	0.2944148287003416	0.3343723098261455
0.3584081395958762	0.4125441405363414	0.2776000631031049	0.331170496404071
0.35707412247813786	0.4171172669461345	0.36146989504222304	0.33567378758408306
0.35226978299163536	0.420966116833193	0.29817639124064	0.3554745421509337
0.3512698251426595	0.42591080463040226	0.24034478728498515	0.35788267701572685
0.34566688210625524	0.43049782994934266	0.3628026863334031	0.3713313740866212
0.3432837727403666	0.43236579907422157	0.2913047161365432	0.34162523798628425
0.338408017894453	0.4379088785603266	0.3237423347769423	0.3628404002011811
0.33539779040338713	0.443515329036433	0.3298724889009717	0.38561497171651005
0.33250174846053826	0.4482097039240668	0.3305060444461393	0.33180349891956307
0.3287581158484491	0.45412039342988963	0.38562459713956815	0.3953310428576372
0.32635718828352367	0.45497795484015946	0.3624404120586084	0.38203976314840343
0.32284727156559423	0.4610838854122905	0.334843366813433	0.37850559764113273
0.3183473402029439	0.46671317729820144	0.3238687974074411	0.3721943143508859
0.3161017036330612	0.47065326329845186	0.35763148333059247	0.4218058123264188
0.3101534061134988	0.4763307047315223	0.3774319094990764	0.38361978193447954
0.3088254403958515	0.47984784758137217	0.35961682022692903	0.3861437186323228
0.30621002013276416	0.48365959617778703	0.33982681283406	0.33245218216708905
0.3025981334736633	0.48674256684233846	0.38100683439452454	0.3691934591775931
0.29798155248040165	0.4928996432739327	0.372118225270327	0.37726977822487673
0.29501651067041995	0.49981113816749945	0.41604049975177027	0.357874157035206
0.2905133137133282	0.5040917163687506	0.40108103253795213	0.37654513572042414
0.2882091285095711	0.5086511586462871	0.35461915498218544	0.387443903987292
0.28507710066295444	0.5145846205961354	0.3924847970761171	0.3812627477928421
0.28232124746334875	0.5184528842330491	0.3682772128119085	0.34674691736446284
0.27866803129183254	0.5213880047877137	0.4159617119584685	0.39388472606920216
0.2752863397046361	0.5259842090848386	0.40165923024948313	0.4072002142028137
0.27162145715458647	0.5319222828904324	0.3835863341642129	0.362121483323361
0.26644545606796477	0.5405305751812385	0.36587011773557987	0.3833037298900529
0.26334726369996386	0.5433005059683534	0.4126585324571951	0.3850145455418894
0.2612711020824881	0.54752063851846	0.3936723737453246	0.36481265709412786
0.25755628042814305	0.5533733984742585	0.40114553881694925	0.36998972220758974
0.25254134363803754	0.5596201427363414	0.4255117303440513	0.41203327564323455
0.25041713071058364	0.5631169030909784	0.4345555798094823	0.36622917931004084
0.24590104990892556	0.5696364077028845	0.4215369069383428	0.40491409152580154
0.24242965840135053	0.5746742523856971	0.4451802132482338	0.42867974213127713
0.239197963795519	0.5793537798604552	0.4452108754985801	0.37994690221248345
0.23560089289160552	0.5852835673499979	0.46646320089811205	0.3822184885464349
0.23252093710487778	0.5905056090776771	0.4831846158664334	0.38934223764334547
0.22855345127034227	0.5954941423627925	0.4410384702674913	0.4005793465949782
0.22563842892179306	0.6018505321686604	0.43573266495320356	0.44835824175592687
0.22131833389840327	0.607053513009824	0.4887298854950148	0.39767155898837636
0.21822564020447274	0.6112707629468322	0.4721666341899815	0.41672163731979794
0.21453201830008592	0.6181729139641541	0.4563267460567526	0.4435302181825561
0.21023973380232983	0.6250853013210641	0.4772844720326954	0.43445496531871175
0.20736152157611082	0.6284609082961677	0.4768463523601299	0.40412633110118995
0.20350820684653914	0.6368037512306953	0.49613800201678293	0.44614392078190723
0.20011341373698593	0.6402471142545767	0.47156736430527624	0.4242911763440701
0.1961138530557342	0.6463957097856082	0.49091551818495394	0.4285926942991612
0.19230138924090148	0.652828784998105	0.5057255170001375	0.4306191121048937
0.18962511477256574	0.658236962736236	0.5038041083642419	0.41484844364766527
0.18563690281991801	0.663607933424563	0.4861329743205288	0.42317840213999364
0.18148899893007342	0.6701061154648894	0.5153029600621208	0.42306671434649085
0.17720780703561734	0.6771921253283802	0.5059178599969147	0.4340823762141359
0.1743409799737555	0.6827028575134813	0.5181987577873969	0.4623016178657573
0.17015816811895287	0.6901155236750933	0.5364860062656442	0.45580735620117513
0.16707750542408958	0.6959373727408966	0.5401455822333369	0.4577001348393132
0.16288061434475282	0.7024181775207711	0.5622026693698102	0.4460826661716565
0.15941711081758422	0.7110630648600248	0.5638940388582481	0.4348475356833361
0.1557633888374241	0.7139083909490788	0.5696776383446132	0.4538269585719572
0.15112882637388564	0.7240924361732021	0.5417686913834842	0.45816944797428577
0.14767048379159597	0.7276057754882781	0.5396323209373031	0.4216866560448064
0.14400646131927977	0.7354515086061445	0.5508468280178772	0.49256991737013806
0.14000810971228284	0.74151134555603	0.5169048495073602	0.4291822297961538
0.1357361152893161	0.7477383656749179	0.5571953612585236	0.4568105373751163
0.13232716315202223	0.7549645112002152	0.5427978356220977	0.45354598811774577
0.1274925519808278	0.7617722285063842	0.5897519900146516	0.43988575468111335
0.12366999015701284	0.7702897192456405	0.6215681816252356	0.4444975081929199
0.11978450564452318	0.7748854426726142	0.579744148016319	0.45165788475059515
0.1151633696802911	0.7834468165755487	0.5691382015697313	0.4523746516067786
0.11225083781969225	0.789583854223449	0.6108579310900383	0.471928074810647
0.10803328676626257	0.7983199794210186	0.6030934364071019	0.5041039186053574
0.1038770472627713	0.8044545367326279	0.5999885320739272	0.49224307326608185
0.09936715522842077	0.8120722086053176	0.6003755403122035	0.48733249333372725
0.09489623513975638	0.8193868285458756	0.6018018851164757	0.4759775137225824
0.09058464767874132	0.8273972141446024	0.6050000233135768	0.4832722768637484
0.08683681489378887	0.8363229461205535	0.6264314189259501	0.44676946290941205
0.08268671561771793	0.843452966282131	0.6170081166001168	0.5028103600618201
0.07758715858928017	0.8509482667963607	0.6160104119984041	0.47591255155278006
0.07420698724563266	0.8579886681976553	0.6121580294220474	0.45623724383105174
0.06982285358193462	0.8660347345006768	0.6084709993292998	0.45889841670268444
0.06487016233055946	0.8748386949502217	0.6511075265715828	0.4737492472871466
0.06075702492516671	0.8833495804151336	0.6350500532819543	0.4695708382882592
0.05591119568849684	0.8931095460373351	0.616829221114708	0.4569869733600719
0.051865112120603955	0.8994943639433378	0.6404926139472127	0.46103809638343846
0.04737385285712308	0.9087702210992931	0.6502528823884178	0.44704044218771677
0.04282995754333808	0.918107546937301	0.6288884080347966	0.5115980335271703
0.03541103452204614	0.930996070570883	0.668648260625515	0.466303943871932
0.03273595985335814	0.935941383092081	0.663495674788958	0.4753606457778611
0.02892616906897813	0.9454427415701566	0.7056871794979511	0.5281058425022351
0.024045295389617263	0.9531652949165541	0.6953595511251036	0.5055577834296069
0.018599595592808393	0.9647181673319202	0.6644933201261418	0.5251570557481704
0.010169197197048119	0.9803595794550461	0.686156782700413	0.505684262930177
0.0025023758467915386	0.9963068017992469	0.7137178591884498	0.5030712591983678
0.0025023758467915386	0.9963068017992469	0.7137178591884498	0.5030712591983678
1.5906466690176486e-06	1.001500989689549	0.7026897905079142	0.4615100028202933
