0.6571806549892907	0.1762880958206037	0.00019115875524519654	0.16686761828307844
0.6571806549892907	0.1762880958206037	0.00019115875524519654	0.16686761828307844
0.6571806549892907	0.1762880958206037	0.00019115875524519654	0.16686761828307844
0.7173772591068838	0.1762880958206037	0.00019115875524519654	0.16686761828307844
0.7173772591068838	0.1762880958206037	0.00019115875524519654	0.16686761828307844
0.7173772591068838	0.1762880958206037	0.00019115875524519654	0.16686761828307844
0.701751015645472	0.1762880958206037	0.00019115875524519654	0.16686761828307844
0.701751015645472	0.1762880958206037	0.00019115875524519654	0.16686761828307844
0.6653378394205847	0.1762880958206037	0.00019115875524519654	0.16686761828307844
0.6653378394205847	0.1762880958206037	0.00019115875524519654	0.16686761828307844
0.6653378394205847	0.1762880958206037	0.00019115875524519654	0.16686761828307844
0.6962191372163634	0.1762880958206037	0.00019115875524519654	0.16686761828307844
0.6615196170657409	0.1762880958206037	0.00019115875524519654	0.16686761828307844
0.6653378394205847	0.1762880958206037	0.00019115875524519654	0.16686761828307844
0.6653378394205847	0.1762880958206037	0.00019115875524519654	0.16686761828307844
0.6653378394205847	0.1762880958206037	0.00019115875524519654	0.16686761828307844
0.6653378394205847	0.1762880958206037	0.00019115875524519654	0.16686761828307844
0.6653378394205847	0.1762880958206037	0.00019115875524519654	0.16686761828307844
0.6653378394205847	0.1762880958206037	0.00019115875524519654	0.16686761828307844
0.6484891065853058	0.1762880958206037	0.00019115875524519654	0.16686761828307844
0.6484891065853058	0.1762880958206037	0.00019115875524519654	0.16686761828307844
0.6484891065853058	0.1762880958206037	0.00019115875524519654	0.16686761828307844
0.6484891065853058	0.1762880958206037	0.00019115875524519654	0.16686761828307844
0.6484891065853058	0.1762880958206037	0.00019115875524519654	0.16686761828307844
0.6484891065853058	0.1762880958206037	0.00019115875524519654	0.16686761828307844
0.6484891065853058	0.1762880958206037	0.00019115875524519654	0.16686761828307844
0.6484891065853058	0.1762880958206037	0.00019115875524519654	0.16686761828307844
0.6484891065853058	0.1762880958206037	0.00019115875524519654	0.16686761828307844
0.6484891065853058	0.1762880958206037	0.00019115875524519654	0.16686761828307844
0.6484891065853058	0.1762880958206037	0.00019115875524519654	0.16686761828307844
0.6484891065853058	0.1762880958206037	0.00019115875524519654	0.16686761828307844
0.6484891065853058	0.1762880958206037	0.00019115875524519654	0.16686761828307844
0.6484891065853058	0.1762880958206037	0.00019115875524519654	0.16686761828307844
0.6484891065853058	0.1762880958206037	0.00019115875524519654	0.16686761828307844
0.6484891065853058	0.1762880958206037	0.00019115875524519654	0.16686761828307844
0.6484891065853058	0.1762880958206037	0.00019115875524519654	0.16686761828307844
0.6484891065853058	0.1762880958206037	0.00019115875524519654	0.16686761828307844
0.6484891065853058	0.1762880958206037	0.00019115875524519654	0.16686761828307844
0.6484891065853058	0.1762880958206037	0.00019115875524519654	0.16686761828307844
0.6484891065853058	0.1762880958206037	0.00019115875524519654	0.16686761828307844
0.6484891065853058	0.1762880958206037	0.00019115875524519654	0.16686761828307844
0.6476460743574447	0.17657074630928649	0.00019115875524519654	0.1498971756459261
0.6466343923248985	0.1803966820869701	0.007149143790521756	0.1552683732766102
0.6451072733485752	0.18469719343851906	0.012448145404247685	0.1311279116527262
0.6446823405423787	0.19096067899027586	0.023292386349141714	0.1334362749890381
0.6424733104657354	0.19618585793474844	0.03429871970617934	0.18106179327707933
0.6415824958070788	0.1990029695247978	0.03429871970617934	0.1185771982997729
0.6415824958070788	0.1990029695247978	0.03429871970617934	0.1185771982997729
0.6415824958070788	0.1990029695247978	0.03429871970617934	0.1185771982997729
0.6415824958070788	0.1990029695247978	0.03429871970617934	0.1185771982997729
0.5619621716415437	0.22262919587933216	0.0004117712943673413	0.19843467225931355
0.5619621716415437	0.22262919587933216	0.0004117712943673413	0.19843467225931355
0.5619621716415437	0.22262919587933216	0.0004117712943673413	0.19843467225931355
0.5619621716415437	0.22262919587933216	0.0004117712943673413	0.19843467225931355
0.5619621716415437	0.22262919587933216	0.0004117712943673413	0.19843467225931355
0.5619621716415437	0.22262919587933216	0.0004117712943673413	0.19843467225931355
0.5509814878289867	0.2266705244601951	0.004168969316730192	0.21569792496543505
0.5461143264313373	0.22873708572232884	0.0032154654614277856	0.26874247721060107
0.544483013257269	0.23208282595933089	0.0112597976088947	0.2743242301897135
0.5409513203396109	0.2362381895863658	0.0022838696335818476	0.17743739745102197
0.5361587532811699	0.2382486849322891	0.020235238562705676	0.2288803993649985
0.5206296497067158	0.24214358802369	0.003222120386486657	0.2680682290252371
0.5177073383376798	0.24273801980684795	0.0032425769414004407	0.23476373104043088
0.5131995867070758	0.24705535122980285	0.01947203935131589	0.27388221806219193
0.5012924795677247	0.2518043567779231	0.04121911216063008	0.2481044914460066
0.5012924795677247	0.2518043567779231	0.04121911216063008	0.2481044914460066
0.49738486816795885	0.25412250588557705	0.07476247290425109	0.26931778487273206
0.4922645758736322	0.26063300909049114	0.04873478435345453	0.28438915536627635
0.48949039707117614	0.2607389142873078	0.06577481303739785	0.2816315042787265
0.4845564112098086	0.2659956041457234	0.09116681971472165	0.29728334025401004
0.4822593803302494	0.26922308014962093	0.08160933655858484	0.3117818822506878
0.4822593803302494	0.27201282274911576	0.04117638818989529	0.3117818822506878
0.478435547386806	0.28015597698664285	0.10002901487654144	0.2541545336076953
0.46802224959389177	0.2855907452257872	0.0860557530097659	0.26702234173574835
0.46802224959389177	0.2855907452257872	0.0860557530097659	0.26702234173574835
0.4627753546087704	0.29125722548839117	0.14775745026466858	0.2524761936147789
0.46165142782907576	0.2935795526112193	0.16670274810874577	0.2850596184241866
0.45769061770430897	0.2978070378072996	0.13546933854142462	0.32552808669525335
0.4538528857813243	0.30273271316530354	0.14087841241293322	0.3554945197767835
0.4521772394082475	0.30712105098865156	0.08641526157862314	0.26806926821127924
0.44967066951749673	0.31182570898222883	0.2229716496519265	0.3706418280549487
0.4465480480244041	0.3146547996524077	0.08168405633267256	0.31434301466861175
0.4382911463056547	0.3174159349173139	0.17479261925987566	0.3360049955546056
0.4364187503960739	0.3210619639593221	0.23444523808208817	0.3393171666959535
0.4337111188682674	0.32604361305143986	0.2231670468652125	0.3752712887716286
0.4286370791171123	0.3309166559873486	0.1699896454952859	0.34876176899582584
0.42701863370591037	0.3325315969311039	0.23610488996703405	0.26855151021206825
0.42048580669930524	0.3375541311896046	0.2534329824221149	0.3054873186236552
0.41880262445062466	0.34091853099040675	0.2504666830081317	0.2714423302826469
0.4150918994937799	0.34236656029375645	0.2382031610675812	0.32177960120033816
0.4109184771862252	0.34766385964036706	0.24119697990147798	0.29872854144481165
0.4095160321046251	0.3519094643107286	0.20219713303663078	0.27228124644579527
0.40354422435397586	0.3568521252927228	0.21919824221347267	0.29956421810570677
0.40099386743516413	0.36068614915844827	0.27727089820572787	0.3176398349784887
0.39779178427064	0.3631350150470312	0.25510453662815913	0.3262740912877842
0.39364768819352425	0.3693039701909789	0.25614054205462783	0.3512561466557262
0.38969768574786523	0.37295595971319706	0.26076295736245364	0.3467595147416353
0.38692677652670493	0.37705556714181104	0.276414121680547	0.30816904728048805
0.3847813300540757	0.37949055906829576	0.28109785399484055	0.35610924575533726
0.3819339310978951	0.3829650016076945	0.2715915671552654	0.3242656162000459
0.37643768904801	0.3899143603809788	0.30551760785408894	0.3213451080499512
0.37390273029702437	0.39316247241418056	0.29582946251542125	0.3369250859698277
0.37170562896644094	0.3976479988057817	0.32120756117457827	0.3042267022465778
0.36842843806837994	0.4006348600123927	0.27660472195739105	0.30204180558356014
0.36302777880331805	0.4075658928571601	0.2785860942463082	0.31528677645666303
0.3615147972026876	0.4121187464522392	0.2678835355840351	0.4051441633678698
0.3571928954600871	0.41593276676501745	0.318894568544588	0.3544685935515141
0.35351306774398833	0.4214488032215149	0.31813779434615547	0.30242010502726097
0.3504768042951175	0.4225282720986974	0.3284111751894451	0.33505554653307246
0.3471376031995141	0.4300643193871543	0.27151414568730436	0.395913698664266
0.34297580083960805	0.4348788324253132	0.333956138262787	0.40979281055317207
0.3406525246041986	0.4355042306990387	0.2968326041074942	0.35366418182750603
0.3333617333356084	0.44520263310194647	0.34921108456757266	0.3618955843772481
0.3333617333356084	0.44520263310194647	0.34921108456757266	0.3618955843772481
0.32704306285991847	0.45302266095431964	0.3471452420679908	0.3715636084453851
0.32704306285991847	0.45302266095431964	0.3471452420679908	0.3715636084453851
0.32277966336795205	0.4603333077047298	0.38539965252975433	0.3546031042219987
0.31896306337525987	0.4654353602646714	0.3605361319642556	0.3398565718147635
0.3174415188922119	0.4684407179741015	0.393344894142747	0.33910700924142995
0.3122633288283753	0.4745772842321578	0.38519943315693983	0.3999470702445424
0.30914270790389575	0.47781123679133186	0.3665378560615381	0.37034883850283684
0.3038958068408605	0.4878460841715488	0.33253091394902823	0.41718359249172476
0.3011688637663172	0.4899682894616536	0.3961942913236217	0.4060940654015721
0.2998783791055181	0.49253937722424723	0.40450480302694947	0.40103914503932403
0.2943889177208447	0.4984547297028483	0.39175227233485244	0.3727180800180492
0.2925326681754235	0.5015950220014589	0.3908953359356404	0.4084090793963408
0.28859876782508154	0.5086550552099105	0.36255752302086564	0.33792693330882795
0.28589220552499833	0.5116498301310104	0.4150567412016698	0.41214897952847424
0.2798270527716955	0.5198635972418397	0.3696883831876949	0.3707274885255546
0.27702774864156343	0.5230178615147307	0.4129997996314396	0.3999157901610873
0.2753951214851254	0.5255741041735371	0.392427007282736	0.3998777544485178
0.27211876451494565	0.5341995943047596	0.3575100297981	0.41848225064860356
0.2671470802495821	0.5372929431389007	0.40307438983100075	0.4011318276680602
0.2631606659559105	0.5440103365404744	0.4271435346910834	0.40167659131284156
0.2616047360029309	0.5458713056083544	0.417002713133758	0.40416553253003173
0.25742981209138155	0.5516092893999551	0.43778062983772326	0.39607069696031644
0.2545933585157506	0.5584210697192079	0.44990281584658676	0.3516406249099826
0.24953103628441856	0.5634698828245076	0.4386164440917462	0.40773785298412424
0.24741429936850626	0.5691663086086551	0.4809150041945559	0.42559100347516643
0.24338581065267167	0.5740447030829731	0.47828929226315553	0.40827511608105593
0.2404078317734484	0.5808368558170893	0.5008148883124013	0.3860501649555421
0.2365685124597973	0.584392567152099	0.47758464691247904	0.4097847877416867
0.23311134358936014	0.5891167934825325	0.47707346644905957	0.4241686708060408
0.22990469118800358	0.5951392842216289	0.4601956176325416	0.45256673324401503
0.2264627997550811	0.5992547353416278	0.45191547471218674	0.4358604388289833
0.22248967818441065	0.6056340836220497	0.44915500425215404	0.3845789579256604
0.2180300678640129	0.6125186650415151	0.4809196353325327	0.39842071411948715
0.21523047934567777	0.6177455576522431	0.5095234068518251	0.3994599377993191
0.2117151337133534	0.6226167978794076	0.4601394937166238	0.40536758844538573
0.20809602832521726	0.6294001333348089	0.4420315471303821	0.3902048149747618
0.2042207018741953	0.6337461970608689	0.4851708745400596	0.4179942336184144
0.20045962856198946	0.6404418029049365	0.4667288727865162	0.4123905556866261
0.19746979884079616	0.6469063964560954	0.5405834079581412	0.4242502015249488
0.1942178015950135	0.6507471585291233	0.4836777636372129	0.45452435699728044
0.18901944218346833	0.6610684128360655	0.5039659659829823	0.3886096470663424
0.18663852201892897	0.664755396896877	0.528246677740624	0.41048711603187027
0.1824606415497986	0.6722083039195038	0.543115155015679	0.4558603505835901
0.17887421833886236	0.6772146704739083	0.4927964437888837	0.39114866964758715
0.1754899233676387	0.6834416202560972	0.5305279676412833	0.3728969544077461
0.16994822343104782	0.690573936657989	0.48460870333373046	0.4243081824206602
0.1672419412626766	0.69543483134333	0.537716641548639	0.40690411419462297
0.1632173763140119	0.7007571765484417	0.5348724341080946	0.4556555484725124
0.15909413931804864	0.7104374078594574	0.5232704955757033	0.3835677291681111
0.1563414489714567	0.7152472370643119	0.5436336707246878	0.49722285678591227
0.15054012812069453	0.7224253766532219	0.5216838366536352	0.4434972686923134
0.14735894971612	0.7286422787867867	0.5136384003940132	0.45875884195361305
0.1449576282147675	0.739889798390809	0.6436517234083038	0.454815446506188
0.14040677085980577	0.7420753440378137	0.5852854497853233	0.4075558203484247
0.13648248912354785	0.7494532847117319	0.5837351976088211	0.39040108862483824
0.13297093735571078	0.7572376328330529	0.49068941204882077	0.44950620648654466
0.12834449401690395	0.7601460415395902	0.5644802385142595	0.43162875222692254
0.12456401015872236	0.7683294721872379	0.6166655187183167	0.4518766924429811
0.11930732383326674	0.775693816450337	0.5706369832896292	0.451737399536702
0.11571746955087478	0.7847166674566298	0.5556745366656934	0.46048465060831767
0.1118887854048427	0.7891013233236319	0.6027465627610302	0.4658344430022967
0.10802303256840515	0.7960165138876649	0.5870534226221573	0.4407843030149524
0.1037597724466333	0.8042514257910116	0.607973831040024	0.4449970101004367
0.09940779689467184	0.8115561876609518	0.5802861014609815	0.46929931264301183
0.09507510121447732	0.8197337537587935	0.6082265993303702	0.4512995929635771
0.09098041415854165	0.826727229290253	0.5974515258032416	0.47660817693866747
0.08696639022509163	0.8338994933461399	0.5997751936338913	0.4705294322198421
0.08295598308918836	0.8436190341016234	0.6506772138103277	0.4966026313533669
0.0785601855055403	0.8517967151341588	0.6260548847390027	0.4777067756963494
0.07412239381298301	0.85864349900105	0.5986941059167806	0.47586638967674505
0.06965140440584602	0.8669431567889456	0.6514704987773887	0.4861303799336425
0.06514901797502728	0.87457183666012	0.6488753050519555	0.45594833933093837
0.0601585475896243	0.8834861396608275	0.6538120589490792	0.46895983880039216
0.054953573545512426	0.8941190167836789	0.6734894740011873	0.4972229584432147
0.05198540698786147	0.8988807242389182	0.6511694336460904	0.4922351266827234
0.04726023408921698	0.9088115392010939	0.6594206493254492	0.5032662978526302
0.04265569166561242	0.9168724216352155	0.6640346669221975	0.5000310010891337
0.036413076404027016	0.9293117647231883	0.6826985877024426	0.49561246089914723
0.03386717708048957	0.9382121759969478	0.6546295449582419	0.42030513598204944
0.028114487434670734	0.9466174751400973	0.6745783058187816	0.4914470044150076
0.021958631435658297	0.9573456504019279	0.6863201401213971	0.4906799820726403
0.017147780679015442	0.9664610929621305	0.6877961824337682	0.5083272477400049
0.01470474400883631	0.9712038914848294	0.6920618992076258	0.5081228941683876
0.009317545703213232	0.9820704315810173	0.709337387695749	0.4981612887650301
0.0011565899384852207	1.0003027061786216	0.7135787298001458	0.5161499244507364
9.505581956399768e-06	1.0008860418420247	0.7351647073941384	0.4900604517731418
