1.0002606285964355	2.9256618760243962e-05	0.002626539108535053	0.004728415281209959
1.0000001568815404	0.003269165348415357	0.013307421853288037	0.05560645530901955
1.0000001568815404	0.007718675647954648	0.08088132045331964	0.03430579615286702
1.0000001568815404	0.007718675647954648	0.08088132045331964	0.03430579615286702
1.0000001568815404	0.007718675647954648	0.08088132045331964	0.03430579615286702
1.0000001568815404	0.007718675647954648	0.08088132045331964	0.03430579615286702
1.0000001568815404	0.007718675647954648	0.08088132045331964	0.03430579615286702
1.0000001568815404	0.007718675647954648	0.08088132045331964	0.03430579615286702
1.0000001568815404	0.007718675647954648	0.08088132045331964	0.03430579615286702
1.0000001568815404	0.007718675647954648	0.08088132045331964	0.03430579615286702
1.0000001568815404	0.007718675647954648	0.08088132045331964	0.03430579615286702
0.9525179804290237	0.05680778584357445	0.00270095250722735	0.004287115672488628
0.9525179804290237	0.05680778584357445	0.00270095250722735	0.004287115672488628
0.9525179804290237	0.05680778584357445	0.00270095250722735	0.004287115672488628
0.9525179804290237	0.05680778584357445	0.00270095250722735	0.004287115672488628
0.9525179804290237	0.05680778584357445	0.00270095250722735	0.004287115672488628
0.9525179804290237	0.05680778584357445	0.00270095250722735	0.004287115672488628
0.9525179804290237	0.05680778584357445	0.00270095250722735	0.004287115672488628
0.9525179804290237	0.05680778584357445	0.00270095250722735	0.004287115672488628
0.9525179804290237	0.05680778584357445	0.00270095250722735	0.004287115672488628
0.9525179804290237	0.05680778584357445	0.00270095250722735	0.004287115672488628
0.9525179804290237	0.05680778584357445	0.00270095250722735	0.004287115672488628
0.9525014664384597	0.11547979649158961	0.13642242545908612	0.006661800896489156
0.9525014664384597	0.12361092505895331	0.10505199656881659	0.0655581940772525
0.9525014664384597	0.12361092505895331	0.10505199656881659	0.0655581940772525
0.9525014664384597	0.12361092505895331	0.10505199656881659	0.0655581940772525
0.9525014664384597	0.12361092505895331	0.10505199656881659	0.0655581940772525
0.9525014664384597	0.12361092505895331	0.10505199656881659	0.0655581940772525
0.9525014664384597	0.12361092505895331	0.10505199656881659	0.0655581940772525
0.9525014664384597	0.12361092505895331	0.10505199656881659	0.0655581940772525
0.9525014664384597	0.12361092505895331	0.10505199656881659	0.0655581940772525
0.9525014664384597	0.12361092505895331	0.10505199656881659	0.0655581940772525
0.9525014664384597	0.12361092505895331	0.10505199656881659	0.0655581940772525
0.9525014664384597	0.12361092505895331	0.10505199656881659	0.0655581940772525
0.6689979156240545	0.19076112938517645	0.007681805698289218	0.18452463686910023
0.6689979156240545	0.19076112938517645	0.007681805698289218	0.18452463686910023
0.6689979156240545	0.19076112938517645	0.007681805698289218	0.18452463686910023
0.6689979156240545	0.19076112938517645	0.007681805698289218	0.18452463686910023
0.6689979156240545	0.19076112938517645	0.007681805698289218	0.18452463686910023
0.6689979156240545	0.19076112938517645	0.007681805698289218	0.18452463686910023
0.6689979156240545	0.19076112938517645	0.007681805698289218	0.18452463686910023
0.6689979156240545	0.19076112938517645	0.007681805698289218	0.18452463686910023
0.6689979156240545	0.19076112938517645	0.007681805698289218	0.18452463686910023
0.6689979156240545	0.19076112938517645	0.007681805698289218	0.18452463686910023
0.6689979156240545	0.19076112938517645	0.007681805698289218	0.18452463686910023
0.6324318690591286	0.19076112938517645	0.007681805698289218	0.18452463686910023
0.6324318690591286	0.19076112938517645	0.007681805698289218	0.18452463686910023
0.6252816647349531	0.19181693810485853	0.009038248945283794	0.20585487889478662
0.6147759179015253	0.19559637598068458	0.006546277162412545	0.1984734167211616
0.6147759179015253	0.19559637598068458	0.006546277162412545	0.1984734167211616
0.6037344351804708	0.20183168144717378	0.00028211403364761245	0.21466483217940524
0.5954169190016165	0.20299283421908224	0.00011828553073514603	0.22974538691489685
0.5865607532108991	0.2089745852332889	0.004994883987805537	0.22330575529485608
0.5865607532108991	0.20931113749673955	0.004994883987805537	0.23502003461567733
0.5807570665925985	0.2171539100798831	0.008506672740324295	0.22388379815252998
0.5717151646365011	0.21809551813996617	0.009438068600479937	0.24827007949361157
0.5717151646365011	0.21809551813996617	0.009438068600479937	0.24827007949361157
0.5502939062201377	0.22754602742655355	0.007547907019314626	0.2580353135171484
0.5502939062201377	0.22754602742655355	0.007547907019314626	0.2580353135171484
0.5502864331093829	0.22828190999935954	0.007547907019314626	0.27221862389395884
0.5502864331093829	0.23519944604171483	0.007547907019314626	0.14969350963222477
0.5502864331093829	0.23519944604171483	0.007547907019314626	0.14969350963222477
0.5145400492801279	0.24390860470861808	0.00662728371910884	0.25856393120944055
0.5145400492801279	0.24390860470861808	0.00662728371910884	0.25856393120944055
0.5145400492801279	0.24390860470861808	0.00662728371910884	0.25856393120944055
0.5130670396254661	0.24689761134909016	0.008224218030799965	0.30479798956582227
0.5036663892394594	0.25029287751090024	0.014293828791481639	0.24534357951950206
0.5027885344583448	0.2513983963591549	0.02399561651025152	0.24825576365637897
0.49810590814959554	0.25868279119155846	0.07628586913950924	0.2727856474172418
0.49029554760894983	0.26029460842634766	0.0904873733896776	0.2785115607650386
0.4871380959779435	0.26497177182041765	0.0953854409465083	0.24208996460407703
0.4847442326073361	0.2699946365769381	0.0783597966984436	0.26569222599008246
0.4796327487874256	0.2709890262086526	0.09175538775969434	0.275939441878025
0.47591405312125135	0.27560350888148555	0.08748956588364605	0.300550858087293
0.47591405312125135	0.27560350888148555	0.08748956588364605	0.300550858087293
0.4705497151703185	0.28544786599941613	0.07715540741880839	0.33752139314927765
0.4699509279669075	0.28821053401170277	0.07643032030428124	0.23085375222453886
0.4653371629547143	0.29562433418389866	0.16616783658781337	0.25673564959228184
0.4604795803483881	0.29888223699178085	0.21019998565700096	0.25673564959228184
0.4604795803483881	0.29888223699178085	0.21019998565700096	0.25673564959228184
0.4517577046286627	0.3070719077122404	0.17295177646099788	0.2359709585189882
0.4517577046286627	0.3070719077122404	0.17295177646099788	0.2359709585189882
0.4461967122907863	0.3136982934972847	0.13895404791453544	0.2281999034753131
0.4413858938455471	0.31606129205040273	0.1908239832028508	0.24405443908201496
0.43633291199392493	0.31833418694544163	0.17220671888874253	0.2959164275526507
0.43356545102387645	0.32330165695530255	0.21637016031907186	0.2673816887215609
0.42796731209526867	0.3279583595353701	0.21787537579177743	0.2897138574804747
0.42499944668154094	0.3317696474237719	0.21483248643605762	0.3459220928412867
0.4234944139773918	0.33595167383333063	0.2621108292942849	0.3415536324704441
0.4200121255696668	0.33909905320309813	0.2229280266316946	0.36263921277751743
0.4150575804365206	0.34325585577824547	0.21527084216441986	0.3365791595559679
0.41149531095555664	0.347289958841789	0.2043402493415971	0.33085726683478694
0.41149531095555664	0.347289958841789	0.2043402493415971	0.33085726683478694
0.40407609286488616	0.35556412278571553	0.23997970538724459	0.3033617927590611
0.40297192832419404	0.3610362280079349	0.2464005143678463	0.3895256355498924
0.3988685999602195	0.3619993878637679	0.27170146415273844	0.32563329473255115
0.394671132022619	0.36850394746611026	0.23309849855828288	0.3308728805258979
0.3920002348691077	0.3724604802661792	0.2524159433210381	0.3829292163665536
0.3880813051198882	0.3751898209801746	0.28810248236682057	0.3253479837095139
0.38579793370370197	0.3806852495031397	0.3081206348003964	0.3662232039445078
0.3814620886940546	0.3839590068281218	0.2769792754980422	0.30017407315066336
0.37861188054800005	0.3882451416077904	0.2941216307881601	0.36205910617692494
0.37562337436225823	0.3929608612018373	0.31107404629608826	0.37850186916837814
0.37060911017493087	0.3967635373041351	0.28678797020647995	0.34800564364093356
0.3660331900480545	0.4029444447226094	0.28497672413823816	0.3518702413663597
0.36307199196180506	0.40669631403483997	0.29036744970388584	0.32399882137179936
0.3613777747852032	0.4094299856401319	0.28454526896732174	0.3722401789239277
0.3586802887381278	0.41328124203426214	0.2884481411966995	0.30437054451403334
0.35253976695360384	0.41964734289470623	0.29711118364028993	0.3332182291184048
0.3499676711198103	0.42505509194203717	0.2982155398147054	0.3170472702541556
0.3479402938566889	0.4292899047973124	0.29878306660610543	0.4005324873323336
0.3443804063746812	0.4354645538447799	0.28605781753169063	0.40430517207328076
0.3404319546486122	0.4364748106021688	0.3259613067926194	0.39050261332697267
0.3372574956593026	0.4437895743399958	0.31161868604874093	0.41819414657090803
0.3324802736582514	0.4462312701499489	0.3405521411738552	0.36683246223256305
0.3299130172604635	0.45155472573171224	0.3406586374650981	0.34786873916884287
0.3256712999154183	0.45574266067142993	0.3547819024737119	0.39254190023902324
0.32223607613189204	0.46100038381960423	0.3699939389989009	0.3338880568408694
0.3188459326117132	0.4677433720638652	0.3345113918055337	0.4212773546083368
0.31672947674844565	0.46780863197990485	0.37065784194764284	0.39309527484520784
0.3134108793034362	0.47388888806862184	0.31201549125555317	0.37205971072573596
0.3075902009829022	0.48005327546760673	0.3747618944790307	0.3803101245475559
0.3063605653936418	0.4852443657439878	0.3343892743555267	0.42114080790944025
0.30188115238943886	0.48831081972140844	0.34614164541422976	0.364046139444717
0.2990529890897192	0.4950149121468957	0.4288249161636385	0.35573143892850057
0.2959620065640237	0.4971703575628657	0.36176082137918647	0.3429876755277996
0.2916870372725127	0.5038719511241803	0.40603968239124233	0.3813987515587372
0.28715583193568917	0.5087474999473901	0.3920294397916837	0.4039637613827353
0.2846376488005832	0.5149196115349608	0.39457157924222275	0.41901311315066847
0.2805920491250483	0.5177746877461571	0.4036449792966159	0.3753664548049911
0.2769355230927625	0.5233507252445211	0.4060793573783225	0.38963672228189417
0.27481972250441994	0.527827322277744	0.4333451437674505	0.419683669076642
0.27066725119531376	0.5372291871844733	0.4265929188482799	0.42775804455369215
0.2676611677809825	0.5404192433402648	0.4762254658801357	0.39626941351053635
0.26456298451101956	0.545269968869874	0.46442347301317455	0.3683738262873073
0.25875940572245437	0.5516345676362416	0.3795873502749273	0.38327948547420987
0.25782578925153615	0.5549615511046908	0.36105063715833136	0.3891113114442828
0.25338176204169527	0.5582625642766657	0.4257294132874557	0.3979190171407855
0.25064637662556777	0.5657071485282108	0.38701636674599393	0.4268285352505311
0.24790292841378642	0.5676886475635647	0.41820288218673823	0.4407830259859313
0.24339083877192233	0.5763735657058968	0.4005741249920849	0.3895483344157412
0.23839923733078217	0.5812076508607091	0.4776946556303465	0.4006149086190438
0.23661931817173437	0.5891536254659397	0.41865542133044287	0.3495611645796431
0.2334791757044917	0.5908888814028821	0.4033655809644318	0.3742938766053394
0.22778327974276258	0.5981780493302971	0.46236401915010966	0.4477328408933592
0.22313011403695135	0.6048649704080269	0.46714725617214303	0.44339973696802937
0.2204601690605738	0.6088163977239965	0.44891575194407385	0.40242063846456066
0.21720675813120305	0.6166169314326491	0.4349723990062241	0.36168882307998806
0.21335323997711925	0.6212046341298952	0.4444732718148098	0.4510353244209913
0.21076278784918528	0.628853198603912	0.4618951643254757	0.43388561381201374
0.2058139860386115	0.6325626668504368	0.4671628100956809	0.4448800781528608
0.20190180854199377	0.6388185828464965	0.4827339447682603	0.37925702639127407
0.19948478138873102	0.645994214773995	0.5199481354898382	0.3620028568101506
0.19531099740611385	0.6493714112177467	0.49535657908655684	0.4099581335623116
0.19115683105852063	0.654995719207826	0.49739428291177457	0.3965420971448916
0.18691263087665505	0.6611775517688545	0.5032446030554275	0.4189423404171377
0.1840348880955077	0.6665666031056355	0.5242384544402319	0.4351842984135791
0.18068844882263738	0.6729886668147784	0.4794206293290848	0.40795420167110136
0.17646986810531892	0.679815269783132	0.5414491198733745	0.4541144352791864
0.1710503084557889	0.6873711911896705	0.5214165813293774	0.4266724358698493
0.1674621988187916	0.6946305515385104	0.5471858970967147	0.4294373539115983
0.164638944158924	0.6997859925348708	0.5428970650239188	0.39556847977162674
0.16122728845693668	0.7053641382566337	0.5638317108248858	0.41243863203180453
0.1564982891378072	0.7116091724207045	0.5379200131839219	0.4325201650882788
0.15259477852955453	0.718610909499981	0.5628305487871854	0.4344190220851836
0.14944729659674075	0.72545674559054	0.5286706673182539	0.47222031474656734
0.14540223664664106	0.7324545503543147	0.5867707786138309	0.42609154788346454
0.14169597763873804	0.7369755292306042	0.5570768829932568	0.4343486901210112
0.1373027939686598	0.7473269456409303	0.5428748989602464	0.4779410804766558
0.13402736230112086	0.7549830204613733	0.5408859790767935	0.4626444469349104
0.1291525911043329	0.7601802785046555	0.5760715595424996	0.41064965482383564
0.12490476297080864	0.7668316582396527	0.5498446819954228	0.4328602780389473
0.12130330442670932	0.7734477304142136	0.5889666333223704	0.46488219528736463
0.11745755834285497	0.7810501847340302	0.6274667397414879	0.4513131770947839
0.1122030363991511	0.789137839743848	0.6145454830347177	0.4434128331278612
0.1088881598136406	0.7963060583131698	0.6091046006848108	0.4883140066172501
0.10476375245212192	0.8018411812020182	0.5999854805062015	0.4403678060352633
0.10024584745871393	0.8101601778994019	0.5861435618410604	0.47858138109884124
0.09609165327836336	0.8203614524993273	0.6071053430019241	0.51189005468082
0.09197330629958614	0.8268526192437479	0.6249653385230564	0.47212334816861884
0.08772536444604508	0.8352724231727371	0.6242394199729487	0.4708494415676171
0.08316185093732748	0.84290003998217	0.6281594440687205	0.47522374122332023
0.07889467894607743	0.849569380888152	0.6225151302029844	0.49073828635953104
0.07374372890786324	0.8583411059563371	0.618879491795453	0.48715569404012854
0.07014878325832785	0.8647412667476118	0.622315518525124	0.4746462775559193
0.06566663912691946	0.873132010829372	0.6413057265943876	0.4792404087432235
0.06013153795568669	0.8837741617285138	0.6459872168498287	0.4791769293227424
0.05715831602734172	0.8898047271545304	0.6605975422484298	0.5036092958867127
0.05182548603992735	0.8992845118908702	0.6520264763518316	0.47326369270614954
0.04778274955549415	0.9077722289966403	0.6360891012604373	0.4914264322853204
0.03920070738040079	0.9249474927143472	0.6550411689324155	0.44411313969107186
0.03336313652045127	0.9347432794539048	0.6862270856836935	0.4881690091951787
0.03336313652045127	0.9347432794539048	0.6862270856836935	0.4881690091951787
0.029441188200403465	0.9438151846657761	0.6922170257126938	0.527713521957884
0.024286824100411844	0.9535030407050803	0.6652548847019809	0.4606772319400751
0.01875597009296834	0.9632386824756795	0.6927942734504614	0.48324109041204244
0.014489812756756287	0.9716951879679538	0.6820868111360593	0.47636351720546916
0.007813023954065164	0.9862260779662633	0.6913088152091522	0.46024743856520095
4.2191054446880655e-05	1.0000018263480848	0.7057727071634282	0.5002158577901935
5.392709847093822e-07	1.0061623434691032	0.7002804928940166	0.42179676952164746
