1.0061557851179492	0.0008937696318917457	0.02299343308012447	0.019106848695731683
1.000000850146879	0.004548480680358359	0.022775607908728568	0.06348033053431763
0.9989693922622405	0.009438264434240043	0.0018421889144793376	0.007336124672954428
0.9989693922622405	0.011257441558912307	0.017229525809021973	0.011640880979602794
0.9989693922622405	0.011257441558912307	0.017229525809021973	0.011640880979602794
0.9989693922622405	0.02108283852041106	0.0018421889144793376	0.056446495358417476
0.9989693922622405	0.02108283852041106	0.0018421889144793376	0.056446495358417476
0.9989693922622405	0.02108283852041106	0.0018421889144793376	0.056446495358417476
0.9989693922622405	0.02108283852041106	0.0018421889144793376	0.056446495358417476
0.9989693922622405	0.02108283852041106	0.0018421889144793376	0.056446495358417476
0.9989693922622405	0.02108283852041106	0.0018421889144793376	0.056446495358417476
0.9989693922622405	0.02108283852041106	0.0018421889144793376	0.056446495358417476
0.9989693922622405	0.02108283852041106	0.0018421889144793376	0.056446495358417476
0.9989693922622405	0.02108283852041106	0.0018421889144793376	0.056446495358417476
0.9989693922622405	0.02108283852041106	0.0018421889144793376	0.056446495358417476
0.9989693922622405	0.02108283852041106	0.0018421889144793376	0.056446495358417476
0.9989693922622405	0.02108283852041106	0.0018421889144793376	0.056446495358417476
0.9989693922622405	0.02108283852041106	0.0018421889144793376	0.056446495358417476
0.9989693922622405	0.02108283852041106	0.0018421889144793376	0.056446495358417476
0.9989693922622405	0.02108283852041106	0.0018421889144793376	0.056446495358417476
0.9989693922622405	0.02108283852041106	0.0018421889144793376	0.056446495358417476
0.9989693922622405	0.02108283852041106	0.0018421889144793376	0.056446495358417476
0.9989693922622405	0.02108283852041106	0.0018421889144793376	0.056446495358417476
0.9989693922622405	0.02108283852041106	0.0018421889144793376	0.056446495358417476
0.9989693922622405	0.02108283852041106	0.0018421889144793376	0.056446495358417476
0.9989693922622405	0.02108283852041106	0.0018421889144793376	0.056446495358417476
0.9989693922622405	0.02108283852041106	0.0018421889144793376	0.056446495358417476
0.9989693922622405	0.02108283852041106	0.0018421889144793376	0.056446495358417476
0.9989693922622405	0.02108283852041106	0.0018421889144793376	0.056446495358417476
0.9989693922622405	0.02108283852041106	0.0018421889144793376	0.056446495358417476
0.9947097127053843	0.17318597629094246	0.261387452870752	0.1495094954640639
0.9947097127053843	0.17318597629094246	0.261387452870752	0.1495094954640639
0.7359857807982884	0.18749719124915148	0.0019210860204238178	0.182294352881842
0.7359857807982884	0.18749719124915148	0.0019210860204238178	0.182294352881842
0.7359857807982884	0.18749719124915148	0.0019210860204238178	0.182294352881842
0.7359857807982884	0.18749719124915148	0.0019210860204238178	0.182294352881842
0.7359857807982884	0.18749719124915148	0.0019210860204238178	0.182294352881842
0.7359857807982884	0.18749719124915148	0.0019210860204238178	0.182294352881842
0.7359857807982884	0.18749719124915148	0.0019210860204238178	0.182294352881842
0.7359857807982884	0.18749719124915148	0.0019210860204238178	0.182294352881842
0.7359857807982884	0.18749719124915148	0.0019210860204238178	0.182294352881842
0.7218425933757041	0.18798956625105911	0.0030034774317306556	0.18857261561184183
0.6255617808243557	0.18812811192414458	0.0005860858512033718	0.20999168123754844
0.6255617808243557	0.18812811192414458	0.0005860858512033718	0.20999168123754844
0.6255617808243557	0.18812811192414458	0.0005860858512033718	0.20999168123754844
0.6255617808243557	0.18812811192414458	0.0005860858512033718	0.20999168123754844
0.6255617808243557	0.18812811192414458	0.0005860858512033718	0.20999168123754844
0.6255617808243557	0.1881840066790948	0.0005860858512033718	0.2110901238061819
0.6147381798120518	0.19748636541687462	0.00024837744848571486	0.1667010781849231
0.6074026344206233	0.1979984560654134	0.00024837744848571486	0.15959522840593657
0.6074026344206233	0.1979984560654134	0.00024837744848571486	0.15959522840593657
0.6074026344206233	0.1979984560654134	0.00024837744848571486	0.15959522840593657
0.5789548002197501	0.2134532874951501	0.0009384901017810976	0.20065383659243802
0.5789548002197501	0.2134532874951501	0.0009384901017810976	0.20065383659243802
0.5747386767135998	0.2134532874951501	0.0009384901017810976	0.20065383659243802
0.5747386767135998	0.2134532874951501	0.0009384901017810976	0.20065383659243802
0.5590279380401826	0.22427504564061473	0.01021323761861695	0.21708444203872385
0.5590279380401826	0.22427504564061473	0.01021323761861695	0.21708444203872385
0.5559250683498006	0.2273995114632985	0.010735226753959798	0.2762701364215255
0.5554696185399286	0.23215409920556074	0.01834424771038859	0.2972857234126438
0.5554696185399286	0.23215409920556074	0.01834424771038859	0.2972857234126438
0.5543229093828573	0.24389078597232955	0.038407298048061034	0.3172906421275199
0.5192074629339507	0.24866738651043538	0.002951262280440174	0.27066050617753223
0.5192074629339507	0.24866738651043538	0.002951262280440174	0.27066050617753223
0.5192074629339507	0.24866738651043538	0.002951262280440174	0.27066050617753223
0.5038271322047478	0.24923328687309812	0.0091481688929465	0.27066050617753223
0.5038271322047478	0.249976006062403	0.0091481688929465	0.29602986348102045
0.49753965183080606	0.253111323833669	0.04476241458837625	0.2541801417537396
0.4940978025328846	0.25712601219581704	0.028352331124287547	0.26232881725035584
0.4913977342567211	0.2619529452185369	0.02549072071786633	0.27750839819089557
0.49050477542090587	0.2642744644570318	0.012755197462117812	0.31296802162978177
0.4875611273273916	0.2690704101131021	0.014971337997857229	0.3255794634334511
0.48442576405608806	0.27125971493077805	0.07976841779469802	0.35243762088030095
0.48442576405608806	0.27125971493077805	0.07976841779469802	0.35243762088030095
0.48442576405608806	0.2860031112929026	0.07259875522986221	0.42060922154529246
0.47428529442277423	0.2930094064192692	0.10130877107702901	0.2089264511058063
0.47428529442277423	0.2930094064192692	0.10130877107702901	0.2089264511058063
0.4669378024164514	0.29908838485686645	0.11712627514769405	0.21840188303026842
0.4558008490886225	0.29926259297414226	0.2092564205451909	0.28341070153989256
0.4558008490886225	0.29926259297414226	0.2092564205451909	0.28341070153989256
0.4546054155002325	0.30482059488652874	0.22031202160864335	0.25401749094858994
0.44684754741965205	0.30786691869112975	0.1894715526357155	0.32627867268302013
0.4444760153051584	0.309946420610153	0.2044866811560222	0.3128706968021373
0.43927674762169305	0.3156908090642346	0.2111549780244879	0.29075289020266637
0.43927674762169305	0.3156908090642346	0.2111549780244879	0.29075289020266637
0.43506050707773236	0.3241391586082749	0.17292379216223794	0.30893813964941474
0.4293860963316382	0.3288300894389346	0.21565003356000823	0.2672770761705655
0.42654205038416426	0.3320224841293669	0.152781257069387	0.3104152892604484
0.42243208426428036	0.33517369845824124	0.23266994831720292	0.2807698337949761
0.42110141296501596	0.33960081235319417	0.21938684904116576	0.2991248254265953
0.414455867448459	0.3440461416960907	0.24336209491415972	0.34129670738841256
0.4127334307455656	0.3464274890432532	0.21776938700328846	0.3220275529875616
0.4079746305469599	0.35092403899407504	0.25068138967608944	0.3189940766369958
0.4048507043855208	0.3544398371698434	0.2348181581069252	0.308603687898928
0.40148411345216256	0.3593763844191788	0.24824060073393545	0.353970797290893
0.3975957388262218	0.36383041533335253	0.2417271742923378	0.29749595838080134
0.3963656626908916	0.36793744990572086	0.200763399867607	0.30722831209869544
0.39011665028735376	0.37314152215255936	0.25632725657835304	0.32570282624530866
0.3886836064710734	0.3748867739248109	0.2663159978267077	0.34218722178444244
0.38581041221934387	0.37864747497218515	0.2335669569751761	0.32756656405596585
0.38120922231657467	0.38353708195911096	0.27280069265361717	0.3311605732008938
0.3765320085574861	0.39024272096133444	0.25653103902384533	0.3054846701139725
0.37364919402996627	0.3935183188584548	0.2804684430719818	0.3740031359925394
0.371590446017252	0.3972068228889709	0.2700008567095667	0.37632002662723
0.3671643863654372	0.4017251467551482	0.2753006968610183	0.3746494053794469
0.3652909611952908	0.4069673227321272	0.23308060204445005	0.3347444014849388
0.36087595991800786	0.41114242694418013	0.24777432856578951	0.35529453832404095
0.3566194934680996	0.41412132980365274	0.305374919053562	0.3565779619080388
0.3530040939841687	0.419034348711155	0.31014798390923504	0.3538543721385572
0.35085109195489533	0.4238341826246661	0.33482627787659064	0.3914055154866092
0.3452562404731918	0.42899401684264826	0.31634742121283393	0.3460965841949442
0.3424513780547482	0.4332315212099132	0.3234964461166863	0.3842043731589562
0.33923853044811425	0.43704674415359834	0.3281130505209617	0.3679876296226304
0.33632886461616257	0.4411629777905166	0.3319059738947441	0.3806233987555005
0.3324806358312638	0.44616242972530806	0.311093813616391	0.3572364206481355
0.33026108462231857	0.451543972474149	0.3041901432346186	0.3176543733376751
0.32482890033700285	0.4568672878697437	0.33110428400041736	0.34660730400798184
0.3230807375800073	0.46108730761657796	0.34006715261005294	0.34013803338907334
0.3188796661713465	0.46547929023345913	0.3569907079870398	0.3278609809580938
0.31457257656717436	0.47083842566886835	0.32853864870713545	0.3766424883177907
0.3128160479227304	0.47346640087593106	0.3271522613434362	0.3657053798487031
0.30810900264505703	0.47991594636944374	0.33800821646201584	0.3493948162509047
0.3052675853030411	0.4837345043777653	0.3655114633123254	0.34475845899033936
0.3002611196979446	0.4897650425332788	0.3820187054760028	0.3825932636999007
0.2987556098935608	0.493492406323609	0.359997445949225	0.3634182816606457
0.2948350683485031	0.4978086167641583	0.3876459865981698	0.3560494319013132
0.29127242883277515	0.502885584955367	0.3845063536418063	0.35664734942451437
0.2883707951894422	0.5094133062337057	0.43040061447975064	0.41296103589381106
0.28484245031123273	0.512914042855816	0.40741815269652026	0.34759826847540654
0.2817611689624732	0.5187918553050999	0.4299430761191168	0.3418323247574771
0.27820961339863637	0.523895001821425	0.4188160362293606	0.39223806875259226
0.27445651168335383	0.5279031548106345	0.3679129927261139	0.3861743674676539
0.27087617402867964	0.5341334362347453	0.4154016795336625	0.35133435169418004
0.26739427155343715	0.5374468174765706	0.39948183677190924	0.37658928315173185
0.26411709215189455	0.5426951018345542	0.4502145287001244	0.39336834322777847
0.26016360091387003	0.5487841497346271	0.40681181837942815	0.36196915054531675
0.2559961318372297	0.5543879997089969	0.4253427162836136	0.41548662399883496
0.25398360863581526	0.5580358570168108	0.42740464180502663	0.42154923285679985
0.2498560841041341	0.5646849652646612	0.4616948536214266	0.40989561245750306
0.24634207026458607	0.5688810593185084	0.416912697086148	0.38650184847620084
0.24244309793409372	0.5754599270824308	0.4550838332084135	0.4274048563321725
0.23868951649340683	0.5802569635183941	0.44734917675591707	0.4276964801687613
0.23508352356767165	0.5855510742693398	0.46792796256333546	0.407327831958421
0.23211585194823106	0.5914725915803412	0.48936473178146805	0.3886100554691136
0.22788153533896696	0.5977308410475947	0.4190857449470556	0.4109711310725215
0.2254734568335925	0.6011078850965105	0.43627803847280744	0.4127612847541316
0.22106384952607358	0.6088130734008746	0.42582749369970424	0.4007352937856229
0.21751913643422274	0.6130823331727068	0.4625282089609336	0.42086049941972464
0.21367885059956562	0.6192467158038756	0.48768577351352643	0.43213670632047363
0.21018545930717616	0.6247363822510256	0.46326291926756824	0.3958401142136738
0.20593948312796895	0.6315146150320299	0.48340891494115235	0.4436754507767019
0.20175149879296234	0.6377842826672759	0.46634693752984835	0.4115483627849853
0.19828115405132177	0.6438099891481383	0.4718548055104246	0.3962619277900642
0.19532013299392811	0.6509203991597529	0.5318905405518097	0.38275475078312937
0.1921792809556722	0.6535835377086089	0.5204760252684018	0.40049623642991605
0.18822608837035124	0.659740693719055	0.5090985562128587	0.44680615275249497
0.18453769780888932	0.6673682981315626	0.5398972604357528	0.46246478395877855
0.18033787982559754	0.6752592065461644	0.5619492403788497	0.40197282795402495
0.17348407104053232	0.6845749744719994	0.5341990618177974	0.4336132790686601
0.17291113193970337	0.6880025188699802	0.5163847525348698	0.369194246293514
0.16700326831881349	0.6946305064407813	0.5089580752421461	0.42759999394548254
0.16548247119430293	0.7018588071295024	0.5688216630536481	0.3976932349852754
0.1618750261462508	0.7054574209847857	0.5522725140698352	0.43922883202792323
0.15763232586455142	0.7122236458996041	0.56882102749797	0.4729978571131607
0.15319649526148701	0.7195721880321796	0.5050870977935491	0.4095827416961879
0.14963257777562788	0.7266634020311146	0.5887611075239448	0.4197557682017136
0.14511807446164343	0.7316594005618166	0.5722975391094465	0.4314301915714985
0.14160176118375986	0.7395781444525525	0.5799365358065453	0.4011209154207131
0.13787433813421776	0.7433113315712427	0.5573657346166054	0.45285576714972403
0.13259395126620582	0.7527389766166074	0.5542431027600256	0.439958108333292
0.12918060617927887	0.7597708150956081	0.571312481537224	0.4124123423439505
0.12548673129437932	0.7660681071240777	0.6069139777002023	0.4587228977648016
0.12113849678764899	0.776552102607789	0.6327208004502252	0.4367365535531433
0.11705445303293888	0.7799873081059798	0.562847219125318	0.44762996540835237
0.11331397912475043	0.7884361402083285	0.5742910341042449	0.42485398678057656
0.10905629902620102	0.7952345348577001	0.6261004712671782	0.46710809149521837
0.10412014735407982	0.8044733988659607	0.6110522942309754	0.47087045495469393
0.10026621415577795	0.810807002154597	0.6307077021609871	0.45900456634582315
0.09606941584627975	0.8172410731727093	0.5934931159647528	0.4632695614936616
0.09156685510344591	0.8266206135073052	0.57525902387602	0.47960661249643666
0.08807958678648946	0.8325314792757305	0.6344868508365283	0.48766851638640885
0.08311857392038578	0.8425495880522408	0.5767827332718938	0.4710319233979712
0.07947264808478108	0.8508778793713251	0.6073559582201357	0.46815170930981015
0.07504687659988907	0.8574346163172567	0.588581344816348	0.4515081433008682
0.06984803656954094	0.8666097517556396	0.645373247613864	0.4775440160870016
0.06612418689629339	0.8737142394218702	0.6263079298099256	0.4874108804099456
0.06109256341537184	0.8830023639079073	0.6153262043360946	0.47976622988100714
0.057112001855121775	0.8904387634263434	0.6737413965221658	0.4756040908233494
0.05256972739958667	0.900689156418895	0.6547153269864936	0.4904429186719847
0.04634959535470171	0.9098810414641113	0.6515526220386599	0.49749761296867767
0.04151218605908815	0.9191654182728543	0.6651891867316234	0.48224041035710424
0.03851516335987172	0.9249574874664873	0.6785015116924294	0.4668784402679149
0.03267620831306456	0.9365975505099523	0.6762407993261818	0.47730226204384146
0.024732912931111392	0.9518978337921986	0.6568782227383836	0.48722284239050295
0.02350892297779802	0.954800909719661	0.6767066140292329	0.458298662511509
0.018593420445096546	0.9635847277583439	0.7040740331075074	0.5050086954384231
0.01337342681592072	0.9765823598409332	0.7431824319008502	0.502267843822262
0.009530356613468132	0.9817302342129978	0.6852770902556886	0.4741842658524231
0.0018986647311761778	0.9976486092980892	0.7294938534500003	0.513327917558692
2.51805609315486e-06	1.0073924540989225	0.6608541476971201	0.4275213963005961
