1	0.4545454545
2	0.2500000000
3	0.1538461538
4	0.0000000000
5	0.1538461538
6	0.1176470588
7	0.0555555556
8	0.0588235294
9	0.0476190476
10	0.0000000000
11	0.0000000000
12	0.0000000000
13	0.0344827586
14	0.0344827586
15	0.0370370370
16	0.0344827586
17	0.0333333333
18	0.0666666667
19	0.0666666667
20	0.0689655172
21	0.0689655172
22	0.0666666667
23	0.0666666667
24	0.0666666667
25	0.0666666667
26	0.0689655172
27	0.0645161290
28	0.1000000000
29	0.0967741935
30	0.0645161290
31	0.0714285714
32	0.0645161290
33	0.0666666667
34	0.0689655172
35	0.0645161290
36	0.0645161290
37	0.0645161290
38	0.0303030303
39	0.0625000000
40	0.0625000000
41	0.0625000000
42	0.0606060606
43	0.0606060606
44	0.0303030303
45	0.0312500000
46	0.0312500000
47	0.0303030303
48	0.0303030303
49	0.0303030303
50	0.0312500000
51	0.0294117647
52	0.0588235294
53	0.0606060606
54	0.0625000000
55	0.0645161290
56	0.0645161290
57	0.0625000000
58	0.0967741935
59	0.0937500000
60	0.0937500000
61	0.0625000000
62	0.0606060606
63	0.0606060606
64	0.0882352941
65	0.0909090909
66	0.1290322581
67	0.1250000000
68	0.1250000000
69	0.0909090909
70	0.0937500000
71	0.1212121212
72	0.0909090909
73	0.0909090909
74	0.1212121212
75	0.0909090909
76	0.0909090909
77	0.0882352941
78	0.1176470588
79	0.1515151515
80	0.1470588235
81	0.1212121212
82	0.1212121212
83	0.1176470588
84	0.1176470588
85	0.1176470588
86	0.1176470588
87	0.1176470588
88	0.1212121212
89	0.1212121212
90	0.1470588235
91	0.0303030303
92	0.0303030303
93	0.0294117647
94	0.0294117647
95	0.0588235294
96	0.0882352941
97	0.0882352941
98	0.1176470588
99	0.0882352941
100	0.0882352941
101	0.0882352941
102	0.0588235294
103	0.0588235294
104	0.0588235294
105	0.0588235294
106	0.0588235294
107	0.0571428571
108	0.0571428571
109	0.0540540541
110	0.0270270270
111	0.0000000000
112	0.0000000000
113	0.0270270270
114	0.0270270270
115	0.0270270270
116	0.0270270270
117	0.0540540541
118	0.0270270270
119	0.0000000000
120	0.0000000000
121	0.0000000000
122	0.0000000000
123	0.0000000000
124	0.0000000000
125	0.0000000000
126	0.0000000000
127	0.0285714286
128	0.0285714286
129	0.0285714286
130	0.0285714286
131	0.0294117647
132	0.0588235294
133	0.0571428571
134	0.0571428571
135	0.0571428571
136	0.0571428571
137	0.0857142857
138	0.1142857143
139	0.1111111111
140	0.0833333333
141	0.0555555556
142	0.0555555556
143	0.0555555556
144	0.0555555556
145	0.0555555556
146	0.0833333333
147	0.0810810811
148	0.0810810811
149	0.0810810811
150	0.0810810811
151	0.0810810811
152	0.0810810811
153	0.0810810811
154	0.0810810811
155	0.1081081081
156	0.1428571429
157	0.1351351351
158	0.1081081081
159	0.1081081081
160	0.1081081081
161	0.1081081081
162	0.1081081081
163	0.1081081081
164	0.1081081081
165	0.1081081081
166	0.1081081081
167	0.1111111111
168	0.1111111111
169	0.1081081081
170	0.1081081081
171	0.1081081081
172	0.0810810811
173	0.0540540541
174	0.0540540541
175	0.0540540541
176	0.0540540541
177	0.0540540541
178	0.0540540541
179	0.0810810811
180	0.0810810811
181	0.0540540541
182	0.0555555556
183	0.0555555556
184	0.0540540541
185	0.0540540541
186	0.0540540541
187	0.0526315789
188	0.0526315789
189	0.0263157895
190	0.0263157895
191	0.0263157895
192	0.0263157895
193	0.0263157895
194	0.0263157895
195	0.0789473684
196	0.0789473684
197	0.0833333333
198	0.0833333333
199	0.0833333333
200	0.0833333333
201	0.0833333333
202	0.0833333333
203	0.0833333333
204	0.0833333333
205	0.0555555556
206	0.0555555556
207	0.0555555556
208	0.0555555556
209	0.0555555556
210	0.0555555556
211	0.0555555556
212	0.0555555556
213	0.0555555556
214	0.0555555556
215	0.0555555556
216	0.0555555556
217	0.0555555556
218	0.0833333333
219	0.0833333333
220	0.0555555556
221	0.0555555556
222	0.0555555556
223	0.0555555556
224	0.0555555556
225	0.0555555556
226	0.0540540541
227	0.0540540541
228	0.0540540541
229	0.0540540541
230	0.0555555556
231	0.0571428571
232	0.0571428571
233	0.0571428571
234	0.0571428571
235	0.0571428571
236	0.0285714286
237	0.0285714286
238	0.0285714286
239	0.0285714286
240	0.0285714286
241	0.0857142857
242	0.0857142857
243	0.0571428571
244	0.0571428571
245	0.0571428571
246	0.0571428571
247	0.0571428571
248	0.0571428571
249	0.0285714286
250	0.0285714286
