1	0.0000000000
2	0.0000000000
3	0.0000000000
4	0.0000000000
5	0.1666666667
6	0.0666666667
7	0.0588235294
8	0.0500000000
9	0.1363636364
10	0.0833333333
11	0.1153846154
12	0.2083333333
13	0.2000000000
14	0.1538461538
15	0.1428571429
16	0.0967741935
17	0.1333333333
18	0.1562500000
19	0.1562500000
20	0.1250000000
21	0.1000000000
22	0.1250000000
23	0.2058823529
24	0.2000000000
25	0.2333333333
26	0.2666666667
27	0.2000000000
28	0.3125000000
29	0.3125000000
30	0.3142857143
31	0.2647058824
32	0.2058823529
33	0.1470588235
34	0.1428571429
35	0.1428571429
36	0.1714285714
37	0.1428571429
38	0.1428571429
39	0.1428571429
40	0.1176470588
41	0.1428571429
42	0.1470588235
43	0.2285714286
44	0.2571428571
45	0.2571428571
46	0.2222222222
47	0.1944444444
48	0.1666666667
49	0.1388888889
50	0.1388888889
51	0.1428571429
52	0.1388888889
53	0.1111111111
54	0.1388888889
55	0.1714285714
56	0.1714285714
57	0.1714285714
58	0.1666666667
59	0.1388888889
60	0.1428571429
61	0.1666666667
62	0.1666666667
63	0.1764705882
64	0.2000000000
65	0.2285714286
66	0.2352941176
67	0.2058823529
68	0.2058823529
69	0.2058823529
70	0.1764705882
71	0.1176470588
72	0.1176470588
73	0.1428571429
74	0.1388888889
75	0.1388888889
76	0.1621621622
77	0.1621621622
78	0.1111111111
79	0.1111111111
80	0.1388888889
81	0.1666666667
82	0.1388888889
83	0.1111111111
84	0.1111111111
85	0.0833333333
86	0.1081081081
87	0.1081081081
88	0.1081081081
89	0.1351351351
90	0.1351351351
91	0.1351351351
92	0.1621621622
93	0.1621621622
94	0.1891891892
95	0.1891891892
96	0.1891891892
97	0.1621621622
98	0.1621621622
99	0.1351351351
100	0.1081081081
101	0.1081081081
102	0.1081081081
103	0.1388888889
104	0.1351351351
105	0.1351351351
106	0.1351351351
107	0.1081081081
108	0.0810810811
109	0.0810810811
110	0.1081081081
111	0.1081081081
112	0.1081081081
113	0.1081081081
114	0.1351351351
115	0.1081081081
116	0.1081081081
117	0.1081081081
118	0.0833333333
119	0.0833333333
120	0.0833333333
121	0.0833333333
122	0.0833333333
123	0.0833333333
124	0.0833333333
125	0.0555555556
126	0.0833333333
127	0.0810810811
128	0.0789473684
129	0.0789473684
130	0.0810810811
131	0.0810810811
132	0.0555555556
133	0.0285714286
134	0.0285714286
135	0.0285714286
136	0.0277777778
137	0.0277777778
138	0.0277777778
139	0.0277777778
140	0.0555555556
141	0.0833333333
142	0.0833333333
143	0.0833333333
144	0.0833333333
145	0.0833333333
146	0.0833333333
147	0.0810810811
148	0.0540540541
149	0.0540540541
150	0.0540540541
151	0.0540540541
152	0.0540540541
153	0.0540540541
154	0.0540540541
155	0.0540540541
156	0.0810810811
157	0.0810810811
158	0.0810810811
159	0.0810810811
160	0.0810810811
161	0.1081081081
162	0.1081081081
163	0.1081081081
164	0.0540540541
165	0.0540540541
166	0.0540540541
167	0.0540540541
168	0.0540540541
169	0.0526315789
170	0.0526315789
171	0.0526315789
172	0.0526315789
173	0.0526315789
174	0.0526315789
175	0.0526315789
176	0.0526315789
177	0.0526315789
178	0.0526315789
179	0.0526315789
180	0.0526315789
181	0.0526315789
182	0.0526315789
183	0.0526315789
184	0.0526315789
185	0.0526315789
186	0.0526315789
187	0.0526315789
188	0.0526315789
189	0.0789473684
190	0.0789473684
191	0.0789473684
192	0.0789473684
193	0.0789473684
194	0.0789473684
195	0.0789473684
196	0.0789473684
197	0.0789473684
198	0.0789473684
199	0.0540540541
200	0.0540540541
201	0.0540540541
202	0.0540540541
203	0.0540540541
204	0.0540540541
205	0.0540540541
206	0.0789473684
207	0.0526315789
208	0.0789473684
209	0.0789473684
210	0.0526315789
211	0.0526315789
212	0.0512820513
213	0.0256410256
214	0.0256410256
215	0.0256410256
216	0.0256410256
217	0.0512820513
218	0.0512820513
219	0.0540540541
220	0.0540540541
221	0.0540540541
222	0.0540540541
223	0.0526315789
224	0.0526315789
225	0.0263157895
226	0.0263157895
227	0.0270270270
228	0.0270270270
229	0.0263157895
230	0.0526315789
231	0.0526315789
232	0.0512820513
233	0.1562500000
234	0.2222222222
235	0.2413793103
236	0.2413793103
237	0.2413793103
238	0.2758620690
239	0.2666666667
240	0.3030303030
241	0.2727272727
242	0.2121212121
243	0.2424242424
244	0.2424242424
245	0.2424242424
246	0.3030303030
247	0.2941176471
248	0.2647058824
249	0.2727272727
250	0.2647058824
