1	0.2142857143
2	0.0000000000
3	0.0000000000
4	0.0000000000
5	0.0000000000
6	0.0000000000
7	0.2727272727
8	0.3636363636
9	0.4347826087
10	0.5416666667
11	0.3846153846
12	0.2800000000
13	0.3846153846
14	0.3333333333
15	0.3333333333
16	0.2500000000
17	0.2727272727
18	0.2083333333
19	0.1851851852
20	0.1481481481
21	0.2000000000
22	0.2333333333
23	0.2258064516
24	0.1875000000
25	0.2727272727
26	0.3125000000
27	0.2500000000
28	0.2187500000
29	0.2500000000
30	0.2187500000
31	0.2121212121
32	0.2121212121
33	0.2000000000
34	0.2857142857
35	0.2647058824
36	0.2727272727
37	0.2647058824
38	0.2571428571
39	0.2647058824
40	0.2857142857
41	0.2432432432
42	0.2432432432
43	0.2162162162
44	0.2162162162
45	0.2432432432
46	0.2702702703
47	0.2777777778
48	0.3055555556
49	0.3055555556
50	0.2777777778
51	0.2777777778
52	0.2000000000
53	0.1212121212
54	0.0882352941
55	0.0588235294
56	0.0571428571
57	0.0857142857
58	0.1142857143
59	0.0857142857
60	0.1142857143
61	0.1142857143
62	0.1142857143
63	0.0857142857
64	0.0833333333
65	0.1111111111
66	0.1081081081
67	0.0810810811
68	0.0833333333
69	0.0555555556
70	0.0555555556
71	0.0294117647
72	0.0571428571
73	0.0571428571
74	0.0857142857
75	0.0857142857
76	0.0882352941
77	0.0882352941
78	0.0882352941
79	0.0882352941
80	0.0882352941
81	0.0909090909
82	0.1176470588
83	0.1176470588
84	0.1764705882
85	0.1818181818
86	0.1818181818
87	0.1515151515
88	0.1515151515
89	0.1515151515
90	0.1515151515
91	0.1818181818
92	0.1764705882
93	0.1818181818
94	0.1515151515
95	0.1212121212
96	0.1212121212
97	0.1212121212
98	0.1212121212
99	0.0909090909
100	0.0909090909
101	0.0909090909
102	0.0909090909
103	0.0606060606
104	0.0606060606
105	0.0606060606
106	0.0606060606
107	0.0882352941
108	0.0857142857
109	0.0857142857
110	0.0857142857
111	0.0857142857
112	0.1212121212
113	0.1515151515
114	0.1515151515
115	0.1515151515
116	0.1515151515
117	0.1764705882
118	0.2058823529
119	0.2058823529
120	0.1764705882
121	0.1714285714
122	0.1666666667
123	0.1764705882
124	0.1764705882
125	0.2058823529
126	0.1764705882
127	0.1764705882
128	0.1764705882
129	0.1714285714
130	0.1428571429
131	0.1428571429
132	0.1428571429
133	0.1428571429
134	0.1388888889
135	0.1388888889
136	0.1388888889
137	0.1666666667
138	0.1621621622
139	0.1621621622
140	0.1621621622
141	0.1142857143
142	0.1142857143
143	0.1428571429
144	0.1428571429
145	0.1176470588
146	0.1176470588
147	0.1176470588
148	0.1176470588
149	0.1142857143
150	0.0857142857
151	0.0857142857
152	0.0857142857
153	0.0857142857
154	0.0833333333
155	0.0540540541
156	0.0540540541
157	0.0555555556
158	0.0571428571
159	0.0571428571
160	0.0571428571
161	0.0571428571
162	0.0571428571
163	0.0882352941
164	0.0882352941
165	0.0882352941
166	0.0937500000
167	0.0937500000
168	0.0606060606
169	0.0882352941
170	0.0882352941
171	0.0909090909
172	0.0909090909
173	0.0909090909
174	0.0909090909
175	0.1212121212
176	0.0909090909
177	0.0909090909
178	0.0909090909
179	0.0909090909
180	0.0909090909
181	0.1212121212
182	0.0909090909
183	0.0909090909
184	0.0909090909
185	0.0909090909
186	0.1212121212
187	0.1212121212
188	0.1212121212
189	0.1212121212
190	0.0882352941
191	0.0882352941
192	0.0882352941
193	0.0882352941
194	0.1176470588
195	0.1515151515
196	0.1250000000
197	0.0937500000
198	0.0937500000
199	0.0625000000
200	0.0625000000
201	0.0625000000
202	0.0625000000
203	0.0625000000
204	0.0625000000
205	0.0909090909
206	0.0606060606
207	0.0625000000
208	0.0625000000
209	0.0625000000
210	0.0606060606
211	0.0625000000
212	0.0625000000
213	0.0625000000
214	0.0588235294
215	0.0303030303
216	0.0303030303
217	0.0303030303
218	0.0303030303
219	0.0303030303
220	0.0303030303
221	0.0312500000
222	0.0303030303
223	0.0303030303
224	0.0303030303
225	0.0606060606
226	0.0303030303
227	0.0303030303
228	0.0303030303
229	0.0303030303
230	0.0606060606
231	0.0606060606
232	0.0606060606
233	0.0588235294
234	0.0588235294
235	0.0588235294
236	0.0588235294
237	0.0571428571
238	0.0571428571
239	0.0571428571
240	0.0555555556
241	0.0540540541
242	0.0571428571
243	0.0571428571
244	0.0571428571
245	0.0555555556
246	0.0540540541
247	0.0526315789
248	0.0526315789
249	0.0526315789
250	0.0512820513
