1	0.1000000000
2	0.0000000000
3	0.0666666667
4	0.0625000000
5	0.0500000000
6	0.0384615385
7	0.1481481481
8	0.1333333333
9	0.1538461538
10	0.1923076923
11	0.1153846154
12	0.1538461538
13	0.1851851852
14	0.1481481481
15	0.1481481481
16	0.1538461538
17	0.1666666667
18	0.1562500000
19	0.2258064516
20	0.2413793103
21	0.1724137931
22	0.1538461538
23	0.2142857143
24	0.1785714286
25	0.1724137931
26	0.1785714286
27	0.1724137931
28	0.1481481481
29	0.1481481481
30	0.1428571429
31	0.1071428571
32	0.1071428571
33	0.1071428571
34	0.0689655172
35	0.1071428571
36	0.1071428571
37	0.1034482759
38	0.0666666667
39	0.1034482759
40	0.1000000000
41	0.1333333333
42	0.1333333333
43	0.1290322581
44	0.1333333333
45	0.1000000000
46	0.1000000000
47	0.0666666667
48	0.0666666667
49	0.0666666667
50	0.1000000000
51	0.0967741935
52	0.0967741935
53	0.0625000000
54	0.0312500000
55	0.0312500000
56	0.0312500000
57	0.0333333333
58	0.0333333333
59	0.0344827586
60	0.0333333333
61	0.0333333333
62	0.0666666667
63	0.0645161290
64	0.0645161290
65	0.0645161290
66	0.1000000000
67	0.1000000000
68	0.0967741935
69	0.0937500000
70	0.0967741935
71	0.0967741935
72	0.0967741935
73	0.0937500000
74	0.0967741935
75	0.0937500000
76	0.0937500000
77	0.0937500000
78	0.0937500000
79	0.0937500000
80	0.0967741935
81	0.0967741935
82	0.0967741935
83	0.0625000000
84	0.0625000000
85	0.0645161290
86	0.0645161290
87	0.0645161290
88	0.0645161290
89	0.0937500000
90	0.0937500000
91	0.0937500000
92	0.0937500000
93	0.0937500000
94	0.0625000000
95	0.0625000000
96	0.0625000000
97	0.0625000000
98	0.0312500000
99	0.0312500000
100	0.0312500000
101	0.0312500000
102	0.0322580645
103	0.0322580645
104	0.0000000000
105	0.0000000000
106	0.0322580645
107	0.0645161290
108	0.0645161290
109	0.0967741935
110	0.0645161290
111	0.0645161290
112	0.0625000000
113	0.0625000000
114	0.0967741935
115	0.0967741935
116	0.1000000000
117	0.1000000000
118	0.0967741935
119	0.0967741935
120	0.0967741935
121	0.0937500000
122	0.0937500000
123	0.0909090909
124	0.0882352941
125	0.0882352941
126	0.0882352941
127	0.0909090909
128	0.0588235294
129	0.0606060606
130	0.1290322581
131	0.1290322581
132	0.1562500000
133	0.1562500000
134	0.1562500000
135	0.1562500000
136	0.1562500000
137	0.1250000000
138	0.1562500000
139	0.1562500000
140	0.1212121212
141	0.1212121212
142	0.1250000000
143	0.1562500000
144	0.1250000000
145	0.1515151515
146	0.1562500000
147	0.1250000000
148	0.1212121212
149	0.1212121212
150	0.1212121212
151	0.1470588235
152	0.1250000000
153	0.0937500000
154	0.0937500000
155	0.0937500000
156	0.0937500000
157	0.0937500000
158	0.0909090909
159	0.0967741935
160	0.0967741935
161	0.0967741935
162	0.0967741935
163	0.0645161290
164	0.0645161290
165	0.0645161290
166	0.0645161290
167	0.0645161290
168	0.0322580645
169	0.0322580645
170	0.0312500000
171	0.0312500000
172	0.0312500000
173	0.0303030303
174	0.0303030303
175	0.0303030303
176	0.0312500000
177	0.0312500000
178	0.0322580645
179	0.0322580645
180	0.0312500000
181	0.0312500000
182	0.0312500000
183	0.0312500000
184	0.0312500000
185	0.0312500000
186	0.0312500000
187	0.0312500000
188	0.0312500000
189	0.0303030303
190	0.0303030303
191	0.0294117647
192	0.0303030303
193	0.0312500000
194	0.0312500000
195	0.0312500000
196	0.0312500000
197	0.0322580645
198	0.0322580645
199	0.0322580645
200	0.0303030303
201	0.0303030303
202	0.0303030303
203	0.0625000000
204	0.0625000000
205	0.0606060606
206	0.0303030303
207	0.0303030303
208	0.0303030303
209	0.0303030303
210	0.0303030303
211	0.0303030303
212	0.0303030303
213	0.0303030303
214	0.0303030303
215	0.0303030303
216	0.0303030303
217	0.0303030303
218	0.0303030303
219	0.0303030303
220	0.0303030303
221	0.0303030303
222	0.0303030303
223	0.0303030303
224	0.0303030303
225	0.0312500000
226	0.0312500000
227	0.0312500000
228	0.0312500000
229	0.0606060606
230	0.0606060606
231	0.0606060606
232	0.0606060606
233	0.0606060606
234	0.0588235294
235	0.0625000000
236	0.0312500000
237	0.0312500000
238	0.0303030303
239	0.0303030303
240	0.0303030303
241	0.0303030303
242	0.0294117647
243	0.0294117647
244	0.0294117647
245	0.0303030303
246	0.0303030303
247	0.0303030303
248	0.0303030303
249	0.0303030303
250	0.0303030303
