1	0.0714285714
2	0.0000000000
3	0.0000000000
4	0.0000000000
5	0.0000000000
6	0.0000000000
7	0.0000000000
8	0.0000000000
9	0.0000000000
10	0.0000000000
11	0.0000000000
12	0.0000000000
13	0.0000000000
14	0.0000000000
15	0.0000000000
16	0.0000000000
17	0.0357142857
18	0.0384615385
19	0.1481481481
20	0.1481481481
21	0.1538461538
22	0.1200000000
23	0.1153846154
24	0.0800000000
25	0.0800000000
26	0.0769230769
27	0.1111111111
28	0.2307692308
29	0.2222222222
30	0.2592592593
31	0.2692307692
32	0.2307692308
33	0.1600000000
34	0.1600000000
35	0.1923076923
36	0.1923076923
37	0.2000000000
38	0.2083333333
39	0.1923076923
40	0.2692307692
41	0.2800000000
42	0.1923076923
43	0.1739130435
44	0.1739130435
45	0.2000000000
46	0.1851851852
47	0.1785714286
48	0.2142857143
49	0.2222222222
50	0.2068965517
51	0.2142857143
52	0.1923076923
53	0.1851851852
54	0.0689655172
55	0.1071428571
56	0.1071428571
57	0.0689655172
58	0.0666666667
59	0.0625000000
60	0.0625000000
61	0.0937500000
62	0.1000000000
63	0.0689655172
64	0.0714285714
65	0.0689655172
66	0.0689655172
67	0.0344827586
68	0.0344827586
69	0.0344827586
70	0.0357142857
71	0.0714285714
72	0.1071428571
73	0.1071428571
74	0.1379310345
75	0.1724137931
76	0.1724137931
77	0.2068965517
78	0.2068965517
79	0.2068965517
80	0.2068965517
81	0.2333333333
82	0.2000000000
83	0.2000000000
84	0.1333333333
85	0.1333333333
86	0.0967741935
87	0.1290322581
88	0.1935483871
89	0.1875000000
90	0.1875000000
91	0.2121212121
92	0.2121212121
93	0.1875000000
94	0.1875000000
95	0.1875000000
96	0.1935483871
97	0.1612903226
98	0.1875000000
99	0.2187500000
100	0.2647058824
101	0.2647058824
102	0.2647058824
103	0.2424242424
104	0.2647058824
105	0.2571428571
106	0.2571428571
107	0.2857142857
108	0.2285714286
109	0.2285714286
110	0.2285714286
111	0.2121212121
112	0.2647058824
113	0.2857142857
114	0.2857142857
115	0.2857142857
116	0.2857142857
117	0.2857142857
118	0.2777777778
119	0.2571428571
120	0.2702702703
121	0.2702702703
122	0.2500000000
123	0.2702702703
124	0.2285714286
125	0.2571428571
126	0.2571428571
127	0.2571428571
128	0.2571428571
129	0.2285714286
130	0.2285714286
131	0.2285714286
132	0.2285714286
133	0.2571428571
134	0.2777777778
135	0.2972972973
136	0.2972972973
137	0.3243243243
138	0.3243243243
139	0.3243243243
140	0.3243243243
141	0.2647058824
142	0.2857142857
143	0.2647058824
144	0.2857142857
145	0.2424242424
146	0.2647058824
147	0.2647058824
148	0.2424242424
149	0.2424242424
150	0.2647058824
151	0.2352941176
152	0.2285714286
153	0.2285714286
154	0.1714285714
155	0.1714285714
156	0.1714285714
157	0.1714285714
158	0.2000000000
159	0.1944444444
160	0.1666666667
161	0.1666666667
162	0.1666666667
163	0.1666666667
164	0.1621621622
165	0.1621621622
166	0.1621621622
167	0.1621621622
168	0.1621621622
169	0.1621621622
170	0.1351351351
171	0.1351351351
172	0.1351351351
173	0.1351351351
174	0.1351351351
175	0.1351351351
176	0.1351351351
177	0.1111111111
178	0.1081081081
179	0.1351351351
180	0.1315789474
181	0.1282051282
182	0.1282051282
183	0.1351351351
184	0.1351351351
185	0.1351351351
186	0.1351351351
187	0.1351351351
188	0.1351351351
189	0.1351351351
190	0.1351351351
191	0.1666666667
192	0.1666666667
193	0.1388888889
194	0.1388888889
195	0.1111111111
196	0.1388888889
197	0.1388888889
198	0.1388888889
199	0.1388888889
200	0.1666666667
201	0.1666666667
202	0.1666666667
203	0.1666666667
204	0.1621621622
205	0.1578947368
206	0.1578947368
207	0.1578947368
208	0.1666666667
209	0.1666666667
210	0.1428571429
211	0.1388888889
212	0.1388888889
213	0.1470588235
214	0.1470588235
215	0.1428571429
216	0.1515151515
217	0.1562500000
218	0.1562500000
219	0.1515151515
220	0.1515151515
221	0.1470588235
222	0.1470588235
223	0.1515151515
224	0.1515151515
225	0.1515151515
226	0.1470588235
227	0.1818181818
228	0.1764705882
229	0.1818181818
230	0.1818181818
231	0.1250000000
232	0.1250000000
233	0.1212121212
234	0.1176470588
235	0.1212121212
236	0.0909090909
237	0.0909090909
238	0.1212121212
239	0.1176470588
240	0.1470588235
241	0.1428571429
242	0.1621621622
243	0.1621621622
244	0.1714285714
245	0.1666666667
246	0.1621621622
247	0.1621621622
248	0.1315789474
249	0.1621621622
250	0.1621621622
