1	0.4545454545
2	0.3333333333
3	0.2777777778
4	0.3888888889
5	0.4210526316
6	0.4000000000
7	0.3636363636
8	0.3750000000
9	0.2500000000
10	0.1818181818
11	0.1666666667
12	0.2000000000
13	0.1923076923
14	0.1923076923
15	0.1200000000
16	0.2222222222
17	0.2500000000
18	0.2500000000
19	0.2857142857
20	0.1851851852
21	0.2068965517
22	0.1785714286
23	0.1071428571
24	0.1034482759
25	0.1666666667
26	0.1379310345
27	0.1333333333
28	0.1666666667
29	0.1666666667
30	0.1666666667
31	0.1935483871
32	0.1724137931
33	0.1034482759
34	0.1333333333
35	0.1333333333
36	0.1379310345
37	0.1379310345
38	0.1379310345
39	0.1935483871
40	0.1724137931
41	0.1379310345
42	0.1333333333
43	0.1333333333
44	0.1333333333
45	0.1034482759
46	0.1333333333
47	0.1333333333
48	0.1562500000
49	0.1290322581
50	0.1562500000
51	0.1562500000
52	0.1612903226
53	0.1612903226
54	0.1612903226
55	0.1612903226
56	0.1935483871
57	0.2258064516
58	0.1935483871
59	0.1666666667
60	0.1333333333
61	0.1612903226
62	0.1333333333
63	0.1290322581
64	0.1034482759
65	0.1333333333
66	0.0967741935
67	0.1612903226
68	0.1612903226
69	0.1333333333
70	0.1333333333
71	0.1000000000
72	0.0666666667
73	0.0344827586
74	0.0322580645
75	0.0000000000
76	0.0000000000
77	0.0000000000
78	0.0000000000
79	0.0000000000
80	0.0000000000
81	0.0000000000
82	0.0000000000
83	0.0000000000
84	0.0000000000
85	0.0000000000
86	0.0000000000
87	0.0000000000
88	0.0000000000
89	0.0000000000
90	0.0000000000
91	0.0000000000
92	0.0000000000
93	0.0000000000
94	0.0333333333
95	0.0333333333
96	0.0333333333
97	0.0666666667
98	0.0666666667
99	0.0689655172
100	0.0333333333
101	0.0333333333
102	0.0344827586
103	0.0333333333
104	0.0322580645
105	0.0333333333
106	0.0333333333
107	0.0322580645
108	0.0333333333
109	0.0344827586
110	0.0344827586
111	0.0333333333
112	0.0344827586
113	0.0322580645
114	0.0322580645
115	0.0322580645
116	0.0333333333
117	0.0333333333
118	0.0666666667
119	0.0645161290
120	0.0645161290
121	0.0645161290
122	0.0937500000
123	0.0937500000
124	0.0967741935
125	0.1000000000
126	0.0967741935
127	0.0937500000
128	0.0625000000
129	0.0322580645
130	0.0000000000
131	0.0000000000
132	0.0000000000
133	0.0000000000
134	0.0000000000
135	0.0000000000
136	0.0294117647
137	0.0000000000
138	0.0000000000
139	0.0000000000
140	0.0000000000
141	0.0000000000
142	0.0000000000
143	0.0000000000
144	0.0000000000
145	0.0000000000
146	0.0000000000
147	0.0000000000
148	0.0000000000
149	0.0606060606
150	0.0588235294
151	0.0625000000
152	0.0625000000
153	0.0625000000
154	0.0303030303
155	0.0312500000
156	0.0294117647
157	0.0294117647
158	0.0294117647
159	0.0285714286
160	0.0000000000
161	0.0000000000
162	0.0000000000
163	0.0000000000
164	0.0333333333
165	0.0333333333
166	0.0333333333
167	0.0322580645
168	0.0303030303
169	0.0303030303
170	0.0312500000
171	0.0625000000
172	0.0303030303
173	0.0312500000
174	0.0303030303
175	0.0303030303
176	0.0303030303
177	0.0294117647
178	0.0303030303
179	0.0937500000
180	0.0937500000
181	0.0909090909
182	0.0857142857
183	0.0571428571
184	0.0571428571
185	0.0571428571
186	0.0588235294
187	0.0625000000
188	0.0625000000
189	0.0606060606
190	0.0625000000
191	0.0606060606
192	0.0909090909
193	0.0857142857
194	0.0833333333
195	0.0571428571
196	0.0571428571
197	0.0571428571
198	0.0000000000
199	0.0000000000
200	0.0312500000
201	0.0303030303
202	0.0312500000
203	0.0303030303
204	0.0312500000
205	0.0312500000
206	0.0312500000
207	0.0294117647
208	0.0294117647
209	0.0555555556
210	0.0540540541
211	0.0555555556
212	0.0540540541
213	0.0588235294
214	0.0606060606
215	0.0937500000
216	0.0909090909
217	0.0967741935
218	0.0967741935
219	0.0967741935
220	0.0937500000
221	0.0967741935
222	0.1250000000
223	0.1290322581
224	0.1250000000
225	0.1250000000
226	0.1212121212
227	0.1612903226
228	0.1562500000
229	0.1935483871
230	0.1935483871
231	0.1935483871
232	0.1875000000
233	0.1818181818
234	0.1935483871
235	0.1935483871
236	0.1935483871
237	0.1875000000
238	0.1935483871
239	0.1875000000
240	0.1875000000
241	0.1875000000
242	0.1935483871
243	0.1515151515
244	0.1562500000
245	0.1612903226
246	0.1562500000
247	0.1515151515
248	0.1562500000
249	0.1562500000
250	0.1515151515
