1	1.0000000000
2	1.0000000000
3	1.0000000000
4	1.0000000000
5	1.0000000000
6	1.0000000000
7	1.0000000000
8	1.0000000000
9	1.0000000000
10	1.0000000000
11	0.9655172414
12	0.9285714286
13	0.8928571429
14	0.9000000000
15	1.0000000000
16	0.9677419355
17	0.9677419355
18	0.9354838710
19	0.8275862069
20	0.7241379310
21	0.6551724138
22	0.6000000000
23	0.5333333333
24	0.4583333333
25	0.4166666667
26	0.4615384615
27	0.3636363636
28	0.2916666667
29	0.1724137931
30	0.2500000000
31	0.2666666667
32	0.2068965517
33	0.2352941176
34	0.2500000000
35	0.2285714286
36	0.2222222222
37	0.2432432432
38	0.2432432432
39	0.3055555556
40	0.3333333333
41	0.3142857143
42	0.2857142857
43	0.2352941176
44	0.3055555556
45	0.3421052632
46	0.3611111111
47	0.4210526316
48	0.4722222222
49	0.4705882353
50	0.4705882353
51	0.4705882353
52	0.5428571429
53	0.5555555556
54	0.5714285714
55	0.4857142857
56	0.4166666667
57	0.4166666667
58	0.3888888889
59	0.3611111111
60	0.3125000000
61	0.2941176471
62	0.3030303030
63	0.3030303030
64	0.3428571429
65	0.3714285714
66	0.3888888889
67	0.4324324324
68	0.3947368421
69	0.4054054054
70	0.4285714286
71	0.3611111111
72	0.3611111111
73	0.3783783784
74	0.3421052632
75	0.3157894737
76	0.2972972973
77	0.2972972973
78	0.2702702703
79	0.2972972973
80	0.3055555556
81	0.3333333333
82	0.3333333333
83	0.2571428571
84	0.2647058824
85	0.3428571429
86	0.3428571429
87	0.3529411765
88	0.3529411765
89	0.3333333333
90	0.3714285714
91	0.4117647059
92	0.4000000000
93	0.3611111111
94	0.3888888889
95	0.4000000000
96	0.3846153846
97	0.4102564103
98	0.3888888889
99	0.3421052632
100	0.3243243243
101	0.3513513514
102	0.3611111111
103	0.3243243243
104	0.3235294118
105	0.2857142857
106	0.3142857143
107	0.3055555556
108	0.3428571429
109	0.3333333333
110	0.3714285714
111	0.3055555556
112	0.2222222222
113	0.2432432432
114	0.2432432432
115	0.2105263158
116	0.2222222222
117	0.2162162162
118	0.2285714286
119	0.2058823529
120	0.2000000000
121	0.2058823529
122	0.2857142857
123	0.2777777778
124	0.2857142857
125	0.2857142857
126	0.2777777778
127	0.2777777778
128	0.2777777778
129	0.2777777778
130	0.2702702703
131	0.2571428571
132	0.2000000000
133	0.1351351351
134	0.1282051282
135	0.1142857143
136	0.1111111111
137	0.1081081081
138	0.1142857143
139	0.1714285714
140	0.1176470588
141	0.1142857143
142	0.1176470588
143	0.1428571429
144	0.1714285714
145	0.1818181818
146	0.1764705882
147	0.1764705882
148	0.2058823529
149	0.1515151515
150	0.1764705882
151	0.1764705882
152	0.1470588235
153	0.1714285714
154	0.1666666667
155	0.1081081081
156	0.1578947368
157	0.1538461538
158	0.1794871795
159	0.2105263158
160	0.2051282051
161	0.2368421053
162	0.2500000000
163	0.2432432432
164	0.2432432432
165	0.1944444444
166	0.1714285714
167	0.1944444444
168	0.1714285714
169	0.1714285714
170	0.1714285714
171	0.1944444444
172	0.2222222222
173	0.2187500000
174	0.2121212121
175	0.2352941176
176	0.1764705882
177	0.1621621622
178	0.1944444444
179	0.1944444444
180	0.2285714286
181	0.2432432432
182	0.1578947368
183	0.1282051282
184	0.1282051282
185	0.1578947368
186	0.1578947368
187	0.1666666667
188	0.1714285714
189	0.1470588235
190	0.1176470588
191	0.1176470588
192	0.1428571429
193	0.1388888889
194	0.1714285714
195	0.1764705882
196	0.1891891892
197	0.1428571429
198	0.1714285714
199	0.1666666667
200	0.1891891892
201	0.1714285714
202	0.2162162162
203	0.2105263158
204	0.2368421053
205	0.2307692308
206	0.2368421053
207	0.2432432432
208	0.2571428571
209	0.2777777778
210	0.2972972973
211	0.2857142857
212	0.2972972973
213	0.2432432432
214	0.2972972973
215	0.3055555556
216	0.3055555556
217	0.2857142857
218	0.2941176471
219	0.2857142857
220	0.2857142857
221	0.2500000000
222	0.2500000000
223	0.2222222222
224	0.1891891892
225	0.1944444444
226	0.1621621622
227	0.1621621622
228	0.1842105263
229	0.1842105263
230	0.2105263158
231	0.2222222222
232	0.2000000000
233	0.2000000000
234	0.1891891892
235	0.1794871795
236	0.2162162162
237	0.2105263158
238	0.2222222222
239	0.2000000000
240	0.2000000000
241	0.1764705882
242	0.1944444444
243	0.1666666667
244	0.1714285714
245	0.1666666667
246	0.2000000000
247	0.1388888889
248	0.1388888889
249	0.1388888889
250	0.1578947368
