1	0.9750000000
2	0.9642857143
3	0.9200000000
4	0.9230769231
5	0.9166666667
6	0.8636363636
7	0.8571428571
8	0.8000000000
9	0.7333333333
10	0.7692307692
11	0.6666666667
12	0.5909090909
13	0.5333333333
14	0.5666666667
15	0.5172413793
16	0.5625000000
17	0.4666666667
18	0.3870967742
19	0.3636363636
20	0.3750000000
21	0.3125000000
22	0.2647058824
23	0.2285714286
24	0.1470588235
25	0.1212121212
26	0.1764705882
27	0.2000000000
28	0.2058823529
29	0.1944444444
30	0.2432432432
31	0.2571428571
32	0.3243243243
33	0.3055555556
34	0.2972972973
35	0.2500000000
36	0.2857142857
37	0.2571428571
38	0.2571428571
39	0.2564102564
40	0.1842105263
41	0.1666666667
42	0.1428571429
43	0.1388888889
44	0.1578947368
45	0.1315789474
46	0.1315789474
47	0.1388888889
48	0.1621621622
49	0.1714285714
50	0.1666666667
51	0.2162162162
52	0.1111111111
53	0.1111111111
54	0.1714285714
55	0.1315789474
56	0.0833333333
57	0.0555555556
58	0.1081081081
59	0.1111111111
60	0.0857142857
61	0.1142857143
62	0.1470588235
63	0.1666666667
64	0.1578947368
65	0.1428571429
66	0.1111111111
67	0.1515151515
68	0.1562500000
69	0.1612903226
70	0.1470588235
71	0.0909090909
72	0.1142857143
73	0.1176470588
74	0.1081081081
75	0.1142857143
76	0.0588235294
77	0.0571428571
78	0.0555555556
79	0.0606060606
80	0.0857142857
81	0.0882352941
82	0.0882352941
83	0.0810810811
84	0.0789473684
85	0.1025641026
86	0.0789473684
87	0.0571428571
88	0.0857142857
89	0.1176470588
90	0.1428571429
91	0.1428571429
92	0.1794871795
93	0.1621621622
94	0.1714285714
95	0.1388888889
96	0.1428571429
97	0.1470588235
98	0.1142857143
99	0.1142857143
100	0.1714285714
101	0.1428571429
102	0.1388888889
103	0.1212121212
104	0.1388888889
105	0.1388888889
106	0.1388888889
107	0.1666666667
108	0.1428571429
109	0.1714285714
110	0.2000000000
111	0.2222222222
112	0.2250000000
113	0.2105263158
114	0.2631578947
115	0.2500000000
116	0.2702702703
117	0.1621621622
118	0.1944444444
119	0.1764705882
120	0.1714285714
121	0.1351351351
122	0.1351351351
123	0.1578947368
124	0.1621621622
125	0.1666666667
126	0.1764705882
127	0.1666666667
128	0.2222222222
129	0.2727272727
130	0.1818181818
131	0.1764705882
132	0.1428571429
133	0.0857142857
134	0.0625000000
135	0.0303030303
136	0.0606060606
137	0.0303030303
138	0.0555555556
139	0.0294117647
140	0.0322580645
141	0.0645161290
142	0.0882352941
143	0.0857142857
144	0.1142857143
145	0.1176470588
146	0.0882352941
147	0.1176470588
148	0.1666666667
149	0.1388888889
150	0.1388888889
151	0.1621621622
152	0.1764705882
153	0.1666666667
154	0.0833333333
155	0.0833333333
156	0.1666666667
157	0.1578947368
158	0.1944444444
159	0.1944444444
160	0.1944444444
161	0.1944444444
162	0.2000000000
163	0.1714285714
164	0.1142857143
165	0.1351351351
166	0.1142857143
167	0.0857142857
168	0.0857142857
169	0.0857142857
170	0.0588235294
171	0.0833333333
172	0.0857142857
173	0.0833333333
174	0.0882352941
175	0.0857142857
176	0.1351351351
177	0.1470588235
178	0.1714285714
179	0.2000000000
180	0.1764705882
181	0.1388888889
182	0.1315789474
183	0.1351351351
184	0.1428571429
185	0.1538461538
186	0.1052631579
187	0.0810810811
188	0.1142857143
189	0.1142857143
190	0.1351351351
191	0.1282051282
192	0.1666666667
193	0.1666666667
194	0.1176470588
195	0.0571428571
196	0.0625000000
197	0.0909090909
198	0.0909090909
199	0.1111111111
200	0.1388888889
201	0.1666666667
202	0.1666666667
203	0.1714285714
204	0.1764705882
205	0.2352941176
206	0.2647058824
207	0.2941176471
208	0.3783783784
209	0.3235294118
210	0.2285714286
211	0.2647058824
212	0.2162162162
213	0.2162162162
214	0.2162162162
215	0.2285714286
216	0.2285714286
217	0.1764705882
218	0.1944444444
219	0.2894736842
220	0.2571428571
221	0.2432432432
222	0.2368421053
223	0.1944444444
224	0.1944444444
225	0.2058823529
226	0.2000000000
227	0.2058823529
228	0.1944444444
229	0.2000000000
230	0.1891891892
231	0.1621621622
232	0.1764705882
233	0.2424242424
234	0.2727272727
235	0.2777777778
236	0.2857142857
237	0.2424242424
238	0.2352941176
239	0.2500000000
240	0.2702702703
241	0.2222222222
242	0.1764705882
243	0.2352941176
244	0.1764705882
245	0.1764705882
246	0.1714285714
247	0.1891891892
248	0.2702702703
249	0.3157894737
250	0.3055555556
