1	1.0000000000
2	1.0000000000
3	1.0000000000
4	1.0000000000
5	0.9375000000
6	0.7931034483
7	0.7000000000
8	0.6250000000
9	0.6451612903
10	0.6333333333
11	0.4482758621
12	0.3461538462
13	0.2857142857
14	0.3571428571
15	0.2592592593
16	0.1935483871
17	0.2424242424
18	0.1714285714
19	0.2058823529
20	0.2258064516
21	0.1666666667
22	0.2285714286
23	0.2564102564
24	0.2162162162
25	0.1891891892
26	0.1891891892
27	0.1666666667
28	0.1176470588
29	0.0882352941
30	0.0606060606
31	0.0606060606
32	0.0588235294
33	0.0882352941
34	0.0857142857
35	0.0810810811
36	0.1621621622
37	0.1621621622
38	0.1621621622
39	0.1621621622
40	0.1578947368
41	0.1351351351
42	0.1111111111
43	0.1578947368
44	0.1842105263
45	0.1578947368
46	0.1250000000
47	0.1052631579
48	0.1052631579
49	0.1428571429
50	0.2000000000
51	0.2500000000
52	0.2777777778
53	0.2432432432
54	0.2368421053
55	0.1944444444
56	0.2000000000
57	0.1764705882
58	0.2222222222
59	0.2105263158
60	0.2500000000
61	0.2222222222
62	0.2285714286
63	0.2058823529
64	0.1818181818
65	0.2000000000
66	0.1428571429
67	0.1666666667
68	0.1111111111
69	0.1666666667
70	0.1315789474
71	0.1578947368
72	0.1351351351
73	0.1315789474
74	0.1176470588
75	0.1142857143
76	0.1891891892
77	0.1428571429
78	0.1351351351
79	0.1052631579
80	0.1111111111
81	0.1621621622
82	0.2285714286
83	0.2500000000
84	0.2647058824
85	0.2647058824
86	0.2000000000
87	0.2222222222
88	0.2000000000
89	0.2432432432
90	0.2702702703
91	0.2500000000
92	0.2564102564
93	0.2307692308
94	0.2105263158
95	0.1764705882
96	0.2105263158
97	0.2000000000
98	0.2352941176
99	0.1764705882
100	0.1764705882
101	0.1944444444
102	0.1944444444
103	0.1944444444
104	0.2368421053
105	0.2432432432
106	0.2162162162
107	0.2285714286
108	0.2500000000
109	0.2352941176
110	0.2162162162
111	0.2432432432
112	0.2368421053
113	0.2307692308
114	0.2500000000
115	0.2500000000
116	0.2432432432
117	0.2222222222
118	0.2222222222
119	0.2857142857
120	0.2368421053
121	0.2051282051
122	0.2162162162
123	0.2285714286
124	0.1944444444
125	0.2222222222
126	0.2058823529
127	0.1818181818
128	0.2000000000
129	0.2500000000
130	0.2285714286
131	0.1764705882
132	0.1818181818
133	0.2058823529
134	0.1944444444
135	0.1944444444
136	0.1944444444
137	0.1842105263
138	0.1794871795
139	0.1842105263
140	0.1794871795
141	0.1842105263
142	0.1944444444
143	0.1666666667
144	0.2105263158
145	0.1944444444
146	0.1891891892
147	0.2058823529
148	0.2000000000
149	0.2000000000
150	0.2000000000
151	0.1428571429
152	0.1176470588
153	0.1714285714
154	0.1666666667
155	0.1621621622
156	0.2000000000
157	0.1315789474
158	0.1351351351
159	0.1142857143
160	0.1142857143
161	0.1351351351
162	0.1428571429
163	0.1470588235
164	0.1428571429
165	0.1621621622
166	0.1621621622
167	0.1891891892
168	0.1944444444
169	0.1388888889
170	0.1666666667
171	0.1142857143
172	0.1470588235
173	0.1562500000
174	0.1562500000
175	0.1250000000
176	0.1666666667
177	0.2058823529
178	0.1935483871
179	0.1875000000
180	0.1562500000
181	0.1176470588
182	0.1315789474
183	0.2000000000
184	0.1944444444
185	0.1891891892
186	0.1388888889
187	0.1891891892
188	0.1621621622
189	0.1578947368
190	0.1388888889
191	0.1578947368
192	0.1842105263
193	0.2432432432
194	0.2631578947
195	0.2105263158
196	0.2162162162
197	0.2432432432
198	0.1944444444
199	0.1764705882
200	0.1714285714
201	0.1666666667
202	0.1470588235
203	0.1142857143
204	0.1666666667
205	0.2222222222
206	0.2432432432
207	0.2162162162
208	0.2857142857
209	0.2432432432
210	0.2647058824
211	0.2500000000
212	0.2972972973
213	0.3428571429
214	0.3333333333
215	0.3783783784
216	0.3513513514
217	0.3783783784
218	0.3888888889
219	0.4000000000
220	0.3611111111
221	0.2702702703
222	0.2500000000
223	0.2368421053
224	0.2222222222
225	0.2222222222
226	0.2000000000
227	0.2187500000
228	0.2424242424
229	0.1818181818
230	0.1764705882
231	0.1666666667
232	0.1388888889
233	0.1578947368
234	0.1081081081
235	0.1081081081
236	0.1428571429
237	0.1388888889
238	0.1714285714
239	0.1714285714
240	0.1764705882
241	0.2121212121
242	0.2000000000
243	0.2000000000
244	0.2222222222
245	0.1621621622
246	0.1428571429
247	0.1621621622
248	0.1666666667
249	0.1714285714
250	0.1666666667
