1	0.9750000000
2	0.9666666667
3	0.9333333333
4	0.9354838710
5	0.9333333333
6	0.9117647059
7	0.8484848485
8	0.8214285714
9	0.7826086957
10	0.6923076923
11	0.5000000000
12	0.5517241379
13	0.5517241379
14	0.4583333333
15	0.4642857143
16	0.2307692308
17	0.1481481481
18	0.1923076923
19	0.1304347826
20	0.1600000000
21	0.2333333333
22	0.2258064516
23	0.2058823529
24	0.1944444444
25	0.1142857143
26	0.1818181818
27	0.1935483871
28	0.2857142857
29	0.2894736842
30	0.2894736842
31	0.3333333333
32	0.3888888889
33	0.3684210526
34	0.3529411765
35	0.3428571429
36	0.2812500000
37	0.2727272727
38	0.2413793103
39	0.2812500000
40	0.2580645161
41	0.2333333333
42	0.2500000000
43	0.2500000000
44	0.2727272727
45	0.3055555556
46	0.2647058824
47	0.2647058824
48	0.2941176471
49	0.3235294118
50	0.2647058824
51	0.2352941176
52	0.2285714286
53	0.2777777778
54	0.3428571429
55	0.3888888889
56	0.2631578947
57	0.2432432432
58	0.2702702703
59	0.3055555556
60	0.2894736842
61	0.2777777778
62	0.2702702703
63	0.2857142857
64	0.2222222222
65	0.1842105263
66	0.1944444444
67	0.2000000000
68	0.2058823529
69	0.2285714286
70	0.2285714286
71	0.2647058824
72	0.3513513514
73	0.3714285714
74	0.3333333333
75	0.3225806452
76	0.2857142857
77	0.2941176471
78	0.3548387097
79	0.3548387097
80	0.3437500000
81	0.3636363636
82	0.3142857143
83	0.3529411765
84	0.3529411765
85	0.2647058824
86	0.2285714286
87	0.2000000000
88	0.2058823529
89	0.2222222222
90	0.2368421053
91	0.2222222222
92	0.2285714286
93	0.2121212121
94	0.2352941176
95	0.2424242424
96	0.2941176471
97	0.2424242424
98	0.2424242424
99	0.2222222222
100	0.1944444444
101	0.2285714286
102	0.2285714286
103	0.1428571429
104	0.1944444444
105	0.2000000000
106	0.2222222222
107	0.1944444444
108	0.2058823529
109	0.2187500000
110	0.2352941176
111	0.2187500000
112	0.1935483871
113	0.1290322581
114	0.1612903226
115	0.1935483871
116	0.2258064516
117	0.1428571429
118	0.1481481481
119	0.1333333333
120	0.1250000000
121	0.1470588235
122	0.1764705882
123	0.2000000000
124	0.2285714286
125	0.2222222222
126	0.2222222222
127	0.2000000000
128	0.2000000000
129	0.2702702703
130	0.2222222222
131	0.2285714286
132	0.2352941176
133	0.2121212121
134	0.2058823529
135	0.2162162162
136	0.2857142857
137	0.2500000000
138	0.2500000000
139	0.2432432432
140	0.2432432432
141	0.2702702703
142	0.2702702703
143	0.2162162162
144	0.2162162162
145	0.1842105263
146	0.1714285714
147	0.2368421053
148	0.1891891892
149	0.1891891892
150	0.2105263158
151	0.2162162162
152	0.2564102564
153	0.2631578947
154	0.2777777778
155	0.2647058824
156	0.2812500000
157	0.2727272727
158	0.2727272727
159	0.3055555556
160	0.2972972973
161	0.3243243243
162	0.3333333333
163	0.2857142857
164	0.2941176471
165	0.2352941176
166	0.2285714286
167	0.2571428571
168	0.2285714286
169	0.2571428571
170	0.2571428571
171	0.2571428571
172	0.2777777778
173	0.2564102564
174	0.2564102564
175	0.2564102564
176	0.2894736842
177	0.2702702703
178	0.2432432432
179	0.2285714286
180	0.2500000000
181	0.2647058824
182	0.2941176471
183	0.2857142857
184	0.2424242424
185	0.2727272727
186	0.3030303030
187	0.3055555556
188	0.2500000000
189	0.2972972973
190	0.4117647059
191	0.3939393939
192	0.3750000000
193	0.3548387097
194	0.4117647059
195	0.4411764706
196	0.4705882353
197	0.4411764706
198	0.3939393939
199	0.4117647059
200	0.3714285714
201	0.3421052632
202	0.2820512821
203	0.2894736842
204	0.2750000000
205	0.2250000000
206	0.2307692308
207	0.2500000000
208	0.3421052632
209	0.3243243243
210	0.2972972973
211	0.3142857143
212	0.3235294118
213	0.3333333333
214	0.3529411765
215	0.3636363636
216	0.3823529412
217	0.4117647059
218	0.3714285714
219	0.3714285714
220	0.3333333333
221	0.3333333333
222	0.3243243243
223	0.3142857143
224	0.3529411765
225	0.2500000000
226	0.2666666667
227	0.2068965517
228	0.2187500000
229	0.1428571429
230	0.1666666667
231	0.1666666667
232	0.1538461538
233	0.1891891892
234	0.1666666667
235	0.1470588235
236	0.2000000000
237	0.1666666667
238	0.1428571429
239	0.1562500000
240	0.1612903226
241	0.1666666667
242	0.1290322581
243	0.1290322581
244	0.1764705882
245	0.2000000000
246	0.2352941176
247	0.2352941176
248	0.2500000000
249	0.3103448276
250	0.3333333333
