1	1.0000000000
2	1.0000000000
3	1.0000000000
4	1.0000000000
5	1.0000000000
6	1.0000000000
7	1.0000000000
8	1.0000000000
9	1.0000000000
10	1.0000000000
11	1.0000000000
12	0.9600000000
13	0.8800000000
14	0.8928571429
15	0.8571428571
16	0.8333333333
17	0.8750000000
18	0.7692307692
19	0.6206896552
20	0.5517241379
21	0.5200000000
22	0.4827586207
23	0.5000000000
24	0.4062500000
25	0.3823529412
26	0.3636363636
27	0.3225806452
28	0.3142857143
29	0.2777777778
30	0.3055555556
31	0.3142857143
32	0.3684210526
33	0.3055555556
34	0.3142857143
35	0.3333333333
36	0.3243243243
37	0.3243243243
38	0.2777777778
39	0.2972972973
40	0.2750000000
41	0.2564102564
42	0.2500000000
43	0.2894736842
44	0.2564102564
45	0.2857142857
46	0.2941176471
47	0.2727272727
48	0.2571428571
49	0.2432432432
50	0.2500000000
51	0.2432432432
52	0.2121212121
53	0.1562500000
54	0.1428571429
55	0.1842105263
56	0.1891891892
57	0.1891891892
58	0.2000000000
59	0.1818181818
60	0.1875000000
61	0.1935483871
62	0.1875000000
63	0.2058823529
64	0.2058823529
65	0.2972972973
66	0.2777777778
67	0.2941176471
68	0.2972972973
69	0.3055555556
70	0.2972972973
71	0.3589743590
72	0.3846153846
73	0.3421052632
74	0.2777777778
75	0.2972972973
76	0.3142857143
77	0.3055555556
78	0.2571428571
79	0.2777777778
80	0.2941176471
81	0.2727272727
82	0.3142857143
83	0.2432432432
84	0.2500000000
85	0.2222222222
86	0.2352941176
87	0.2121212121
88	0.2222222222
89	0.2702702703
90	0.2222222222
91	0.2424242424
92	0.2352941176
93	0.2285714286
94	0.2702702703
95	0.2903225806
96	0.2812500000
97	0.2857142857
98	0.3428571429
99	0.3529411765
100	0.3888888889
101	0.3428571429
102	0.3333333333
103	0.3333333333
104	0.3529411765
105	0.4117647059
106	0.4000000000
107	0.3529411765
108	0.3888888889
109	0.3823529412
110	0.4117647059
111	0.4411764706
112	0.4193548387
113	0.4193548387
114	0.3548387097
115	0.3666666667
116	0.3333333333
117	0.3333333333
118	0.3421052632
119	0.3157894737
120	0.3333333333
121	0.3428571429
122	0.3333333333
123	0.3142857143
124	0.2941176471
125	0.2777777778
126	0.2777777778
127	0.2500000000
128	0.2571428571
129	0.2647058824
130	0.2424242424
131	0.2352941176
132	0.2000000000
133	0.1764705882
134	0.1388888889
135	0.1515151515
136	0.1875000000
137	0.1562500000
138	0.1470588235
139	0.1388888889
140	0.1621621622
141	0.1666666667
142	0.1428571429
143	0.1111111111
144	0.1290322581
145	0.1562500000
146	0.1714285714
147	0.1714285714
148	0.2058823529
149	0.1764705882
150	0.1818181818
151	0.1875000000
152	0.2058823529
153	0.1944444444
154	0.2121212121
155	0.1935483871
156	0.2121212121
157	0.2285714286
158	0.2058823529
159	0.2187500000
160	0.2812500000
161	0.2647058824
162	0.2727272727
163	0.2647058824
164	0.2424242424
165	0.2500000000
166	0.2941176471
167	0.3529411765
168	0.3235294118
169	0.2941176471
170	0.3333333333
171	0.3235294118
172	0.3333333333
173	0.2941176471
174	0.2352941176
175	0.2812500000
176	0.2903225806
177	0.2666666667
178	0.2424242424
179	0.2352941176
180	0.2222222222
181	0.1842105263
182	0.1944444444
183	0.2058823529
184	0.2424242424
185	0.2352941176
186	0.2727272727
187	0.2222222222
188	0.2777777778
189	0.3055555556
190	0.2894736842
191	0.2500000000
192	0.2500000000
193	0.2424242424
194	0.2424242424
195	0.2285714286
196	0.2564102564
197	0.2432432432
198	0.2432432432
199	0.2894736842
200	0.2500000000
201	0.1891891892
202	0.2000000000
203	0.2000000000
204	0.2285714286
205	0.2432432432
206	0.2564102564
207	0.2162162162
208	0.1944444444
209	0.2432432432
210	0.2500000000
211	0.2894736842
212	0.3783783784
213	0.3714285714
214	0.3428571429
215	0.3611111111
216	0.3055555556
217	0.3157894737
218	0.2972972973
219	0.2820512821
220	0.2820512821
221	0.2820512821
222	0.2972972973
223	0.3055555556
224	0.3055555556
225	0.3428571429
226	0.3235294118
227	0.3076923077
228	0.2972972973
229	0.3157894737
230	0.2972972973
231	0.2500000000
232	0.2105263158
233	0.1794871795
234	0.2307692308
235	0.2105263158
236	0.2432432432
237	0.2368421053
238	0.1944444444
239	0.1714285714
240	0.2424242424
241	0.2500000000
242	0.2500000000
243	0.2812500000
244	0.2647058824
245	0.2647058824
246	0.2352941176
247	0.2222222222
248	0.2222222222
249	0.2432432432
250	0.2631578947
