1	1.0000000000
2	1.0000000000
3	1.0000000000
4	1.0000000000
5	1.0000000000
6	0.9705882353
7	0.9285714286
8	0.7826086957
9	0.7777777778
10	0.8095238095
11	0.6551724138
12	0.7692307692
13	0.7333333333
14	0.6551724138
15	0.3793103448
16	0.3333333333
17	0.4000000000
18	0.4074074074
19	0.3548387097
20	0.2812500000
21	0.2666666667
22	0.4137931034
23	0.4242424242
24	0.3225806452
25	0.2121212121
26	0.2121212121
27	0.1470588235
28	0.1818181818
29	0.1212121212
30	0.1142857143
31	0.1176470588
32	0.1388888889
33	0.1578947368
34	0.0833333333
35	0.1111111111
36	0.1538461538
37	0.1842105263
38	0.1025641026
39	0.1111111111
40	0.1111111111
41	0.1111111111
42	0.0882352941
43	0.1081081081
44	0.1142857143
45	0.1621621622
46	0.1666666667
47	0.1714285714
48	0.1891891892
49	0.1891891892
50	0.1891891892
51	0.1621621622
52	0.1944444444
53	0.2222222222
54	0.2058823529
55	0.1578947368
56	0.2121212121
57	0.2352941176
58	0.2058823529
59	0.2105263158
60	0.2702702703
61	0.2631578947
62	0.2500000000
63	0.1764705882
64	0.1470588235
65	0.1428571429
66	0.1562500000
67	0.1212121212
68	0.0967741935
69	0.1212121212
70	0.1428571429
71	0.1428571429
72	0.1351351351
73	0.1578947368
74	0.1944444444
75	0.1714285714
76	0.1764705882
77	0.1714285714
78	0.1944444444
79	0.2000000000
80	0.2000000000
81	0.1891891892
82	0.1351351351
83	0.1621621622
84	0.1052631579
85	0.1081081081
86	0.1111111111
87	0.1351351351
88	0.1388888889
89	0.1621621622
90	0.1578947368
91	0.1388888889
92	0.1714285714
93	0.2187500000
94	0.1714285714
95	0.1081081081
96	0.1081081081
97	0.1111111111
98	0.1388888889
99	0.1666666667
100	0.1315789474
101	0.1111111111
102	0.1081081081
103	0.1891891892
104	0.2222222222
105	0.1714285714
106	0.2058823529
107	0.2500000000
108	0.1818181818
109	0.1891891892
110	0.1891891892
111	0.1621621622
112	0.1842105263
113	0.1944444444
114	0.2222222222
115	0.1944444444
116	0.2222222222
117	0.1891891892
118	0.2105263158
119	0.2368421053
120	0.2432432432
121	0.2222222222
122	0.1891891892
123	0.1351351351
124	0.1388888889
125	0.1666666667
126	0.2702702703
127	0.2058823529
128	0.1944444444
129	0.2222222222
130	0.1891891892
131	0.2162162162
132	0.1944444444
133	0.1666666667
134	0.1666666667
135	0.1428571429
136	0.1515151515
137	0.1875000000
138	0.1764705882
139	0.1470588235
140	0.1212121212
141	0.1388888889
142	0.0588235294
143	0.0588235294
144	0.1315789474
145	0.1538461538
146	0.1538461538
147	0.2105263158
148	0.2105263158
149	0.1578947368
150	0.1842105263
151	0.1842105263
152	0.1891891892
153	0.2222222222
154	0.2285714286
155	0.2162162162
156	0.2432432432
157	0.2368421053
158	0.2368421053
159	0.2051282051
160	0.2162162162
161	0.2352941176
162	0.1842105263
163	0.2307692308
164	0.2222222222
165	0.2105263158
166	0.2222222222
167	0.2857142857
168	0.3030303030
169	0.2812500000
170	0.2812500000
171	0.2647058824
172	0.3055555556
173	0.2777777778
174	0.2777777778
175	0.2702702703
176	0.2631578947
177	0.2500000000
178	0.2500000000
179	0.2121212121
180	0.2285714286
181	0.2162162162
182	0.2051282051
183	0.1842105263
184	0.2162162162
185	0.2368421053
186	0.2432432432
187	0.2702702703
188	0.1891891892
189	0.1351351351
190	0.1944444444
191	0.2105263158
192	0.1666666667
193	0.1842105263
194	0.1351351351
195	0.1944444444
196	0.1944444444
197	0.1578947368
198	0.2051282051
199	0.1891891892
200	0.1388888889
201	0.0882352941
202	0.1212121212
203	0.1714285714
204	0.1428571429
205	0.1764705882
206	0.1142857143
207	0.1515151515
208	0.2121212121
209	0.2121212121
210	0.1875000000
211	0.2571428571
212	0.2972972973
213	0.2777777778
214	0.2941176471
215	0.2352941176
216	0.2222222222
217	0.2162162162
218	0.2222222222
219	0.2432432432
220	0.2222222222
221	0.2571428571
222	0.2285714286
223	0.2500000000
224	0.2702702703
225	0.2702702703
226	0.2972972973
227	0.2702702703
228	0.2702702703
229	0.3055555556
230	0.3333333333
231	0.3333333333
232	0.3428571429
233	0.3333333333
234	0.3157894737
235	0.3333333333
236	0.4000000000
237	0.4210526316
238	0.3684210526
239	0.3333333333
240	0.2972972973
241	0.2000000000
242	0.2972972973
243	0.3428571429
244	0.3030303030
245	0.2571428571
246	0.2702702703
247	0.3142857143
248	0.3513513514
249	0.3421052632
250	0.3055555556
