1	1.0000000000
2	1.0000000000
3	1.0000000000
4	0.9642857143
5	0.9729729730
6	1.0000000000
7	0.8387096774
8	0.6551724138
9	0.4827586207
10	0.3103448276
11	0.3703703704
12	0.4375000000
13	0.4411764706
14	0.3793103448
15	0.2692307692
16	0.3333333333
17	0.3103448276
18	0.2647058824
19	0.2187500000
20	0.2424242424
21	0.2333333333
22	0.1944444444
23	0.2571428571
24	0.2285714286
25	0.2187500000
26	0.2352941176
27	0.2000000000
28	0.2285714286
29	0.2222222222
30	0.2702702703
31	0.2702702703
32	0.1714285714
33	0.1818181818
34	0.2058823529
35	0.2812500000
36	0.2941176471
37	0.1944444444
38	0.2000000000
39	0.2058823529
40	0.2058823529
41	0.2285714286
42	0.1944444444
43	0.1714285714
44	0.2121212121
45	0.2571428571
46	0.2424242424
47	0.2058823529
48	0.1842105263
49	0.1666666667
50	0.1388888889
51	0.1714285714
52	0.2000000000
53	0.1764705882
54	0.1875000000
55	0.2121212121
56	0.2702702703
57	0.3243243243
58	0.3421052632
59	0.3243243243
60	0.3055555556
61	0.3333333333
62	0.3428571429
63	0.2972972973
64	0.2500000000
65	0.2702702703
66	0.2857142857
67	0.2894736842
68	0.2972972973
69	0.2894736842
70	0.2972972973
71	0.2500000000
72	0.2285714286
73	0.2647058824
74	0.2571428571
75	0.2285714286
76	0.2424242424
77	0.2121212121
78	0.2571428571
79	0.2647058824
80	0.2647058824
81	0.2857142857
82	0.2631578947
83	0.2222222222
84	0.1666666667
85	0.1578947368
86	0.1578947368
87	0.1891891892
88	0.1944444444
89	0.2000000000
90	0.1764705882
91	0.1764705882
92	0.1714285714
93	0.1764705882
94	0.2352941176
95	0.2352941176
96	0.2058823529
97	0.2000000000
98	0.2000000000
99	0.2285714286
100	0.2571428571
101	0.2647058824
102	0.2647058824
103	0.2941176471
104	0.3142857143
105	0.2941176471
106	0.2857142857
107	0.2857142857
108	0.2941176471
109	0.3333333333
110	0.3142857143
111	0.3611111111
112	0.2777777778
113	0.2352941176
114	0.2000000000
115	0.1944444444
116	0.2222222222
117	0.1714285714
118	0.2000000000
119	0.1944444444
120	0.2571428571
121	0.2647058824
122	0.2571428571
123	0.2285714286
124	0.2000000000
125	0.1714285714
126	0.1666666667
127	0.1842105263
128	0.1842105263
129	0.1944444444
130	0.1714285714
131	0.1714285714
132	0.2222222222
133	0.2500000000
134	0.3243243243
135	0.2777777778
136	0.2857142857
137	0.2424242424
138	0.2812500000
139	0.2571428571
140	0.2058823529
141	0.2352941176
142	0.2285714286
143	0.1764705882
144	0.1764705882
145	0.2121212121
146	0.2105263158
147	0.2368421053
148	0.2368421053
149	0.2162162162
150	0.2162162162
151	0.1944444444
152	0.1578947368
153	0.1578947368
154	0.1842105263
155	0.1944444444
156	0.2058823529
157	0.2000000000
158	0.1944444444
159	0.2000000000
160	0.1714285714
161	0.1764705882
162	0.2571428571
163	0.2285714286
164	0.2222222222
165	0.2432432432
166	0.2702702703
167	0.2702702703
168	0.2857142857
169	0.2307692308
170	0.2162162162
171	0.2285714286
172	0.2222222222
173	0.2222222222
174	0.1944444444
175	0.1944444444
176	0.2285714286
177	0.2222222222
178	0.2285714286
179	0.2058823529
180	0.2571428571
181	0.1935483871
182	0.2424242424
183	0.3243243243
184	0.3243243243
185	0.2647058824
186	0.2647058824
187	0.2727272727
188	0.2647058824
189	0.1891891892
190	0.2500000000
191	0.1428571429
192	0.1764705882
193	0.2222222222
194	0.2432432432
195	0.2162162162
196	0.1891891892
197	0.2000000000
198	0.2162162162
199	0.2000000000
200	0.2571428571
201	0.2500000000
202	0.3243243243
203	0.3333333333
204	0.3055555556
205	0.3421052632
206	0.3157894737
207	0.3142857143
208	0.2941176471
209	0.2727272727
210	0.2727272727
211	0.2727272727
212	0.2580645161
213	0.2121212121
214	0.2352941176
215	0.2058823529
216	0.2285714286
217	0.2285714286
218	0.2121212121
219	0.2058823529
220	0.2222222222
221	0.3055555556
222	0.4054054054
223	0.4000000000
224	0.3947368421
225	0.3783783784
226	0.3783783784
227	0.4054054054
228	0.3513513514
229	0.3421052632
230	0.3846153846
231	0.3611111111
232	0.3529411765
233	0.3611111111
234	0.3783783784
235	0.3421052632
236	0.3783783784
237	0.4594594595
238	0.4054054054
239	0.4166666667
240	0.3235294118
241	0.3243243243
242	0.2432432432
243	0.2285714286
244	0.2500000000
245	0.2222222222
246	0.2162162162
247	0.2432432432
248	0.2285714286
249	0.2000000000
250	0.2222222222
