1	40.2542410436
2	41.9459469975
3	43.2278086700
4	43.9446968755
5	45.0542867371
6	46.2414745667
7	46.8392191603
8	46.9332404188
9	47.0978940141
10	47.1182955567
11	47.1518801260
12	47.1776806412
13	47.3102689003
14	47.3122324580
15	47.3151996143
16	47.3193640015
17	47.3888376778
18	47.4039085585
19	47.4052939988
20	47.4055342965
21	47.4602508198
22	47.4611431858
23	47.4623907315
24	47.4629034540
25	47.4643362435
26	47.4899157497
27	47.4919711359
28	47.5493220749
29	47.5492503788
30	47.5494356490
31	47.5498000503
32	47.5505931486
33	47.5510084281
34	47.5512261344
35	47.5515329445
36	47.5526937197
37	47.5529856141
38	47.5540164321
39	47.5542863022
40	47.5539505652
41	47.5537573187
42	47.5543477566
43	47.5542707905
44	47.5542303739
45	47.5607379933
46	47.5609726075
47	47.5607382264
48	47.5608502366
49	47.5602865993
50	47.5642870442
51	47.5643472484
52	47.5643646784
53	47.5664955636
54	47.5667712968
55	47.5747455677
56	47.5751026928
57	47.5750942885
58	47.5747083031
59	47.5752843478
60	47.5753891547
61	47.5770772554
62	47.5773339409
63	47.5777416378
64	47.5771679803
65	47.5770883643
66	47.5772331173
67	47.5772085314
68	47.5780141192
69	47.5778400907
70	47.6066944667
71	47.6061873203
72	47.6059240761
73	47.6088793487
74	47.6088882507
75	47.6086330943
76	47.6077107615
77	47.6080904407
78	47.6079907492
79	47.6082867944
80	47.6079484395
81	47.6082924052
82	47.6082616534
83	47.6086477851
84	47.6082820030
85	47.6082523651
86	47.6084144613
87	47.6083530863
88	47.6083585799
89	47.6084660330
90	47.6094566410
91	47.6097074449
92	47.6102093933
93	47.6102381324
94	47.6101793831
95	47.6098474945
96	47.6106243902
97	47.6108697278
98	47.6106620106
99	47.6107150768
100	47.6109116968
101	47.6106857772
102	47.6103045374
103	47.6104825015
104	47.6106081936
105	47.6104965510
106	47.6108315920
107	47.6100887823
108	47.6107474273
109	47.6102025617
110	47.6101012392
111	47.6100906755
112	47.6103855467
113	47.6103727878
114	47.6100854373
115	47.6104837330
116	47.6107151029
117	47.6108748351
118	47.6114267620
119	47.6110393873
120	47.6123066822
121	47.6124120150
122	47.6120064319
123	47.6107534180
124	47.6111023792
125	47.6113528740
126	47.6110124511
127	47.6102198886
128	47.6101297184
129	47.6103740798
130	47.6100388891
131	47.6108762380
132	47.6107511905
133	47.6102766258
134	47.6112491893
135	47.6114111293
136	47.6113800231
137	47.6115782139
138	47.6118935057
139	47.6120528497
140	47.6121049508
141	47.6118691899
142	47.6122834059
143	47.6119123632
144	47.6125462501
145	47.6119399042
146	47.6121024819
147	47.6118791190
148	47.6121803152
149	47.6122024545
150	47.6125595646
151	47.6130150710
152	47.6131177092
153	47.6128248473
154	47.6129460192
155	47.6126263056
156	47.6123312489
157	47.6128070130
158	47.6125842460
159	47.6124012477
160	47.6125052963
161	47.6127038766
162	47.6127487018
163	47.6125041090
164	47.6125302359
165	47.6128821911
166	47.6130891264
167	47.6131459441
168	47.6134075584
169	47.6137449034
170	47.6138039902
171	47.6136966765
172	47.6126616686
173	47.6120305153
174	47.6119218680
175	47.6119799092
176	47.6123641577
177	47.6120063597
178	47.6114099510
179	47.6112443144
180	47.6116689651
181	47.6121350655
182	47.6121721108
183	47.6119355829
184	47.6118994466
185	47.6123534419
186	47.6125219905
187	47.6126870426
188	47.6128942067
189	47.6129524574
190	47.6131682863
191	47.6133687145
192	47.6135014466
193	47.6130033304
194	47.6129900658
195	47.6134198450
196	47.6134080610
197	47.6126930356
198	47.6122010750
199	47.6122408828
200	47.6120664898
201	47.6123610928
202	47.6120588663
203	47.6120406528
204	47.6116774140
205	47.6119608347
206	47.6118321901
207	47.6121709507
208	47.6117887966
209	47.6120938690
210	47.6116392967
211	47.6119916220
212	47.6117482701
213	47.6107023888
214	47.6107326423
215	47.6110832475
216	47.6112267815
217	47.6111622130
218	47.6108984730
219	47.6109888781
220	47.6110708275
221	47.6113902534
222	47.6113966632
223	47.6118116818
224	47.6115411693
225	47.6111746685
226	47.6115603636
227	47.6111389274
228	47.6107954417
229	47.6111387945
230	47.6116102414
231	47.6118541383
232	47.6118465287
233	47.6120557186
234	47.6125751031
235	47.6121663467
236	47.6115922222
237	47.6117300844
238	47.6118106154
239	47.6118450190
240	47.6115946772
241	47.6116231443
242	47.6118955762
243	47.6121818955
244	47.6124473785
245	47.6129789973
246	47.6129388846
247	47.6134138353
248	47.6137174293
249	47.6136555057
250	47.6134699191
