1	44.1049682240
2	44.8429973976
3	44.8686508692
4	46.2499003616
5	46.5858592936
6	46.8068406509
7	47.1275646313
8	47.1446213519
9	47.4329440825
10	47.5879493620
11	47.7510638523
12	47.7623397851
13	47.8371342823
14	47.8374901807
15	47.8572588916
16	47.8933814699
17	47.8949053079
18	47.8974331050
19	47.9476839080
20	47.9602834124
21	47.9623018346
22	47.9642181054
23	47.9657707904
24	47.9710228656
25	47.9821964412
26	47.9819943936
27	47.9977165548
28	47.9993590411
29	48.0004184500
30	48.0014874292
31	48.0018599593
32	48.0026005404
33	48.0028017499
34	48.0029591317
35	48.0054101145
36	48.0090785892
37	48.0095638695
38	48.0100292174
39	48.0116125824
40	48.0116290236
41	48.0124095061
42	48.0128954611
43	48.0137299328
44	48.0136477929
45	48.0136893875
46	48.0143295305
47	48.0142867655
48	48.0142334894
49	48.0149740138
50	48.0150297535
51	48.0150071361
52	48.0152387674
53	48.0161964999
54	48.0162679996
55	48.0169717227
56	48.0179332055
57	48.0177321202
58	48.0177401253
59	48.0174324486
60	48.0181454724
61	48.0179834015
62	48.0205384804
63	48.0201208224
64	48.0212061078
65	48.0216926836
66	48.0219834261
67	48.0220092474
68	48.0215065220
69	48.0218493265
70	48.0220489831
71	48.0222007916
72	48.0230776730
73	48.0232017626
74	48.0239062172
75	48.0248154605
76	48.0257694561
77	48.0254003492
78	48.0252149148
79	48.0254000815
80	48.0253948419
81	48.0255091893
82	48.0262215007
83	48.0257159959
84	48.0258506700
85	48.0260907116
86	48.0267609692
87	48.0267569042
88	48.0271035425
89	48.0292691184
90	48.0292700891
91	48.0289560830
92	48.0302541520
93	48.0298218553
94	48.0298445519
95	48.0297681659
96	48.0299634488
97	48.0295285256
98	48.0293451202
99	48.0294326293
100	48.0293313176
101	48.0303952693
102	48.0303763356
103	48.0304919621
104	48.0303162651
105	48.0302641693
106	48.0306799186
107	48.0314139602
108	48.0309703114
109	48.0314270095
110	48.0306457238
111	48.0303035430
112	48.0302057289
113	48.0303020473
114	48.0304484581
115	48.0305657123
116	48.0307898476
117	48.0301946657
118	48.0300250140
119	48.0313456491
120	48.0316766034
121	48.0316641584
122	48.0320124338
123	48.0323955847
124	48.0315628995
125	48.0323408546
126	48.0323507654
127	48.0322828515
128	48.0320810830
129	48.0323250928
130	48.0324232516
131	48.0326027855
132	48.0329824581
133	48.0320358203
134	48.0326729944
135	48.0328982297
136	48.0328770112
137	48.0329568753
138	48.0331351212
139	48.0333353497
140	48.0335231116
141	48.0334424512
142	48.0335343280
143	48.0333534631
144	48.0336643754
145	48.0339195160
146	48.0333853334
147	48.0339095354
148	48.0341783300
149	48.0342215921
150	48.0342418959
151	48.0340554295
152	48.0342381413
153	48.0344367144
154	48.0336744506
155	48.0335025687
156	48.0331402357
157	48.0333809223
158	48.0333282403
159	48.0338834129
160	48.0340875949
161	48.0334361828
162	48.0333743887
163	48.0335785691
164	48.0335176045
165	48.0340410500
166	48.0339685503
167	48.0338678108
168	48.0337604003
169	48.0339500431
170	48.0338502385
171	48.0335869915
172	48.0333916202
173	48.0336149920
174	48.0336986389
175	48.0337427930
176	48.0330095370
177	48.0332480167
178	48.0329086829
179	48.0328942428
180	48.0329693393
181	48.0332408788
182	48.0327875609
183	48.0333945929
184	48.0329709904
185	48.0330291804
186	48.0328853197
187	48.0338850015
188	48.0338216242
189	48.0333776060
190	48.0325080811
191	48.0321930686
192	48.0317550611
193	48.0316270614
194	48.0318689586
195	48.0324273548
196	48.0323598280
197	48.0321829224
198	48.0324147760
199	48.0325161616
200	48.0320650838
201	48.0330087880
202	48.0339598020
203	48.0335532195
204	48.0334393811
205	48.0336690482
206	48.0334859053
207	48.0337528953
208	48.0320235022
209	48.0320858346
210	48.0321890840
211	48.0319656430
212	48.0326563357
213	48.0326641548
214	48.0329516076
215	48.0332234175
216	48.0335083517
217	48.0335131581
218	48.0341074231
219	48.0339573087
220	48.0340428125
221	48.0345953819
222	48.0339953468
223	48.0337638599
224	48.0338602984
225	48.0341804160
226	48.0342880102
227	48.0344614462
228	48.0349446616
229	48.0363891323
230	48.0362532210
231	48.0356062151
232	48.0359272072
233	48.0354402286
234	48.0354234910
235	48.0353791562
236	48.0351796155
237	48.0356409808
238	48.0356217314
239	48.0351508302
240	48.0343982676
241	48.0343376169
242	48.0345776601
243	48.0346505147
244	48.0351861601
245	48.0352968869
246	48.0349957881
247	48.0348714258
248	48.0347061001
249	48.0338003131
250	48.0341867392
