1	44.5351036066
2	44.8522376298
3	45.1496376160
4	45.5990658971
5	45.6027849606
6	45.6800857265
7	46.0038723733
8	46.0828715167
9	46.0977439316
10	46.2068927396
11	46.3949360800
12	46.4579133108
13	46.5911263790
14	47.0561775023
15	47.0930940313
16	47.1753405026
17	47.1829297676
18	47.3907903850
19	47.4695679825
20	47.4719867311
21	47.4738316149
22	47.4841843675
23	47.4998086474
24	47.4999348793
25	47.5260223107
26	47.5267239572
27	47.5274323075
28	47.5323972060
29	47.5562505280
30	47.6063497633
31	47.6068885705
32	47.6075376212
33	47.6084524810
34	47.6083087162
35	47.6184489321
36	47.6193494661
37	47.6202758345
38	47.6202516347
39	47.6200048047
40	47.6201903160
41	47.6203486395
42	47.6207409184
43	47.6213970754
44	47.6214803353
45	47.6216475772
46	47.6215313880
47	47.6211472385
48	47.6213668597
49	47.6216332796
50	47.6217824557
51	47.6217350164
52	47.6220896252
53	47.6222272095
54	47.6216811353
55	47.6254403666
56	47.6259495124
57	47.6259382100
58	47.6256105138
59	47.6248306872
60	47.6250349509
61	47.6252003395
62	47.6257277367
63	47.6255074728
64	47.6262287497
65	47.6263544798
66	47.6266790299
67	47.6272084664
68	47.6272534985
69	47.6271942088
70	47.6270513570
71	47.6273516916
72	47.6273939522
73	47.6280195283
74	47.6282220180
75	47.6283087471
76	47.6280313042
77	47.6284768449
78	47.6283813540
79	47.6285231462
80	47.6289070611
81	47.6289361195
82	47.6289069629
83	47.6302069975
84	47.6299706033
85	47.6301984261
86	47.6301904741
87	47.6295494468
88	47.6295024549
89	47.6302245890
90	47.6305202238
91	47.6310455154
92	47.6310782409
93	47.6313493438
94	47.6312874033
95	47.6310860303
96	47.6312964357
97	47.6317892426
98	47.6316287051
99	47.6308980419
100	47.6307105285
101	47.6306105120
102	47.6308632432
103	47.6304312277
104	47.6311003183
105	47.6309342994
106	47.6319920405
107	47.6319273244
108	47.6317667382
109	47.6315385629
110	47.6313507932
111	47.6315837547
112	47.6316619921
113	47.6314954747
114	47.6312167670
115	47.6310173424
116	47.6308686570
117	47.6307292557
118	47.6313001792
119	47.6302905070
120	47.6301348629
121	47.6300985794
122	47.6290950178
123	47.6292564174
124	47.6292459039
125	47.6285108092
126	47.6284617518
127	47.6284146715
128	47.6291447772
129	47.6299992435
130	47.6291885087
131	47.6296586978
132	47.6301928427
133	47.6297442207
134	47.6307122430
135	47.6310062884
136	47.6326167403
137	47.6325634295
138	47.6326450278
139	47.6331704600
140	47.6335485956
141	47.6381307063
142	47.6367554397
143	47.6374144031
144	47.6377374099
145	47.6376603235
146	47.6381603767
147	47.6379603083
148	47.6381862805
149	47.6381852100
150	47.6383732856
151	47.6383248991
152	47.6381067257
153	47.6382825927
154	47.6385287258
155	47.6387393454
156	47.6382952281
157	47.6389551260
158	47.6389861669
159	47.6390052227
160	47.6394266443
161	47.6391036726
162	47.6385296527
163	47.6389298514
164	47.6393816544
165	47.6387070552
166	47.6386897474
167	47.6391194127
168	47.6388725137
169	47.6393355637
170	47.6393620647
171	47.6396682392
172	47.6394235214
173	47.6394691177
174	47.6397614066
175	47.6395992022
176	47.6395071432
177	47.6394627851
178	47.6387050853
179	47.6389550408
180	47.6391574189
181	47.6383142894
182	47.6384362293
183	47.6384104882
184	47.6382332332
185	47.6384664397
186	47.6385219327
187	47.6386111601
188	47.6388903354
189	47.6386388881
190	47.6390205958
191	47.6389229146
192	47.6394732362
193	47.6392958097
194	47.6394359197
195	47.6398058953
196	47.6397468891
197	47.6397602467
198	47.6398368909
199	47.6401493194
200	47.6403183679
201	47.6401549057
202	47.6400304642
203	47.6402398134
204	47.6400456721
205	47.6398350922
206	47.6390684783
207	47.6391115843
208	47.6393456216
209	47.6392448562
210	47.6395819820
211	47.6397113085
212	47.6394672876
213	47.6394845457
214	47.6394111908
215	47.6392446559
216	47.6391065074
217	47.6390359742
218	47.6391956942
219	47.6395842715
220	47.6390724587
221	47.6390416225
222	47.6389399581
223	47.6394940168
224	47.6392778397
225	47.6392336306
226	47.6390839192
227	47.6394451971
228	47.6390012865
229	47.6392477199
230	47.6389014617
231	47.6396725923
232	47.6399863850
233	47.6394909860
234	47.6394100255
235	47.6395671510
236	47.6399450092
237	47.6397703333
238	47.6397524850
239	47.6397045186
240	47.6398245978
241	47.6396825313
242	47.6395593737
243	47.6398574439
244	47.6393665513
245	47.6387448159
246	47.6392407183
247	47.6390911082
248	47.6388624636
249	47.6385134723
250	47.6386243934
