1	43.0399140115
2	43.3220190586
3	44.3035498265
4	45.8248128205
5	46.0209140206
6	46.0378396101
7	46.1633563384
8	47.2405333316
9	47.5186378225
10	47.5630033912
11	47.6015200952
12	47.6149647128
13	47.6345887738
14	47.6508793048
15	47.6717226774
16	47.6836226946
17	47.7018062936
18	47.7405099716
19	47.7531808409
20	47.7592785632
21	47.7628563924
22	47.7653989947
23	47.7718514062
24	47.7735798914
25	47.7792765928
26	47.7848959124
27	47.7889812493
28	47.7895433326
29	47.7962565573
30	47.7965425955
31	47.7983510700
32	47.7994830912
33	47.7995484177
34	47.8005060713
35	47.8006244321
36	47.8006754661
37	47.8007097215
38	47.7997261108
39	47.8030954905
40	47.8032521711
41	47.8042392959
42	47.8052007404
43	47.8072704890
44	47.8078075211
45	47.8130698267
46	47.8131787926
47	47.8150246068
48	47.8147913771
49	47.8149709396
50	47.8165113395
51	47.8168465186
52	47.8173668388
53	47.8175766347
54	47.8176736760
55	47.8178886819
56	47.8194490054
57	47.8193551720
58	47.8197511040
59	47.8193020073
60	47.8188207946
61	47.8203535654
62	47.8198514632
63	47.8202194325
64	47.8208375550
65	47.8205872852
66	47.8208383745
67	47.8205837576
68	47.8210377765
69	47.8212758647
70	47.8215616765
71	47.8207949077
72	47.8211089528
73	47.8226342289
74	47.8229986541
75	47.8228084660
76	47.8228031627
77	47.8235267571
78	47.8237583783
79	47.8242518895
80	47.8240650956
81	47.8253693879
82	47.8259996211
83	47.8261325853
84	47.8262131358
85	47.8263354917
86	47.8270135967
87	47.8270177967
88	47.8270998566
89	47.8272952262
90	47.8275636465
91	47.8278029289
92	47.8294282992
93	47.8292820908
94	47.8290766189
95	47.8297065091
96	47.8294140739
97	47.8294873836
98	47.8295443715
99	47.8295669565
100	47.8300288409
101	47.8307361147
102	47.8305418400
103	47.8308045560
104	47.8308973340
105	47.8303551155
106	47.8304647001
107	47.8300872510
108	47.8305677150
109	47.8301477378
110	47.8303486552
111	47.8311717348
112	47.8308204790
113	47.8306009011
114	47.8307651159
115	47.8309238056
116	47.8313157520
117	47.8313196702
118	47.8312118445
119	47.8313148658
120	47.8318009578
121	47.8313551840
122	47.8312921549
123	47.8319153032
124	47.8321850989
125	47.8330603006
126	47.8327810840
127	47.8328375458
128	47.8331848373
129	47.8330832039
130	47.8327438341
131	47.8333960933
132	47.8333343204
133	47.8335740756
134	47.8329920235
135	47.8331158246
136	47.8324608689
137	47.8328095637
138	47.8326938534
139	47.8329709548
140	47.8334177226
141	47.8312136053
142	47.8323546024
143	47.8325914105
144	47.8320490637
145	47.8320589871
146	47.8321165716
147	47.8314127778
148	47.8313063747
149	47.8313776467
150	47.8312886870
151	47.8311543822
152	47.8312236750
153	47.8312104613
154	47.8314507707
155	47.8319990496
156	47.8322869225
157	47.8318965794
158	47.8320569504
159	47.8315780488
160	47.8307008553
161	47.8313021841
162	47.8314569754
163	47.8310996414
164	47.8313532154
165	47.8312366736
166	47.8316142742
167	47.8315741299
168	47.8317398791
169	47.8316703567
170	47.8322954423
171	47.8324875709
172	47.8323447347
173	47.8323654488
174	47.8326217636
175	47.8322590617
176	47.8323517887
177	47.8320356601
178	47.8323289653
179	47.8320115352
180	47.8320281604
181	47.8321323899
182	47.8320910063
183	47.8323007081
184	47.8327447639
185	47.8331764273
186	47.8312708210
187	47.8310028538
188	47.8317563546
189	47.8318305036
190	47.8320529588
191	47.8327106490
192	47.8319513405
193	47.8324849287
194	47.8323119535
195	47.8327074090
196	47.8325903600
197	47.8328513281
198	47.8329051882
199	47.8328944623
200	47.8327885929
201	47.8315458604
202	47.8313452985
203	47.8303806336
204	47.8304973764
205	47.8308082438
206	47.8304785245
207	47.8304453904
208	47.8309083801
209	47.8307813803
210	47.8309388348
211	47.8315325343
212	47.8315358792
213	47.8319591675
214	47.8317218215
215	47.8317967539
216	47.8318017993
217	47.8324137522
218	47.8319196734
219	47.8316758504
220	47.8316070418
221	47.8319169145
222	47.8316525697
223	47.8321056615
224	47.8315626382
225	47.8311834915
226	47.8310265987
227	47.8311807206
228	47.8314322900
229	47.8313673376
230	47.8313592262
231	47.8303197649
232	47.8304212220
233	47.8307248172
234	47.8312091415
235	47.8309487746
236	47.8311797874
237	47.8309674086
238	47.8310478446
239	47.8310638980
240	47.8313347780
241	47.8319651502
242	47.8326304257
243	47.8321521824
244	47.8321469596
245	47.8310517424
246	47.8311760150
247	47.8318154217
248	47.8317884664
249	47.8318302488
250	47.8320486073
