1	38.6289764488
2	38.7938811174
3	42.4735578336
4	43.5077184807
5	43.7504141172
6	45.5440085204
7	45.6035305836
8	45.8272999568
9	45.9081323752
10	46.3648220453
11	46.4113233544
12	46.5974363426
13	46.6286702284
14	46.6584793256
15	46.7792845823
16	46.7817364094
17	46.7860202532
18	46.7974634085
19	46.8715089942
20	46.8766942146
21	46.8877965895
22	46.8941813182
23	46.8951077629
24	46.8971508554
25	46.9233941344
26	46.9247196007
27	46.9261891046
28	47.0329009305
29	47.0336216463
30	47.0396212345
31	47.0403168463
32	47.0408470262
33	47.0418122231
34	47.0417383673
35	47.0468919795
36	47.0472464704
37	47.0477094951
38	47.0481982925
39	47.0482179027
40	47.0482487222
41	47.0483375586
42	47.0481222473
43	47.0482009311
44	47.0481917889
45	47.0480644253
46	47.0498793482
47	47.1356613124
48	47.1393380658
49	47.1395326048
50	47.1397309691
51	47.1401908651
52	47.1400474695
53	47.1585736996
54	47.1584961995
55	47.1588514594
56	47.1584030114
57	47.1673867794
58	47.1672578632
59	47.1679728820
60	47.1679163624
61	47.1681685148
62	47.1679986998
63	47.1679548057
64	47.1680241942
65	47.1681953522
66	47.1680241268
67	47.1680855766
68	47.1768321723
69	47.1769269301
70	47.1769971683
71	47.1769036709
72	47.1770363964
73	47.1769520185
74	47.1765088581
75	47.1763541496
76	47.1760307451
77	47.2250046757
78	47.2249415460
79	47.2250149410
80	47.2270366429
81	47.2273301525
82	47.2278709522
83	47.2277391331
84	47.2283960557
85	47.2280675977
86	47.2283384848
87	47.2282973767
88	47.2281271159
89	47.2372738785
90	47.2374619501
91	47.2377932220
92	47.2376076310
93	47.2367227747
94	47.2366946295
95	47.2372724581
96	47.2372492886
97	47.2370165382
98	47.2371130996
99	47.2371390519
100	47.2372782466
101	47.2370351715
102	47.2371628257
103	47.2371203920
104	47.2697899851
105	47.2703823672
106	47.2699519424
107	47.2699889246
108	47.2703580505
109	47.2706809549
110	47.2707638624
111	47.2706793454
112	47.2703636700
113	47.2702440367
114	47.2698201515
115	47.2705516213
116	47.2707641618
117	47.2710679012
118	47.2710272750
119	47.2710912199
120	47.2794409371
121	47.2997505929
122	47.3001228605
123	47.3454094214
124	47.3450697367
125	47.3446244444
126	47.3486282385
127	47.3492957810
128	47.3496174900
129	47.3492851227
130	47.3496759414
131	47.3630480816
132	47.3630846951
133	47.3632603575
134	47.3627700290
135	47.4259525008
136	47.4258457317
137	47.4251857663
138	47.4254458031
139	47.4257134066
140	47.4254249250
141	47.4258126136
142	47.4258697087
143	47.4260244520
144	47.4272469326
145	47.4274360226
146	47.4275345457
147	47.4310705840
148	47.4313545580
149	47.4314666969
150	47.4313526625
151	47.4315588471
152	47.4329099968
153	47.4327093406
154	47.4327085891
155	47.5807521824
156	47.5810732698
157	47.5812841057
158	47.5826261491
159	47.5825736893
160	47.5822111574
161	47.5814067773
162	47.5827308709
163	47.5829634163
164	47.5826712734
165	47.5842501201
166	47.5838623868
167	47.5833768773
168	47.5828848112
169	47.5830210894
170	47.5829483075
171	47.5837075974
172	47.5841890302
173	47.5848545034
174	47.5850125647
175	47.5848155668
176	47.5913635720
177	47.5913108770
178	47.5917169310
179	47.5915676709
180	47.5918973817
181	47.5920579907
182	47.5925351135
183	47.5927006296
184	47.5934059558
185	47.5934835042
186	47.6033371819
187	47.6029787323
188	47.6032364584
189	47.6034247429
190	47.6026337714
191	47.6030012360
192	47.6028908900
193	47.6033652424
194	47.6035230713
195	47.6027640457
196	47.6023249233
197	47.6229681214
198	47.6235831602
199	47.6226182646
200	47.6218389525
201	47.6219259967
202	47.6217920148
203	47.6222990772
204	47.6291770075
205	47.6283322199
206	47.6290825533
207	47.6286419730
208	47.6282512707
209	47.6296761630
210	47.6285227798
211	47.6289514721
212	47.6291003885
213	47.6295577713
214	47.6289555870
215	47.6297912571
216	47.6295271149
217	47.6302041283
218	47.6301833326
219	47.6301249437
220	47.6301363733
221	47.6302019598
222	47.6302138691
223	47.6303587302
224	47.6298670855
225	47.6296623268
226	47.6291676871
227	47.6294117244
228	47.6300284913
229	47.6298799939
230	47.6303065520
231	47.6291145479
232	47.6291851481
233	47.6290826388
234	47.6290777719
235	47.6292072836
236	47.6290375065
237	47.6293534021
238	47.6294670598
239	47.6293656204
240	47.6294985968
241	47.6296180599
242	47.6296173013
243	47.6301724445
244	47.6296392679
245	47.6297522841
246	47.6298379325
247	47.6298345460
248	47.6300834716
249	47.6304915232
250	47.6302502753
