1	46.4308387038
2	46.4343094699
3	46.7438400175
4	46.7766636138
5	46.8755927278
6	46.8842335488
7	46.8914937234
8	47.0454554036
9	47.0528480680
10	47.0661705099
11	47.2819146447
12	47.4757746678
13	47.5881956613
14	47.6122219931
15	47.6190454415
16	47.6237845203
17	47.6262451475
18	47.6268517865
19	47.6278726335
20	47.6298282333
21	47.6302616190
22	47.6323620810
23	47.6331244579
24	47.6360566110
25	47.6369239424
26	47.6372490591
27	47.6381530620
28	47.6388005596
29	47.6389826100
30	47.6390453263
31	47.6402700239
32	47.6400151089
33	47.6407802035
34	47.6407802035
35	47.6408322712
36	47.6421254462
37	47.6421514832
38	47.6421514800
39	47.6422889408
40	47.6421873308
41	47.6421873631
42	47.6428550351
43	47.6438484315
44	47.6440659973
45	47.6440703302
46	47.6443725613
47	47.6522176443
48	47.6524177556
49	47.6526374180
50	47.6530732505
51	47.6531381486
52	47.6532077005
53	47.6539116315
54	47.6550300259
55	47.6555660103
56	47.6561660802
57	47.6568551534
58	47.6568551534
59	47.6582212280
60	47.6599594210
61	47.6599514338
62	47.6599514338
63	47.6604122415
64	47.6604122415
65	47.6608083565
66	47.6608083565
67	47.6607597635
68	47.6655389353
69	47.6656872501
70	47.6662337711
71	47.6662288341
72	47.6668011350
73	47.6664952270
74	47.6694714341
75	47.6707213562
76	47.6722396047
77	47.6721728275
78	47.6721728275
79	47.6721728275
80	47.6721044007
81	47.6724306731
82	47.6724955006
83	47.6726231027
84	47.6733023535
85	47.6733023535
86	47.6744950726
87	47.6745370033
88	47.6766682620
89	47.6782619990
90	47.6800620109
91	47.6802701392
92	47.6807092213
93	47.6805752444
94	47.6806704555
95	47.6805979273
96	47.6805979273
97	47.6806134214
98	47.6807175885
99	47.6805695665
100	47.6805695665
101	47.6805695665
102	47.6805993430
103	47.6807099755
104	47.6807195506
105	47.6807372142
106	47.6811095364
107	47.6811416904
108	47.6811416904
109	47.6811561609
110	47.6812169081
111	47.6812269315
112	47.6813631774
113	47.6813801142
114	47.6813542981
115	47.6813308505
116	47.6813441640
117	47.6813441640
118	47.6813441640
119	47.6813416096
120	47.6813416096
121	47.6813236324
122	47.6813236324
123	47.6867559879
124	47.6867033690
125	47.6867033197
126	47.6866797148
127	47.6866864967
128	47.6866864967
129	47.6866458798
130	47.6867085079
131	47.6866458798
132	47.6866562502
133	47.6867898120
134	47.6867887390
135	47.6869524375
136	47.6872077873
137	47.6872383641
138	47.6872383641
139	47.6871493681
140	47.6871493681
141	47.6871493681
142	47.6871493681
143	47.6871411301
144	47.6871411301
145	47.6871411301
146	47.6871411301
147	47.6871411301
148	47.6871411301
149	47.6871411301
150	47.6871411301
151	47.6874101453
152	47.6874101453
153	47.6874101453
154	47.6874099330
155	47.6875711680
156	47.6875734037
157	47.6875734037
158	47.6874056453
159	47.6874056453
160	47.6876073294
161	47.6876242853
162	47.6875436286
163	47.6875796667
164	47.6875801945
165	47.6875801945
166	47.6875621672
167	47.6875621672
168	47.6875621672
169	47.6875611001
170	47.6875611001
171	47.6875612108
172	47.6875622574
173	47.6875625964
174	47.6875625964
175	47.6873912686
176	47.6874332347
177	47.6874142860
178	47.6874142860
179	47.6874143749
180	47.6874143749
181	47.6873121588
182	47.6872983430
183	47.6872667880
184	47.6873685976
185	47.6873685976
186	47.6873989148
187	47.6873989148
188	47.6874743814
189	47.6874743814
190	47.6874750577
191	47.6876331506
192	47.6876331506
193	47.6875265724
194	47.6875265724
195	47.6875265724
196	47.6879423665
197	47.6877809420
198	47.6877809420
199	47.6877809420
200	47.6877809420
201	47.6874376639
202	47.6874376639
203	47.6874376639
204	47.6874376639
205	47.6876103967
206	47.6876103967
207	47.6876103967
208	47.6876103967
209	47.6876103967
210	47.6876137724
211	47.6876137724
212	47.6881148063
213	47.6881148063
214	47.6884609660
215	47.6884609660
216	47.6884609660
217	47.6884609660
218	47.6884609660
219	47.6884609660
220	47.6884609660
221	47.6884306275
222	47.6876734736
223	47.6876734736
224	47.6876639953
225	47.6876639953
226	47.6876639953
227	47.6876637171
228	47.6877483386
229	47.6877422824
230	47.6877422824
231	47.6877562279
232	47.6877001070
233	47.6883991264
234	47.6883437640
235	47.6883437640
236	47.6883437640
237	47.6883437640
238	47.6883437640
239	47.6883437640
240	47.6884404067
241	47.6884520439
242	47.6884520439
243	47.6884520439
244	47.6884526957
245	47.6884944233
246	47.6884944233
247	47.6884944233
248	47.6884944233
249	47.6885638348
250	47.6885638348
