1	43.0158751419
2	43.6922348009
3	44.0392800414
4	44.0874591345
5	44.4209343543
6	45.2429119855
7	45.2861342559
8	45.5392047179
9	45.6637980155
10	45.6659852204
11	45.9072769078
12	45.9763711598
13	46.0102663611
14	46.0291074326
15	46.0314953129
16	46.0340452287
17	46.0453077784
18	46.0484927898
19	46.0691879940
20	46.0757650955
21	46.0769420324
22	46.0824244794
23	46.0835068571
24	46.0943667277
25	46.1036405641
26	46.1036978199
27	46.1046667550
28	46.1300234815
29	46.3371936204
30	46.3396504700
31	46.3398049530
32	46.3420217315
33	46.3423399718
34	46.3426463776
35	46.3431088466
36	46.3428253426
37	46.3431195150
38	46.3427762970
39	46.3429111757
40	46.3479680319
41	46.5293271157
42	46.5293440604
43	46.5316611172
44	46.5318903984
45	46.5320005797
46	46.5323924632
47	46.5324053587
48	46.5377566763
49	46.7158190330
50	46.8356088037
51	46.8353772666
52	46.8919527711
53	46.8919952859
54	46.8998895337
55	46.9000488457
56	46.8999973523
57	46.9000717297
58	46.9002846611
59	46.9001419361
60	46.8999077448
61	46.8998996235
62	46.9001198628
63	46.9004753318
64	46.9004723825
65	46.9002763058
66	47.0028616556
67	47.0025949467
68	47.0024213754
69	47.0025605448
70	47.0027475604
71	47.0029002300
72	47.0030229899
73	47.0030624300
74	47.0032342477
75	47.0033397848
76	47.0033222190
77	47.0034013407
78	47.0032987724
79	47.0032166026
80	47.0035366518
81	47.0036608646
82	47.0039177773
83	47.0037781498
84	47.0039270884
85	47.0038073770
86	47.0038858195
87	47.0037855527
88	47.0038334044
89	47.0034527200
90	47.0032456051
91	47.0030197353
92	47.0035137771
93	47.0031033871
94	47.0028979129
95	47.0031083020
96	47.0031827648
97	47.0031292037
98	47.0033235441
99	47.0036173888
100	47.0045233307
101	47.0045729063
102	47.0048705734
103	47.0047640170
104	47.0049030118
105	47.0049155774
106	47.0049593662
107	47.0049059603
108	47.0048420921
109	47.0047601787
110	47.0050641964
111	47.0049754900
112	47.0052421854
113	47.0051082048
114	47.0052297570
115	47.0052393636
116	47.0214792958
117	47.0215264728
118	47.0559805131
119	47.0555437251
120	47.0556829831
121	47.0559179640
122	47.0559845416
123	47.0561286307
124	47.1081808165
125	47.1081934409
126	47.1193983035
127	47.1197252107
128	47.1199419816
129	47.1191422704
130	47.1196102103
131	47.1197482103
132	47.1203856203
133	47.1204125252
134	47.1204117472
135	47.1203209527
136	47.1244926964
137	47.1243322383
138	47.1464766099
139	47.1506883955
140	47.1501316432
141	47.1588966644
142	47.1616822703
143	47.1620578232
144	47.1615798432
145	47.1616537375
146	47.1618885542
147	47.1648087980
148	47.1649168297
149	47.1646924243
150	47.1649475815
151	47.1645806260
152	47.1646634617
153	47.1650914586
154	47.1651177537
155	47.1728997101
156	47.1725719233
157	47.1729626846
158	47.1726208070
159	47.1727135088
160	47.1728287949
161	47.1728164866
162	47.1725133399
163	47.1767095317
164	47.1766340715
165	47.1768865406
166	47.1768560923
167	47.1771721044
168	47.1840291296
169	47.1842085795
170	47.1838291388
171	47.1836868234
172	47.1838483905
173	47.1843374865
174	47.2303488001
175	47.2316030068
176	47.2322154903
177	47.2401720969
178	47.2403381393
179	47.2392294031
180	47.2395633699
181	47.2397089000
182	47.2519054013
183	47.2518599557
184	47.2516342884
185	47.2515828955
186	47.2513291440
187	47.2518356784
188	47.2518730814
189	47.2524792008
190	47.2527892693
191	47.2528324834
192	47.2523385767
193	47.2524383308
194	47.2521626572
195	47.2526408427
196	47.2523837802
197	47.2524702012
198	47.2568130349
199	47.3296506698
200	47.3298342778
201	47.3298278815
202	47.3300133403
203	47.3297327806
204	47.3295602880
205	47.3295747790
206	47.3297900566
207	47.3296202266
208	47.3297975185
209	47.3469240888
210	47.4030440538
211	47.4391583973
212	47.4394257832
213	47.4398597798
214	47.4400151320
215	47.4397954544
216	47.4714231035
217	47.4715970284
218	47.4722083076
219	47.4723832067
220	47.4719277478
221	47.4720093886
222	47.4715855173
223	47.4713453181
224	47.4891887162
225	47.4890285662
226	47.4891417217
227	47.4891130858
228	47.4892060619
229	47.4886770180
230	47.4892777794
231	47.4892938448
232	47.4890260207
233	47.4887065314
234	47.4887494780
235	47.4899029045
236	47.4890970572
237	47.5164361845
238	47.5165701203
239	47.5166082113
240	47.5164392130
241	47.5169092444
242	47.5171090456
243	47.5720652848
244	47.5718069332
245	47.5718031968
246	47.5722408655
247	47.5721497230
248	47.5722873949
249	47.6628332649
250	47.6631264650
