1	46.6322511093
2	46.9694686069
3	47.1993173736
4	47.3559296612
5	47.4876288058
6	47.5213355297
7	47.5313540176
8	47.6188512553
9	47.7501343155
10	47.7500806224
11	47.7412902081
12	47.7476320071
13	47.7744767831
14	47.7756872006
15	47.8976579529
16	47.9919086068
17	47.9937281528
18	48.0077720579
19	48.0224953410
20	48.0621623853
21	48.0621623853
22	48.0657656937
23	48.0671104818
24	48.0676097454
25	48.0676451508
26	48.0685636805
27	48.0691646824
28	48.0796661993
29	48.0809074229
30	48.0818718455
31	48.0935390590
32	48.0944850998
33	48.0977933952
34	48.0996523139
35	48.1002363395
36	48.1117964234
37	48.1226654602
38	48.1313698046
39	48.1323344083
40	48.1327632830
41	48.1338233311
42	48.1345458010
43	48.1346823761
44	48.1348374748
45	48.1364620506
46	48.1368032638
47	48.1372443540
48	48.1372310278
49	48.1373684950
50	48.1393003400
51	48.1394290419
52	48.1394290419
53	48.1394391501
54	48.1405975841
55	48.1406816681
56	48.1403047517
57	48.1403047517
58	48.1402266058
59	48.1407695746
60	48.1407695746
61	48.1407695746
62	48.1418168837
63	48.1418168837
64	48.1418168837
65	48.1417830724
66	48.1419728622
67	48.1420672977
68	48.1422305188
69	48.1422605924
70	48.1422605924
71	48.1423431693
72	48.1424080626
73	48.1424548274
74	48.1425849661
75	48.1425849661
76	48.1425849661
77	48.1427455740
78	48.1554211201
79	48.1552540468
80	48.1552422126
81	48.1552167826
82	48.1552176644
83	48.1551596432
84	48.1551596432
85	48.1551688615
86	48.1551968497
87	48.1551968796
88	48.1558196790
89	48.1558196790
90	48.1561404212
91	48.1565442014
92	48.1566157284
93	48.1566157284
94	48.1570861823
95	48.1571627124
96	48.1568280124
97	48.1584393282
98	48.1585808415
99	48.1586508378
100	48.1586519832
101	48.1586519832
102	48.1586519832
103	48.1586519832
104	48.1586519832
105	48.1587481279
106	48.1588444422
107	48.1588444422
108	48.1588409049
109	48.1589850972
110	48.1698195094
111	48.1709570818
112	48.1718474973
113	48.1718474973
114	48.1718474973
115	48.1723136715
116	48.1723136715
117	48.1715490153
118	48.1715822745
119	48.1715822745
120	48.1718390101
121	48.1723246243
122	48.1747498406
123	48.1747498406
124	48.1747505691
125	48.1747505691
126	48.1757993823
127	48.1757993823
128	48.1757993823
129	48.1759333917
130	48.1748139210
131	48.1751341801
132	48.1751341801
133	48.1751341801
134	48.1990667141
135	48.1990667141
136	48.1990667141
137	48.1990667141
138	48.1991121964
139	48.1991121964
140	48.1991121964
141	48.1991121964
142	48.1991121964
143	48.1993894580
144	48.1993894580
145	48.1993894580
146	48.1993894580
147	48.1993894580
148	48.1993894580
149	48.1994193264
150	48.2016182979
151	48.2016182979
152	48.2016502064
153	48.2016515774
154	48.2016515774
155	48.2016515774
156	48.2023722536
157	48.2023874104
158	48.2024975493
159	48.2024975493
160	48.2024984018
161	48.2025351080
162	48.2025351080
163	48.2026974561
164	48.2026974561
165	48.2026974561
166	48.2026894370
167	48.2026894370
168	48.2026920180
169	48.2026920180
170	48.2026920180
171	48.2031488865
172	48.2031488865
173	48.2030758939
174	48.2031003415
175	48.2031003415
176	48.2031003415
177	48.2329256658
178	48.2335137573
179	48.2335137573
180	48.2335137573
181	48.2344722658
182	48.2376334259
183	48.2376334259
184	48.2377848333
185	48.2377848333
186	48.2377848333
187	48.2377611413
188	48.2377661269
189	48.2377661269
190	48.2377634465
191	48.2377634465
192	48.2378202223
193	48.2378202223
194	48.2378376989
195	48.2378617796
196	48.2379472733
197	48.2379671905
198	48.2379671905
199	48.2379671905
200	48.2379671905
201	48.2379563677
202	48.2379563677
203	48.2381768279
204	48.2381768279
205	48.2381768279
206	48.2383205408
207	48.2372885593
208	48.2371990978
209	48.2376110517
210	48.2376110517
211	48.2376110517
212	48.2376122816
213	48.2376123316
214	48.2376177298
215	48.2376177298
216	48.2376177298
217	48.2376177298
218	48.2376177298
219	48.2376177298
220	48.2376177298
221	48.2376177298
222	48.2376172616
223	48.2376172616
224	48.2376172616
225	48.2376172616
226	48.2376172616
227	48.2376172616
228	48.2376287555
229	48.2376287555
230	48.2376408248
231	48.2376798485
232	48.2376798485
233	48.2380109404
234	48.2380109404
235	48.2380109404
236	48.2637412168
237	48.2637412168
238	48.2638333862
239	48.2637777519
240	48.2637777519
241	48.2636809551
242	48.2636809551
243	48.2639527754
244	48.2639527754
245	48.2639527754
246	48.2639527754
247	48.2639527754
248	48.2648657390
249	48.2648639312
250	48.2648639312
