1	45.9018533933
2	45.9233022884
3	46.1293603612
4	46.2536569075
5	46.3103809216
6	46.4942388548
7	46.9661393919
8	47.2149685763
9	47.2505659602
10	47.4431347090
11	47.4506741931
12	47.7905533063
13	47.8025053841
14	47.8317361408
15	47.8352618713
16	47.8395106566
17	47.8412910055
18	47.8423201986
19	47.8449052384
20	47.9105455239
21	47.9122801302
22	47.9167508840
23	47.9183998488
24	47.9830424832
25	47.9855185087
26	47.9879997664
27	47.9891212576
28	47.9889274552
29	47.9893326704
30	47.9901840627
31	47.9899050537
32	48.0024533172
33	48.0064899364
34	48.0106848905
35	48.0107838985
36	48.0108779699
37	48.0133153937
38	48.0139778320
39	48.0139464611
40	48.0143781767
41	48.0146376540
42	48.0146094496
43	48.0156268405
44	48.0158552849
45	48.0158569497
46	48.0161123582
47	48.0168007746
48	48.0189926098
49	48.0192650334
50	48.0192650334
51	48.0195657479
52	48.0198098017
53	48.0199026084
54	48.0198240543
55	48.0196995490
56	48.0196566749
57	48.0196712903
58	48.0197633801
59	48.0188752816
60	48.0186395535
61	48.0186395535
62	48.0177952779
63	48.0245745685
64	48.0252259675
65	48.0252903132
66	48.0256041072
67	48.0256041072
68	48.0191243311
69	48.0194353284
70	48.0193547804
71	48.0195168352
72	48.0195229587
73	48.0195642203
74	48.0256314787
75	48.0256471538
76	48.0256664836
77	48.0257236795
78	48.0278982159
79	48.0280206545
80	48.0280206545
81	48.0282339325
82	48.0282285615
83	48.0291267793
84	48.0291267793
85	48.0296727370
86	48.0298469909
87	48.0299758116
88	48.0298732733
89	48.0298601825
90	48.0304790175
91	48.0306063240
92	48.0306107546
93	48.0306317689
94	48.0306084501
95	48.0305980042
96	48.0305980042
97	48.0305288810
98	48.0435123655
99	48.0437272827
100	48.0437637763
101	48.0437447453
102	48.0432072161
103	48.0432076338
104	48.0432076338
105	48.0432557384
106	48.0434253307
107	48.0434390121
108	48.0434873929
109	48.0434888912
110	48.0430109868
111	48.0433325207
112	48.0433325207
113	48.0434994721
114	48.0434994721
115	48.0434921441
116	48.0434921441
117	48.0434813605
118	48.0436990394
119	48.0436953608
120	48.0438323235
121	48.0436592208
122	48.0447452880
123	48.0447452880
124	48.0447452880
125	48.0449765699
126	48.0449765699
127	48.0451659510
128	48.0451659510
129	48.0451680015
130	48.0456108243
131	48.0456752007
132	48.0457252928
133	48.0457366870
134	48.0457888552
135	48.0457888552
136	48.0457888552
137	48.0459311699
138	48.0459204025
139	48.0459204025
140	48.0459139047
141	48.0459139047
142	48.0458813880
143	48.0458813880
144	48.0458954839
145	48.0462877256
146	48.0462781442
147	48.0467368270
148	48.0467368270
149	48.0467380044
150	48.0467380044
151	48.0467380044
152	48.0467380044
153	48.0500765524
154	48.0500765524
155	48.0500765524
156	48.0498702306
157	48.0498425287
158	48.0499087950
159	48.0499087950
160	48.0498859059
161	48.0498825132
162	48.0499049981
163	48.0498929245
164	48.0499846188
165	48.0500099719
166	48.0500099719
167	48.0500099719
168	48.0500098642
169	48.0500098642
170	48.0500098642
171	48.0500264920
172	48.0499682369
173	48.0500322104
174	48.0502620356
175	48.0502620356
176	48.0502620356
177	48.0503080408
178	48.0503378489
179	48.0502450291
180	48.0511941599
181	48.0511941599
182	48.0511608660
183	48.0902126226
184	48.0902689851
185	48.0902689851
186	48.0903056039
187	48.0903056039
188	48.0903056039
189	48.0902550646
190	48.0897233925
191	48.0890500395
192	48.0889456698
193	48.0889672472
194	48.0888283349
195	48.0888395983
196	48.0888114873
197	48.0885671504
198	48.0885671504
199	48.0887955015
200	48.0887208867
201	48.0887374014
202	48.0887374014
203	48.0887374014
204	48.0887466712
205	48.0886906478
206	48.0886906478
207	48.0886574578
208	48.0886565147
209	48.0887362553
210	48.0884685038
211	48.0884685038
212	48.0886039715
213	48.0886039715
214	48.0887936599
215	48.0887936599
216	48.0887936599
217	48.0887936599
218	48.0886049884
219	48.0886620599
220	48.0886640484
221	48.0886574696
222	48.0887782782
223	48.0888478325
224	48.0888478325
225	48.0888478325
226	48.0888478325
227	48.0916869230
228	48.0917990539
229	48.1816557676
230	48.1816572222
231	48.1816572222
232	48.1816572222
233	48.1758934823
234	48.1667401876
235	48.1688399477
236	48.1792924645
237	48.1783006559
238	48.1789612368
239	48.1790069655
240	48.1812788861
241	48.1846100102
242	48.1846432420
243	48.1860228719
244	48.1866150053
245	48.1875873525
246	48.1876924456
247	48.1881671459
248	48.1881662221
249	48.1881679119
250	48.1881626129
