1	46.5985841992
2	46.7109455300
3	45.4161637817
4	46.0971955875
5	46.3583212275
6	46.2929572529
7	46.2973999031
8	46.6283917799
9	47.3322259245
10	47.5430972485
11	47.3633117311
12	47.5019393565
13	47.5334199714
14	47.6415400708
15	47.6472692165
16	47.6495238547
17	47.6584963233
18	47.6610066874
19	47.6622553033
20	47.6650055847
21	47.6664467805
22	47.6687861980
23	47.6702141110
24	47.6751143015
25	47.6759452240
26	47.6879464515
27	47.6867184461
28	47.6887943310
29	47.6887536608
30	47.6890934337
31	47.6895311913
32	47.6910037949
33	47.6922932403
34	47.6941177132
35	47.6947465064
36	47.7068086199
37	47.7077303112
38	47.7082095055
39	47.7083900938
40	47.7093087940
41	47.7316880665
42	47.7440886337
43	47.7451450616
44	47.8002512899
45	47.8010753556
46	47.8011466600
47	47.8020172779
48	47.8217954324
49	47.8216611319
50	47.8216909124
51	47.8217994728
52	47.8217997239
53	47.8386603306
54	47.8477819217
55	47.8478703362
56	47.8479073225
57	47.8477456001
58	47.8478423107
59	47.8489335931
60	47.8615447789
61	47.8615447789
62	47.8780704428
63	47.8780704428
64	47.9326727751
65	47.9557570437
66	47.9557212079
67	47.9577141574
68	47.9578015142
69	47.9592828602
70	47.9598710060
71	47.9645040032
72	47.9645040032
73	47.9645040032
74	47.9646145836
75	47.9646166719
76	47.9645952135
77	47.9645952135
78	47.9646423363
79	47.9725716149
80	47.9726666113
81	47.9727639767
82	47.9740805782
83	47.9741544792
84	47.9741342200
85	47.9741666054
86	47.9742768441
87	47.9746231417
88	47.9745376257
89	47.9745734454
90	47.9745887631
91	47.9749756960
92	47.9749705291
93	47.9749705291
94	47.9751673455
95	47.9751673455
96	47.9751676436
97	47.9754060325
98	47.9754060325
99	47.9755949544
100	47.9755949544
101	47.9756467345
102	47.9756467345
103	47.9774761623
104	47.9775565512
105	47.9775149074
106	47.9775194799
107	47.9775194799
108	47.9775598796
109	47.9796268028
110	47.9796977367
111	47.9799855150
112	47.9800899124
113	47.9801159724
114	47.9802705644
115	47.9802705644
116	47.9804324757
117	47.9805900288
118	47.9804015328
119	47.9804015328
120	47.9804015328
121	47.9803795808
122	47.9803831430
123	47.9804250029
124	47.9804259998
125	47.9874009610
126	47.9873331982
127	47.9873331982
128	47.9873331982
129	47.9873714419
130	47.9877586858
131	47.9932098697
132	47.9934474782
133	47.9939658150
134	47.9939731986
135	47.9939290149
136	47.9952476978
137	47.9952476978
138	47.9952476978
139	47.9952748374
140	47.9952679483
141	47.9951404412
142	47.9951404412
143	47.9939272663
144	47.9939272663
145	47.9939272663
146	47.9941030541
147	47.9964599460
148	47.9990011107
149	47.9990011107
150	47.9983109720
151	47.9983109720
152	47.9984293210
153	47.9984042930
154	47.9984042930
155	47.9984042930
156	47.9984081710
157	47.9984081710
158	47.9984081710
159	47.9984081710
160	47.9984326415
161	47.9984326415
162	47.9980581755
163	47.9980268018
164	47.9981351561
165	47.9983623622
166	47.9983623622
167	47.9983623622
168	47.9988193644
169	47.9988736762
170	47.9988736762
171	47.9989885747
172	47.9989749809
173	47.9989369699
174	47.9990287149
175	47.9990374308
176	48.0004088501
177	48.0004088501
178	48.0132777261
179	48.0132777261
180	48.0132777261
181	48.0137936876
182	48.0137936876
183	48.0137573366
184	48.0137573366
185	48.0137573366
186	48.0220755127
187	48.0220483166
188	48.0220483166
189	48.0220483166
190	48.0220483166
191	48.0220519965
192	48.0220724419
193	48.0224587519
194	48.0225324305
195	48.0225324305
196	48.0225324305
197	48.0224649882
198	48.0224786310
199	48.0224786310
200	48.0221875287
201	48.0221875287
202	48.0222032454
203	48.0221473988
204	48.0219579324
205	48.0219579324
206	48.0219590338
207	48.0219590338
208	48.0219737178
209	48.0219747638
210	48.0222872106
211	48.0224056624
212	48.0224084268
213	48.0224084268
214	48.0224774110
215	48.0224774110
216	48.0224840588
217	48.0226144720
218	48.0226144720
219	48.0225852717
220	48.0225585665
221	48.0225585665
222	48.0225585665
223	48.0225585665
224	48.0225826597
225	48.0225826597
226	48.0225826597
227	48.0225826597
228	48.0225826597
229	48.0225826597
230	48.0225645449
231	48.0225645449
232	48.0225638115
233	48.0225638115
234	48.0224550408
235	48.0224550408
236	48.0224945171
237	48.0224945171
238	48.0224945171
239	48.0224945171
240	48.0222418382
241	48.0222418382
242	48.0222418382
243	48.0351719033
244	48.0350611441
245	48.0350611441
246	48.0350611441
247	48.0350611441
248	48.0350611441
249	48.0350611441
250	48.0350611441
