1	46.0623277578
2	46.3419805551
3	46.4742296950
4	46.6389807336
5	46.7228832203
6	46.9251824886
7	46.9889061942
8	47.1596246621
9	47.1928613430
10	47.2454610575
11	47.2890146357
12	47.3363069598
13	47.3932749375
14	47.3964499585
15	47.4085508142
16	47.5268732086
17	47.5282732571
18	47.5304338974
19	47.5564518366
20	47.5575973118
21	47.5777678486
22	47.5860115749
23	47.5984360601
24	47.5984982232
25	47.6081585401
26	47.6083340845
27	47.6084825907
28	47.6086536645
29	47.6086551908
30	47.6090070108
31	47.6096089881
32	47.6095996578
33	47.6094207540
34	47.6095062246
35	47.6094835447
36	47.6094835447
37	47.6091794685
38	47.6092326855
39	47.6095880771
40	47.6106481058
41	47.6108223442
42	47.6114004911
43	47.6114222323
44	47.6113096024
45	47.6113096024
46	47.6148051990
47	47.6186427639
48	47.6189880410
49	47.6205885425
50	47.6213197971
51	47.6213560585
52	47.6240777307
53	47.6240682297
54	47.6240995129
55	47.6258229379
56	47.6262326406
57	47.6306021226
58	47.6306219318
59	47.6306219318
60	47.6306219318
61	47.6308388562
62	47.6311202300
63	47.6311202300
64	47.6311253556
65	47.6310921735
66	47.6314208406
67	47.6316829826
68	47.6315984272
69	47.6315380507
70	47.6316627816
71	47.6318767437
72	47.6321341248
73	47.6321341248
74	47.6323780972
75	47.6324193893
76	47.6457641298
77	47.6545251511
78	47.6601054292
79	47.6601468878
80	47.6611093839
81	47.6611093839
82	47.6611889633
83	47.6611889633
84	47.6611889633
85	47.6611916118
86	47.6611916118
87	47.6611916118
88	47.6612190969
89	47.6611799664
90	47.6611799664
91	47.6611799664
92	47.6611799664
93	47.6611891329
94	47.6612025450
95	47.6613501278
96	47.6613501177
97	47.6613501177
98	47.6613501177
99	47.6613637530
100	47.6613639692
101	47.6603041180
102	47.6603041180
103	47.6603041180
104	47.6603625059
105	47.6603623495
106	47.6604786426
107	47.6604786426
108	47.6604785101
109	47.6619380757
110	47.6619758116
111	47.6619759417
112	47.6619759417
113	47.6619759843
114	47.6619661207
115	47.6619661207
116	47.6619656874
117	47.6619656874
118	47.6620675239
119	47.6621432172
120	47.6620913641
121	47.6621600734
122	47.6621220455
123	47.6621220455
124	47.6621268142
125	47.6621267645
126	47.6621267645
127	47.6621267645
128	47.6621267645
129	47.6622386524
130	47.6623782454
131	47.6624334912
132	47.6624334912
133	47.6622552598
134	47.6965239610
135	47.6965592455
136	47.6965592455
137	47.6966669376
138	47.6996041967
139	47.6996678164
140	47.6997234571
141	47.7005240570
142	47.7017151978
143	47.7022096427
144	47.7505163637
145	47.7505219402
146	47.7490561616
147	47.7490561616
148	47.7490561616
149	47.7490665686
150	47.7490665686
151	47.7501980655
152	47.7514152184
153	47.7514152184
154	47.7544387285
155	47.7592655033
156	47.7594654830
157	47.7595406362
158	47.7595707136
159	47.7595950441
160	47.7601309883
161	47.7601309883
162	47.7601659475
163	47.7601659475
164	47.7601242643
165	47.7601264353
166	47.7601264353
167	47.7602415434
168	47.7604489158
169	47.7604489158
170	47.7604472995
171	47.7604472995
172	47.7605039486
173	47.7606310900
174	47.7597719261
175	47.7597719261
176	47.7597719261
177	47.7597972553
178	47.7597972553
179	47.7597313419
180	47.7596467177
181	47.7596672090
182	47.7596672090
183	47.7596672090
184	47.7596875798
185	47.7596875798
186	47.7596891755
187	47.7596891755
188	47.7597638736
189	47.7597638736
190	47.7597638736
191	47.7597100700
192	47.7597100700
193	47.7597059825
194	47.7597164650
195	47.7597809443
196	47.7608196526
197	47.7608196526
198	47.7607014340
199	47.7607014340
200	47.7606410349
201	47.7606442898
202	47.7606442898
203	47.7606442898
204	47.7606539388
205	47.7606539388
206	47.7605756140
207	47.7605756140
208	47.7605756140
209	47.7601439689
210	47.7601439689
211	47.7601439689
212	47.7601439689
213	47.7601439689
214	47.7601950059
215	47.7654034317
216	47.7654034317
217	47.7654276060
218	47.7729634287
219	47.7729634287
220	47.7894771526
221	47.7906795700
222	47.7906800345
223	47.8216620526
224	47.8425587953
225	47.8425858694
226	47.8854743569
227	47.8978889804
228	47.8978889804
229	47.8979002164
230	47.8981006024
231	47.8981006024
232	47.8981115046
233	47.8981455094
234	47.8981460815
235	47.8981480693
236	47.8982288436
237	47.8982332313
238	47.8982447678
239	47.8982875188
240	47.8982875188
241	47.8982639577
242	47.8982371259
243	47.8982371259
244	47.8982258839
245	47.8980808266
246	47.8984372197
247	47.8983135682
248	47.8984401407
249	47.8984464188
250	47.8983893997
