1	46.6108020995
2	46.9417838285
3	47.1367705982
4	47.3757156820
5	47.4376215156
6	47.6187583509
7	47.7376765383
8	47.8262072802
9	47.8516806244
10	47.9122303023
11	47.9134654195
12	47.9183684568
13	47.9211173537
14	47.9214708270
15	47.9239300690
16	47.9251839460
17	47.9259406316
18	47.9327947323
19	47.9339987795
20	47.9348345736
21	47.9387884087
22	47.9396207398
23	47.9411619438
24	47.9418137186
25	47.9440803153
26	47.9566971690
27	47.9683848359
28	47.9703027199
29	47.9727787463
30	47.9730836111
31	47.9764756326
32	47.9773738258
33	47.9775996772
34	47.9791971499
35	47.9793590634
36	47.9825091589
37	47.9858502472
38	47.9860287050
39	47.9866585937
40	47.9880820968
41	47.9888894868
42	47.9888894868
43	47.9900519182
44	47.9899887304
45	47.9902254117
46	47.9938959112
47	47.9938959112
48	47.9945905979
49	47.9945905979
50	47.9951639722
51	47.9953609965
52	47.9950940445
53	47.9954537867
54	47.9983844929
55	48.0373933796
56	48.0385611489
57	48.0297662681
58	48.0308481976
59	48.0309837722
60	48.0309831909
61	48.0334205793
62	48.0333851497
63	48.0336422678
64	48.0339493157
65	48.0348125761
66	48.0349223039
67	48.0352019114
68	48.0352165761
69	48.0354095977
70	48.0366624401
71	48.0366624401
72	48.0366624401
73	48.0367355778
74	48.0368857188
75	48.0406491027
76	48.0408094250
77	48.0484184520
78	48.0490720645
79	48.0490720645
80	48.0491344260
81	48.0490505363
82	48.0490886717
83	48.0493703629
84	48.0493703629
85	48.0494878707
86	48.0496235499
87	48.0496235499
88	48.0496235499
89	48.0496235499
90	48.0496235499
91	48.0495744510
92	48.0496456106
93	48.0496456106
94	48.0501221940
95	48.0499517276
96	48.0500745849
97	48.0522529030
98	48.0523858428
99	48.0523454258
100	48.0523495583
101	48.0523495583
102	48.0527130031
103	48.0527276593
104	48.0532658201
105	48.0550300609
106	48.0551175597
107	48.0558858332
108	48.0623864901
109	48.0624121416
110	48.0624661144
111	48.0624661144
112	48.0624879921
113	48.0624879921
114	48.0624066120
115	48.0621374101
116	48.0622516789
117	48.0621574082
118	48.0621935043
119	48.0621935043
120	48.0621868770
121	48.0669823109
122	48.0732825298
123	48.0732825298
124	48.0985175680
125	48.0985758623
126	48.1001960185
127	48.1001960185
128	48.1002289955
129	48.1002301513
130	48.1078709458
131	48.1078709458
132	48.1079514261
133	48.1079514261
134	48.1078475156
135	48.1078475156
136	48.1072583604
137	48.1072583604
138	48.1072593144
139	48.1072593144
140	48.1073651487
141	48.1088157060
142	48.1088682078
143	48.1088682078
144	48.1089111223
145	48.1089783154
146	48.1091842357
147	48.1080069141
148	48.1073095780
149	48.1073095780
150	48.1073095780
151	48.1073095780
152	48.1073006236
153	48.1073675965
154	48.1074864499
155	48.1074864499
156	48.1077936809
157	48.1254441726
158	48.1254441726
159	48.1254909907
160	48.1252467198
161	48.1254585847
162	48.1254668502
163	48.1254668502
164	48.1344671335
165	48.1453137199
166	48.1452355459
167	48.1452355459
168	48.1452355459
169	48.1453798785
170	48.1464750158
171	48.1464750158
172	48.1464838652
173	48.1465183095
174	48.1465183095
175	48.1467053924
176	48.1467073441
177	48.1579325512
178	48.1587597524
179	48.1587597524
180	48.1587597524
181	48.1587597524
182	48.1594942061
183	48.1594942061
184	48.1596057897
185	48.1596057897
186	48.1594415034
187	48.1594415034
188	48.1594415034
189	48.1594415034
190	48.1584421188
191	48.1584421188
192	48.1584421188
193	48.1573286008
194	48.1574029570
195	48.1574827255
196	48.1575395472
197	48.1575585740
198	48.1597907849
199	48.1597953360
200	48.1597953360
201	48.1598179406
202	48.1598201680
203	48.1598201680
204	48.1601986832
205	48.1598511913
206	48.1598145198
207	48.1598145198
208	48.1598145198
209	48.1598145198
210	48.1598145198
211	48.1598145198
212	48.1592949881
213	48.1593438988
214	48.1593430091
215	48.1593430091
216	48.1593508282
217	48.1593508282
218	48.1593508282
219	48.1593508282
220	48.1593520074
221	48.1595130274
222	48.1590517624
223	48.1590517624
224	48.1590517624
225	48.1590517624
226	48.1590517624
227	48.1590517624
228	48.1589796796
229	48.1589796796
230	48.1589796796
231	48.1589852739
232	48.1589852739
233	48.1589930109
234	48.1592842037
235	48.1613857520
236	48.1620637030
237	48.1620637030
238	48.1620394330
239	48.1620394330
240	48.1619961867
241	48.1620075086
242	48.1620231646
243	48.1620231646
244	48.1620348385
245	48.1620348385
246	48.1622968313
247	48.1623038693
248	48.1614880864
249	48.1629811317
250	48.1629458786
