1	0.2038548783
2	0.0971521920
3	0.1064085187
4	0.1125666932
5	0.0705967797
6	0.0599139838
7	0.0600198858
8	0.1215407431
9	0.1300396581
10	0.1368999467
11	0.0345844258
12	0.0315316842
13	0.0200750268
14	0.0528689863
15	0.0671079185
16	0.1480942194
17	0.0717810967
18	0.0679024449
19	0.0835660963
20	0.0753723852
21	0.0690334775
22	0.0158983096
23	0.0098858190
24	0.0098033875
25	0.0198072974
26	0.0205151516
27	0.0275666885
28	0.0236954164
29	0.0138371852
30	0.0120116300
31	0.0117715868
32	0.0202920827
33	0.0137643973
34	0.0154119369
35	0.0149895008
36	0.0163578360
37	0.0203662761
38	0.0247028573
39	0.0209106146
40	0.0220256803
41	0.0213625520
42	0.0199603662
43	0.0176166532
44	0.0166661730
45	0.0186300943
46	0.0181502820
47	0.0207024490
48	0.0203336302
49	0.0169152862
50	0.0212993046
51	0.0195171480
52	0.0221761475
53	0.0208215756
54	0.0188709282
55	0.0170979103
56	0.0221820932
57	0.0220520706
58	0.0220557542
59	0.0242400304
60	0.0239793558
61	0.0239465197
62	0.0233757680
63	0.0237316983
64	0.0240558800
65	0.0244252629
66	0.0232433260
67	0.0228253181
68	0.0190844109
69	0.0210268543
70	0.0208593216
71	0.0178073745
72	0.0193050222
73	0.0188657874
74	0.0190438820
75	0.0155150351
76	0.0188387235
77	0.0196977496
78	0.0178826433
79	0.0198820522
80	0.0243696051
81	0.0246847965
82	0.0248997822
83	0.0248866996
84	0.0262923459
85	0.0192608631
86	0.0189390169
87	0.0222610124
88	0.0237876503
89	0.0223178217
90	0.0173326324
91	0.0198291553
92	0.0184285518
93	0.0208823795
94	0.0232172429
95	0.0224425885
96	0.0217807247
97	0.0232845492
98	0.0210310589
99	0.0215241073
100	0.0239128353
101	0.0236701669
102	0.0512508428
103	0.0517808685
104	0.0521232998
105	0.0218605001
106	0.0189932554
107	0.0196177723
108	0.0236041903
109	0.0176397947
110	0.0211103116
111	0.0188603007
112	0.0209462551
113	0.0228306690
114	0.0194387813
115	0.0244113432
116	0.0190276364
117	0.0161410808
118	0.0131654920
119	0.0201428461
120	0.0185264711
121	0.0231134276
122	0.0206241892
123	0.0196149412
124	0.0247536944
125	0.0221034406
126	0.0206074245
127	0.0225160231
128	0.0246061588
129	0.0234375451
130	0.0215710900
131	0.0207293336
132	0.0171207501
133	0.0202315881
134	0.0199178707
135	0.0213123999
136	0.0175417157
137	0.0166095545
138	0.0178408928
139	0.0215568729
140	0.0216971014
141	0.0189732516
142	0.0189545509
143	0.0177324415
144	0.0178584107
145	0.0225599421
146	0.0223309939
147	0.0185812686
148	0.0186938730
149	0.0203314438
150	0.0204166923
151	0.0211041952
152	0.0197498339
153	0.0189709708
154	0.0192086655
155	0.0218130321
156	0.0245846595
157	0.0272006567
158	0.0255148777
159	0.0236565577
160	0.0225377509
161	0.0204204962
162	0.0208993234
163	0.0219411208
164	0.0202202172
165	0.0180618294
166	0.0199340698
167	0.0202412820
168	0.0239708725
169	0.0224281407
170	0.0219916176
171	0.0248446136
172	0.0240159636
173	0.0193579697
174	0.0192650302
175	0.0187946962
176	0.0202605198
177	0.0209101642
178	0.0214284366
179	0.0215285296
180	0.0214537905
181	0.0203859005
182	0.0200601980
183	0.0196069309
184	0.0167360039
185	0.0202621234
186	0.0211073867
187	0.0237178368
188	0.0242056760
189	0.0258472175
190	0.0251983087
191	0.0238331168
192	0.0259167613
193	0.0284883807
194	0.0263851742
195	0.0232615230
196	0.0242627102
197	0.0246373556
198	0.0222066283
199	0.0242472432
200	0.0232000853
201	0.0205547225
202	0.0213543270
203	0.0204104630
204	0.0198732675
205	0.0195445972
206	0.0220267600
207	0.0197631853
208	0.0233583989
209	0.0230693417
210	0.0200491091
211	0.0221068485
212	0.0221195134
213	0.0221044958
214	0.0215973329
215	0.0165447663
216	0.0177160426
217	0.0161558758
218	0.0151065096
219	0.0170238374
220	0.0186829925
221	0.0167819195
222	0.0177450579
223	0.0214632380
224	0.0224860868
225	0.0227222784
226	0.0181577238
227	0.0193661520
228	0.0207991889
229	0.0198793656
230	0.0215392420
231	0.0226297996
232	0.0194241104
233	0.0222955365
234	0.0243967573
235	0.0226997737
236	0.0213474461
237	0.0198078063
238	0.0196966352
239	0.0185493836
240	0.0190446751
241	0.0167606327
242	0.0208963359
243	0.0211163624
244	0.0207288820
245	0.0193344332
246	0.0179073674
247	0.0209622910
248	0.0226431110
249	0.0207881154
250	0.0196592220
