1	0.1080669794
2	0.2364492611
3	0.0611623773
4	0.0626316022
5	0.0385586674
6	0.0339265735
7	0.0222271495
8	0.0234471435
9	0.0337235839
10	0.0334338072
11	0.0202770728
12	0.0236894121
13	0.0228396042
14	0.0224889734
15	0.0213077977
16	0.0146709590
17	0.0195501847
18	0.0183925084
19	0.0192362518
20	0.0176700513
21	0.0180809487
22	0.0187432696
23	0.0200108121
24	0.0278919932
25	0.0226139304
26	0.0201799809
27	0.0199198519
28	0.0187374620
29	0.0192056055
30	0.0189998491
31	0.0189669956
32	0.0186295825
33	0.0188215872
34	0.0174147356
35	0.0188284115
36	0.0188206208
37	0.0213184883
38	0.0206895363
39	0.0187557415
40	0.0194261099
41	0.0194261099
42	0.0176104387
43	0.0172022120
44	0.0160276106
45	0.0160208385
46	0.0167484559
47	0.0165332953
48	0.0162113245
49	0.0150314160
50	0.0155395025
51	0.0149719791
52	0.0152032246
53	0.0157883702
54	0.0177029332
55	0.0174678024
56	0.0171552900
57	0.0139988895
58	0.0158751796
59	0.0158224464
60	0.0176651988
61	0.0193401267
62	0.0186538355
63	0.0196478782
64	0.0212092070
65	0.0207377332
66	0.0216662726
67	0.0216662726
68	0.0222494225
69	0.0218678463
70	0.0212731409
71	0.0213912197
72	0.0213613705
73	0.0178054676
74	0.0182771716
75	0.0188998745
76	0.0195975094
77	0.0223434681
78	0.0223217814
79	0.0224243435
80	0.0214182398
81	0.0214182398
82	0.0208273635
83	0.0223088106
84	0.0223660028
85	0.0215694224
86	0.0215694224
87	0.0149590264
88	0.0149590264
89	0.0152482586
90	0.0152482586
91	0.0152374667
92	0.0142110095
93	0.0142110095
94	0.0146962604
95	0.0140042976
96	0.0138185029
97	0.0144820158
98	0.0145699940
99	0.0145968473
100	0.0145968473
101	0.0135197697
102	0.0134346666
103	0.0131120147
104	0.0129394454
105	0.0128589444
106	0.0128589444
107	0.0129624950
108	0.0129624950
109	0.0122958963
110	0.0125492769
111	0.0127069990
112	0.0159326256
113	0.0159326256
114	0.0138050104
115	0.0167909782
116	0.0146769659
117	0.0146769659
118	0.0164334875
119	0.0164334875
120	0.0164334875
121	0.0162873841
122	0.0162873841
123	0.0166389216
124	0.0165460782
125	0.0164188157
126	0.0158926304
127	0.0152154084
128	0.0171619092
129	0.0174704909
130	0.0159076633
131	0.0158552620
132	0.0271362060
133	0.0271362060
134	0.0271362060
135	0.0271362060
136	0.0271362060
137	0.0272177173
138	0.0281227274
139	0.0281227274
140	0.0185009703
141	0.0192769371
142	0.0186042890
143	0.0186042890
144	0.0186005262
145	0.0175576791
146	0.0203592524
147	0.0203076454
148	0.0190166664
149	0.0190166664
150	0.0190308205
151	0.0172442102
152	0.0152092572
153	0.0152092572
154	0.0152092572
155	0.0152092572
156	0.0152092572
157	0.0152332921
158	0.0174324403
159	0.0175886958
160	0.0166952535
161	0.0166952535
162	0.0166336741
163	0.0147737189
164	0.0172403134
165	0.0172403134
166	0.0174325509
167	0.0169166820
168	0.0163264581
169	0.0157286699
170	0.0163724202
171	0.0163724202
172	0.0168668729
173	0.0170020921
174	0.0170020921
175	0.0170020921
176	0.0195308833
177	0.0195768646
178	0.0197859397
179	0.0203201818
180	0.0213678937
181	0.0212767769
182	0.0210544979
183	0.0210544979
184	0.0210736228
185	0.0209489509
186	0.0209489509
187	0.0209489509
188	0.0209489509
189	0.0209362149
190	0.0209361246
191	0.0206459275
192	0.0187914377
193	0.0190812680
194	0.0190812680
195	0.0190812680
196	0.0188288484
197	0.0203418497
198	0.0203418497
199	0.0203418497
200	0.0213729136
201	0.0213729136
202	0.0213729136
203	0.0203946662
204	0.0203946662
205	0.0203779943
206	0.0203779943
207	0.0203779943
208	0.0203779943
209	0.0193364331
210	0.0186981038
211	0.0191348231
212	0.0187506135
213	0.0187506135
214	0.0187515011
215	0.0187515011
216	0.0186684619
217	0.0186684619
218	0.0191187024
219	0.0191187024
220	0.0201779500
221	0.0201779500
222	0.0208310227
223	0.0209311780
224	0.0209311780
225	0.0215869094
226	0.0215869094
227	0.0216103293
228	0.0208622416
229	0.0209779594
230	0.0208296775
231	0.0208296775
232	0.0208296775
233	0.0208296775
234	0.0216545206
235	0.0208362801
236	0.0186963311
237	0.0236585527
238	0.0241639016
239	0.0241639016
240	0.0207044154
241	0.0213382357
242	0.0211992525
243	0.0211992525
244	0.0211992525
245	0.0226482654
246	0.0234927285
247	0.0230843213
248	0.0230873023
249	0.0230873023
250	0.0223218701
