1	0.1639274564
2	0.0939731193
3	0.0633349704
4	0.0373281858
5	0.0378622085
6	0.1354380620
7	0.1473552537
8	0.0807661201
9	0.0781951888
10	0.1249284733
11	0.0632606207
12	0.0784025602
13	0.0681635167
14	0.0428700378
15	0.0539041273
16	0.0357332419
17	0.0338199332
18	0.0292373011
19	0.0268640279
20	0.0279139006
21	0.0305931124
22	0.0291444704
23	0.0252345256
24	0.0203927291
25	0.0423573870
26	0.0445774019
27	0.0459160730
28	0.0260442514
29	0.0362598860
30	0.0334410134
31	0.0300684250
32	0.0225860694
33	0.0148309944
34	0.0156364110
35	0.0165371480
36	0.0153047627
37	0.0160874932
38	0.0148493055
39	0.0161773017
40	0.0117429103
41	0.0122747503
42	0.0130827643
43	0.0131725157
44	0.0109523095
45	0.0128927625
46	0.0154279064
47	0.0135858781
48	0.0151410557
49	0.0134005443
50	0.0136190462
51	0.0115301701
52	0.0144595137
53	0.0147690113
54	0.0152637677
55	0.0137748182
56	0.0113158963
57	0.0131664930
58	0.0158475778
59	0.0141417274
60	0.0167770610
61	0.0165272520
62	0.0182019635
63	0.0175842563
64	0.0166486732
65	0.0139450398
66	0.0151481326
67	0.0177151964
68	0.0145263195
69	0.0546325396
70	0.0536610032
71	0.0515904656
72	0.0474157632
73	0.0389319684
74	0.0394478750
75	0.0396011704
76	0.0404048103
77	0.0405188536
78	0.0263684146
79	0.0468315493
80	0.0477237000
81	0.0210202512
82	0.0259513342
83	0.0263793764
84	0.0228858993
85	0.0288079138
86	0.0320238804
87	0.0310423226
88	0.0335128580
89	0.0151611338
90	0.0175649408
91	0.0182124027
92	0.0287388966
93	0.0280815439
94	0.0193754909
95	0.0248933701
96	0.0239196776
97	0.0172615405
98	0.0198546363
99	0.0194693905
100	0.0190731152
101	0.0188667747
102	0.0183594561
103	0.0178555650
104	0.0196699193
105	0.0199169262
106	0.0181867817
107	0.0175037775
108	0.0167219551
109	0.0201060800
110	0.0226188566
111	0.0231383058
112	0.0201306735
113	0.0208559406
114	0.0260360642
115	0.0264615422
116	0.0260723687
117	0.0232674649
118	0.0260415437
119	0.0256692648
120	0.0242095135
121	0.0246013037
122	0.0265926221
123	0.0221559475
124	0.0250764032
125	0.0265185854
126	0.0244279832
127	0.0249451972
128	0.0236385803
129	0.0267678486
130	0.0236016425
131	0.0268642873
132	0.0258391019
133	0.0226159567
134	0.0263851547
135	0.0293620246
136	0.0284063838
137	0.0273798369
138	0.0282144277
139	0.0329886527
140	0.0331356870
141	0.0325458297
142	0.0445641275
143	0.0445394319
144	0.0458120458
145	0.0452909250
146	0.0362989254
147	0.0348345315
148	0.0333009267
149	0.0294871668
150	0.0271572717
151	0.0265957756
152	0.0282354221
153	0.0285768450
154	0.0268824031
155	0.0254624283
156	0.0254709812
157	0.0280620294
158	0.0285610717
159	0.0277788448
160	0.0281220316
161	0.0284597788
162	0.0288071952
163	0.0271038964
164	0.0246729595
165	0.0261280529
166	0.0276330204
167	0.0277813569
168	0.0273079556
169	0.0249927503
170	0.0263651217
171	0.0272976527
172	0.0262412765
173	0.0236976702
174	0.0260241642
175	0.0222969070
176	0.0227880252
177	0.0217069063
178	0.0212050199
179	0.0204344485
180	0.0207649211
181	0.0222311655
182	0.0200918694
183	0.0252083689
184	0.0226736089
185	0.0235917161
186	0.0232418178
187	0.0228256181
188	0.0217087042
189	0.0207406778
190	0.0206449840
191	0.0212452213
192	0.0234932576
193	0.0184628989
194	0.0189283360
195	0.0183572632
196	0.0188061284
197	0.0213985531
198	0.0206282463
199	0.0192829871
200	0.0180587557
201	0.0192495160
202	0.0213037353
203	0.0180276819
204	0.0180533106
205	0.0204925457
206	0.0187675734
207	0.0174591946
208	0.0191360850
209	0.0145655771
210	0.0184644452
211	0.0155837434
212	0.0172523967
213	0.0161607362
214	0.0198123150
215	0.0191567064
216	0.0178045142
217	0.0143919025
218	0.0157514280
219	0.0148144207
220	0.0143913876
221	0.0122505168
222	0.0131778502
223	0.0122561906
224	0.0138380733
225	0.0166433912
226	0.0179352445
227	0.0182465540
228	0.0183446634
229	0.0168471074
230	0.0168897210
231	0.0180631250
232	0.0164878319
233	0.0166506476
234	0.0114740659
235	0.0127930792
236	0.0158094043
237	0.0171826372
238	0.0191896176
239	0.0202898985
240	0.0188663875
241	0.0169046623
242	0.0195885223
243	0.0210537525
244	0.0264539622
245	0.0256072920
246	0.0247570251
247	0.0242758982
248	0.0238382119
249	0.0242179205
250	0.0219298386
