1	0.1196842670
2	0.1455809505
3	0.1008290181
4	0.1107602932
5	0.1132568095
6	0.0755183250
7	0.0472423403
8	0.0276150271
9	0.0273057369
10	0.0265412082
11	0.0280468267
12	0.0595645236
13	0.0443166150
14	0.0385869057
15	0.0417782075
16	0.0416451248
17	0.0364122785
18	0.0364078728
19	0.0426489208
20	0.0290810745
21	0.0375115205
22	0.0355824284
23	0.0290811504
24	0.0302683811
25	0.0315042825
26	0.0296257608
27	0.0260008591
28	0.0246344863
29	0.0220171744
30	0.0258929315
31	0.0249657952
32	0.0243345777
33	0.0239474207
34	0.0252969265
35	0.0239145127
36	0.0241624715
37	0.0219834653
38	0.0217494458
39	0.0210129378
40	0.0257454462
41	0.0208561531
42	0.0215258289
43	0.0276328126
44	0.0266911164
45	0.0257694344
46	0.0260225669
47	0.0327267851
48	0.0230689412
49	0.0310163919
50	0.0233253069
51	0.0232953081
52	0.0231118836
53	0.0229122521
54	0.0227400787
55	0.0275604626
56	0.0275270933
57	0.0273187425
58	0.0344491641
59	0.0338316490
60	0.0250931604
61	0.0250931604
62	0.0407719397
63	0.0405910523
64	0.0476682530
65	0.0476227819
66	0.0476227819
67	0.0476227819
68	0.0557891866
69	0.0233241984
70	0.0243587964
71	0.0268062909
72	0.0273434911
73	0.0648984292
74	0.0652536110
75	0.0652137754
76	0.0652137754
77	0.0653307905
78	0.0653307905
79	0.0584779937
80	0.0583792341
81	0.0201338294
82	0.0214403054
83	0.0212334034
84	0.0212334034
85	0.0212334034
86	0.0189130246
87	0.0223284130
88	0.0236352420
89	0.0261511245
90	0.0273481250
91	0.0267963178
92	0.0268098196
93	0.0290731096
94	0.0290731096
95	0.0274043738
96	0.0273472792
97	0.0212839597
98	0.0234888398
99	0.0234737416
100	0.0235278865
101	0.0271333697
102	0.0248416116
103	0.0247848658
104	0.0247848658
105	0.0248137037
106	0.0243662607
107	0.0221807700
108	0.0221807700
109	0.0225626963
110	0.0225626963
111	0.0225490714
112	0.0225430823
113	0.0230900215
114	0.0230900215
115	0.0267478676
116	0.0267291011
117	0.0261358426
118	0.0261190530
119	0.0261033919
120	0.0259904184
121	0.0260532816
122	0.0257889291
123	0.0293096797
124	0.0293122917
125	0.0290332068
126	0.0291598551
127	0.0303171667
128	0.0282263918
129	0.0210018775
130	0.0195517693
131	0.0197807914
132	0.0197807914
133	0.0198711304
134	0.0262513530
135	0.0418682868
136	0.0418682868
137	0.0418682868
138	0.0418682868
139	0.0418688408
140	0.0418688408
141	0.0391715262
142	0.0343083503
143	0.0338473836
144	0.0338966861
145	0.0169061639
146	0.0169061639
147	0.0169061639
148	0.0168740311
149	0.0168740311
150	0.0168740311
151	0.0168740311
152	0.0168958933
153	0.0169612201
154	0.0160603678
155	0.0160603678
156	0.0267669888
157	0.0206862297
158	0.0206768387
159	0.0206827472
160	0.0270348490
161	0.0270372197
162	0.0252390963
163	0.0270050635
164	0.0168758738
165	0.0168741948
166	0.0166366642
167	0.0164242009
168	0.0164242009
169	0.0164242009
170	0.0164242009
171	0.0166733426
172	0.0175441507
173	0.0217391630
174	0.0221240582
175	0.0218755883
176	0.0233797631
177	0.0233797631
178	0.0233806973
179	0.0235238066
180	0.0235238066
181	0.0292530800
182	0.0291893791
183	0.0280733287
184	0.0281348178
185	0.0281348178
186	0.0281348178
187	0.0457142137
188	0.0457155751
189	0.0457155751
190	0.0457155751
191	0.0457155751
192	0.0460940280
193	0.0456970859
194	0.0456968308
195	0.0456676270
196	0.0456676270
197	0.0456676270
198	0.0456676270
199	0.0456733362
200	0.0456733362
201	0.0456899802
202	0.0457460540
203	0.0457460540
204	0.0457446042
205	0.0453976949
206	0.0453976949
207	0.0453976949
208	0.0453963467
209	0.0453963467
210	0.0438839954
211	0.0428254911
212	0.0428254911
213	0.0428254911
214	0.0428239655
215	0.0428239655
216	0.0428239655
217	0.0428239655
218	0.0428239655
219	0.0428239655
220	0.0428239655
221	0.0428351418
222	0.0292818364
223	0.0292825743
224	0.0292819552
225	0.0407612526
226	0.0397118892
227	0.0397118892
228	0.0396981813
229	0.0396973258
230	0.0396973258
231	0.0396973258
232	0.0396973258
233	0.0397160776
234	0.0397160776
235	0.0397160776
236	0.0397160776
237	0.0269876704
238	0.0269858257
239	0.0269858257
240	0.0269858257
241	0.0269858257
242	0.0201601177
243	0.0203204273
244	0.0203204273
245	0.0203204273
246	0.0203204273
247	0.0203204273
248	0.0203134958
249	0.0203134958
250	0.0203134958
