1	0.2493933196
2	0.1733700565
3	0.1341041015
4	0.1128788937
5	0.0325479546
6	0.0334227091
7	0.0447637206
8	0.0327740670
9	0.0604738753
10	0.0960072393
11	0.0750978637
12	0.2036578767
13	0.0414646704
14	0.0472321437
15	0.0309776259
16	0.0325359234
17	0.0322524502
18	0.0375810663
19	0.0189567036
20	0.0193621786
21	0.0216311344
22	0.0285385121
23	0.0169769745
24	0.0202843628
25	0.0198126914
26	0.0145009150
27	0.0147032102
28	0.0153637668
29	0.0225695257
30	0.0169548757
31	0.0169700226
32	0.0144185951
33	0.0196687616
34	0.0198558338
35	0.0243552826
36	0.0193470304
37	0.0173540462
38	0.0189102720
39	0.0213220752
40	0.0224710329
41	0.0220198049
42	0.0225198976
43	0.0228044895
44	0.0230908848
45	0.0228763045
46	0.0216472632
47	0.0262061682
48	0.0247455191
49	0.0236158626
50	0.0231322456
51	0.0269277851
52	0.0216918157
53	0.0192030193
54	0.0209986497
55	0.0244205884
56	0.0230114807
57	0.0180012512
58	0.0195839832
59	0.0223021599
60	0.0220427961
61	0.0258337930
62	0.0227924919
63	0.0248576268
64	0.0194340700
65	0.0178586925
66	0.0232706030
67	0.0175307520
68	0.0196053745
69	0.0203260445
70	0.0208756501
71	0.0228135063
72	0.0225891953
73	0.0204208391
74	0.0209165890
75	0.0232218503
76	0.0228489352
77	0.0205375992
78	0.0222219213
79	0.0216221142
80	0.0164828259
81	0.0164175866
82	0.0182730359
83	0.0207641384
84	0.0192553115
85	0.0194127550
86	0.0217848945
87	0.0181818774
88	0.0230436154
89	0.0212865189
90	0.0223154971
91	0.0217651653
92	0.0214545998
93	0.0213683848
94	0.0226225040
95	0.0237627204
96	0.0211996293
97	0.0197105172
98	0.0194184110
99	0.0178402310
100	0.0206484962
101	0.0207856868
102	0.0216983647
103	0.0248075245
104	0.0255655162
105	0.0258951115
106	0.0179764538
107	0.0180408076
108	0.0177215569
109	0.0186715776
110	0.0148605010
111	0.0150492662
112	0.0151532498
113	0.0164470940
114	0.0150627600
115	0.0178965182
116	0.0230111556
117	0.0253100944
118	0.0245305632
119	0.0290424128
120	0.0296143885
121	0.0256049746
122	0.0230838878
123	0.0239634362
124	0.0218469647
125	0.0249108982
126	0.0199433258
127	0.0226341215
128	0.0231758022
129	0.0182486801
130	0.0229174169
131	0.0208768375
132	0.0208270773
133	0.0258345747
134	0.0271112399
135	0.0170816715
136	0.0200856332
137	0.0162258965
138	0.0220659744
139	0.0223872525
140	0.0211728499
141	0.0264562326
142	0.0275207951
143	0.0256616976
144	0.0248043899
145	0.0243982664
146	0.0229073683
147	0.0230590210
148	0.0249083121
149	0.0268015846
150	0.0265802903
151	0.0280099270
152	0.0282115103
153	0.0274863852
154	0.0198940014
155	0.0197336107
156	0.0181668180
157	0.0158304135
158	0.0153263892
159	0.0193406795
160	0.0170659039
161	0.0179452857
162	0.0202496187
163	0.0162367224
164	0.0167730709
165	0.0188980316
166	0.0189231450
167	0.0225074885
168	0.0265234654
169	0.0238662893
170	0.0220186917
171	0.0245573174
172	0.0275347427
173	0.0218406537
174	0.0197563691
175	0.0174564796
176	0.0202582272
177	0.0223998989
178	0.0197159938
179	0.0178405887
180	0.0183525691
181	0.0185764041
182	0.0183529360
183	0.0220924446
184	0.0232708531
185	0.0235013387
186	0.0236129726
187	0.0215331379
188	0.0240496746
189	0.0244601371
190	0.0223951707
191	0.0226716306
192	0.0200616271
193	0.0216092160
194	0.0194578859
195	0.0176751331
196	0.0166845726
197	0.0190948920
198	0.0187712963
199	0.0169956740
200	0.0207666969
201	0.0188931182
202	0.0183577700
203	0.0182012811
204	0.0207889417
205	0.0223551990
206	0.0270847613
207	0.0267764255
208	0.0272577852
209	0.0269499234
210	0.0242596026
211	0.0245954571
212	0.0245575858
213	0.0254344002
214	0.0226897030
215	0.0281340463
216	0.0262593413
217	0.0274328298
218	0.0263882024
219	0.0258708992
220	0.0240057913
221	0.0214901734
222	0.0210790576
223	0.0244560375
224	0.0190891063
225	0.0197522781
226	0.0214918554
227	0.0210377777
228	0.0230759633
229	0.0224389777
230	0.0236111441
231	0.0190202242
232	0.0208167212
233	0.0252678962
234	0.0215160092
235	0.0192473792
236	0.0191398295
237	0.0195310641
238	0.0214076459
239	0.0205102350
240	0.0201522747
241	0.0199636063
242	0.0191551714
243	0.0199421428
244	0.0212239732
245	0.0198386782
246	0.0214880589
247	0.0217186704
248	0.0220691211
249	0.0184121176
250	0.0875724381
