1	0.0752613727
2	0.1844335061
3	0.2845044908
4	0.2634896968
5	0.2171180713
6	0.1942175600
7	0.0505285992
8	0.0328694833
9	0.0359283216
10	0.0390566969
11	0.0352836040
12	0.0811228233
13	0.0462321429
14	0.0383866821
15	0.0394858933
16	0.0310862635
17	0.0340570983
18	0.0326992098
19	0.0306397820
20	0.0304808233
21	0.0225797137
22	0.0271772511
23	0.0265524701
24	0.0469248771
25	0.0471070322
26	0.0301524866
27	0.0429763607
28	0.0238956637
29	0.0241590282
30	0.0190030397
31	0.0222197460
32	0.0257624907
33	0.0228424365
34	0.0238735888
35	0.0238785218
36	0.0223676533
37	0.0211886170
38	0.0218699932
39	0.0199411280
40	0.0204140337
41	0.0220185221
42	0.0208981251
43	0.0172209368
44	0.0170640538
45	0.0170166474
46	0.0188387180
47	0.0157110666
48	0.0164337911
49	0.0133931032
50	0.0133931032
51	0.0134544687
52	0.0142951749
53	0.0148202300
54	0.0147853541
55	0.0121282262
56	0.0122574436
57	0.0123445017
58	0.0148892277
59	0.0196631078
60	0.0194540174
61	0.0201837792
62	0.0208884296
63	0.0200399917
64	0.0204816538
65	0.0206143022
66	0.0202018783
67	0.0202018783
68	0.0203576962
69	0.0199513462
70	0.0200880108
71	0.0194147725
72	0.0200856751
73	0.0201642629
74	0.0205652746
75	0.0205646363
76	0.0212330480
77	0.0211787505
78	0.0217631994
79	0.0217476749
80	0.0217476749
81	0.0194969583
82	0.0192105216
83	0.0192203522
84	0.0192203522
85	0.0203443276
86	0.0193566333
87	0.0192201116
88	0.0192254088
89	0.0192556316
90	0.0164764188
91	0.0155587220
92	0.0155686977
93	0.0156158903
94	0.0156633497
95	0.0155947992
96	0.0155947992
97	0.0157285287
98	0.0157026689
99	0.0167438872
100	0.0168667823
101	0.0168735479
102	0.0197636862
103	0.0185474743
104	0.0185361648
105	0.0205928794
106	0.0205824969
107	0.0213151719
108	0.0213153640
109	0.0213168149
110	0.0232115873
111	0.0214264433
112	0.0214264433
113	0.0212195804
114	0.0212195804
115	0.0217890915
116	0.0217890915
117	0.0217980078
118	0.0209407765
119	0.0209452387
120	0.0211915890
121	0.0213005570
122	0.0204629070
123	0.0204629070
124	0.0204629070
125	0.0202902562
126	0.0202902562
127	0.0194279566
128	0.0200778028
129	0.0200772882
130	0.0176165397
131	0.0173749145
132	0.0170609036
133	0.0170104795
134	0.0174351214
135	0.0174351214
136	0.0172153261
137	0.0176060982
138	0.0175984746
139	0.0175984746
140	0.0175954694
141	0.0175954694
142	0.0175963540
143	0.0175963540
144	0.0176781997
145	0.0177717768
146	0.0177715051
147	0.0151078502
148	0.0151078502
149	0.0151065539
150	0.0151065539
151	0.0151065539
152	0.0151065539
153	0.0145574150
154	0.0145574150
155	0.0145574150
156	0.0154259482
157	0.0155223755
158	0.0149721834
159	0.0149721834
160	0.0149332316
161	0.0153467234
162	0.0153599262
163	0.0154082297
164	0.0155388878
165	0.0155713303
166	0.0155713303
167	0.0155713303
168	0.0155394643
169	0.0169961916
170	0.0169961916
171	0.0170040485
172	0.0170460799
173	0.0170738138
174	0.0162685514
175	0.0162685514
176	0.0162685514
177	0.0159877269
178	0.0165385071
179	0.0168440066
180	0.0163349194
181	0.0163349194
182	0.0162773979
183	0.0170841256
184	0.0170751037
185	0.0170751037
186	0.0170902971
187	0.0170902971
188	0.0170902971
189	0.0174239280
190	0.0187354191
191	0.0183711942
192	0.0185284951
193	0.0185496317
194	0.0193213415
195	0.0193209847
196	0.0192969871
197	0.0205036398
198	0.0205036398
199	0.0198909840
200	0.0189854191
201	0.0190080724
202	0.0190080724
203	0.0190080724
204	0.0195805058
205	0.0191620931
206	0.0183771243
207	0.0183348256
208	0.0201496166
209	0.0192496587
210	0.0200898294
211	0.0200898294
212	0.0547526654
213	0.0804359879
214	0.0805181325
215	0.0805181325
216	0.0805181325
217	0.0805181325
218	0.0804744888
219	0.0199738312
220	0.0200008153
221	0.0200593616
222	0.0211466224
223	0.0270101831
224	0.0270101831
225	0.0270101831
226	0.0270101831
227	0.0215144981
228	0.0213690616
229	0.0339807129
230	0.0346521149
231	0.0346521149
232	0.0216819637
233	0.0270614788
234	0.0313589684
235	0.0337903407
236	0.0396736457
237	0.0400229387
238	0.0397381970
239	0.0405417043
240	0.0366447125
241	0.0366811599
242	0.0366647477
243	0.0370794590
244	0.0362399475
245	0.0263518924
246	0.0261869340
247	0.0265678381
248	0.0265454757
249	0.0269710187
250	0.0285965358
