1	0.1146221412
2	0.2624364352
3	0.2057587599
4	0.0546857603
5	0.0556767770
6	0.0681124318
7	0.0272215541
8	0.0247588460
9	0.0470176370
10	0.0408457966
11	0.0335908840
12	0.0660227435
13	0.0640331275
14	0.0538981741
15	0.0491420669
16	0.0545261166
17	0.0583512744
18	0.0570363085
19	0.0554240979
20	0.0600666290
21	0.0517518583
22	0.0494053014
23	0.0492695809
24	0.0489996564
25	0.0491855143
26	0.0493690947
27	0.0402094051
28	0.0419142820
29	0.0406916897
30	0.0373461279
31	0.0266946909
32	0.0216786280
33	0.0222429348
34	0.0221385814
35	0.0191035109
36	0.0199508329
37	0.0233546885
38	0.0234208902
39	0.0238401132
40	0.0249100111
41	0.0261529661
42	0.0261529661
43	0.0282630959
44	0.0283284600
45	0.0283284600
46	0.0265427625
47	0.0391839593
48	0.0525630545
49	0.0527188886
50	0.0520701730
51	0.0519504698
52	0.0524969456
53	0.0532307021
54	0.0533127705
55	0.0393987303
56	0.0385268178
57	0.0392504942
58	0.0391947141
59	0.0429752477
60	0.0429752477
61	0.0428921199
62	0.0437719894
63	0.0438459738
64	0.0432921352
65	0.0430323585
66	0.0426205823
67	0.0393616076
68	0.0400080625
69	0.0398978279
70	0.0399466662
71	0.0929890368
72	0.0149956570
73	0.0382079356
74	0.0878788198
75	0.0882365537
76	0.0169752756
77	0.0169752756
78	0.0169369073
79	0.0169369073
80	0.0194098656
81	0.0192702168
82	0.0285469464
83	0.0289840883
84	0.0174368569
85	0.0201670570
86	0.0201670570
87	0.0201670570
88	0.0197578358
89	0.0190223552
90	0.0235535624
91	0.0137914523
92	0.0207014236
93	0.0317296191
94	0.0317983582
95	0.0315962568
96	0.0322816581
97	0.0322816581
98	0.0327176239
99	0.0258213610
100	0.0259557569
101	0.0258090142
102	0.0330949681
103	0.0330949681
104	0.0330949681
105	0.0332382973
106	0.0332654400
107	0.0327832359
108	0.0313421598
109	0.0313421598
110	0.0392280264
111	0.0344765807
112	0.0707491688
113	0.0713353284
114	0.0713353284
115	0.0172535879
116	0.0172535879
117	0.0187459510
118	0.0192855079
119	0.0192866545
120	0.0190331292
121	0.0187033080
122	0.0189938407
123	0.0173367034
124	0.0209526695
125	0.0178923715
126	0.0220977982
127	0.0220783307
128	0.0220852273
129	0.0236807109
130	0.0224119876
131	0.0224119876
132	0.0225520128
133	0.0225477436
134	0.0267644649
135	0.0267644649
136	0.0266867792
137	0.0286289610
138	0.0325904852
139	0.0323945095
140	0.0237777126
141	0.0215941211
142	0.0215458594
143	0.0214273797
144	0.0214273797
145	0.0371538758
146	0.0371538758
147	0.0371538758
148	0.0371538758
149	0.0352400261
150	0.0352400261
151	0.0352400261
152	0.0351589680
153	0.0351812140
154	0.0622145241
155	0.0290473496
156	0.0290473496
157	0.0362059840
158	0.0221834402
159	0.0262293260
160	0.0262293260
161	0.0212202773
162	0.0212202773
163	0.0200402222
164	0.0200401767
165	0.0200312451
166	0.0795678559
167	0.0797159257
168	0.0783119933
169	0.0778798619
170	0.0776608903
171	0.0241491443
172	0.0241491443
173	0.0243200780
174	0.0243174969
175	0.0234269656
176	0.0208910667
177	0.0208910667
178	0.0208910667
179	0.0208910667
180	0.0208910667
181	0.0205093673
182	0.0206797031
183	0.0206797031
184	0.0206421870
185	0.0206421870
186	0.0211362557
187	0.0208702600
188	0.0208702600
189	0.0208702600
190	0.0209438708
191	0.0209432444
192	0.0209432444
193	0.0200544106
194	0.0200544106
195	0.0196436703
196	0.0156835872
197	0.0156197244
198	0.0156197244
199	0.0156727847
200	0.0157260849
201	0.0157260849
202	0.0157260849
203	0.0157244610
204	0.0157186342
205	0.0205671700
206	0.0214710456
207	0.0181531789
208	0.0181531789
209	0.0182269244
210	0.0193102465
211	0.0166955141
212	0.0169797578
213	0.0169797578
214	0.0194571087
215	0.0211497507
216	0.0211497507
217	0.0211497507
218	0.0211497507
219	0.0210587886
220	0.0210587886
221	0.0207592875
222	0.0200007515
223	0.0200007515
224	0.0200007515
225	0.0199957929
226	0.0193126520
227	0.0194182668
228	0.0180453321
229	0.0179387692
230	0.0156422111
231	0.0156251492
232	0.0155748370
233	0.0256382131
234	0.0312836438
235	0.0312836438
236	0.0346617297
237	0.0367226377
238	0.0367702024
239	0.0367702024
240	0.0362582361
241	0.0294745526
242	0.0342166832
243	0.0342166832
244	0.0342166832
245	0.0363401091
246	0.0294379789
247	0.0497916650
248	0.0491535619
249	0.0491535619
250	0.0575718120
