1	0.1916314407
2	0.0934230530
3	0.0343867115
4	0.0622075520
5	0.1441993940
6	0.1023036248
7	0.0843262631
8	0.1084244731
9	0.0755921162
10	0.0642112023
11	0.0536282258
12	0.1137852317
13	0.0285521681
14	0.0369905052
15	0.0215469378
16	0.0483801352
17	0.0506049084
18	0.0374015742
19	0.0179431314
20	0.0280034967
21	0.0259422342
22	0.0199152677
23	0.0277124264
24	0.0694580369
25	0.0918929631
26	0.0396325991
27	0.0384134651
28	0.0389874340
29	0.0615212141
30	0.0210592369
31	0.0189752089
32	0.0159581334
33	0.0144877427
34	0.0314763544
35	0.0302958373
36	0.0292240582
37	0.0502502675
38	0.0501554137
39	0.0350874660
40	0.0315435400
41	0.0329013546
42	0.0469164905
43	0.0474079252
44	0.0189815417
45	0.0226003793
46	0.0226760508
47	0.0183243768
48	0.0179943236
49	0.0175023151
50	0.0177405544
51	0.0242321457
52	0.0199637402
53	0.0192259354
54	0.0176343638
55	0.0167993253
56	0.0185667849
57	0.0201082012
58	0.0195547894
59	0.0174567126
60	0.0303297571
61	0.0309603143
62	0.0285283450
63	0.0194500051
64	0.0170071078
65	0.0154708731
66	0.0113177102
67	0.0146568393
68	0.0424821454
69	0.0438748346
70	0.0440619155
71	0.0543114295
72	0.0532804136
73	0.0433043054
74	0.0509313392
75	0.0414577466
76	0.0399893683
77	0.0398689701
78	0.0400855258
79	0.0404506036
80	0.0566187826
81	0.0572915010
82	0.0428492083
83	0.0425645268
84	0.0438664389
85	0.0433460938
86	0.0435101643
87	0.0436772272
88	0.0454503913
89	0.0297845599
90	0.0305100301
91	0.0302701161
92	0.0303700198
93	0.0308217839
94	0.0283417617
95	0.0304971639
96	0.0206551363
97	0.0184202269
98	0.0191446248
99	0.0208862524
100	0.0240451881
101	0.0223398598
102	0.0194046434
103	0.0180975590
104	0.0237490358
105	0.0223587819
106	0.0202477598
107	0.0196778276
108	0.0190846699
109	0.0228817179
110	0.0205283617
111	0.0208060482
112	0.0282640483
113	0.0245904602
114	0.0218709842
115	0.0226879321
116	0.0241571609
117	0.0169939520
118	0.0186572110
119	0.0187781864
120	0.0181804274
121	0.0181580745
122	0.0167532653
123	0.0174864464
124	0.0182705064
125	0.0179634854
126	0.0170131310
127	0.0156979823
128	0.0172875800
129	0.0183038513
130	0.0158838672
131	0.0208481820
132	0.0220860821
133	0.0189230425
134	0.0188171362
135	0.0227028997
136	0.0204185479
137	0.0174356492
138	0.0212387053
139	0.0204528371
140	0.0198726814
141	0.0186347759
142	0.0196880786
143	0.0164597818
144	0.0237210430
145	0.0247001642
146	0.0194969544
147	0.0190430402
148	0.0210206377
149	0.0213198424
150	0.0183798912
151	0.0182888024
152	0.0183417021
153	0.0214348422
154	0.0255333715
155	0.0249896696
156	0.0226780453
157	0.0201217510
158	0.0192365289
159	0.0202340432
160	0.0219151705
161	0.0215196854
162	0.0215900530
163	0.0188960514
164	0.0186304860
165	0.0217085669
166	0.0262473425
167	0.0251921498
168	0.0238926984
169	0.0238391375
170	0.0216147057
171	0.0218457602
172	0.0226199829
173	0.0241202716
174	0.0249346208
175	0.0219022803
176	0.0242670645
177	0.0232581905
178	0.0221312151
179	0.0228891406
180	0.0236450322
181	0.0224164448
182	0.0201070648
183	0.0210995052
184	0.0179908890
185	0.0181012939
186	0.0177780356
187	0.0211441328
188	0.0245789901
189	0.0241037053
190	0.0267304788
191	0.0282166107
192	0.0275709998
193	0.0283351478
194	0.0291380347
195	0.0298410331
196	0.0286474534
197	0.0241326168
198	0.0221643524
199	0.0202362043
200	0.0187757843
201	0.0182313668
202	0.0208904338
203	0.0198888742
204	0.0226553534
205	0.0224741036
206	0.0222318922
207	0.0242551417
208	0.0238698768
209	0.0259811073
210	0.0243709903
211	0.0232070687
212	0.0200681834
213	0.0187932293
214	0.0164445456
215	0.0171766783
216	0.0169069641
217	0.0156785574
218	0.0197409303
219	0.0189955086
220	0.0178657971
221	0.0180147000
222	0.0175331679
223	0.0166552982
224	0.0173720293
225	0.0180834675
226	0.0192206854
227	0.0231467626
228	0.0241044153
229	0.0210850865
230	0.0188701033
231	0.0152394478
232	0.0180217944
233	0.0193461066
234	0.0179077920
235	0.0196075819
236	0.0199420869
237	0.0175440392
238	0.0212648431
239	0.0252744264
240	0.0255972942
241	0.0239925546
242	0.0246196994
243	0.0233976816
244	0.0226760990
245	0.0211438900
246	0.0216811198
247	0.0202712146
248	0.0165970772
249	0.0176694907
250	0.0166178303
