1	0.1753117229
2	0.1178789221
3	0.0865454521
4	0.1194846204
5	0.1030657483
6	0.0285475880
7	0.0349503255
8	0.0328655835
9	0.0407549936
10	0.0516856075
11	0.0315273372
12	0.0349690907
13	0.0842894011
14	0.0301709473
15	0.1270427843
16	0.0262807311
17	0.1006750333
18	0.1098053321
19	0.0257090790
20	0.0241208773
21	0.0249629512
22	0.0268120971
23	0.0221358162
24	0.0264573423
25	0.0258184983
26	0.0276840199
27	0.0266347396
28	0.0228407010
29	0.0226268471
30	0.0267867259
31	0.0267653585
32	0.0215296920
33	0.0173718987
34	0.0201526841
35	0.0209519182
36	0.0199955096
37	0.0228037808
38	0.0204315277
39	0.0207485098
40	0.0159221884
41	0.0157813153
42	0.0199068466
43	0.0199802651
44	0.0174060090
45	0.0163977976
46	0.0156913982
47	0.0148945854
48	0.0197009972
49	0.0144516794
50	0.0162724320
51	0.0187877982
52	0.0187676074
53	0.0156253383
54	0.0176033164
55	0.0206803142
56	0.0173456886
57	0.0224090961
58	0.0249999129
59	0.0224983205
60	0.0224983205
61	0.0217644609
62	0.0235093510
63	0.0253269314
64	0.0189255445
65	0.0186033626
66	0.0248524359
67	0.0236551181
68	0.0237008566
69	0.0234818164
70	0.0237161385
71	0.0218150602
72	0.0220758076
73	0.0233679011
74	0.0245935170
75	0.0276498015
76	0.0296405598
77	0.0243686691
78	0.0246341161
79	0.0254440541
80	0.0263037229
81	0.0266560571
82	0.0245754490
83	0.0187222559
84	0.0222176903
85	0.0260381367
86	0.0260063680
87	0.0271857976
88	0.0271662499
89	0.0218272991
90	0.0218272991
91	0.0189469359
92	0.0189017045
93	0.0253010754
94	0.0243746904
95	0.0253080356
96	0.0251777040
97	0.0251777040
98	0.0251777040
99	0.0211134955
100	0.0244729149
101	0.0297929285
102	0.0292806824
103	0.0311027201
104	0.0316856209
105	0.0304234515
106	0.0304647305
107	0.0324115376
108	0.0293372601
109	0.0212029922
110	0.0202263717
111	0.0235511247
112	0.0220958781
113	0.0265173560
114	0.0245809330
115	0.0245809330
116	0.0226830788
117	0.0226830788
118	0.0185320807
119	0.0218063000
120	0.0193602121
121	0.0196645899
122	0.0196492407
123	0.0161388756
124	0.0146077972
125	0.0211817924
126	0.0202985719
127	0.0193869571
128	0.0171950440
129	0.0144586395
130	0.0150745540
131	0.0315433893
132	0.0150009412
133	0.0275292264
134	0.0536521068
135	0.0344540484
136	0.0539448357
137	0.0542468905
138	0.0448186653
139	0.0316642239
140	0.0738074557
141	0.0588838315
142	0.0679268352
143	0.0161230650
144	0.0483946778
145	0.0484039239
146	0.0597041328
147	0.0597041328
148	0.0597041328
149	0.0597095299
150	0.0344863253
151	0.0605075097
152	0.0889318066
153	0.0889318066
154	0.0153988406
155	0.0198021472
156	0.0450872581
157	0.0450905783
158	0.0620262833
159	0.0419067380
160	0.1281845949
161	0.0350924122
162	0.0169423145
163	0.0323562095
164	0.0321393029
165	0.0282889624
166	0.0282889624
167	0.0152671607
168	0.0169413554
169	0.0169413554
170	0.0208164427
171	0.0208164427
172	0.0181708878
173	0.0197593340
174	0.0208608217
175	0.0208929504
176	0.0243046876
177	0.0265043081
178	0.0228400663
179	0.0390186767
180	0.0390701252
181	0.0301254396
182	0.0271903158
183	0.0335561923
184	0.0329400462
185	0.0276008777
186	0.0424843407
187	0.0516159748
188	0.0515853853
189	0.0260442428
190	0.0612796070
191	0.0472517992
192	0.0486816916
193	0.0430406341
194	0.0334014004
195	0.0458918046
196	0.0442781286
197	0.0802855048
198	0.1309849028
199	0.1309849028
200	0.0164523455
201	0.0334714556
202	0.0290600216
203	0.0185610614
204	0.0290629239
205	0.0315208788
206	0.0313059647
207	0.0315353973
208	0.0315353973
209	0.0178000998
210	0.0255849898
211	0.0424819208
212	0.0226539350
213	0.0169334148
214	0.1034715745
215	0.1170010581
216	0.0344362675
217	0.1366904356
218	0.0230009167
219	0.0220095660
220	0.0239356464
221	0.0223874704
222	0.0240685676
223	0.0201686576
224	0.0187726484
225	0.0185962534
226	0.0226207074
227	0.0151771871
228	0.0197531780
229	0.0152139930
230	0.0154981498
231	0.0154981498
232	0.0208685278
233	0.0224016060
234	0.0159119286
235	0.0159109320
236	0.0157863684
237	0.0210786354
238	0.0157756575
239	0.0203888230
240	0.0200104655
241	0.0204373408
242	0.0153372652
243	0.0226893516
244	0.0179212615
245	0.0149784276
246	0.0181190005
247	0.0183858663
248	0.0133717011
249	0.0179863106
250	0.0171402444
