1	0.0979859526
2	0.0795168792
3	0.0654392108
4	0.1416825665
5	0.0821230575
6	0.0553985939
7	0.0514679470
8	0.0738318230
9	0.0192055032
10	0.0442934464
11	0.0746967251
12	0.0353248772
13	0.0436618132
14	0.0231264047
15	0.0227821601
16	0.0328894102
17	0.0491310030
18	0.0534497700
19	0.0467278228
20	0.0409128308
21	0.0367672024
22	0.0358022400
23	0.0305435102
24	0.0305925235
25	0.0313019973
26	0.0318131188
27	0.0978160296
28	0.0942360181
29	0.0926867996
30	0.0957909679
31	0.0933818177
32	0.0929663747
33	0.0924587414
34	0.0142728977
35	0.0148933461
36	0.0272461585
37	0.0268106993
38	0.0276487289
39	0.0159380522
40	0.0157008369
41	0.0772857706
42	0.0776097942
43	0.0754625944
44	0.0762361950
45	0.0766023320
46	0.0237630909
47	0.0230096381
48	0.0206045773
49	0.0211984659
50	0.0210105833
51	0.0195516863
52	0.0135777321
53	0.0149664712
54	0.0166152170
55	0.0179558831
56	0.0163747901
57	0.0176382962
58	0.0153540637
59	0.0208553026
60	0.0214964454
61	0.0209909646
62	0.0211485464
63	0.0173944503
64	0.0157115057
65	0.0164086748
66	0.0170950310
67	0.0163953758
68	0.0255301695
69	0.0255739979
70	0.0234336705
71	0.0260165535
72	0.0251086628
73	0.0185080344
74	0.0169031897
75	0.0176860189
76	0.0143127728
77	0.0101871648
78	0.0151644245
79	0.0168977831
80	0.0161777361
81	0.0143601366
82	0.0155290165
83	0.0173698904
84	0.0189609775
85	0.0179318888
86	0.0237370319
87	0.0196296598
88	0.0181236130
89	0.0174480189
90	0.0172205270
91	0.0183643805
92	0.0219016190
93	0.0186127936
94	0.0202965841
95	0.0163612999
96	0.0171909162
97	0.0227776735
98	0.0233973653
99	0.0240042237
100	0.0190498100
101	0.0189656412
102	0.0193008984
103	0.0186737068
104	0.0174436522
105	0.0180832638
106	0.0185938172
107	0.0242938589
108	0.0220784058
109	0.0251996729
110	0.0248968986
111	0.0229332764
112	0.0221636440
113	0.0234104254
114	0.0226350788
115	0.0208281470
116	0.0227928270
117	0.0228304503
118	0.0233075149
119	0.0224693823
120	0.0247471110
121	0.0236131658
122	0.0224183451
123	0.0189634041
124	0.0199770678
125	0.0215022888
126	0.0215679680
127	0.0222083377
128	0.0219932258
129	0.0212652863
130	0.0197126178
131	0.0166385019
132	0.0195101027
133	0.0163747816
134	0.0210226941
135	0.0216181398
136	0.0259165172
137	0.0231398204
138	0.0244777736
139	0.0227447696
140	0.0200027608
141	0.0181461298
142	0.0169367025
143	0.0204449622
144	0.0251191636
145	0.0225172544
146	0.0262843651
147	0.0267020394
148	0.0289761924
149	0.0269506591
150	0.0262950595
151	0.0260997813
152	0.0224636647
153	0.0207329894
154	0.0235435886
155	0.0198344630
156	0.0219096085
157	0.0212677718
158	0.0227276393
159	0.0269336396
160	0.0301481651
161	0.0254761952
162	0.0264026814
163	0.0255633090
164	0.0243814933
165	0.0267540863
166	0.0244968409
167	0.0235350190
168	0.0232150926
169	0.0231559014
170	0.0209574556
171	0.0204793329
172	0.0205780557
173	0.0174587130
174	0.0189092661
175	0.0278788405
176	0.0266779767
177	0.0246059974
178	0.0229116715
179	0.0227362510
180	0.0217084512
181	0.0221746760
182	0.0248286540
183	0.0251079650
184	0.0251168755
185	0.0234585425
186	0.0260035288
187	0.0266940598
188	0.0239427144
189	0.0237481281
190	0.0235895245
191	0.0213181776
192	0.0237920206
193	0.0224925986
194	0.0220332354
195	0.0235500544
196	0.0241145161
197	0.0240560488
198	0.0233620245
199	0.0229563633
200	0.0228133477
201	0.0231156111
202	0.0250345695
203	0.0258835391
204	0.0256210200
205	0.0276262086
206	0.0268776477
207	0.0259820319
208	0.0259625106
209	0.0244256779
210	0.0247890027
211	0.0250354016
212	0.0248794979
213	0.0226206485
214	0.0266922263
215	0.0245729723
216	0.0224698154
217	0.0206855541
218	0.0217612935
219	0.0258899443
220	0.0262608506
221	0.0228002792
222	0.0242642873
223	0.0224361812
224	0.0243394648
225	0.0247575626
226	0.0284039433
227	0.0253118452
228	0.0189197686
229	0.0188465663
230	0.0214863475
231	0.0226046759
232	0.0226515600
233	0.0242035771
234	0.0241593952
235	0.0249915767
236	0.0259742588
237	0.0249631517
238	0.0244183977
239	0.0258352773
240	0.0256331826
241	0.0253985240
242	0.0228277266
243	0.0220461728
244	0.0217278155
245	0.0247398344
246	0.0277130799
247	0.0226356261
248	0.0229857137
249	0.0220418550
250	0.0205314371
