1	0.1123170051
2	0.0961381611
3	0.0635428484
4	0.0451141080
5	0.0284670641
6	0.1343513079
7	0.0486097214
8	0.0573987110
9	0.0505850534
10	0.0542715736
11	0.0396618778
12	0.1017954930
13	0.0352994178
14	0.0296552766
15	0.0285516652
16	0.0258496421
17	0.0269854238
18	0.0276302793
19	0.0241491189
20	0.0234308967
21	0.0303938082
22	0.0277866947
23	0.0198708846
24	0.0228584287
25	0.0202838312
26	0.0235791226
27	0.0200710306
28	0.0212604664
29	0.0205236528
30	0.0199044479
31	0.0192474512
32	0.0221080474
33	0.0225429236
34	0.0244420682
35	0.0217496918
36	0.0293421022
37	0.0299999450
38	0.0253268733
39	0.0258601040
40	0.0273156260
41	0.0299469929
42	0.0313436309
43	0.0317908754
44	0.0307002476
45	0.0265228800
46	0.0318934879
47	0.0334274739
48	0.0332053890
49	0.0379438119
50	0.0350498369
51	0.0327701622
52	0.0317360797
53	0.0172634812
54	0.0181518834
55	0.0197790348
56	0.0196676910
57	0.0164650738
58	0.0191707946
59	0.0203011476
60	0.0196782538
61	0.0196002556
62	0.0185625808
63	0.0203714623
64	0.0241516414
65	0.0226222402
66	0.0225209168
67	0.0218265919
68	0.0233465747
69	0.0220372816
70	0.0197254711
71	0.0193696109
72	0.0208662767
73	0.0237341751
74	0.0231691348
75	0.0236237291
76	0.0224158151
77	0.0194419637
78	0.0204837825
79	0.0205486933
80	0.0208713755
81	0.0215920478
82	0.0223471529
83	0.0224159738
84	0.0236369919
85	0.0242292610
86	0.0250516072
87	0.0256190562
88	0.0265060259
89	0.0245237346
90	0.0279487706
91	0.0274152749
92	0.0268861076
93	0.0234822064
94	0.0244674073
95	0.0273285691
96	0.0231616790
97	0.0231203977
98	0.0198839659
99	0.0212765900
100	0.0189613510
101	0.0208120275
102	0.0202176674
103	0.0201979573
104	0.0214420857
105	0.0229596489
106	0.0217945379
107	0.0227560796
108	0.0213786120
109	0.0240536335
110	0.0252480214
111	0.0212942939
112	0.0211755759
113	0.0212860255
114	0.0240077867
115	0.0232761962
116	0.0218655952
117	0.0220945128
118	0.0197994013
119	0.0211013458
120	0.0175859034
121	0.0159028898
122	0.0142407622
123	0.0180157538
124	0.0179351910
125	0.0169687573
126	0.0171530534
127	0.0189984028
128	0.0186592300
129	0.0217483454
130	0.0205214750
131	0.0195127349
132	0.0206338927
133	0.0201868830
134	0.0187369566
135	0.0176446186
136	0.0194200959
137	0.0178379260
138	0.0153652977
139	0.0168760612
140	0.0172071192
141	0.0166456005
142	0.0196782644
143	0.0228966393
144	0.0200104417
145	0.0207896810
146	0.0222590247
147	0.0241511847
148	0.0216535161
149	0.0214479391
150	0.0224509413
151	0.0218321076
152	0.0194239238
153	0.0244614568
154	0.0229661147
155	0.0247102755
156	0.0267335670
157	0.0240468316
158	0.0211734144
159	0.0239273099
160	0.0240197598
161	0.0225708197
162	0.0228793581
163	0.0242850114
164	0.0250388370
165	0.0219467570
166	0.0208884368
167	0.0177220238
168	0.0171370552
169	0.0147815061
170	0.0154094483
171	0.0184136006
172	0.0194027881
173	0.0236157084
174	0.0230253283
175	0.0234333246
176	0.0208126706
177	0.0203532318
178	0.0213636056
179	0.0213747649
180	0.0214565705
181	0.0235542838
182	0.0231466083
183	0.0281628377
184	0.0261382358
185	0.0258634153
186	0.0260123830
187	0.0262233962
188	0.0242535542
189	0.0221224807
190	0.0196262560
191	0.0176020883
192	0.0168227043
193	0.0195918806
194	0.0198010838
195	0.0199230873
196	0.0213495304
197	0.0214592200
198	0.0228797804
199	0.0246782280
200	0.0239465660
201	0.0226996007
202	0.0226068251
203	0.0194062343
204	0.0201246237
205	0.0184553520
206	0.0181709694
207	0.0236643574
208	0.0189138044
209	0.0215002846
210	0.0259280403
211	0.0255409357
212	0.0215289600
213	0.0218300039
214	0.0217483480
215	0.0181111290
216	0.0150383984
217	0.0158517181
218	0.0194763706
219	0.0188189751
220	0.0210922412
221	0.0196842965
222	0.0191870701
223	0.0198766110
224	0.0215975917
225	0.0240082440
226	0.0244501065
227	0.0283999368
228	0.0310611067
229	0.0296547626
230	0.0244822082
231	0.0228906466
232	0.0236170762
233	0.0203466175
234	0.0223706018
235	0.0226545503
236	0.0240815432
237	0.0250273079
238	0.0235267336
239	0.0260330543
240	0.0261190326
241	0.0239996994
242	0.0235952200
243	0.0259895803
244	0.0252907821
245	0.0231729876
246	0.0256445382
247	0.0244042362
248	0.0236606945
249	0.0228244153
250	0.0240768284
