1	0.0793181023
2	0.1029267331
3	0.0755292572
4	0.0494321913
5	0.0601197391
6	0.1411103103
7	0.0568056730
8	0.0459546614
9	0.0462013075
10	0.0431284358
11	0.0905402044
12	0.0262776908
13	0.0237581982
14	0.0231489517
15	0.0267919046
16	0.0381467068
17	0.0461056684
18	0.0326034253
19	0.0826358463
20	0.0883438856
21	0.0838651979
22	0.0775245565
23	0.0452147933
24	0.0448366097
25	0.0650032944
26	0.0557458497
27	0.0562251918
28	0.0402600328
29	0.0550387252
30	0.0544462951
31	0.0543781845
32	0.0557608525
33	0.0564936259
34	0.0552920669
35	0.0577923653
36	0.0538481404
37	0.0523286686
38	0.0520925381
39	0.0527019032
40	0.0525408902
41	0.0564471042
42	0.0567562780
43	0.0571563698
44	0.0386545544
45	0.0252246365
46	0.0240107492
47	0.0259646545
48	0.0181240343
49	0.0171281330
50	0.0249480862
51	0.0267743512
52	0.0257564255
53	0.0265001647
54	0.0277778256
55	0.0276851537
56	0.0282751790
57	0.0301434513
58	0.0282839328
59	0.0275057453
60	0.0284117559
61	0.0286011040
62	0.0241650212
63	0.0226584524
64	0.0234395593
65	0.0241020876
66	0.0238331752
67	0.0217424579
68	0.0348471811
69	0.0313732934
70	0.0332855446
71	0.0340732318
72	0.0325733952
73	0.0320634613
74	0.0309256432
75	0.0302946565
76	0.0317415464
77	0.0305983987
78	0.0313498828
79	0.0320657362
80	0.0407235353
81	0.0382685726
82	0.0374008757
83	0.0379995523
84	0.0392799631
85	0.0203543819
86	0.0196435813
87	0.0182730371
88	0.0224696819
89	0.0221918898
90	0.0212237797
91	0.0229347656
92	0.0236161865
93	0.0199217882
94	0.0201902233
95	0.0195415024
96	0.0211144345
97	0.0184597844
98	0.0210826888
99	0.0195491200
100	0.0182688989
101	0.0204148475
102	0.0215220315
103	0.0221106462
104	0.0247193406
105	0.0242155773
106	0.0255661844
107	0.0261932652
108	0.0279972295
109	0.0265288163
110	0.0223820173
111	0.0221816321
112	0.0194164181
113	0.0204586491
114	0.0206048066
115	0.0182390324
116	0.0185547524
117	0.0172864064
118	0.0176830814
119	0.0184788941
120	0.0183387415
121	0.0207338291
122	0.0194499231
123	0.0195698827
124	0.0190583388
125	0.0196697758
126	0.0190668852
127	0.0188806116
128	0.0180243037
129	0.0192890276
130	0.0193556526
131	0.0189605462
132	0.0182064117
133	0.0168985866
134	0.0160053351
135	0.0150013815
136	0.0180710279
137	0.0195765307
138	0.0192489824
139	0.0184318476
140	0.0168117151
141	0.0177559985
142	0.0202280272
143	0.0224784679
144	0.0232789506
145	0.0243017294
146	0.0351083063
147	0.0344316687
148	0.0347322983
149	0.0346493728
150	0.0357307011
151	0.0376904447
152	0.0360672288
153	0.0363904146
154	0.0359099711
155	0.0377471233
156	0.0390355387
157	0.0397985176
158	0.0391184698
159	0.0466654208
160	0.0468283854
161	0.0469864496
162	0.0377380231
163	0.0382607686
164	0.0380155648
165	0.0356582583
166	0.0348380793
167	0.0353232971
168	0.0362203235
169	0.0192314585
170	0.0217682758
171	0.0257802958
172	0.0229665232
173	0.0236989266
174	0.0212380950
175	0.0212741316
176	0.0220694511
177	0.0248558034
178	0.0212048651
179	0.0217125767
180	0.0207789666
181	0.0194970220
182	0.0215246918
183	0.0221971564
184	0.0212353946
185	0.0196424943
186	0.0198244238
187	0.0141747525
188	0.0172287629
189	0.0183393718
190	0.0217574874
191	0.0222115752
192	0.0199632423
193	0.0192257954
194	0.0200565363
195	0.0199467638
196	0.0481342628
197	0.0171624101
198	0.0179382561
199	0.0190816465
200	0.0211262127
201	0.0208592331
202	0.0195417668
203	0.0200682626
204	0.0200606117
205	0.0220808070
206	0.0215408250
207	0.0239468492
208	0.0241406018
209	0.0234727830
210	0.0227304304
211	0.0239557387
212	0.0209195575
213	0.0217968271
214	0.0227130750
215	0.0220561009
216	0.0203845570
217	0.0202900127
218	0.0214496271
219	0.0216505209
220	0.0231508044
221	0.0194150116
222	0.0189805233
223	0.0154251729
224	0.0179520146
225	0.0174224606
226	0.0182351886
227	0.0172995236
228	0.0204271183
229	0.0264942850
230	0.0184931239
231	0.0200968142
232	0.0220207435
233	0.0216662430
234	0.0209222523
235	0.0211037192
236	0.0247409837
237	0.0251501592
238	0.0244301927
239	0.0297104884
240	0.0310619769
241	0.0209422560
242	0.0226123105
243	0.0212232927
244	0.0216823298
245	0.0199574733
246	0.0200032476
247	0.0200537720
248	0.0211932264
249	0.0194331419
250	0.0199790909
