1	0.1017234269
2	0.1476031682
3	0.1952117388
4	0.1584440055
5	0.1633064570
6	0.0540033823
7	0.0991160676
8	0.1344693579
9	0.1091995228
10	0.0772855094
11	0.0310969236
12	0.0362067835
13	0.0338846471
14	0.0330564808
15	0.0275077085
16	0.0365081892
17	0.0238371574
18	0.0201928930
19	0.0244575476
20	0.0256735698
21	0.0305035806
22	0.0376668164
23	0.0355992900
24	0.0299482509
25	0.0296760379
26	0.0305499253
27	0.0320475315
28	0.0278949807
29	0.0279817680
30	0.0299233532
31	0.0314520461
32	0.0290627551
33	0.0300712784
34	0.0284661065
35	0.0269662982
36	0.0313158523
37	0.0305801329
38	0.0301301888
39	0.0258269355
40	0.0281126970
41	0.0254656272
42	0.0249667071
43	0.0248662562
44	0.0219212446
45	0.0251578716
46	0.0244529411
47	0.0250947353
48	0.0159151654
49	0.0193855734
50	0.0200891679
51	0.0225290936
52	0.0233721839
53	0.0207319969
54	0.0266939705
55	0.0264998483
56	0.0269281119
57	0.0277849365
58	0.0284109360
59	0.0209443616
60	0.0198478051
61	0.0175401780
62	0.0196207446
63	0.0196207446
64	0.0739416389
65	0.0179437468
66	0.0180971413
67	0.0643596353
68	0.0384651051
69	0.0380148980
70	0.0504612474
71	0.0483662927
72	0.0483662927
73	0.0483662927
74	0.0485445340
75	0.0486275732
76	0.0486178922
77	0.0486178922
78	0.0486038022
79	0.0418344733
80	0.0418248548
81	0.0416034808
82	0.0416838297
83	0.0417240524
84	0.0421951923
85	0.0421988896
86	0.0421709927
87	0.0420993705
88	0.0420367049
89	0.0420117380
90	0.0420843008
91	0.0323651568
92	0.0323612710
93	0.0323612710
94	0.0327005100
95	0.0327005100
96	0.0327003707
97	0.0325879927
98	0.0325879927
99	0.0326674722
100	0.0326674722
101	0.0326706262
102	0.0326706262
103	0.0242679977
104	0.0241318950
105	0.0242203821
106	0.0242165474
107	0.0242165474
108	0.0253199842
109	0.0253755968
110	0.0329514432
111	0.0328302987
112	0.0391145633
113	0.0390794802
114	0.0386691305
115	0.0386691305
116	0.0553500630
117	0.0558105407
118	0.0557457788
119	0.0557457788
120	0.0557457788
121	0.0557162196
122	0.0557159321
123	0.0557065667
124	0.0557486628
125	0.0592655902
126	0.0592593893
127	0.0592593893
128	0.0592593893
129	0.0593501222
130	0.0570806144
131	0.0603806553
132	0.0597119494
133	0.0596498213
134	0.0596532061
135	0.0595978730
136	0.0604791213
137	0.0604791213
138	0.0604791213
139	0.0604890612
140	0.0604978835
141	0.0604919677
142	0.0604919677
143	0.0588273752
144	0.0588273752
145	0.0588273752
146	0.0588640124
147	0.0589497406
148	0.0588999684
149	0.0588999684
150	0.0598288993
151	0.0598288993
152	0.0596375611
153	0.0596328586
154	0.0596328586
155	0.0596328586
156	0.0596307733
157	0.0596307733
158	0.0596307733
159	0.0596307733
160	0.0596665989
161	0.0596665989
162	0.0596728758
163	0.0596005051
164	0.0595976356
165	0.0596337977
166	0.0596337977
167	0.0596337977
168	0.0592010786
169	0.0592565291
170	0.0592565291
171	0.0592601097
172	0.0593170421
173	0.0592842245
174	0.0593297390
175	0.0593285077
176	0.0579763948
177	0.0579763948
178	0.1168544742
179	0.1168544742
180	0.0192611086
181	0.0164315018
182	0.0164315018
183	0.0163306418
184	0.0157817478
185	0.0157817478
186	0.0154193694
187	0.0169275454
188	0.0169275454
189	0.0178994226
190	0.0178994226
191	0.0152992779
192	0.0153163944
193	0.0153061636
194	0.0153005462
195	0.0153005462
196	0.0153005462
197	0.0129994409
198	0.0129085252
199	0.0129085252
200	0.0146249734
201	0.0146249734
202	0.0147547846
203	0.0146276809
204	0.0143023000
205	0.0143023000
206	0.0143039557
207	0.0143039557
208	0.0138032156
209	0.0138035859
210	0.0137988728
211	0.0135781651
212	0.0135740393
213	0.0135740393
214	0.0137528117
215	0.0137528117
216	0.0137461235
217	0.0135982179
218	0.0175350548
219	0.0135188290
220	0.0133509300
221	0.0133509300
222	0.0133509300
223	0.0133509300
224	0.0133549762
225	0.0133549762
226	0.0133549762
227	0.0133549762
228	0.0133549762
229	0.0133549762
230	0.0140587328
231	0.0140587328
232	0.0140561488
233	0.0140561488
234	0.0144106553
235	0.0144106553
236	0.0145037235
237	0.0145037235
238	0.0150598877
239	0.0150598877
240	0.0161277699
241	0.0161277699
242	0.0161277699
243	0.0161871560
244	0.0212577679
245	0.0212577679
246	0.0212577679
247	0.0212577679
248	0.0212577679
249	0.0212577679
250	0.0212577679
