1	0.1067078174
2	0.0615075810
3	0.1053282901
4	0.1074178910
5	0.1357942923
6	0.1745311330
7	0.0633512551
8	0.0750351923
9	0.0265071341
10	0.0405184643
11	0.1066918681
12	0.0853423343
13	0.0649731318
14	0.0674952898
15	0.0563171094
16	0.0535961411
17	0.1029611889
18	0.0282928976
19	0.0405239759
20	0.0362532253
21	0.0598322800
22	0.0919982703
23	0.0580152736
24	0.0717716995
25	0.0662106914
26	0.0694919055
27	0.0785180246
28	0.0826674698
29	0.0681829991
30	0.0735019962
31	0.0751497030
32	0.0703214004
33	0.0794768353
34	0.0722921524
35	0.0742251061
36	0.0683365734
37	0.0868859544
38	0.0675699440
39	0.0583913942
40	0.0691357265
41	0.0673750745
42	0.0744206783
43	0.0774376943
44	0.0769174074
45	0.0693932016
46	0.0676418779
47	0.0538586594
48	0.0529359356
49	0.0544648496
50	0.0652585571
51	0.0757643744
52	0.0724975178
53	0.0658930468
54	0.0619509349
55	0.0570652308
56	0.0570507254
57	0.0559738325
58	0.0527070004
59	0.0497419041
60	0.0541095994
61	0.0524408576
62	0.0538171888
63	0.0517062125
64	0.0506656334
65	0.0467484767
66	0.0498284441
67	0.0512449583
68	0.0487375501
69	0.0519413985
70	0.0490661788
71	0.0462040686
72	0.0523771543
73	0.0459984322
74	0.0449207122
75	0.0457246132
76	0.0544054596
77	0.0553643497
78	0.0536104191
79	0.0538213128
80	0.0514706522
81	0.0508404751
82	0.0469893142
83	0.0449139007
84	0.0470288957
85	0.0494607409
86	0.0491446967
87	0.0471369236
88	0.0468624325
89	0.0467086636
90	0.0477382348
91	0.0508052632
92	0.0508285124
93	0.0510365084
94	0.0523159034
95	0.0495892476
96	0.0508287136
97	0.0424733660
98	0.0411309464
99	0.0439031247
100	0.0428162433
