0.8263169981246634	0.19960105648953963	0.0008209906104063025	0.23321312946121306
0.8263169981246634	0.19960105648953963	0.0008209906104063025	0.23321312946121306
0.8263169981246634	0.19960105648953963	0.0008209906104063025	0.23321312946121306
0.7473342127876983	0.2005478171016173	0.0008209906104063025	0.18760767533456132
0.6818382782029299	0.20649177610178437	0.010727376178151282	0.18378783754980663
0.6143901896237056	0.2097011637058696	0.0089541245624154	0.24518516408912183
0.6137617987268493	0.2162598419246045	0.0089541245624154	0.24518516408912183
0.6056251427539364	0.2276952376131809	0.020157117682363335	0.3129671536188251
0.6026788547939684	0.23509916176315065	0.020157117682363335	0.29535563685071586
0.6024254387071067	0.25694983004981325	0.038683684580900185	0.29728164732394197
0.5986627090643079	0.2641865412924299	0.04926139501747562	0.29728164732394197
0.5986627090643079	0.2641865412924299	0.04926139501747562	0.29728164732394197
0.5986627090643079	0.2641865412924299	0.04926139501747562	0.29728164732394197
0.5986627090643079	0.2641865412924299	0.04926139501747562	0.29728164732394197
0.5986627090643079	0.2641865412924299	0.04926139501747562	0.29728164732394197
0.5986627090643079	0.2641865412924299	0.04926139501747562	0.29728164732394197
0.5986627090643079	0.2641865412924299	0.04926139501747562	0.29728164732394197
0.5986627090643079	0.2641865412924299	0.04926139501747562	0.29728164732394197
0.5988374789696038	0.37275519078670993	0.1559507314869599	0.29728164732394197
0.46354719170505604	0.4616680760859262	0.3447547036148484	0.33360191479592477
0.46354719170505604	0.4616680760859262	0.3447547036148484	0.33360191479592477
0.46354719170505604	0.4616680760859262	0.3447547036148484	0.33360191479592477
0.46354719170505604	0.4616680760859262	0.3447547036148484	0.33360191479592477
0.46354719170505604	0.4616680760859262	0.3447547036148484	0.33360191479592477
0.46354719170505604	0.4616680760859262	0.3447547036148484	0.33360191479592477
0.4464205982635019	0.46333954444679165	0.32413942208066276	0.3362682239544991
0.43294512597448837	0.46170013027798423	0.3307136564607593	0.3239458206308776
0.4089010069450064	0.4715025021609127	0.3356713198704546	0.31396485615547076
0.40067621039888546	0.47207109083522314	0.32329985741305367	0.30652110617645045
0.37349508611245874	0.47386249240912054	0.3305133576614124	0.31396485615547076
0.37349508611245874	0.47386249240912054	0.3305133576614124	0.31396485615547076
0.3642384350930574	0.4787063632493761	0.3288691732636921	0.3356679083363893
0.3489756547539065	0.4832300199153029	0.3103836604402913	0.34798127253299943
0.34362357713526476	0.4838930351961981	0.3134384280709889	0.36311446873438963
0.3272571215302452	0.49898222051651814	0.30246018704460387	0.3527379400884264
0.30776366845504083	0.5009174794365484	0.38051661363642875	0.41124956305890686
0.30776366845504083	0.5009174794365484	0.38051661363642875	0.41124956305890686
0.30541784284879714	0.5079012306607797	0.3362685881767458	0.45784064913335776
0.28901476290477146	0.5747451941371624	0.48286981139931356	0.5260630634734256
0.2824474739735623	0.5907280738135976	0.48286981139931356	0.48916848096638094
