0.8531802585191309	0.1824038942616422	0.0015467451907474061	0.16091628707859312
0.8531802585191309	0.1824038942616422	0.0015467451907474061	0.16091628707859312
0.8531802585191309	0.1824038942616422	0.0015467451907474061	0.16091628707859312
0.8531802585191309	0.1824038942616422	0.0015467451907474061	0.16091628707859312
0.7041434348599902	0.18947678601202012	0.0032862272335105747	0.16894694301422686
0.7041434348599902	0.19419476608711594	0.012462350382284992	0.16894694301422686
0.6635817347576185	0.20299531937426873	0.00045950008404613274	0.28634944396880435
0.6345920174810327	0.21096425787118583	0.008216401897589654	0.20357115821380883
0.6335049205631553	0.21202242253224593	0.008216401897589654	0.23830876594405126
0.6335049205631553	0.21202242253224593	0.008216401897589654	0.23830876594405126
0.6335049205631553	0.21202242253224593	0.008216401897589654	0.23830876594405126
0.6278162419032695	0.2637925861999324	0.06895574328341	0.3077839814045361
0.6278162419032695	0.2637925861999324	0.06895574328341	0.3077839814045361
0.6250441894204101	0.28930603013390177	0.007606593510262022	0.388189303973936
0.6240842514861878	0.3152796958075912	0.05452795051440698	0.3958788240963101
0.6234107648285152	0.32169499807236646	0.05458232985655334	0.3958788240963101
0.6233749378324877	0.35830374181864727	0.06902579266173584	0.388189303973936
0.62241301365803	0.38426183801832486	0.06902579266173584	0.3543752112311468
0.6219578690306466	0.3895957609128575	0.06902579266173584	0.3543752112311468
0.44342992238278406	0.4446295341373152	0.3123077770751227	0.3802536022989337
0.44342992238278406	0.4446295341373152	0.3123077770751227	0.3802536022989337
0.44342992238278406	0.4446295341373152	0.3123077770751227	0.3802536022989337
0.42127406695129366	0.44026729647060087	0.30386830950736643	0.2892840275083348
0.42127406695129366	0.44026729647060087	0.30386830950736643	0.2892840275083348
0.42127406695129366	0.44026729647060087	0.30386830950736643	0.2892840275083348
0.42127406695129366	0.44026729647060087	0.30386830950736643	0.2892840275083348
0.42127406695129366	0.44026729647060087	0.30386830950736643	0.2892840275083348
0.42127406695129366	0.44026729647060087	0.30386830950736643	0.2892840275083348
0.3551792881310161	0.44166095146644435	0.33190938722444785	0.38758215647613303
0.3551792881310161	0.44166095146644435	0.33190938722444785	0.38758215647613303
0.3551792881310161	0.44166095146644435	0.33190938722444785	0.38758215647613303
0.3551792881310161	0.44166095146644435	0.33190938722444785	0.38758215647613303
0.3551792881310161	0.44166095146644435	0.33190938722444785	0.38758215647613303
0.352829589842713	0.4430971756066385	0.33190938722444785	0.3190480973993816
0.3445826239244725	0.4614489537464011	0.3047459498736883	0.35397318804911426
0.33333599636503725	0.46932610271159286	0.4245867479370724	0.37292457276170987
0.3234229330693194	0.5021873497775007	0.41733068368177034	0.4064643824061168
0.31946055355341924	0.5418533402324555	0.37613242890691423	0.5818869470607588
0.3020284732970263	0.5377985306518577	0.49896148559050946	0.4359046878628222
0.29706544793472206	0.5913413903177259	0.49896148559050946	0.6145280078615516
