0.6492622991775264	0.18558646180659358	0.006494761055329784	0.1760785142447436
0.6492622991775264	0.18558646180659358	0.006494761055329784	0.1760785142447436
0.6492622991775264	0.18558646180659358	0.006494761055329784	0.1760785142447436
0.6492622991775264	0.18558646180659358	0.006494761055329784	0.1760785142447436
0.6366964565072617	0.1898418469935031	0.006494761055329784	0.1760785142447436
0.636003765722248	0.19863927936906306	0.02645679114637986	0.1760785142447436
0.636003765722248	0.19863927936906306	0.02645679114637986	0.1760785142447436
0.636003765722248	0.19863927936906306	0.02645679114637986	0.1760785142447436
0.6358806634789955	0.23418333943008227	0.02645679114637986	0.12112360891694665
0.6358806634789955	0.2452017041694498	0.02645679114637986	0.12112360891694665
0.6358806634789955	0.2452017041694498	0.02645679114637986	0.12112360891694665
0.6358806634789955	0.2452017041694498	0.02645679114637986	0.12112360891694665
0.6358806634789955	0.2452017041694498	0.02645679114637986	0.12112360891694665
0.6358806634789955	0.2452017041694498	0.02645679114637986	0.12112360891694665
0.6358806634789955	0.2452017041694498	0.02645679114637986	0.12112360891694665
0.6358806634789955	0.2452017041694498	0.02645679114637986	0.12112360891694665
0.6358806634789955	0.2452017041694498	0.02645679114637986	0.12112360891694665
0.6358806634789955	0.23418333943008227	0.02645679114637986	0.12112360891694665
0.4900575401152536	0.4448305563571902	0.31500519411811645	0.3509702957712403
0.426628682952372	0.4407129777829542	0.3296047306198927	0.32532357577149
0.5231018294823493	0.43661144771352334	0.2854408649618687	0.2705249265209854
0.5231018294823493	0.43661144771352334	0.2854408649618687	0.2705249265209854
0.426628682952372	0.4407129777829542	0.3296047306198927	0.32532357577149
0.426628682952372	0.4407129777829542	0.3296047306198927	0.32532357577149
0.426628682952372	0.4407129777829542	0.3296047306198927	0.32532357577149
0.426628682952372	0.4407129777829542	0.3296047306198927	0.32532357577149
0.42627185152752595	0.44925385671580537	0.2838887117282676	0.31745675981335153
0.40673485500269585	0.45545668282322854	0.3718609638513638	0.34309671041589496
0.3734572748718025	0.45791349453072805	0.3643376677697342	0.3519006739993068
0.3734572748718025	0.45791349453072805	0.3643376677697342	0.3519006739993068
0.36720739814555664	0.46040954178968746	0.3643376677697342	0.40584561300699595
0.3435080813565641	0.47470842860957285	0.37319466411725555	0.418330048468717
0.3435080813565641	0.47470842860957285	0.37319466411725555	0.418330048468717
0.3273719932610031	0.49406564606599507	0.37319466411725555	0.4768680598067054
0.32338237805944303	0.4959687966212408	0.435183594462041	0.316210539797687
0.30886721727451916	0.5230609881710908	0.29323969470283884	0.3429978396822163
0.3022330309784528	0.5341825331278381	0.41253470480942783	0.405182817970851
0.28894741842339366	0.563687406966991	0.4590335856474642	0.4521872065703484
0.28894741842339366	0.563687406966991	0.4590335856474642	0.4521872065703484
0.27643191140010104	1.0202380376090199	0.8571565083356207	0.5419179358464808
