0.7386952291519879	0.1915413578400491	0.00037199733098577936	0.1923538784316059
0.7386952291519879	0.1915413578400491	0.00037199733098577936	0.1923538784316059
0.7386952291519879	0.1915413578400491	0.00037199733098577936	0.1923538784316059
0.7386952291519879	0.1915413578400491	0.00037199733098577936	0.1923538784316059
0.6925493358650965	0.19419009577651156	0.00037199733098577936	0.17762282876277652
0.6505634259555197	0.19767502197012357	0.002639400354802507	0.20540930548845332
0.624273598496609	0.20894626209106248	0.002639400354802507	0.1784652904000979
0.619412001818319	0.21726166351016216	0.015538484074060693	0.292068513963692
0.6161480955812414	0.23139034678718073	0.009375301322511381	0.19447374403553952
0.6139574292568325	0.23964853469305197	0.009375301322511381	0.19447374403553952
0.6135210462871538	0.251611879516956	0.018898579460503162	0.19447374403553952
0.6135210462871538	0.251611879516956	0.018898579460503162	0.19447374403553952
0.6132048460272363	0.2904149762623913	0.009375301322511381	0.10783328792953423
0.6132048460272363	0.2904149762623913	0.009375301322511381	0.10783328792953423
0.6132048460272363	0.2904149762623913	0.009375301322511381	0.10783328792953423
0.6132048460272363	0.2904149762623913	0.009375301322511381	0.10783328792953423
0.6132048460272363	0.2904149762623913	0.009375301322511381	0.10783328792953423
0.6132048460272363	0.2904149762623913	0.009375301322511381	0.10783328792953423
0.4372158306135669	0.4178631060645064	0.28321285690632986	0.31276228717951016
0.4372158306135669	0.4178631060645064	0.28321285690632986	0.31276228717951016
0.4372158306135669	0.4178631060645064	0.28321285690632986	0.31276228717951016
0.4372158306135669	0.4178631060645064	0.28321285690632986	0.31276228717951016
0.4372158306135669	0.4178631060645064	0.28321285690632986	0.31276228717951016
0.4372158306135669	0.4178631060645064	0.28321285690632986	0.31276228717951016
0.4372158306135669	0.4178631060645064	0.28321285690632986	0.31276228717951016
0.43606314150233905	0.41899689610604696	0.28321285690632986	0.31276228717951016
0.416714140347429	0.4330450563204679	0.34638269197376526	0.3501909181442865
0.4032552212514052	0.4312651958994791	0.2723592078393532	0.3282482486486623
0.3811049344946344	0.43203868286143104	0.2699374365780358	0.37052776586041997
0.3659200472148186	0.4385762237458447	0.30990692944885323	0.33826222042197823
0.3659200472148186	0.4385762237458447	0.30990692944885323	0.33826222042197823
0.3524578117805292	0.4485248006494165	0.3281321476541556	0.31853588351717865
0.34681556859907114	0.45796104309676977	0.3683249251255534	0.35294328795050967
0.3413240859282008	0.47630756469302643	0.38439195045725477	0.3918260991523188
0.33083308205926565	0.5022628307506134	0.4413437671894697	0.44052057025718017
0.32386433775325923	0.537555584634712	0.46148130826591405	0.45461655312823945
0.3151895268341462	0.5472776383387083	0.5083846360211834	0.4019489617252097
0.3028572333283188	0.5839814771138495	0.5444874333475136	0.41088831482750754
0.2938038556213827	0.7033867790991033	0.5446455734236602	0.47525194856457087
0.29109188598665753	1.1174059881075324	0.5868068077086819	0.8288458985884817
