0.44314807796048106	0.42649759457364544	0.2967696818126282	0.31917892356544936
0.43568365541096643	0.4308545062754181	0.3224427725888155	0.3347664705843121
0.43568365541096643	0.4308545062754181	0.3224427725888155	0.3347664705843121
0.4235206386574788	0.4402235789409906	0.18142709900838788	0.28377994598304945
0.3999109633594297	0.44445212558977326	0.31039122753359255	0.36016084211604693
0.3999109633594297	0.44445212558977326	0.31039122753359255	0.36016084211604693
0.3834206676376789	0.4504078904224604	0.23655732334349533	0.31729667745535933
0.3707215029929045	0.4508325419725252	0.23655732334349533	0.3737757954264368
0.3707215029929045	0.4508325419725252	0.23655732334349533	0.3737757954264368
0.3476799932178259	0.45712633481376996	0.3215760862293998	0.3768153594345439
0.3514192009524605	0.4583450999319656	0.3072952785984275	0.40304862911513534
0.340359721866776	0.45937917207046863	0.3215760862293998	0.3768153594345439
0.340359721866776	0.45937917207046863	0.3215760862293998	0.3768153594345439
0.3394779870103498	0.46223231813394655	0.4068843410264481	0.3976687542780659
0.3394779870103498	0.46223231813394655	0.4068843410264481	0.3976687542780659
0.3281900953075989	0.47009978612348785	0.3502022786917355	0.33101474311335616
0.3281900953075989	0.47009978612348785	0.3502022786917355	0.33101474311335616
0.3281900953075989	0.47009978612348785	0.3502022786917355	0.33101474311335616
0.32189189104663884	0.47537233087686587	0.3779847216350203	0.3546501263306328
0.32003141906038496	0.47842483935922375	0.316209632198174	0.3423609759632683
0.30953053950782305	0.4813143547493896	0.38068441482342924	0.3519523410261716
0.3085181090547467	0.4819002159181315	0.38068441482342924	0.3519523410261716
0.3085181090547467	0.4819002159181315	0.38068441482342924	0.3519523410261716
0.30899204249036943	0.4851321301144385	0.38068441482342924	0.3519523410261716
0.30899204249036943	0.4851321301144385	0.38068441482342924	0.3519523410261716
0.3070589790610625	0.5010547048035644	0.4442835765153733	0.37635390749824926
0.3012251301984169	0.5022990715784392	0.3985591286690036	0.35045075140792376
0.2932350716958369	0.5091121460709803	0.36254125294510886	0.39241576910417747
0.29874540795667076	0.5042848457388566	0.42817896926702403	0.3915256608107092
0.2932350716958369	0.5091121460709803	0.36254125294510886	0.39241576910417747
0.2898301051780354	0.510988097991387	0.3797517060387238	0.38727759167489273
0.2885254965711452	0.5130645138274227	0.3878775695327431	0.3452365497786899
0.2873782652590526	0.5135088650470968	0.37421295340506516	0.3452365497786899
0.28405145973564794	0.5198999551129394	0.38940669918093024	0.36829446843693203
0.27520719063940763	0.5370389736321287	0.42072879264539453	0.36455334718591415
0.27520719063940763	0.5370389736321287	0.42072879264539453	0.36455334718591415
0.27520719063940763	0.5370389736321287	0.42072879264539453	0.36455334718591415
0.27357038102230896	0.5452928529614136	0.431674809580758	0.36455334718591415
0.2674906135450377	0.5759911748530584	0.4828050658109857	0.4565500175883373
0.2674906135450377	0.5759911748530584	0.4828050658109857	0.4565500175883373
