0.9848887884277188	0.1925619384415397	0.00247175893269605	0.150603480172293
0.9848887884277188	0.1925619384415397	0.00247175893269605	0.150603480172293
0.8466009152771239	0.19523418021810332	0.00032242594002176994	0.16583246187412246
0.7354843074948413	0.19997364428787937	0.00032242594002176994	0.16583246187412246
0.654062896412096	0.20728641926148955	0.01527656430297597	0.13612097534617335
0.6468914891183535	0.217430657692963	0.01527656430297597	0.08111403594865974
0.626517599061617	0.22636351607222355	0.03147157121994168	0.2403145343086829
0.6109510081023546	0.22848654429875337	0.020289196967592543	0.25464071892275886
0.6102720974501359	0.24270336419667332	0.010260064241009864	0.21420344749563103
0.6102720974501359	0.24270336419667332	0.010260064241009864	0.21420344749563103
0.604138719160717	0.2754764092764959	0.020083787802362835	0.2617770333402113
0.604138719160717	0.2754764092764959	0.020083787802362835	0.2617770333402113
0.6026359846897889	0.31171448595055845	0.10767971840959509	0.34127628836167667
0.6039516620949099	0.30498067740454793	0.020083787802362835	0.2617770333402113
0.6039516620949099	0.30498067740454793	0.020083787802362835	0.2617770333402113
0.6039516620949099	0.30498067740454793	0.020083787802362835	0.2617770333402113
0.6039516620949099	0.30498067740454793	0.020083787802362835	0.2617770333402113
0.604138719160717	0.2754764092764959	0.020083787802362835	0.2617770333402113
0.4823462480391016	0.43110058174378507	0.29811765239022653	0.4238297084591907
0.47116189716468876	0.4238999437342642	0.26735640844127806	0.38607004587653226
0.47116189716468876	0.4238999437342642	0.26735640844127806	0.38607004587653226
0.47116189716468876	0.4238999437342642	0.26735640844127806	0.38607004587653226
0.47116189716468876	0.4238999437342642	0.26735640844127806	0.38607004587653226
0.41632106430606414	0.4317421979621813	0.2748391356209793	0.3107255456635145
0.41632106430606414	0.4317421979621813	0.2748391356209793	0.3107255456635145
0.41632106430606414	0.4317421979621813	0.2748391356209793	0.3107255456635145
0.37763082386331814	0.43689769370518816	0.32758428264019157	0.3612161006398212
0.37763082386331814	0.43689769370518816	0.32758428264019157	0.3612161006398212
0.37560026414892717	0.4417566948155924	0.30299305144185706	0.33320622098515196
0.3535918357303882	0.4483364002496682	0.3521334397941891	0.3851452432557362
0.3535918357303882	0.4483364002496682	0.3521334397941891	0.3851452432557362
0.34775367481389313	0.46201842443789143	0.4028052397403641	0.3950896129582227
0.33694978950831916	0.5186316913794147	0.4448689865295293	0.46810642826984983
0.3323330272524906	0.5282114246832122	0.49405144892619823	0.46810642826984983
0.32211004562728096	0.537079175634021	0.48739623106485525	0.3795271242344962
0.31559146658858245	0.6010367500830811	0.3098813303990771	0.43071647528924073
0.2954250075217703	0.6533216137945024	0.14789687944158963	0.43071647528924073
0.2954250075217703	0.6533216137945024	0.14789687944158963	0.43071647528924073
0.2763554628819501	0.79112207237313	0.38511652827576615	0.5589046510110891
0.2670377814302765	1.4055033233040364	0.9242032989511417	0.6828938210051929
