0.59667359244518	0.43918192100112496	0.23795557325911293	0.3600024807852829
0.4360421740552445	0.4429999766509093	0.300396089782102	0.31940410908455674
0.37174558362547777	0.4446393403462524	0.3171664606658843	0.34254843634535703
0.3494599993048132	0.44538057131255493	0.3139919884805315	0.32326966258446765
0.3494599993048132	0.44538057131255493	0.3139919884805315	0.32326966258446765
0.34567755353669377	0.4484712827226227	0.3104959283777099	0.34340004795878587
0.3427763307775618	0.44986974562629867	0.31728235859516707	0.34489904661415166
0.33657137854033836	0.4518605540960931	0.35926529030924326	0.3735227957321068
0.33657137854033836	0.4518605540960931	0.35926529030924326	0.3735227957321068
0.33244418280873866	0.4561412876168048	0.33725523654035583	0.37187016356077485
0.3276308216800702	0.4569065323128367	0.3595106268736869	0.37187016356077485
0.3276308216800702	0.4569065323128367	0.3595106268736869	0.37187016356077485
0.3276308216800702	0.4569065323128367	0.3595106268736869	0.37187016356077485
0.3269487060923657	0.4633296011021764	0.4117265227773442	0.36755402411936877
0.3269487060923657	0.4633296011021764	0.4117265227773442	0.36755402411936877
0.32344303408013775	0.469810781309693	0.3122223028882859	0.4077787815463503
0.32344303408013775	0.469810781309693	0.3122223028882859	0.4077787815463503
0.32088224226088813	0.47295957228887703	0.3122223028882859	0.3265504684855996
0.32088224226088813	0.47572913724219534	0.29986753857674003	0.3265504684855996
0.3184162544939661	0.47771433724017826	0.34029075857672386	0.3648175344922837
0.31249214441632917	0.47919723947335724	0.35489882088815905	0.3694261584356808
0.31249214441632917	0.47919723947335724	0.35489882088815905	0.3694261584356808
0.31249214441632917	0.47919723947335724	0.35489882088815905	0.3694261584356808
0.31113431139573516	0.4856125821240587	0.35489882088815905	0.3830214790934797
0.31113431139573516	0.4856125821240587	0.35489882088815905	0.3830214790934797
0.31113431139573516	0.4856125821240587	0.35489882088815905	0.3830214790934797
0.30489321636730343	0.5007776361248605	0.4155012945621545	0.39208316205194454
0.30489321636730343	0.5007776361248605	0.4155012945621545	0.39208316205194454
0.30356531590587205	0.5044080085902676	0.3508048485869302	0.4005653964178364
0.2985575811526926	0.5058745879909443	0.3719392669422025	0.41699147882558896
0.2985575811526926	0.5058745879909443	0.3719392669422025	0.41699147882558896
0.29711061969091324	0.5085008229732885	0.43323979901068055	0.41699147882558896
0.2951345235930162	0.5154484732759814	0.37843833320159176	0.409276762726869
0.28878096315720875	0.5202394230388551	0.39022141750485884	0.42128873322496757
0.28878096315720875	0.5202394230388551	0.39022141750485884	0.42128873322496757
0.28878096315720875	0.5202394230388551	0.39022141750485884	0.42128873322496757
0.2817721007207371	0.5302462258198828	0.41240641004055634	0.44445348476755886
0.2817721007207371	0.5302462258198828	0.41240641004055634	0.44445348476755886
0.2809969723643077	0.5395477910151136	0.4795092085211883	0.44445348476755886
0.2789063871164997	0.6723447354697402	0.4885967890811409	0.5226690940113999
