0.7318591417724944	0.1822112476912819	0.012191180832582083	0.188762861009962
0.7318591417724944	0.1822112476912819	0.012191180832582083	0.188762861009962
0.7318591417724944	0.1822112476912819	0.012191180832582083	0.188762861009962
0.7318591417724944	0.1822112476912819	0.012191180832582083	0.188762861009962
0.7001803609482955	0.1840201089623161	0.008241368123268894	0.20489186378292035
0.6584235047628837	0.19399182749147625	0.002050793498589193	0.1777695892354581
0.6584235047628837	0.19399182749147625	0.002050793498589193	0.1777695892354581
0.6563714714846842	0.215740973266344	0.04016456814922437	0.22856066823765794
0.6413913823029546	0.22944146807784976	0.025121121454563605	0.2812551061363029
0.6413913823029546	0.22944146807784976	0.025121121454563605	0.2812551061363029
0.6411313983991738	0.2577310671782267	0.0784234458190183	0.2812551061363029
0.6411313983991738	0.2577310671782267	0.0784234458190183	0.2812551061363029
0.6397189450836371	0.29975110942338773	0.11315742746570664	0.34483003587257677
0.6397189450836371	0.310902992159912	0.11315742746570664	0.34483003587257677
0.6397189450836371	0.310902992159912	0.11315742746570664	0.34483003587257677
0.6397189450836371	0.310902992159912	0.11315742746570664	0.34483003587257677
0.6397189450836371	0.310902992159912	0.11315742746570664	0.34483003587257677
0.5244450236522119	0.42190616910818235	0.29204706836901295	0.35849603161334626
0.5244450236522119	0.42190616910818235	0.29204706836901295	0.35849603161334626
0.5244450236522119	0.42190616910818235	0.29204706836901295	0.35849603161334626
0.5244450236522119	0.42190616910818235	0.29204706836901295	0.35849603161334626
0.49357123259687796	0.42540752230392415	0.28221419848229007	0.3575500641612238
0.4332355832581624	0.4274481552598222	0.3425057397300856	0.3880983015986666
0.4332355832581624	0.4274481552598222	0.3425057397300856	0.3880983015986666
0.4332355832581624	0.4274481552598222	0.3425057397300856	0.3880983015986666
0.4136179773873184	0.4320368106673736	0.31666897828383	0.3516812293617878
0.4136179773873184	0.4320368106673736	0.31666897828383	0.3516812293617878
0.3884394107090859	0.43627090380858563	0.31860873296850983	0.3510516453048704
0.3858473057640909	0.441738650425063	0.2548874705401288	0.35305601988434565
0.3719643839511648	0.45076577682332575	0.33245514946531174	0.3541654675191782
0.3612165209258601	0.45337924899380455	0.35729174103814776	0.38596693279152416
0.33192455611653116	0.47636009138891594	0.3011682953265891	0.37750260752091386
0.33192455611653116	0.47636009138891594	0.3011682953265891	0.37750260752091386
0.3241686986431887	0.487666094104618	0.3011682953265891	0.4393901106817739
0.3171544273719148	0.5004156728169924	0.3298204676998461	0.4472273775574478
0.31014158531061337	0.5573077233667441	0.5002224975826722	0.436441746140882
0.29739462120428106	0.5961203138662234	0.5160294933917982	0.4629999547867564
0.27958933671917496	0.6145173596536153	0.5160294933917982	0.4629999547867564
0.27734674652169833	0.6219764421599022	0.5343188401532739	0.4840015590229988
0.26492767693436764	1.0015823071533516	0.6557620808108234	0.6206415982348091
