1.774238180930444	0.17664043098601215	0.0024429859060036974	0.15660885993361284
1.774238180930444	0.17664043098601215	0.0024429859060036974	0.15660885993361284
1.774238180930444	0.17664043098601215	0.0024429859060036974	0.15660885993361284
1.774238180930444	0.17664043098601215	0.0024429859060036974	0.15660885993361284
1.546602740538658	0.17664043098601215	0.0024429859060036974	0.15660885993361284
1.1042005859759991	0.1768343881379125	0.0033265185932329355	0.17879888480418454
1.1042005859759991	0.1768343881379125	0.0033265185932329355	0.17879888480418454
1.1010927714812504	0.17785769426243084	0.0024429859060036974	0.15660885993361284
1.0557651083681647	0.18991151495496017	0.0033265185932329355	0.15660885993361284
1.0557651083681647	0.18991151495496017	0.0033265185932329355	0.15660885993361284
0.7128103396744031	0.19917914972640674	0.0009442116135966183	0.22374035193098152
0.7128103396744031	0.19917914972640674	0.0009442116135966183	0.22374035193098152
0.7128103396744031	0.19917914972640674	0.0009442116135966183	0.22374035193098152
0.7128103396744031	0.19917914972640674	0.0009442116135966183	0.22374035193098152
0.7128103396744031	0.19917914972640674	0.0009442116135966183	0.22374035193098152
0.7128103396744031	0.19917914972640674	0.0009442116135966183	0.22374035193098152
0.6791666972332223	0.19917914972640674	0.0009442116135966183	0.22374035193098152
0.6601101948295075	0.19917914972640674	0.0009442116135966183	0.22374035193098152
0.6277840811816775	0.19917914972640674	0.0009442116135966183	0.22374035193098152
0.6277840811816775	0.19917914972640674	0.0009442116135966183	0.22374035193098152
0.6223773792912551	0.2032610217155688	0.0003729320679972392	0.18164014515647553
0.6023733988270458	0.206311564352084	0.0032556852757925914	0.2288330913993678
0.6023733988270458	0.206311564352084	0.0032556852757925914	0.2288330913993678
0.598787786503655	0.20959528416816414	0.0015308689251654628	0.2442535832724373
0.597424205571499	0.21585202612210397	0.017401328840121383	0.1866626336096872
0.5972246717829441	0.21534017764797742	0.015124921384992218	0.1866626336096872
0.5972246717829441	0.21534017764797742	0.015124921384992218	0.1866626336096872
0.5972246717829441	0.21534017764797742	0.015124921384992218	0.1866626336096872
0.5961920721470865	0.23640707286440849	0.05322638840730107	0.21185822890272749
0.5961920721470865	0.23640707286440849	0.05322638840730107	0.21185822890272749
0.5961920721470865	0.23640707286440849	0.05322638840730107	0.21185822890272749
0.5961706051013853	0.2502189398135549	0.017401328840121383	0.1866626336096872
0.5961706051013853	0.2502189398135549	0.017401328840121383	0.1866626336096872
0.5961706051013853	0.2502189398135549	0.017401328840121383	0.1866626336096872
0.5961706051013853	0.2726543053572073	0.08651401981390655	0.21185822890272749
0.5961706051013853	0.2726543053572073	0.08651401981390655	0.21185822890272749
0.5961706051013853	0.2726543053572073	0.08651401981390655	0.21185822890272749
0.5961706051013853	0.2726543053572073	0.08651401981390655	0.21185822890272749
0.5961706051013853	0.29746238999224744	0.09929510425380295	0.21185822890272749
0.5961706051013853	0.29746238999224744	0.09929510425380295	0.21185822890272749
0.5961706051013853	0.29746238999224744	0.09929510425380295	0.21185822890272749
0.5961706051013853	0.29746238999224744	0.09929510425380295	0.21185822890272749
0.5961706051013853	0.29746238999224744	0.09929510425380295	0.21185822890272749
0.5961706051013853	0.29746238999224744	0.09929510425380295	0.21185822890272749
0.5961706051013853	0.2845687545792144	0.08651401981390655	0.1866626336096872
0.5961706051013853	0.2845687545792144	0.08651401981390655	0.1866626336096872
0.5963793253539054	0.2502189398135549	0.017401328840121383	0.1866626336096872
0.44455231998123607	0.38529279858805704	0.2864710084575246	0.33368336678825056
0.44532612448393344	0.38506407239585255	0.2864710084575246	0.33368336678825056
0.44532612448393344	0.38506407239585255	0.2864710084575246	0.33368336678825056
0.44532612448393344	0.38506407239585255	0.2864710084575246	0.33368336678825056
0.44532612448393344	0.38506407239585255	0.2864710084575246	0.33368336678825056
0.44532612448393344	0.38506407239585255	0.2864710084575246	0.33368336678825056
0.44532612448393344	0.38506407239585255	0.2864710084575246	0.33368336678825056
0.44532612448393344	0.38506407239585255	0.2864710084575246	0.33368336678825056
0.4416231154337529	0.3846235029173322	0.2864710084575246	0.3013127070086726
0.4416231154337529	0.3846235029173322	0.2864710084575246	0.3013127070086726
0.4416231154337529	0.3846235029173322	0.2864710084575246	0.3013127070086726
0.4416231154337529	0.3846235029173322	0.2864710084575246	0.3013127070086726
0.4416231154337529	0.3846235029173322	0.2864710084575246	0.3013127070086726
0.4416231154337529	0.3846235029173322	0.2864710084575246	0.3013127070086726
0.4416231154337529	0.3846235029173322	0.2864710084575246	0.3013127070086726
0.4416231154337529	0.3846235029173322	0.2864710084575246	0.3013127070086726
0.4416231154337529	0.3846235029173322	0.2864710084575246	0.3013127070086726
0.4416231154337529	0.3846235029173322	0.2864710084575246	0.3013127070086726
0.42120019950024573	0.38497950381738727	0.2864710084575246	0.33368336678825056
0.42120019950024573	0.38497950381738727	0.2864710084575246	0.33368336678825056
0.42120019950024573	0.38497950381738727	0.2864710084575246	0.33368336678825056
0.42120019950024573	0.38497950381738727	0.2864710084575246	0.33368336678825056
0.415820353767697	0.3849856004274264	0.2864710084575246	0.33368336678825056
0.40261135925942987	0.3850733231400296	0.26358649992059585	0.33368336678825056
0.40261135925942987	0.3850733231400296	0.26358649992059585	0.33368336678825056
0.40261135925942987	0.3850733231400296	0.26358649992059585	0.33368336678825056
0.3999397679212625	0.38808345731708127	0.32072501967327677	0.2964848251903667
0.3968517333535636	0.39478873711973766	0.2915927863405698	0.31334367199524166
0.3793940882921371	0.3993643494384418	0.31069743009296197	0.3484792689496325
0.3793940882921371	0.3993643494384418	0.31069743009296197	0.3484792689496325
0.3793940882921371	0.3993643494384418	0.31069743009296197	0.3484792689496325
0.3793940882921371	0.3993643494384418	0.31069743009296197	0.3484792689496325
0.37580197956034245	0.40408851053253114	0.31069743009296197	0.3484792689496325
0.3706886848174709	0.41921888328258383	0.3256233827894375	0.34293797207680393
0.3706236826899091	0.4195014884038569	0.35128182763278126	0.36035270388793533
0.36498073650189244	0.4233119997263062	0.3686937828863608	0.3348378547038297
0.3533499294267395	0.4321909268491375	0.32061869635617213	0.3937116776645041
0.3533499294267395	0.4321909268491375	0.32061869635617213	0.3937116776645041
0.3533499294267395	0.4321909268491375	0.32061869635617213	0.3937116776645041
0.349891959577911	0.4369425070463619	0.37676183668469854	0.4097946313300078
0.34775656565226154	0.43773800286772463	0.37676183668469854	0.3937116776645041
0.3455276797015953	0.4520733448992139	0.3107461422201815	0.39175964212083475
0.3380774642519263	0.4547764499030181	0.33909812020351904	0.34170376257812307
0.3356407907695418	0.46308608739131274	0.32231949821244416	0.4245774190681332
0.32821412545887274	0.47076738120134604	0.3879959191595767	0.38643972989084585
0.32821412545887274	0.47076738120134604	0.3879959191595767	0.38643972989084585
0.32715780956355267	0.4708243021981007	0.3879959191595767	0.38643972989084585
0.3233308796846357	0.5186372043303527	0.4771971441231636	0.4620113647755022
0.3175786671866215	0.5260788227288717	0.47342138900785435	0.45871087392790555
0.3170326607338503	0.529558379662422	0.47342138900785435	0.45871087392790555
0.3151396156317999	0.5684629521612381	0.4814654332678246	0.40202254567411944
0.3151396156317999	0.5684629521612381	0.4814654332678246	0.40202254567411944
0.3151396156317999	0.5684629521612381	0.4814654332678246	0.40202254567411944
