1.0164005362658393	0.1834558558513761	0.00033198799190134465	0.16760612513090306
1.0164005362658393	0.1834558558513761	0.00033198799190134465	0.16760612513090306
1.0164005362658393	0.1834558558513761	0.00033198799190134465	0.16760612513090306
1.0164005362658393	0.1834558558513761	0.00033198799190134465	0.16760612513090306
1.0164005362658393	0.1834558558513761	0.00033198799190134465	0.16760612513090306
1.0164005362658393	0.1834558558513761	0.00033198799190134465	0.16760612513090306
1.0164005362658393	0.1834558558513761	0.00033198799190134465	0.16760612513090306
1.0164005362658393	0.1834558558513761	0.00033198799190134465	0.16760612513090306
1.0164005362658393	0.1834558558513761	0.00033198799190134465	0.16760612513090306
0.9391349600097278	0.1835728292555767	0.0006523816260903814	0.16760612513090306
0.9391349600097278	0.1835728292555767	0.0006523816260903814	0.16760612513090306
0.9189095908854928	0.18372799987565053	0.0008659773822164152	0.16760612513090306
0.8847694542360687	0.1837510444470231	0.0012931688944684272	0.18328654987384768
0.8641847139232459	0.1837510444470231	0.0012931688944684272	0.18328654987384768
0.7368660754119268	0.18364751470282523	0.0008659773822164152	0.1805288000500174
0.7368660754119268	0.18364751470282523	0.0008659773822164152	0.1805288000500174
0.7072821258214564	0.18364751470282523	0.0008659773822164152	0.1805288000500174
0.7072821258214564	0.18364751470282523	0.0008659773822164152	0.1805288000500174
0.7072821258214564	0.18364751470282523	0.0008659773822164152	0.1805288000500174
0.7072821258214564	0.18364751470282523	0.0008659773822164152	0.1805288000500174
0.7072821258214564	0.18364751470282523	0.0008659773822164152	0.1805288000500174
0.7072821258214564	0.18364751470282523	0.0008659773822164152	0.1805288000500174
0.7072821258214564	0.18364751470282523	0.0008659773822164152	0.1805288000500174
0.7072821258214564	0.18364751470282523	0.0008659773822164152	0.1805288000500174
0.656671869176244	0.1835626770761596	1.1594357712335635e-05	0.18244023710103768
0.656671869176244	0.1835626770761596	1.1594357712335635e-05	0.18244023710103768
0.656671869176244	0.1835626770761596	1.1594357712335635e-05	0.18244023710103768
0.656671869176244	0.1835626770761596	1.1594357712335635e-05	0.18244023710103768
0.656671869176244	0.1835626770761596	1.1594357712335635e-05	0.18244023710103768
0.656671869176244	0.1835626770761596	1.1594357712335635e-05	0.18244023710103768
0.656671869176244	0.1835626770761596	1.1594357712335635e-05	0.18244023710103768
0.656671869176244	0.1835626770761596	1.1594357712335635e-05	0.18244023710103768
0.6594680880087036	0.1833776781300321	1.1594357712335635e-05	0.18244023710103768
0.6594680880087036	0.1833776781300321	1.1594357712335635e-05	0.18244023710103768
0.6594680880087036	0.1833776781300321	1.1594357712335635e-05	0.18244023710103768
0.6594680880087036	0.1833776781300321	1.1594357712335635e-05	0.18244023710103768
0.6594680880087036	0.1833776781300321	1.1594357712335635e-05	0.18244023710103768
0.6594680880087036	0.1833776781300321	1.1594357712335635e-05	0.18244023710103768
0.6594680880087036	0.1833776781300321	1.1594357712335635e-05	0.18244023710103768
0.6555050086225812	0.1833823438127406	1.1594357712335635e-05	0.16881768187173588
0.6504880495449142	0.1838815674416634	1.1594357712335635e-05	0.1589120657015307
0.6504880495449142	0.1838815674416634	1.1594357712335635e-05	0.1589120657015307
0.6504880495449142	0.1838815674416634	1.1594357712335635e-05	0.1589120657015307
0.6494083830509659	0.1851595674255672	1.1594357712335635e-05	0.1589120657015307
0.6463579839402643	0.18581483555047185	0.0025747434312245743	0.18615717616013427
0.6438519609517	0.18656526812479513	0.0025747434312245743	0.18615717616013427
0.6438519609517	0.18656526812479513	0.0025747434312245743	0.18615717616013427
0.6424979643569656	0.18700782882001582	0.0025747434312245743	0.1885061206017492
0.6404044535936017	0.18708982236597915	0.0025747434312245743	0.1835085037679601
0.6390273040293014	0.18766944080988668	0.0025747434312245743	0.19930476406927872
0.6390273040293014	0.18766944080988668	0.0025747434312245743	0.19930476406927872
0.6390273040293014	0.18766944080988668	0.0025747434312245743	0.19930476406927872
0.6390273040293014	0.18766944080988668	0.0025747434312245743	0.19930476406927872
0.6337724611633032	0.19396047405619682	0.007718877237078425	0.19545396606546397
0.6359426377663028	0.1918826897538065	0.0001766104517330891	0.20853891808817662
0.6337724611633032	0.19396047405619682	0.007718877237078425	0.19545396606546397
0.6324452742728699	0.19467833669010748	0.007718877237078425	0.21705125300052303
0.6317108641454213	0.19475451491557264	0.007718877237078425	0.17764685623918589
0.6306329517216307	0.19563511347667054	0.007718877237078425	0.21705125300052303
0.6306329517216307	0.19563511347667054	0.007718877237078425	0.21705125300052303
0.62959173968838	0.1978104490447344	0.007718877237078425	0.17764685623918589
0.6281967467841708	0.19885858653801958	0.007718877237078425	0.21705125300052303
0.6275694001217846	0.19890596783735506	0.007718877237078425	0.17764685623918589
0.6275694001217846	0.19890596783735506	0.007718877237078425	0.17764685623918589
0.6229037462833709	0.20294736097584062	0.006583883738671248	0.1962351144649968
0.6229037462833709	0.20294736097584062	0.006583883738671248	0.1962351144649968
0.6221993078530275	0.20289163671647253	0.006583883738671248	0.1962351144649968
0.6184493281305008	0.20267829665576537	0.006583883738671248	0.19894185111716475
0.6184493281305008	0.20267829665576537	0.006583883738671248	0.19894185111716475
0.6184493281305008	0.20267829665576537	0.006583883738671248	0.19894185111716475
0.6184493281305008	0.20267829665576537	0.006583883738671248	0.19894185111716475
0.6136223687138777	0.20267829665576537	0.006583883738671248	0.19894185111716475
0.6136223687138777	0.20267829665576537	0.006583883738671248	0.19894185111716475
0.6136223687138777	0.20267829665576537	0.006583883738671248	0.19894185111716475
0.6136223687138777	0.20267829665576537	0.006583883738671248	0.19894185111716475
0.6055667810944305	0.20323271159075315	0.006583883738671248	0.20435532442150064
0.6055667810944305	0.20323271159075315	0.006583883738671248	0.20435532442150064
0.6055667810944305	0.20323271159075315	0.006583883738671248	0.20435532442150064
0.6055667810944305	0.20323271159075315	0.006583883738671248	0.20435532442150064
0.6055667810944305	0.20323271159075315	0.006583883738671248	0.20435532442150064
0.6055667810944305	0.20323271159075315	0.006583883738671248	0.20435532442150064
0.6055667810944305	0.20323271159075315	0.006583883738671248	0.20435532442150064
0.6055667810944305	0.20323271159075315	0.006583883738671248	0.20435532442150064
0.6055667810944305	0.20323271159075315	0.006583883738671248	0.20435532442150064
0.6051488150910879	0.20358856742219103	0.006583883738671248	0.21308282571854797
0.6038600779410367	0.20563236811346847	0.006583883738671248	0.20435532442150064
0.6038600779410367	0.20563236811346847	0.006583883738671248	0.20435532442150064
0.6034424616552923	0.20931049050093556	0.006583883738671248	0.2222053392075379
0.6016962299640559	0.21588530538798525	0.006583883738671248	0.17738279614647348
0.6016962299640559	0.21588530538798525	0.006583883738671248	0.17738279614647348
0.6016962299640559	0.21588530538798525	0.006583883738671248	0.17738279614647348
0.6016962299640559	0.21588530538798525	0.006583883738671248	0.17738279614647348
0.6016962299640559	0.21588530538798525	0.006583883738671248	0.17738279614647348
0.6016962299640559	0.21588530538798525	0.006583883738671248	0.17738279614647348
0.6016962299640559	0.21588530538798525	0.006583883738671248	0.17738279614647348
0.5995827284440393	0.29373709003261317	0.11220565922339396	0.26660500035038526
0.5989094186112719	0.31053312329635485	0.11897686763290125	0.3208801249968549
0.5962103312358872	0.3449336272231582	0.11897686763290125	0.3208801249968549
0.5962103312358872	0.3449336272231582	0.11897686763290125	0.3208801249968549
0.5940633401520662	0.46510056637048547	0.12285252058171378	0.3208801249968549
