0.9545113075558281	0.06661994503635989	0.0006058866415754594	0.0022021584268609173
0.9545113075558281	0.06661994503635989	0.0006058866415754594	0.0022021584268609173
0.9545113075558281	0.06661994503635989	0.0006058866415754594	0.0022021584268609173
0.9545113075558281	0.06661994503635989	0.0006058866415754594	0.0022021584268609173
0.9545113075558281	0.06661994503635989	0.0006058866415754594	0.0022021584268609173
0.9553338155313993	0.06803035208169873	0.0006058866415754594	0.0022021584268609173
0.9531525149083778	0.07579049943844575	0.0006058866415754594	0.0022021584268609173
0.9348800094984068	0.08308213980484626	0.002527963719148596	0.0053315924551615435
0.9348800094984068	0.08308213980484626	0.002527963719148596	0.0053315924551615435
0.9365678572104442	0.08369698531786438	0.006734448356599698	0.006026107548958853
0.9365678572104442	0.08369698531786438	0.006734448356599698	0.006026107548958853
0.9354508247141483	0.11153073256268388	0.04731217072163171	0.03634779619103759
0.9342456778835043	0.12460314141193625	0.01272268576021418	0.06989858170012711
0.9342456778835043	0.12460314141193625	0.01272268576021418	0.06989858170012711
0.9329633795800767	0.14385284739499354	0.052347913829832365	0.022290972550510074
0.9329633795800767	0.14385284739499354	0.052347913829832365	0.022290972550510074
0.9333962281291664	0.12671845907699597	0.00447091311144257	0.01970025028282485
0.9333962281291664	0.12671845907699597	0.00447091311144257	0.01970025028282485
0.932923377755548	0.1767946139030803	0.019010798203759754	0.08023101894497117
0.9333962281291664	0.12671845907699597	0.00447091311144257	0.01970025028282485
0.9328696613436263	0.19489760769547715	0.030281630403971554	0.04800067785284928
0.9328696613436263	0.1921739882304344	0.04413189454300745	0.04800067785284928
0.9328696613436263	0.21815697014071034	0.04413189454300745	0.04800067785284928
0.9328696613436263	0.21815697014071034	0.04413189454300745	0.04800067785284928
0.9328696613436263	0.21815697014071034	0.04413189454300745	0.04800067785284928
0.9328696613436263	0.21815697014071034	0.04413189454300745	0.04800067785284928
0.9328696613436263	0.21815697014071034	0.04413189454300745	0.04800067785284928
0.9328696613436263	0.21815697014071034	0.04413189454300745	0.04800067785284928
0.9328696613436263	0.21815697014071034	0.04413189454300745	0.04800067785284928
0.9328696613436263	0.21815697014071034	0.04413189454300745	0.04800067785284928
0.9328696613436263	0.21815697014071034	0.04413189454300745	0.04800067785284928
0.9328696613436263	0.21815697014071034	0.04413189454300745	0.04800067785284928
0.9328696613436263	0.21815697014071034	0.04413189454300745	0.04800067785284928
0.9328696613436263	0.21815697014071034	0.04413189454300745	0.04800067785284928
0.9328696613436263	0.21210020631977022	0.04413189454300745	0.04800067785284928
0.9328696613436263	0.21210020631977022	0.04413189454300745	0.04800067785284928
0.9328696613436263	0.21210020631977022	0.04413189454300745	0.04800067785284928
0.5446706003412252	0.42449560892185756	0.2624261633464037	0.363089263431361
0.5398135804136502	0.42414172527343996	0.26449674045911614	0.3536750500475536
0.6075710998373058	0.4240354743651526	0.26449674045911614	0.3248584897525133
0.6075710998373058	0.4240354743651526	0.26449674045911614	0.3248584897525133
0.6075710998373058	0.4240354743651526	0.26449674045911614	0.3248584897525133
0.6075710998373058	0.4240354743651526	0.26449674045911614	0.3248584897525133
0.6075710998373058	0.4240354743651526	0.26449674045911614	0.3248584897525133
0.5639960008424526	0.4236442396932898	0.26449674045911614	0.3687099235965269
0.623092410440642	0.4231950502853641	0.26449674045911614	0.3687099235965269
0.623092410440642	0.4231950502853641	0.26449674045911614	0.3687099235965269
0.623092410440642	0.4231950502853641	0.26449674045911614	0.3687099235965269
0.623092410440642	0.4231950502853641	0.26449674045911614	0.3687099235965269
0.623092410440642	0.4231950502853641	0.26449674045911614	0.3687099235965269
0.623092410440642	0.4231950502853641	0.26449674045911614	0.3687099235965269
0.623092410440642	0.4231950502853641	0.26449674045911614	0.3687099235965269
0.623092410440642	0.4231950502853641	0.26449674045911614	0.3687099235965269
0.5639960008424526	0.4236442396932898	0.26449674045911614	0.3687099235965269
0.5639960008424526	0.4236442396932898	0.26449674045911614	0.3687099235965269
0.5639960008424526	0.4236442396932898	0.26449674045911614	0.3687099235965269
0.5639960008424526	0.4236442396932898	0.26449674045911614	0.3687099235965269
0.5100446631669696	0.42665438384032217	0.27224358218658695	0.32957476561158394
0.5224004962335018	0.4261454002319402	0.28617664383905916	0.3689129180769146
0.5224004962335018	0.4261454002319402	0.28617664383905916	0.3689129180769146
0.5224004962335018	0.4261454002319402	0.28617664383905916	0.3689129180769146
0.5100446631669696	0.42665438384032217	0.27224358218658695	0.32957476561158394
0.502854349829192	0.4268852011522991	0.2716490658855889	0.3689129180769146
0.4854215348700571	0.4277915901207335	0.24586873442226617	0.3435417505635998
0.4854215348700571	0.4277915901207335	0.24586873442226617	0.3435417505635998
0.4629136996376883	0.43007031866642736	0.27718244689922766	0.378984060745457
0.4629136996376883	0.43007031866642736	0.27718244689922766	0.378984060745457
0.4629136996376883	0.43007031866642736	0.27718244689922766	0.378984060745457
0.43798177446460934	0.433817211895682	0.2821481064727405	0.3024890640162743
0.43798177446460934	0.433817211895682	0.2821481064727405	0.3024890640162743
0.43798177446460934	0.433817211895682	0.2821481064727405	0.3024890640162743
0.4282991608961659	0.43878254280535295	0.2982291127547594	0.3931817289116706
0.40957033568631124	0.44155568106605597	0.29905525091723684	0.3489075573325833
0.40957033568631124	0.44155568106605597	0.29905525091723684	0.3489075573325833
0.40957033568631124	0.44155568106605597	0.29905525091723684	0.3489075573325833
0.39991645005947024	0.4425390319466759	0.304603708518561	0.3499039261681487
0.3961770590075539	0.44165298460118524	0.2908957461041757	0.34911923369814
0.37999217174208577	0.44265767712286463	0.3020525251791793	0.36071867964487886
0.37999217174208577	0.44265767712286463	0.3020525251791793	0.36071867964487886
0.3711236063941464	0.4458888158831817	0.3133787129140987	0.372920534388113
0.3711236063941464	0.4458888158831817	0.3133787129140987	0.372920534388113
0.3635332155868592	0.4461278468626159	0.3256252601451622	0.3374409215036278
0.36151470458097734	0.4469929442471207	0.3256252601451622	0.3486947106789732
0.3525629987753586	0.45417434277090696	0.25413135081279836	0.30029583685541494
0.3446137700898945	0.45859717954384654	0.3054798402706534	0.38106337746655716
0.3446137700898945	0.45859717954384654	0.3054798402706534	0.38106337746655716
0.33762553550698166	0.46094901508822744	0.3274320236605127	0.3495070467973023
0.3303427856134676	0.46222874921074875	0.3274320236605127	0.3495070467973023
0.3268824683552876	0.46361450813484656	0.3274320236605127	0.406047044653184
0.32439571756045127	0.47502023556233425	0.3442324054057497	0.40406338831145283
0.313222293223017	0.478842569350421	0.36029957613776864	0.3578126500080214
0.313222293223017	0.478842569350421	0.36029957613776864	0.3578126500080214
0.3078372622179478	0.4943564382370682	0.4306839532483467	0.34106054743438213
0.30485460611085663	0.5110691300674169	0.4306839532483467	0.28029098598162655
0.3013163441530453	0.5382344559622406	0.38408147760989897	0.40088017824428324
0.29587621215982735	0.5613256928058663	0.48647266404372297	0.45388512194331393
0.2949070473692016	0.5589859629883704	0.5137049488437784	0.4297476962158843
0.28702813760784185	0.5684250392559603	0.4583264757998572	0.37066897888455064
0.2759498645843519	0.766548743329615	0.5777145695730265	0.6016166220619397
0.2759498645843519	0.766548743329615	0.5777145695730265	0.6016166220619397
