1.5966355935708567	0.0412834659750482	0.0075981552743260156	0.011430673303009703
1.5966355935708567	0.0412834659750482	0.0075981552743260156	0.011430673303009703
1.580981511609913	0.044379683027782696	0.0075981552743260156	0.011430673303009703
1.506467622897421	0.06217656798633574	0.0075981552743260156	0.011430673303009703
1.4603631215352957	0.07215672378102635	0.0075981552743260156	0.02054752983474309
1.4603631215352957	0.07215672378102635	0.0075981552743260156	0.02054752983474309
1.4603631215352957	0.07215672378102635	0.0075981552743260156	0.02054752983474309
1.4603631215352957	0.07215672378102635	0.0075981552743260156	0.02054752983474309
1.4603631215352957	0.07215672378102635	0.0075981552743260156	0.02054752983474309
1.4603631215352957	0.07215672378102635	0.0075981552743260156	0.02054752983474309
1.436365868879709	0.15496218935213651	0.0075981552743260156	0.011430673303009703
1.436365868879709	0.15496218935213651	0.0075981552743260156	0.011430673303009703
1.3285977032178375	0.18255058196230217	0.016039042263641848	0.2144636997338686
1.3285977032178375	0.18255058196230217	0.016039042263641848	0.2144636997338686
1.053898106076291	0.18542120672074486	0.002922502717427833	0.1797457837694716
1.053898106076291	0.18542120672074486	0.002922502717427833	0.1797457837694716
1.053898106076291	0.18542120672074486	0.002922502717427833	0.1797457837694716
1.053898106076291	0.18542120672074486	0.002922502717427833	0.1797457837694716
0.9923219846646407	0.18675289864824773	0.002922502717427833	0.1797457837694716
0.9347130564267938	0.18978373833151535	0.002922502717427833	0.1797457837694716
0.9347130564267938	0.18978373833151535	0.002922502717427833	0.1797457837694716
0.8366812315447414	0.19443925565431905	0.002326321568531853	0.1850237357747907
0.8366812315447414	0.19443925565431905	0.002326321568531853	0.1850237357747907
0.8366812315447414	0.19443925565431905	0.002326321568531853	0.1850237357747907
0.762152282057278	0.19532175442580432	0.002326321568531853	0.1850237357747907
0.7722094402710921	0.19552469784186383	0.002326321568531853	0.16796063778122627
0.7359938641551462	0.19555489151627597	0.002326321568531853	0.1850237357747907
0.7359938641551462	0.19555489151627597	0.002326321568531853	0.1850237357747907
0.7181200512620373	0.19592542850202038	0.002326321568531853	0.1850237357747907
0.7152163766612417	0.19767804795609206	0.002326321568531853	0.1850237357747907
0.6890322344076152	0.2024230167615081	0.002326321568531853	0.23819300656469858
0.6209685412111475	0.20349672906970767	0.0077629620526043774	0.19632966620471798
0.6209685412111475	0.20349672906970767	0.0077629620526043774	0.19632966620471798
0.6209685412111475	0.20349672906970767	0.0077629620526043774	0.19632966620471798
0.6209685412111475	0.20349672906970767	0.0077629620526043774	0.19632966620471798
0.6115491716794714	0.2041844222165441	0.0030960133926737354	0.18790931169889438
0.6115491716794714	0.2041844222165441	0.0030960133926737354	0.18790931169889438
0.6060258802864014	0.21353485380694068	0.013707400249126644	0.20327780800649153
0.6060258802864014	0.21353485380694068	0.013707400249126644	0.20327780800649153
0.6029466019928472	0.22344331127832273	0.013707400249126644	0.20327780800649153
0.6027931400051306	0.23509981153924844	0.013707400249126644	0.20327780800649153
0.6022828149748211	0.24057594593880488	0.013707400249126644	0.20327780800649153
0.6022828149748211	0.24057594593880488	0.013707400249126644	0.20327780800649153
0.6022828149748211	0.24057594593880488	0.013707400249126644	0.20327780800649153
0.6022828149748211	0.24057594593880488	0.013707400249126644	0.20327780800649153
0.6022828149748211	0.24057594593880488	0.013707400249126644	0.20327780800649153
0.6022828149748211	0.24057594593880488	0.013707400249126644	0.20327780800649153
0.6003327167232236	0.29508786518073715	0.014614709994943076	0.27887462265795765
0.5985362092928358	0.31444284526752087	0.014614709994943076	0.33100975923815923
0.5985362092928358	0.31444284526752087	0.014614709994943076	0.33100975923815923
0.598230489287236	0.32919513447028725	0.014614709994943076	0.220621927533371
0.598230489287236	0.32919513447028725	0.014614709994943076	0.220621927533371
0.598230489287236	0.32919513447028725	0.014614709994943076	0.220621927533371
0.598230489287236	0.32919513447028725	0.014614709994943076	0.220621927533371
0.598230489287236	0.32919513447028725	0.014614709994943076	0.220621927533371
0.598230489287236	0.32919513447028725	0.014614709994943076	0.220621927533371
0.598230489287236	0.32919513447028725	0.014614709994943076	0.220621927533371
0.44391886903432065	0.4338737903134927	0.35358202898660535	0.34739190836340017
0.4619376764939064	0.4322986288197408	0.3289591508620602	0.35811363301844057
0.4619376764939064	0.4322986288197408	0.3289591508620602	0.35811363301844057
0.4619376764939064	0.4322986288197408	0.3289591508620602	0.35811363301844057
0.4619376764939064	0.4322986288197408	0.3289591508620602	0.35811363301844057
0.4619376764939064	0.4322986288197408	0.3289591508620602	0.35811363301844057
0.4636648113088784	0.4318180025730611	0.30029846509260094	0.34739190836340017
0.4636648113088784	0.4318180025730611	0.30029846509260094	0.34739190836340017
0.4632110106427054	0.4314672417242154	0.28971813871530283	0.3481985085679925
0.4632110106427054	0.4314672417242154	0.28971813871530283	0.3481985085679925
0.4632110106427054	0.4314672417242154	0.28971813871530283	0.3481985085679925
0.4734846828094979	0.4313100229888694	0.30028025151661025	0.34739190836340017
0.4632110106427054	0.4314672417242154	0.28971813871530283	0.3481985085679925
0.448820035263917	0.4323985267581629	0.30881999945756855	0.3099493079649782
0.448820035263917	0.4323985267581629	0.30881999945756855	0.3099493079649782
0.42008704532398156	0.43288758796694965	0.30029846509260094	0.34739190836340017
0.42008704532398156	0.43288758796694965	0.30029846509260094	0.34739190836340017
0.42008704532398156	0.43288758796694965	0.30029846509260094	0.34739190836340017
0.42008704532398156	0.43288758796694965	0.30029846509260094	0.34739190836340017
0.4016977357502903	0.43753716626370637	0.266507988361944	0.3768459432157021
0.4016977357502903	0.43753716626370637	0.266507988361944	0.3768459432157021
0.4016977357502903	0.43753716626370637	0.266507988361944	0.3768459432157021
0.3906328225594078	0.43997554890536594	0.266507988361944	0.3780558435225906
0.3906328225594078	0.43997554890536594	0.266507988361944	0.3780558435225906
0.384930960215978	0.44327473968080777	0.2873843997075751	0.3020820532672137
0.35641613257974275	0.44444780901752096	0.35695930171836	0.32803756634067394
0.35641613257974275	0.44444780901752096	0.35695930171836	0.32803756634067394
0.35641613257974275	0.44444780901752096	0.35695930171836	0.32803756634067394
0.35641613257974275	0.44444780901752096	0.35695930171836	0.32803756634067394
0.35299348873938513	0.4452597666933862	0.3531892727225392	0.3055797281138649
0.339947327355875	0.45850355855955705	0.3421836993884154	0.39486325192364535
0.339947327355875	0.45850355855955705	0.3421836993884154	0.39486325192364535
0.339947327355875	0.45850355855955705	0.3421836993884154	0.39486325192364535
0.33124338028237765	0.4696095838848972	0.38085499027984815	0.3909581572582517
0.3266565628717111	0.47154794025621444	0.328784899336126	0.3340002152454725
0.32432668672845694	0.47501852456710036	0.40690324205137884	0.3278080247005762
0.3181361351971687	0.49220935779136554	0.37710643270873484	0.3857864513341249
0.3164763653997604	0.49774796957741607	0.4571923045249634	0.40549878887295093
0.30821252782191555	0.5100872454411112	0.3216360628005774	0.4082060301001492
0.30676791772341566	0.5234019639141008	0.3990770547448252	0.46835679597898505
0.3014212838198707	0.51718984287208	0.3582069996023983	0.4531039164420867
0.2995197585549349	0.5631839544319057	0.513088983490894	0.5020291172547316
0.2995197585549349	0.5631839544319057	0.513088983490894	0.5020291172547316
