0.7269259313641682	0.18834162932922688	0.003770190845696769	0.1766840556978379
0.7269259313641682	0.18834162932922688	0.003770190845696769	0.1766840556978379
0.7269259313641682	0.18834162932922688	0.003770190845696769	0.1766840556978379
0.7269259313641682	0.18834162932922688	0.003770190845696769	0.1766840556978379
0.7269259313641682	0.18834162932922688	0.003770190845696769	0.1766840556978379
0.7269259313641682	0.18834162932922688	0.003770190845696769	0.1766840556978379
0.7269259313641682	0.18834162932922688	0.003770190845696769	0.1766840556978379
0.7269259313641682	0.18834162932922688	0.003770190845696769	0.1766840556978379
0.7269259313641682	0.18834162932922688	0.003770190845696769	0.1766840556978379
0.6679723482473194	0.1916304068439504	0.0023453716331928443	0.19089535756059736
0.6679723482473194	0.1916304068439504	0.0023453716331928443	0.19089535756059736
0.6679723482473194	0.1916304068439504	0.0023453716331928443	0.19089535756059736
0.6679723482473194	0.1916304068439504	0.0023453716331928443	0.19089535756059736
0.6679723482473194	0.1916304068439504	0.0023453716331928443	0.19089535756059736
0.6091152043420354	0.21305058861647125	0.002398393025457718	0.2739220779470289
0.6091152043420354	0.21305058861647125	0.002398393025457718	0.2739220779470289
0.6086405262167415	0.21546773728915627	0.00524803145046554	0.29741870686948824
0.6081132717117798	0.2191977265764301	0.00524803145046554	0.29741870686948824
0.6081132717117798	0.2191977265764301	0.00524803145046554	0.29741870686948824
0.6090428290922661	0.22011481789982462	0.00524803145046554	0.29741870686948824
0.6078371601232263	0.23160248218562546	0.05289186015128952	0.19774973546318048
0.6078371601232263	0.23160248218562546	0.05289186015128952	0.19774973546318048
0.6077572511705688	0.23678892917229438	0.046049366889142546	0.22467756435592068
0.6077572511705688	0.23678892917229438	0.046049366889142546	0.22467756435592068
0.6077211282239714	0.2537152075033382	0.05289186015128952	0.25082553988765566
0.6076415602756666	0.25763126814746884	0.022351771021935973	0.17558970842782373
0.6076415602756666	0.25763126814746884	0.022351771021935973	0.17558970842782373
0.6076415602756666	0.25763126814746884	0.022351771021935973	0.17558970842782373
0.6076297476012433	0.2811774465535386	0.05174864373915819	0.19804285999533355
0.6076297476012433	0.2811774465535386	0.05174864373915819	0.19804285999533355
0.6076061245791956	0.2901795787517924	0.022351771021935973	0.19804285999533355
0.6075887562857154	0.2989274201005485	0.05174864373915819	0.2104686338416056
0.6075887562857154	0.2989274201005485	0.05174864373915819	0.2104686338416056
0.6075887562857154	0.2989274201005485	0.05174864373915819	0.2104686338416056
0.6075887562857154	0.2989274201005485	0.05174864373915819	0.2104686338416056
0.6075887562857154	0.2989274201005485	0.05174864373915819	0.2104686338416056
0.6075887562857154	0.2989274201005485	0.05174864373915819	0.2104686338416056
0.6075887562857154	0.2989274201005485	0.05174864373915819	0.2104686338416056
0.6075887562857154	0.2989274201005485	0.05174864373915819	0.2104686338416056
0.6075887562857154	0.2989274201005485	0.05174864373915819	0.2104686338416056
0.6075887562857154	0.2989274201005485	0.05174864373915819	0.2104686338416056
0.6075887562857154	0.2989274201005485	0.05174864373915819	0.2104686338416056
0.6075887562857154	0.2989274201005485	0.05174864373915819	0.2104686338416056
0.6075830255826654	0.39835990021965023	0.0905568545759334	0.19804285999533355
0.6075830255826654	0.39835990021965023	0.0905568545759334	0.19804285999533355
0.6075830255826654	0.39835990021965023	0.0905568545759334	0.19804285999533355
0.48131966291215916	0.4319735035525608	0.33297853623767265	0.30741645532133277
0.48131966291215916	0.4319735035525608	0.33297853623767265	0.30741645532133277
0.48131966291215916	0.4319735035525608	0.33297853623767265	0.30741645532133277
0.43471340877235776	0.4287883439089817	0.31076080777015735	0.30741645532133277
0.43471340877235776	0.4287883439089817	0.31076080777015735	0.30741645532133277
0.43471340877235776	0.4287883439089817	0.31076080777015735	0.30741645532133277
0.43671728911900615	0.42826130513333316	0.32316932625404904	0.3702274267234714
0.43671728911900615	0.42826130513333316	0.32316932625404904	0.3702274267234714
0.4418572892895113	0.4274909582889013	0.3313992923102122	0.3702274267234714
0.4418572892895113	0.4274909582889013	0.3313992923102122	0.3702274267234714
0.4418572892895113	0.4274909582889013	0.3313992923102122	0.3702274267234714
0.4418572892895113	0.4274909582889013	0.3313992923102122	0.3702274267234714
0.4418572892895113	0.4274909582889013	0.3313992923102122	0.3702274267234714
0.4418572892895113	0.4274909582889013	0.3313992923102122	0.3702274267234714
0.4418572892895113	0.4274909582889013	0.3313992923102122	0.3702274267234714
0.4418572892895113	0.4274909582889013	0.3313992923102122	0.3702274267234714
0.43671728911900615	0.42826130513333316	0.32316932625404904	0.3702274267234714
0.42377975068195806	0.42828046162729994	0.31076080777015735	0.30741645532133277
0.42377975068195806	0.42828046162729994	0.31076080777015735	0.30741645532133277
0.40868354229643283	0.4325100576595906	0.31076080777015735	0.30741645532133277
0.40868354229643283	0.4325100576595906	0.31076080777015735	0.30741645532133277
0.40594487315328825	0.43251774020711187	0.3245415236799496	0.3222883923300677
0.37622497586596315	0.43336074355618026	0.3245415236799496	0.3222883923300677
0.37622497586596315	0.43336074355618026	0.3245415236799496	0.3222883923300677
0.37622497586596315	0.43336074355618026	0.3245415236799496	0.3222883923300677
0.37622497586596315	0.43336074355618026	0.3245415236799496	0.3222883923300677
0.37622497586596315	0.43336074355618026	0.3245415236799496	0.3222883923300677
0.36717186512668787	0.43888286492642054	0.3535412785092046	0.28972274716615415
0.36717186512668787	0.43888286492642054	0.3535412785092046	0.28972274716615415
0.3622653650993325	0.44296703437786183	0.3445615071175757	0.38204949400740673
0.3545087908977913	0.44364347090961687	0.3445615071175757	0.38204949400740673
0.3545087908977913	0.44364347090961687	0.3445615071175757	0.38204949400740673
0.35254108957032637	0.4510867077635617	0.37290000322112093	0.38204949400740673
0.3406432791186523	0.4635131735544773	0.27242122103372435	0.34020606577215096
0.3406432791186523	0.4635131735544773	0.27242122103372435	0.34020606577215096
0.3389858871667516	0.464749888067794	0.3130177539468206	0.35746694722400696
0.3351601693951457	0.4671856477615208	0.30347658692722523	0.35746694722400696
0.3294492511809219	0.4674028735009805	0.3107800739463002	0.35746694722400696
0.3253833921265839	0.4711410175280154	0.30795194692826594	0.35746694722400696
0.3253833921265839	0.4711410175280154	0.30795194692826594	0.35746694722400696
0.3194128717481248	0.4922143347344401	0.4350403033940808	0.3188199169038543
0.3142183339985895	0.5013819789303696	0.4653980407579258	0.34668977219903396
0.3142183339985895	0.5013819789303696	0.4653980407579258	0.34668977219903396
0.30715414726844825	0.5077491730289857	0.4000131677700409	0.36029965718884976
0.2990243920313037	0.5079778578129821	0.3838565404981984	0.36029965718884976
0.2990243920313037	0.5079778578129821	0.3838565404981984	0.36029965718884976
0.29661014724652573	0.5216275758824069	0.3838565404981984	0.41033344793639875
0.29023498918020557	0.5306333719761422	0.3564128201539777	0.403419957017569
0.29023498918020557	0.5306333719761422	0.3564128201539777	0.403419957017569
0.2859618986848704	0.53677841070806	0.3564128201539777	0.40723220845911345
0.28031785074832066	0.5681919619296126	0.411433387636969	0.43739094031807624
0.2711588470775084	0.6026677549356779	0.45504899690179845	0.5236033098971233
0.2711588470775084	0.6026677549356779	0.45504899690179845	0.5236033098971233
0.2701861746617065	0.6060768148406229	0.45504899690179845	0.5312278127802122
