1.273440665268541	0.19153501756754782	0.0005745420017359004	0.1842548987549405
1.273440665268541	0.19153501756754782	0.0005745420017359004	0.1842548987549405
1.273440665268541	0.19153501756754782	0.0005745420017359004	0.1842548987549405
1.273440665268541	0.19153501756754782	0.0005745420017359004	0.1842548987549405
0.974420727820621	0.19173440556627758	0.0005745420017359004	0.1842548987549405
0.920558109164276	0.19250787498883987	0.0005745420017359004	0.1597160559169555
0.6807866515791772	0.19277081237535648	0.0011063994370524022	0.17541703701717537
0.6807866515791772	0.19277081237535648	0.0011063994370524022	0.17541703701717537
0.6807866515791772	0.19277081237535648	0.0011063994370524022	0.17541703701717537
0.6550755177376096	0.19433101043429996	0.0011063994370524022	0.17541703701717537
0.63447495889837	0.19662555869002976	0.0025768516705337863	0.18125455390417614
0.6336186000341353	0.20099926892482528	0.0038408006857443	0.20660704617933384
0.6157162154193073	0.20341875127440806	0.00866306984268106	0.23639501562074558
0.6129681069257658	0.20496671983320924	0.00866306984268106	0.2567807396619629
0.6129681069257658	0.20496671983320924	0.00866306984268106	0.2567807396619629
0.6129681069257658	0.20496671983320924	0.00866306984268106	0.2567807396619629
0.6121321397469922	0.21960807264600918	0.01250140813668088	0.2278622477130991
0.6099459048277178	0.22049258772337407	0.00728452060415305	0.2602057645470045
0.6099459048277178	0.22049258772337407	0.00728452060415305	0.2602057645470045
0.6099459048277178	0.22049258772337407	0.00728452060415305	0.2602057645470045
0.6099459048277178	0.22049258772337407	0.00728452060415305	0.2602057645470045
0.6099127213361829	0.22049258772337407	0.00728452060415305	0.2602057645470045
0.6089320185538215	0.24404189113738464	0.06097846244400801	0.23668384416281424
0.608930822761333	0.24982385600299917	0.06097846244400801	0.23668384416281424
0.608930822761333	0.24982385600299917	0.06097846244400801	0.23668384416281424
0.608930822761333	0.24982385600299917	0.06097846244400801	0.23668384416281424
0.608930822761333	0.24982385600299917	0.06097846244400801	0.23668384416281424
0.608930822761333	0.24982385600299917	0.06097846244400801	0.23668384416281424
0.608930822761333	0.24982385600299917	0.06097846244400801	0.23668384416281424
0.608930822761333	0.24982385600299917	0.06097846244400801	0.23668384416281424
0.608930822761333	0.24982385600299917	0.06097846244400801	0.23668384416281424
0.6086651727207529	0.297699888587981	0.06097846244400801	0.36140587417337366
0.6086651727207529	0.297699888587981	0.06097846244400801	0.36140587417337366
0.6086651727207529	0.297699888587981	0.06097846244400801	0.36140587417337366
0.6086651727207529	0.297699888587981	0.06097846244400801	0.36140587417337366
0.6086651727207529	0.297699888587981	0.06097846244400801	0.36140587417337366
0.6086651727207529	0.297699888587981	0.06097846244400801	0.36140587417337366
0.6086651727207529	0.297699888587981	0.06097846244400801	0.36140587417337366
0.6086651727207529	0.297699888587981	0.06097846244400801	0.36140587417337366
0.6086651727207529	0.297699888587981	0.06097846244400801	0.36140587417337366
0.6086651727207529	0.297699888587981	0.06097846244400801	0.36140587417337366
0.6086651727207529	0.297699888587981	0.06097846244400801	0.36140587417337366
0.6086651727207529	0.297699888587981	0.06097846244400801	0.36140587417337366
0.6087096753601158	0.31217562982484637	0.06097846244400801	0.41334693824303825
0.6087096753601158	0.31217562982484637	0.06097846244400801	0.41334693824303825
0.6087096753601158	0.31217562982484637	0.06097846244400801	0.41334693824303825
0.42405177981550063	0.4220763506458443	0.280349262642144	0.3467316290731611
0.5076776960963327	0.4199212494770787	0.32391214948122554	0.3467316290731611
0.5076776960963327	0.4199212494770787	0.32391214948122554	0.3467316290731611
0.5076776960963327	0.4199212494770787	0.32391214948122554	0.3467316290731611
0.5076776960963327	0.4199212494770787	0.32391214948122554	0.3467316290731611
0.5111614121694483	0.419345573852413	0.274816349048065	0.3467316290731611
0.4426391079131696	0.41812271675826473	0.280349262642144	0.3432978325486191
0.4426391079131696	0.41812271675826473	0.280349262642144	0.3432978325486191
0.4543535006367916	0.4170447594671485	0.280349262642144	0.3467316290731611
0.42752130377638187	0.41671055171426097	0.280349262642144	0.3467316290731611
0.42752130377638187	0.41671055171426097	0.280349262642144	0.3467316290731611
0.42752130377638187	0.41671055171426097	0.280349262642144	0.3467316290731611
0.42752130377638187	0.41671055171426097	0.280349262642144	0.3467316290731611
0.42752130377638187	0.41671055171426097	0.280349262642144	0.3467316290731611
0.46158099117292717	0.4148251259918526	0.280349262642144	0.35592260821301097
0.46158099117292717	0.4148251259918526	0.280349262642144	0.35592260821301097
0.42752130377638187	0.41671055171426097	0.280349262642144	0.3467316290731611
0.42752130377638187	0.41671055171426097	0.280349262642144	0.3467316290731611
0.42752130377638187	0.41671055171426097	0.280349262642144	0.3467316290731611
0.42752130377638187	0.41671055171426097	0.280349262642144	0.3467316290731611
0.42752130377638187	0.41671055171426097	0.280349262642144	0.3467316290731611
0.42752130377638187	0.41671055171426097	0.280349262642144	0.3467316290731611
0.4217636689015241	0.42103562372215936	0.23822313710384332	0.303884150302711
0.41616369674217496	0.42430019475698927	0.26439245726892247	0.31901401121262696
0.4115312785176994	0.42450727268298255	0.2804986718608076	0.3896320262237544
0.40674274585357295	0.42522935300010306	0.26439245726892247	0.29430642318081024
0.4048922774721435	0.4274195205507196	0.26439245726892247	0.29430642318081024
0.39851836705307375	0.4282278996538791	0.26478352586126186	0.2985013830186446
0.38697401479433624	0.4316156266743409	0.26439245726892247	0.28011942473894474
0.38697401479433624	0.4316156266743409	0.26439245726892247	0.28011942473894474
0.38697401479433624	0.4316156266743409	0.26439245726892247	0.28011942473894474
0.38396451266776693	0.43721439389111344	0.3371152400140096	0.3558472910453629
0.3768983246315043	0.43829834979849	0.3371152400140096	0.33404920641598723
0.36533551276206055	0.43837374458807815	0.36188037473091617	0.3348615157580376
0.36533551276206055	0.43837374458807815	0.36188037473091617	0.3348615157580376
0.36533551276206055	0.43837374458807815	0.36188037473091617	0.3348615157580376
0.36328840248412697	0.44397267308265886	0.3870289251548518	0.34936067877887966
0.3592561501875335	0.4448948586863204	0.3018422326704648	0.28787779908014044
0.35001884498632496	0.4481425752461786	0.32063895454887115	0.33813602362013423
0.35001884498632496	0.4481425752461786	0.32063895454887115	0.33813602362013423
0.35001884498632496	0.4481425752461786	0.32063895454887115	0.33813602362013423
0.34398530385590925	0.453133478192887	0.3557275841240458	0.3120514677065211
0.3423976367016751	0.45319698648926227	0.3703310402535318	0.30998265850188134
0.336280526911042	0.4551858809602497	0.3842713510378057	0.32059568269832406
0.33407272949414474	0.45830384047199624	0.34645467567981425	0.3989521847574058
0.3310946416128202	0.4623227322656139	0.35826858842652026	0.43112395123062797
0.32919272327844634	0.46970774500635304	0.29422220964201934	0.35690684947744367
0.32570329569943735	0.47660114475571685	0.270345092297521	0.4175858005305154
0.322640651609097	0.4767651036315673	0.31231889458936074	0.32552458744597734
0.31644498695065826	0.4808930681675461	0.4158487187750659	0.32552458744597734
0.31644498695065826	0.4808930681675461	0.4158487187750659	0.32552458744597734
0.31367473718544037	0.5007139121121681	0.3148852291766956	0.42870284992761976
0.3059666611625272	0.6078981158165809	0.5672510283982775	0.43539546729756
0.3059666611625272	0.6078981158165809	0.5672510283982775	0.43539546729756
