1.0312979485236315	0.06288902474011546	0.007353404207031622	0.006554147930320137
1.0312979485236315	0.06288902474011546	0.007353404207031622	0.006554147930320137
1.0312979485236315	0.06288902474011546	0.007353404207031622	0.006554147930320137
1.0312979485236315	0.06288902474011546	0.007353404207031622	0.006554147930320137
1.0312979485236315	0.06288902474011546	0.007353404207031622	0.006554147930320137
0.9913527584726034	0.063059933848987	0.007353404207031622	0.007077956627507126
0.9886423578615045	0.0690727967941781	0.007353404207031622	0.006030339233133175
0.9591542489569725	0.07319341153859628	0.0015044200800596874	0.007077956627507126
0.9557344790895668	0.07730077161524888	0.007353404207031622	0.007077956627507126
0.9481004052315195	0.08546976544991895	0.01899741235126917	0.0017091512635132866
0.9481004052315195	0.08546976544991895	0.01899741235126917	0.0017091512635132866
0.9481004052315195	0.08546976544991895	0.01899741235126917	0.0017091512635132866
0.9477755435782699	0.11201258495204292	0.013037999042477877	0.004099845679528313
0.9477755435782699	0.11201258495204292	0.013037999042477877	0.004099845679528313
0.9475594971533549	0.13520837709857317	0.013037999042477877	0.004099845679528313
0.9469465133492719	0.1378625261162005	0.010854623420573584	0.03363550272138591
0.9465489687180562	0.15140665168724055	0.028732863346947468	0.02431466929657297
0.9465489687180562	0.15140665168724055	0.028732863346947468	0.02431466929657297
0.9465489687180562	0.15140665168724055	0.028732863346947468	0.02431466929657297
0.9465489687180562	0.15140665168724055	0.028732863346947468	0.02431466929657297
0.9465489687180562	0.15140665168724055	0.028732863346947468	0.02431466929657297
0.9465489687180562	0.15140665168724055	0.028732863346947468	0.02431466929657297
0.9465489687180562	0.15140665168724055	0.028732863346947468	0.02431466929657297
0.9465489687180562	0.15140665168724055	0.028732863346947468	0.02431466929657297
0.9467087719728401	0.15043257500060292	0.010854623420573584	0.02431466929657297
0.9467087719728401	0.15043257500060292	0.010854623420573584	0.02431466929657297
0.9467087719728401	0.15043257500060292	0.010854623420573584	0.02431466929657297
0.9467087719728401	0.17856615925931202	0.010854623420573584	0.06394759885048348
0.9467087719728401	0.17856615925931202	0.010854623420573584	0.06394759885048348
0.9467087719728401	0.17856615925931202	0.010854623420573584	0.06394759885048348
0.9467087719728401	0.16646017976283478	0.010854623420573584	0.02431466929657297
0.9467170652093978	0.287883449776203	0.22722405910949803	0.03314815706604479
0.9467170652093978	0.287883449776203	0.22722405910949803	0.03314815706604479
0.9467170652093978	0.287883449776203	0.22722405910949803	0.03314815706604479
0.6428659915080586	0.37186891406347333	0.21733298754149277	0.32932467019739675
0.6428659915080586	0.37186891406347333	0.21733298754149277	0.32932467019739675
0.6428659915080586	0.37186891406347333	0.21733298754149277	0.32932467019739675
0.6213601676302266	0.370541421525395	0.2578820407755207	0.32932467019739675
0.6213601676302266	0.370541421525395	0.2578820407755207	0.32932467019739675
0.6213601676302266	0.370541421525395	0.2578820407755207	0.32932467019739675
0.6213601676302266	0.370541421525395	0.2578820407755207	0.32932467019739675
0.6213601676302266	0.370541421525395	0.2578820407755207	0.32932467019739675
0.6213601676302266	0.370541421525395	0.2578820407755207	0.32932467019739675
0.6213601676302266	0.370541421525395	0.2578820407755207	0.32932467019739675
0.6213601676302266	0.370541421525395	0.2578820407755207	0.32932467019739675
0.6213601676302266	0.370541421525395	0.2578820407755207	0.32932467019739675
0.6213601676302266	0.370541421525395	0.2578820407755207	0.32932467019739675
0.6213601676302266	0.370541421525395	0.2578820407755207	0.32932467019739675
0.6213601676302266	0.370541421525395	0.2578820407755207	0.32932467019739675
0.6153860378759525	0.37178595970683476	0.2578820407755207	0.32932467019739675
0.5632243014984912	0.375091198888736	0.2606675147036887	0.3693583747048836
0.5632243014984912	0.375091198888736	0.2606675147036887	0.3693583747048836
0.5632243014984912	0.375091198888736	0.2606675147036887	0.3693583747048836
0.5632243014984912	0.375091198888736	0.2606675147036887	0.3693583747048836
0.5489496249040996	0.37519542382168936	0.265841576499664	0.327496023677267
0.5083159537149866	0.375727024737324	0.2729053764052775	0.32679869698951175
0.5083159537149866	0.375727024737324	0.2729053764052775	0.32679869698951175
0.5083159537149866	0.375727024737324	0.2729053764052775	0.32679869698951175
0.5083159537149866	0.375727024737324	0.2729053764052775	0.32679869698951175
0.5048936086817442	0.37732967006419416	0.2729053764052775	0.32679869698951175
0.4838581314855587	0.38026728518959796	0.2729053764052775	0.32679869698951175
0.4838581314855587	0.38026728518959796	0.2729053764052775	0.32679869698951175
0.42428156339540657	0.3816781555932641	0.2848332589211747	0.32679869698951175
0.42428156339540657	0.3816781555932641	0.2848332589211747	0.32679869698951175
0.42428156339540657	0.3816781555932641	0.2848332589211747	0.32679869698951175
0.42428156339540657	0.3816781555932641	0.2848332589211747	0.32679869698951175
0.42428156339540657	0.3816781555932641	0.2848332589211747	0.32679869698951175
0.42428156339540657	0.3816781555932641	0.2848332589211747	0.32679869698951175
0.42428156339540657	0.3816781555932641	0.2848332589211747	0.32679869698951175
0.413739419223709	0.3824228835396589	0.28837485899112286	0.3302829367258306
0.413739419223709	0.3824228835396589	0.28837485899112286	0.3302829367258306
0.39867444833567167	0.38935891227420943	0.285728902221806	0.3381712928755339
0.39867444833567167	0.38935891227420943	0.285728902221806	0.3381712928755339
0.39867444833567167	0.38935891227420943	0.285728902221806	0.3381712928755339
0.39482967430847643	0.4069419742283754	0.34484266297723215	0.3736068093501159
0.3926546868024356	0.4197324327030108	0.34484266297723215	0.40900164730096317
0.38615350599476506	0.425215872625359	0.3250381549254015	0.3226505728756418
0.37671986542906066	0.4299336785650505	0.28987333687444894	0.3295921434462875
0.3717780609562329	0.4336377728062729	0.2718713118962609	0.4332249254529039
0.368000362260904	0.43482520108021655	0.22398819613032808	0.3755450474637265
0.36077072982305175	0.43951529848273746	0.2794969230224509	0.39593393761770634
0.3544209395684723	0.4421509788192754	0.3406925054131645	0.40510666789681593
0.34261828872374583	0.4435062837379089	0.3476482854340649	0.35106765898722925
0.34261828872374583	0.4435062837379089	0.3476482854340649	0.35106765898722925
0.34022211470549246	0.4453061477767376	0.36931047438857184	0.33833932821230006
0.3360434449466793	0.4575155876369606	0.3385765188552352	0.4019520367416082
0.3322781766182556	0.4791674252198143	0.433831512003987	0.40347739524727855
0.31930201867802116	0.4906074338960538	0.2985417095379736	0.3197128269863072
0.31930201867802116	0.4906074338960538	0.2985417095379736	0.3197128269863072
0.3105535410218681	0.4915157904460361	0.4066741440759002	0.3553098815078067
0.3105535410218681	0.4915157904460361	0.4066741440759002	0.3553098815078067
0.30493466270787	0.500526364095097	0.38062748918711653	0.3093202189091333
0.3004791062117605	0.5117791561483264	0.3949996999800766	0.42285170088486057
0.29462951138659105	0.5155888215668226	0.4528427811704364	0.3606556682880852
0.28862523074972174	0.5391739784183439	0.4988344342110655	0.3437294106300524
0.28621901466286287	0.543650601998466	0.4753821887527898	0.32537354607933805
0.28456398435104835	0.5724250415587774	0.516881412986467	0.28910812273519143
0.28456398435104835	0.5724250415587774	0.516881412986467	0.28910812273519143
0.28456398435104835	0.5724250415587774	0.516881412986467	0.28910812273519143
0.28456398435104835	0.5724250415587774	0.516881412986467	0.28910812273519143
