0.8485612975260514	-0.7660726421421512	0.0
0.8485612975260514	-0.7635766320294974	0.0
0.8462101178274659	-0.7530202493930545	0.0
0.8462101178274659	-0.746450040613131	0.0
0.8437291904952589	-0.7347851533117328	0.0
0.8424219039906138	-0.7240102587912439	0.0
0.8424219039906138	-0.7240102587912439	0.0
0.8405136214255291	-0.7045406592671732	0.0
0.8398158378693354	-0.6972113835997289	0.0
0.8398158378693354	-0.6891899652189978	0.0
0.837899048416239	-0.6787314090245806	0.0
0.837899048416239	-0.6787314090245806	0.0
0.8361258210482759	-0.6556072607227368	0.0
0.8361258210482759	-0.6556072607227368	0.0
0.8349604814661482	-0.6311608397138302	0.0
0.8337923209690778	-0.6186537964369719	0.0
0.8337923209690778	-0.6186537964369719	0.0
0.8337923209690778	-0.6186537964369719	0.0
0.8324554531577502	-0.5821555378908159	0.0
0.8324554531577502	-0.570895985134317	0.0
0.8299031957915305	-0.5576418128854996	0.0
0.8299031957915305	-0.554016403621069	0.0
0.8277635781875212	-0.5374970606075524	0.0
0.8277635781875212	-0.5221127606561582	0.0
0.8277635781875212	-0.5125175733469137	0.0
0.8262811669303186	-0.49357825635294306	0.0
0.8255187410446828	-0.4748723461928073	0.0
0.8255187410446828	-0.459189129884681	0.0
0.6529433814105794	-0.4520264991156279	0.0
0.6529433814105794	-0.4520264991156279	0.0
0.6529433814105794	-0.4520264991156279	0.0
0.6506609518955181	-0.45272055921910953	0.0
0.6506609518955181	-0.45272055921910953	0.0
0.6459819678989542	-0.44131405176619903	0.0
0.6459819678989542	-0.44131405176619903	0.0
0.6434302304991601	-0.41993689541043594	0.0
0.6410302406296067	-0.40466418250624836	0.0
0.6390123697110157	-0.3899667601230596	0.0
0.6374875179397441	-0.3749557124417494	0.0
0.6359267658300185	-0.3667797382572521	0.0
0.6359267658300185	-0.3667797382572521	0.0
0.6323211322261612	-0.3206545544103056	0.0
0.6317351835504736	-0.30233059322521966	0.0
0.6307578777753008	-0.2978184968425121	0.0
0.6278145188984537	-0.26405425630069085	0.0
0.6278145188984537	-0.2629654656078752	0.0
0.6252356868464359	-0.23152745875094335	0.0
0.6252356868464359	-0.23152745875094335	0.0
0.6219883607989952	-0.18398655685969456	0.0
0.6219883607989952	-0.18398655685969456	0.0
0.6209904762876164	-0.15391862603572462	0.0
0.45457514060863596	-0.1241095698549618	0.0
0.45457514060863596	-0.1241095698549618	0.0
0.45457514060863596	-0.1241095698549618	0.0
0.45457514060863596	-0.1241095698549618	0.0
0.45457514060863596	-0.1241095698549618	0.0
0.45457514060863596	-0.1241095698549618	0.0
0.45457514060863596	-0.1241095698549618	0.0
0.45457514060863596	-0.1241095698549618	0.0
0.44574025402032025	-0.10939268103577016	0.0
0.44318526933844615	-0.08579623222189277	0.0
0.43862650351702615	-0.06574152917301247	0.0
0.4343616190260919	-0.04204780453191809	0.0
0.43358254624405396	-0.013389637497867675	0.0
0.4298488862412331	-0.0013790930037473454	0.0
0.4298488862412331	-0.0013790930037473454	0.0
0.42326375216588363	0.07625106526708685	0.0
0.42159661545704386	0.10552207806247939	0.0
0.4178522124243254	0.13640782511453234	0.0
0.41559783991009036	0.17697720767533978	0.0
0.41559783991009036	0.17697720767533978	0.0
0.25904233645715835	0.24262961108074607	0.0
0.25904233645715835	0.24262961108074607	0.0
0.25904233645715835	0.24262961108074607	0.0
0.25904233645715835	0.24262961108074607	0.0
0.25904233645715835	0.24262961108074607	0.0
0.25904233645715835	0.24262961108074607	0.0
0.25904233645715835	0.24262961108074607	0.0
0.25904233645715835	0.24262961108074607	0.0
0.25580553982352394	0.24345054566879423	0.0
0.24485091761196176	0.2665925906665627	0.0
0.2369351444509032	0.2971001470024432	0.0
0.22981815603748537	0.3377500963046701	0.0
0.2217458191576454	0.39239346378390144	0.0
0.21536674693337235	0.4413733625869173	0.0
0.20775234789557964	0.4991195896808574	0.0
0.20027689653311911	0.5541397542522685	0.0
0.1924364139873343	0.6078585113318222	0.0
0.08501304834200359	0.6710129987296741	0.0
0.08501304834200359	0.6710129987296741	0.0
0.08501304834200359	0.6710129987296741	0.0
0.08501304834200359	0.6710129987296741	0.0
0.08501304834200359	0.6710129987296741	0.0
0.08501304834200359	0.6710129987296741	0.0
0.06327506037180283	0.6928338452374458	0.0
0.06098897318796016	0.6987614865902373	0.0
0.04428264888497065	0.7481790254271762	0.0
0.03194464672360299	0.7964875148434556	0.0
0.01656173490447819	0.868681653426403	0.0
0.0	1.0012164792408738	0.0
