0.850643742788509	-0.765303237509793	0.0
0.850643742788509	-0.7643139007525834	0.0
0.850643742788509	-0.7643139007525834	0.0
0.846875300455664	-0.7397717719914422	0.0
0.8448698977216001	-0.7337530175675319	0.0
0.8448698977216001	-0.7232354950228695	0.0
0.8448698977216001	-0.7232354950228695	0.0
0.8406778927521978	-0.7031836357533174	0.0
0.8402991482292804	-0.6939150423136429	0.0
0.8386177112892601	-0.6848856590526623	0.0
0.8380987307754021	-0.6726312871566281	0.0
0.836881650789154	-0.6621719055157316	0.0
0.8356448668488486	-0.6498988577032649	0.0
0.8353751303915722	-0.6397685783881425	0.0
0.8352607545636288	-0.6279566791775062	0.0
0.8346069058211326	-0.6199813771464994	0.0
0.8345633867724047	-0.6154428014264459	0.0
0.8327612878632785	-0.6005501579613308	0.0
0.8327612878632785	-0.5818942507613415	0.0
0.8327612878632785	-0.5818942507613415	0.0
0.8327612878632785	-0.5555068174316081	0.0
0.8312112606084862	-0.5524268902011462	0.0
0.8291570900450261	-0.5302128144722787	0.0
0.8275336028066913	-0.5196555190822613	0.0
0.8275336028066913	-0.508345777705186	0.0
0.8260570111524067	-0.49276592352211784	0.0
0.8260570111524067	-0.48685911745596383	0.0
0.8260570111524067	-0.48685911745596383	0.0
0.651285325777314	-0.4506721709863801	0.0
0.651285325777314	-0.4506721709863801	0.0
0.651285325777314	-0.4506721709863801	0.0
0.651285325777314	-0.4506721709863801	0.0
0.651285325777314	-0.4506721709863801	0.0
0.651285325777314	-0.4488179163840924	0.0
0.6465139131904292	-0.42894493151327207	0.0
0.6427895487970056	-0.4164297529911955	0.0
0.6415887739946231	-0.4024747423613644	0.0
0.6402712272799393	-0.39218412086018944	0.0
0.6369710880166595	-0.37138393751313187	0.0
0.6365617331002781	-0.35779114394207556	0.0
0.6355887549217369	-0.3392937306045208	0.0
0.6355887549217369	-0.33103091930170386	0.0
0.6307635948693961	-0.3014620038862233	0.0
0.6295727483133796	-0.284995315097733	0.0
0.6295727483133796	-0.284995315097733	0.0
0.6273263611443508	-0.258723329787921	0.0
0.6264654224873121	-0.23208836314378242	0.0
0.6264654224873121	-0.23208836314378242	0.0
0.622985114403579	-0.18114721412321658	0.0
0.622985114403579	-0.18114721412321658	0.0
0.622985114403579	-0.18114721412321658	0.0
0.453467907265393	-0.11923984692692882	0.0
0.453467907265393	-0.11923984692692882	0.0
0.453467907265393	-0.11923984692692882	0.0
0.453467907265393	-0.11923984692692882	0.0
0.453467907265393	-0.11923984692692882	0.0
0.453467907265393	-0.11923984692692882	0.0
0.453467907265393	-0.11923984692692882	0.0
0.453467907265393	-0.11923984692692882	0.0
0.44887118490307754	-0.10955934342097354	0.0
0.44422645005187034	-0.09383834866680721	0.0
0.44422645005187034	-0.09383834866680721	0.0
0.4385578480896408	-0.03834267124413043	0.0
0.43412634098994646	-0.02159283895428522	0.0
0.4289934434208849	0.01440508223103511	0.0
0.42535558585001815	0.05228823455983094	0.0
0.4227891370654874	0.08114981417001545	0.0
0.4227891370654874	0.1063863125356627	0.0
0.41765623949642583	0.15173111108815412	0.0
0.4148694427188787	0.18767861498943292	0.0
0.4148694427188787	0.20600477003535825	0.0
0.25934102936920544	0.24352487143386875	0.0
0.25934102936920544	0.24352487143386875	0.0
0.25934102936920544	0.24352487143386875	0.0
0.25934102936920544	0.24352487143386875	0.0
0.25934102936920544	0.24352487143386875	0.0
0.25934102936920544	0.24352487143386875	0.0
0.25934102936920544	0.24352487143386875	0.0
0.25934102936920544	0.24352487143386875	0.0
0.25539451830634796	0.24475962542369983	0.0
0.24740441145518272	0.26474221355330546	0.0
0.23797116857552714	0.30548940740131497	0.0
0.2309254983238575	0.33575798344508057	0.0
0.22348225083962714	0.38906185583986463	0.0
0.2163937019208817	0.43495311447053636	0.0
0.2081112595344647	0.4995229137364092	0.0
0.2023023614175424	0.5685413988329232	0.0
0.19387232915690025	0.6204376116632928	0.0
0.08871768814485712	0.6759061708538564	0.0
0.08871768814485712	0.6759061708538564	0.0
0.08871768814485712	0.6759061708538564	0.0
0.08871768814485712	0.6759061708538564	0.0
0.08871768814485712	0.6759061708538564	0.0
0.08871768814485712	0.6759061708538564	0.0
0.07439577539378239	0.6814691978156049	0.0
0.0611224752434635	0.7172589222717521	0.0
0.043774436723484814	0.7641276696721199	0.0
0.031756004382520096	0.805494901968312	0.0
0.00935813122408112	0.917693591932081	0.0
0.0	1.0047372556609817	0.0
