0.8512571372450197	-0.758357860210395	0.0
0.8508161600212358	-0.7573150285307296	0.0
0.8467776449355853	-0.750681433626421	0.0
0.8461812869788835	-0.7414268734076294	0.0
0.8461812869788835	-0.7344619660615939	0.0
0.8441553936767423	-0.7194394632026507	0.0
0.8410771013527423	-0.7131886090266691	0.0
0.8410771013527423	-0.7000135010692422	0.0
0.8410771013527423	-0.7000135010692422	0.0
0.8386866044744832	-0.6799312516049363	0.0
0.8386866044744832	-0.6799312516049363	0.0
0.8375341492103617	-0.6666535982011522	0.0
0.8378046500269154	-0.6618788906771768	0.0
0.8365868714822177	-0.6439731601843073	0.0
0.8353941555688142	-0.6296604426145617	0.0
0.8342014396554108	-0.6161606756212419	0.0
0.8336302466736787	-0.6102494467014521	0.0
0.8336302466736787	-0.6102494467014521	0.0
0.8336302466736787	-0.6102494467014521	0.0
0.830611361197443	-0.574512486095195	0.0
0.8296084870701546	-0.5555417332546543	0.0
0.828939904318629	-0.544996902178127	0.0
0.8296084870701546	-0.5350866560006096	0.0
0.828939904318629	-0.5185633629562312	0.0
0.8276027388155777	-0.5095399897811559	0.0
0.8276027388155777	-0.49163090733616804	0.0
0.8276027388155777	-0.49163090733616804	0.0
0.6538896127579858	-0.45482776272297587	0.0
0.6538896127579858	-0.45482776272297587	0.0
0.6538896127579858	-0.45482776272297587	0.0
0.6538896127579858	-0.45482776272297587	0.0
0.6538896127579858	-0.45482776272297587	0.0
0.6505540440079765	-0.4520832777451343	0.0
0.6464444180982696	-0.43915220075914974	0.0
0.6437700870921669	-0.4273467888160793	0.0
0.6437700870921669	-0.42371968029201057	0.0
0.6412242771303646	-0.40616203363451187	0.0
0.6389318351400733	-0.3926279341678998	0.0
0.6389318351400733	-0.3926279341678998	0.0
0.6348822480515348	-0.3488861141358936	0.0
0.6333981344337392	-0.33119938371565566	0.0
0.6348822480515348	-0.3222849928186486	0.0
0.6306094645419487	-0.2979266691854146	0.0
0.6288132504531567	-0.2801902472197773	0.0
0.6288132504531567	-0.27138335873071884	0.0
0.6270620380440937	-0.25587814921679675	0.0
0.6264378371021013	-0.219978013809463	0.0
0.6234696098665099	-0.2010061821192879	0.0
0.6234696098665099	-0.18676205046616426	0.0
0.6234696098665099	-0.18676205046616426	0.0
0.6234696098665099	-0.18676205046616426	0.0
0.45413204671523205	-0.12240315699407281	0.0
0.45413204671523205	-0.12240315699407281	0.0
0.45413204671523205	-0.12240315699407281	0.0
0.45413204671523205	-0.12240315699407281	0.0
0.45413204671523205	-0.12240315699407281	0.0
0.45413204671523205	-0.12240315699407281	0.0
0.45413204671523205	-0.12240315699407281	0.0
0.45413204671523205	-0.12240315699407281	0.0
0.4475539851921254	-0.10609997800711363	0.0
0.4432111523852037	-0.08346618601748824	0.0
0.4376896847865893	-0.05592255505470937	0.0
0.43509553371099347	-0.037394793572836246	0.0
0.4310596816353108	-0.012486069154515668	0.0
0.4310596816353108	0.01266080011039549	0.0
0.4270222753412612	0.04192348018724448	0.0
0.4231361063732689	0.0796013691766543	0.0
0.4200602297705693	0.11973388634588171	0.0
0.41806162990928986	0.15302660859267705	0.0
0.41646974358926075	0.18554443404099957	0.0
0.41228789183458475	0.20612614717983868	0.0
0.25832088021784844	0.24362363758523364	0.0
0.25832088021784844	0.24362363758523364	0.0
0.25832088021784844	0.24362363758523364	0.0
0.25832088021784844	0.24362363758523364	0.0
0.25832088021784844	0.24362363758523364	0.0
0.25832088021784844	0.24362363758523364	0.0
0.25832088021784844	0.24362363758523364	0.0
0.25832088021784844	0.24362363758523364	0.0
0.2521530807993213	0.247932411346385	0.0
0.24394153756107712	0.2679123879981927	0.0
0.23533838564497883	0.3095819017567415	0.0
0.22866873040707428	0.3455095309352486	0.0
0.2239636727344326	0.3787776285940865	0.0
0.21503580854450394	0.4429224074956564	0.0
0.2082203392502528	0.49733444906942315	0.0
0.2009618233142294	0.5503053215967836	0.0
0.19115708695722225	0.6239457961732757	0.0
0.08354023019488076	0.673452504377723	0.0
0.08354023019488076	0.673452504377723	0.0
0.08354023019488076	0.673452504377723	0.0
0.08354023019488076	0.673452504377723	0.0
0.08354023019488076	0.673452504377723	0.0
0.08354023019488076	0.673452504377723	0.0
0.0755526742563006	0.6742145399829497	0.0
0.05795298935636181	0.7074291799403225	0.0
0.045828198139795565	0.7650800210943672	0.0
0.02899666517886025	0.8163778052353373	0.0
0.01707999172498961	0.9070315876021181	0.0
0.0	1.0045096241351363	0.0
