0.8529947186211392	-0.763192436458904	0.0
0.8529947186211392	-0.763192436458904	0.0
0.8529947186211392	-0.763192436458904	0.0
0.8450010011610178	-0.737482128592568	0.0
0.8465288084637669	-0.7285057123165165	0.0
0.8421708859489144	-0.7186226884854385	0.0
0.8412923557923513	-0.7148836914186185	0.0
0.8403301909186023	-0.7004817677338142	0.0
0.8397761598171907	-0.6931787099670276	0.0
0.8382367411868532	-0.6826798758582922	0.0
0.8377342864216917	-0.6739802269714877	0.0
0.836648800857978	-0.659862528766691	0.0
0.8354554561723473	-0.6518970622499219	0.0
0.8346894789915793	-0.642185714592617	0.0
0.8340597323803964	-0.6327653805825776	0.0
0.8336845694612561	-0.6145993012072435	0.0
0.8336845694612561	-0.6117071259268844	0.0
0.8323698165459693	-0.5944818238367846	0.0
0.8323698165459693	-0.5944818238367846	0.0
0.83021130616714	-0.5653765171185816	0.0
0.8301863846699442	-0.5561129215634292	0.0
0.828951812944774	-0.5505431896171442	0.0
0.828951812944774	-0.5370630304626071	0.0
0.828951812944774	-0.5162289967649113	0.0
0.828951812944774	-0.5162289967649113	0.0
0.8258693639122856	-0.48494465687294386	0.0
0.8255126128172956	-0.48303625859604227	0.0
0.8255126128172956	-0.48303625859604227	0.0
0.6530697140191963	-0.44748440601375966	0.0
0.6530697140191963	-0.44748440601375966	0.0
0.6530697140191963	-0.4480945244233818	0.0
0.6530697140191963	-0.4480945244233818	0.0
0.6530697140191963	-0.4480945244233818	0.0
0.6497545555900787	-0.43838266394125525	0.0
0.6444984985461684	-0.42462842097190606	0.0
0.6444984985461684	-0.4183950402874208	0.0
0.640664285759233	-0.39967711192525074	0.0
0.6397195471966908	-0.39489714250338315	0.0
0.6377422549305403	-0.36894516191154597	0.0
0.6355348930254706	-0.3527482117946236	0.0
0.6355348930254706	-0.34205154362325124	0.0
0.6355348930254706	-0.34205154362325124	0.0
0.6324999858019708	-0.29638776272784095	0.0
0.6302997970504164	-0.2904221684386245	0.0
0.6285454012696696	-0.2643201716036263	0.0
0.6281527998773245	-0.24079874683866306	0.0
0.6252805852134609	-0.22742651369068237	0.0
0.6241306774595303	-0.20964765215738665	0.0
0.6241306774595303	-0.19133472909212368	0.0
0.6211608328105511	-0.16289720956263365	0.0
0.6211608328105511	-0.1408502002169312	0.0
0.45486717531718457	-0.11243842728071023	0.0
0.45486717531718457	-0.11243842728071023	0.0
0.45486717531718457	-0.11243842728071023	0.0
0.45486717531718457	-0.11243842728071023	0.0
0.45486717531718457	-0.11243842728071023	0.0
0.45486717531718457	-0.11243842728071023	0.0
0.45486717531718457	-0.11243842728071023	0.0
0.45486717531718457	-0.11243842728071023	0.0
0.44892748601922616	-0.10229332069035757	0.0
0.446627670511365	-0.08866806003477636	0.0
0.439209398041462	-0.059235696690751564	0.0
0.43430377870865366	-0.032780987386612295	0.0
0.43242005710300646	-0.007856952745317895	0.0
0.4299702176482436	0.010210700419138448	0.0
0.42815092695445195	0.04610586898595117	0.0
0.4231654821433353	0.07422572971754934	0.0
0.42023394406579223	0.1140010259722869	0.0
0.41826580323380963	0.14163104941260768	0.0
0.4163695040112339	0.1713061462996195	0.0
0.41289800352829714	0.23206885608599814	0.0
0.25787811663917415	0.24247364625791196	0.0
0.25787811663917415	0.24247364625791196	0.0
0.25787811663917415	0.24247364625791196	0.0
0.25787811663917415	0.24247364625791196	0.0
0.25787811663917415	0.24247364625791196	0.0
0.25787811663917415	0.24247364625791196	0.0
0.25787811663917415	0.24247364625791196	0.0
0.25787811663917415	0.24247364625791196	0.0
0.2525244993169738	0.24812218288918375	0.0
0.24484531155100087	0.26645499344539825	0.0
0.23876556367965868	0.30499355574531084	0.0
0.23020345548129595	0.3574154907917404	0.0
0.22419872300330188	0.39405682789802415	0.0
0.2147287566216983	0.44765577265463163	0.0
0.20754821658462766	0.5000870191526874	0.0
0.20090771836508606	0.5579813178006986	0.0
0.19106823003046366	0.6278678991326477	0.0
0.0830066921643277	0.6719827545008157	0.0
0.0830066921643277	0.6719827545008157	0.0
0.0830066921643277	0.6719827545008157	0.0
0.0830066921643277	0.6719827545008157	0.0
0.0830066921643277	0.6719827545008157	0.0
0.0830066921643277	0.6719827545008157	0.0
0.07258477411271749	0.6768596091949687	0.0
0.05193803267439237	0.722896058812164	0.0
0.04746245728254299	0.744656318104325	0.0
0.032164265088229865	0.8054558058681441	0.0
0.013484667491947738	0.8854162585946622	0.0
0.0	1.0035281655439443	0.0
