0.8520539316376001	-0.76845676708593	0.0
0.8520453958271061	-0.7653116003500176	0.0
0.8472156828071353	-0.7579456821837283	0.0
0.8442745726549369	-0.7427272523738343	0.0
0.8442745726549369	-0.7390072335273294	0.0
0.841733857474324	-0.7242395497930991	0.0
0.8409099127195605	-0.715269436265174	0.0
0.8399184522307377	-0.7090900065804059	0.0
0.8399184522307377	-0.7090900065804059	0.0
0.8384007233504667	-0.6849479734087035	0.0
0.8375647925776878	-0.6744885385476492	0.0
0.8375567827169195	-0.6717773708337903	0.0
0.8359169030681606	-0.6586303021213447	0.0
0.8346157485942303	-0.6457917186382492	0.0
0.8346157485942303	-0.6457917186382492	0.0
0.8330078508422702	-0.6219246182555896	0.0
0.8325247893393641	-0.6092502150915322	0.0
0.8318514370092491	-0.5964471262906802	0.0
0.8313359892967126	-0.5858931859894367	0.0
0.8313359892967126	-0.5858931859894367	0.0
0.8296998033546639	-0.5605620101821288	0.0
0.8287336803488519	-0.5525607415180057	0.0
0.8277675573430398	-0.5327412074047239	0.0
0.8277675573430398	-0.5327412074047239	0.0
0.8271540707869803	-0.5080351545486747	0.0
0.8252218247753562	-0.4901367738278861	0.0
0.8252218247753562	-0.47959676436215665	0.0
0.8252218247753562	-0.47319597753427844	0.0
0.654839013645029	-0.45477493958268267	0.0
0.654839013645029	-0.45477493958268267	0.0
0.654839013645029	-0.45477493958268267	0.0
0.654839013645029	-0.45477493958268267	0.0
0.654839013645029	-0.45477493958268267	0.0
0.6466247656629045	-0.4447307886399864	0.0
0.6466247656629045	-0.4413739915327436	0.0
0.6466247656629045	-0.4413739915327436	0.0
0.6410202417307942	-0.4037043893295275	0.0
0.6410202417307942	-0.4037043893295275	0.0
0.6373553550958024	-0.37377023613461935	0.0
0.6371374621810012	-0.36357001962202345	0.0
0.63484431841339	-0.34298008195534824	0.0
0.6328435140892256	-0.3355126509797505	0.0
0.6328435140892256	-0.3355126509797505	0.0
0.6300255818258188	-0.2884015768378414	0.0
0.6300255818258188	-0.2884015768378414	0.0
0.6300255818258188	-0.2884015768378414	0.0
0.6249027612570596	-0.23102898028606966	0.0
0.6249027612570596	-0.2136201776592999	0.0
0.6249027612570596	-0.19676636513185272	0.0
0.6249027612570596	-0.19676636513185272	0.0
0.6249027612570596	-0.19676636513185272	0.0
0.45380129023070204	-0.12284311041692901	0.0
0.45380129023070204	-0.12284311041692901	0.0
0.45380129023070204	-0.12284311041692901	0.0
0.45380129023070204	-0.12284311041692901	0.0
0.45380129023070204	-0.12284311041692901	0.0
0.45380129023070204	-0.12284311041692901	0.0
0.45380129023070204	-0.12284311041692901	0.0
0.45380129023070204	-0.12284311041692901	0.0
0.44703956079816326	-0.10867584660049368	0.0
0.4418917840142728	-0.0915205430994925	0.0
0.4398505905868906	-0.06476695275859173	0.0
0.43460918972407653	-0.039126166006454	0.0
0.4322045666167118	-0.01620320172533189	0.0
0.4281112563785756	0.019471160155596638	0.0
0.42675351530064193	0.03298465513347466	0.0
0.42413310561268935	0.06730074749906653	0.0
0.4209537441013289	0.09682468616233263	0.0
0.4176284546529475	0.14543238449695842	0.0
0.41437436202108097	0.17904251222533865	0.0
0.41248126614055314	0.21211704380591023	0.0
0.2606995243811192	0.2434721475675924	0.0
0.2606995243811192	0.24341882804202386	0.0
0.2606995243811192	0.24341882804202386	0.0
0.2606995243811192	0.24341882804202386	0.0
0.2606995243811192	0.24341882804202386	0.0
0.2606995243811192	0.24341882804202386	0.0
0.2606995243811192	0.24341882804202386	0.0
0.2606995243811192	0.24341882804202386	0.0
0.2563420453593061	0.2435055050892462	0.0
0.2446245514715497	0.2652046238247226	0.0
0.23867243070361893	0.2983654530597053	0.0
0.23069611068985763	0.33662439315061027	0.0
0.22480244877838107	0.37064934001861005	0.0
0.2178704587054054	0.42094952575876027	0.0
0.20841173612477393	0.5024971928831892	0.0
0.2011291031155851	0.5492065359194207	0.0
0.19334072669744495	0.6145466676344716	0.0
0.0790731207449332	0.6761144942945969	0.0
0.0790731207449332	0.6761144942945969	0.0
0.0790731207449332	0.6761144942945969	0.0
0.0790731207449332	0.6761144942945969	0.0
0.0790731207449332	0.6761144942945969	0.0
0.0790731207449332	0.6761144942945969	0.0
0.07229399992674435	0.6849759359919939	0.0
0.059324544870146205	0.7096334934229502	0.0
0.04330946272646059	0.7516036337400936	0.0
0.03202296487756762	0.8094140269478173	0.0
0.015563310928264434	0.8838388868282601	0.0
0.0	1.007637271733434	0.0
