0.8510531864834421	-0.7578436735011804	0.0
0.8483586668696224	-0.7554136495965381	0.0
0.8461598847448177	-0.7440727231923274	0.0
0.8441050363678902	-0.7361483287327979	0.0
0.8429133772773374	-0.7263642275496434	0.0
0.8429133772773374	-0.7263642275496434	0.0
0.8406885585011644	-0.7094096371464825	0.0
0.8406885585011644	-0.7094096371464825	0.0
0.8389449516235901	-0.6944203693585823	0.0
0.8377901419425426	-0.6808639772111221	0.0
0.8377901419425426	-0.6808639772111221	0.0
0.8362389209488186	-0.6563193666549287	0.0
0.8351953630789909	-0.6485189861333764	0.0
0.8345487547864343	-0.639847137029061	0.0
0.8333699721357857	-0.6260240597456812	0.0
0.8327517071936699	-0.6176315630005189	0.0
0.8327517071936699	-0.6176315630005189	0.0
0.8315347798981998	-0.592465632822086	0.0
0.8303941418923726	-0.5783073928843616	0.0
0.8303941418923726	-0.5783073928843616	0.0
0.8303941418923726	-0.5629250666994443	0.0
0.8279602873014323	-0.5379866608089159	0.0
0.8279602873014323	-0.5261772618022555	0.0
0.8279602873014323	-0.5180906062960537	0.0
0.8264150331239204	-0.5019421152736991	0.0
0.8264150331239204	-0.4880666098446897	0.0
0.8264150331239204	-0.47232744440849356	0.0
0.6500570937973162	-0.45131493797750716	0.0
0.6500570937973162	-0.45131493797750716	0.0
0.6500570937973162	-0.45131493797750716	0.0
0.6500570937973162	-0.45131493797750716	0.0
0.6500570937973162	-0.45131493797750716	0.0
0.6500570937973162	-0.45131493797750716	0.0
0.6500570937973162	-0.44067791079324836	0.0
0.6457041768409129	-0.42506561548572774	0.0
0.6426870484114633	-0.41895319610289916	0.0
0.6398817545339792	-0.40297811139588124	0.0
0.6376217045165571	-0.3794876262706289	0.0
0.6376217045165571	-0.3794876262706289	0.0
0.6376217045165571	-0.3794876262706289	0.0
0.634351438725789	-0.33265115746331825	0.0
0.6320111167615889	-0.31937167910744696	0.0
0.6305606621451607	-0.3054050616720308	0.0
0.6305606621451607	-0.2954055583470815	0.0
0.6305606621451607	-0.2954055583470815	0.0
0.6278109071442528	-0.2404908746295669	0.0
0.6247243549344618	-0.22310715960712124	0.0
0.6247243549344618	-0.20345674726079901	0.0
0.6232685738479328	-0.17560622815152405	0.0
0.6232685738479328	-0.17560622815152405	0.0
0.6232685738479328	-0.17560622815152405	0.0
0.45705957072169656	-0.12064952734469332	0.0
0.45705957072169656	-0.12064952734469332	0.0
0.45705957072169656	-0.12064952734469332	0.0
0.45705957072169656	-0.12064952734469332	0.0
0.45705957072169656	-0.12064952734469332	0.0
0.45705957072169656	-0.12064952734469332	0.0
0.45705957072169656	-0.12064952734469332	0.0
0.44863165627588564	-0.11673386966871262	0.0
0.4457157560494437	-0.10570493157748878	0.0
0.4427577472353733	-0.08750995137982505	0.0
0.43692594678248947	-0.059097423190090544	0.0
0.4349105234061492	-0.034536216894772716	0.0
0.43204342735537543	-0.011586756512167335	0.0
0.4293339071647727	0.010724930945039759	0.0
0.42725872243440366	0.055918601759660104	0.0
0.4240505579552629	0.08235024522569508	0.0
0.4209102716450237	0.1151239741920086	0.0
0.41831636585371534	0.15436194433631703	0.0
0.415786033336361	0.18512137049259564	0.0
0.4126161838513924	0.20572663545141975	0.0
0.2589105131062633	0.2452797468432939	0.0
0.2589105131062633	0.2452797468432939	0.0
0.2589105131062633	0.2452797468432939	0.0
0.2589105131062633	0.2452797468432939	0.0
0.2589105131062633	0.2452797468432939	0.0
0.2589105131062633	0.2452797468432939	0.0
0.2589105131062633	0.2452797468432939	0.0
0.2589105131062633	0.2452797468432939	0.0
0.2556921106482923	0.2500392915528788	0.0
0.24630477909334136	0.2741985881050327	0.0
0.23794461981102716	0.30619764483835604	0.0
0.2294559893397426	0.3452096770787578	0.0
0.22385739871426943	0.3960841706411937	0.0
0.21674328064009735	0.440382958899602	0.0
0.2084471428539755	0.5037318732703976	0.0
0.2004781579465461	0.5660231172922069	0.0
0.1927672101711559	0.6299537278267928	0.0
0.09294461581679396	0.6809481564219492	0.0
0.09294461581679396	0.6809481564219492	0.0
0.09294461581679396	0.6809481564219492	0.0
0.09294461581679396	0.6809481564219492	0.0
0.09294461581679396	0.6809481564219492	0.0
0.09294461581679396	0.6809481564219492	0.0
0.07522238629456973	0.6916298759718069	0.0
0.060994150146225536	0.7079378166813011	0.0
0.03893717937813376	0.779826069935669	0.0
0.030176456193504987	0.82061224614301	0.0
0.015471353247132643	0.896190454607272	0.0
0.0	1.0229573109308374	0.0
