0.8503534849018725	-0.7625882840243678	0.0
0.8486517147477661	-0.7542341863523577	0.0
0.8464057579672176	-0.7471378527125229	0.0
0.8455243134329693	-0.739448626604944	0.0
0.842616301941491	-0.7277528745646229	0.0
0.8413917634388908	-0.7184167254872436	0.0
0.8407434138496592	-0.7128580375376333	0.0
0.8398204705452115	-0.7043219929207546	0.0
0.8389805247811626	-0.691027084481429	0.0
0.8389805247811626	-0.691027084481429	0.0
0.8373440670235756	-0.6721129657926833	0.0
0.8356222359429938	-0.6588601405098513	0.0
0.8346843530784477	-0.6483189856951944	0.0
0.8346843530784477	-0.6470158272343837	0.0
0.8335815992525859	-0.62579237848579	0.0
0.8326492194725187	-0.6156223661484389	0.0
0.8319017077244881	-0.605121769864749	0.0
0.8319017077244881	-0.605121769864749	0.0
0.8299812638180459	-0.5796039446760493	0.0
0.8299812638180459	-0.570029145328196	0.0
0.8299812638180459	-0.5582206283444829	0.0
0.8277757561663224	-0.5411511779093393	0.0
0.8277143408086762	-0.5368191971215465	0.0
0.8277143408086762	-0.5136262738674207	0.0
0.8261403760051615	-0.4988383030862323	0.0
0.8261403760051615	-0.4988383030862323	0.0
0.8251737158337306	-0.47642772002777456	0.0
0.8251737158337306	-0.47642772002777456	0.0
0.6526498725869572	-0.45291149303606903	0.0
0.6526498725869572	-0.45291149303606903	0.0
0.6526498725869572	-0.45291149303606903	0.0
0.6526498725869572	-0.45291149303606903	0.0
0.6526498725869572	-0.45290946453790903	0.0
0.650877779883837	-0.4384408704729601	0.0
0.6434126790288235	-0.4272393802098227	0.0
0.6434126790288235	-0.4272393802098227	0.0
0.6422931310233595	-0.406091987602776	0.0
0.6387668249625561	-0.3822234050180752	0.0
0.636901989234598	-0.3701192045160849	0.0
0.6359694143846584	-0.35042132205439014	0.0
0.6348324187722811	-0.33248760161185426	0.0
0.6337738486217632	-0.33158927967072716	0.0
0.6313061127114779	-0.3059833963763375	0.0
0.6300537978754288	-0.27922046430316894	0.0
0.6277798066506745	-0.26921474197315726	0.0
0.6277798066506745	-0.26921474197315726	0.0
0.6277798066506745	-0.26921474197315726	0.0
0.623836623252529	-0.2068236813496959	0.0
0.6223999877908043	-0.19039619532364563	0.0
0.6207271945290678	-0.15583937054781677	0.0
0.6207271945290678	-0.13181614094030628	0.0
0.4580357045376635	-0.11857742737918035	0.0
0.4580357045376635	-0.11857742737918035	0.0
0.4580357045376635	-0.11857742737918035	0.0
0.4580357045376635	-0.11857742737918035	0.0
0.4580357045376635	-0.11857742737918035	0.0
0.4580357045376635	-0.11857742737918035	0.0
0.4580357045376635	-0.11857742737918035	0.0
0.4546901180141905	-0.1159602384983696	0.0
0.4491769709430734	-0.1093708524882258	0.0
0.44465159046724434	-0.0888491812217927	0.0
0.4397838025044296	-0.07529311713451159	0.0
0.43580315597981734	-0.03259381154884817	0.0
0.43181758059336095	-0.015463193026469249	0.0
0.4300192790189463	0.010106746481977938	0.0
0.4269338337774567	0.0387442636393153	0.0
0.42245479701539856	0.08657224235574099	0.0
0.42134253101169666	0.10575149076071416	0.0
0.4188581938665693	0.14677192012695128	0.0
0.4138897937988556	0.18232878076166478	0.0
0.4130775796410356	0.21499962117166707	0.0
0.2592972000947341	0.24313124131749153	0.0
0.2592972000947341	0.24313124131749153	0.0
0.2592972000947341	0.24313124131749153	0.0
0.2592972000947341	0.24313124131749153	0.0
0.2592972000947341	0.24313124131749153	0.0
0.2592972000947341	0.24313124131749153	0.0
0.2592972000947341	0.24313124131749153	0.0
0.2592972000947341	0.24313124131749153	0.0
0.25707266808733037	0.2436816849666419	0.0
0.24464994135608503	0.26664012283731325	0.0
0.23598876675125283	0.30687776532086986	0.0
0.2301321353384419	0.34470028159526106	0.0
0.222608901609488	0.3934656937587948	0.0
0.2153821040981822	0.4395471937224895	0.0
0.2073790126195426	0.5002433353903644	0.0
0.20068929999921997	0.5603609923789536	0.0
0.1923325451616348	0.6298003020700725	0.0
0.08459045227720141	0.6730170583688542	0.0
0.08459045227720141	0.6730170583688542	0.0
0.08459045227720141	0.6730170583688542	0.0
0.08459045227720141	0.6730170583688542	0.0
0.08459045227720141	0.6730170583688542	0.0
0.08459045227720141	0.6730170583688542	0.0
0.0765222078845014	0.6812431169895965	0.0
0.05876280650193062	0.7079369148374799	0.0
0.04572248345290034	0.7423201286956311	0.0
0.027829754083032385	0.8183174989674982	0.0
0.006445546271829833	0.9280505811668985	0.0
0.0	1.0061853430709808	0.0
