1	0.0000000000
2	0.0000000000
3	0.0000000000
4	0.0000000000
5	0.0000000000
6	0.0000000000
7	0.0000000000
8	0.0000000000
9	0.0000000000
10	0.0000000000
11	0.0000000000
12	0.0000000000
13	0.0000000000
14	0.0000000000
15	0.0000000000
16	0.0000000000
17	0.0000000000
18	0.0000000000
19	0.0000000000
20	0.0000000000
21	0.0357142857
22	0.0000000000
23	0.0000000000
24	0.0000000000
25	0.0000000000
26	0.0000000000
27	0.0000000000
28	0.0000000000
29	0.0000000000
30	0.0000000000
31	0.0000000000
32	0.0000000000
33	0.0000000000
34	0.0000000000
35	0.0000000000
36	0.0000000000
37	0.0285714286
38	0.0000000000
39	0.0000000000
40	0.0000000000
41	0.0000000000
42	0.0000000000
43	0.0000000000
44	0.0000000000
45	0.0000000000
46	0.0303030303
47	0.0625000000
48	0.1388888889
49	0.1388888889
50	0.0967741935
51	0.0714285714
52	0.0625000000
53	0.0625000000
54	0.1333333333
55	0.1428571429
56	0.1666666667
57	0.1612903226
58	0.0645161290
59	0.0625000000
60	0.0555555556
61	0.0588235294
62	0.0625000000
63	0.0588235294
64	0.0294117647
65	0.0294117647
66	0.0303030303
67	0.0000000000
68	0.0000000000
69	0.0000000000
70	0.0000000000
71	0.0000000000
72	0.0238095238
73	0.0000000000
74	0.0263157895
75	0.0270270270
76	0.0000000000
77	0.0285714286
78	0.0857142857
79	0.0285714286
80	0.0833333333
81	0.0833333333
82	0.0789473684
83	0.1219512195
84	0.1250000000
85	0.1351351351
86	0.1282051282
87	0.0810810811
88	0.0789473684
89	0.0270270270
90	0.0250000000
91	0.0263157895
92	0.0263157895
93	0.0256410256
94	0.0243902439
95	0.0232558140
96	0.0434782609
97	0.0869565217
98	0.0909090909
99	0.0681818182
100	0.0222222222
