1	0.0000000000
2	0.0000000000
3	0.0000000000
4	0.0000000000
5	0.0000000000
6	0.0000000000
7	0.0000000000
8	0.0000000000
9	0.0000000000
10	0.0000000000
11	0.0000000000
12	0.0000000000
13	0.0000000000
14	0.0000000000
15	0.0000000000
16	0.0000000000
17	0.0000000000
18	0.0400000000
19	0.0000000000
20	0.0000000000
21	0.0000000000
22	0.0416666667
23	0.0526315789
24	0.0476190476
25	0.0526315789
26	0.0000000000
27	0.0000000000
28	0.0000000000
29	0.0000000000
30	0.0000000000
31	0.0000000000
32	0.0000000000
33	0.0000000000
34	0.0000000000
35	0.0000000000
36	0.0000000000
37	0.0000000000
38	0.0000000000
39	0.0000000000
40	0.0000000000
41	0.0000000000
42	0.0000000000
43	0.0000000000
44	0.0000000000
45	0.0000000000
46	0.0000000000
47	0.0000000000
48	0.0000000000
49	0.0000000000
50	0.0000000000
51	0.0000000000
52	0.0000000000
53	0.0000000000
54	0.0000000000
55	0.0000000000
56	0.0000000000
57	0.0000000000
58	0.0333333333
59	0.0000000000
60	0.0000000000
61	0.0000000000
62	0.0000000000
63	0.0526315789
64	0.0540540541
65	0.0540540541
66	0.0833333333
67	0.0857142857
68	0.0588235294
69	0.0588235294
70	0.0625000000
71	0.0571428571
72	0.0263157895
73	0.0256410256
74	0.0250000000
75	0.0476190476
76	0.0769230769
77	0.0789473684
78	0.0588235294
79	0.0810810811
80	0.0789473684
81	0.0789473684
82	0.0789473684
83	0.0555555556
84	0.0857142857
85	0.1052631579
86	0.1052631579
87	0.0810810811
88	0.1025641026
89	0.1190476190
90	0.1190476190
91	0.1081081081
92	0.1538461538
93	0.1463414634
94	0.1627906977
95	0.0909090909
96	0.1162790698
97	0.1363636364
98	0.1162790698
99	0.1086956522
100	0.1063829787
