1	0.0000000000
2	0.0000000000
3	0.0000000000
4	0.0000000000
5	0.0000000000
6	0.0000000000
7	0.0000000000
8	0.0000000000
9	0.0000000000
10	0.0000000000
11	0.0000000000
12	0.0000000000
13	0.0000000000
14	0.0000000000
15	0.0000000000
16	0.0000000000
17	0.0000000000
18	0.0000000000
19	0.0000000000
20	0.0000000000
21	0.0000000000
22	0.0000000000
23	0.0000000000
24	0.0689655172
25	0.0666666667
26	0.0645161290
27	0.0606060606
28	0.0625000000
29	0.0800000000
30	0.0384615385
31	0.0400000000
32	0.0454545455
33	0.0434782609
34	0.0370370370
35	0.0434782609
36	0.0454545455
37	0.0588235294
38	0.0526315789
39	0.0476190476
40	0.0476190476
41	0.0526315789
42	0.0454545455
43	0.0384615385
44	0.0400000000
45	0.0322580645
46	0.0303030303
47	0.0344827586
48	0.0344827586
49	0.0400000000
50	0.0312500000
51	0.0344827586
52	0.0370370370
53	0.0384615385
54	0.0344827586
55	0.0357142857
56	0.0333333333
57	0.0312500000
58	0.0312500000
59	0.0312500000
60	0.0312500000
61	0.0294117647
62	0.0285714286
63	0.0294117647
64	0.0270270270
65	0.0294117647
66	0.0303030303
67	0.0370370370
68	0.0312500000
69	0.0303030303
70	0.0312500000
71	0.0312500000
72	0.0303030303
73	0.0312500000
74	0.0285714286
75	0.0270270270
76	0.0277777778
77	0.0303030303
78	0.0270270270
79	0.0285714286
80	0.0285714286
81	0.0277777778
82	0.0263157895
83	0.0263157895
84	0.0277777778
85	0.0256410256
86	0.0263157895
87	0.0263157895
88	0.0238095238
89	0.0256410256
90	0.0263157895
91	0.0277777778
92	0.0285714286
93	0.0285714286
94	0.0294117647
95	0.0285714286
96	0.0294117647
97	0.0277777778
98	0.0277777778
99	0.0263157895
100	0.0263157895
