1	1.0000000000
2	1.0000000000
3	1.0000000000
4	1.0000000000
5	1.0000000000
6	1.0000000000
7	1.0000000000
8	1.0000000000
9	1.0000000000
10	1.0000000000
11	1.0000000000
12	1.0000000000
13	1.0000000000
14	1.0000000000
15	0.9890109890
16	0.9662921348
17	0.9111111111
18	0.8131868132
19	0.7816091954
20	0.7415730337
21	0.6333333333
22	0.6702127660
23	0.6153846154
24	0.5494505495
25	0.6021505376
26	0.6451612903
27	0.5698924731
28	0.5505617978
29	0.5795454545
30	0.6444444444
31	0.5730337079
32	0.5697674419
33	0.5813953488
34	0.5268817204
35	0.4597701149
36	0.4772727273
37	0.4494382022
38	0.5000000000
39	0.5517241379
40	0.6022727273
41	0.5697674419
42	0.6190476190
43	0.5853658537
44	0.5595238095
45	0.5294117647
46	0.5000000000
47	0.5189873418
48	0.5750000000
49	0.5512820513
50	0.5256410256
51	0.5696202532
52	0.5454545455
53	0.5116279070
54	0.4883720930
55	0.4880952381
56	0.4578313253
57	0.5301204819
58	0.5487804878
59	0.5466666667
60	0.4736842105
61	0.4303797468
62	0.3875000000
63	0.3500000000
64	0.4024390244
65	0.3975903614
66	0.3580246914
67	0.3733333333
68	0.3544303797
69	0.3670886076
70	0.3717948718
71	0.3421052632
72	0.3246753247
73	0.3766233766
74	0.3974358974
75	0.4210526316
76	0.4109589041
77	0.3866666667
78	0.3866666667
79	0.3714285714
80	0.3913043478
81	0.3733333333
82	0.3888888889
83	0.3285714286
84	0.3846153846
85	0.3666666667
86	0.4107142857
87	0.3859649123
88	0.4084507042
89	0.3717948718
90	0.3918918919
91	0.4000000000
92	0.3717948718
93	0.3417721519
94	0.3506493506
95	0.3636363636
96	0.3783783784
97	0.3661971831
98	0.3714285714
99	0.3521126761
100	0.3194444444
