1	1.0000000000
2	1.0000000000
3	1.0000000000
4	1.0000000000
5	1.0000000000
6	1.0000000000
7	1.0000000000
8	1.0000000000
9	1.0000000000
10	1.0000000000
11	1.0000000000
12	1.0000000000
13	1.0000000000
14	1.0000000000
15	1.0000000000
16	1.0000000000
17	1.0000000000
18	1.0000000000
19	1.0000000000
20	1.0000000000
21	0.9780219780
22	0.9204545455
23	0.8636363636
24	0.8000000000
25	0.7209302326
26	0.6931818182
27	0.6263736264
28	0.6395348837
29	0.6235294118
30	0.6436781609
31	0.6477272727
32	0.6292134831
33	0.6235294118
34	0.6744186047
35	0.5813953488
36	0.5978260870
37	0.5869565217
38	0.6000000000
39	0.5517241379
40	0.5813953488
41	0.5698924731
42	0.5454545455
43	0.5056179775
44	0.5604395604
45	0.5227272727
46	0.5056179775
47	0.5180722892
48	0.5542168675
49	0.5375000000
50	0.6144578313
51	0.5714285714
52	0.6588235294
53	0.6976744186
54	0.6428571429
55	0.6352941176
56	0.6136363636
57	0.5697674419
58	0.5569620253
59	0.5443037975
60	0.5000000000
61	0.5500000000
62	0.5308641975
63	0.5061728395
64	0.5128205128
65	0.5822784810
66	0.5974025974
67	0.5866666667
68	0.6184210526
69	0.6197183099
70	0.5915492958
71	0.5633802817
72	0.5844155844
73	0.5061728395
74	0.5000000000
75	0.4500000000
76	0.4675324675
77	0.4400000000
78	0.4666666667
79	0.4415584416
80	0.3378378378
81	0.3750000000
82	0.3456790123
83	0.3589743590
84	0.3421052632
85	0.2535211268
86	0.2162162162
87	0.2533333333
88	0.2571428571
89	0.2083333333
90	0.2432432432
91	0.2500000000
92	0.2535211268
93	0.2337662338
94	0.3026315789
95	0.3037974684
96	0.3076923077
97	0.3333333333
98	0.2676056338
99	0.2388059701
100	0.2686567164
