1	1.0000000000
2	1.0000000000
3	1.0000000000
4	1.0000000000
5	1.0000000000
6	1.0000000000
7	1.0000000000
8	1.0000000000
9	1.0000000000
10	1.0000000000
11	1.0000000000
12	1.0000000000
13	1.0000000000
14	1.0000000000
15	1.0000000000
16	1.0000000000
17	1.0000000000
18	1.0000000000
19	1.0000000000
20	1.0000000000
21	1.0000000000
22	1.0000000000
23	1.0000000000
24	1.0000000000
25	1.0000000000
26	1.0000000000
27	1.0000000000
28	1.0000000000
29	1.0000000000
30	1.0000000000
31	1.0000000000
32	1.0000000000
33	1.0000000000
34	1.0000000000
35	1.0000000000
36	1.0000000000
37	1.0000000000
38	1.0000000000
39	1.0000000000
40	1.0000000000
41	1.0000000000
42	1.0000000000
43	1.0000000000
44	1.0000000000
45	1.0000000000
46	1.0000000000
47	1.0000000000
48	1.0000000000
49	1.0000000000
50	1.0000000000
51	1.0000000000
52	0.9753086420
53	0.9259259259
54	0.9113924051
55	0.9200000000
56	0.8783783784
57	0.8289473684
58	0.8684210526
59	0.8589743590
60	0.8266666667
61	0.8108108108
62	0.8076923077
63	0.8076923077
64	0.7866666667
65	0.9027777778
66	0.8800000000
67	0.8611111111
68	0.8815789474
69	0.8461538462
70	0.8500000000
71	0.8101265823
72	0.8481012658
73	0.7941176471
74	0.7826086957
75	0.8309859155
76	0.8805970149
77	0.9062500000
78	0.9000000000
79	0.8688524590
80	0.8870967742
81	0.8939393939
82	0.8769230769
83	0.8529411765
84	0.8611111111
85	0.8356164384
86	0.9733333333
87	0.9864864865
88	0.9868421053
89	0.9875000000
90	0.9871794872
91	0.9876543210
92	0.9866666667
93	0.9733333333
94	0.9594594595
95	0.9500000000
96	0.9259259259
97	0.9000000000
98	0.8518518519
99	0.8117647059
100	0.7951807229
