1	1.0000000000
2	1.0000000000
3	1.0000000000
4	1.0000000000
5	1.0000000000
6	1.0000000000
7	1.0000000000
8	1.0000000000
9	1.0000000000
10	1.0000000000
11	1.0000000000
12	1.0000000000
13	1.0000000000
14	1.0000000000
15	0.9787234043
16	0.9347826087
17	0.8571428571
18	0.7752808989
19	0.7578947368
20	0.6521739130
21	0.5955056180
22	0.5684210526
23	0.5000000000
24	0.5326086957
25	0.5473684211
26	0.6344086022
27	0.6195652174
28	0.5957446809
29	0.4631578947
30	0.4835164835
31	0.5054945055
32	0.5888888889
33	0.5652173913
34	0.6703296703
35	0.6206896552
36	0.5517241379
37	0.5185185185
38	0.5180722892
39	0.5111111111
40	0.5517241379
41	0.6235294118
42	0.5882352941
43	0.6551724138
44	0.6206896552
45	0.6352941176
46	0.6627906977
47	0.6024096386
48	0.5977011494
49	0.6086956522
50	0.6333333333
51	0.6263736264
52	0.6511627907
53	0.6395348837
54	0.6385542169
55	0.6500000000
56	0.6216216216
57	0.6000000000
58	0.5949367089
59	0.6233766234
60	0.6321839080
61	0.5833333333
62	0.5512820513
63	0.5205479452
64	0.5211267606
65	0.4927536232
66	0.4935064935
67	0.4939759036
68	0.4939759036
69	0.4814814815
70	0.4698795181
71	0.4523809524
72	0.4567901235
73	0.4756097561
74	0.4567901235
75	0.4210526316
76	0.3698630137
77	0.3733333333
78	0.3698630137
79	0.3714285714
80	0.3684210526
81	0.3918918919
82	0.3478260870
83	0.3380281690
84	0.2816901408
85	0.3055555556
86	0.2957746479
87	0.3088235294
88	0.3181818182
89	0.2835820896
90	0.2816901408
91	0.2739726027
92	0.2432432432
93	0.2368421053
94	0.2533333333
95	0.2465753425
96	0.2500000000
97	0.2753623188
98	0.2739726027
99	0.3066666667
100	0.2835820896
