1	1.0000000000
2	1.0000000000
3	1.0000000000
4	1.0000000000
5	1.0000000000
6	1.0000000000
7	1.0000000000
8	1.0000000000
9	1.0000000000
10	1.0000000000
11	1.0000000000
12	1.0000000000
13	1.0000000000
14	1.0000000000
15	1.0000000000
16	1.0000000000
17	1.0000000000
18	1.0000000000
19	1.0000000000
20	1.0000000000
21	1.0000000000
22	1.0000000000
23	1.0000000000
24	1.0000000000
25	1.0000000000
26	1.0000000000
27	1.0000000000
28	1.0000000000
29	1.0000000000
30	1.0000000000
31	0.9550561798
32	0.9318181818
33	0.8636363636
34	0.8620689655
35	0.8426966292
36	0.8333333333
37	0.8072289157
38	0.7764705882
39	0.7865168539
40	0.7978723404
41	0.7978723404
42	0.7613636364
43	0.7500000000
44	0.7380952381
45	0.6987951807
46	0.6904761905
47	0.6666666667
48	0.6493506494
49	0.6282051282
50	0.6172839506
51	0.5783132530
52	0.5853658537
53	0.6144578313
54	0.6071428571
55	0.5652173913
56	0.6000000000
57	0.5681818182
58	0.5176470588
59	0.5176470588
60	0.4352941176
61	0.4024390244
62	0.4000000000
63	0.3506493506
64	0.3658536585
65	0.3375000000
66	0.3947368421
67	0.4078947368
68	0.3783783784
69	0.3333333333
70	0.3026315789
71	0.2666666667
72	0.1527777778
73	0.1600000000
74	0.1645569620
75	0.1666666667
76	0.1948051948
77	0.1948051948
78	0.2297297297
79	0.2125000000
80	0.2125000000
81	0.2236842105
82	0.2337662338
83	0.2000000000
84	0.2025316456
85	0.1772151899
86	0.1875000000
87	0.1578947368
88	0.1298701299
89	0.1298701299
90	0.1392405063
91	0.1428571429
92	0.1250000000
93	0.1500000000
94	0.1025641026
95	0.1298701299
96	0.1714285714
97	0.1690140845
98	0.1549295775
99	0.1250000000
100	0.0972222222
