1	1.0000000000
2	1.0000000000
3	1.0000000000
4	1.0000000000
5	1.0000000000
6	1.0000000000
7	1.0000000000
8	1.0000000000
9	1.0000000000
10	1.0000000000
11	1.0000000000
12	1.0000000000
13	1.0000000000
14	1.0000000000
15	1.0000000000
16	1.0000000000
17	0.9895833333
18	0.9677419355
19	1.0000000000
20	1.0000000000
21	1.0000000000
22	0.9895833333
23	0.9795918367
24	0.9278350515
25	0.8777777778
26	0.8064516129
27	0.7078651685
28	0.6511627907
29	0.5238095238
30	0.6075949367
31	0.6875000000
32	0.6292134831
33	0.6117647059
34	0.6190476190
35	0.6500000000
36	0.7195121951
37	0.6444444444
38	0.6404494382
39	0.7011494253
40	0.7058823529
41	0.7073170732
42	0.7142857143
43	0.6555555556
44	0.6666666667
45	0.6829268293
46	0.5975609756
47	0.5529411765
48	0.4024390244
49	0.3125000000
50	0.2987012987
51	0.2962962963
52	0.3414634146
53	0.3411764706
54	0.3023255814
55	0.3411764706
56	0.2962962963
57	0.3086419753
58	0.2873563218
59	0.2674418605
60	0.2470588235
61	0.2839506173
62	0.2771084337
63	0.2804878049
64	0.2962962963
65	0.2962962963
66	0.2727272727
67	0.2972972973
68	0.3055555556
69	0.3150684932
70	0.3333333333
71	0.3205128205
72	0.3066666667
73	0.2753623188
74	0.2615384615
75	0.2575757576
76	0.2580645161
77	0.2295081967
78	0.2222222222
79	0.2686567164
80	0.2857142857
81	0.3015873016
82	0.2647058824
83	0.2400000000
84	0.3088235294
85	0.3380281690
86	0.2686567164
87	0.3076923077
88	0.2656250000
89	0.2580645161
90	0.2741935484
91	0.2786885246
92	0.2812500000
93	0.2769230769
94	0.2727272727
95	0.3230769231
96	0.3076923077
97	0.3030303030
98	0.2857142857
99	0.2698412698
100	0.2857142857
