1	1.0000000000
2	1.0000000000
3	1.0000000000
4	1.0000000000
5	1.0000000000
6	1.0000000000
7	1.0000000000
8	1.0000000000
9	1.0000000000
10	1.0000000000
11	1.0000000000
12	1.0000000000
13	1.0000000000
14	1.0000000000
15	1.0000000000
16	1.0000000000
17	1.0000000000
18	0.9787234043
19	0.9670329670
20	0.9555555556
21	0.9354838710
22	0.8350515464
23	0.7582417582
24	0.6703296703
25	0.6373626374
26	0.5057471264
27	0.4725274725
28	0.3777777778
29	0.3586956522
30	0.3157894737
31	0.3191489362
32	0.4042553191
33	0.4315789474
34	0.4432989691
35	0.4255319149
36	0.3333333333
37	0.4022988506
38	0.4505494505
39	0.4712643678
40	0.4222222222
41	0.4090909091
42	0.3882352941
43	0.3411764706
44	0.3373493976
45	0.3827160494
46	0.2894736842
47	0.2875000000
48	0.2564102564
49	0.2738095238
50	0.3536585366
51	0.2658227848
52	0.2962962963
53	0.2911392405
54	0.2179487179
55	0.2051282051
56	0.1309523810
57	0.0853658537
58	0.1097560976
59	0.1125000000
60	0.1358024691
61	0.1604938272
62	0.1500000000
63	0.0963855422
64	0.1219512195
65	0.1445783133
66	0.1084337349
67	0.1176470588
68	0.0975609756
69	0.1097560976
70	0.1358024691
71	0.1445783133
72	0.1625000000
73	0.1772151899
74	0.1566265060
75	0.0864197531
76	0.0909090909
77	0.0875000000
78	0.0886075949
79	0.1025641026
80	0.1168831169
81	0.0945945946
82	0.1012658228
83	0.0952380952
84	0.0987654321
85	0.1234567901
86	0.0987654321
87	0.1071428571
88	0.0833333333
89	0.0697674419
90	0.0714285714
91	0.0602409639
92	0.0689655172
93	0.0705882353
94	0.0759493671
95	0.0493827160
96	0.0500000000
97	0.0379746835
98	0.0128205128
99	0.0379746835
100	0.0375000000
