1	617.3175262165
2	619.8219207702
3	623.2406170984
4	625.4415672468
5	634.4626130277
6	636.4262790097
7	640.1961414182
8	641.6039352413
9	642.6498758858
10	643.3112480934
11	648.2299570178
12	648.6930398756
13	648.8400779114
14	652.5678111723
15	652.7326573132
16	653.8398722909
17	653.9548640451
18	655.1450265840
19	655.3007579885
20	657.0771015523
21	658.4444804975
22	658.5443387265
23	658.5764658834
24	658.5913745214
25	658.9862215074
26	659.7040635380
27	659.7860582317
28	659.8222206104
29	659.8385900167
30	659.8496601217
31	659.8656382403
32	660.6354862466
33	660.6408298802
34	660.7145379867
35	660.7261981861
36	660.7284151025
37	660.8465284106
38	660.8513295593
39	660.8527591468
40	660.8585101940
41	660.8634144912
42	660.8649185944
43	660.8670767007
44	660.8712368551
45	660.8740241931
46	660.8757479002
47	660.8786634377
48	660.9278736127
49	660.9431914592
50	660.9470552836
51	660.9494482535
52	660.9504051896
53	660.9512384509
54	660.9578313432
55	660.9612931207
56	660.9686217459
57	661.0249450752
58	661.0254299899
59	661.0259361499
60	661.0303728302
61	661.0320829586
62	661.2919281876
63	661.2919180237
64	661.2932782689
65	661.2958175936
66	661.2988804957
67	661.3038208804
68	661.3052133793
69	661.4093092012
70	661.4101519237
71	661.4109819142
72	661.4107799663
73	661.4112841205
74	661.4113815492
75	661.4117415644
76	661.4118816821
77	661.4124274657
78	661.4129893284
79	661.4131545233
80	661.4137033207
81	661.4149477789
82	661.4493356385
83	661.4495696735
84	661.4504364763
85	661.4505205173
86	661.4506640210
87	661.4511860941
88	661.4528601973
89	661.4529349316
90	661.4530745915
91	661.4540140317
92	661.4542079784
93	661.4543937292
94	661.4544973061
95	661.4552354808
96	661.4552986383
97	661.4555635726
98	661.4555616798
99	661.4558325611
100	661.4558682108
