1	628.5288407305
2	627.3953362223
3	626.9953553586
4	632.6692586960
5	633.0113486631
6	634.3176276781
7	635.0071525660
8	637.2678064794
9	638.2035834556
10	639.2747348660
11	642.9403761268
12	643.0425503631
13	645.2804735503
14	645.5802287128
15	645.8450882237
16	645.8586086136
17	646.3182111197
18	646.4734705057
19	647.3877603291
20	647.6678570270
21	648.7999213678
22	648.8142442021
23	648.9030817508
24	649.1611135661
25	649.3874680009
26	650.3136217779
27	650.5518704574
28	650.6688923665
29	650.7741806326
30	651.4316341670
31	651.6316314591
32	651.4478030283
33	651.4857250356
34	651.6711230763
35	651.7445626954
36	651.7447254126
37	651.7448361585
38	652.1436100476
39	652.7371214356
40	652.7394973295
41	652.7453647788
42	652.7467406868
43	652.7471521780
44	652.7493639847
45	652.7510979245
46	652.7535328458
47	652.7718874307
48	652.7724343482
49	652.7728852203
50	652.7741021089
51	652.7741678773
52	652.7741819417
53	652.7742144209
54	652.7743883575
55	652.7744737338
56	652.7746142411
57	652.7746332491
58	652.7747957577
59	652.7820706745
60	652.7822600459
61	652.8112668020
62	652.8113745197
63	652.8114954886
64	652.8117773652
65	652.8275652526
66	652.8276357913
67	652.8279231311
68	652.8281668092
69	652.8284766582
70	652.8285174079
71	652.8285317861
72	652.8285630292
73	652.8287288989
74	652.8288245512
75	652.8288250330
76	652.8289653732
77	652.8294505590
78	652.8295168993
79	652.8297756045
80	652.8298610894
81	652.8300263879
82	652.8301659053
83	652.8303144633
84	652.8326748259
85	652.8378125147
86	652.8379024064
87	652.8382168597
88	652.8383225371
89	652.8386807394
90	652.8389994874
91	652.8391395754
92	652.8394717673
93	652.8396981658
94	652.8400167428
95	652.8401478995
96	652.8408288609
97	652.8408317489
98	652.8409308796
99	652.8410508411
100	652.8413349365
