1	478.0519832279
2	481.4947281281
3	512.4623580110
4	535.1122529297
5	561.0631367940
6	574.6860855059
7	608.6818230787
8	623.6502822471
9	626.1197822583
10	634.5405550268
11	635.6405930787
12	639.2041789439
13	643.1847751968
14	645.3544534561
15	647.7158064801
16	648.2890257889
17	649.5587745722
18	653.4044277003
19	654.1378964644
20	655.6492345854
21	655.7591137265
22	656.5531000102
23	656.6439431027
24	656.8422054639
25	656.9315333675
26	657.3755495110
27	657.5616209667
28	657.7240499208
29	657.9667751287
30	658.0877277409
31	658.1144679902
32	658.3298989693
33	658.3992053182
34	658.7096933953
35	658.7375721979
36	658.7910590718
37	658.8817164142
38	658.8999673443
39	658.9075237232
40	659.0212209113
41	659.0446406935
42	659.0759138271
43	659.0941119178
44	659.1158287003
45	659.1720974755
46	659.1906281981
47	659.2078103042
48	659.2408651243
49	659.2649531177
50	659.2837809541
51	659.2847877972
52	659.2994253226
53	659.3100713318
54	659.3383471839
55	659.3637778060
56	659.3694261389
57	659.3707687415
58	659.3797669904
59	659.3901899416
60	659.4304174357
61	659.4388609881
62	659.4417278233
63	659.4490005850
64	659.4518710979
65	659.4822280300
66	659.5078947796
67	659.5148020903
68	659.5149507475
69	659.5153166339
70	659.5165082500
71	659.5173963538
72	659.5178743388
73	659.5187575502
74	659.5246780612
75	659.5387082925
76	659.5408267145
77	659.5427524340
78	659.5436106070
79	659.5451031620
80	659.5489453939
81	659.5573471513
82	659.5599104065
83	659.5603721692
84	659.5605470363
85	659.5618842600
86	659.5626501412
87	659.5692736080
88	659.5698313804
89	659.5703632605
90	659.5707164244
91	659.5729531882
92	659.5739347203
93	659.5768718420
94	659.5770371293
95	659.5788848139
96	659.5792966933
97	659.5797984278
98	659.5811286110
99	659.5815855114
100	659.5825226787
