1	624.6538824240
2	618.5801995367
3	620.0816559939
4	626.4519699678
5	628.6470524424
6	630.7407328521
7	632.8432522896
8	636.3606324542
9	636.9983233084
10	641.3477018810
11	641.7488756065
12	642.5441188681
13	645.4649069944
14	645.5833139360
15	645.7337512037
16	646.7111736712
17	648.1744360460
18	648.8781514535
19	649.0007584831
20	649.5976229739
21	650.2473679304
22	650.6883594421
23	650.7202313473
24	650.9284396538
25	651.9277151830
26	651.9368622017
27	652.0103659326
28	652.3674201779
29	652.7600870934
30	652.9070041773
31	653.1540761593
32	653.1594343303
33	653.2261229046
34	653.4904131089
35	653.4922222501
36	653.4978248359
37	653.5509386983
38	653.5527211297
39	653.5534152814
40	653.5539776642
41	653.7097692597
42	653.7105953205
43	653.7622947800
44	653.7643962251
45	653.7664041753
46	653.7671664752
47	653.7686593032
48	653.8389794574
49	653.8396808179
50	653.8440670830
51	653.8456439860
52	653.8458543922
53	653.8461071777
54	653.8462198311
55	653.8462166845
56	653.8474476329
57	653.8511758283
58	653.8516167603
59	653.8543208346
60	653.8544386406
61	653.8563136993
62	653.8563811215
63	653.8567488391
64	653.8572201119
65	653.8576605807
66	653.8750417273
67	653.8758755233
68	653.8762584602
69	653.8773119870
70	653.8781691678
71	653.8781740036
72	653.8786083095
73	653.8791512421
74	653.8792087552
75	653.8808526135
76	653.8809191765
77	653.8809623693
78	653.8903435787
79	653.8904053961
80	653.8903126886
81	653.8909156931
82	653.8910215557
83	653.8910678364
84	653.8915537862
85	653.8921473913
86	653.8924928901
87	653.8923607254
88	653.8971510531
89	653.8972559293
90	653.8974713501
91	653.8974650122
92	653.8977470529
93	653.8978190401
94	653.8980975681
95	653.8988295041
96	653.8993682532
97	653.8993684821
98	653.8994999501
99	653.8998474400
100	653.9002913904
