1	460.4292883887
2	475.9259006953
3	487.6198542966
4	554.8299618996
5	559.1386178189
6	576.7366660418
7	577.5452428409
8	583.0786182742
9	588.6781283793
10	599.6860868372
11	610.6813908213
12	612.0449415982
13	619.3472672646
14	620.6098744740
15	622.5626862932
16	626.1643380628
17	627.0553827396
18	628.0607162479
19	628.8186179928
20	629.4502202384
21	629.7730898257
22	633.2051210980
23	633.3470372157
24	634.5815246984
25	636.6663991104
26	637.9808537470
27	638.2349450131
28	641.5895778361
29	642.3427429025
30	643.9330687579
31	644.2518257402
32	644.9829904499
33	645.5952907648
34	646.3004031813
35	646.8320440468
36	647.7706354520
37	648.2898216894
38	648.4250471504
39	648.6221771160
40	649.0262712204
41	649.2457740840
42	649.4281995880
43	650.0201484218
44	650.0387827243
45	650.0395223253
46	650.3893297228
47	650.3957514292
48	650.4135945833
49	650.4148512736
50	650.4185766589
51	650.4667799689
52	650.5125439833
53	650.5170584238
54	650.5293449256
55	650.5438438018
56	650.6865851623
57	650.6898448881
58	650.8323538602
59	650.8399616462
60	650.8441836367
61	650.9262611994
62	650.9286743352
63	650.9717778876
64	650.9853624708
65	651.0175365434
66	651.1698538344
67	651.2013897296
68	651.2015739113
69	651.2053610433
70	651.2061259866
71	651.2067140800
72	651.2089050091
73	651.3810306835
74	651.3818740469
75	651.3822092333
76	651.3829041219
77	651.3837056352
78	651.3877441376
79	651.3880490813
80	651.4219755863
81	651.4226066034
82	651.4229911361
83	651.4234614630
84	651.4235072348
85	651.4235615503
86	651.4249459506
87	651.4319634459
88	651.4324675905
89	651.4509256361
90	651.4655603052
91	651.4657740285
92	651.4657740285
93	651.4666286211
94	651.4695862332
95	651.4723400632
96	651.4724398154
97	651.4739425816
98	651.4797254390
99	651.4837754463
100	651.4837824298
