1	458.9208892460
2	493.9984398146
3	534.2901503289
4	546.9297458178
5	574.9603552368
6	583.2874181515
7	591.1765141200
8	594.3379682709
9	609.4572043161
10	618.3186680591
11	621.7562452779
12	625.5137284731
13	626.9656206958
14	628.8935409850
15	630.2790406045
16	632.3404687463
17	635.6461881258
18	636.7543522881
19	637.7969480335
20	639.1634818591
21	640.5047556221
22	642.0969664185
23	642.1708975773
24	643.0008848807
25	643.8635901195
26	644.8182907199
27	645.0446072151
28	645.8586083719
29	645.9273132269
30	646.2158742274
31	647.0784716278
32	647.0884128422
33	647.4113490241
34	647.5212400375
35	647.5511241020
36	647.5928063108
37	647.5929587272
38	647.5966407708
39	647.8461058868
40	647.8953420288
41	647.8979484390
42	648.1134985725
43	648.1191862035
44	648.1320760014
45	648.1409258385
46	648.1894999656
47	648.1998369152
48	648.2512570961
49	648.2531905998
50	648.2856696261
51	648.4761366613
52	648.4795748662
53	648.5444540090
54	648.5449540482
55	648.5478903811
56	648.5940195360
57	648.5959935392
58	648.5967419053
59	648.5972176240
60	648.5980409629
61	648.6276200514
62	648.6430981578
63	648.7678501684
64	648.7723594311
65	648.7882268575
66	648.8191564890
67	648.8528477915
68	648.8735160155
69	648.8817685085
70	648.9045246562
71	648.9052733405
72	648.9060453570
73	648.9066734717
74	648.9568057012
75	648.9662566391
76	648.9674110473
77	649.0874548775
78	649.1074958214
79	649.1079982786
80	649.1083180216
81	649.1089488051
82	649.1221297758
83	649.1444361870
84	649.1444684888
85	649.1604123642
86	649.1605386332
87	649.1735360559
88	649.1741469308
89	649.1870003330
90	649.3184198131
91	649.3194847551
92	649.3230046833
93	649.3240625573
94	650.6846165731
95	650.7142344770
96	650.7205173405
97	651.0764735141
98	651.7486794928
99	653.4035320855
100	653.4173090684
