1	623.5901772263
2	624.9377143929
3	626.7535709146
4	631.6949204340
5	632.1728188121
6	632.0424558888
7	632.1158136386
8	633.2951746975
9	635.6622942616
10	636.6431570515
11	637.8935831441
12	641.0268264652
13	641.3011352384
14	642.1133597582
15	642.9150231470
16	642.9406391048
17	643.8823535536
18	643.8990652818
19	643.9289816025
20	643.9327045763
21	644.0540991783
22	644.1770045891
23	644.1815776552
24	644.3003604908
25	644.3919801918
26	644.5295335949
27	644.5320534578
28	644.5329309513
29	644.5834692720
30	644.5837529810
31	644.6414757721
32	644.7177878804
33	644.7178120534
34	644.7661031539
35	644.7659964202
36	644.7788733607
37	644.7792259695
38	644.7840905299
39	644.7842523152
40	644.7843092056
41	644.7882638389
42	644.7888955846
43	644.7969209137
44	644.7970716329
45	644.8119027072
46	644.8142246977
47	644.8142879441
48	644.8142935080
49	644.8238060077
50	644.8238064277
51	644.8262095323
52	644.8262516229
53	644.8276806639
54	644.8276912410
55	644.8277256388
56	644.8277353554
57	644.8277383392
58	644.8277383392
59	644.8277383392
60	644.8277466047
61	644.8277496793
62	644.8277894670
63	645.0306988645
64	645.0307280987
65	645.0307998767
66	645.0310714126
67	645.0310339698
68	645.0311360014
69	645.0311424958
70	645.0323057626
71	645.0325610236
72	645.0327634154
73	645.0327772702
74	645.0335659613
75	645.0346040860
76	645.0346075166
77	645.0348198069
78	645.0348385960
79	645.0348387428
80	645.0348387428
81	645.0348393045
82	645.0348393045
83	645.0348563744
84	645.0368466359
85	645.0368508829
86	645.0368578235
87	645.0374071983
88	645.0374177277
89	645.0374241675
90	645.0382709480
91	645.0382727338
92	645.0382760243
93	645.0382803608
94	645.0388352724
95	645.0433295078
96	645.0433367913
97	645.0433722897
98	645.0433722897
99	645.0433806775
100	645.0433806775
