1	0.1305550981
2	0.0959389919
3	0.1123066380
4	0.1190967381
5	0.0861441607
6	0.0673287660
7	0.0357724356
8	0.0318577078
9	0.0734487437
10	0.0647478188
11	0.0817252853
12	0.0855528896
13	0.0593306416
14	0.1140273153
15	0.0494747484
16	0.0666858923
17	0.0370187536
18	0.0717444268
19	0.0292564394
20	0.0455920407
21	0.0609104447
22	0.0256375617
23	0.0292112671
24	0.0350023830
25	0.0511635330
26	0.0482675186
27	0.0464367280
28	0.0433715487
29	0.0384273798
30	0.0321295654
31	0.0270758176
32	0.0295123680
33	0.0289241842
34	0.0304217775
35	0.0225975591
36	0.0226021651
37	0.0289219650
38	0.0237946382
39	0.0414906766
40	0.0515368621
41	0.0315286792
42	0.0303341567
43	0.0327384689
44	0.0365305754
45	0.0347838034
46	0.0294757478
47	0.0296066777
48	0.0290478845
49	0.0333553967
50	0.0196949123
51	0.0196804774
52	0.0186303842
53	0.0179764437
54	0.0238277456
55	0.0303982365
56	0.0299203735
57	0.0273348188
58	0.0289895376
59	0.0282891215
60	0.0309387427
61	0.0315738115
62	0.0301521750
63	0.0403770672
64	0.0405904245
65	0.0284792363
66	0.0338112811
67	0.0289097265
68	0.0343046315
69	0.0325020950
70	0.0306492649
71	0.0267400002
72	0.0259705057
73	0.0253737467
74	0.0277257499
75	0.0277915905
76	0.0257848856
77	0.0262450072
78	0.0262230420
79	0.0321643396
80	0.0307475991
81	0.0274536711
82	0.0232411479
83	0.0230164350
84	0.0273176203
85	0.0238006181
86	0.0302836472
87	0.0294284293
88	0.0460281686
89	0.0395503627
90	0.0293352430
91	0.0296537596
92	0.0362558890
93	0.0371837542
94	0.0385138046
95	0.0369425379
96	0.0367822732
97	0.0345759768
98	0.0326442293
99	0.0330857393
100	0.0314981378
