1	0.1177655985
2	0.0874590900
3	0.0787119338
4	0.0766575407
5	0.0486954935
6	0.0336551148
7	0.0632220324
8	0.0404926800
9	0.0310729888
10	0.0423457301
11	0.0287974576
12	0.0579359281
13	0.0620741484
14	0.0832953015
15	0.0801392459
16	0.0899073916
17	0.0860664917
18	0.0753198164
19	0.0944107124
20	0.0963013509
21	0.1436400641
22	0.0753655736
23	0.0739471950
24	0.0784485346
25	0.0340322371
26	0.0576280778
27	0.0535446237
28	0.0599074661
29	0.0461591138
30	0.0454178188
31	0.0461890975
32	0.0453753766
33	0.0313049532
34	0.0300304738
35	0.0317297899
36	0.0370823124
37	0.0334694215
38	0.0340737013
39	0.0333087803
40	0.0389778604
41	0.0355989533
42	0.0299749104
43	0.0288037721
44	0.0359751032
45	0.0493921328
46	0.0567247028
47	0.0534292546
48	0.0506541941
49	0.0637093499
50	0.0678167769
51	0.0698064681
52	0.0576778446
53	0.0648543509
54	0.0691933344
55	0.0709201450
56	0.0661502883
57	0.0739373007
58	0.0793899250
59	0.0783934778
60	0.0551859165
61	0.0429355832
62	0.0442063131
63	0.0436024733
64	0.0473785295
65	0.0546157929
66	0.0555530266
67	0.0446538070
68	0.0445824712
69	0.0503808662
70	0.0559768649
71	0.0563972377
72	0.0503878778
73	0.0539574468
74	0.0477058802
75	0.0482231942
76	0.0466522893
77	0.0480407380
78	0.0478636108
79	0.0500195288
80	0.0488708963
81	0.0509527713
82	0.0494729520
83	0.0460188419
84	0.0464568745
85	0.0459124704
86	0.0511156918
87	0.0515227670
88	0.0505867039
89	0.0513641312
90	0.0493010433
91	0.0509271147
92	0.0498603871
93	0.0495380094
94	0.0479814612
95	0.0473913697
96	0.0464013897
97	0.0457734845
98	0.0471566536
99	0.0470300610
100	0.0341219955
