1	0.0479721981
2	0.1977049818
3	0.0640756441
4	0.1394026770
5	0.1521076537
6	0.0592438040
7	0.0674036152
8	0.0708091273
9	0.0791196179
10	0.0555692735
11	0.0322916423
12	0.0392641148
13	0.0657472179
14	0.0322407666
15	0.0322456647
16	0.0444433123
17	0.0336483189
18	0.0552070207
19	0.1630880537
20	0.1457340184
21	0.0379972780
22	0.1693256230
23	0.0654282989
24	0.0528527866
25	0.0627348221
26	0.0801377139
27	0.0377542044
28	0.0405718155
29	0.0783828557
30	0.0316370997
31	0.0340841968
32	0.0286400580
33	0.0341802082
34	0.0250467565
35	0.0305329789
36	0.0303902052
37	0.0257268743
38	0.0235893359
39	0.0244979941
40	0.0388925133
41	0.0487605211
42	0.0476261903
43	0.0554929854
44	0.0314586006
45	0.0298637653
46	0.0266083002
47	0.0380231275
48	0.0265169827
49	0.0591012682
50	0.0610254711
51	0.0500833586
52	0.0519047236
53	0.0388282325
54	0.0319364362
55	0.0424199147
56	0.0510714622
57	0.0313671442
58	0.0365077786
59	0.0467881890
60	0.0459274479
61	0.0429345027
62	0.0230827206
63	0.0251430625
64	0.0229674271
65	0.0236606540
66	0.0312958898
67	0.0189662738
68	0.0184344325
69	0.0197221015
70	0.0192377833
71	0.0205687133
72	0.0238122695
73	0.0280521608
74	0.0242072163
75	0.0260023953
76	0.0345420668
77	0.0331564757
78	0.0236462743
79	0.0236783008
80	0.0227444357
81	0.0233486746
82	0.0227979744
83	0.0226230533
84	0.0228281362
85	0.0225003274
86	0.0224708971
87	0.0237172737
88	0.0227312336
89	0.0254653985
90	0.0256767551
91	0.0251636176
92	0.0249907296
93	0.0251255594
94	0.0253903865
95	0.0259912886
96	0.0267133810
97	0.0267392177
98	0.0261497467
99	0.0365618605
100	0.0366603006
