1	0.0951282690
2	0.1185582450
3	0.0689099640
4	0.0921024507
5	0.0663871184
6	0.0558239035
7	0.0796624041
8	0.0454052613
9	0.0594699819
10	0.0517296583
11	0.0404314653
12	0.0753723773
13	0.0584039714
14	0.0661916473
15	0.0422411410
16	0.0626067507
17	0.0530890024
18	0.0595514540
19	0.0672009738
20	0.0502886947
21	0.0239170386
22	0.0350168973
23	0.0542550644
24	0.0645186724
25	0.0487297456
26	0.0446410613
27	0.0460266994
28	0.0396260053
29	0.0700292911
30	0.0279602545
31	0.0273356519
32	0.0247578273
33	0.0228545047
34	0.0224144346
35	0.0325314894
36	0.0301415819
37	0.0200609347
38	0.0202277655
39	0.0205131550
40	0.0331489360
41	0.0334055694
42	0.0405613809
43	0.0332456493
44	0.0324254438
45	0.0348377172
46	0.0309607209
47	0.0393141637
48	0.0300635526
49	0.0296749665
50	0.0201394427
51	0.0183864539
52	0.0201355416
53	0.0194368676
54	0.0190112108
55	0.0202267041
56	0.0235274546
57	0.0256365796
58	0.0252483024
59	0.0270360737
60	0.0372239920
61	0.0362131277
62	0.0318020569
63	0.0316774587
64	0.0218738183
65	0.0216237774
66	0.0309864211
67	0.0313422045
68	0.0312872516
69	0.0365107747
70	0.0350905409
71	0.0214471004
72	0.0281085834
73	0.0286601147
74	0.0281528600
75	0.0277741350
76	0.0392380203
77	0.0380988110
78	0.0391230133
79	0.0239824193
80	0.0608637011
81	0.0171487975
82	0.0145498816
83	0.0213979129
84	0.0214597788
85	0.0183438668
86	0.0197756330
87	0.0196110485
88	0.0279923091
89	0.0277806404
90	0.0240574219
91	0.0235906935
92	0.0280063854
93	0.0252769280
94	0.0245128082
95	0.0674284452
96	0.0287029450
97	0.0212768588
98	0.0383149861
99	0.0276592388
100	0.0293342360
