1.0578691199313894	0.22879936416620952	0.010289217847903154	0.2656096126594606
1.0578691199313894	0.22879936416620952	0.010289217847903154	0.2656096126594606
1.0578691199313894	0.22879936416620952	0.010289217847903154	0.2656096126594606
0.8418316001303432	0.2346801562024061	0.001629572789786149	0.21925084019683694
0.6821948141833065	0.23744591672257934	0.00814189391868976	0.2525945182309233
0.531522242089879	0.23744629782711266	0.00814189391868976	0.2534574716781924
0.5092749423653306	0.2513767020349062	0.022320229494874624	0.2897626894159402
0.49823573709225033	0.2597332728302845	0.09731157700195012	0.32525596844907745
0.47840619662028266	0.27743023472531864	0.1108763693244897	0.34598720195575794
0.4607211780328548	0.2979277592570397	0.16498602335699747	0.3715481276647364
0.45130041406732996	0.3062555958415384	0.11508050484347487	0.3511812668510157
0.4466116406454792	0.3273735387125114	0.26811419006706355	0.4101320434649489
0.4161687920221982	0.34335147022038903	0.25268275654645234	0.28467316668495063
0.4065231006886529	0.35778487243758156	0.30058519403901257	0.35927083231678936
0.3895287877898013	0.3773169621845371	0.19999465915979484	0.31828822233533033
0.37809799497767105	0.3925935084885706	0.3098394121740964	0.40546138741431276
0.3593011008837157	0.41245827871774166	0.33196554716145255	0.35439709080236736
0.34903993987459864	0.42784591268670086	0.26866299994114673	0.3902132416958507
0.33431591694844265	0.4443722001846996	0.3398576057756213	0.3866292591752031
0.32528733843637325	0.4615360123273617	0.29100001337722187	0.3036737929168394
0.30966227807885033	0.48258692465318537	0.3616965189712341	0.44692505831187623
0.2975153227402141	0.49530729374918614	0.3610714594004528	0.37422430085107616
0.280488520006239	0.5199767275030945	0.37144054190364806	0.406166937262358
0.2662817039977461	0.5394907959031391	0.4418208408959554	0.3713601174957537
0.2501592278460302	0.5651432036070283	0.40109568027038417	0.4274013647072019
0.24116185691084896	0.5771524454276418	0.42409955741197064	0.4217765408297684
0.22272807655662635	0.6055301544724506	0.4932542457391506	0.42915609162875423
0.2075839244579405	0.6294247078208849	0.4631533041119799	0.39192703652192457
0.19261387508218986	0.6569924424156022	0.4926942736780606	0.44770558847371256
0.1793988758191863	0.6779662498611154	0.5063192422390704	0.4935747331467092
0.1635160725858702	0.7033695085928344	0.5483130607915366	0.43364281274169364
0.14731632825727559	0.7298089175883514	0.5403219460556691	0.4907427012932945
0.13159723885246594	0.7563737383817906	0.5500154371726191	0.4265961771644817
0.11375036711882286	0.7873097357484916	0.5673747588028897	0.4454534509999579
0.09633162531188164	0.8201458491081978	0.6126354282367782	0.41119350735202154
0.07827847217329728	0.8527502699385724	0.6076980663059979	0.41863665545989315
0.059221990272736426	0.8877643063106174	0.630788176148565	0.4744725709499794
0.03960739591908512	0.9249582761101371	0.649158484573035	0.4655485797095552
0.009961313397961339	0.9804250219052727	0.6848976024347694	0.5001980282708964
3.62342570354955e-09	1.038637959368427	0.5502418615444672	0.3815459736686392
