0.7341100880693955	0.23749643592238634	0.001867449337843427	0.2385537825975674
0.7341100880693955	0.23749643592238634	0.001867449337843427	0.2385537825975674
0.7341100880693955	0.23749643592238634	0.001867449337843427	0.2385537825975674
0.7341100880693955	0.23749643592238634	0.001867449337843427	0.2385537825975674
0.7341100880693955	0.23749643592238634	0.001867449337843427	0.2385537825975674
0.5815684123719691	0.24170701415431528	0.001867449337843427	0.3213122317119873
0.5390468216078547	0.2511522080496772	0.0193652664001303	0.24574028454899452
0.4983203154402925	0.25916943420095573	0.07653475575499251	0.30854137935496406
0.48286791743461815	0.2740971563858886	0.10047378123371302	0.3002252468782364
0.46507637525698203	0.29630693250612683	0.11827761246410873	0.23742998223844936
0.4495078081625678	0.3077188951280823	0.12812495722787764	0.24570346266689808
0.43855720961164596	0.3225751530919613	0.23846311537814646	0.3724277898358874
0.4192705043532606	0.343308826836484	0.2857453233088807	0.2981622205633118
0.4120964539763559	0.34711196460093774	0.25938753084883326	0.3118488536093356
0.3953699352766759	0.3670674375152136	0.25515205377748207	0.3110566192430399
0.38314990273619143	0.3948696938101049	0.35148701751595135	0.29632808474791805
0.36523876013017004	0.40402944577582345	0.2610785830026795	0.35479597830605036
0.3502792026057862	0.42473685702343933	0.26955060213752347	0.3377470732574154
0.338880851902611	0.44182279490327875	0.28389815321687184	0.4081322550418792
0.3242566833723592	0.4630297668048559	0.32817093894265614	0.34578497099503747
0.3165756124932541	0.4761383731285819	0.32638870994077845	0.44910545528885343
0.29790604194322073	0.49731324938958393	0.4421255457202002	0.3794306496654378
0.283585664392379	0.5204302570360545	0.4687214719852411	0.42128150162933253
0.27111275454281036	0.5398860636375639	0.49948575411042107	0.4058980669677612
0.2540257380237783	0.5592321213644466	0.3802047128337711	0.39553021737994776
0.23878951671829599	0.5814585836309251	0.45237045605245607	0.3978867954042181
0.2248432112900082	0.6020298736924315	0.4654816531085806	0.42727609010918677
0.2082453156777929	0.6283792908625451	0.47639628351627766	0.411354624590663
0.19810941279749492	0.6518568450387535	0.5504953360939584	0.4940013073802842
0.17941171607765466	0.674417432440012	0.5406216737417548	0.4122397668158632
0.1636386736053374	0.7003516624540714	0.5197631512754051	0.4625325231667244
0.1469997490292971	0.7304400629190688	0.548061460612369	0.41718028901926174
0.12978703458772733	0.7577676242765642	0.5583408513310418	0.4693439529999254
0.1143633998488051	0.788782200214336	0.6168531473051238	0.49855182389362795
0.09863542662046972	0.8209049982113653	0.6258590159242792	0.48478113697571423
0.07634499716203251	0.8543980456873671	0.6423957742616853	0.48451235638457335
0.061759021074434636	0.8826604395524298	0.5945308034038737	0.4629397850334821
0.030613038140268806	0.941418779480099	0.6693983130811183	0.47398085260649875
2.9436392368143635e-07	1.0004674657338466	0.7019574400133257	0.47900119004971214
2.9436392368143635e-07	1.0038803877694447	0.7019574400133257	0.43792043770348815
