1.0415936914993866	0.16164563984339286	0.00206541707938257	0.13178773137071814
1.0415936914993866	0.16164563984339286	0.00206541707938257	0.13178773137071814
1.0415936914993866	0.16164563984339286	0.00206541707938257	0.13178773137071814
1.0415936914993866	0.16164563984339286	0.00206541707938257	0.13178773137071814
1.0415936914993866	0.16164563984339286	0.00206541707938257	0.13178773137071814
1.0150224631250335	0.16255550848944225	0.00206541707938257	0.10685187358578295
0.6739761505906331	0.185886161160414	0.006857899782536897	0.21122495282400747
0.6739761505906331	0.185886161160414	0.006857899782536897	0.21122495282400747
0.6739761505906331	0.185886161160414	0.006857899782536897	0.21122495282400747
0.6293687683985364	0.19418918353342013	0.0073250613497394534	0.23796113809982494
0.6293687683985364	0.19418918353342013	0.0073250613497394534	0.23796113809982494
0.5640389585511527	0.2324607640271381	0.02584897865601765	0.1769918845961315
0.5330865090820067	0.2539278331021928	0.024876210041006278	0.36599886275038174
0.5330865090820067	0.2539278331021928	0.024876210041006278	0.36599886275038174
0.5330865090820067	0.2539278331021928	0.024876210041006278	0.36599886275038174
0.43748367445603364	0.32449574991542296	0.19057707459492906	0.2638758879325655
0.43748367445603364	0.32449574991542296	0.19057707459492906	0.2638758879325655
0.42699947658532267	0.3365574618835227	0.2242646671467487	0.23071859449418075
0.4136644128383006	0.35734111095004883	0.3152652739884868	0.26100529122976135
0.40210234567574377	0.36768075146157636	0.30441104837855326	0.3196592554980835
0.36462136985165017	0.4047874380084804	0.3202363974218284	0.3548571505215637
0.3545587727766497	0.4278803519415894	0.3413933333980435	0.2851913750645318
0.33747747630784464	0.4552871670969326	0.43864379174424295	0.4210983972858383
0.3130221515309758	0.4790798195262601	0.3362289087533248	0.4326776214488192
0.2985904666788421	0.49252853218606346	0.3819675573821285	0.35359528877497
0.2856813468286787	0.5271653607302228	0.2701286712469869	0.33632958341198915
0.26332335935906814	0.5433010917193449	0.4100708502498192	0.37907543253125753
0.24519506541229452	0.5715135299404318	0.4339248510337645	0.4243354563720502
0.2326115113145508	0.5990364133714344	0.4602482622160454	0.37793590461581594
0.20883567756183216	0.63235351043509	0.5420755604849256	0.4256460174709757
0.18981693560610663	0.6675083879157464	0.5759049428073075	0.35303697322767563
0.17550367451110294	0.6852410138485835	0.5400168070091858	0.3611617445143632
0.15516347306863637	0.7159509899872878	0.5235788006619658	0.4217594050829928
0.13334391997514847	0.7517165691068014	0.5615697506166304	0.44134683073597436
0.10609808627523375	0.8121316171121986	0.5887926984393376	0.5290796611759364
0.0733828449538027	0.8627555133576436	0.620711935038184	0.5208406191513395
0.07182013324142532	0.8795139939752104	0.6578404542874351	0.5494011436862413
0.04339642691800904	0.9173988500530458	0.652581211399595	0.4657080601615061
0.014255010746469027	0.9758946501410798	0.668714297519796	0.4345556877811286
2.7095989559269674e-05	1.0649998429499907	0.7015143980460089	0.7548893253959454
