1.1118659605392156	0.1775443705528802	0.004601213428003348	0.19584997820458314
1.1118659605392156	0.1775443705528802	0.004601213428003348	0.19584997820458314
1.1118659605392156	0.1775443705528802	0.004601213428003348	0.19584997820458314
1.1118659605392156	0.1775443705528802	0.004601213428003348	0.19584997820458314
1.1118659605392156	0.1775443705528802	0.004601213428003348	0.19584997820458314
0.967236463847852	0.18299521933042906	0.006622939819830559	0.15834448390803482
0.8016469843133294	0.18929860318061853	0.003599490093682628	0.1590231135387389
0.7376095585922862	0.19616132241758982	0.0018536879962858244	0.25801098903621633
0.6309200219137685	0.20159452609329034	7.631642064134803e-05	0.20321172276831975
0.6038295488482657	0.2061231728458292	0.0014346775186954985	0.2305681438749176
0.5679400284069277	0.2261602968367603	0.025873253576419064	0.25030457162399394
0.5519825233438601	0.24608237624787657	0.009110600942471403	0.3763341643933874
0.5445838633524968	0.26763536838579893	0.0614756258703448	0.3793782690608205
0.5390086732035906	0.28772381525056867	0.05228343854701506	0.4476541019299627
0.49001721818403715	0.3126742784455133	0.2078656830385318	0.32158685116795654
0.4437578137286462	0.33028026469685756	0.20966486184426056	0.2956312330748435
0.43196042142656677	0.33677060631399003	0.2073473007617311	0.300369217873448
0.42469303215570703	0.3594295008422676	0.17018939473073114	0.3404793394557573
0.396212601273029	0.37425927745647225	0.33487033027575686	0.2949074534615111
0.3836177574517164	0.3913304131183903	0.34783644731078545	0.2644704223393323
0.36314966574942475	0.4121046021277398	0.2640385745481972	0.2851996031577061
0.33969049938236545	0.4366377349580058	0.3334442973752364	0.3592457762989686
0.33127452053618145	0.4486558532401909	0.3160414860708157	0.33284000317125706
0.3154292622056658	0.4759116732655391	0.31999408609598856	0.2906526299047123
0.3018737728027697	0.495547041593943	0.38187412916305064	0.2852792015384895
0.2769591123748087	0.5260394761657119	0.3818795961429306	0.43651087198945837
0.2595144949081662	0.5535250950651255	0.3677852739654176	0.3775872395188841
0.24162835930052284	0.5794582484484683	0.4224849415730523	0.40294859724099347
0.22461508593018295	0.6072407301973256	0.45685259634764863	0.34195832727965836
0.20636769849683265	0.6323251827245647	0.44355423427385965	0.4477441867363711
0.1865800055405196	0.6637272637242557	0.5491944372908691	0.4161981183325771
0.1697463170166643	0.6909068100459663	0.5515362504475172	0.43575176757682715
0.149866050277061	0.7228956545013214	0.5426156525402592	0.43416806097929767
0.1308020432912297	0.771414342840379	0.6396214884254832	0.47802379470438033
0.11215761878668704	0.8015927073374881	0.6732041832341233	0.4871869972936139
0.08937288138053029	0.8341135996109386	0.5621311505656812	0.49886738676341175
0.06878886400084167	0.8733944200703607	0.6750919946319898	0.528739919562643
0.0476979662810799	0.9160814886630188	0.6576075422413333	0.5134559112807273
0.01917999761169612	0.9742600073085075	0.6793970305582839	0.5069362461576529
2.1653620554967397e-06	1.0127494761794844	0.6022281320075433	0.5418323454502832
