5.858250874732731	0.17449571003259085	0.0038847657249010126	0.17429474777377085
0.7174803174379556	0.1802057394036124	0.007382522619981291	0.16849144071619104
0.7174803174379556	0.1802057394036124	0.007382522619981291	0.16849144071619104
0.7174803174379556	0.1802057394036124	0.007382522619981291	0.16849144071619104
0.7174803174379556	0.1802057394036124	0.007382522619981291	0.16849144071619104
0.7174803174379556	0.1802057394036124	0.007382522619981291	0.16849144071619104
0.7174803174379556	0.1802057394036124	0.007382522619981291	0.16849144071619104
0.6623510321348384	0.18364386626252682	0.0032509872307280585	0.12388796874039942
0.6149201697641354	0.19375707222125238	0.0021282131110513525	0.20944542582776238
0.6128002890671205	0.2160254364011896	0.04004434877014165	0.13112450929991018
0.544342539593542	0.23433208967115615	0.01976268992413943	0.22093663115297846
0.544342539593542	0.23433208967115615	0.01976268992413943	0.22093663115297846
0.5407921633793977	0.26577156939856633	0.06040043287204941	0.3715034754019789
0.5318851067116176	0.30212402359244983	0.12403411925615734	0.17340311835590982
0.48408484593417034	0.3109332095061636	0.1803984012384553	0.16787677928063488
0.4691886399319803	0.31328696173996445	0.12270958417090516	0.20522393636717018
0.4281224166535835	0.3336865888780581	0.2831836339007564	0.2981632897507956
0.4095741382950525	0.35248374504245666	0.2875945335261083	0.30948357424804096
0.40108357054863647	0.36960039199849515	0.25301417783634167	0.22176333392925285
0.3800070733046591	0.39619078797706203	0.37763917525786855	0.3211043043427916
0.3608013312264587	0.4180844862401618	0.3130723138753838	0.24962274466718926
0.34213259347038777	0.44212402453472466	0.30534810942696966	0.27251946977073366
0.3280689573749375	0.4609160277256895	0.39672640631406	0.3791440075799656
0.310731466094104	0.48312676844447877	0.42126624000304624	0.3584364856932499
0.2955346894752803	0.5038846786390453	0.3635132664151369	0.3824451637498778
0.2771490184271273	0.5325048663939074	0.3555115956843553	0.46961828092632435
0.25946538341848197	0.552400267534024	0.3644196610896812	0.3896006511083635
0.24284293757619296	0.5817700092167203	0.4628337353276149	0.48694195084737174
0.2243983160357085	0.6075393702453213	0.4257002607828867	0.3481253053325152
0.20421373918872188	0.6381971695384024	0.4806479883852761	0.4222229635180135
0.18725767681434496	0.6667434387833263	0.4821253898507878	0.49346359520456956
0.168034919851325	0.6928728617643409	0.5270646559177659	0.41735526454586425
0.14973562493652823	0.7241254307943394	0.5595917215020986	0.465413763463649
0.13178776603542913	0.7558390559148864	0.5898091121935836	0.4860249891370434
0.10856539880649123	0.7965751763096784	0.6262385868236173	0.48158375203594794
0.08402468301897272	0.8398727168430248	0.6308487853742074	0.4742253800108935
0.06960604032167303	0.8905227457749828	0.6583021721584724	0.45226187834236076
0.0478357074402394	0.9211094665982178	0.5734322412253621	0.394966558019217
0.024151800747175607	0.9789738135484618	0.6464942322981775	0.4940585306083191
1.1343257932253038e-07	1.0082056315357912	0.7391567156699324	0.41527436494541903
