0.9539899878935519	0.06218530770465647	0.009312937732879528	0.0009305812681127401
0.9539899878935519	0.06218530770465647	0.009312937732879528	0.0009305812681127401
0.9371893820577794	0.0686293569734603	0.003826270578254437	0.01279006683609471
0.9371893820577794	0.0686293569734603	0.003826270578254437	0.01279006683609471
0.9358542011483442	0.12192654028350629	0.08884985451625627	0.05123080853929357
0.9358542011483442	0.12192654028350629	0.08884985451625627	0.05123080853929357
0.8276501967591018	0.18268084255223743	0.0003778048733341366	0.18539690052898544
0.6383509337283437	0.18268084255223743	0.0003778048733341366	0.18539690052898544
0.6383509337283437	0.18268084255223743	0.0003778048733341366	0.18539690052898544
0.5977166477483172	0.20895942234769754	0.013681070569704773	0.20579288798340548
0.5967027912052802	0.2223457255064004	0.039961788552835664	0.15014801226974644
0.5901828075004448	0.24055927081370876	0.07423392505325568	0.17816639865890116
0.5094243817288335	0.26858669791956896	0.021265595099988308	0.2313448027312573
0.5094243817288335	0.26858669791956896	0.021265595099988308	0.2313448027312573
0.4733910939692394	0.28727833364528754	0.12384365701837828	0.1908357873519982
0.45589420679983406	0.314534555669677	0.13894352895215054	0.22802991039811188
0.42966550567079276	0.3290624786741822	0.2234125418917249	0.2654325386997168
0.42047599938879743	0.340427200427271	0.265784859294762	0.27105043298541714
0.40446836640106193	0.3608715672777905	0.16838591371895406	0.3010892662226827
0.38683470621116306	0.38954216323805335	0.34215554346381116	0.33991282602554995
0.36317059555435555	0.4072816909102574	0.33424778382216597	0.3523733598891746
0.34818054565467055	0.42574708222011964	0.31782733404230173	0.37073065894173496
0.33328383534262757	0.44931451322599714	0.3698880921070961	0.4097200527601986
0.31109256237225824	0.4763837605958006	0.3315659877962223	0.36860606841979016
0.29572461278911844	0.5008838257917275	0.37994813379158116	0.436843477974433
0.287325373028227	0.5361159190143115	0.41620192911889964	0.2153760456956344
0.26046963481033314	0.5563553662998958	0.3244719554112782	0.39666863779377626
0.24397425105700232	0.5796675186232327	0.39225998705554826	0.4167895411789262
0.22209516198569124	0.6053424978593522	0.46823805353201264	0.41717805486067516
0.20843287613491282	0.6272880661270668	0.4887457123789667	0.44164566355233215
0.19013875538253688	0.6583639649347492	0.5402710826981735	0.4510655505845096
0.17136605719494655	0.6913355435811371	0.5698178636386175	0.3843078131764187
0.14960824934266584	0.7236303793272671	0.5506031198897621	0.4436952121754132
0.1318004998255136	0.7590715862591557	0.506852197162984	0.4304750611876518
0.1133711238870449	0.7935355836825064	0.6351221110647188	0.3975106874010291
0.08605720746303043	0.8375240432419139	0.593483924913769	0.46985081387851974
0.06895201519029216	0.8690367312275291	0.6293168423152706	0.490153646513511
0.046083950610378156	0.9112759361815483	0.6320637464876172	0.4606570365667034
0.024554178312529623	0.9574130666515013	0.6435669470645933	0.4241356725886599
1.99594997758022e-06	1.0193019640674172	0.623834533455022	0.61121014713216
