0.8515992440361375	-0.7592047385155569	0.0
0.8515992440361375	-0.7592047385155569	0.0
0.8476954732111337	-0.7537456736213539	0.0
0.8476954732111337	-0.7537456736213539	0.0
0.8465244568691488	-0.7423094668088183	0.0
0.8476954732111337	-0.7537456736213539	0.0
0.8458857050581532	-0.7330338061426497	0.0
0.8444476061105516	-0.7301600143716355	0.0
0.8444476061105516	-0.7301600143716355	0.0
0.8429413256091103	-0.7221899872632702	0.0
0.8414629447026625	-0.7186757065206938	0.0
0.8414629447026625	-0.7186757065206938	0.0
0.840475213814539	-0.7053633023320209	0.0
0.840475213814539	-0.7053633023320209	0.0
0.840475213814539	-0.7053633023320209	0.0
0.840475213814539	-0.7053633023320209	0.0
0.840475213814539	-0.7053633023320209	0.0
0.840475213814539	-0.7053633023320209	0.0
0.8384997520382922	-0.6785067131031215	0.0
0.8384997520382922	-0.6785067131031215	0.0
0.8384997520382922	-0.6705022420020884	0.0
0.8384997520382922	-0.6649942226719072	0.0
0.8384997520382922	-0.6649942226719072	0.0
0.8384997520382922	-0.6649942226719072	0.0
0.8384997520382922	-0.6649942226719072	0.0
0.8368621218793881	-0.6429473082165814	0.0
0.8352592656636635	-0.6350845978580018	0.0
0.8352592656636635	-0.6350845978580018	0.0
0.8338431165056954	-0.6237840372293045	0.0
0.8338431165056954	-0.6237840372293045	0.0
0.8338431165056954	-0.6237840372293045	0.0
0.8338431165056954	-0.6075995138748106	0.0
0.8338431165056954	-0.6023526590349028	0.0
0.8338431165056954	-0.6023526590349028	0.0
0.8338431165056954	-0.6023526590349028	0.0
0.8338431165056954	-0.582929834351425	0.0
0.8317572335134205	-0.5783931705209244	0.0
0.8324416359449497	-0.575263179023887	0.0
0.8307426314627935	-0.563853716402188	0.0
0.8307426314627935	-0.563853716402188	0.0
0.8307426314627935	-0.5560336274551846	0.0
0.8307426314627935	-0.5560336274551846	0.0
0.829373826599735	-0.5376440570707292	0.0
0.8307426314627935	-0.5425658991890991	0.0
0.8307426314627935	-0.5277204535683092	0.0
0.8278051057583101	-0.5166251075987663	0.0
0.8278051057583101	-0.5166251075987663	0.0
0.8278051057583101	-0.5055019092062634	0.0
0.8277191312626977	-0.4998570997940149	0.0
0.8277191312626977	-0.4998570997940149	0.0
0.8266362168736181	-0.4848770227887592	0.0
0.8266362168736181	-0.4848770227887592	0.0
0.8266362168736181	-0.4848770227887592	0.0
0.8266362168736181	-0.4848770227887592	0.0
0.8266362168736181	-0.4848770227887592	0.0
0.8266362168736181	-0.4848770227887592	0.0
0.6522086043121476	-0.442399921941343	0.0
0.6522086043121476	-0.442399921941343	0.0
0.6522086043121476	-0.442399921941343	0.0
0.6522086043121476	-0.442399921941343	0.0
0.6522086043121476	-0.442399921941343	0.0
0.6522086043121476	-0.442399921941343	0.0
0.6522086043121476	-0.442399921941343	0.0
0.6522086043121476	-0.442399921941343	0.0
0.6522086043121476	-0.442399921941343	0.0
0.6522086043121476	-0.442399921941343	0.0
0.6505539089751102	-0.4376397101788367	0.0
0.6472445183010357	-0.4297691071109834	0.0
0.6472445183010357	-0.42394588255709736	0.0
0.6472445183010357	-0.42394588255709736	0.0
0.6472445183010357	-0.42394588255709736	0.0
0.6472445183010357	-0.42394588255709736	0.0
0.6418194857641482	-0.39477489525370535	0.0
0.6418194857641482	-0.39477489525370535	0.0
0.6418194857641482	-0.39477489525370535	0.0
0.6418194857641482	-0.39477489525370535	0.0
0.6418194857641482	-0.39477489525370535	0.0
0.6371439302253801	-0.3542571468795553	0.0
0.6371439302253801	-0.3525033210284039	0.0
0.6371439302253801	-0.34462572713888406	0.0
0.6346803766542768	-0.3310638428031562	0.0
0.6346803766542768	-0.33535184838099796	0.0
0.6346803766542768	-0.32273870895566115	0.0
0.6346803766542768	-0.30890624543372125	0.0
0.6346803766542768	-0.29719405485908873	0.0
0.6346803766542768	-0.2890894909697889	0.0
0.6346803766542768	-0.2890894909697889	0.0
0.6346803766542768	-0.2890894909697889	0.0
0.6346803766542768	-0.2890894909697889	0.0
0.6346803766542768	-0.2890894909697889	0.0
0.6346803766542768	-0.24352417008427427	0.0
0.6346803766542768	-0.24352417008427427	0.0
0.6346803766542768	-0.24352417008427427	0.0
0.6346803766542768	-0.24352417008427427	0.0
0.6346803766542768	-0.24352417008427427	0.0
0.6346803766542768	-0.24352417008427427	0.0
0.6224243484762308	-0.17589664927403548	0.0
0.6224243484762308	-0.17589664927403548	0.0
0.621469168411015	-0.1561155137107724	0.0
0.621469168411015	-0.1561155137107724	0.0
0.621469168411015	-0.1344369794518788	0.0
0.45692878566396	-0.11931317563779384	0.0
0.45692878566396	-0.11931317563779384	0.0
0.45692878566396	-0.11931317563779384	0.0
0.45692878566396	-0.11931317563779384	0.0
0.45692878566396	-0.11931317563779384	0.0
0.45692878566396	-0.11931317563779384	0.0
0.45692878566396	-0.11931317563779384	0.0
0.45692878566396	-0.11931317563779384	0.0
0.45692878566396	-0.11931317563779384	0.0
0.45692878566396	-0.11931317563779384	0.0
0.45692878566396	-0.11931317563779384	0.0
0.45692878566396	-0.11931317563779384	0.0
0.45692878566396	-0.11931317563779384	0.0
0.45692878566396	-0.11931317563779384	0.0
0.45692878566396	-0.11931317563779384	0.0
0.45692878566396	-0.11931317563779384	0.0
0.45692878566396	-0.11931317563779384	0.0
0.44758619549658607	-0.10560786179031842	0.0
0.4474660048764504	-0.10077937857993984	0.0
0.44455496647436377	-0.08287343098362718	0.0
0.44455496647436377	-0.08287343098362718	0.0
0.43896247986266645	-0.060010091122769005	0.0
0.43896247986266645	-0.060010091122769005	0.0
0.440582852564833	-0.06668890868216928	0.0
0.4331142507832246	-0.0234555643428207	0.0
0.43598275788299656	-0.02211745141698476	0.0
0.43243749422311967	-0.00872420289233938	0.0
0.43243749422311967	-0.00872420289233938	0.0
0.42841024772885805	0.03334364929623998	0.0
0.42644868180402085	0.048187585870032856	0.0
0.42644868180402085	0.050524005470259155	0.0
0.42644868180402085	0.050524005470259155	0.0
0.42474633973844894	0.0884995051251826	0.0
0.42071166760447687	0.10533791566892026	0.0
0.42071166760447687	0.10533791566892026	0.0
0.41747092220014376	0.14214577167555295	0.0
0.41747092220014376	0.14214577167555295	0.0
0.41570884619889925	0.17843540211311315	0.0
0.41570884619889925	0.17843540211311315	0.0
0.4131318509429705	0.2139022856210669	0.0
0.25721244841218244	0.24435599982691658	0.0
0.25721244841218244	0.24435599982691658	0.0
0.25721244841218244	0.24435599982691658	0.0
0.25721244841218244	0.24435599982691658	0.0
0.25721244841218244	0.24435599982691658	0.0
0.25721244841218244	0.24435599982691658	0.0
0.25721244841218244	0.24434473446954943	0.0
0.25721244841218244	0.24434473446954943	0.0
0.25721244841218244	0.24434473446954943	0.0
0.25721244841218244	0.24434473446954943	0.0
0.25721244841218244	0.24434473446954943	0.0
0.25721244841218244	0.24434473446954943	0.0
0.25721244841218244	0.24434473446954943	0.0
0.25721244841218244	0.24434473446954943	0.0
0.25721244841218244	0.24434473446954943	0.0
0.25721244841218244	0.24434473446954943	0.0
0.25721244841218244	0.24434473446954943	0.0
0.25721244841218244	0.24434473446954943	0.0
0.2502719524515885	0.2542563509810564	0.0
0.24595894055229223	0.2705019649317849	0.0
0.24270615641638255	0.27969259187643936	0.0
0.24135698942359093	0.2878941162156874	0.0
0.23129501406449623	0.3330486061382882	0.0
0.23129501406449623	0.3330486061382882	0.0
0.23129501406449623	0.35322375364930436	0.0
0.2235236104197384	0.3820243460276008	0.0
0.2235236104197384	0.41025215009544685	0.0
0.2204134119721968	0.42161476821643806	0.0
0.21494178020426888	0.4476518964533704	0.0
0.21129164152258736	0.4822746266454191	0.0
0.20827535548083595	0.5236662236429961	0.0
0.20296542347145496	0.5502303354872518	0.0
0.1996957973515863	0.5623463055174175	0.0
0.1996957973515863	0.6095268926946243	0.0
0.19211949550049623	0.6319080679152993	0.0
0.08978145638164356	0.6836060790270951	0.0
0.08978145638164356	0.6836060790270951	0.0
0.08978145638164356	0.6836060790270951	0.0
0.08978145638164356	0.6836060790270951	0.0
0.08978145638164356	0.6836060790270951	0.0
0.08978145638164356	0.6836060790270951	0.0
0.08978145638164356	0.6836060790270951	0.0
0.08978145638164356	0.6836060790270951	0.0
0.08978145638164356	0.6836060790270951	0.0
0.08978145638164356	0.6836060790270951	0.0
0.08978145638164356	0.6836060790270951	0.0
0.08978145638164356	0.6836060790270951	0.0
0.0806700101406018	0.687830349875504	0.0
0.0681865091834725	0.6991421846583953	0.0
0.0681865091834725	0.6991421846583953	0.0
0.05724324564761663	0.7126422723598231	0.0
0.05334801444615481	0.7558722305086383	0.0
0.04189735190612226	0.8029150666637652	0.0
0.03568700288504078	0.8038698318694959	0.0
0.021461209834604866	0.8535562791379696	0.0
0.021461209834604866	0.8535562791379696	0.0
0.015696724018750843	0.8955217790450607	0.0
0.0	1.0201491455161227	0.0
0.0	1.0411260106863702	0.0
