0.8526940713955429	-0.7576374384669295	0.0
0.8490709203333944	-0.7546127714953651	0.0
0.8487393495961764	-0.7505622731977931	0.0
0.8471703992885817	-0.7484246448328505	0.0
0.8471703992885817	-0.743764715698404	0.0
0.8453285511675765	-0.7373445321292522	0.0
0.8452435362474715	-0.7320829152378607	0.0
0.8436745859398768	-0.7312577151963899	0.0
0.8436745859398768	-0.7238920738482806	0.0
0.8436745859398768	-0.7238920738482806	0.0
0.8419780610571759	-0.7162140032576338	0.0
0.8417302042433653	-0.7102733873952071	0.0
0.8411020844644315	-0.7061422061374593	0.0
0.8405562888376104	-0.6991816641057331	0.0
0.8405562888376104	-0.6991816641057331	0.0
0.8396759923276497	-0.6902383122803103	0.0
0.8396759923276497	-0.6902383122803103	0.0
0.8385820840228546	-0.6826854339995693	0.0
0.837418388222421	-0.6759532138389762	0.0
0.837418388222421	-0.6759532138389762	0.0
0.837418388222421	-0.6759532138389762	0.0
0.837418388222421	-0.6759532138389762	0.0
0.8357042053533847	-0.654021080771715	0.0
0.8357042053533847	-0.654021080771715	0.0
0.8357042053533847	-0.6455346478720645	0.0
0.8340667059026186	-0.6385414221778204	0.0
0.8340667059026186	-0.6385414221778204	0.0
0.8340667059026186	-0.6281498240662361	0.0
0.8336991242376046	-0.6218223873556471	0.0
0.8336991242376046	-0.6205830105097394	0.0
0.8336991242376046	-0.6146358298848157	0.0
0.8336991242376046	-0.6146358298848157	0.0
0.8323169881837519	-0.597927437518149	0.0
0.8323169881837519	-0.5972122210524308	0.0
0.831225321883241	-0.5862754171928409	0.0
0.831225321883241	-0.5862754171928409	0.0
0.831225321883241	-0.5798810117729027	0.0
0.831225321883241	-0.5798810117729027	0.0
0.831225321883241	-0.5798810117729027	0.0
0.831225321883241	-0.5561016125002485	0.0
0.831225321883241	-0.5561016125002485	0.0
0.8290419892822194	-0.5443329523157516	0.0
0.8290419892822194	-0.5443329523157516	0.0
0.8290419892822194	-0.5443329523157516	0.0
0.8280346209152382	-0.5226716373438242	0.0
0.8264355841147075	-0.5158420148826866	0.0
0.8264355841147075	-0.5158420148826866	0.0
0.8262777171745138	-0.5037023763360611	0.0
0.8262777171745138	-0.49677046225687543	0.0
0.8262777171745138	-0.4896498640078998	0.0
0.8262777171745138	-0.4896498640078998	0.0
0.8262777171745138	-0.4896498640078998	0.0
0.8262777171745138	-0.4896498640078998	0.0
0.8262076132816468	-0.4627622606079259	0.0
0.6522870488588726	-0.4561787184801816	0.0
0.6522870488588726	-0.4561787184801816	0.0
0.6522870488588726	-0.4561787184801816	0.0
0.6522870488588726	-0.4561787184801816	0.0
0.6522870488588726	-0.4561787184801816	0.0
0.6522870488588726	-0.4561787184801816	0.0
0.6522870488588726	-0.4561787184801816	0.0
0.6522870488588726	-0.4561787184801816	0.0
0.6522870488588726	-0.4561787184801816	0.0
0.6522870488588726	-0.4561787184801816	0.0
0.6487732413774239	-0.4506944292648692	0.0
0.6487732413774239	-0.44667486868980366	0.0
0.6463253165026357	-0.44056524242144135	0.0
0.6463253165026357	-0.44056524242144135	0.0
0.6463253165026357	-0.42608045510512654	0.0
0.6443276248298733	-0.4173481582573525	0.0
0.6426074132494243	-0.4092147455150376	0.0
0.6405443037726697	-0.40258395428561317	0.0
0.6405443037726697	-0.3951816755219382	0.0
0.6405443037726697	-0.3951816755219382	0.0
0.6405443037726697	-0.3951816755219382	0.0
0.6389798736462134	-0.37446529951948154	0.0
0.6378656738116352	-0.3633317039982798	0.0
0.6376002730405053	-0.3626272214223476	0.0
0.6356424175833515	-0.34746213306799845	0.0
0.6350890896491357	-0.34106882412287143	0.0
0.6350890896491357	-0.34106882412287143	0.0
0.6348454800020729	-0.3279942828596734	0.0
0.6322800346032595	-0.31897854519929975	0.0
0.6322800346032595	-0.31897854519929975	0.0
0.6322800346032595	-0.31897854519929975	0.0
0.6322800346032595	-0.29567459415868236	0.0
0.6322800346032595	-0.29567459415868236	0.0
0.6294709795573834	-0.27212502946334005	0.0
0.6294709795573834	-0.265658565078039	0.0
0.6283867255038414	-0.25325322756415686	0.0
0.6283867255038414	-0.25325322756415686	0.0
0.6283867255038414	-0.25325322756415686	0.0
0.6255552686430758	-0.21992047059979372	0.0
0.6255552686430758	-0.21569461203782989	0.0
0.6255552686430758	-0.21569461203782989	0.0
0.6255552686430758	-0.21569461203782989	0.0
0.6255552686430758	-0.21569461203782989	0.0
0.6223239360698274	-0.1710397564065797	0.0
0.6223239360698274	-0.16367792876362103	0.0
0.6217464030913825	-0.1514741748389003	0.0
0.6217464030913825	-0.1514741748389003	0.0
0.6217464030913825	-0.1514741748389003	0.0
0.45401032831972	-0.11167813335988044	0.0
0.45401032831972	-0.11167813335988044	0.0
0.45401032831972	-0.11167813335988044	0.0
0.45401032831972	-0.11167813335988044	0.0
0.45401032831972	-0.11167813335988044	0.0
0.45401032831972	-0.11167813335988044	0.0
0.45401032831972	-0.11167813335988044	0.0
0.45401032831972	-0.11167813335988044	0.0
0.45401032831972	-0.11167813335988044	0.0
0.45401032831972	-0.11167813335988044	0.0
0.45401032831972	-0.11167813335988044	0.0
0.45401032831972	-0.11167813335988044	0.0
0.45401032831972	-0.11167813335988044	0.0
0.45401032831972	-0.11167813335988044	0.0
0.45401032831972	-0.11167813335988044	0.0
0.45401032831972	-0.11135655363874118	0.0
0.4499663747048871	-0.10449212093223198	0.0
0.4463742332291373	-0.08877283742678627	0.0
0.44619747323079567	-0.0871689023867528	0.0
0.44043625465762637	-0.07526071000418863	0.0
0.44043625465762637	-0.07272630770113116	0.0
0.44043625465762637	-0.07272630770113116	0.0
0.4371310384379654	-0.04211937284034956	0.0
0.43559844241291695	-0.031615863087674695	0.0
0.4337632402358296	-0.01516493232588165	0.0
0.4337632402358296	-0.01516493232588165	0.0
0.4325994273318725	0.0098368069009109	0.0
0.42866147132820737	0.03446626345630753	0.0
0.42866147132820737	0.03446626345630753	0.0
0.4251083025781802	0.05720321005217294	0.0
0.4251083025781802	0.07896554876982129	0.0
0.4251083025781802	0.09695269325032031	0.0
0.4237224852698951	0.10196046536234737	0.0
0.4237224852698951	0.10196046536234737	0.0
0.41845793351296295	0.1419671898840833	0.0
0.41845793351296295	0.15165652250928865	0.0
0.41845793351296295	0.15165652250928865	0.0
0.41845793351296295	0.15165652250928865	0.0
0.4120578178154389	0.21915595291666218	0.0
0.4120578178154389	0.21915595291666218	0.0
0.2643122036391028	0.25917326182082573	0.0
0.2643122036391028	0.25917326182082573	0.0
0.2643122036391028	0.25917326182082573	0.0
0.2643122036391028	0.25917326182082573	0.0
0.2643122036391028	0.25917326182082573	0.0
0.2643122036391028	0.25917326182082573	0.0
0.2643122036391028	0.25917326182082573	0.0
0.2643122036391028	0.25917326182082573	0.0
0.2643122036391028	0.25917326182082573	0.0
0.2643122036391028	0.25917326182082573	0.0
0.2643122036391028	0.25917326182082573	0.0
0.2643122036391028	0.25917326182082573	0.0
0.2643122036391028	0.25917326182082573	0.0
0.2643122036391028	0.25917326182082573	0.0
0.2643122036391028	0.25917326182082573	0.0
0.2643122036391028	0.25917326182082573	0.0
0.2643122036391028	0.25917326182082573	0.0
0.2498805754351435	0.2620024109657059	0.0
0.2498805754351435	0.2620024109657059	0.0
0.24146482895971136	0.29244447899719556	0.0
0.24146482895971136	0.29244447899719556	0.0
0.23702224730350055	0.3195124004478904	0.0
0.2365961055808425	0.33318413366297434	0.0
0.22742002602017175	0.3664376342856416	0.0
0.22597734860747548	0.3758245639332052	0.0
0.2235300277810111	0.4184283656497972	0.0
0.21968339788297392	0.4345494605134286	0.0
0.21094312570184798	0.47575159280256957	0.0
0.21094312570184798	0.47575159280256957	0.0
0.20902449855770683	0.5123933746226494	0.0
0.20554753262308328	0.5358976350489074	0.0
0.20133123876163245	0.6000628347326435	0.0
0.20133123876163245	0.6000628347326435	0.0
0.18976187731329971	0.6548555310687736	0.0
0.08049020085791768	0.6827740501487279	0.0
0.08049020085791768	0.6827740501487279	0.0
0.08049020085791768	0.6827740501487279	0.0
0.08049020085791768	0.6827740501487279	0.0
0.08049020085791768	0.6827740501487279	0.0
0.08049020085791768	0.6827740501487279	0.0
0.08049020085791768	0.6827740501487279	0.0
0.08049020085791768	0.6827740501487279	0.0
0.08049020085791768	0.6827740501487279	0.0
0.08049020085791768	0.6827740501487279	0.0
0.08049020085791768	0.6827740501487279	0.0
0.08049020085791768	0.6827740501487279	0.0
0.08049020085791768	0.6827740501487279	0.0
0.07175722261108157	0.6977576733283753	0.0
0.05887985687302574	0.7228223918076228	0.0
0.05887985687302574	0.7228223918076228	0.0
0.0485722126771574	0.7728894901672534	0.0
0.04390779260138339	0.7933583990234194	0.0
0.03454108409227015	0.7973868923679945	0.0
0.025156797510075185	0.8412719271278267	0.0
0.025156797510075185	0.853287886566516	0.0
0.012661820496244279	0.9491397507742907	0.0
0.0	1.0421858458368614	0.0
0.0	1.0928883162101386	0.0
