0.8505547224698954	-0.7702069663614742	0.0
0.8505547224698954	-0.7702069663614742	0.0
0.8505547224698954	-0.7702069663614742	0.0
0.8505547224698954	-0.7702069663614742	0.0
0.8505547224698954	-0.7702069663614742	0.0
0.8468186750150407	-0.7511787804422317	0.0
0.8468186750150407	-0.7511787804422317	0.0
0.8443580789505557	-0.7437159431830921	0.0
0.8445340878309573	-0.7358817967898739	0.0
0.8436243233758849	-0.7339603722737558	0.0
0.8436243233758849	-0.7339603722737558	0.0
0.8424976609178232	-0.724153463626513	0.0
0.8421047540344322	-0.7204767029891004	0.0
0.8421047540344322	-0.7204767029891004	0.0
0.8421047540344322	-0.7204767029891004	0.0
0.8415343471598364	-0.7032393704334262	0.0
0.8415343471598364	-0.7032393704334262	0.0
0.8397581375672614	-0.6954007055556701	0.0
0.8397581375672614	-0.6886231506886543	0.0
0.8389861308552609	-0.6853688269774337	0.0
0.8381215210649091	-0.6776599716220132	0.0
0.8375981042021852	-0.6720201145826015	0.0
0.8375981042021852	-0.6720201145826015	0.0
0.8363923014842057	-0.661310320389619	0.0
0.8363923014842057	-0.6584187878002441	0.0
0.8363923014842057	-0.6584187878002441	0.0
0.8363923014842057	-0.6584187878002441	0.0
0.8363923014842057	-0.6584187878002441	0.0
0.8363923014842057	-0.6584187878002441	0.0
0.8363923014842057	-0.6584187878002441	0.0
0.8363923014842057	-0.6584187878002441	0.0
0.832933862322799	-0.6180654390836502	0.0
0.8346630819035024	-0.6193597488972692	0.0
0.832933862322799	-0.6055892631913689	0.0
0.832933862322799	-0.6055892631913689	0.0
0.832933862322799	-0.5951192548828654	0.0
0.832933862322799	-0.5951192548828654	0.0
0.832933862322799	-0.5951192548828654	0.0
0.832933862322799	-0.5951192548828654	0.0
0.832933862322799	-0.5733905367185093	0.0
0.832933862322799	-0.5733905367185093	0.0
0.832933862322799	-0.5733905367185093	0.0
0.8294754231613922	-0.5500703096308327	0.0
0.8294754231613922	-0.5500703096308327	0.0
0.8294754231613922	-0.5500703096308327	0.0
0.8294754231613922	-0.5334282767547067	0.0
0.8294754231613922	-0.5506252449215887	0.0
0.8294754231613922	-0.5506252449215887	0.0
0.8294754231613922	-0.5506252449215887	0.0
0.8294754231613922	-0.5506252449215887	0.0
0.8294754231613922	-0.5506252449215887	0.0
0.8294754231613922	-0.5506252449215887	0.0
0.8294754231613922	-0.5506252449215887	0.0
0.8294754231613922	-0.5506252449215887	0.0
0.8294754231613922	-0.5506252449215887	0.0
0.8294754231613922	-0.5506252449215887	0.0
0.6544434541544407	-0.4483380307336058	0.0
0.6544434541544407	-0.4483380307336058	0.0
0.6544434541544407	-0.4483380307336058	0.0
0.6544434541544407	-0.4483380307336058	0.0
0.6544434541544407	-0.4483380307336058	0.0
0.6544434541544407	-0.4483380307336058	0.0
0.6544434541544407	-0.4483380307336058	0.0
0.6544434541544407	-0.4483380307336058	0.0
0.6544434541544407	-0.4483380307336058	0.0
0.6544434541544407	-0.4483380307336058	0.0
0.6544434541544407	-0.4483380307336058	0.0
0.6544434541544407	-0.4483380307336058	0.0
0.6464921311093667	-0.4332844617050964	0.0
0.6464921311093667	-0.4332844617050964	0.0
0.6464921311093667	-0.4332844617050964	0.0
0.6421128948144897	-0.4136025536259712	0.0
0.6464921311093667	-0.4332844617050964	0.0
0.6464921311093667	-0.4332844617050964	0.0
0.6407029701142659	-0.3875005822370495	0.0
0.6407029701142659	-0.3875005822370495	0.0
0.6407029701142659	-0.3875005822370495	0.0
0.6380269936436253	-0.3662691183777942	0.0
0.6366140223536194	-0.36220137230552363	0.0
0.6366140223536194	-0.36220137230552363	0.0
0.6380269936436253	-0.3662691183777942	0.0
0.6349760052909632	-0.33306357541434967	0.0
0.6343496888059255	-0.3274735878157336	0.0
0.6343496888059255	-0.3274735878157336	0.0
0.63154544389453	-0.3097855864485878	0.0
0.6337906488953113	-0.30574723435836926	0.0
0.6337906488953113	-0.30574723435836926	0.0
0.6301548393950592	-0.28617050751688816	0.0
0.6337906488953113	-0.30574723435836926	0.0
0.6337906488953113	-0.30574723435836926	0.0
0.6274343211225005	-0.2530786624636598	0.0
0.6270553165641413	-0.2512126351711198	0.0
0.6270553165641413	-0.2512126351711198	0.0
0.6270553165641413	-0.2512126351711198	0.0
0.624511510858991	-0.21195924636649338	0.0
0.624511510858991	-0.20812326599758119	0.0
0.624511510858991	-0.20812326599758119	0.0
0.624511510858991	-0.20812326599758119	0.0
0.621733918935855	-0.1688920311235071	0.0
0.621733918935855	-0.1565515704875506	0.0
0.621733918935855	-0.1565515704875506	0.0
0.620228809562863	-0.14207352167195586	0.0
0.4540319912833676	-0.12197766934102516	0.0
0.4540319912833676	-0.12197766934102516	0.0
0.4540319912833676	-0.12197766934102516	0.0
0.4540319912833676	-0.12197766934102516	0.0
0.4540319912833676	-0.12197766934102516	0.0
0.4540319912833676	-0.12197766934102516	0.0
0.4540319912833676	-0.12197766934102516	0.0
0.4540319912833676	-0.12197766934102516	0.0
0.4540319912833676	-0.12197766934102516	0.0
0.4540319912833676	-0.12197766934102516	0.0
0.4540319912833676	-0.12197766934102516	0.0
0.4540319912833676	-0.12197766934102516	0.0
0.4540319912833676	-0.12197766934102516	0.0
0.4540319912833676	-0.12197766934102516	0.0
0.4540319912833676	-0.12197766934102516	0.0
0.4540319912833676	-0.12197766934102516	0.0
0.4540319912833676	-0.11498037717752915	0.0
0.44458369472365034	-0.09542745057606608	0.0
0.44312651150685745	-0.08833680200181032	0.0
0.44312651150685745	-0.08833680200181032	0.0
0.44312651150685745	-0.08833680200181032	0.0
0.438579986845821	-0.05523742024664428	0.0
0.43481060000878047	-0.04041353726638634	0.0
0.43481060000878047	-0.02977921689021127	0.0
0.4345273394765672	-0.02198026354079881	0.0
0.4345273394765672	-0.02198026354079881	0.0
0.43017421069256223	0.00942567496715199	0.0
0.4285907398495581	0.017585181982607466	0.0
0.4285907398495581	0.017585181982607466	0.0
0.42743330730931145	0.04154693460249293	0.0
0.42743330730931145	0.04154693460249293	0.0
0.4248602138001861	0.08987367889416856	0.0
0.4248602138001861	0.08987367889416856	0.0
0.4248602138001861	0.08987367889416856	0.0
0.4196024033226659	0.13313018311273586	0.0
0.41691758460220296	0.15367615131332907	0.0
0.41691758460220296	0.16814526403196053	0.0
0.41691758460220296	0.16814526403196053	0.0
0.41691758460220296	0.16814526403196053	0.0
0.41691758460220296	0.16814526403196053	0.0
0.26440116945529885	0.24823101296064198	0.0
0.26440116945529885	0.24823101296064198	0.0
0.26440116945529885	0.24823101296064198	0.0
0.26440116945529885	0.24823101296064198	0.0
0.26440116945529885	0.24823101296064198	0.0
0.26440116945529885	0.24823101296064198	0.0
0.26440116945529885	0.24823101296064198	0.0
0.26440116945529885	0.24823101296064198	0.0
0.26440116945529885	0.24823101296064198	0.0
0.26440116945529885	0.24823101296064198	0.0
0.26440116945529885	0.24823101296064198	0.0
0.26440116945529885	0.24823101296064198	0.0
0.26440116945529885	0.24823101296064198	0.0
0.26440116945529885	0.24823101296064198	0.0
0.26440116945529885	0.24823101296064198	0.0
0.26440116945529885	0.24823101296064198	0.0
0.2538921975961221	0.24857270599737966	0.0
0.2538921975961221	0.24857270599737966	0.0
0.24905297658577402	0.2547310026852405	0.0
0.24359844321615867	0.27449373965911544	0.0
0.23725308024978883	0.30084491997326507	0.0
0.2359158016455322	0.3010918046386397	0.0
0.23392000119546255	0.3239037205609227	0.0
0.2283799651353844	0.35397586421340976	0.0
0.2283799651353844	0.3641991254159827	0.0
0.22225346561371295	0.39516882818616184	0.0
0.2181427180617748	0.42447691530504345	0.0
0.21404821925276357	0.45137928714058195	0.0
0.21375158305464026	0.45624684078244987	0.0
0.20582242680552296	0.5123179497432808	0.0
0.20373190756469575	0.52948316167873	0.0
0.19927256064271814	0.5587143630805343	0.0
0.19663037398597036	0.6082964224980076	0.0
0.18904954730313672	0.6330842172786654	0.0
0.18532009805788646	0.6549458000202966	0.0
0.08259175509367415	0.6698624254112341	0.0
0.08259175509367415	0.6698624254112341	0.0
0.08259175509367415	0.6698624254112341	0.0
0.08259175509367415	0.6698624254112341	0.0
0.08259175509367415	0.6698624254112341	0.0
0.08259175509367415	0.6698624254112341	0.0
0.08259175509367415	0.6698624254112341	0.0
0.08259175509367415	0.6698624254112341	0.0
0.08259175509367415	0.6698624254112341	0.0
0.08259175509367415	0.6698624254112341	0.0
0.08259175509367415	0.6698624254112341	0.0
0.08259175509367415	0.6698624254112341	0.0
0.07498302175616361	0.6843587715301288	0.0
0.0658524434903865	0.6934148502795577	0.0
0.05711424293044025	0.7144808022759824	0.0
0.0526854186168874	0.7445515462358361	0.0
0.046018834852724594	0.7526739328604015	0.0
0.038856749122745504	0.7730972564065617	0.0
0.023828018697293285	0.8294194163866143	0.0
0.023828018697293285	0.8294194163866143	0.0
0.010504744911388607	0.9107774035386558	0.0
0.004990980275463741	0.9330151015330579	0.0
0.0	1.016239202772101	0.0
