0.8546637661053009	-0.7576862607346546	0.0
0.8498252894643271	-0.7557840009200006	0.0
0.847969694610706	-0.7518386864584691	0.0
0.847969694610706	-0.7518386864584691	0.0
0.8454106048619654	-0.7410882367537233	0.0
0.8454106048619654	-0.73592234323579	0.0
0.8454106048619654	-0.73592234323579	0.0
0.8441468213957571	-0.7289472593445999	0.0
0.8434290433114842	-0.7247997042412754	0.0
0.8434290433114842	-0.7197276326285751	0.0
0.8416994151547232	-0.7146688314058709	0.0
0.8416994151547232	-0.7146688314058709	0.0
0.8416994151547232	-0.7062650612708142	0.0
0.8416994151547232	-0.7062650612708142	0.0
0.8416994151547232	-0.7062650612708142	0.0
0.8394926102059002	-0.6907145597904735	0.0
0.8394926102059002	-0.6907145597904735	0.0
0.8394926102059002	-0.6907145597904735	0.0
0.8382401588412013	-0.6774318723328239	0.0
0.8382401588412013	-0.6725439717576813	0.0
0.8368624187657658	-0.6674200785797686	0.0
0.8368046026726554	-0.6615855745476853	0.0
0.8368046026726554	-0.6559785133619644	0.0
0.8365812356572419	-0.6504013394673521	0.0
0.8358629082959992	-0.6448648905886999	0.0
0.8358629082959992	-0.6448648905886999	0.0
0.8358629082959992	-0.6448648905886999	0.0
0.8350758433976108	-0.6277607919210522	0.0
0.8343575160363681	-0.6238845171097777	0.0
0.8343575160363681	-0.6157056597750168	0.0
0.8343575160363681	-0.6157056597750168	0.0
0.8343575160363681	-0.6157056597750168	0.0
0.8321903875584995	-0.601635461457108	0.0
0.8321903875584995	-0.601635461457108	0.0
0.8321903875584995	-0.5890060946319139	0.0
0.8321903875584995	-0.5844763809906005	0.0
0.8315401804764557	-0.576561858014414	0.0
0.8315401804764557	-0.5698596576490454	0.0
0.8315401804764557	-0.5698596576490454	0.0
0.8315401804764557	-0.5698596576490454	0.0
0.8307537328360142	-0.5527964204052349	0.0
0.8307537328360142	-0.542569029838307	0.0
0.8307537328360142	-0.542569029838307	0.0
0.8307537328360142	-0.542569029838307	0.0
0.8278561306027624	-0.5235640558376335	0.0
0.8278561306027624	-0.5223145641857102	0.0
0.8278561306027624	-0.5223145641857102	0.0
0.8270233235714809	-0.5037638718802774	0.0
0.8270233235714809	-0.501734489003918	0.0
0.8270233235714809	-0.4924155687088608	0.0
0.8260007265760028	-0.48192996384384096	0.0
0.8260007265760028	-0.48192996384384096	0.0
0.8260007265760028	-0.4694497590803811	0.0
0.8252606383264013	-0.4590476793649098	0.0
0.8244278312951198	-0.45451442469511866	0.0
0.8244278312951198	-0.44438289774375045	0.0
0.6516636537272409	-0.4419987120683948	0.0
0.6516636537272409	-0.4419987120683948	0.0
0.6516636537272409	-0.4419987120683948	0.0
0.6516636537272409	-0.4419987120683948	0.0
0.6516636537272409	-0.4419987120683948	0.0
0.6516636537272409	-0.4419987120683948	0.0
0.6516636537272409	-0.4419987120683948	0.0
0.6516636537272409	-0.4419987120683948	0.0
0.6516636537272409	-0.4419987120683948	0.0
0.6516636537272409	-0.4419987120683948	0.0
0.6511535079400295	-0.4413985794132871	0.0
0.648517863165475	-0.42944294229239	0.0
0.648517863165475	-0.42944294229239	0.0
0.6440308135363542	-0.4180545093202136	0.0
0.64342017399717	-0.4135611961591099	0.0
0.64342017399717	-0.4135611961591099	0.0
0.64342017399717	-0.4135611961591099	0.0
0.6413951687617997	-0.39161965628508777	0.0
0.6384184218077961	-0.3829586127865201	0.0
0.6384184218077961	-0.3769769189470737	0.0
0.6384184218077961	-0.3769769189470737	0.0
0.6384184218077961	-0.3769769189470737	0.0
0.635117572437193	-0.35013304513480603	0.0
0.635117572437193	-0.35013304513480603	0.0
0.635117572437193	-0.3316539951834115	0.0
0.635117572437193	-0.3316539951834115	0.0
0.635117572437193	-0.3316539951834115	0.0
0.6328393095787387	-0.30663141877769984	0.0
0.6328393095787387	-0.30663141877769984	0.0
0.6328393095787387	-0.30663141877769984	0.0
0.629846282888084	-0.2793330687573674	0.0
0.6294849625328754	-0.27210582331738004	0.0
0.6294849625328754	-0.27210582331738004	0.0
0.6294849625328754	-0.2566671810183252	0.0
0.6294849625328754	-0.2566671810183252	0.0
0.6294849625328754	-0.2566671810183252	0.0
0.6252163372142651	-0.23116356694618587	0.0
0.6252163372142651	-0.23116356694618587	0.0
0.6252163372142651	-0.23116356694618587	0.0
0.6238602295067746	-0.19368261867975217	0.0
0.6238602295067746	-0.1798606495130741	0.0
0.6238602295067746	-0.1798606495130741	0.0
0.6238602295067746	-0.16090134795860106	0.0
0.6211480140917935	-0.14792604394289988	0.0
0.6211480140917935	-0.13821380278788142	0.0
0.45256402342079116	-0.1218735040877133	0.0
0.45256402342079116	-0.1218735040877133	0.0
0.45256402342079116	-0.1218735040877133	0.0
0.45256402342079116	-0.1218735040877133	0.0
0.45256402342079116	-0.1218735040877133	0.0
0.45256402342079116	-0.1218735040877133	0.0
0.45256402342079116	-0.1218735040877133	0.0
0.45256402342079116	-0.1218735040877133	0.0
0.45256402342079116	-0.1218735040877133	0.0
0.45256402342079116	-0.1218735040877133	0.0
0.45256402342079116	-0.1218735040877133	0.0
0.45256402342079116	-0.1218735040877133	0.0
0.45256402342079116	-0.1218735040877133	0.0
0.45256402342079116	-0.1218735040877133	0.0
0.45256402342079116	-0.1218735040877133	0.0
0.45256402342079116	-0.1218735040877133	0.0
0.45256402342079116	-0.1213749519136348	0.0
0.4453922282089238	-0.10164014099697237	0.0
0.4453922282089238	-0.0966060580943102	0.0
0.44378293382344386	-0.0847369622987173	0.0
0.4394073790487115	-0.07461027318330599	0.0
0.4394073790487115	-0.06232297993231912	0.0
0.43761915368632476	-0.05304553137027467	0.0
0.4346260444063582	-0.037492937297067416	0.0
0.4346260444063582	-0.02773692855538099	0.0
0.4345904274983884	-0.007982953504149837	0.0
0.4315973182184219	0.0008810092608912865	0.0
0.4315973182184219	0.00856221463479408	0.0
0.43004098243793987	0.03336759585670756	0.0
0.42753905246261614	0.04198484848532091	0.0
0.4259111949256605	0.048078562113610175	0.0
0.4258232711693023	0.0771576178670829	0.0
0.4258232711693023	0.0771576178670829	0.0
0.41992497636572745	0.11788987131381812	0.0
0.41992497636572745	0.11835296263750646	0.0
0.41992497636572745	0.1370551117844907	0.0
0.41992497636572745	0.1370551117844907	0.0
0.41685330756973893	0.18017755823421877	0.0
0.4135975924958276	0.19987261020660735	0.0
0.4135975924958276	0.19987261020660735	0.0
0.4135975924958276	0.19987261020660735	0.0
0.2598769786634108	0.24983431490394237	0.0
0.2598769786634108	0.24983431490394237	0.0
0.2598769786634108	0.24983431490394237	0.0
0.2598769786634108	0.24983431490394237	0.0
0.2598769786634108	0.24983431490394237	0.0
0.2598769786634108	0.24983431490394237	0.0
0.2598769786634108	0.24983431490394237	0.0
0.2598769786634108	0.24983431490394237	0.0
0.2598769786634108	0.24983431490394237	0.0
0.2598769786634108	0.24983431490394237	0.0
0.2598769786634108	0.24983431490394237	0.0
0.2598769786634108	0.24983431490394237	0.0
0.2598769786634108	0.24983431490394237	0.0
0.2598769786634108	0.24983431490394237	0.0
0.2598769786634108	0.24983431490394237	0.0
0.2598769786634108	0.24983431490394237	0.0
0.2598769786634108	0.24983431490394237	0.0
0.25096338421663283	0.25623601874131224	0.0
0.2476662943903621	0.26855221343341007	0.0
0.24200397527691575	0.2871623419897333	0.0
0.24200397527691575	0.2871623419897333	0.0
0.24067711472934308	0.31754083809152095	0.0
0.23020395043188727	0.3522821174787837	0.0
0.23020395043188727	0.3577386175521775	0.0
0.22552170912157732	0.38165916491341556	0.0
0.2222479650583149	0.40605284968075056	0.0
0.21849116534745514	0.4373528855495851	0.0
0.2133153505969623	0.45885406489380465	0.0
0.2133153505969623	0.4635332620714182	0.0
0.20919150640011497	0.5059881175581378	0.0
0.20305970599154705	0.5527165472532456	0.0
0.20305970599154705	0.5882822526520513	0.0
0.19694854452655458	0.6009771035236753	0.0
0.1888794344745629	0.6547202596356912	0.0
0.08853812348546786	0.6774104813886734	0.0
0.08853812348546786	0.6774104813886734	0.0
0.08853812348546786	0.6774104813886734	0.0
0.08853812348546786	0.6774104813886734	0.0
0.08853812348546786	0.6774104813886734	0.0
0.08853812348546786	0.6774104813886734	0.0
0.08853812348546786	0.6774104813886734	0.0
0.08853812348546786	0.6774104813886734	0.0
0.08853812348546786	0.6774104813886734	0.0
0.08853812348546786	0.6774104813886734	0.0
0.08853812348546786	0.6774104813886734	0.0
0.08853812348546786	0.6774104813886734	0.0
0.08421839139532049	0.6806547251316841	0.0
0.07430684677730305	0.684768773534578	0.0
0.0680696242862962	0.6952448962384667	0.0
0.059253414990126416	0.7119103164100602	0.0
0.04944342245667194	0.7477199652136924	0.0
0.04749533051329785	0.7834764055520473	0.0
0.029195619450355974	0.8100603934412497	0.0
0.029195619450355974	0.8100603934412497	0.0
0.020085936279789884	0.85623594896236	0.0
0.01625916129866667	0.8808235903424269	0.0
0.0	1.0250323568158497	0.0
0.0	1.0265519434166406	0.0
