0.8512200026176393	-0.7335301912824498	0.0
0.8512200026176393	-0.7335301912824498	0.0
0.8512200026176393	-0.7321535044539509	0.0
0.8512200026176393	-0.7287990567149885	0.0
0.8512200026176393	-0.7287990567149885	0.0
0.84648156269621	-0.7180656263027826	0.0
0.84648156269621	-0.7180656263027826	0.0
0.84648156269621	-0.7180656263027826	0.0
0.84648156269621	-0.7180656263027826	0.0
0.842811549611528	-0.7002805328401411	0.0
0.8411865078686653	-0.6946378129344347	0.0
0.8411865078686653	-0.6946378129344347	0.0
0.8403845105373005	-0.6854063463508491	0.0
0.8403845105373005	-0.6854063463508491	0.0
0.8403845105373005	-0.6854063463508491	0.0
0.8403845105373005	-0.6716244901124112	0.0
0.8395989343738725	-0.6656733609317461	0.0
0.8395989343738725	-0.6656733609317461	0.0
0.8403845105373005	-0.6716244901124112	0.0
0.837134427051575	-0.6525815863091953	0.0
0.837134427051575	-0.6525815863091953	0.0
0.837134427051575	-0.6525815863091953	0.0
0.837134427051575	-0.6351502031471452	0.0
0.837134427051575	-0.6328861539240093	0.0
0.837134427051575	-0.6328861539240093	0.0
0.837134427051575	-0.6328861539240093	0.0
0.837134427051575	-0.6328861539240093	0.0
0.8349566156173747	-0.6082124955370143	0.0
0.8339592800619893	-0.6037765935480071	0.0
0.8339592800619893	-0.5997245786333144	0.0
0.8339592800619893	-0.5946433876717516	0.0
0.8339592800619893	-0.5946433876717516	0.0
0.8339592800619893	-0.5946433876717516	0.0
0.8319646089512185	-0.5735922106414294	0.0
0.8319646089512185	-0.5684789638590741	0.0
0.8319646089512185	-0.5628438216080086	0.0
0.8319646089512185	-0.5628438216080086	0.0
0.8319646089512185	-0.5628438216080086	0.0
0.8306131971785321	-0.5444237483790775	0.0
0.8306131971785321	-0.5444237483790775	0.0
0.8306131971785321	-0.5444237483790775	0.0
0.8306131971785321	-0.5444237483790775	0.0
0.8306131971785321	-0.5444237483790775	0.0
0.8273085773847177	-0.5147872371933657	0.0
0.8273085773847177	-0.5147872371933657	0.0
0.8273085773847177	-0.5038731477238174	0.0
0.8273085773847177	-0.4953921099446507	0.0
0.8273085773847177	-0.4953921099446507	0.0
0.8273085773847177	-0.4953921099446507	0.0
0.8273085773847177	-0.47052928859530796	0.0
0.8273085773847177	-0.47052928859530796	0.0
0.8273085773847177	-0.47052928859530796	0.0
0.8273085773847177	-0.47052928859530796	0.0
0.8273085773847177	-0.47052928859530796	0.0
0.65035649707346	-0.4377478647039734	0.0
0.65035649707346	-0.4377478647039734	0.0
0.65035649707346	-0.4377478647039734	0.0
0.65035649707346	-0.4377478647039734	0.0
0.65035649707346	-0.4377478647039734	0.0
0.65035649707346	-0.4377478647039734	0.0
0.65035649707346	-0.4377478647039734	0.0
0.65035649707346	-0.4377478647039734	0.0
0.65035649707346	-0.4377478647039734	0.0
0.65035649707346	-0.4377478647039734	0.0
0.65035649707346	-0.43501528074741336	0.0
0.6487382267742324	-0.426899346413961	0.0
0.6487382267742324	-0.4191132001006261	0.0
0.6447461513147493	-0.4132400589757677	0.0
0.6447461513147493	-0.4132400589757677	0.0
0.6447461513147493	-0.4132400589757677	0.0
0.6421734474078049	-0.3957498626853742	0.0
0.6408253999362666	-0.3865933692144356	0.0
0.639257014236768	-0.377645359659297	0.0
0.639257014236768	-0.377645359659297	0.0
0.639257014236768	-0.377645359659297	0.0
0.6372483778218765	-0.35373997372692373	0.0
0.6372483778218765	-0.35373997372692373	0.0
0.6341745193103865	-0.3375874351039098	0.0
0.6341745193103865	-0.3375874351039098	0.0
0.6329524407355476	-0.3220184197717255	0.0
0.6314155114798026	-0.3152385427421636	0.0
0.6314155114798026	-0.3152385427421636	0.0
0.6314155114798026	-0.3020787765719703	0.0
0.6314155114798026	-0.3020787765719703	0.0
0.6314155114798026	-0.3020787765719703	0.0
0.6314155114798026	-0.3020787765719703	0.0
0.6280268022874065	-0.2622520078884115	0.0
0.6280268022874065	-0.2622520078884115	0.0
0.6280268022874065	-0.24494929173840818	0.0
0.6255826451377285	-0.23725103363567399	0.0
0.6255826451377285	-0.23725103363567399	0.0
0.6255826451377285	-0.23725103363567399	0.0
0.6255826451377285	-0.23352900693016743	0.0
0.6255826451377285	-0.23352900693016743	0.0
0.6255826451377285	-0.23352900693016743	0.0
0.6255826451377285	-0.23352900693016743	0.0
0.6224029099422931	-0.15970966686874213	0.0
0.6224029099422931	-0.15970966686874213	0.0
0.6224029099422931	-0.15970966686874213	0.0
0.6206943308383728	-0.1346739235036154	0.0
0.4536359487592577	-0.12141766229054247	0.0
0.4536359487592577	-0.12141766229054247	0.0
0.4536359487592577	-0.12141766229054247	0.0
0.4536359487592577	-0.12141766229054247	0.0
0.4536359487592577	-0.12141766229054247	0.0
0.4536359487592577	-0.12141766229054247	0.0
0.4536359487592577	-0.12141766229054247	0.0
0.4536359487592577	-0.12141766229054247	0.0
0.4536359487592577	-0.12141766229054247	0.0
0.4536359487592577	-0.12141766229054247	0.0
0.4536359487592577	-0.12141766229054247	0.0
0.4536359487592577	-0.12141766229054247	0.0
0.4536359487592577	-0.12141766229054247	0.0
0.4536359487592577	-0.12141766229054247	0.0
0.4536359487592577	-0.12141766229054247	0.0
0.453283016987329	-0.12038098305529937	0.0
0.453283016987329	-0.12038098305529937	0.0
0.4460278503056595	-0.10234836390083152	0.0
0.4423866450059152	-0.09052332871443304	0.0
0.4423866450059152	-0.08696401171630679	0.0
0.440210778668019	-0.06887672123381766	0.0
0.43841508500750415	-0.05547471603931027	0.0
0.43671691742520324	-0.05131960969734201	0.0
0.43428448999704333	-0.03221687272109493	0.0
0.43428448999704333	-0.03221687272109493	0.0
0.4333538526777809	-0.014507221456259505	0.0
0.4333538526777809	0.0008616341501265207	0.0
0.4333538526777809	0.0008616341501265207	0.0
0.4276345002880827	0.030870542988912383	0.0
0.4276345002880827	0.046102832700454045	0.0
0.42463397000081315	0.05735638755318731	0.0
0.4241713817797796	0.07700106683148873	0.0
0.4241713817797796	0.09078016930062058	0.0
0.4241713817797796	0.09078016930062058	0.0
0.4241713817797796	0.09078016930062058	0.0
0.41687358109068245	0.14757033404577322	0.0
0.4156626242361309	0.16180039905814986	0.0
0.4156626242361309	0.16724109617048158	0.0
0.4156626242361309	0.16724109617048158	0.0
0.41245450581849114	0.20641296998825387	0.0
0.41245450581849114	0.20641296998825387	0.0
0.2566590884732085	0.24533991887385975	0.0
0.2566590884732085	0.24533991887385975	0.0
0.2566590884732085	0.24533991887385975	0.0
0.2566590884732085	0.24533991887385975	0.0
0.2566590884732085	0.24533991887385975	0.0
0.2566590884732085	0.24533991887385975	0.0
0.2566590884732085	0.24533991887385975	0.0
0.2566590884732085	0.24533991887385975	0.0
0.2566590884732085	0.24533991887385975	0.0
0.2566590884732085	0.24533991887385975	0.0
0.2566590884732085	0.24533991887385975	0.0
0.2566590884732085	0.24533991887385975	0.0
0.2566590884732085	0.24533991887385975	0.0
0.2566590884732085	0.24533991887385975	0.0
0.2566590884732085	0.24533991887385975	0.0
0.2566590884732085	0.24533991887385975	0.0
0.2566590884732085	0.24695360633681554	0.0
0.2566590884732085	0.2482315716405669	0.0
0.24811921437648693	0.26515823512281395	0.0
0.2419178345952933	0.2874654028771215	0.0
0.2419178345952933	0.29257750856272197	0.0
0.23671897483697238	0.3047770126723463	0.0
0.23338309961878995	0.3248793403426998	0.0
0.23282379508148732	0.32856635134038453	0.0
0.2257724334876704	0.3743480226023744	0.0
0.2257724334876704	0.3920472688047599	0.0
0.2188876339534635	0.41099199588217583	0.0
0.21760135205232198	0.4307090779049162	0.0
0.21675672789457567	0.4383986980628958	0.0
0.20981099254135185	0.5035550022909348	0.0
0.20312140284017438	0.537880936440111	0.0
0.20109397181301744	0.5550103665830317	0.0
0.19933749847611926	0.5595616033953392	0.0
0.19609821053582133	0.6011254800352922	0.0
0.1874403927311779	0.6529301415666381	0.0
0.08343206441174532	0.6696621900540823	0.0
0.08343206441174532	0.6696621900540823	0.0
0.08343206441174532	0.6696621900540823	0.0
0.08343206441174532	0.6696621900540823	0.0
0.08343206441174532	0.6696621900540823	0.0
0.08343206441174532	0.6696621900540823	0.0
0.08343206441174532	0.6696621900540823	0.0
0.08343206441174532	0.6696621900540823	0.0
0.08343206441174532	0.6696621900540823	0.0
0.08343206441174532	0.6696621900540823	0.0
0.08343206441174532	0.6696621900540823	0.0
0.08343206441174532	0.6696621900540823	0.0
0.08179523569692194	0.6697299009012752	0.0
0.07180371314252973	0.6764309545322598	0.0
0.06163901921185348	0.6949467256769226	0.0
0.05958865499823077	0.7048081873065489	0.0
0.05403092049410119	0.724170436217815	0.0
0.04211502969423664	0.7597713686747988	0.0
0.032946584080051834	0.8051619381041754	0.0
0.029227933474517923	0.8063579735020578	0.0
0.01942380428475908	0.858311076332072	0.0
0.012658994581716945	0.8872782647741037	0.0
0.0	1.002725123672043	0.0
0.0	1.002725123672043	0.0
