0.8495824051482139	-0.7578046573546613	0.0
0.8495824051482139	-0.7572387485164823	0.0
0.8495824051482139	-0.7572387485164823	0.0
0.8495824051482139	-0.7572387485164823	0.0
0.8456836213668697	-0.7423174102966975	0.0
0.8456836213668697	-0.7423174102966975	0.0
0.8447821709448615	-0.7338844131181912	0.0
0.8447821709448615	-0.7314515865277452	0.0
0.8447821709448615	-0.7314515865277452	0.0
0.8447821709448615	-0.7314515865277452	0.0
0.8429792701008452	-0.7141000683596528	0.0
0.8417005510829374	-0.7111436394969184	0.0
0.841561001719799	-0.7068753713148346	0.0
0.8413933728857583	-0.7036059826815061	0.0
0.8413933728857583	-0.6977288277593571	0.0
0.8393862763710758	-0.6920286487464243	0.0
0.8393862763710758	-0.6920286487464243	0.0
0.8393862763710758	-0.6920286487464243	0.0
0.8378673386243738	-0.6744838283816863	0.0
0.8378673386243738	-0.6744838283816863	0.0
0.837062032796638	-0.6725887614663522	0.0
0.837062032796638	-0.6602936603147188	0.0
0.837062032796638	-0.6602936603147188	0.0
0.8361940182809198	-0.6484954866187603	0.0
0.8361940182809198	-0.6484954866187603	0.0
0.8347577269473524	-0.6389272052221361	0.0
0.8347577269473524	-0.6389272052221361	0.0
0.8347577269473524	-0.6275894099776014	0.0
0.8331464140454408	-0.6231351496324166	0.0
0.8331464140454408	-0.6231351496324166	0.0
0.8327125820991916	-0.6142321637300175	0.0
0.8327125820991916	-0.6142321637300175	0.0
0.8318445675834734	-0.5989259439605099	0.0
0.8318445675834734	-0.598129593363133	0.0
0.8318445675834734	-0.5904915614322083	0.0
0.8318445675834734	-0.5904915614322083	0.0
0.8305430717447262	-0.5763192206188706	0.0
0.8305430717447262	-0.5685563279924838	0.0
0.8305430717447262	-0.5685563279924838	0.0
0.8288070427132895	-0.5561003984023829	0.0
0.829675407852228	-0.5493847386542713	0.0
0.8288070427132895	-0.5473199356802171	0.0
0.8288070427132895	-0.5473199356802171	0.0
0.8279393788207914	-0.5345326139705168	0.0
0.8279393788207914	-0.5345326139705168	0.0
0.8279393788207914	-0.5345326139705168	0.0
0.8279393788207914	-0.5345326139705168	0.0
0.8262040510357951	-0.5043094363794381	0.0
0.8262040510357951	-0.4956075758974845	0.0
0.8262040510357951	-0.4956075758974845	0.0
0.8262040510357951	-0.4956075758974845	0.0
0.8262040510357951	-0.4956075758974845	0.0
0.8262040510357951	-0.4956075758974845	0.0
0.8262040510357951	-0.4956075758974845	0.0
0.6521435661075995	-0.4571839518441987	0.0
0.6521435661075995	-0.4571839518441987	0.0
0.6521435661075995	-0.4571839518441987	0.0
0.6521435661075995	-0.4571839518441987	0.0
0.6521435661075995	-0.4571839518441987	0.0
0.6521435661075995	-0.4571839518441987	0.0
0.6521435661075995	-0.4571839518441987	0.0
0.6521435661075995	-0.4571839518441987	0.0
0.6521435661075995	-0.4571839518441987	0.0
0.6521435661075995	-0.4570389280052754	0.0
0.6478974784215228	-0.45001639109356556	0.0
0.6478974784215228	-0.45001639109356556	0.0
0.6467435205974854	-0.43779438965329703	0.0
0.6467435205974854	-0.43288283194826466	0.0
0.6467435205974854	-0.43288283194826466	0.0
0.6429040468620724	-0.41910826141507856	0.0
0.6429040468620724	-0.41910826141507856	0.0
0.6429040468620724	-0.40252247780040157	0.0
0.6401455351517669	-0.3943126717852234	0.0
0.6401455351517669	-0.39021988477076097	0.0
0.6401455351517669	-0.38541764675162854	0.0
0.6392257516084529	-0.3731532156717796	0.0
0.637990580603058	-0.36395084632658026	0.0
0.6371005092503015	-0.3625088441243211	0.0
0.6368930132385728	-0.3522924633161217	0.0
0.6368930132385728	-0.3522924633161217	0.0
0.6368930132385728	-0.3522924633161217	0.0
0.6334109266210464	-0.32529060144316374	0.0
0.6334109266210464	-0.32529060144316374	0.0
0.6334109266210464	-0.32529060144316374	0.0
0.6315939342856894	-0.30080208491425936	0.0
0.6315939342856894	-0.30080208491425936	0.0
0.6297992617546545	-0.2853263130857484	0.0
0.6293393699829974	-0.2714637268693771	0.0
0.6293393699829974	-0.26268554486088114	0.0
0.6293393699829974	-0.2650256314240986	0.0
0.6260543361138073	-0.2399260062330466	0.0
0.6260543361138073	-0.2353427546741354	0.0
0.6260543361138073	-0.22660139132830423	0.0
0.6251345525704932	-0.21178899967537662	0.0
0.6242147690271792	-0.1992397707113952	0.0
0.6242147690271792	-0.1992397707113952	0.0
0.6242147690271792	-0.1992397707113952	0.0
0.6215249643550425	-0.16925893265311906	0.0
0.6215249643550425	-0.16925893265311906	0.0
0.6215249643550425	-0.16925893265311906	0.0
0.6215249643550425	-0.16925893265311906	0.0
0.4539226449536664	-0.12271718412710897	0.0
0.4539226449536664	-0.12271718412710897	0.0
0.4539226449536664	-0.12271718412710897	0.0
0.4539226449536664	-0.12271718412710897	0.0
0.4539226449536664	-0.12271718412710897	0.0
0.4539226449536664	-0.12271718412710897	0.0
0.4539226449536664	-0.12271718412710897	0.0
0.4539226449536664	-0.12271718412710897	0.0
0.4539226449536664	-0.12271718412710897	0.0
0.4539226449536664	-0.12271718412710897	0.0
0.4539226449536664	-0.12271718412710897	0.0
0.4539226449536664	-0.12271718412710897	0.0
0.4539226449536664	-0.12271718412710897	0.0
0.4539226449536664	-0.12271718412710897	0.0
0.4539226449536664	-0.12271718412710897	0.0
0.4539226449536664	-0.12271718412710897	0.0
0.4486122015492423	-0.11663125858135182	0.0
0.4471431920974682	-0.10846644207854189	0.0
0.4471431920974682	-0.10846644207854189	0.0
0.44294979933449896	-0.08631246404537234	0.0
0.43905231574302095	-0.07379776068675409	0.0
0.4379913147403941	-0.06704850519381045	0.0
0.4379913147403941	-0.05853467519008997	0.0
0.4379913147403941	-0.04856602353119234	0.0
0.43381764390921285	-0.027573083996972843	0.0
0.4327040392782494	-0.011562663674393018	0.0
0.43064251687121546	0.0012243264920145493	0.0
0.43064251687121546	0.0012243264920145493	0.0
0.42987362879581115	0.01993752436311066	0.0
0.42987362879581115	0.039615043079968514	0.0
0.4258604268200246	0.061863630131831576	0.0
0.4230929872915169	0.07418749996020461	0.0
0.4230929872915169	0.09460947776220915	0.0
0.4219837198118105	0.10894343801996344	0.0
0.41961220396589277	0.11418465371167219	0.0
0.41961220396589277	0.11418465371167219	0.0
0.41664399029604876	0.16198056039665215	0.0
0.4140052248459941	0.18399693729612154	0.0
0.4140052248459941	0.19074788146088717	0.0
0.41180182169532337	0.21212900091743392	0.0
0.41180182169532337	0.23947730234691178	0.0
0.26160264116783516	0.2443248837386729	0.0
0.26160264116783516	0.2443248837386729	0.0
0.26160264116783516	0.2443248837386729	0.0
0.26160264116783516	0.2443248837386729	0.0
0.26160264116783516	0.2443248837386729	0.0
0.26160264116783516	0.2443248837386729	0.0
0.26160264116783516	0.2443248837386729	0.0
0.26160264116783516	0.2443248837386729	0.0
0.26160264116783516	0.2443248837386729	0.0
0.26160264116783516	0.2443248837386729	0.0
0.26160264116783516	0.2443248837386729	0.0
0.26160264116783516	0.2443248837386729	0.0
0.26160264116783516	0.2443248837386729	0.0
0.26160264116783516	0.2443248837386729	0.0
0.26160264116783516	0.2443248837386729	0.0
0.26160264116783516	0.2443248837386729	0.0
0.25191830396638437	0.24957125235776323	0.0
0.25191830396638437	0.24957125235776323	0.0
0.24951005065641538	0.26319728386780866	0.0
0.24296251174701897	0.27538309662742844	0.0
0.23906552983489063	0.2895872505862901	0.0
0.2342874734740839	0.31160515782137815	0.0
0.23263260684051856	0.3222631613910578	0.0
0.228987182576125	0.35866147882138877	0.0
0.22500029933073412	0.37473357678970853	0.0
0.22121790853810716	0.4014259291337614	0.0
0.21884568722686037	0.435797393792907	0.0
0.21573425106004887	0.44678330695028423	0.0
0.2109898084375553	0.4758834247764981	0.0
0.20682180567046202	0.5100502909564387	0.0
0.2036523134779189	0.5284924806894628	0.0
0.19637453319533377	0.5922160307758085	0.0
0.19637453319533377	0.5922160307758085	0.0
0.19134308927017138	0.6221412731601816	0.0
0.09173841452642763	0.6746588028729515	0.0
0.09173841452642763	0.6746588028729515	0.0
0.09173841452642763	0.6746588028729515	0.0
0.09173841452642763	0.6746588028729515	0.0
0.09173841452642763	0.6746588028729515	0.0
0.09173841452642763	0.6746588028729515	0.0
0.09173841452642763	0.6746588028729515	0.0
0.09173841452642763	0.6746588028729515	0.0
0.09173841452642763	0.6746588028729515	0.0
0.09173841452642763	0.6746588028729515	0.0
0.09173841452642763	0.6746588028729515	0.0
0.09173841452642763	0.6747666400020426	0.0
0.07437889699916732	0.6747705196407987	0.0
0.07437889699916732	0.6747705196407987	0.0
0.06596974298875438	0.7128321770146543	0.0
0.051853234983740615	0.7258716420806672	0.0
0.051853234983740615	0.7258716420806672	0.0
0.04676315198266119	0.751140862240584	0.0
0.03879152563135653	0.7712210450585049	0.0
0.031192584146642846	0.8391693826917643	0.0
0.005939768253994823	0.9230587719404609	0.0
0.005939768253994823	0.9230587719404609	0.0
0.005939768253994823	0.9230587719404609	0.0
0.0	1.0460937391069185	0.0
