0.8469890864190182	-0.7319866852822035	0.0
0.8469890864190182	-0.7319866852822035	0.0
0.849836152959259	-0.7424687177670887	0.0
0.8490471293878363	-0.7298044500815329	0.0
0.8469890864190182	-0.727006462706434	0.0
0.8469890864190182	-0.727006462706434	0.0
0.8463261736791957	-0.716316640736806	0.0
0.844179496883581	-0.712018052011005	0.0
0.844179496883581	-0.712018052011005	0.0
0.844179496883581	-0.712018052011005	0.0
0.844179496883581	-0.712018052011005	0.0
0.844179496883581	-0.712018052011005	0.0
0.844179496883581	-0.712018052011005	0.0
0.8432546112003102	-0.6850135220553889	0.0
0.8432546112003102	-0.6850135220553889	0.0
0.8407716692537079	-0.6760914416002998	0.0
0.840093804097578	-0.6704835662153423	0.0
0.8398415824343775	-0.6668479021293321	0.0
0.8398415824343775	-0.6668479021293321	0.0
0.838911495615047	-0.6553432610065735	0.0
0.838911495615047	-0.6553432610065735	0.0
0.8387679786179331	-0.6475617837461787	0.0
0.8387679786179331	-0.6475617837461787	0.0
0.8362598446557572	-0.6362705563886768	0.0
0.8387679786179331	-0.6475617837461787	0.0
0.8362598446557572	-0.6244076184168607	0.0
0.8362598446557572	-0.6244076184168607	0.0
0.8362598446557572	-0.6244076184168607	0.0
0.8362598446557572	-0.6244076184168607	0.0
0.8362598446557572	-0.6244076184168607	0.0
0.8335199682289129	-0.5970072850332795	0.0
0.8335199682289129	-0.5970072850332795	0.0
0.8335199682289129	-0.5970072850332795	0.0
0.8335199682289129	-0.5970072850332795	0.0
0.8325394973784351	-0.5765770901004965	0.0
0.8325394973784351	-0.5705208152379265	0.0
0.8325394973784351	-0.5705208152379265	0.0
0.8316701968623715	-0.5557737254757739	0.0
0.8316701968623715	-0.5557737254757739	0.0
0.8316701968623715	-0.5557737254757739	0.0
0.830878592645516	-0.5355925866528498	0.0
0.8303649601645251	-0.5324407102784687	0.0
0.8288191501011131	-0.5227019580702118	0.0
0.8288191501011131	-0.5227019580702118	0.0
0.8288191501011131	-0.5227019580702118	0.0
0.8288191501011131	-0.5227019580702118	0.0
0.8283652158683944	-0.49919412252130707	0.0
0.827742270790079	-0.4910624993054354	0.0
0.827742270790079	-0.4910624993054354	0.0
0.8274184774575732	-0.47641131199480363	0.0
0.8270946841250675	-0.47003693149761105	0.0
0.8270946841250675	-0.47003693149761105	0.0
0.8270946841250675	-0.47003693149761105	0.0
0.8270946841250675	-0.47003693149761105	0.0
0.8270946841250675	-0.47003693149761105	0.0
0.6491459615244921	-0.43349673638208847	0.0
0.6491459615244921	-0.43349673638208847	0.0
0.6491459615244921	-0.43349673638208847	0.0
0.6491459615244921	-0.43349673638208847	0.0
0.6491459615244921	-0.43349673638208847	0.0
0.6491459615244921	-0.43349673638208847	0.0
0.6491459615244921	-0.43349673638208847	0.0
0.6491459615244921	-0.43349673638208847	0.0
0.6491459615244921	-0.43349673638208847	0.0
0.6491459615244921	-0.43349673638208847	0.0
0.6491459615244921	-0.43349673638208847	0.0
0.6491459615244921	-0.43349673638208847	0.0
0.6491459615244921	-0.43349673638208847	0.0
0.646615402730981	-0.41084724280471613	0.0
0.6419630473523534	-0.40347696928824206	0.0
0.6419630473523534	-0.39477946343176407	0.0
0.6419630473523534	-0.39477946343176407	0.0
0.6419630473523534	-0.39477946343176407	0.0
0.6419630473523534	-0.39477946343176407	0.0
0.6376687651538889	-0.3664315710246933	0.0
0.6376687651538889	-0.35974071910392663	0.0
0.6376687651538889	-0.35974071910392663	0.0
0.6376687651538889	-0.34495287073458036	0.0
0.6350784184938425	-0.33628828333597666	0.0
0.6350784184938425	-0.33628828333597666	0.0
0.6341813137745066	-0.3195623344910811	0.0
0.6341813137745066	-0.3091986834720679	0.0
0.6341813137745066	-0.3091986834720679	0.0
0.631347034204284	-0.2890355377862574	0.0
0.631347034204284	-0.2821062096272373	0.0
0.631347034204284	-0.2821062096272373	0.0
0.631347034204284	-0.2821062096272373	0.0
0.631347034204284	-0.2821062096272373	0.0
0.62908020075696	-0.24853264171339842	0.0
0.62908020075696	-0.24853264171339842	0.0
0.6263285609097017	-0.2276753681532252	0.0
0.6263285609097017	-0.22630704034370056	0.0
0.6263285609097017	-0.22630704034370056	0.0
0.6258173249440311	-0.19729183986592946	0.0
0.6258173249440311	-0.19729183986592946	0.0
0.6258173249440311	-0.19729183986592946	0.0
0.6222993418668378	-0.160258506434288	0.0
0.6222993418668378	-0.160258506434288	0.0
0.621130236009693	-0.13910156005711333	0.0
0.621130236009693	-0.13910156005711333	0.0
0.621130236009693	-0.13910156005711333	0.0
0.4569665766624378	-0.11058918463643096	0.0
0.4569665766624378	-0.11058918463643096	0.0
0.4546283649481482	-0.11092936839252221	0.0
0.4546283649481482	-0.11092936839252221	0.0
0.4546283649481482	-0.11092936839252221	0.0
0.4546283649481482	-0.11092936839252221	0.0
0.4546283649481482	-0.11092936839252221	0.0
0.4546283649481482	-0.11092936839252221	0.0
0.4546283649481482	-0.11092936839252221	0.0
0.4546283649481482	-0.11092936839252221	0.0
0.4546283649481482	-0.11092936839252221	0.0
0.4546283649481482	-0.11221640102758015	0.0
0.4546283649481482	-0.11221640102758015	0.0
0.4546283649481482	-0.11221640102758015	0.0
0.4546283649481482	-0.11221640102758015	0.0
0.4546283649481482	-0.11092936839252221	0.0
0.4508259676933319	-0.10282973278391276	0.0
0.44770014704259087	-0.0923789557504572	0.0
0.44413352383129223	-0.08817044208833093	0.0
0.44413352383129223	-0.07049089079265947	0.0
0.4426159636848166	-0.057431245209834676	0.0
0.4426159636848166	-0.053112805637426326	0.0
0.4387386537655897	-0.03563784662265815	0.0
0.4387386537655897	-0.03563784662265815	0.0
0.43193317994431724	-0.004068014314996398	0.0
0.43193317994431724	-0.004068014314996398	0.0
0.43103992118132034	0.017965897280645828	0.0
0.43092521677648116	0.032489882046681504	0.0
0.4276571162267913	0.042408817069993554	0.0
0.4276571162267913	0.05196748373200336	0.0
0.4239197057881127	0.07989348241761789	0.0
0.4239197057881127	0.08471899566196252	0.0
0.4239197057881127	0.08471899566196252	0.0
0.4217569239338252	0.12287568018641122	0.0
0.4217569239338252	0.13694216277462087	0.0
0.4217569239338252	0.13694216277462087	0.0
0.4175627755256266	0.17074770675900025	0.0
0.41371343666331883	0.19842540497914607	0.0
0.41371343666331883	0.19842540497914607	0.0
0.4110265744262469	0.23689213273073445	0.0
0.26326556984805577	0.2548287315366905	0.0
0.26326556984805577	0.2548287315366905	0.0
0.26326556984805577	0.2548287315366905	0.0
0.26326556984805577	0.2548287315366905	0.0
0.26326556984805577	0.2548287315366905	0.0
0.26326556984805577	0.2548287315366905	0.0
0.26326556984805577	0.2548287315366905	0.0
0.26326556984805577	0.2548287315366905	0.0
0.26326556984805577	0.2548287315366905	0.0
0.26326556984805577	0.2548287315366905	0.0
0.26326556984805577	0.2548287315366905	0.0
0.26326556984805577	0.2548287315366905	0.0
0.26326556984805577	0.2548287315366905	0.0
0.26326556984805577	0.2548287315366905	0.0
0.26326556984805577	0.2548287315366905	0.0
0.26326556984805577	0.2548287315366905	0.0
0.26326556984805577	0.2548287315366905	0.0
0.2500331594884165	0.2614531663330119	0.0
0.2500331594884165	0.2614531663330119	0.0
0.2460902457992274	0.27239939506966737	0.0
0.24304057855810793	0.3003358800743559	0.0
0.23978901786339488	0.31084647797634996	0.0
0.23449652270300197	0.3362921976527637	0.0
0.23449652270300197	0.3362921976527637	0.0
0.22740669411714454	0.37164262093828787	0.0
0.22404836325177746	0.4002653668440246	0.0
0.21889437946887558	0.41650367143418204	0.0
0.21734309725229237	0.44662320617550727	0.0
0.21562212767015515	0.46952885938453676	0.0
0.20959168332508055	0.49627946728920996	0.0
0.20696025154156555	0.5165190013219484	0.0
0.20696025154156555	0.5267539684315125	0.0
0.19436546607789723	0.5953364372261845	0.0
0.19436546607789723	0.5953364372261845	0.0
0.08343275326013765	0.6716767826471449	0.0
0.08343275326013765	0.6716767826471449	0.0
0.08343275326013765	0.6716767826471449	0.0
0.08343275326013765	0.6716767826471449	0.0
0.08343275326013765	0.6716767826471449	0.0
0.08343275326013765	0.6716767826471449	0.0
0.08343275326013765	0.6716767826471449	0.0
0.08343275326013765	0.6716767826471449	0.0
0.08343275326013765	0.6716767826471449	0.0
0.08343275326013765	0.6716767826471449	0.0
0.08343275326013765	0.6716767826471449	0.0
0.08343275326013765	0.6716767826471449	0.0
0.08343275326013765	0.6716767826471449	0.0
0.08343275326013765	0.6748740382115543	0.0
0.06993623906847508	0.6986823985407243	0.0
0.06386721767109191	0.7146631689226101	0.0
0.05893270356708108	0.7174432183291782	0.0
0.05324130510165194	0.7388894738373537	0.0
0.042363453732485234	0.76840377757833	0.0
0.03877518917609845	0.7970983899229781	0.0
0.029773777410299962	0.826161735950372	0.0
0.020053675248255326	0.8744198580184589	0.0
0.007604322465732685	0.9131588264586722	0.0
0.007604322465732685	0.9131588264586722	0.0
0.0	1.0359712260101384	0.0
